#
# There is insufficient memory for the Java Runtime Environment to continue.
# Native memory allocation (malloc) failed to allocate 198336 bytes for Chunk::new
# Possible reasons:
#   The system is out of physical RAM or swap space
#   In 32 bit mode, the process size limit was hit
# Possible solutions:
#   Reduce memory load on the system
#   Increase physical memory or swap space
#   Check if swap backing store is full
#   Use 64 bit Java on a 64 bit OS
#   Decrease Java heap size (-Xmx/-Xms)
#   Decrease number of Java threads
#   Decrease Java thread stack sizes (-Xss)
#   Set larger code cache with -XX:ReservedCodeCacheSize=
# This output file may be truncated or incomplete.
#
#  Out of Memory Error (allocation.cpp:390), pid=1256, tid=0x0000000000001418
#
# JRE version: OpenJDK Runtime Environment (8.0_76-b03) (build 1.8.0_76-release-b03)
# Java VM: OpenJDK 64-Bit Server VM (25.76-b03 mixed mode windows-amd64 compressed oops)
# Failed to write core dump. Minidumps are not enabled by default on client versions of Windows
#

---------------  T H R E A D  ---------------

Current thread (0x00000000147f4000):  JavaThread "C2 CompilerThread1" daemon [_thread_in_native, id=5144, stack(0x0000000015ee0000,0x0000000015fe0000)]

Stack: [0x0000000015ee0000,0x0000000015fe0000]
[error occurred during error reporting (printing stack bounds), id 0xc0000005]

Native frames: (J=compiled Java code, j=interpreted, Vv=VM code, C=native code)


Current CompileTask:
C2:  34944 2166       4       com.android.dx.dex.file.DexFile::findItemOrNull (66 bytes)


---------------  P R O C E S S  ---------------

Java Threads: ( => current thread )
  0x000000001621e000 JavaThread "pool-1-thread-1" [_thread_in_Java, id=5428, stack(0x00000000166e0000,0x00000000167e0000)]
  0x00000000160ed800 JavaThread "Service Thread" daemon [_thread_blocked, id=5860, stack(0x00000000164e0000,0x00000000165e0000)]
  0x00000000147fa800 JavaThread "C1 CompilerThread2" daemon [_thread_blocked, id=5560, stack(0x0000000015fe0000,0x00000000160e0000)]
=>0x00000000147f4000 JavaThread "C2 CompilerThread1" daemon [_thread_in_native, id=5144, stack(0x0000000015ee0000,0x0000000015fe0000)]
  0x000000001479a800 JavaThread "C2 CompilerThread0" daemon [_thread_in_native, id=3148, stack(0x0000000015de0000,0x0000000015ee0000)]
  0x0000000014799000 JavaThread "Attach Listener" daemon [_thread_blocked, id=2904, stack(0x0000000015ce0000,0x0000000015de0000)]
  0x0000000014798000 JavaThread "Signal Dispatcher" daemon [_thread_blocked, id=3092, stack(0x0000000015be0000,0x0000000015ce0000)]
  0x0000000014788000 JavaThread "Finalizer" daemon [_thread_blocked, id=5092, stack(0x0000000015a00000,0x0000000015b00000)]
  0x00000000020bf000 JavaThread "Reference Handler" daemon [_thread_blocked, id=3900, stack(0x0000000015900000,0x0000000015a00000)]
  0x0000000001fd0800 JavaThread "main" [_thread_blocked, id=4920, stack(0x0000000001ed0000,0x0000000001fd0000)]

Other Threads:
  0x0000000014765800 VMThread [stack: 0x0000000015800000,0x0000000015900000] [id=2816]
  0x00000000160e1800 WatcherThread [stack: 0x00000000165e0000,0x00000000166e0000] [id=5792]

VM state:not at safepoint (normal execution)

VM Mutex/Monitor currently owned by a thread: None

Heap:
 PSYoungGen      total 73728K, used 19221K [0x00000000eab00000, 0x00000000f4700000, 0x0000000100000000)
  eden space 65024K, 16% used [0x00000000eab00000,0x00000000eb54c918,0x00000000eea80000)
  from space 8704K, 99% used [0x00000000eea80000,0x00000000ef2f8d28,0x00000000ef300000)
  to   space 14848K, 0% used [0x00000000f3880000,0x00000000f3880000,0x00000000f4700000)
 ParOldGen       total 44032K, used 24310K [0x00000000c0000000, 0x00000000c2b00000, 0x00000000eab00000)
  object space 44032K, 55% used [0x00000000c0000000,0x00000000c17bdbb0,0x00000000c2b00000)
 Metaspace       used 6585K, capacity 7350K, committed 7552K, reserved 1056768K
  class space    used 606K, capacity 622K, committed 640K, reserved 1048576K

Card table byte_map: [0x0000000011490000,0x00000000116a0000] byte_map_base: 0x0000000010e90000

Marking Bits: (ParMarkBitMap*) 0x0000000050ed9d00
 Begin Bits: [0x0000000011c00000, 0x0000000012c00000)
 End Bits:   [0x0000000012c00000, 0x0000000013c00000)

Polling page: 0x0000000001d80000

CodeCache: size=245760Kb used=8144Kb max_used=8144Kb free=237615Kb
 bounds [0x00000000020d0000, 0x00000000028d0000, 0x00000000110d0000]
 total_blobs=2325 nmethods=2057 adapters=181
 compilation: enabled

Compilation events (10 events):
Event: 34.903 Thread 0x00000000147fa800 nmethod 2159 0x00000000028c7690 code [0x00000000028c78e0, 0x00000000028c8ea8]
Event: 34.903 Thread 0x00000000147fa800 2163       3       com.android.dx.dex.code.OutputFinisher::finishProcessingAndGetList (74 bytes)
Event: 34.905 Thread 0x00000000147fa800 nmethod 2163 0x00000000028c93d0 code [0x00000000028c95c0, 0x00000000028c9b18]
Event: 34.905 Thread 0x00000000147fa800 2162       3       com.android.dx.dex.code.form.Form31c::isCompatible (133 bytes)
Event: 34.908 Thread 0x00000000147fa800 nmethod 2162 0x00000000028c9d90 code [0x00000000028c9fc0, 0x00000000028cb408]
Event: 34.908 Thread 0x00000000147fa800 2164       3       com.android.dx.dex.file.OffsettedItem::setWriteSize (37 bytes)
Event: 34.909 Thread 0x00000000147fa800 nmethod 2164 0x00000000028cb850 code [0x00000000028cb9e0, 0x00000000028cbd38]
Event: 34.909 Thread 0x00000000147fa800 2165       3       com.android.dx.dex.code.InsnFormat::signedFitsInByte (12 bytes)
Event: 34.909 Thread 0x00000000147fa800 nmethod 2165 0x00000000028c4990 code [0x00000000028c4ae0, 0x00000000028c4c70]
Event: 34.911 Thread 0x00000000147f4000 2166       4       com.android.dx.dex.file.DexFile::findItemOrNull (66 bytes)

GC Heap History (10 events):
Event: 19.336 GC heap before
{Heap before GC invocations=3 (full 0):
 PSYoungGen      total 18944K, used 18927K [0x00000000eab00000, 0x00000000ed000000, 0x0000000100000000)
  eden space 16384K, 100% used [0x00000000eab00000,0x00000000ebb00000,0x00000000ebb00000)
  from space 2560K, 99% used [0x00000000ebd80000,0x00000000ebffbd38,0x00000000ec000000)
  to   space 2560K, 0% used [0x00000000ebb00000,0x00000000ebb00000,0x00000000ebd80000)
 ParOldGen       total 44032K, used 3869K [0x00000000c0000000, 0x00000000c2b00000, 0x00000000eab00000)
  object space 44032K, 8% used [0x00000000c0000000,0x00000000c03c7508,0x00000000c2b00000)
 Metaspace       used 6040K, capacity 7024K, committed 7296K, reserved 1056768K
  class space    used 569K, capacity 616K, committed 640K, reserved 1048576K
Event: 19.379 GC heap after
Heap after GC invocations=3 (full 0):
 PSYoungGen      total 18944K, used 2551K [0x00000000eab00000, 0x00000000ed000000, 0x0000000100000000)
  eden space 16384K, 0% used [0x00000000eab00000,0x00000000eab00000,0x00000000ebb00000)
  from space 2560K, 99% used [0x00000000ebb00000,0x00000000ebd7df10,0x00000000ebd80000)
  to   space 2560K, 0% used [0x00000000ecd80000,0x00000000ecd80000,0x00000000ed000000)
 ParOldGen       total 44032K, used 6710K [0x00000000c0000000, 0x00000000c2b00000, 0x00000000eab00000)
  object space 44032K, 15% used [0x00000000c0000000,0x00000000c068d878,0x00000000c2b00000)
 Metaspace       used 6040K, capacity 7024K, committed 7296K, reserved 1056768K
  class space    used 569K, capacity 616K, committed 640K, reserved 1048576K
}
Event: 19.870 GC heap before
{Heap before GC invocations=4 (full 0):
 PSYoungGen      total 18944K, used 18935K [0x00000000eab00000, 0x00000000ed000000, 0x0000000100000000)
  eden space 16384K, 100% used [0x00000000eab00000,0x00000000ebb00000,0x00000000ebb00000)
  from space 2560K, 99% used [0x00000000ebb00000,0x00000000ebd7df10,0x00000000ebd80000)
  to   space 2560K, 0% used [0x00000000ecd80000,0x00000000ecd80000,0x00000000ed000000)
 ParOldGen       total 44032K, used 6710K [0x00000000c0000000, 0x00000000c2b00000, 0x00000000eab00000)
  object space 44032K, 15% used [0x00000000c0000000,0x00000000c068d878,0x00000000c2b00000)
 Metaspace       used 6067K, capacity 7024K, committed 7296K, reserved 1056768K
  class space    used 570K, capacity 616K, committed 640K, reserved 1048576K
Event: 19.972 GC heap after
Heap after GC invocations=4 (full 0):
 PSYoungGen      total 35328K, used 2551K [0x00000000eab00000, 0x00000000ed000000, 0x0000000100000000)
  eden space 32768K, 0% used [0x00000000eab00000,0x00000000eab00000,0x00000000ecb00000)
  from space 2560K, 99% used [0x00000000ecd80000,0x00000000ecffdf00,0x00000000ed000000)
  to   space 2560K, 0% used [0x00000000ecb00000,0x00000000ecb00000,0x00000000ecd80000)
 ParOldGen       total 44032K, used 9495K [0x00000000c0000000, 0x00000000c2b00000, 0x00000000eab00000)
  object space 44032K, 21% used [0x00000000c0000000,0x00000000c0945c30,0x00000000c2b00000)
 Metaspace       used 6067K, capacity 7024K, committed 7296K, reserved 1056768K
  class space    used 570K, capacity 616K, committed 640K, reserved 1048576K
}
Event: 20.989 GC heap before
{Heap before GC invocations=5 (full 0):
 PSYoungGen      total 35328K, used 35319K [0x00000000eab00000, 0x00000000ed000000, 0x0000000100000000)
  eden space 32768K, 100% used [0x00000000eab00000,0x00000000ecb00000,0x00000000ecb00000)
  from space 2560K, 99% used [0x00000000ecd80000,0x00000000ecffdf00,0x00000000ed000000)
  to   space 2560K, 0% used [0x00000000ecb00000,0x00000000ecb00000,0x00000000ecd80000)
 ParOldGen       total 44032K, used 9495K [0x00000000c0000000, 0x00000000c2b00000, 0x00000000eab00000)
  object space 44032K, 21% used [0x00000000c0000000,0x00000000c0945c30,0x00000000c2b00000)
 Metaspace       used 6141K, capacity 7088K, committed 7296K, reserved 1056768K
  class space    used 570K, capacity 616K, committed 640K, reserved 1048576K
Event: 21.137 GC heap after
Heap after GC invocations=5 (full 0):
 PSYoungGen      total 35328K, used 2539K [0x00000000eab00000, 0x00000000efb00000, 0x0000000100000000)
  eden space 32768K, 0% used [0x00000000eab00000,0x00000000eab00000,0x00000000ecb00000)
  from space 2560K, 99% used [0x00000000ecb00000,0x00000000ecd7add0,0x00000000ecd80000)
  to   space 8192K, 0% used [0x00000000ef300000,0x00000000ef300000,0x00000000efb00000)
 ParOldGen       total 44032K, used 14734K [0x00000000c0000000, 0x00000000c2b00000, 0x00000000eab00000)
  object space 44032K, 33% used [0x00000000c0000000,0x00000000c0e639e8,0x00000000c2b00000)
 Metaspace       used 6141K, capacity 7088K, committed 7296K, reserved 1056768K
  class space    used 570K, capacity 616K, committed 640K, reserved 1048576K
}
Event: 22.673 GC heap before
{Heap before GC invocations=6 (full 0):
 PSYoungGen      total 35328K, used 35307K [0x00000000eab00000, 0x00000000efb00000, 0x0000000100000000)
  eden space 32768K, 100% used [0x00000000eab00000,0x00000000ecb00000,0x00000000ecb00000)
  from space 2560K, 99% used [0x00000000ecb00000,0x00000000ecd7add0,0x00000000ecd80000)
  to   space 8192K, 0% used [0x00000000ef300000,0x00000000ef300000,0x00000000efb00000)
 ParOldGen       total 44032K, used 14734K [0x00000000c0000000, 0x00000000c2b00000, 0x00000000eab00000)
  object space 44032K, 33% used [0x00000000c0000000,0x00000000c0e639e8,0x00000000c2b00000)
 Metaspace       used 6268K, capacity 7088K, committed 7296K, reserved 1056768K
  class space    used 588K, capacity 616K, committed 640K, reserved 1048576K
Event: 22.835 GC heap after
Heap after GC invocations=6 (full 0):
 PSYoungGen      total 73216K, used 7839K [0x00000000eab00000, 0x00000000efc00000, 0x0000000100000000)
  eden space 65024K, 0% used [0x00000000eab00000,0x00000000eab00000,0x00000000eea80000)
  from space 8192K, 95% used [0x00000000ef300000,0x00000000efaa7ca0,0x00000000efb00000)
  to   space 8704K, 0% used [0x00000000eea80000,0x00000000eea80000,0x00000000ef300000)
 ParOldGen       total 44032K, used 14742K [0x00000000c0000000, 0x00000000c2b00000, 0x00000000eab00000)
  object space 44032K, 33% used [0x00000000c0000000,0x00000000c0e659e8,0x00000000c2b00000)
 Metaspace       used 6268K, capacity 7088K, committed 7296K, reserved 1056768K
  class space    used 588K, capacity 616K, committed 640K, reserved 1048576K
}
Event: 27.596 GC heap before
{Heap before GC invocations=7 (full 0):
 PSYoungGen      total 73216K, used 72863K [0x00000000eab00000, 0x00000000efc00000, 0x0000000100000000)
  eden space 65024K, 100% used [0x00000000eab00000,0x00000000eea80000,0x00000000eea80000)
  from space 8192K, 95% used [0x00000000ef300000,0x00000000efaa7ca0,0x00000000efb00000)
  to   space 8704K, 0% used [0x00000000eea80000,0x00000000eea80000,0x00000000ef300000)
 ParOldGen       total 44032K, used 14742K [0x00000000c0000000, 0x00000000c2b00000, 0x00000000eab00000)
  object space 44032K, 33% used [0x00000000c0000000,0x00000000c0e659e8,0x00000000c2b00000)
 Metaspace       used 6322K, capacity 7152K, committed 7296K, reserved 1056768K
  class space    used 589K, capacity 616K, committed 640K, reserved 1048576K
Event: 28.402 GC heap after
Heap after GC invocations=7 (full 0):
 PSYoungGen      total 73728K, used 8675K [0x00000000eab00000, 0x00000000f4700000, 0x0000000100000000)
  eden space 65024K, 0% used [0x00000000eab00000,0x00000000eab00000,0x00000000eea80000)
  from space 8704K, 99% used [0x00000000eea80000,0x00000000ef2f8d28,0x00000000ef300000)
  to   space 14848K, 0% used [0x00000000f3880000,0x00000000f3880000,0x00000000f4700000)
 ParOldGen       total 44032K, used 24310K [0x00000000c0000000, 0x00000000c2b00000, 0x00000000eab00000)
  object space 44032K, 55% used [0x00000000c0000000,0x00000000c17bdbb0,0x00000000c2b00000)
 Metaspace       used 6322K, capacity 7152K, committed 7296K, reserved 1056768K
  class space    used 589K, capacity 616K, committed 640K, reserved 1048576K
}

Deoptimization events (10 events):
Event: 26.047 Thread 0x00000000162da000 Uncommon trap: reason=class_check action=maybe_recompile pc=0x000000000266836c method=java.util.HashMap.putVal(ILjava/lang/Object;Ljava/lang/Object;ZZ)Ljava/lang/Object; @ 203
Event: 26.047 Thread 0x00000000162da000 Uncommon trap: reason=bimorphic action=maybe_recompile pc=0x000000000262b808 method=java.util.HashMap.getNode(ILjava/lang/Object;)Ljava/util/HashMap$Node; @ 126
Event: 29.521 Thread 0x000000001621e000 Uncommon trap: reason=class_check action=maybe_recompile pc=0x000000000250de88 method=java.util.Arrays.hashCode([Ljava/lang/Object;)I @ 43
Event: 29.522 Thread 0x000000001621e000 Uncommon trap: reason=class_check action=maybe_recompile pc=0x000000000250de88 method=java.util.Arrays.hashCode([Ljava/lang/Object;)I @ 43
Event: 29.522 Thread 0x000000001621e000 Uncommon trap: reason=class_check action=maybe_recompile pc=0x000000000250de88 method=java.util.Arrays.hashCode([Ljava/lang/Object;)I @ 43
Event: 29.522 Thread 0x000000001621e000 Uncommon trap: reason=class_check action=maybe_recompile pc=0x000000000250de88 method=java.util.Arrays.hashCode([Ljava/lang/Object;)I @ 43
Event: 29.524 Thread 0x000000001621e000 Uncommon trap: reason=class_check action=maybe_recompile pc=0x000000000250d8e8 method=java.util.Arrays.hashCode([Ljava/lang/Object;)I @ 43
Event: 29.751 Thread 0x000000001621e000 Uncommon trap: reason=class_check action=maybe_recompile pc=0x000000000266836c method=java.util.HashMap.putVal(ILjava/lang/Object;Ljava/lang/Object;ZZ)Ljava/lang/Object; @ 203
Event: 29.754 Thread 0x000000001621e000 Uncommon trap: reason=class_check action=maybe_recompile pc=0x000000000266836c method=java.util.HashMap.putVal(ILjava/lang/Object;Ljava/lang/Object;ZZ)Ljava/lang/Object; @ 203
Event: 32.778 Thread 0x000000001621e000 Uncommon trap: reason=unstable_if action=reinterpret pc=0x00000000028647e8 method=java.util.TreeMap.put(Ljava/lang/Object;Ljava/lang/Object;)Ljava/lang/Object; @ 163

Internal exceptions (5 events):
Event: 0.638 Thread 0x0000000001fd0800 Exception <a 'java/lang/NoSuchMethodError': Method sun.misc.Unsafe.defineClass(Ljava/lang/String;[BII)Ljava/lang/Class; name or signature does not match> (0x00000000eab07cc0) thrown at [C:\src\android\AOSP-openjdk\external\jetbrains\jdk\hotspot\src\share\vOÄuùRk‰?
Event: 0.638 Thread 0x0000000001fd0800 Exception <a 'java/lang/NoSuchMethodError': Method sun.misc.Unsafe.prefetchRead(Ljava/lang/Object;J)V name or signature does not match> (0x00000000eab07fa8) thrown at [C:\src\android\AOSP-openjdk\external\jetbrains\jdk\hotspot\src\share\vm\prims\jni.cpp, lú·ƒº?H5@
Event: 21.282 Thread 0x0000000001fd0800 Exception <a 'java/lang/ArrayIndexOutOfBoundsException': 18> (0x00000000eab527e8) thrown at [C:\src\android\AOSP-openjdk\external\jetbrains\jdk\hotspot\src\share\vm\interpreter\interpreterRuntime.cpp, line 366]
Event: 21.285 Thread 0x0000000001fd0800 Exception <a 'java/lang/ArrayIndexOutOfBoundsException'> (0x00000000eac13fa0) thrown at [C:\src\android\AOSP-openjdk\external\jetbrains\jdk\hotspot\src\share\vm\runtime\sharedRuntime.cpp, line 605]
Event: 21.341 Thread 0x0000000001fd0800 Exception <a 'java/lang/ArrayIndexOutOfBoundsException'> (0x00000000eac15288) thrown at [C:\src\android\AOSP-openjdk\external\jetbrains\jdk\hotspot\src\share\vm\runtime\sharedRuntime.cpp, line 605]

Events (10 events):
Event: 31.687 loading class com/android/dx/dex/code/CatchHandlerList$Entry done
Event: 31.689 loading class com/android/dx/dex/code/CatchTable$Entry
Event: 31.689 loading class com/android/dx/dex/code/CatchTable$Entry done
Event: 32.188 loading class com/android/dx/util/ByteArrayAnnotatedOutput
Event: 32.188 loading class com/android/dx/util/ByteArrayAnnotatedOutput done
Event: 32.246 loading class com/android/dx/rop/code/RegisterSpecList$Expander
Event: 32.246 loading class com/android/dx/rop/code/RegisterSpecList$Expander done
Event: 32.778 Thread 0x000000001621e000 Uncommon trap: trap_request=0xffffff65 fr.pc=0x00000000028647e8
Event: 32.778 Thread 0x000000001621e000 DEOPT PACKING pc=0x00000000028647e8 sp=0x00000000167de9a0
Event: 32.778 Thread 0x000000001621e000 DEOPT UNPACKING pc=0x000000000211556a sp=0x00000000167de940 mode 2


Dynamic libraries:
0x00007ff647d40000 - 0x00007ff647d71000 	D:\Android\AndroidStudio\jre\bin\java.exe
0x00007ffea56e0000 - 0x00007ffea588d000 	C:\WINDOWS\SYSTEM32\ntdll.dll
0x00007ffea52d0000 - 0x00007ffea540e000 	C:\WINDOWS\system32\KERNEL32.DLL
0x00007ffea28d0000 - 0x00007ffea29e5000 	C:\WINDOWS\system32\KERNELBASE.dll
0x00007ffea3210000 - 0x00007ffea32ba000 	C:\WINDOWS\system32\ADVAPI32.dll
0x00007ffea3030000 - 0x00007ffea31a7000 	C:\WINDOWS\system32\USER32.dll
0x00007ffea05a0000 - 0x00007ffea081a000 	C:\WINDOWS\WinSxS\amd64_microsoft.windows.common-controls_6595b64144ccf1df_6.0.9600.17810_none_6240b9c7ecbd0bda\COMCTL32.dll
0x00007ffea5630000 - 0x00007ffea56da000 	C:\WINDOWS\system32\msvcrt.dll
0x00007ffea31b0000 - 0x00007ffea3209000 	C:\WINDOWS\SYSTEM32\sechost.dll
0x00007ffea2e20000 - 0x00007ffea2f60000 	C:\WINDOWS\system32\RPCRT4.dll
0x00007ffea4f60000 - 0x00007ffea50af000 	C:\WINDOWS\system32\GDI32.dll
0x00007ffea2ce0000 - 0x00007ffea2d0e000 	C:\WINDOWS\system32\SspiCli.dll
0x00007ffea3390000 - 0x00007ffea33c6000 	C:\WINDOWS\system32\IMM32.DLL
0x00007ffea33d0000 - 0x00007ffea3522000 	C:\WINDOWS\system32\MSCTF.dll
0x0000000050530000 - 0x0000000050602000 	D:\Android\AndroidStudio\jre\jre\bin\msvcr100.dll
0x0000000050720000 - 0x0000000050f54000 	D:\Android\AndroidStudio\jre\jre\bin\server\jvm.dll
0x00007ffe98c80000 - 0x00007ffe98c89000 	C:\WINDOWS\SYSTEM32\WSOCK32.dll
0x00007ffe92e90000 - 0x00007ffe92eb2000 	C:\WINDOWS\SYSTEM32\WINMM.dll
0x00007ffe9b960000 - 0x00007ffe9b96a000 	C:\WINDOWS\SYSTEM32\VERSION.dll
0x00007ffea3770000 - 0x00007ffea3777000 	C:\WINDOWS\system32\PSAPI.DLL
0x00007ffea3530000 - 0x00007ffea358a000 	C:\WINDOWS\system32\WS2_32.dll
0x00007ffe92df0000 - 0x00007ffe92e1a000 	C:\WINDOWS\SYSTEM32\WINMMBASE.dll
0x00007ffea3590000 - 0x00007ffea3599000 	C:\WINDOWS\system32\NSI.dll
0x00007ffea2d10000 - 0x00007ffea2d5f000 	C:\WINDOWS\SYSTEM32\cfgmgr32.dll
0x00007ffea1630000 - 0x00007ffea1658000 	C:\WINDOWS\SYSTEM32\DEVOBJ.dll
0x00007ffe9ec20000 - 0x00007ffe9ec2f000 	D:\Android\AndroidStudio\jre\jre\bin\verify.dll
0x00007ffe8d680000 - 0x00007ffe8d6a9000 	D:\Android\AndroidStudio\jre\jre\bin\java.dll
0x00007ffe94de0000 - 0x00007ffe94df6000 	D:\Android\AndroidStudio\jre\jre\bin\zip.dll
0x00007ffea3a30000 - 0x00007ffea4f58000 	C:\WINDOWS\system32\SHELL32.dll
0x00007ffea50b0000 - 0x00007ffea52c1000 	C:\WINDOWS\SYSTEM32\combase.dll
0x00007ffea2f60000 - 0x00007ffea2fb4000 	C:\WINDOWS\system32\SHLWAPI.dll
0x00007ffea0eb0000 - 0x00007ffea0f62000 	C:\WINDOWS\SYSTEM32\SHCORE.dll
0x00007ffea2800000 - 0x00007ffea2815000 	C:\WINDOWS\SYSTEM32\profapi.dll

VM Arguments:
jvm_args: -Djava.awt.headless=true -Xmx1024M -Dfile.encoding=windows-1252 -Duser.country=US -Duser.language=en -Duser.variant 
java_command: com.android.dx.command.Main --dex --force-jumbo --num-threads=4 --multi-dex --output D:\Mozilla Downloads\and-nd-firebase-1.00-starting-point\app\build\intermediates\transforms\dex\debug\folders\1000\10\com.google.firebase-firebase-database-10.0.1_f09b485cc4dfd28ba1ff93e103eecdfa9f6c7db7 D:\Mozilla Downloads\and-nd-firebase-1.00-starting-point\app\build\intermediates\exploded-aar\com.google.firebase\firebase-database\10.0.1\jars\classes.jar
java_class_path (initial): D:\Android\sdk\build-tools\24.0.1\lib\dx.jar
Launcher Type: SUN_STANDARD

Environment Variables:
PATH=C:\ProgramData\Oracle\Java\javapath;C:\Program Files (x86)\Intel\iCLS Client\;C:\Program Files\Intel\iCLS Client\;C:\WINDOWS\system32;C:\WINDOWS;C:\WINDOWS\System32\Wbem;C:\WINDOWS\System32\WindowsPowerShell\v1.0\;C:\Program Files\Intel\Intel(R) Management Engine Components\DAL;C:\Program Files (x86)\Intel\Intel(R) Management Engine Components\DAL;C:\Program Files\Intel\Intel(R) Management Engine Components\IPT;C:\Program Files (x86)\Intel\Intel(R) Management Engine Components\IPT;C:\Program Files (x86)\Skype\Phone\
USERNAME=Hamid-PC
OS=Windows_NT
PROCESSOR_IDENTIFIER=Intel64 Family 6 Model 61 Stepping 4, GenuineIntel



---------------  S Y S T E M  ---------------

OS: Windows 8.1 , 64 bit Build 9600 (6.3.9600.17415)

CPU:total 4 (2 cores per cpu, 2 threads per core) family 6 model 61 stepping 4, cmov, cx8, fxsr, mmx, sse, sse2, sse3, ssse3, sse4.1, sse4.2, popcnt, avx, avx2, aes, clmul, erms, 3dnowpref, lzcnt, ht, tsc, tscinvbit, bmi1, bmi2, adx

Memory: 4k page, physical 4107980k(176172k free), swap 6650136k(4948k free)

vm_info: OpenJDK 64-Bit Server VM (25.76-b03) for windows-amd64 JRE (1.8.0_76-release-b03), built on Jun 29 2016 19:09:20 by "ralucas" with MS VC++ 10.0 (VS2010)

time: Thu Dec 15 23:35:39 2016
elapsed time: 34 seconds (0d 0h 0m 34s)

