#
# There is insufficient memory for the Java Runtime Environment to continue.
# Native memory allocation (malloc) failed to allocate 32784 bytes for Chunk::new
# Possible reasons:
#   The system is out of physical RAM or swap space
#   In 32 bit mode, the process size limit was hit
# Possible solutions:
#   Reduce memory load on the system
#   Increase physical memory or swap space
#   Check if swap backing store is full
#   Use 64 bit Java on a 64 bit OS
#   Decrease Java heap size (-Xmx/-Xms)
#   Decrease number of Java threads
#   Decrease Java thread stack sizes (-Xss)
#   Set larger code cache with -XX:ReservedCodeCacheSize=
# This output file may be truncated or incomplete.
#
#  Out of Memory Error (allocation.cpp:390), pid=5476, tid=0x00000000000004c8
#
# JRE version: OpenJDK Runtime Environment (8.0_76-b03) (build 1.8.0_76-release-b03)
# Java VM: OpenJDK 64-Bit Server VM (25.76-b03 mixed mode windows-amd64 compressed oops)
# Failed to write core dump. Minidumps are not enabled by default on client versions of Windows
#

---------------  T H R E A D  ---------------

Current thread (0x0000000015074800):  JavaThread "C2 CompilerThread1" daemon [_thread_in_native, id=1224, stack(0x0000000016770000,0x0000000016870000)]

Stack: [0x0000000016770000,0x0000000016870000]
[error occurred during error reporting (printing stack bounds), id 0xc0000005]

Native frames: (J=compiled Java code, j=interpreted, Vv=VM code, C=native code)


Current CompileTask:
C2:   4461  992       4       com.android.dx.ssa.SsaMethod::deleteInsns (239 bytes)


---------------  P R O C E S S  ---------------

Java Threads: ( => current thread )
  0x0000000016bd4000 JavaThread "pool-2-thread-4" [_thread_in_Java, id=828, stack(0x0000000017370000,0x0000000017470000)]
  0x0000000016bd3800 JavaThread "pool-2-thread-3" [_thread_in_vm, id=3220, stack(0x0000000017270000,0x0000000017370000)]
  0x0000000016bd2800 JavaThread "pool-2-thread-2" [_thread_in_Java, id=4988, stack(0x0000000017170000,0x0000000017270000)]
  0x0000000016bc9000 JavaThread "pool-3-thread-1" [_thread_blocked, id=5412, stack(0x0000000017070000,0x0000000017170000)]
  0x0000000016bc8000 JavaThread "pool-2-thread-1" [_thread_in_Java, id=5696, stack(0x0000000016f70000,0x0000000017070000)]
  0x000000001507e800 JavaThread "Service Thread" daemon [_thread_blocked, id=5640, stack(0x0000000016d70000,0x0000000016e70000)]
  0x000000001507a800 JavaThread "C1 CompilerThread2" daemon [_thread_in_native, id=1476, stack(0x0000000016870000,0x0000000016970000)]
=>0x0000000015074800 JavaThread "C2 CompilerThread1" daemon [_thread_in_native, id=1224, stack(0x0000000016770000,0x0000000016870000)]
  0x000000001501a800 JavaThread "C2 CompilerThread0" daemon [_thread_in_native, id=4692, stack(0x0000000016670000,0x0000000016770000)]
  0x0000000015019000 JavaThread "Attach Listener" daemon [_thread_blocked, id=5064, stack(0x0000000016570000,0x0000000016670000)]
  0x0000000015018000 JavaThread "Signal Dispatcher" daemon [_thread_blocked, id=2428, stack(0x0000000016470000,0x0000000016570000)]
  0x0000000015008000 JavaThread "Finalizer" daemon [_thread_blocked, id=2532, stack(0x0000000016280000,0x0000000016380000)]
  0x000000000291f000 JavaThread "Reference Handler" daemon [_thread_blocked, id=2504, stack(0x0000000016180000,0x0000000016280000)]
  0x0000000002830800 JavaThread "main" [_thread_in_vm, id=2240, stack(0x0000000002700000,0x0000000002800000)]

Other Threads:
  0x0000000014fe5800 VMThread [stack: 0x0000000016080000,0x0000000016180000] [id=3168]
  0x000000001697c000 WatcherThread [stack: 0x0000000016e70000,0x0000000016f70000] [id=2068]

VM state:not at safepoint (normal execution)

VM Mutex/Monitor currently owned by a thread: None

Heap:
 PSYoungGen      total 18944K, used 7834K [0x00000000eab00000, 0x00000000ec000000, 0x0000000100000000)
  eden space 16384K, 32% used [0x00000000eab00000,0x00000000eb02bd10,0x00000000ebb00000)
  from space 2560K, 99% used [0x00000000ebb00000,0x00000000ebd7ab18,0x00000000ebd80000)
  to   space 2560K, 0% used [0x00000000ebd80000,0x00000000ebd80000,0x00000000ec000000)
 ParOldGen       total 44032K, used 1959K [0x00000000c0000000, 0x00000000c2b00000, 0x00000000eab00000)
  object space 44032K, 4% used [0x00000000c0000000,0x00000000c01e9d98,0x00000000c2b00000)
 Metaspace       used 5793K, capacity 6768K, committed 7040K, reserved 1056768K
  class space    used 569K, capacity 616K, committed 640K, reserved 1048576K

Card table byte_map: [0x0000000011cf0000,0x0000000011f00000] byte_map_base: 0x00000000116f0000

Marking Bits: (ParMarkBitMap*) 0x0000000069db9d00
 Begin Bits: [0x0000000012460000, 0x0000000013460000)
 End Bits:   [0x0000000013460000, 0x0000000014460000)

Polling page: 0x0000000000ed0000

CodeCache: size=245760Kb used=4075Kb max_used=4075Kb free=241684Kb
 bounds [0x0000000002930000, 0x0000000002d30000, 0x0000000011930000]
 total_blobs=1261 nmethods=994 adapters=181
 compilation: enabled

Compilation events (10 events):
Event: 4.450 Thread 0x000000001507a800  990   !   3       com.android.dx.rop.type.Type::putIntern (50 bytes)
Event: 4.450 Thread 0x0000000015074800  992       4       com.android.dx.ssa.SsaMethod::deleteInsns (239 bytes)
Event: 4.451 Thread 0x000000001507a800 nmethod 990 0x0000000002d20250 code [0x0000000002d20440, 0x0000000002d20f18]
Event: 4.451 Thread 0x000000001507a800  993       3       com.android.dx.cf.code.BaseMachine::popArgs (127 bytes)
Event: 4.454 Thread 0x000000001507a800 nmethod 993 0x0000000002d29010 code [0x0000000002d29320, 0x0000000002d2ac68]
Event: 4.454 Thread 0x000000001507a800  994       3       com.android.dx.rop.cst.CstBaseMethodRef::getType (8 bytes)
Event: 4.455 Thread 0x000000001507a800 nmethod 994 0x0000000002d28c10 code [0x0000000002d28d60, 0x0000000002d28f50]
Event: 4.457 Thread 0x000000001507a800  997       3       com.android.dx.rop.cst.CstBaseMethodRef::getPrototype (41 bytes)
Event: 4.457 Thread 0x000000001507a800 nmethod 997 0x0000000002d28590 code [0x0000000002d28700, 0x0000000002d28b08]
Event: 4.458 Thread 0x000000001507a800  998       3       java.util.TreeMap$Values::iterator (19 bytes)

GC Heap History (2 events):
Event: 4.115 GC heap before
{Heap before GC invocations=1 (full 0):
 PSYoungGen      total 18944K, used 16384K [0x00000000eab00000, 0x00000000ec000000, 0x0000000100000000)
  eden space 16384K, 100% used [0x00000000eab00000,0x00000000ebb00000,0x00000000ebb00000)
  from space 2560K, 0% used [0x00000000ebd80000,0x00000000ebd80000,0x00000000ec000000)
  to   space 2560K, 0% used [0x00000000ebb00000,0x00000000ebb00000,0x00000000ebd80000)
 ParOldGen       total 44032K, used 0K [0x00000000c0000000, 0x00000000c2b00000, 0x00000000eab00000)
  object space 44032K, 0% used [0x00000000c0000000,0x00000000c0000000,0x00000000c2b00000)
 Metaspace       used 5733K, capacity 6768K, committed 7040K, reserved 1056768K
  class space    used 569K, capacity 616K, committed 640K, reserved 1048576K
Event: 4.188 GC heap after
Heap after GC invocations=1 (full 0):
 PSYoungGen      total 18944K, used 2538K [0x00000000eab00000, 0x00000000ec000000, 0x0000000100000000)
  eden space 16384K, 0% used [0x00000000eab00000,0x00000000eab00000,0x00000000ebb00000)
  from space 2560K, 99% used [0x00000000ebb00000,0x00000000ebd7ab18,0x00000000ebd80000)
  to   space 2560K, 0% used [0x00000000ebd80000,0x00000000ebd80000,0x00000000ec000000)
 ParOldGen       total 44032K, used 1959K [0x00000000c0000000, 0x00000000c2b00000, 0x00000000eab00000)
  object space 44032K, 4% used [0x00000000c0000000,0x00000000c01e9d98,0x00000000c2b00000)
 Metaspace       used 5733K, capacity 6768K, committed 7040K, reserved 1056768K
  class space    used 569K, capacity 616K, committed 640K, reserved 1048576K
}

Deoptimization events (10 events):
Event: 3.728 Thread 0x0000000002830800 Uncommon trap: reason=unstable_if action=reinterpret pc=0x0000000002bbf9f0 method=java.util.BitSet.nextSetBit(I)I @ 87
Event: 3.832 Thread 0x0000000016bd3800 Uncommon trap: reason=bimorphic action=maybe_recompile pc=0x0000000002c28f80 method=java.util.HashMap.getNode(ILjava/lang/Object;)Ljava/util/HashMap$Node; @ 126
Event: 3.832 Thread 0x0000000016bd3800 Uncommon trap: reason=bimorphic action=maybe_recompile pc=0x0000000002c28f80 method=java.util.HashMap.getNode(ILjava/lang/Object;)Ljava/util/HashMap$Node; @ 126
Event: 3.832 Thread 0x0000000016bd3800 Uncommon trap: reason=bimorphic action=maybe_recompile pc=0x0000000002c28f80 method=java.util.HashMap.getNode(ILjava/lang/Object;)Ljava/util/HashMap$Node; @ 126
Event: 3.915 Thread 0x0000000016bd2800 Uncommon trap: reason=unstable_if action=reinterpret pc=0x0000000002c49ef0 method=java.util.BitSet.ensureCapacity(I)V @ 6
Event: 4.022 Thread 0x0000000016bc8000 Uncommon trap: reason=null_check action=make_not_entrant pc=0x0000000002c872a8 method=com.android.dx.rop.type.Type.equals(Ljava/lang/Object;)Z @ 8
Event: 4.072 Thread 0x0000000002830800 Uncommon trap: reason=class_check action=maybe_recompile pc=0x0000000002c34ef0 method=com.android.dx.ssa.NormalSsaInsn.accept(Lcom/android/dx/ssa/SsaInsn$Visitor;)V @ 9
Event: 4.072 Thread 0x0000000002830800 Uncommon trap: reason=class_check action=maybe_recompile pc=0x0000000002c34ef0 method=com.android.dx.ssa.NormalSsaInsn.accept(Lcom/android/dx/ssa/SsaInsn$Visitor;)V @ 9
Event: 4.072 Thread 0x0000000002830800 Uncommon trap: reason=class_check action=maybe_recompile pc=0x0000000002c34ef0 method=com.android.dx.ssa.NormalSsaInsn.accept(Lcom/android/dx/ssa/SsaInsn$Visitor;)V @ 9
Event: 4.073 Thread 0x0000000002830800 Uncommon trap: reason=class_check action=maybe_recompile pc=0x0000000002c34ef0 method=com.android.dx.ssa.NormalSsaInsn.accept(Lcom/android/dx/ssa/SsaInsn$Visitor;)V @ 9

Internal exceptions (3 events):
Event: 0.297 Thread 0x0000000002830800 Exception <a 'java/lang/NoSuchMethodError': Method sun.misc.Unsafe.defineClass(Ljava/lang/String;[BII)Ljava/lang/Class; name or signature does not match> (0x00000000eab07cc0) thrown at [C:\src\android\AOSP-openjdk\external\jetbrains\jdk\hotspot\src\share\v!¼ƒØöÓ?
Event: 0.297 Thread 0x0000000002830800 Exception <a 'java/lang/NoSuchMethodError': Method sun.misc.Unsafe.prefetchRead(Ljava/lang/Object;J)V name or signature does not match> (0x00000000eab07fa8) thrown at [C:\src\android\AOSP-openjdk\external\jetbrains\jdk\hotspot\src\share\vm\prims\jni.cpp, l‰}‡ñõ@
Event: 4.021 Thread 0x0000000016bc8000 Implicit null exception at 0x0000000002c871a2 to 0x0000000002c8729a

Events (10 events):
Event: 4.450 Thread 0x0000000016bd2800 DEOPT PACKING pc=0x0000000002bf658a sp=0x000000001726e4f0
Event: 4.450 Thread 0x0000000016bd2800 DEOPT UNPACKING pc=0x00000000029775bf sp=0x000000001726e258 mode 0
Event: 4.451 Thread 0x0000000016bd2800 DEOPT PACKING pc=0x0000000002bf658a sp=0x000000001726e4f0
Event: 4.451 Thread 0x0000000016bd2800 DEOPT UNPACKING pc=0x00000000029775bf sp=0x000000001726e258 mode 0
Event: 4.453 Thread 0x0000000016bd2800 DEOPT PACKING pc=0x0000000002bf658a sp=0x000000001726e4f0
Event: 4.453 Thread 0x0000000016bd2800 DEOPT UNPACKING pc=0x00000000029775bf sp=0x000000001726e258 mode 0
Event: 4.455 Thread 0x0000000016bd2800 DEOPT PACKING pc=0x0000000002bf658a sp=0x000000001726e4f0
Event: 4.455 Thread 0x0000000016bd2800 DEOPT UNPACKING pc=0x00000000029775bf sp=0x000000001726e258 mode 0
Event: 4.457 Thread 0x0000000016bd2800 DEOPT PACKING pc=0x0000000002bf658a sp=0x000000001726e4f0
Event: 4.457 Thread 0x0000000016bd2800 DEOPT UNPACKING pc=0x00000000029775bf sp=0x000000001726e258 mode 0


Dynamic libraries:
0x00007ff766640000 - 0x00007ff766671000 	D:\Android\AndroidStudio\jre\bin\java.exe
0x00007ffb46030000 - 0x00007ffb461dd000 	C:\WINDOWS\SYSTEM32\ntdll.dll
0x00007ffb44000000 - 0x00007ffb4413e000 	C:\WINDOWS\system32\KERNEL32.DLL
0x00007ffb43330000 - 0x00007ffb43445000 	C:\WINDOWS\system32\KERNELBASE.dll
0x00007ffb43980000 - 0x00007ffb43a2a000 	C:\WINDOWS\system32\ADVAPI32.dll
0x00007ffb43e10000 - 0x00007ffb43f87000 	C:\WINDOWS\system32\USER32.dll
0x00007ffb40df0000 - 0x00007ffb4106a000 	C:\WINDOWS\WinSxS\amd64_microsoft.windows.common-controls_6595b64144ccf1df_6.0.9600.17810_none_6240b9c7ecbd0bda\COMCTL32.dll
0x00007ffb436b0000 - 0x00007ffb4375a000 	C:\WINDOWS\system32\msvcrt.dll
0x00007ffb43a30000 - 0x00007ffb43a89000 	C:\WINDOWS\SYSTEM32\sechost.dll
0x00007ffb44140000 - 0x00007ffb44280000 	C:\WINDOWS\system32\RPCRT4.dll
0x00007ffb45830000 - 0x00007ffb4597f000 	C:\WINDOWS\system32\GDI32.dll
0x00007ffb43630000 - 0x00007ffb4365e000 	C:\WINDOWS\system32\SspiCli.dll
0x00007ffb43af0000 - 0x00007ffb43b26000 	C:\WINDOWS\system32\IMM32.DLL
0x00007ffb45980000 - 0x00007ffb45ad2000 	C:\WINDOWS\system32\MSCTF.dll
0x0000000069520000 - 0x00000000695f2000 	D:\Android\AndroidStudio\jre\jre\bin\msvcr100.dll
0x0000000069600000 - 0x0000000069e34000 	D:\Android\AndroidStudio\jre\jre\bin\server\jvm.dll
0x00007ffb3a960000 - 0x00007ffb3a969000 	C:\WINDOWS\SYSTEM32\WSOCK32.dll
0x00007ffb39250000 - 0x00007ffb39272000 	C:\WINDOWS\SYSTEM32\WINMM.dll
0x00007ffb3c820000 - 0x00007ffb3c82a000 	C:\WINDOWS\SYSTEM32\VERSION.dll
0x00007ffb43e00000 - 0x00007ffb43e07000 	C:\WINDOWS\system32\PSAPI.DLL
0x00007ffb44280000 - 0x00007ffb442da000 	C:\WINDOWS\system32\WS2_32.dll
0x00007ffb39150000 - 0x00007ffb3917a000 	C:\WINDOWS\SYSTEM32\WINMMBASE.dll
0x00007ffb45820000 - 0x00007ffb45829000 	C:\WINDOWS\system32\NSI.dll
0x00007ffb43660000 - 0x00007ffb436af000 	C:\WINDOWS\SYSTEM32\cfgmgr32.dll
0x00007ffb41f70000 - 0x00007ffb41f98000 	C:\WINDOWS\SYSTEM32\DEVOBJ.dll
0x00007ffb3f0a0000 - 0x00007ffb3f0af000 	D:\Android\AndroidStudio\jre\jre\bin\verify.dll
0x00007ffb3bae0000 - 0x00007ffb3bb09000 	D:\Android\AndroidStudio\jre\jre\bin\java.dll
0x00007ffb3ec30000 - 0x00007ffb3ec46000 	D:\Android\AndroidStudio\jre\jre\bin\zip.dll
0x00007ffb442e0000 - 0x00007ffb45808000 	C:\WINDOWS\system32\SHELL32.dll
0x00007ffb43760000 - 0x00007ffb43971000 	C:\WINDOWS\SYSTEM32\combase.dll
0x00007ffb43a90000 - 0x00007ffb43ae4000 	C:\WINDOWS\system32\SHLWAPI.dll
0x00007ffb41790000 - 0x00007ffb41842000 	C:\WINDOWS\SYSTEM32\SHCORE.dll
0x00007ffb43150000 - 0x00007ffb43165000 	C:\WINDOWS\SYSTEM32\profapi.dll

VM Arguments:
jvm_args: -Djava.awt.headless=true -Xmx1024M -Dfile.encoding=windows-1252 -Duser.country=US -Duser.language=en -Duser.variant 
java_command: com.android.dx.command.Main --dex --force-jumbo --num-threads=4 --multi-dex --output D:\Mozilla Downloads\and-nd-firebase-1.00-starting-point\app\build\intermediates\transforms\dex\debug\folders\1000\10\com.google.firebase-firebase-analytics-impl-10.0.1_5678fa0767baedd047e4df271cd0fa1cb8a4694f D:\Mozilla Downloads\and-nd-firebase-1.00-starting-point\app\build\intermediates\exploded-aar\com.google.firebase\firebase-analytics-impl\10.0.1\jars\classes.jar
java_class_path (initial): D:\Android\sdk\build-tools\24.0.1\lib\dx.jar
Launcher Type: SUN_STANDARD

Environment Variables:
PATH=C:\ProgramData\Oracle\Java\javapath;C:\Program Files (x86)\Intel\iCLS Client\;C:\Program Files\Intel\iCLS Client\;C:\WINDOWS\system32;C:\WINDOWS;C:\WINDOWS\System32\Wbem;C:\WINDOWS\System32\WindowsPowerShell\v1.0\;C:\Program Files\Intel\Intel(R) Management Engine Components\DAL;C:\Program Files (x86)\Intel\Intel(R) Management Engine Components\DAL;C:\Program Files\Intel\Intel(R) Management Engine Components\IPT;C:\Program Files (x86)\Intel\Intel(R) Management Engine Components\IPT;C:\Program Files\Microsoft SQL Server\110\Tools\Binn\
USERNAME=Hamid-PC
OS=Windows_NT
PROCESSOR_IDENTIFIER=Intel64 Family 6 Model 61 Stepping 4, GenuineIntel



---------------  S Y S T E M  ---------------

OS: Windows 8.1 , 64 bit Build 9600 (6.3.9600.17415)

CPU:total 4 (2 cores per cpu, 2 threads per core) family 6 model 61 stepping 4, cmov, cx8, fxsr, mmx, sse, sse2, sse3, ssse3, sse4.1, sse4.2, popcnt, avx, avx2, aes, clmul, erms, 3dnowpref, lzcnt, ht, tsc, tscinvbit, bmi1, bmi2, adx

Memory: 4k page, physical 4107980k(126596k free), swap 5209432k(5116k free)

vm_info: OpenJDK 64-Bit Server VM (25.76-b03) for windows-amd64 JRE (1.8.0_76-release-b03), built on Jun 29 2016 19:09:20 by "ralucas" with MS VC++ 10.0 (VS2010)

time: Thu Dec 22 18:44:04 2016
elapsed time: 4 seconds (0d 0h 0m 4s)

