#
# There is insufficient memory for the Java Runtime Environment to continue.
# Native memory allocation (malloc) failed to allocate 603136 bytes for Chunk::new
# Possible reasons:
#   The system is out of physical RAM or swap space
#   In 32 bit mode, the process size limit was hit
# Possible solutions:
#   Reduce memory load on the system
#   Increase physical memory or swap space
#   Check if swap backing store is full
#   Use 64 bit Java on a 64 bit OS
#   Decrease Java heap size (-Xmx/-Xms)
#   Decrease number of Java threads
#   Decrease Java thread stack sizes (-Xss)
#   Set larger code cache with -XX:ReservedCodeCacheSize=
# This output file may be truncated or incomplete.
#
#  Out of Memory Error (allocation.cpp:390), pid=264, tid=0x0000000000001008
#
# JRE version: OpenJDK Runtime Environment (8.0_76-b03) (build 1.8.0_76-release-b03)
# Java VM: OpenJDK 64-Bit Server VM (25.76-b03 mixed mode windows-amd64 compressed oops)
# Failed to write core dump. Minidumps are not enabled by default on client versions of Windows
#

---------------  T H R E A D  ---------------

Current thread (0x000000001528a800):  JavaThread "C2 CompilerThread0" daemon [_thread_in_native, id=4104, stack(0x00000000168d0000,0x00000000169d0000)]

Stack: [0x00000000168d0000,0x00000000169d0000]
[error occurred during error reporting (printing stack bounds), id 0xc0000005]

Native frames: (J=compiled Java code, j=interpreted, Vv=VM code, C=native code)


Current CompileTask:
C2:   8952 1164       4       com.android.dx.rop.code.Rops::ropFor (771 bytes)


---------------  P R O C E S S  ---------------

Java Threads: ( => current thread )
  0x0000000016e27800 JavaThread "pool-2-thread-4" [_thread_in_Java, id=2288, stack(0x00000000175d0000,0x00000000176d0000)]
  0x0000000016d23800 JavaThread "pool-3-thread-1" [_thread_blocked, id=5212, stack(0x00000000172d0000,0x00000000173d0000)]
  0x0000000016d21000 JavaThread "pool-2-thread-1" [_thread_blocked, id=3988, stack(0x00000000171d0000,0x00000000172d0000)]
  0x00000000152ee800 JavaThread "Service Thread" daemon [_thread_blocked, id=5748, stack(0x0000000016fd0000,0x00000000170d0000)]
  0x00000000152ea800 JavaThread "C1 CompilerThread2" daemon [_thread_blocked, id=2036, stack(0x0000000016ad0000,0x0000000016bd0000)]
  0x00000000152e4000 JavaThread "C2 CompilerThread1" daemon [_thread_in_native, id=4972, stack(0x00000000169d0000,0x0000000016ad0000)]
=>0x000000001528a800 JavaThread "C2 CompilerThread0" daemon [_thread_in_native, id=4104, stack(0x00000000168d0000,0x00000000169d0000)]
  0x0000000015289000 JavaThread "Attach Listener" daemon [_thread_blocked, id=5524, stack(0x00000000167d0000,0x00000000168d0000)]
  0x0000000015287800 JavaThread "Signal Dispatcher" daemon [_thread_blocked, id=4960, stack(0x00000000166d0000,0x00000000167d0000)]
  0x0000000015278000 JavaThread "Finalizer" daemon [_thread_blocked, id=96, stack(0x00000000164f0000,0x00000000165f0000)]
  0x0000000002baf000 JavaThread "Reference Handler" daemon [_thread_blocked, id=5256, stack(0x00000000163f0000,0x00000000164f0000)]
  0x0000000002ac0800 JavaThread "main" [_thread_blocked, id=704, stack(0x00000000029c0000,0x0000000002ac0000)]

Other Threads:
  0x0000000015255800 VMThread [stack: 0x00000000162f0000,0x00000000163f0000] [id=3408]
  0x0000000016bdc000 WatcherThread [stack: 0x00000000170d0000,0x00000000171d0000] [id=200]

VM state:not at safepoint (normal execution)

VM Mutex/Monitor currently owned by a thread: None

Heap:
 PSYoungGen      total 35328K, used 8171K [0x00000000eab00000, 0x00000000ed000000, 0x0000000100000000)
  eden space 32768K, 17% used [0x00000000eab00000,0x00000000eb07bff8,0x00000000ecb00000)
  from space 2560K, 99% used [0x00000000ecd80000,0x00000000ecffec38,0x00000000ed000000)
  to   space 2560K, 0% used [0x00000000ecb00000,0x00000000ecb00000,0x00000000ecd80000)
 ParOldGen       total 44032K, used 7532K [0x00000000c0000000, 0x00000000c2b00000, 0x00000000eab00000)
  object space 44032K, 17% used [0x00000000c0000000,0x00000000c075b270,0x00000000c2b00000)
 Metaspace       used 5657K, capacity 6832K, committed 7040K, reserved 1056768K
  class space    used 553K, capacity 616K, committed 640K, reserved 1048576K

Card table byte_map: [0x0000000011f80000,0x0000000012190000] byte_map_base: 0x0000000011980000

Marking Bits: (ParMarkBitMap*) 0x0000000050ed9d00
 Begin Bits: [0x00000000126f0000, 0x00000000136f0000)
 End Bits:   [0x00000000136f0000, 0x00000000146f0000)

Polling page: 0x0000000001220000

CodeCache: size=245760Kb used=5125Kb max_used=5125Kb free=240634Kb
 bounds [0x0000000002bc0000, 0x00000000030d0000, 0x0000000011bc0000]
 total_blobs=1445 nmethods=1184 adapters=175
 compilation: enabled

Compilation events (10 events):
Event: 8.938 Thread 0x00000000152ea800 1187       3       com.android.dx.rop.code.Rops::opMoveResult (23 bytes)
Event: 8.938 Thread 0x00000000152ea800 nmethod 1187 0x000000000309dfd0 code [0x000000000309e160, 0x000000000309e498]
Event: 8.938 Thread 0x00000000152ea800 1189       1       java.util.concurrent.locks.AbstractQueuedSynchronizer::getState (5 bytes)
Event: 8.938 Thread 0x00000000152ea800 nmethod 1189 0x0000000003094150 code [0x00000000030942a0, 0x00000000030943b0]
Event: 8.938 Thread 0x00000000152ea800 1184       1       java.util.HashMap$Node::getKey (5 bytes)
Event: 8.938 Thread 0x00000000152ea800 nmethod 1184 0x0000000003093e90 code [0x0000000003093fe0, 0x00000000030940f0]
Event: 8.938 Thread 0x00000000152ea800 1188       1       com.android.dx.dex.file.DexFile::getMethodIds (5 bytes)
Event: 8.938 Thread 0x00000000152ea800 nmethod 1188 0x000000000309dd10 code [0x000000000309de60, 0x000000000309df70]
Event: 8.938 Thread 0x00000000152ea800 1186       1       com.android.dx.rop.cst.CstBaseMethodRef::getPrototype (5 bytes)
Event: 8.938 Thread 0x00000000152ea800 nmethod 1186 0x000000000309da50 code [0x000000000309dba0, 0x000000000309dcb0]

GC Heap History (4 events):
Event: 6.376 GC heap before
{Heap before GC invocations=1 (full 0):
 PSYoungGen      total 18944K, used 16384K [0x00000000eab00000, 0x00000000ec000000, 0x0000000100000000)
  eden space 16384K, 100% used [0x00000000eab00000,0x00000000ebb00000,0x00000000ebb00000)
  from space 2560K, 0% used [0x00000000ebd80000,0x00000000ebd80000,0x00000000ec000000)
  to   space 2560K, 0% used [0x00000000ebb00000,0x00000000ebb00000,0x00000000ebd80000)
 ParOldGen       total 44032K, used 0K [0x00000000c0000000, 0x00000000c2b00000, 0x00000000eab00000)
  object space 44032K, 0% used [0x00000000c0000000,0x00000000c0000000,0x00000000c2b00000)
 Metaspace       used 5578K, capacity 6768K, committed 7040K, reserved 1056768K
  class space    used 549K, capacity 616K, committed 640K, reserved 1048576K
Event: 7.389 GC heap after
Heap after GC invocations=1 (full 0):
 PSYoungGen      total 18944K, used 2542K [0x00000000eab00000, 0x00000000ed000000, 0x0000000100000000)
  eden space 16384K, 0% used [0x00000000eab00000,0x00000000eab00000,0x00000000ebb00000)
  from space 2560K, 99% used [0x00000000ebb00000,0x00000000ebd7bb68,0x00000000ebd80000)
  to   space 2560K, 0% used [0x00000000ecd80000,0x00000000ecd80000,0x00000000ed000000)
 ParOldGen       total 44032K, used 2366K [0x00000000c0000000, 0x00000000c2b00000, 0x00000000eab00000)
  object space 44032K, 5% used [0x00000000c0000000,0x00000000c024f8a8,0x00000000c2b00000)
 Metaspace       used 5578K, capacity 6768K, committed 7040K, reserved 1056768K
  class space    used 549K, capacity 616K, committed 640K, reserved 1048576K
}
Event: 8.685 GC heap before
{Heap before GC invocations=2 (full 0):
 PSYoungGen      total 18944K, used 18926K [0x00000000eab00000, 0x00000000ed000000, 0x0000000100000000)
  eden space 16384K, 100% used [0x00000000eab00000,0x00000000ebb00000,0x00000000ebb00000)
  from space 2560K, 99% used [0x00000000ebb00000,0x00000000ebd7bb68,0x00000000ebd80000)
  to   space 2560K, 0% used [0x00000000ecd80000,0x00000000ecd80000,0x00000000ed000000)
 ParOldGen       total 44032K, used 2366K [0x00000000c0000000, 0x00000000c2b00000, 0x00000000eab00000)
  object space 44032K, 5% used [0x00000000c0000000,0x00000000c024f8a8,0x00000000c2b00000)
 Metaspace       used 5649K, capacity 6832K, committed 7040K, reserved 1056768K
  class space    used 552K, capacity 616K, committed 640K, reserved 1048576K
Event: 8.804 GC heap after
Heap after GC invocations=2 (full 0):
 PSYoungGen      total 35328K, used 2555K [0x00000000eab00000, 0x00000000ed000000, 0x0000000100000000)
  eden space 32768K, 0% used [0x00000000eab00000,0x00000000eab00000,0x00000000ecb00000)
  from space 2560K, 99% used [0x00000000ecd80000,0x00000000ecffec38,0x00000000ed000000)
  to   space 2560K, 0% used [0x00000000ecb00000,0x00000000ecb00000,0x00000000ecd80000)
 ParOldGen       total 44032K, used 7532K [0x00000000c0000000, 0x00000000c2b00000, 0x00000000eab00000)
  object space 44032K, 17% used [0x00000000c0000000,0x00000000c075b270,0x00000000c2b00000)
 Metaspace       used 5649K, capacity 6832K, committed 7040K, reserved 1056768K
  class space    used 552K, capacity 616K, committed 640K, reserved 1048576K
}

Deoptimization events (10 events):
Event: 7.439 Thread 0x0000000016d21000 Uncommon trap: reason=class_check action=maybe_recompile pc=0x0000000002fd61bc method=com.android.dx.cf.code.BytecodeArray.parseInstruction(ILcom/android/dx/cf/code/BytecodeArray$Visitor;)I @ 1130
Event: 7.439 Thread 0x0000000016d21000 Uncommon trap: reason=class_check action=maybe_recompile pc=0x0000000002fd61bc method=com.android.dx.cf.code.BytecodeArray.parseInstruction(ILcom/android/dx/cf/code/BytecodeArray$Visitor;)I @ 1130
Event: 7.469 Thread 0x0000000016e27800 Uncommon trap: reason=class_check action=maybe_recompile pc=0x0000000002fd61bc method=com.android.dx.cf.code.BytecodeArray.parseInstruction(ILcom/android/dx/cf/code/BytecodeArray$Visitor;)I @ 1130
Event: 7.469 Thread 0x0000000016e27800 Uncommon trap: reason=class_check action=maybe_recompile pc=0x0000000002fd61bc method=com.android.dx.cf.code.BytecodeArray.parseInstruction(ILcom/android/dx/cf/code/BytecodeArray$Visitor;)I @ 1130
Event: 8.901 Thread 0x0000000016d31800 Uncommon trap: reason=bimorphic action=maybe_recompile pc=0x0000000003065da8 method=com.android.dx.cf.code.BytecodeArray.parseInstruction(ILcom/android/dx/cf/code/BytecodeArray$Visitor;)I @ 1130
Event: 8.901 Thread 0x0000000016d31800 Uncommon trap: reason=bimorphic action=maybe_recompile pc=0x0000000003065a10 method=com.android.dx.cf.code.BytecodeArray.parseInstruction(ILcom/android/dx/cf/code/BytecodeArray$Visitor;)I @ 907
Event: 8.901 Thread 0x0000000016d31800 Uncommon trap: reason=bimorphic action=maybe_recompile pc=0x0000000003065f50 method=com.android.dx.cf.code.BytecodeArray.parseInstruction(ILcom/android/dx/cf/code/BytecodeArray$Visitor;)I @ 1224
Event: 8.901 Thread 0x0000000016d31800 Uncommon trap: reason=bimorphic action=maybe_recompile pc=0x0000000003065a90 method=com.android.dx.cf.code.BytecodeArray.parseInstruction(ILcom/android/dx/cf/code/BytecodeArray$Visitor;)I @ 923
Event: 8.901 Thread 0x0000000016d31800 Uncommon trap: reason=bimorphic action=maybe_recompile pc=0x0000000003065f50 method=com.android.dx.cf.code.BytecodeArray.parseInstruction(ILcom/android/dx/cf/code/BytecodeArray$Visitor;)I @ 1224
Event: 8.903 Thread 0x0000000016d31800 Uncommon trap: reason=unstable_if action=reinterpret pc=0x0000000003082e7c method=com.android.dx.cf.code.RopperMachine.run(Lcom/android/dx/cf/code/Frame;II)V @ 1500

Internal exceptions (2 events):
Event: 0.360 Thread 0x0000000002ac0800 Exception <a 'java/lang/NoSuchMethodError': Method sun.misc.Unsafe.defineClass(Ljava/lang/String;[BII)Ljava/lang/Class; name or signature does not match> (0x00000000eab07cc0) thrown at [C:\src\android\AOSP-openjdk\external\jetbrains\jdk\hotspot\src\share\v™ñÑE×?
Event: 0.360 Thread 0x0000000002ac0800 Exception <a 'java/lang/NoSuchMethodError': Method sun.misc.Unsafe.prefetchRead(Ljava/lang/Object;J)V name or signature does not match> (0x00000000eab07fa8) thrown at [C:\src\android\AOSP-openjdk\external\jetbrains\jdk\hotspot\src\share\vm\prims\jni.cpp, l

Events (10 events):
Event: 8.927 Thread 0x0000000016e0e800 Thread exited: 0x0000000016e0e800
Event: 8.933 Executing VM operation: RevokeBias
Event: 8.935 Executing VM operation: RevokeBias done
Event: 8.935 Executing VM operation: RevokeBias
Event: 8.935 Executing VM operation: RevokeBias done
Event: 8.936 Executing VM operation: RevokeBias
Event: 8.936 Executing VM operation: RevokeBias done
Event: 8.936 Executing VM operation: RevokeBias
Event: 8.936 Executing VM operation: RevokeBias done
Event: 8.943 Thread 0x0000000016d31800 Thread exited: 0x0000000016d31800


Dynamic libraries:
0x00007ff712260000 - 0x00007ff712291000 	D:\Android\AndroidStudio\jre\bin\java.exe
0x00007ffea56e0000 - 0x00007ffea588d000 	C:\WINDOWS\SYSTEM32\ntdll.dll
0x00007ffea52d0000 - 0x00007ffea540e000 	C:\WINDOWS\system32\KERNEL32.DLL
0x00007ffea28d0000 - 0x00007ffea29e5000 	C:\WINDOWS\system32\KERNELBASE.dll
0x00007ffea3210000 - 0x00007ffea32ba000 	C:\WINDOWS\system32\ADVAPI32.dll
0x00007ffea3030000 - 0x00007ffea31a7000 	C:\WINDOWS\system32\USER32.dll
0x00007ffea05a0000 - 0x00007ffea081a000 	C:\WINDOWS\WinSxS\amd64_microsoft.windows.common-controls_6595b64144ccf1df_6.0.9600.17810_none_6240b9c7ecbd0bda\COMCTL32.dll
0x00007ffea5630000 - 0x00007ffea56da000 	C:\WINDOWS\system32\msvcrt.dll
0x00007ffea31b0000 - 0x00007ffea3209000 	C:\WINDOWS\SYSTEM32\sechost.dll
0x00007ffea2e20000 - 0x00007ffea2f60000 	C:\WINDOWS\system32\RPCRT4.dll
0x00007ffea4f60000 - 0x00007ffea50af000 	C:\WINDOWS\system32\GDI32.dll
0x00007ffea2ce0000 - 0x00007ffea2d0e000 	C:\WINDOWS\system32\SspiCli.dll
0x00007ffea3390000 - 0x00007ffea33c6000 	C:\WINDOWS\system32\IMM32.DLL
0x00007ffea33d0000 - 0x00007ffea3522000 	C:\WINDOWS\system32\MSCTF.dll
0x0000000050560000 - 0x0000000050632000 	D:\Android\AndroidStudio\jre\jre\bin\msvcr100.dll
0x0000000050720000 - 0x0000000050f54000 	D:\Android\AndroidStudio\jre\jre\bin\server\jvm.dll
0x00007ffe98c80000 - 0x00007ffe98c89000 	C:\WINDOWS\SYSTEM32\WSOCK32.dll
0x00007ffe92e90000 - 0x00007ffe92eb2000 	C:\WINDOWS\SYSTEM32\WINMM.dll
0x00007ffe9b960000 - 0x00007ffe9b96a000 	C:\WINDOWS\SYSTEM32\VERSION.dll
0x00007ffea3770000 - 0x00007ffea3777000 	C:\WINDOWS\system32\PSAPI.DLL
0x00007ffea3530000 - 0x00007ffea358a000 	C:\WINDOWS\system32\WS2_32.dll
0x00007ffe92df0000 - 0x00007ffe92e1a000 	C:\WINDOWS\SYSTEM32\WINMMBASE.dll
0x00007ffea3590000 - 0x00007ffea3599000 	C:\WINDOWS\system32\NSI.dll
0x00007ffea2d10000 - 0x00007ffea2d5f000 	C:\WINDOWS\SYSTEM32\cfgmgr32.dll
0x00007ffea1630000 - 0x00007ffea1658000 	C:\WINDOWS\SYSTEM32\DEVOBJ.dll
0x00007ffe9ec20000 - 0x00007ffe9ec2f000 	D:\Android\AndroidStudio\jre\jre\bin\verify.dll
0x00007ffe8d680000 - 0x00007ffe8d6a9000 	D:\Android\AndroidStudio\jre\jre\bin\java.dll
0x00007ffe94de0000 - 0x00007ffe94df6000 	D:\Android\AndroidStudio\jre\jre\bin\zip.dll
0x00007ffea3a30000 - 0x00007ffea4f58000 	C:\WINDOWS\system32\SHELL32.dll
0x00007ffea50b0000 - 0x00007ffea52c1000 	C:\WINDOWS\SYSTEM32\combase.dll
0x00007ffea2f60000 - 0x00007ffea2fb4000 	C:\WINDOWS\system32\SHLWAPI.dll
0x00007ffea0eb0000 - 0x00007ffea0f62000 	C:\WINDOWS\SYSTEM32\SHCORE.dll
0x00007ffea2800000 - 0x00007ffea2815000 	C:\WINDOWS\SYSTEM32\profapi.dll

VM Arguments:
jvm_args: -Djava.awt.headless=true -Xmx1024M -Dfile.encoding=windows-1252 -Duser.country=US -Duser.language=en -Duser.variant 
java_command: com.android.dx.command.Main --dex --force-jumbo --num-threads=4 --multi-dex --output D:\Mozilla Downloads\and-nd-firebase-1.00-starting-point\app\build\intermediates\transforms\dex\debug\folders\1000\5\slice_1 D:\Mozilla Downloads\and-nd-firebase-1.00-starting-point\app\build\intermediates\transforms\instantRunSlicer\debug\folders\1\5\slice_1
java_class_path (initial): D:\Android\sdk\build-tools\24.0.1\lib\dx.jar
Launcher Type: SUN_STANDARD

Environment Variables:
PATH=C:\ProgramData\Oracle\Java\javapath;C:\Program Files (x86)\Intel\iCLS Client\;C:\Program Files\Intel\iCLS Client\;C:\WINDOWS\system32;C:\WINDOWS;C:\WINDOWS\System32\Wbem;C:\WINDOWS\System32\WindowsPowerShell\v1.0\;C:\Program Files\Intel\Intel(R) Management Engine Components\DAL;C:\Program Files (x86)\Intel\Intel(R) Management Engine Components\DAL;C:\Program Files\Intel\Intel(R) Management Engine Components\IPT;C:\Program Files (x86)\Intel\Intel(R) Management Engine Components\IPT;C:\Program Files (x86)\Skype\Phone\
USERNAME=Hamid-PC
OS=Windows_NT
PROCESSOR_IDENTIFIER=Intel64 Family 6 Model 61 Stepping 4, GenuineIntel



---------------  S Y S T E M  ---------------

OS: Windows 8.1 , 64 bit Build 9600 (6.3.9600.17415)

CPU:total 4 (2 cores per cpu, 2 threads per core) family 6 model 61 stepping 4, cmov, cx8, fxsr, mmx, sse, sse2, sse3, ssse3, sse4.1, sse4.2, popcnt, avx, avx2, aes, clmul, erms, 3dnowpref, lzcnt, ht, tsc, tscinvbit, bmi1, bmi2, adx

Memory: 4k page, physical 4107980k(191516k free), swap 6650136k(4704k free)

vm_info: OpenJDK 64-Bit Server VM (25.76-b03) for windows-amd64 JRE (1.8.0_76-release-b03), built on Jun 29 2016 19:09:20 by "ralucas" with MS VC++ 10.0 (VS2010)

time: Thu Dec 15 14:38:30 2016
elapsed time: 8 seconds (0d 0h 0m 8s)

