#
# There is insufficient memory for the Java Runtime Environment to continue.
# Native memory allocation (malloc) failed to allocate 317136 bytes for Chunk::new
# Possible reasons:
#   The system is out of physical RAM or swap space
#   In 32 bit mode, the process size limit was hit
# Possible solutions:
#   Reduce memory load on the system
#   Increase physical memory or swap space
#   Check if swap backing store is full
#   Use 64 bit Java on a 64 bit OS
#   Decrease Java heap size (-Xmx/-Xms)
#   Decrease number of Java threads
#   Decrease Java thread stack sizes (-Xss)
#   Set larger code cache with -XX:ReservedCodeCacheSize=
# This output file may be truncated or incomplete.
#
#  Out of Memory Error (allocation.cpp:390), pid=4820, tid=0x00000000000015e4
#
# JRE version: OpenJDK Runtime Environment (8.0_76-b03) (build 1.8.0_76-release-b03)
# Java VM: OpenJDK 64-Bit Server VM (25.76-b03 mixed mode windows-amd64 compressed oops)
# Failed to write core dump. Minidumps are not enabled by default on client versions of Windows
#

---------------  T H R E A D  ---------------

Current thread (0x0000000014ff4800):  JavaThread "C2 CompilerThread1" daemon [_thread_in_native, id=5604, stack(0x00000000166e0000,0x00000000167e0000)]

Stack: [0x00000000166e0000,0x00000000167e0000]
[error occurred during error reporting (printing stack bounds), id 0xc0000005]

Native frames: (J=compiled Java code, j=interpreted, Vv=VM code, C=native code)


Current CompileTask:
C2:   3967 1019   !   4       com.android.dx.cf.code.BytecodeArray::parseInstruction (2764 bytes)


---------------  P R O C E S S  ---------------

Java Threads: ( => current thread )
  0x0000000016b91800 JavaThread "pool-2-thread-3" [_thread_in_Java, id=4224, stack(0x00000000171e0000,0x00000000172e0000)]
  0x0000000016b8d800 JavaThread "pool-3-thread-1" [_thread_blocked, id=3732, stack(0x0000000016fe0000,0x00000000170e0000)]
  0x0000000016b8c800 JavaThread "pool-2-thread-1" [_thread_in_Java, id=5752, stack(0x0000000016ee0000,0x0000000016fe0000)]
  0x0000000014ffe800 JavaThread "Service Thread" daemon [_thread_blocked, id=3724, stack(0x0000000016ce0000,0x0000000016de0000)]
  0x0000000014ffa800 JavaThread "C1 CompilerThread2" daemon [_thread_blocked, id=6080, stack(0x00000000167e0000,0x00000000168e0000)]
=>0x0000000014ff4800 JavaThread "C2 CompilerThread1" daemon [_thread_in_native, id=5604, stack(0x00000000166e0000,0x00000000167e0000)]
  0x0000000014f9a800 JavaThread "C2 CompilerThread0" daemon [_thread_in_native, id=5268, stack(0x00000000165e0000,0x00000000166e0000)]
  0x0000000014f99000 JavaThread "Attach Listener" daemon [_thread_blocked, id=5912, stack(0x00000000164e0000,0x00000000165e0000)]
  0x0000000014f98000 JavaThread "Signal Dispatcher" daemon [_thread_blocked, id=804, stack(0x00000000163e0000,0x00000000164e0000)]
  0x0000000014f88000 JavaThread "Finalizer" daemon [_thread_blocked, id=3736, stack(0x0000000016200000,0x0000000016300000)]
  0x00000000028bf000 JavaThread "Reference Handler" daemon [_thread_blocked, id=4004, stack(0x0000000016100000,0x0000000016200000)]
  0x00000000027d0800 JavaThread "main" [_thread_blocked, id=4928, stack(0x00000000026d0000,0x00000000027d0000)]

Other Threads:
  0x0000000014f65800 VMThread [stack: 0x0000000016000000,0x0000000016100000] [id=5448]
  0x00000000168ec000 WatcherThread [stack: 0x0000000016de0000,0x0000000016ee0000] [id=3128]

VM state:not at safepoint (normal execution)

VM Mutex/Monitor currently owned by a thread: None

Heap:
 PSYoungGen      total 18944K, used 10970K [0x00000000eab00000, 0x00000000ec000000, 0x0000000100000000)
  eden space 16384K, 51% used [0x00000000eab00000,0x00000000eb337368,0x00000000ebb00000)
  from space 2560K, 99% used [0x00000000ebb00000,0x00000000ebd7f5d0,0x00000000ebd80000)
  to   space 2560K, 0% used [0x00000000ebd80000,0x00000000ebd80000,0x00000000ec000000)
 ParOldGen       total 44032K, used 2504K [0x00000000c0000000, 0x00000000c2b00000, 0x00000000eab00000)
  object space 44032K, 5% used [0x00000000c0000000,0x00000000c0272010,0x00000000c2b00000)
 Metaspace       used 5824K, capacity 6832K, committed 7040K, reserved 1056768K
  class space    used 571K, capacity 616K, committed 640K, reserved 1048576K

Card table byte_map: [0x0000000011c90000,0x0000000011ea0000] byte_map_base: 0x0000000011690000

Marking Bits: (ParMarkBitMap*) 0x0000000069db9d00
 Begin Bits: [0x0000000012400000, 0x0000000013400000)
 End Bits:   [0x0000000013400000, 0x0000000014400000)

Polling page: 0x0000000000e70000

CodeCache: size=245760Kb used=4477Kb max_used=4492Kb free=241282Kb
 bounds [0x00000000028d0000, 0x0000000002d40000, 0x00000000118d0000]
 total_blobs=1366 nmethods=1098 adapters=182
 compilation: enabled

Compilation events (10 events):
Event: 3.824 Thread 0x0000000014ffa800 1104       3       com.android.dx.ssa.Dominators::run (506 bytes)
Event: 3.841 Thread 0x0000000014ffa800 nmethod 1104 0x0000000002d284d0 code [0x0000000002d28ac0, 0x0000000002d2ccb8]
Event: 3.841 Thread 0x0000000014ffa800 1105       3       com.android.dx.rop.code.PlainCstInsn::withNewRegisters (22 bytes)
Event: 3.842 Thread 0x0000000014ffa800 nmethod 1105 0x0000000002d208d0 code [0x0000000002d20a80, 0x0000000002d211c8]
Event: 3.842 Thread 0x0000000014ffa800 1107       1       com.android.dx.dex.file.DexFile::getMethodIds (5 bytes)
Event: 3.842 Thread 0x0000000014ffa800 nmethod 1107 0x0000000002d18910 code [0x0000000002d18a60, 0x0000000002d18b70]
Event: 3.891 Thread 0x0000000014f9a800 nmethod 1094 0x0000000002d34750 code [0x0000000002d34960, 0x0000000002d35e10]
Event: 3.891 Thread 0x0000000014f9a800 1106       4       java.util.Arrays::hashCode (56 bytes)
Event: 3.902 Thread 0x0000000014f9a800 nmethod 1106 0x0000000002d20310 code [0x0000000002d20460, 0x0000000002d206b8]
Event: 3.902 Thread 0x0000000014f9a800 1096       4       com.android.dx.ssa.SCCP::simulateStmt (481 bytes)

GC Heap History (2 events):
Event: 2.600 GC heap before
{Heap before GC invocations=1 (full 0):
 PSYoungGen      total 18944K, used 16384K [0x00000000eab00000, 0x00000000ec000000, 0x0000000100000000)
  eden space 16384K, 100% used [0x00000000eab00000,0x00000000ebb00000,0x00000000ebb00000)
  from space 2560K, 0% used [0x00000000ebd80000,0x00000000ebd80000,0x00000000ec000000)
  to   space 2560K, 0% used [0x00000000ebb00000,0x00000000ebb00000,0x00000000ebd80000)
 ParOldGen       total 44032K, used 0K [0x00000000c0000000, 0x00000000c2b00000, 0x00000000eab00000)
  object space 44032K, 0% used [0x00000000c0000000,0x00000000c0000000,0x00000000c2b00000)
 Metaspace       used 5741K, capacity 6768K, committed 7040K, reserved 1056768K
  class space    used 571K, capacity 616K, committed 640K, reserved 1048576K
Event: 2.985 GC heap after
Heap after GC invocations=1 (full 0):
 PSYoungGen      total 18944K, used 2557K [0x00000000eab00000, 0x00000000ec000000, 0x0000000100000000)
  eden space 16384K, 0% used [0x00000000eab00000,0x00000000eab00000,0x00000000ebb00000)
  from space 2560K, 99% used [0x00000000ebb00000,0x00000000ebd7f5d0,0x00000000ebd80000)
  to   space 2560K, 0% used [0x00000000ebd80000,0x00000000ebd80000,0x00000000ec000000)
 ParOldGen       total 44032K, used 2504K [0x00000000c0000000, 0x00000000c2b00000, 0x00000000eab00000)
  object space 44032K, 5% used [0x00000000c0000000,0x00000000c0272010,0x00000000c2b00000)
 Metaspace       used 5741K, capacity 6768K, committed 7040K, reserved 1056768K
  class space    used 571K, capacity 616K, committed 640K, reserved 1048576K
}

Deoptimization events (2 events):
Event: 0.842 Thread 0x00000000027d0800 Uncommon trap: reason=unstable_if action=reinterpret pc=0x0000000002a14f14 method=java.lang.String.indexOf(II)I @ 49
Event: 1.776 Thread 0x0000000016b91800 Uncommon trap: reason=unstable_if action=reinterpret pc=0x0000000002adeaa0 method=java.util.HashMap.getNode(ILjava/lang/Object;)Ljava/util/HashMap$Node; @ 129

Internal exceptions (2 events):
Event: 0.185 Thread 0x00000000027d0800 Exception <a 'java/lang/NoSuchMethodError': Method sun.misc.Unsafe.defineClass(Ljava/lang/String;[BII)Ljava/lang/Class; name or signature does not match> (0x00000000eab07cc0) thrown at [C:\src\android\AOSP-openjdk\external\jetbrains\jdk\hotspot\src\share\vðïøÿBºÇ?
Event: 0.185 Thread 0x00000000027d0800 Exception <a 'java/lang/NoSuchMethodError': Method sun.misc.Unsafe.prefetchRead(Ljava/lang/Object;J)V name or signature does not match> (0x00000000eab07fa8) thrown at [C:\src\android\AOSP-openjdk\external\jetbrains\jdk\hotspot\src\share\vm\prims\jni.cpp, l

Events (10 events):
Event: 3.350 Thread 0x0000000016b91800 DEOPT UNPACKING pc=0x00000000029175bf sp=0x00000000172de148 mode 0
Event: 3.352 Thread 0x0000000016b91800 DEOPT PACKING pc=0x0000000002b21dc2 sp=0x00000000172de3e0
Event: 3.352 Thread 0x0000000016b91800 DEOPT UNPACKING pc=0x00000000029175bf sp=0x00000000172de148 mode 0
Event: 3.355 Thread 0x0000000016b91800 DEOPT PACKING pc=0x0000000002c3357a sp=0x00000000172de4c0
Event: 3.355 Thread 0x0000000016b91800 DEOPT UNPACKING pc=0x00000000029175bf sp=0x00000000172de228 mode 0
Event: 3.356 Thread 0x0000000016b91800 DEOPT PACKING pc=0x0000000002b21dc2 sp=0x00000000172de3e0
Event: 3.356 Thread 0x0000000016b91800 DEOPT UNPACKING pc=0x00000000029175bf sp=0x00000000172de148 mode 0
Event: 3.360 Thread 0x0000000016b91800 DEOPT PACKING pc=0x0000000002b21dc2 sp=0x00000000172de3e0
Event: 3.360 Thread 0x0000000016b91800 DEOPT UNPACKING pc=0x00000000029175bf sp=0x00000000172de148 mode 0
Event: 3.591 Thread 0x0000000016b92800 Thread exited: 0x0000000016b92800


Dynamic libraries:
0x00007ff766640000 - 0x00007ff766671000 	D:\Android\AndroidStudio\jre\bin\java.exe
0x00007ffb46030000 - 0x00007ffb461dd000 	C:\WINDOWS\SYSTEM32\ntdll.dll
0x00007ffb44000000 - 0x00007ffb4413e000 	C:\WINDOWS\system32\KERNEL32.DLL
0x00007ffb43330000 - 0x00007ffb43445000 	C:\WINDOWS\system32\KERNELBASE.dll
0x00007ffb43980000 - 0x00007ffb43a2a000 	C:\WINDOWS\system32\ADVAPI32.dll
0x00007ffb43e10000 - 0x00007ffb43f87000 	C:\WINDOWS\system32\USER32.dll
0x00007ffb40df0000 - 0x00007ffb4106a000 	C:\WINDOWS\WinSxS\amd64_microsoft.windows.common-controls_6595b64144ccf1df_6.0.9600.17810_none_6240b9c7ecbd0bda\COMCTL32.dll
0x00007ffb436b0000 - 0x00007ffb4375a000 	C:\WINDOWS\system32\msvcrt.dll
0x00007ffb43a30000 - 0x00007ffb43a89000 	C:\WINDOWS\SYSTEM32\sechost.dll
0x00007ffb44140000 - 0x00007ffb44280000 	C:\WINDOWS\system32\RPCRT4.dll
0x00007ffb45830000 - 0x00007ffb4597f000 	C:\WINDOWS\system32\GDI32.dll
0x00007ffb43630000 - 0x00007ffb4365e000 	C:\WINDOWS\system32\SspiCli.dll
0x00007ffb43af0000 - 0x00007ffb43b26000 	C:\WINDOWS\system32\IMM32.DLL
0x00007ffb45980000 - 0x00007ffb45ad2000 	C:\WINDOWS\system32\MSCTF.dll
0x0000000069520000 - 0x00000000695f2000 	D:\Android\AndroidStudio\jre\jre\bin\msvcr100.dll
0x0000000069600000 - 0x0000000069e34000 	D:\Android\AndroidStudio\jre\jre\bin\server\jvm.dll
0x00007ffb3a960000 - 0x00007ffb3a969000 	C:\WINDOWS\SYSTEM32\WSOCK32.dll
0x00007ffb39250000 - 0x00007ffb39272000 	C:\WINDOWS\SYSTEM32\WINMM.dll
0x00007ffb3c820000 - 0x00007ffb3c82a000 	C:\WINDOWS\SYSTEM32\VERSION.dll
0x00007ffb43e00000 - 0x00007ffb43e07000 	C:\WINDOWS\system32\PSAPI.DLL
0x00007ffb44280000 - 0x00007ffb442da000 	C:\WINDOWS\system32\WS2_32.dll
0x00007ffb39150000 - 0x00007ffb3917a000 	C:\WINDOWS\SYSTEM32\WINMMBASE.dll
0x00007ffb45820000 - 0x00007ffb45829000 	C:\WINDOWS\system32\NSI.dll
0x00007ffb43660000 - 0x00007ffb436af000 	C:\WINDOWS\SYSTEM32\cfgmgr32.dll
0x00007ffb41f70000 - 0x00007ffb41f98000 	C:\WINDOWS\SYSTEM32\DEVOBJ.dll
0x00007ffb3f0a0000 - 0x00007ffb3f0af000 	D:\Android\AndroidStudio\jre\jre\bin\verify.dll
0x00007ffb3bae0000 - 0x00007ffb3bb09000 	D:\Android\AndroidStudio\jre\jre\bin\java.dll
0x00007ffb3ec30000 - 0x00007ffb3ec46000 	D:\Android\AndroidStudio\jre\jre\bin\zip.dll
0x00007ffb442e0000 - 0x00007ffb45808000 	C:\WINDOWS\system32\SHELL32.dll
0x00007ffb43760000 - 0x00007ffb43971000 	C:\WINDOWS\SYSTEM32\combase.dll
0x00007ffb43a90000 - 0x00007ffb43ae4000 	C:\WINDOWS\system32\SHLWAPI.dll
0x00007ffb41790000 - 0x00007ffb41842000 	C:\WINDOWS\SYSTEM32\SHCORE.dll
0x00007ffb43150000 - 0x00007ffb43165000 	C:\WINDOWS\SYSTEM32\profapi.dll

VM Arguments:
jvm_args: -Djava.awt.headless=true -Xmx1024M -Dfile.encoding=windows-1252 -Duser.country=US -Duser.language=en -Duser.variant 
java_command: com.android.dx.command.Main --dex --force-jumbo --num-threads=4 --multi-dex --output D:\Mozilla Downloads\and-nd-firebase-1.00-starting-point\app\build\intermediates\transforms\dex\debug\folders\1000\10\twitter-text-1.13.0_f22c3ef798b24ced952be925b87b8745af30d8d6 D:\Android\.gradle\caches\modules-2\files-2.1\com.twitter\twitter-text\1.13.0\78415b95ae3184c5926d593feab64bfc0b73b2dd\twitter-text-1.13.0.jar
java_class_path (initial): D:\Android\sdk\build-tools\24.0.1\lib\dx.jar
Launcher Type: SUN_STANDARD

Environment Variables:
PATH=C:\ProgramData\Oracle\Java\javapath;C:\Program Files (x86)\Intel\iCLS Client\;C:\Program Files\Intel\iCLS Client\;C:\WINDOWS\system32;C:\WINDOWS;C:\WINDOWS\System32\Wbem;C:\WINDOWS\System32\WindowsPowerShell\v1.0\;C:\Program Files\Intel\Intel(R) Management Engine Components\DAL;C:\Program Files (x86)\Intel\Intel(R) Management Engine Components\DAL;C:\Program Files\Intel\Intel(R) Management Engine Components\IPT;C:\Program Files (x86)\Intel\Intel(R) Management Engine Components\IPT;C:\Program Files\Microsoft SQL Server\110\Tools\Binn\
USERNAME=Hamid-PC
OS=Windows_NT
PROCESSOR_IDENTIFIER=Intel64 Family 6 Model 61 Stepping 4, GenuineIntel



---------------  S Y S T E M  ---------------

OS: Windows 8.1 , 64 bit Build 9600 (6.3.9600.17415)

CPU:total 4 (2 cores per cpu, 2 threads per core) family 6 model 61 stepping 4, cmov, cx8, fxsr, mmx, sse, sse2, sse3, ssse3, sse4.1, sse4.2, popcnt, avx, avx2, aes, clmul, erms, 3dnowpref, lzcnt, ht, tsc, tscinvbit, bmi1, bmi2, adx

Memory: 4k page, physical 4107980k(236100k free), swap 5209432k(5280k free)

vm_info: OpenJDK 64-Bit Server VM (25.76-b03) for windows-amd64 JRE (1.8.0_76-release-b03), built on Jun 29 2016 19:09:20 by "ralucas" with MS VC++ 10.0 (VS2010)

time: Thu Dec 22 18:34:20 2016
elapsed time: 3 seconds (0d 0h 0m 3s)

