#
# There is insufficient memory for the Java Runtime Environment to continue.
# Native memory allocation (malloc) failed to allocate 56016 bytes for Chunk::new
# Possible reasons:
#   The system is out of physical RAM or swap space
#   In 32 bit mode, the process size limit was hit
# Possible solutions:
#   Reduce memory load on the system
#   Increase physical memory or swap space
#   Check if swap backing store is full
#   Use 64 bit Java on a 64 bit OS
#   Decrease Java heap size (-Xmx/-Xms)
#   Decrease number of Java threads
#   Decrease Java thread stack sizes (-Xss)
#   Set larger code cache with -XX:ReservedCodeCacheSize=
# This output file may be truncated or incomplete.
#
#  Out of Memory Error (allocation.cpp:390), pid=5288, tid=0x0000000000000fe0
#
# JRE version: OpenJDK Runtime Environment (8.0_76-b03) (build 1.8.0_76-release-b03)
# Java VM: OpenJDK 64-Bit Server VM (25.76-b03 mixed mode windows-amd64 compressed oops)
# Failed to write core dump. Minidumps are not enabled by default on client versions of Windows
#

---------------  T H R E A D  ---------------

Current thread (0x0000000015255800):  JavaThread "C2 CompilerThread1" daemon [_thread_in_native, id=4064, stack(0x0000000016850000,0x0000000016950000)]

Stack: [0x0000000016850000,0x0000000016950000]
[error occurred during error reporting (printing stack bounds), id 0xc0000005]

Native frames: (J=compiled Java code, j=interpreted, Vv=VM code, C=native code)


Current CompileTask:
C2:   9099  630       4       com.android.dx.rop.cst.CstString::utf8BytesToString (391 bytes)


---------------  P R O C E S S  ---------------

Java Threads: ( => current thread )
  0x0000000016d08000 JavaThread "pool-2-thread-4" [_thread_in_Java, id=2220, stack(0x0000000017450000,0x0000000017550000)]
  0x0000000016d07800 JavaThread "pool-2-thread-3" [_thread_in_Java, id=4260, stack(0x0000000017350000,0x0000000017450000)]
  0x0000000016d06000 JavaThread "pool-2-thread-2" [_thread_blocked, id=4076, stack(0x0000000017250000,0x0000000017350000)]
  0x0000000016cfd800 JavaThread "pool-3-thread-1" [_thread_blocked, id=4068, stack(0x0000000017150000,0x0000000017250000)]
  0x0000000016cf8800 JavaThread "pool-2-thread-1" [_thread_blocked, id=5896, stack(0x0000000017050000,0x0000000017150000)]
  0x0000000016a5b800 JavaThread "Service Thread" daemon [_thread_blocked, id=5200, stack(0x0000000016e50000,0x0000000016f50000)]
  0x000000001525b800 JavaThread "C1 CompilerThread2" daemon [_thread_blocked, id=4360, stack(0x0000000016950000,0x0000000016a50000)]
=>0x0000000015255800 JavaThread "C2 CompilerThread1" daemon [_thread_in_native, id=4064, stack(0x0000000016850000,0x0000000016950000)]
  0x00000000151fc000 JavaThread "C2 CompilerThread0" daemon [_thread_blocked, id=3916, stack(0x0000000016750000,0x0000000016850000)]
  0x00000000151fb000 JavaThread "Attach Listener" daemon [_thread_blocked, id=5608, stack(0x0000000016650000,0x0000000016750000)]
  0x00000000151fa000 JavaThread "Signal Dispatcher" daemon [_thread_blocked, id=1364, stack(0x0000000016550000,0x0000000016650000)]
  0x00000000151e8000 JavaThread "Finalizer" daemon [_thread_blocked, id=4000, stack(0x0000000016450000,0x0000000016550000)]
  0x0000000002b1f000 JavaThread "Reference Handler" daemon [_thread_blocked, id=4988, stack(0x0000000016350000,0x0000000016450000)]
  0x0000000002a30800 JavaThread "main" [_thread_in_Java, id=5932, stack(0x0000000002930000,0x0000000002a30000)]

Other Threads:
  0x00000000151c5800 VMThread [stack: 0x0000000016250000,0x0000000016350000] [id=1332]
  0x0000000016a50800 WatcherThread [stack: 0x0000000016f50000,0x0000000017050000] [id=5412]

VM state:not at safepoint (normal execution)

VM Mutex/Monitor currently owned by a thread: None

Heap:
 PSYoungGen      total 18944K, used 5784K [0x00000000eab00000, 0x00000000ed000000, 0x0000000100000000)
  eden space 16384K, 19% used [0x00000000eab00000,0x00000000eae29b18,0x00000000ebb00000)
  from space 2560K, 99% used [0x00000000ebb00000,0x00000000ebd7c8b8,0x00000000ebd80000)
  to   space 2560K, 0% used [0x00000000ecd80000,0x00000000ecd80000,0x00000000ed000000)
 ParOldGen       total 44032K, used 487K [0x00000000c0000000, 0x00000000c2b00000, 0x00000000eab00000)
  object space 44032K, 1% used [0x00000000c0000000,0x00000000c0079e40,0x00000000c2b00000)
 Metaspace       used 5447K, capacity 6576K, committed 6784K, reserved 1056768K
  class space    used 559K, capacity 616K, committed 640K, reserved 1048576K

Card table byte_map: [0x0000000011ef0000,0x0000000012100000] byte_map_base: 0x00000000118f0000

Marking Bits: (ParMarkBitMap*) 0x0000000069db9d00
 Begin Bits: [0x0000000012660000, 0x0000000013660000)
 End Bits:   [0x0000000013660000, 0x0000000014660000)

Polling page: 0x0000000001090000

CodeCache: size=245760Kb used=2294Kb max_used=2305Kb free=243465Kb
 bounds [0x0000000002b30000, 0x0000000002da0000, 0x0000000011b30000]
 total_blobs=848 nmethods=586 adapters=176
 compilation: enabled

Compilation events (10 events):
Event: 9.071 Thread 0x0000000015255800  628       4       com.android.dx.ssa.NormalSsaInsn::isNormalMoveInsn (20 bytes)
Event: 9.073 Thread 0x0000000015255800 nmethod 628 0x0000000002d6ad90 code [0x0000000002d6aec0, 0x0000000002d6af58]
Event: 9.073 Thread 0x00000000151fc000  629       4       com.android.dx.util.ByteArray::getUnsignedShort (25 bytes)
Event: 9.076 Thread 0x00000000151fc000 nmethod 629 0x0000000002d6ff10 code [0x0000000002d70060, 0x0000000002d701b8]
Event: 9.079 Thread 0x0000000015255800  630       4       com.android.dx.rop.cst.CstString::utf8BytesToString (391 bytes)
Event: 9.083 Thread 0x00000000151fc000  631       4       com.android.dx.ssa.SsaBasicBlock::isReachable (29 bytes)
Event: 9.084 Thread 0x00000000151fc000 nmethod 631 0x0000000002d6fcd0 code [0x0000000002d6fe00, 0x0000000002d6fe98]
Event: 9.086 Thread 0x00000000151fc000  632   !   4       com.android.dx.util.FixedSizeList::<init> (36 bytes)
Event: 9.089 Thread 0x00000000151fc000 nmethod 632 0x0000000002d6f990 code [0x0000000002d6fae0, 0x0000000002d6fc18]
Event: 9.091 Thread 0x00000000151fc000  633       4       com.android.dx.rop.type.Type::hashCode (8 bytes)

GC Heap History (2 events):
Event: 8.169 GC heap before
{Heap before GC invocations=1 (full 0):
 PSYoungGen      total 18944K, used 16384K [0x00000000eab00000, 0x00000000ec000000, 0x0000000100000000)
  eden space 16384K, 100% used [0x00000000eab00000,0x00000000ebb00000,0x00000000ebb00000)
  from space 2560K, 0% used [0x00000000ebd80000,0x00000000ebd80000,0x00000000ec000000)
  to   space 2560K, 0% used [0x00000000ebb00000,0x00000000ebb00000,0x00000000ebd80000)
 ParOldGen       total 44032K, used 0K [0x00000000c0000000, 0x00000000c2b00000, 0x00000000eab00000)
  object space 44032K, 0% used [0x00000000c0000000,0x00000000c0000000,0x00000000c2b00000)
 Metaspace       used 5246K, capacity 6448K, committed 6528K, reserved 1056768K
  class space    used 554K, capacity 616K, committed 640K, reserved 1048576K
Event: 8.498 GC heap after
Heap after GC invocations=1 (full 0):
 PSYoungGen      total 18944K, used 2546K [0x00000000eab00000, 0x00000000ed000000, 0x0000000100000000)
  eden space 16384K, 0% used [0x00000000eab00000,0x00000000eab00000,0x00000000ebb00000)
  from space 2560K, 99% used [0x00000000ebb00000,0x00000000ebd7c8b8,0x00000000ebd80000)
  to   space 2560K, 0% used [0x00000000ecd80000,0x00000000ecd80000,0x00000000ed000000)
 ParOldGen       total 44032K, used 487K [0x00000000c0000000, 0x00000000c2b00000, 0x00000000eab00000)
  object space 44032K, 1% used [0x00000000c0000000,0x00000000c0079e40,0x00000000c2b00000)
 Metaspace       used 5246K, capacity 6448K, committed 6528K, reserved 1056768K
  class space    used 554K, capacity 616K, committed 640K, reserved 1048576K
}

Deoptimization events (4 events):
Event: 5.375 Thread 0x0000000002a30800 Uncommon trap: reason=unstable_if action=reinterpret pc=0x0000000002c93e5c method=java.util.regex.Pattern$BnM.match(Ljava/util/regex/Matcher;ILjava/lang/CharSequence;)Z @ 34
Event: 6.377 Thread 0x0000000002a30800 Uncommon trap: reason=unstable_if action=reinterpret pc=0x0000000002c810d0 method=java.lang.String.indexOf(II)I @ 49
Event: 6.817 Thread 0x0000000002a30800 Uncommon trap: reason=unstable_if action=reinterpret pc=0x0000000002c96354 method=java.lang.String.compareTo(Ljava/lang/String;)I @ 38
Event: 9.086 Thread 0x0000000016d08000 Uncommon trap: reason=class_check action=maybe_recompile pc=0x0000000002d6e514 method=com.android.dx.ssa.NormalSsaInsn.accept(Lcom/android/dx/ssa/SsaInsn$Visitor;)V @ 9

Internal exceptions (2 events):
Event: 1.097 Thread 0x0000000002a30800 Exception <a 'java/lang/NoSuchMethodError': Method sun.misc.Unsafe.defineClass(Ljava/lang/String;[BII)Ljava/lang/Class; name or signature does not match> (0x00000000eab07cc0) thrown at [C:\src\android\AOSP-openjdk\external\jetbrains\jdk\hotspot\src\share\v Ï~Ó»èÒ?
Event: 1.098 Thread 0x0000000002a30800 Exception <a 'java/lang/NoSuchMethodError': Method sun.misc.Unsafe.prefetchRead(Ljava/lang/Object;J)V name or signature does not match> (0x00000000eab07fa8) thrown at [C:\src\android\AOSP-openjdk\external\jetbrains\jdk\hotspot\src\share\vm\prims\jni.cpp, l

Events (10 events):
Event: 8.936 loading class com/android/dx/dex/file/UniformListItem done
Event: 8.938 loading class com/android/dx/dex/file/AnnotationSetRefItem
Event: 8.938 loading class com/android/dx/dex/file/AnnotationSetRefItem done
Event: 8.990 loading class java/util/DualPivotQuicksort
Event: 8.991 loading class java/util/DualPivotQuicksort done
Event: 9.005 loading class java/util/ArrayList$1
Event: 9.005 loading class java/util/ArrayList$1 done
Event: 9.086 Thread 0x0000000016d08000 Uncommon trap: trap_request=0xffffffde fr.pc=0x0000000002d6e514
Event: 9.086 Thread 0x0000000016d08000 DEOPT PACKING pc=0x0000000002d6e514 sp=0x000000001754ece0
Event: 9.086 Thread 0x0000000016d08000 DEOPT UNPACKING pc=0x0000000002b7556a sp=0x000000001754ec30 mode 2


Dynamic libraries:
0x00007ff766640000 - 0x00007ff766671000 	D:\Android\AndroidStudio\jre\bin\java.exe
0x00007ffb46030000 - 0x00007ffb461dd000 	C:\WINDOWS\SYSTEM32\ntdll.dll
0x00007ffb44000000 - 0x00007ffb4413e000 	C:\WINDOWS\system32\KERNEL32.DLL
0x00007ffb43330000 - 0x00007ffb43445000 	C:\WINDOWS\system32\KERNELBASE.dll
0x00007ffb43980000 - 0x00007ffb43a2a000 	C:\WINDOWS\system32\ADVAPI32.dll
0x00007ffb43e10000 - 0x00007ffb43f87000 	C:\WINDOWS\system32\USER32.dll
0x00007ffb40df0000 - 0x00007ffb4106a000 	C:\WINDOWS\WinSxS\amd64_microsoft.windows.common-controls_6595b64144ccf1df_6.0.9600.17810_none_6240b9c7ecbd0bda\COMCTL32.dll
0x00007ffb436b0000 - 0x00007ffb4375a000 	C:\WINDOWS\system32\msvcrt.dll
0x00007ffb43a30000 - 0x00007ffb43a89000 	C:\WINDOWS\SYSTEM32\sechost.dll
0x00007ffb44140000 - 0x00007ffb44280000 	C:\WINDOWS\system32\RPCRT4.dll
0x00007ffb45830000 - 0x00007ffb4597f000 	C:\WINDOWS\system32\GDI32.dll
0x00007ffb43630000 - 0x00007ffb4365e000 	C:\WINDOWS\system32\SspiCli.dll
0x00007ffb43af0000 - 0x00007ffb43b26000 	C:\WINDOWS\system32\IMM32.DLL
0x00007ffb45980000 - 0x00007ffb45ad2000 	C:\WINDOWS\system32\MSCTF.dll
0x0000000069520000 - 0x00000000695f2000 	D:\Android\AndroidStudio\jre\jre\bin\msvcr100.dll
0x0000000069600000 - 0x0000000069e34000 	D:\Android\AndroidStudio\jre\jre\bin\server\jvm.dll
0x00007ffb3a960000 - 0x00007ffb3a969000 	C:\WINDOWS\SYSTEM32\WSOCK32.dll
0x00007ffb39250000 - 0x00007ffb39272000 	C:\WINDOWS\SYSTEM32\WINMM.dll
0x00007ffb3c820000 - 0x00007ffb3c82a000 	C:\WINDOWS\SYSTEM32\VERSION.dll
0x00007ffb43e00000 - 0x00007ffb43e07000 	C:\WINDOWS\system32\PSAPI.DLL
0x00007ffb44280000 - 0x00007ffb442da000 	C:\WINDOWS\system32\WS2_32.dll
0x00007ffb39150000 - 0x00007ffb3917a000 	C:\WINDOWS\SYSTEM32\WINMMBASE.dll
0x00007ffb45820000 - 0x00007ffb45829000 	C:\WINDOWS\system32\NSI.dll
0x00007ffb43660000 - 0x00007ffb436af000 	C:\WINDOWS\SYSTEM32\cfgmgr32.dll
0x00007ffb41f70000 - 0x00007ffb41f98000 	C:\WINDOWS\SYSTEM32\DEVOBJ.dll
0x00007ffb3f0a0000 - 0x00007ffb3f0af000 	D:\Android\AndroidStudio\jre\jre\bin\verify.dll
0x00007ffb3bae0000 - 0x00007ffb3bb09000 	D:\Android\AndroidStudio\jre\jre\bin\java.dll
0x00007ffb3ec30000 - 0x00007ffb3ec46000 	D:\Android\AndroidStudio\jre\jre\bin\zip.dll
0x00007ffb442e0000 - 0x00007ffb45808000 	C:\WINDOWS\system32\SHELL32.dll
0x00007ffb43760000 - 0x00007ffb43971000 	C:\WINDOWS\SYSTEM32\combase.dll
0x00007ffb43a90000 - 0x00007ffb43ae4000 	C:\WINDOWS\system32\SHLWAPI.dll
0x00007ffb41790000 - 0x00007ffb41842000 	C:\WINDOWS\SYSTEM32\SHCORE.dll
0x00007ffb43150000 - 0x00007ffb43165000 	C:\WINDOWS\SYSTEM32\profapi.dll

VM Arguments:
jvm_args: -Djava.awt.headless=true -Xmx1024M -Dfile.encoding=windows-1252 -Duser.country=US -Duser.language=en -Duser.variant 
java_command: com.android.dx.command.Main --dex --force-jumbo --num-threads=4 --multi-dex --output D:\Mozilla Downloads\and-nd-firebase-1.00-starting-point\app\build\intermediates\transforms\dex\debug\folders\1000\10\com.android.support-support-compat-25.0.1_2afdd52c5cfd2bc5e54f57bcd8fec2689b9e6bd6 D:\Mozilla Downloads\and-nd-firebase-1.00-starting-point\app\build\intermediates\exploded-aar\com.android.support\support-compat\25.0.1\jars\classes.jar
java_class_path (initial): D:\Android\sdk\build-tools\24.0.1\lib\dx.jar
Launcher Type: SUN_STANDARD

Environment Variables:
PATH=C:\ProgramData\Oracle\Java\javapath;C:\Program Files (x86)\Intel\iCLS Client\;C:\Program Files\Intel\iCLS Client\;C:\WINDOWS\system32;C:\WINDOWS;C:\WINDOWS\System32\Wbem;C:\WINDOWS\System32\WindowsPowerShell\v1.0\;C:\Program Files\Intel\Intel(R) Management Engine Components\DAL;C:\Program Files (x86)\Intel\Intel(R) Management Engine Components\DAL;C:\Program Files\Intel\Intel(R) Management Engine Components\IPT;C:\Program Files (x86)\Intel\Intel(R) Management Engine Components\IPT;C:\Program Files\Microsoft SQL Server\110\Tools\Binn\
USERNAME=Hamid-PC
OS=Windows_NT
PROCESSOR_IDENTIFIER=Intel64 Family 6 Model 61 Stepping 4, GenuineIntel



---------------  S Y S T E M  ---------------

OS: Windows 8.1 , 64 bit Build 9600 (6.3.9600.17415)

CPU:total 4 (2 cores per cpu, 2 threads per core) family 6 model 61 stepping 4, cmov, cx8, fxsr, mmx, sse, sse2, sse3, ssse3, sse4.1, sse4.2, popcnt, avx, avx2, aes, clmul, erms, 3dnowpref, lzcnt, ht, tsc, tscinvbit, bmi1, bmi2, adx

Memory: 4k page, physical 4107980k(204648k free), swap 5209432k(5380k free)

vm_info: OpenJDK 64-Bit Server VM (25.76-b03) for windows-amd64 JRE (1.8.0_76-release-b03), built on Jun 29 2016 19:09:20 by "ralucas" with MS VC++ 10.0 (VS2010)

time: Thu Dec 22 18:55:22 2016
elapsed time: 9 seconds (0d 0h 0m 9s)

