#
# There is insufficient memory for the Java Runtime Environment to continue.
# Native memory allocation (malloc) failed to allocate 32744 bytes for ChunkPool::allocate
# Possible reasons:
#   The system is out of physical RAM or swap space
#   In 32 bit mode, the process size limit was hit
# Possible solutions:
#   Reduce memory load on the system
#   Increase physical memory or swap space
#   Check if swap backing store is full
#   Use 64 bit Java on a 64 bit OS
#   Decrease Java heap size (-Xmx/-Xms)
#   Decrease number of Java threads
#   Decrease Java thread stack sizes (-Xss)
#   Set larger code cache with -XX:ReservedCodeCacheSize=
# This output file may be truncated or incomplete.
#
#  Out of Memory Error (allocation.cpp:273), pid=2520, tid=0x00000000000003dc
#
# JRE version: OpenJDK Runtime Environment (8.0_76-b03) (build 1.8.0_76-release-b03)
# Java VM: OpenJDK 64-Bit Server VM (25.76-b03 mixed mode windows-amd64 compressed oops)
# Failed to write core dump. Minidumps are not enabled by default on client versions of Windows
#

---------------  T H R E A D  ---------------

Current thread (0x0000000014f8a800):  JavaThread "C2 CompilerThread0" daemon [_thread_in_native, id=988, stack(0x00000000165d0000,0x00000000166d0000)]

Stack: [0x00000000165d0000,0x00000000166d0000]
[error occurred during error reporting (printing stack bounds), id 0xc0000005]

Native frames: (J=compiled Java code, j=interpreted, Vv=VM code, C=native code)


Current CompileTask:
C2:   3884  237       4       java.lang.String::replace (127 bytes)


---------------  P R O C E S S  ---------------

Java Threads: ( => current thread )
  0x0000000016a3c800 JavaThread "pool-2-thread-3" [_thread_blocked, id=4556, stack(0x00000000171d0000,0x00000000172d0000)]
  0x0000000016a3b000 JavaThread "pool-2-thread-2" [_thread_blocked, id=5976, stack(0x00000000170d0000,0x00000000171d0000)]
  0x0000000016a32000 JavaThread "pool-3-thread-1" [_thread_blocked, id=2392, stack(0x0000000016fd0000,0x00000000170d0000)]
  0x0000000016a31800 JavaThread "pool-2-thread-1" [_thread_in_Java, id=2524, stack(0x0000000016ed0000,0x0000000016fd0000)]
  0x0000000014fee800 JavaThread "Service Thread" daemon [_thread_blocked, id=1196, stack(0x0000000016cd0000,0x0000000016dd0000)]
  0x0000000014fea800 JavaThread "C1 CompilerThread2" daemon [_thread_in_vm, id=5500, stack(0x00000000167d0000,0x00000000168d0000)]
  0x0000000014fe4800 JavaThread "C2 CompilerThread1" daemon [_thread_blocked, id=5644, stack(0x00000000166d0000,0x00000000167d0000)]
=>0x0000000014f8a800 JavaThread "C2 CompilerThread0" daemon [_thread_in_native, id=988, stack(0x00000000165d0000,0x00000000166d0000)]
  0x0000000014f89800 JavaThread "Attach Listener" daemon [_thread_blocked, id=3876, stack(0x00000000164d0000,0x00000000165d0000)]
  0x0000000014f88000 JavaThread "Signal Dispatcher" daemon [_thread_blocked, id=1280, stack(0x00000000163d0000,0x00000000164d0000)]
  0x0000000014f78000 JavaThread "Finalizer" daemon [_thread_blocked, id=5080, stack(0x00000000161f0000,0x00000000162f0000)]
  0x000000000275f000 JavaThread "Reference Handler" daemon [_thread_blocked, id=5964, stack(0x00000000160f0000,0x00000000161f0000)]
  0x0000000002670800 JavaThread "main" [_thread_blocked, id=2240, stack(0x0000000000de0000,0x0000000000ee0000)]

Other Threads:
  0x0000000014f55800 VMThread [stack: 0x0000000015ff0000,0x00000000160f0000] [id=5176]
  0x00000000168dc000 WatcherThread [stack: 0x0000000016dd0000,0x0000000016ed0000] [id=4336]

VM state:not at safepoint (normal execution)

VM Mutex/Monitor currently owned by a thread:  ([mutex/lock_event])
[0x0000000002a1b590] CodeCache_lock - owner thread: 0x0000000000000000

Heap:
 PSYoungGen      total 18944K, used 6641K [0x00000000eab00000, 0x00000000ec000000, 0x0000000100000000)
  eden space 16384K, 40% used [0x00000000eab00000,0x00000000eb17c488,0x00000000ebb00000)
  from space 2560K, 0% used [0x00000000ebd80000,0x00000000ebd80000,0x00000000ec000000)
  to   space 2560K, 0% used [0x00000000ebb00000,0x00000000ebb00000,0x00000000ebd80000)
 ParOldGen       total 44032K, used 0K [0x00000000c0000000, 0x00000000c2b00000, 0x00000000eab00000)
  object space 44032K, 0% used [0x00000000c0000000,0x00000000c0000000,0x00000000c2b00000)
 Metaspace       used 4679K, capacity 5808K, committed 6016K, reserved 1056768K
  class space    used 509K, capacity 552K, committed 640K, reserved 1048576K

Card table byte_map: [0x0000000011de0000,0x0000000011ff0000] byte_map_base: 0x00000000117e0000

Marking Bits: (ParMarkBitMap*) 0x0000000069db9d00
 Begin Bits: [0x00000000123f0000, 0x00000000133f0000)
 End Bits:   [0x00000000133f0000, 0x00000000143f0000)

Polling page: 0x0000000000cb0000

CodeCache: size=245760Kb used=1572Kb max_used=1572Kb free=244187Kb
 bounds [0x0000000002a20000, 0x0000000002c90000, 0x0000000011a20000]
 total_blobs=524 nmethods=260 adapters=178
 compilation: enabled

Compilation events (10 events):
Event: 3.869 Thread 0x0000000014fea800 nmethod 247 0x0000000002ba3950 code [0x0000000002ba3aa0, 0x0000000002ba3bb0]
Event: 3.869 Thread 0x0000000014fea800  248       1       com.android.dx.rop.code.Insn::getOpcode (5 bytes)
Event: 3.869 Thread 0x0000000014fea800 nmethod 248 0x0000000002ba3c10 code [0x0000000002ba3d60, 0x0000000002ba3e70]
Event: 3.869 Thread 0x0000000014fea800  250       3       com.android.dx.util.MutabilityControl::<init> (10 bytes)
Event: 3.870 Thread 0x0000000014fea800 nmethod 250 0x0000000002ba3ed0 code [0x0000000002ba4020, 0x0000000002ba41d0]
Event: 3.870 Thread 0x0000000014fea800  249       1       com.android.dx.rop.code.Rop::getBranchingness (5 bytes)
Event: 3.870 Thread 0x0000000014fea800 nmethod 249 0x0000000002ba4290 code [0x0000000002ba43e0, 0x0000000002ba44f0]
Event: 3.870 Thread 0x0000000014fea800  246   !   3       java.util.zip.Inflater::setInput (74 bytes)
Event: 3.871 Thread 0x0000000014fea800 nmethod 246 0x0000000002ba4550 code [0x0000000002ba46e0, 0x0000000002ba4c58]
Event: 3.871 Thread 0x0000000014fea800  251   !   3       java.util.zip.ZipFile::getInputStream (304 bytes)

GC Heap History (0 events):
No events

Deoptimization events (1 events):
Event: 1.691 Thread 0x0000000002670800 Uncommon trap: reason=unstable_if action=reinterpret pc=0x0000000002b63c54 method=java.lang.String.indexOf(II)I @ 49

Internal exceptions (2 events):
Event: 0.294 Thread 0x0000000002670800 Exception <a 'java/lang/NoSuchMethodError': Method sun.misc.Unsafe.defineClass(Ljava/lang/String;[BII)Ljava/lang/Class; name or signature does not match> (0x00000000eab07cc0) thrown at [C:\src\android\AOSP-openjdk\external\jetbrains\jdk\hotspot\src\share\v∫è¿_æ÷“?
Event: 0.294 Thread 0x0000000002670800 Exception <a 'java/lang/NoSuchMethodError': Method sun.misc.Unsafe.prefetchRead(Ljava/lang/Object;J)V name or signature does not match> (0x00000000eab07fa8) thrown at [C:\src\android\AOSP-openjdk\external\jetbrains\jdk\hotspot\src\share\vm\prims\jni.cpp, l

Events (10 events):
Event: 3.866 loading class com/android/dx/ssa/SsaRenamer$BlockRenamer$1
Event: 3.866 loading class com/android/dx/ssa/SsaRenamer$BlockRenamer$1 done
Event: 3.868 loading class com/android/dx/ssa/MoveParamCombiner
Event: 3.868 loading class com/android/dx/ssa/MoveParamCombiner done
Event: 3.869 loading class com/android/dx/ssa/MoveParamCombiner$1
Event: 3.869 loading class com/android/dx/ssa/MoveParamCombiner$1 done
Event: 3.870 loading class com/android/dx/ssa/MoveParamCombiner$1$1
Event: 3.870 loading class com/android/dx/ssa/MoveParamCombiner$1$1 done
Event: 3.871 loading class com/android/dx/ssa/SCCP
Event: 3.871 loading class com/android/dx/ssa/SCCP done


Dynamic libraries:
0x00007ff631170000 - 0x00007ff6311a1000 	D:\Android\AndroidStudio\jre\bin\java.exe
0x00007ffb46030000 - 0x00007ffb461dd000 	C:\WINDOWS\SYSTEM32\ntdll.dll
0x00007ffb44000000 - 0x00007ffb4413e000 	C:\WINDOWS\system32\KERNEL32.DLL
0x00007ffb43330000 - 0x00007ffb43445000 	C:\WINDOWS\system32\KERNELBASE.dll
0x00007ffb43980000 - 0x00007ffb43a2a000 	C:\WINDOWS\system32\ADVAPI32.dll
0x00007ffb43e10000 - 0x00007ffb43f87000 	C:\WINDOWS\system32\USER32.dll
0x00007ffb40df0000 - 0x00007ffb4106a000 	C:\WINDOWS\WinSxS\amd64_microsoft.windows.common-controls_6595b64144ccf1df_6.0.9600.17810_none_6240b9c7ecbd0bda\COMCTL32.dll
0x00007ffb436b0000 - 0x00007ffb4375a000 	C:\WINDOWS\system32\msvcrt.dll
0x00007ffb43a30000 - 0x00007ffb43a89000 	C:\WINDOWS\SYSTEM32\sechost.dll
0x00007ffb44140000 - 0x00007ffb44280000 	C:\WINDOWS\system32\RPCRT4.dll
0x00007ffb45830000 - 0x00007ffb4597f000 	C:\WINDOWS\system32\GDI32.dll
0x00007ffb43630000 - 0x00007ffb4365e000 	C:\WINDOWS\system32\SspiCli.dll
0x00007ffb43af0000 - 0x00007ffb43b26000 	C:\WINDOWS\system32\IMM32.DLL
0x00007ffb45980000 - 0x00007ffb45ad2000 	C:\WINDOWS\system32\MSCTF.dll
0x000000006a4b0000 - 0x000000006a582000 	D:\Android\AndroidStudio\jre\jre\bin\msvcr100.dll
0x0000000069600000 - 0x0000000069e34000 	D:\Android\AndroidStudio\jre\jre\bin\server\jvm.dll
0x00007ffb3a960000 - 0x00007ffb3a969000 	C:\WINDOWS\SYSTEM32\WSOCK32.dll
0x00007ffb39250000 - 0x00007ffb39272000 	C:\WINDOWS\SYSTEM32\WINMM.dll
0x00007ffb3c820000 - 0x00007ffb3c82a000 	C:\WINDOWS\SYSTEM32\VERSION.dll
0x00007ffb43e00000 - 0x00007ffb43e07000 	C:\WINDOWS\system32\PSAPI.DLL
0x00007ffb44280000 - 0x00007ffb442da000 	C:\WINDOWS\system32\WS2_32.dll
0x00007ffb39150000 - 0x00007ffb3917a000 	C:\WINDOWS\SYSTEM32\WINMMBASE.dll
0x00007ffb45820000 - 0x00007ffb45829000 	C:\WINDOWS\system32\NSI.dll
0x00007ffb43660000 - 0x00007ffb436af000 	C:\WINDOWS\SYSTEM32\cfgmgr32.dll
0x00007ffb41f70000 - 0x00007ffb41f98000 	C:\WINDOWS\SYSTEM32\DEVOBJ.dll
0x00007ffb3dfa0000 - 0x00007ffb3dfaf000 	D:\Android\AndroidStudio\jre\jre\bin\verify.dll
0x00007ffb3bdb0000 - 0x00007ffb3bdd9000 	D:\Android\AndroidStudio\jre\jre\bin\java.dll
0x00007ffb3c710000 - 0x00007ffb3c726000 	D:\Android\AndroidStudio\jre\jre\bin\zip.dll
0x00007ffb442e0000 - 0x00007ffb45808000 	C:\WINDOWS\system32\SHELL32.dll
0x00007ffb43760000 - 0x00007ffb43971000 	C:\WINDOWS\SYSTEM32\combase.dll
0x00007ffb43a90000 - 0x00007ffb43ae4000 	C:\WINDOWS\system32\SHLWAPI.dll
0x00007ffb41790000 - 0x00007ffb41842000 	C:\WINDOWS\SYSTEM32\SHCORE.dll
0x00007ffb43150000 - 0x00007ffb43165000 	C:\WINDOWS\SYSTEM32\profapi.dll

VM Arguments:
jvm_args: -Djava.awt.headless=true -Xmx1024M -Dfile.encoding=windows-1252 -Duser.country=US -Duser.language=en -Duser.variant 
java_command: com.android.dx.command.Main --dex --force-jumbo --num-threads=4 --multi-dex --output D:\Mozilla Downloads\and-nd-firebase-1.00-starting-point\app\build\intermediates\transforms\dex\debug\folders\1000\10\converter-gson-2.0.2_84d15d51e60ae2e0635807261c55d3bb5b1d6f91 D:\Android\.gradle\caches\modules-2\files-2.1\com.squareup.retrofit2\converter-gson\2.0.2\f8d87f15b94b8d74e7ccf61d7eedb558811cdb30\converter-gson-2.0.2.jar
java_class_path (initial): D:\Android\sdk\build-tools\24.0.1\lib\dx.jar
Launcher Type: SUN_STANDARD

Environment Variables:
PATH=C:\ProgramData\Oracle\Java\javapath;C:\Program Files (x86)\Intel\iCLS Client\;C:\Program Files\Intel\iCLS Client\;C:\WINDOWS\system32;C:\WINDOWS;C:\WINDOWS\System32\Wbem;C:\WINDOWS\System32\WindowsPowerShell\v1.0\;C:\Program Files\Intel\Intel(R) Management Engine Components\DAL;C:\Program Files (x86)\Intel\Intel(R) Management Engine Components\DAL;C:\Program Files\Intel\Intel(R) Management Engine Components\IPT;C:\Program Files (x86)\Intel\Intel(R) Management Engine Components\IPT;C:\Users\Hamid-PC\AppData\Local\atom\bin
USERNAME=Hamid-PC
OS=Windows_NT
PROCESSOR_IDENTIFIER=Intel64 Family 6 Model 61 Stepping 4, GenuineIntel



---------------  S Y S T E M  ---------------

OS: Windows 8.1 , 64 bit Build 9600 (6.3.9600.17415)

CPU:total 4 (2 cores per cpu, 2 threads per core) family 6 model 61 stepping 4, cmov, cx8, fxsr, mmx, sse, sse2, sse3, ssse3, sse4.1, sse4.2, popcnt, avx, avx2, aes, clmul, erms, 3dnowpref, lzcnt, ht, tsc, tscinvbit, bmi1, bmi2, adx

Memory: 4k page, physical 4107980k(373940k free), swap 5209432k(166596k free)

vm_info: OpenJDK 64-Bit Server VM (25.76-b03) for windows-amd64 JRE (1.8.0_76-release-b03), built on Jun 29 2016 19:09:20 by "ralucas" with MS VC++ 10.0 (VS2010)

time: Sat Dec 24 01:38:26 2016
elapsed time: 3 seconds (0d 0h 0m 3s)

