#
# There is insufficient memory for the Java Runtime Environment to continue.
# Native memory allocation (malloc) failed to allocate 465056 bytes for Chunk::new
# Possible reasons:
#   The system is out of physical RAM or swap space
#   In 32 bit mode, the process size limit was hit
# Possible solutions:
#   Reduce memory load on the system
#   Increase physical memory or swap space
#   Check if swap backing store is full
#   Use 64 bit Java on a 64 bit OS
#   Decrease Java heap size (-Xmx/-Xms)
#   Decrease number of Java threads
#   Decrease Java thread stack sizes (-Xss)
#   Set larger code cache with -XX:ReservedCodeCacheSize=
# This output file may be truncated or incomplete.
#
#  Out of Memory Error (allocation.cpp:390), pid=3436, tid=0x000000000000090c
#
# JRE version: OpenJDK Runtime Environment (8.0_76-b03) (build 1.8.0_76-release-b03)
# Java VM: OpenJDK 64-Bit Server VM (25.76-b03 mixed mode windows-amd64 compressed oops)
# Failed to write core dump. Minidumps are not enabled by default on client versions of Windows
#

---------------  T H R E A D  ---------------

Current thread (0x00000000153b4000):  JavaThread "C2 CompilerThread1" daemon [_thread_in_native, id=2316, stack(0x0000000016aa0000,0x0000000016ba0000)]

Stack: [0x0000000016aa0000,0x0000000016ba0000]
[error occurred during error reporting (printing stack bounds), id 0xc0000005]

Native frames: (J=compiled Java code, j=interpreted, Vv=VM code, C=native code)


Current CompileTask:
C2:  19338 1804       4       com.android.dx.ssa.DeadCodeRemover::run (194 bytes)


---------------  P R O C E S S  ---------------

Java Threads: ( => current thread )
  0x0000000016de3000 JavaThread "pool-2-thread-4" [_thread_blocked, id=3580, stack(0x00000000176a0000,0x00000000177a0000)]
  0x0000000016e47000 JavaThread "pool-2-thread-3" [_thread_blocked, id=2520, stack(0x00000000175a0000,0x00000000176a0000)]
  0x0000000016e42800 JavaThread "pool-2-thread-2" [_thread_blocked, id=2212, stack(0x00000000174a0000,0x00000000175a0000)]
  0x0000000016e40800 JavaThread "pool-3-thread-1" [_thread_blocked, id=3700, stack(0x00000000173a0000,0x00000000174a0000)]
  0x0000000016e3d800 JavaThread "pool-2-thread-1" [_thread_in_Java, id=5304, stack(0x00000000172a0000,0x00000000173a0000)]
  0x0000000016baa800 JavaThread "Service Thread" daemon [_thread_blocked, id=5744, stack(0x00000000170a0000,0x00000000171a0000)]
  0x00000000153b7000 JavaThread "C1 CompilerThread2" daemon [_thread_blocked, id=4284, stack(0x0000000016fa0000,0x00000000170a0000)]
=>0x00000000153b4000 JavaThread "C2 CompilerThread1" daemon [_thread_in_native, id=2316, stack(0x0000000016aa0000,0x0000000016ba0000)]
  0x000000001535a800 JavaThread "C2 CompilerThread0" daemon [_thread_in_native, id=4260, stack(0x00000000169a0000,0x0000000016aa0000)]
  0x0000000015359000 JavaThread "Attach Listener" daemon [_thread_blocked, id=5612, stack(0x00000000168a0000,0x00000000169a0000)]
  0x0000000015358000 JavaThread "Signal Dispatcher" daemon [_thread_blocked, id=1608, stack(0x00000000167a0000,0x00000000168a0000)]
  0x0000000015348000 JavaThread "Finalizer" daemon [_thread_blocked, id=4296, stack(0x00000000165c0000,0x00000000166c0000)]
  0x0000000002c7f000 JavaThread "Reference Handler" daemon [_thread_blocked, id=3164, stack(0x00000000164c0000,0x00000000165c0000)]
  0x0000000002b90800 JavaThread "main" [_thread_in_Java, id=2160, stack(0x0000000002a90000,0x0000000002b90000)]

Other Threads:
  0x0000000015325000 VMThread [stack: 0x00000000163c0000,0x00000000164c0000] [id=4828]
  0x0000000016bac800 WatcherThread [stack: 0x00000000171a0000,0x00000000172a0000] [id=3544]

VM state:not at safepoint (normal execution)

VM Mutex/Monitor currently owned by a thread: None

Heap:
 PSYoungGen      total 35328K, used 32488K [0x00000000eab00000, 0x00000000ed000000, 0x0000000100000000)
  eden space 32768K, 91% used [0x00000000eab00000,0x00000000ec83d0a8,0x00000000ecb00000)
  from space 2560K, 99% used [0x00000000ecb00000,0x00000000ecd7d098,0x00000000ecd80000)
  to   space 2560K, 0% used [0x00000000ecd80000,0x00000000ecd80000,0x00000000ed000000)
 ParOldGen       total 44032K, used 8980K [0x00000000c0000000, 0x00000000c2b00000, 0x00000000eab00000)
  object space 44032K, 20% used [0x00000000c0000000,0x00000000c08c50a0,0x00000000c2b00000)
 Metaspace       used 6207K, capacity 7152K, committed 7296K, reserved 1056768K
  class space    used 573K, capacity 616K, committed 640K, reserved 1048576K

Card table byte_map: [0x0000000012050000,0x0000000012260000] byte_map_base: 0x0000000011a50000

Marking Bits: (ParMarkBitMap*) 0x0000000069db9d00
 Begin Bits: [0x00000000127c0000, 0x00000000137c0000)
 End Bits:   [0x00000000137c0000, 0x00000000147c0000)

Polling page: 0x00000000010d0000

CodeCache: size=245760Kb used=8089Kb max_used=8089Kb free=237670Kb
 bounds [0x0000000002c90000, 0x0000000003480000, 0x0000000011c90000]
 total_blobs=2073 nmethods=1804 adapters=182
 compilation: enabled

Compilation events (10 events):
Event: 19.115 Thread 0x00000000153b7000 nmethod 1799 0x0000000003444a10 code [0x0000000003444b80, 0x0000000003444d28]
Event: 19.116 Thread 0x00000000153b4000 1800       4       com.android.dx.rop.code.PlainCstInsn::accept (8 bytes)
Event: 19.117 Thread 0x00000000153b4000 nmethod 1800 0x000000000331fe90 code [0x000000000331ffc0, 0x0000000003320038]
Event: 19.117 Thread 0x00000000153b4000 1801       4       com.android.dx.cf.iface.StdAttributeList::findFirst (44 bytes)
Event: 19.124 Thread 0x00000000153b4000 nmethod 1801 0x0000000003444390 code [0x00000000034444e0, 0x00000000034447b8]
Event: 19.130 Thread 0x00000000153b7000 1802   !   3       java.util.zip.ZipFile::getInflater (56 bytes)
Event: 19.132 Thread 0x00000000153b7000 nmethod 1802 0x000000000344c6d0 code [0x000000000344c8c0, 0x000000000344d498]
Event: 19.132 Thread 0x00000000153b7000 1803       3       java.util.zip.InflaterInputStream::<init> (79 bytes)
Event: 19.133 Thread 0x00000000153b7000 nmethod 1803 0x0000000003443850 code [0x0000000003443a00, 0x00000000034440d8]
Event: 19.136 Thread 0x00000000153b4000 1804       4       com.android.dx.ssa.DeadCodeRemover::run (194 bytes)

GC Heap History (6 events):
Event: 3.106 GC heap before
{Heap before GC invocations=1 (full 0):
 PSYoungGen      total 18944K, used 16384K [0x00000000eab00000, 0x00000000ec000000, 0x0000000100000000)
  eden space 16384K, 100% used [0x00000000eab00000,0x00000000ebb00000,0x00000000ebb00000)
  from space 2560K, 0% used [0x00000000ebd80000,0x00000000ebd80000,0x00000000ec000000)
  to   space 2560K, 0% used [0x00000000ebb00000,0x00000000ebb00000,0x00000000ebd80000)
 ParOldGen       total 44032K, used 0K [0x00000000c0000000, 0x00000000c2b00000, 0x00000000eab00000)
  object space 44032K, 0% used [0x00000000c0000000,0x00000000c0000000,0x00000000c2b00000)
 Metaspace       used 5676K, capacity 6704K, committed 6784K, reserved 1056768K
  class space    used 568K, capacity 616K, committed 640K, reserved 1048576K
Event: 3.229 GC heap after
Heap after GC invocations=1 (full 0):
 PSYoungGen      total 18944K, used 2551K [0x00000000eab00000, 0x00000000ed000000, 0x0000000100000000)
  eden space 16384K, 0% used [0x00000000eab00000,0x00000000eab00000,0x00000000ebb00000)
  from space 2560K, 99% used [0x00000000ebb00000,0x00000000ebd7dc78,0x00000000ebd80000)
  to   space 2560K, 0% used [0x00000000ecd80000,0x00000000ecd80000,0x00000000ed000000)
 ParOldGen       total 44032K, used 1633K [0x00000000c0000000, 0x00000000c2b00000, 0x00000000eab00000)
  object space 44032K, 3% used [0x00000000c0000000,0x00000000c01984b0,0x00000000c2b00000)
 Metaspace       used 5676K, capacity 6704K, committed 6784K, reserved 1056768K
  class space    used 568K, capacity 616K, committed 640K, reserved 1048576K
}
Event: 5.028 GC heap before
{Heap before GC invocations=2 (full 0):
 PSYoungGen      total 18944K, used 18935K [0x00000000eab00000, 0x00000000ed000000, 0x0000000100000000)
  eden space 16384K, 100% used [0x00000000eab00000,0x00000000ebb00000,0x00000000ebb00000)
  from space 2560K, 99% used [0x00000000ebb00000,0x00000000ebd7dc78,0x00000000ebd80000)
  to   space 2560K, 0% used [0x00000000ecd80000,0x00000000ecd80000,0x00000000ed000000)
 ParOldGen       total 44032K, used 1633K [0x00000000c0000000, 0x00000000c2b00000, 0x00000000eab00000)
  object space 44032K, 3% used [0x00000000c0000000,0x00000000c01984b0,0x00000000c2b00000)
 Metaspace       used 6001K, capacity 6960K, committed 7040K, reserved 1056768K
  class space    used 571K, capacity 616K, committed 640K, reserved 1048576K
Event: 5.293 GC heap after
Heap after GC invocations=2 (full 0):
 PSYoungGen      total 35328K, used 2528K [0x00000000eab00000, 0x00000000ed000000, 0x0000000100000000)
  eden space 32768K, 0% used [0x00000000eab00000,0x00000000eab00000,0x00000000ecb00000)
  from space 2560K, 98% used [0x00000000ecd80000,0x00000000ecff8028,0x00000000ed000000)
  to   space 2560K, 0% used [0x00000000ecb00000,0x00000000ecb00000,0x00000000ecd80000)
 ParOldGen       total 44032K, used 3870K [0x00000000c0000000, 0x00000000c2b00000, 0x00000000eab00000)
  object space 44032K, 8% used [0x00000000c0000000,0x00000000c03c7bc8,0x00000000c2b00000)
 Metaspace       used 6001K, capacity 6960K, committed 7040K, reserved 1056768K
  class space    used 571K, capacity 616K, committed 640K, reserved 1048576K
}
Event: 14.018 GC heap before
{Heap before GC invocations=3 (full 0):
 PSYoungGen      total 35328K, used 35296K [0x00000000eab00000, 0x00000000ed000000, 0x0000000100000000)
  eden space 32768K, 100% used [0x00000000eab00000,0x00000000ecb00000,0x00000000ecb00000)
  from space 2560K, 98% used [0x00000000ecd80000,0x00000000ecff8028,0x00000000ed000000)
  to   space 2560K, 0% used [0x00000000ecb00000,0x00000000ecb00000,0x00000000ecd80000)
 ParOldGen       total 44032K, used 3870K [0x00000000c0000000, 0x00000000c2b00000, 0x00000000eab00000)
  object space 44032K, 8% used [0x00000000c0000000,0x00000000c03c7bc8,0x00000000c2b00000)
 Metaspace       used 6125K, capacity 7088K, committed 7296K, reserved 1056768K
  class space    used 571K, capacity 616K, committed 640K, reserved 1048576K
Event: 14.993 GC heap after
Heap after GC invocations=3 (full 0):
 PSYoungGen      total 35328K, used 2548K [0x00000000eab00000, 0x00000000ed000000, 0x0000000100000000)
  eden space 32768K, 0% used [0x00000000eab00000,0x00000000eab00000,0x00000000ecb00000)
  from space 2560K, 99% used [0x00000000ecb00000,0x00000000ecd7d098,0x00000000ecd80000)
  to   space 2560K, 0% used [0x00000000ecd80000,0x00000000ecd80000,0x00000000ed000000)
 ParOldGen       total 44032K, used 8980K [0x00000000c0000000, 0x00000000c2b00000, 0x00000000eab00000)
  object space 44032K, 20% used [0x00000000c0000000,0x00000000c08c50a0,0x00000000c2b00000)
 Metaspace       used 6125K, capacity 7088K, committed 7296K, reserved 1056768K
  class space    used 571K, capacity 616K, committed 640K, reserved 1048576K
}

Deoptimization events (10 events):
Event: 9.323 Thread 0x0000000016e42800 Uncommon trap: reason=unstable_if action=reinterpret pc=0x00000000030fe1cc method=com.android.dx.ssa.SCCP.simulateStmt(Lcom/android/dx/ssa/SsaInsn;)V @ 53
Event: 9.330 Thread 0x0000000016e42800 Uncommon trap: reason=unstable_if action=reinterpret pc=0x0000000003124e84 method=com.android.dx.ssa.SsaRenamer$BlockRenamer.addMapping(ILcom/android/dx/rop/code/RegisterSpec;)V @ 120
Event: 9.336 Thread 0x0000000016e42800 Uncommon trap: reason=unstable_if action=reinterpret pc=0x000000000322e03c method=com.android.dx.rop.code.RegisterSpec.equals(ILcom/android/dx/rop/type/TypeBearer;Lcom/android/dx/rop/code/LocalItem;)Z @ 42
Event: 9.336 Thread 0x0000000016e42800 Uncommon trap: reason=unstable_if action=reinterpret pc=0x0000000002f8b7bc method=com.android.dx.rop.code.RegisterSpec.equals(ILcom/android/dx/rop/type/TypeBearer;Lcom/android/dx/rop/code/LocalItem;)Z @ 42
Event: 13.478 Thread 0x0000000016e42800 Uncommon trap: reason=unstable_if action=reinterpret pc=0x0000000002f9c5dc method=com.android.dx.rop.cst.Constant.compareTo(Lcom/android/dx/rop/cst/Constant;)I @ 12
Event: 13.522 Thread 0x0000000016de3000 Uncommon trap: reason=unstable_if action=reinterpret pc=0x000000000320154c method=com.android.dx.ssa.MoveParamCombiner$1.visitNonMoveInsn(Lcom/android/dx/ssa/NormalSsaInsn;)V @ 27
Event: 15.153 Thread 0x0000000016e42800 Uncommon trap: reason=bimorphic action=maybe_recompile pc=0x000000000320972c method=com.android.dx.cf.code.BytecodeArray.parseInstruction(ILcom/android/dx/cf/code/BytecodeArray$Visitor;)I @ 2281
Event: 15.156 Thread 0x0000000016e42800 Uncommon trap: reason=bimorphic action=maybe_recompile pc=0x000000000320972c method=com.android.dx.cf.code.BytecodeArray.parseInstruction(ILcom/android/dx/cf/code/BytecodeArray$Visitor;)I @ 2281
Event: 16.373 Thread 0x0000000016e3d800 Uncommon trap: reason=null_assert action=make_not_entrant pc=0x00000000033c06b4 method=com.android.dx.cf.code.RopperMachine.run(Lcom/android/dx/cf/code/Frame;II)V @ 1112
Event: 18.717 Thread 0x0000000016e42800 Uncommon trap: reason=unstable_if action=reinterpret pc=0x000000000321dfc0 method=com.android.dx.rop.code.LocalItem.compareHandlesNulls(Lcom/android/dx/rop/cst/CstString;Lcom/android/dx/rop/cst/CstString;)I @ 14

Internal exceptions (5 events):
Event: 0.129 Thread 0x0000000002b90800 Exception <a 'java/lang/NoSuchMethodError': Method sun.misc.Unsafe.defineClass(Ljava/lang/String;[BII)Ljava/lang/Class; name or signature does not match> (0x00000000eab07cc0) thrown at [C:\src\android\AOSP-openjdk\external\jetbrains\jdk\hotspot\src\share\v‚ÔB°À?
Event: 0.129 Thread 0x0000000002b90800 Exception <a 'java/lang/NoSuchMethodError': Method sun.misc.Unsafe.prefetchRead(Ljava/lang/Object;J)V name or signature does not match> (0x00000000eab07fa8) thrown at [C:\src\android\AOSP-openjdk\external\jetbrains\jdk\hotspot\src\share\vm\prims\jni.cpp, l­q÷pš@
Event: 4.518 Thread 0x0000000016e3d800 Implicit null exception at 0x00000000030a31a2 to 0x00000000030a329a
Event: 4.626 Thread 0x0000000016e47000 Implicit null exception at 0x0000000002f7008f to 0x0000000002f7262d
Event: 18.717 Thread 0x0000000016e42800 Implicit null exception at 0x000000000321cd19 to 0x000000000321df89

Events (10 events):
Event: 15.153 Thread 0x0000000016e42800 DEOPT UNPACKING pc=0x0000000002cd556a sp=0x000000001759e800 mode 2
Event: 15.156 Thread 0x0000000016e42800 Uncommon trap: trap_request=0xffffffc6 fr.pc=0x000000000320972c
Event: 15.156 Thread 0x0000000016e42800 DEOPT PACKING pc=0x000000000320972c sp=0x000000001759e5f0
Event: 15.156 Thread 0x0000000016e42800 DEOPT UNPACKING pc=0x0000000002cd556a sp=0x000000001759e5c0 mode 2
Event: 16.373 Thread 0x0000000016e3d800 Uncommon trap: trap_request=0xffffffec fr.pc=0x00000000033c06b4
Event: 16.373 Thread 0x0000000016e3d800 DEOPT PACKING pc=0x00000000033c06b4 sp=0x000000001739e620
Event: 16.373 Thread 0x0000000016e3d800 DEOPT UNPACKING pc=0x0000000002cd556a sp=0x000000001739e5e8 mode 2
Event: 18.717 Thread 0x0000000016e42800 Uncommon trap: trap_request=0xffffff65 fr.pc=0x000000000321dfc0
Event: 18.718 Thread 0x0000000016e42800 DEOPT PACKING pc=0x000000000321dfc0 sp=0x000000001759e8b0
Event: 18.718 Thread 0x0000000016e42800 DEOPT UNPACKING pc=0x0000000002cd556a sp=0x000000001759e638 mode 2


Dynamic libraries:
0x00007ff766640000 - 0x00007ff766671000 	D:\Android\AndroidStudio\jre\bin\java.exe
0x00007ffb46030000 - 0x00007ffb461dd000 	C:\WINDOWS\SYSTEM32\ntdll.dll
0x00007ffb44000000 - 0x00007ffb4413e000 	C:\WINDOWS\system32\KERNEL32.DLL
0x00007ffb43330000 - 0x00007ffb43445000 	C:\WINDOWS\system32\KERNELBASE.dll
0x00007ffb43980000 - 0x00007ffb43a2a000 	C:\WINDOWS\system32\ADVAPI32.dll
0x00007ffb43e10000 - 0x00007ffb43f87000 	C:\WINDOWS\system32\USER32.dll
0x00007ffb40df0000 - 0x00007ffb4106a000 	C:\WINDOWS\WinSxS\amd64_microsoft.windows.common-controls_6595b64144ccf1df_6.0.9600.17810_none_6240b9c7ecbd0bda\COMCTL32.dll
0x00007ffb436b0000 - 0x00007ffb4375a000 	C:\WINDOWS\system32\msvcrt.dll
0x00007ffb43a30000 - 0x00007ffb43a89000 	C:\WINDOWS\SYSTEM32\sechost.dll
0x00007ffb44140000 - 0x00007ffb44280000 	C:\WINDOWS\system32\RPCRT4.dll
0x00007ffb45830000 - 0x00007ffb4597f000 	C:\WINDOWS\system32\GDI32.dll
0x00007ffb43630000 - 0x00007ffb4365e000 	C:\WINDOWS\system32\SspiCli.dll
0x00007ffb43af0000 - 0x00007ffb43b26000 	C:\WINDOWS\system32\IMM32.DLL
0x00007ffb45980000 - 0x00007ffb45ad2000 	C:\WINDOWS\system32\MSCTF.dll
0x0000000069520000 - 0x00000000695f2000 	D:\Android\AndroidStudio\jre\jre\bin\msvcr100.dll
0x0000000069600000 - 0x0000000069e34000 	D:\Android\AndroidStudio\jre\jre\bin\server\jvm.dll
0x00007ffb3a960000 - 0x00007ffb3a969000 	C:\WINDOWS\SYSTEM32\WSOCK32.dll
0x00007ffb39250000 - 0x00007ffb39272000 	C:\WINDOWS\SYSTEM32\WINMM.dll
0x00007ffb3c820000 - 0x00007ffb3c82a000 	C:\WINDOWS\SYSTEM32\VERSION.dll
0x00007ffb43e00000 - 0x00007ffb43e07000 	C:\WINDOWS\system32\PSAPI.DLL
0x00007ffb44280000 - 0x00007ffb442da000 	C:\WINDOWS\system32\WS2_32.dll
0x00007ffb39150000 - 0x00007ffb3917a000 	C:\WINDOWS\SYSTEM32\WINMMBASE.dll
0x00007ffb45820000 - 0x00007ffb45829000 	C:\WINDOWS\system32\NSI.dll
0x00007ffb43660000 - 0x00007ffb436af000 	C:\WINDOWS\SYSTEM32\cfgmgr32.dll
0x00007ffb41f70000 - 0x00007ffb41f98000 	C:\WINDOWS\SYSTEM32\DEVOBJ.dll
0x00007ffb3f0a0000 - 0x00007ffb3f0af000 	D:\Android\AndroidStudio\jre\jre\bin\verify.dll
0x00007ffb3bae0000 - 0x00007ffb3bb09000 	D:\Android\AndroidStudio\jre\jre\bin\java.dll
0x00007ffb3ec30000 - 0x00007ffb3ec46000 	D:\Android\AndroidStudio\jre\jre\bin\zip.dll
0x00007ffb442e0000 - 0x00007ffb45808000 	C:\WINDOWS\system32\SHELL32.dll
0x00007ffb43760000 - 0x00007ffb43971000 	C:\WINDOWS\SYSTEM32\combase.dll
0x00007ffb43a90000 - 0x00007ffb43ae4000 	C:\WINDOWS\system32\SHLWAPI.dll
0x00007ffb41790000 - 0x00007ffb41842000 	C:\WINDOWS\SYSTEM32\SHCORE.dll
0x00007ffb43150000 - 0x00007ffb43165000 	C:\WINDOWS\SYSTEM32\profapi.dll

VM Arguments:
jvm_args: -Djava.awt.headless=true -Xmx1024M -Dfile.encoding=windows-1252 -Duser.country=US -Duser.language=en -Duser.variant 
java_command: com.android.dx.command.Main --dex --force-jumbo --num-threads=4 --multi-dex --output D:\Mozilla Downloads\and-nd-firebase-1.00-starting-point\app\build\intermediates\transforms\dex\debug\folders\1000\10\gson-2.6.1_db6077ad19c5e1a90484413a284147a3e2ffdcb5 D:\Android\.gradle\caches\modules-2\files-2.1\com.google.code.gson\gson\2.6.1\b9d63507329a7178e026fc334f87587ee5070ac5\gson-2.6.1.jar
java_class_path (initial): D:\Android\sdk\build-tools\24.0.1\lib\dx.jar
Launcher Type: SUN_STANDARD

Environment Variables:
PATH=C:\ProgramData\Oracle\Java\javapath;C:\Program Files (x86)\Intel\iCLS Client\;C:\Program Files\Intel\iCLS Client\;C:\WINDOWS\system32;C:\WINDOWS;C:\WINDOWS\System32\Wbem;C:\WINDOWS\System32\WindowsPowerShell\v1.0\;C:\Program Files\Intel\Intel(R) Management Engine Components\DAL;C:\Program Files (x86)\Intel\Intel(R) Management Engine Components\DAL;C:\Program Files\Intel\Intel(R) Management Engine Components\IPT;C:\Program Files (x86)\Intel\Intel(R) Management Engine Components\IPT;C:\Program Files\Microsoft SQL Server\110\Tools\Binn\
USERNAME=Hamid-PC
OS=Windows_NT
PROCESSOR_IDENTIFIER=Intel64 Family 6 Model 61 Stepping 4, GenuineIntel



---------------  S Y S T E M  ---------------

OS: Windows 8.1 , 64 bit Build 9600 (6.3.9600.17415)

CPU:total 4 (2 cores per cpu, 2 threads per core) family 6 model 61 stepping 4, cmov, cx8, fxsr, mmx, sse, sse2, sse3, ssse3, sse4.1, sse4.2, popcnt, avx, avx2, aes, clmul, erms, 3dnowpref, lzcnt, ht, tsc, tscinvbit, bmi1, bmi2, adx

Memory: 4k page, physical 4107980k(132444k free), swap 5209432k(6012k free)

vm_info: OpenJDK 64-Bit Server VM (25.76-b03) for windows-amd64 JRE (1.8.0_76-release-b03), built on Jun 29 2016 19:09:20 by "ralucas" with MS VC++ 10.0 (VS2010)

time: Thu Dec 22 18:34:15 2016
elapsed time: 19 seconds (0d 0h 0m 19s)

