#
# There is insufficient memory for the Java Runtime Environment to continue.
# Native memory allocation (malloc) failed to allocate 151536 bytes for Chunk::new
# Possible reasons:
#   The system is out of physical RAM or swap space
#   In 32 bit mode, the process size limit was hit
# Possible solutions:
#   Reduce memory load on the system
#   Increase physical memory or swap space
#   Check if swap backing store is full
#   Use 64 bit Java on a 64 bit OS
#   Decrease Java heap size (-Xmx/-Xms)
#   Decrease number of Java threads
#   Decrease Java thread stack sizes (-Xss)
#   Set larger code cache with -XX:ReservedCodeCacheSize=
# This output file may be truncated or incomplete.
#
#  Out of Memory Error (allocation.cpp:390), pid=4348, tid=0x0000000000001750
#
# JRE version: OpenJDK Runtime Environment (8.0_76-b03) (build 1.8.0_76-release-b03)
# Java VM: OpenJDK 64-Bit Server VM (25.76-b03 mixed mode windows-amd64 compressed oops)
# Failed to write core dump. Minidumps are not enabled by default on client versions of Windows
#

---------------  T H R E A D  ---------------

Current thread (0x000000001498a800):  JavaThread "C2 CompilerThread0" daemon [_thread_in_native, id=5968, stack(0x0000000015fd0000,0x00000000160d0000)]

Stack: [0x0000000015fd0000,0x00000000160d0000]
[error occurred during error reporting (printing stack bounds), id 0xc0000005]

Native frames: (J=compiled Java code, j=interpreted, Vv=VM code, C=native code)


Current CompileTask:
C2:   4854  799   !   4       com.android.dx.rop.code.RegisterSpec::intern (70 bytes)


---------------  P R O C E S S  ---------------

Java Threads: ( => current thread )
  0x000000001651f000 JavaThread "pool-2-thread-4" [_thread_in_vm, id=4360, stack(0x0000000016cd0000,0x0000000016dd0000)]
  0x0000000016519000 JavaThread "pool-2-thread-3" [_thread_in_Java, id=180, stack(0x0000000016bd0000,0x0000000016cd0000)]
  0x0000000016447000 JavaThread "pool-2-thread-2" [_thread_in_Java, id=5152, stack(0x0000000016ad0000,0x0000000016bd0000)]
  0x0000000016442800 JavaThread "pool-3-thread-1" [_thread_blocked, id=2232, stack(0x00000000169d0000,0x0000000016ad0000)]
  0x0000000016441800 JavaThread "pool-2-thread-1" [_thread_in_Java, id=2768, stack(0x00000000168d0000,0x00000000169d0000)]
  0x00000000162f0800 JavaThread "Service Thread" daemon [_thread_blocked, id=3048, stack(0x00000000166d0000,0x00000000167d0000)]
  0x0000000014995800 JavaThread "C1 CompilerThread2" daemon [_thread_blocked, id=844, stack(0x00000000161d0000,0x00000000162d0000)]
  0x0000000014992000 JavaThread "C2 CompilerThread1" daemon [_thread_in_native, id=2980, stack(0x00000000160d0000,0x00000000161d0000)]
=>0x000000001498a800 JavaThread "C2 CompilerThread0" daemon [_thread_in_native, id=5968, stack(0x0000000015fd0000,0x00000000160d0000)]
  0x0000000014989000 JavaThread "Attach Listener" daemon [_thread_blocked, id=2060, stack(0x0000000015ed0000,0x0000000015fd0000)]
  0x0000000014988000 JavaThread "Signal Dispatcher" daemon [_thread_blocked, id=5796, stack(0x0000000015dd0000,0x0000000015ed0000)]
  0x0000000014978000 JavaThread "Finalizer" daemon [_thread_blocked, id=4540, stack(0x0000000015bf0000,0x0000000015cf0000)]
  0x00000000022af000 JavaThread "Reference Handler" daemon [_thread_blocked, id=4016, stack(0x0000000015af0000,0x0000000015bf0000)]
  0x00000000021c0800 JavaThread "main" [_thread_in_vm, id=5172, stack(0x00000000020c0000,0x00000000021c0000)]

Other Threads:
  0x0000000014955800 VMThread [stack: 0x00000000159f0000,0x0000000015af0000] [id=5300]
  0x00000000149ea800 WatcherThread [stack: 0x00000000167d0000,0x00000000168d0000] [id=2296]

VM state:not at safepoint (normal execution)

VM Mutex/Monitor currently owned by a thread: None

Heap:
 PSYoungGen      total 18944K, used 15404K [0x00000000eab00000, 0x00000000ec000000, 0x0000000100000000)
  eden space 16384K, 94% used [0x00000000eab00000,0x00000000eba0b148,0x00000000ebb00000)
  from space 2560K, 0% used [0x00000000ebd80000,0x00000000ebd80000,0x00000000ec000000)
  to   space 2560K, 0% used [0x00000000ebb00000,0x00000000ebb00000,0x00000000ebd80000)
 ParOldGen       total 44032K, used 0K [0x00000000c0000000, 0x00000000c2b00000, 0x00000000eab00000)
  object space 44032K, 0% used [0x00000000c0000000,0x00000000c0000000,0x00000000c2b00000)
 Metaspace       used 5687K, capacity 6704K, committed 6784K, reserved 1056768K
  class space    used 572K, capacity 616K, committed 640K, reserved 1048576K

Card table byte_map: [0x0000000011680000,0x0000000011890000] byte_map_base: 0x0000000011080000

Marking Bits: (ParMarkBitMap*) 0x0000000069db9d00
 Begin Bits: [0x0000000011df0000, 0x0000000012df0000)
 End Bits:   [0x0000000012df0000, 0x0000000013df0000)

Polling page: 0x00000000006f0000

CodeCache: size=245760Kb used=3302Kb max_used=3302Kb free=242457Kb
 bounds [0x00000000022c0000, 0x0000000002600000, 0x00000000112c0000]
 total_blobs=1074 nmethods=806 adapters=182
 compilation: enabled

Compilation events (10 events):
Event: 4.793 Thread 0x0000000014995800 nmethod 789 0x00000000025d38d0 code [0x00000000025d3b80, 0x00000000025d4d48]
Event: 4.793 Thread 0x0000000014995800  792       3       com.android.dx.cf.code.RopperMachine::getSources (264 bytes)
Event: 4.793 Thread 0x000000001498a800  796       4       com.android.dx.rop.code.RegisterSpecList::get (9 bytes)
Event: 4.795 Thread 0x000000001498a800 nmethod 796 0x00000000025d3550 code [0x00000000025d36a0, 0x00000000025d3778]
Event: 4.799 Thread 0x000000001498a800  799   !   4       com.android.dx.rop.code.RegisterSpec::intern (70 bytes)
Event: 4.800 Thread 0x0000000014995800 nmethod 792 0x00000000025d8610 code [0x00000000025d8c20, 0x00000000025dd5b8]
Event: 4.801 Thread 0x0000000014995800  793       3       com.android.dx.cf.code.BaseMachine::storeResults (90 bytes)
Event: 4.802 Thread 0x0000000014995800 nmethod 793 0x00000000025d7450 code [0x00000000025d7640, 0x00000000025d8108]
Event: 4.802 Thread 0x0000000014995800  794       3       com.android.dx.cf.code.ValueAwareMachine::run (1142 bytes)
Event: 4.809 Thread 0x0000000014995800 nmethod 794 0x00000000025e0bd0 code [0x00000000025e1160, 0x00000000025e5b38]

GC Heap History (0 events):
No events

Deoptimization events (3 events):
Event: 1.573 Thread 0x00000000021c0800 Uncommon trap: reason=unstable_if action=reinterpret pc=0x0000000002413a90 method=java.lang.String.indexOf(II)I @ 49
Event: 3.741 Thread 0x00000000021c0800 Uncommon trap: reason=unstable_if action=reinterpret pc=0x00000000024d1f28 method=java.lang.String.<init>([CII)V @ 18
Event: 4.405 Thread 0x00000000021c0800 Uncommon trap: reason=unstable_if action=reinterpret pc=0x00000000024f23f0 method=java.util.BitSet.nextSetBit(I)I @ 87

Internal exceptions (2 events):
Event: 0.590 Thread 0x00000000021c0800 Exception <a 'java/lang/NoSuchMethodError': Method sun.misc.Unsafe.defineClass(Ljava/lang/String;[BII)Ljava/lang/Class; name or signature does not match> (0x00000000eab07cc0) thrown at [C:\src\android\AOSP-openjdk\external\jetbrains\jdk\hotspot\src\share\v§ÚŒjæâ?
Event: 0.591 Thread 0x00000000021c0800 Exception <a 'java/lang/NoSuchMethodError': Method sun.misc.Unsafe.prefetchRead(Ljava/lang/Object;J)V name or signature does not match> (0x00000000eab07fa8) thrown at [C:\src\android\AOSP-openjdk\external\jetbrains\jdk\hotspot\src\share\vm\prims\jni.cpp, l

Events (10 events):
Event: 4.460 loading class java/util/HashMap$ValueIterator done
Event: 4.711 loading class java/util/ArrayList$1
Event: 4.711 loading class java/util/ArrayList$1 done
Event: 4.771 loading class com/android/dx/cf/attrib/AttDeprecated
Event: 4.771 loading class com/android/dx/cf/attrib/AttDeprecated done
Event: 4.772 loading class com/android/dx/cf/attrib/AttRuntimeVisibleAnnotations
Event: 4.772 loading class com/android/dx/cf/attrib/AttRuntimeVisibleAnnotations done
Event: 4.782 loading class java/util/TreeMap$EntrySet
Event: 4.783 loading class java/util/TreeMap$EntrySet done
Event: 4.783 loading class java/util/TreeMap$EntryIterator


Dynamic libraries:
0x00007ff631170000 - 0x00007ff6311a1000 	D:\Android\AndroidStudio\jre\bin\java.exe
0x00007ffb46030000 - 0x00007ffb461dd000 	C:\WINDOWS\SYSTEM32\ntdll.dll
0x00007ffb44000000 - 0x00007ffb4413e000 	C:\WINDOWS\system32\KERNEL32.DLL
0x00007ffb43330000 - 0x00007ffb43445000 	C:\WINDOWS\system32\KERNELBASE.dll
0x00007ffb43980000 - 0x00007ffb43a2a000 	C:\WINDOWS\system32\ADVAPI32.dll
0x00007ffb43e10000 - 0x00007ffb43f87000 	C:\WINDOWS\system32\USER32.dll
0x00007ffb40df0000 - 0x00007ffb4106a000 	C:\WINDOWS\WinSxS\amd64_microsoft.windows.common-controls_6595b64144ccf1df_6.0.9600.17810_none_6240b9c7ecbd0bda\COMCTL32.dll
0x00007ffb436b0000 - 0x00007ffb4375a000 	C:\WINDOWS\system32\msvcrt.dll
0x00007ffb43a30000 - 0x00007ffb43a89000 	C:\WINDOWS\SYSTEM32\sechost.dll
0x00007ffb44140000 - 0x00007ffb44280000 	C:\WINDOWS\system32\RPCRT4.dll
0x00007ffb45830000 - 0x00007ffb4597f000 	C:\WINDOWS\system32\GDI32.dll
0x00007ffb43630000 - 0x00007ffb4365e000 	C:\WINDOWS\system32\SspiCli.dll
0x00007ffb43af0000 - 0x00007ffb43b26000 	C:\WINDOWS\system32\IMM32.DLL
0x00007ffb45980000 - 0x00007ffb45ad2000 	C:\WINDOWS\system32\MSCTF.dll
0x000000006a4b0000 - 0x000000006a582000 	D:\Android\AndroidStudio\jre\jre\bin\msvcr100.dll
0x0000000069600000 - 0x0000000069e34000 	D:\Android\AndroidStudio\jre\jre\bin\server\jvm.dll
0x00007ffb3a960000 - 0x00007ffb3a969000 	C:\WINDOWS\SYSTEM32\WSOCK32.dll
0x00007ffb39250000 - 0x00007ffb39272000 	C:\WINDOWS\SYSTEM32\WINMM.dll
0x00007ffb3c820000 - 0x00007ffb3c82a000 	C:\WINDOWS\SYSTEM32\VERSION.dll
0x00007ffb43e00000 - 0x00007ffb43e07000 	C:\WINDOWS\system32\PSAPI.DLL
0x00007ffb44280000 - 0x00007ffb442da000 	C:\WINDOWS\system32\WS2_32.dll
0x00007ffb39150000 - 0x00007ffb3917a000 	C:\WINDOWS\SYSTEM32\WINMMBASE.dll
0x00007ffb45820000 - 0x00007ffb45829000 	C:\WINDOWS\system32\NSI.dll
0x00007ffb43660000 - 0x00007ffb436af000 	C:\WINDOWS\SYSTEM32\cfgmgr32.dll
0x00007ffb41f70000 - 0x00007ffb41f98000 	C:\WINDOWS\SYSTEM32\DEVOBJ.dll
0x00007ffb3dfa0000 - 0x00007ffb3dfaf000 	D:\Android\AndroidStudio\jre\jre\bin\verify.dll
0x00007ffb3bdb0000 - 0x00007ffb3bdd9000 	D:\Android\AndroidStudio\jre\jre\bin\java.dll
0x00007ffb3c710000 - 0x00007ffb3c726000 	D:\Android\AndroidStudio\jre\jre\bin\zip.dll
0x00007ffb442e0000 - 0x00007ffb45808000 	C:\WINDOWS\system32\SHELL32.dll
0x00007ffb43760000 - 0x00007ffb43971000 	C:\WINDOWS\SYSTEM32\combase.dll
0x00007ffb43a90000 - 0x00007ffb43ae4000 	C:\WINDOWS\system32\SHLWAPI.dll
0x00007ffb41790000 - 0x00007ffb41842000 	C:\WINDOWS\SYSTEM32\SHCORE.dll
0x00007ffb43150000 - 0x00007ffb43165000 	C:\WINDOWS\SYSTEM32\profapi.dll

VM Arguments:
jvm_args: -Djava.awt.headless=true -Xmx1024M -Dfile.encoding=windows-1252 -Duser.country=US -Duser.language=en -Duser.variant 
java_command: com.android.dx.command.Main --dex --force-jumbo --num-threads=4 --multi-dex --output D:\Mozilla Downloads\and-nd-firebase-1.00-starting-point\app\build\intermediates\transforms\dex\debug\folders\1000\10\picasso-2.5.2_2b3ab2b135278d41ba67289a8a94b87204d7d884 D:\Android\.gradle\caches\modules-2\files-2.1\com.squareup.picasso\picasso\2.5.2\7446d06ec8d4f7ffcc53f1da37c95f200dcb9387\picasso-2.5.2.jar
java_class_path (initial): D:\Android\sdk\build-tools\24.0.1\lib\dx.jar
Launcher Type: SUN_STANDARD

Environment Variables:
PATH=C:\ProgramData\Oracle\Java\javapath;C:\Program Files (x86)\Intel\iCLS Client\;C:\Program Files\Intel\iCLS Client\;C:\WINDOWS\system32;C:\WINDOWS;C:\WINDOWS\System32\Wbem;C:\WINDOWS\System32\WindowsPowerShell\v1.0\;C:\Program Files\Intel\Intel(R) Management Engine Components\DAL;C:\Program Files (x86)\Intel\Intel(R) Management Engine Components\DAL;C:\Program Files\Intel\Intel(R) Management Engine Components\IPT;C:\Program Files (x86)\Intel\Intel(R) Management Engine Components\IPT;C:\Users\Hamid-PC\AppData\Local\atom\bin
USERNAME=Hamid-PC
OS=Windows_NT
PROCESSOR_IDENTIFIER=Intel64 Family 6 Model 61 Stepping 4, GenuineIntel



---------------  S Y S T E M  ---------------

OS: Windows 8.1 , 64 bit Build 9600 (6.3.9600.17415)

CPU:total 4 (2 cores per cpu, 2 threads per core) family 6 model 61 stepping 4, cmov, cx8, fxsr, mmx, sse, sse2, sse3, ssse3, sse4.1, sse4.2, popcnt, avx, avx2, aes, clmul, erms, 3dnowpref, lzcnt, ht, tsc, tscinvbit, bmi1, bmi2, adx

Memory: 4k page, physical 4107980k(290532k free), swap 5209432k(5144k free)

vm_info: OpenJDK 64-Bit Server VM (25.76-b03) for windows-amd64 JRE (1.8.0_76-release-b03), built on Jun 29 2016 19:09:20 by "ralucas" with MS VC++ 10.0 (VS2010)

time: Sat Dec 24 01:38:19 2016
elapsed time: 4 seconds (0d 0h 0m 4s)

