#
# There is insufficient memory for the Java Runtime Environment to continue.
# Native memory allocation (malloc) failed to allocate 32744 bytes for ChunkPool::allocate
# Possible reasons:
#   The system is out of physical RAM or swap space
#   In 32 bit mode, the process size limit was hit
# Possible solutions:
#   Reduce memory load on the system
#   Increase physical memory or swap space
#   Check if swap backing store is full
#   Use 64 bit Java on a 64 bit OS
#   Decrease Java heap size (-Xmx/-Xms)
#   Decrease number of Java threads
#   Decrease Java thread stack sizes (-Xss)
#   Set larger code cache with -XX:ReservedCodeCacheSize=
# This output file may be truncated or incomplete.
#
#  Out of Memory Error (allocation.cpp:273), pid=3268, tid=0x0000000000000e54
#
# JRE version: OpenJDK Runtime Environment (8.0_76-b03) (build 1.8.0_76-release-b03)
# Java VM: OpenJDK 64-Bit Server VM (25.76-b03 mixed mode windows-amd64 compressed oops)
# Failed to write core dump. Minidumps are not enabled by default on client versions of Windows
#

---------------  T H R E A D  ---------------

Current thread (0x000000001506b800):  JavaThread "C2 CompilerThread0" daemon [_thread_in_native, id=3668, stack(0x00000000166a0000,0x00000000167a0000)]

Stack: [0x00000000166a0000,0x00000000167a0000]
[error occurred during error reporting (printing stack bounds), id 0xc0000005]

Native frames: (J=compiled Java code, j=interpreted, Vv=VM code, C=native code)


Current CompileTask:
C2:  10118 1589   !   4       com.android.dx.cf.code.BytecodeArray::parseInstruction (2764 bytes)


---------------  P R O C E S S  ---------------

Java Threads: ( => current thread )
  0x0000000016c11000 JavaThread "pool-2-thread-4" [_thread_in_Java, id=5104, stack(0x00000000173a0000,0x00000000174a0000)]
  0x0000000016c0c800 JavaThread "pool-2-thread-3" [_thread_in_Java, id=5408, stack(0x00000000172a0000,0x00000000173a0000)]
  0x0000000016c03800 JavaThread "pool-2-thread-2" [_thread_in_Java, id=5444, stack(0x00000000171a0000,0x00000000172a0000)]
  0x0000000016bfb000 JavaThread "pool-3-thread-1" [_thread_blocked, id=5392, stack(0x00000000170a0000,0x00000000171a0000)]
  0x0000000016bf8000 JavaThread "pool-2-thread-1" [_thread_in_Java, id=5704, stack(0x0000000016fa0000,0x00000000170a0000)]
  0x00000000169ac800 JavaThread "Service Thread" daemon [_thread_blocked, id=3484, stack(0x0000000016da0000,0x0000000016ea0000)]
  0x00000000150c8000 JavaThread "C1 CompilerThread2" daemon [_thread_blocked, id=5992, stack(0x00000000168a0000,0x00000000169a0000)]
  0x00000000150c5800 JavaThread "C2 CompilerThread1" daemon [_thread_in_native, id=6076, stack(0x00000000167a0000,0x00000000168a0000)]
=>0x000000001506b800 JavaThread "C2 CompilerThread0" daemon [_thread_in_native, id=3668, stack(0x00000000166a0000,0x00000000167a0000)]
  0x000000001506a000 JavaThread "Attach Listener" daemon [_thread_blocked, id=5164, stack(0x00000000165a0000,0x00000000166a0000)]
  0x0000000015069000 JavaThread "Signal Dispatcher" daemon [_thread_blocked, id=5292, stack(0x00000000164a0000,0x00000000165a0000)]
  0x0000000015058000 JavaThread "Finalizer" daemon [_thread_blocked, id=2256, stack(0x00000000162c0000,0x00000000163c0000)]
  0x000000000298f000 JavaThread "Reference Handler" daemon [_thread_blocked, id=148, stack(0x00000000161c0000,0x00000000162c0000)]
  0x00000000028a0800 JavaThread "main" [_thread_in_Java, id=3692, stack(0x00000000027a0000,0x00000000028a0000)]

Other Threads:
  0x0000000015035800 VMThread [stack: 0x00000000160c0000,0x00000000161c0000] [id=5496]
  0x00000000169a0800 WatcherThread [stack: 0x0000000016ea0000,0x0000000016fa0000] [id=2120]

VM state:not at safepoint (normal execution)

VM Mutex/Monitor currently owned by a thread: None

Heap:
 PSYoungGen      total 35328K, used 21758K [0x00000000eab00000, 0x00000000ed000000, 0x0000000100000000)
  eden space 32768K, 58% used [0x00000000eab00000,0x00000000ebdc7210,0x00000000ecb00000)
  from space 2560K, 98% used [0x00000000ecb00000,0x00000000ecd786d0,0x00000000ecd80000)
  to   space 2560K, 0% used [0x00000000ecd80000,0x00000000ecd80000,0x00000000ed000000)
 ParOldGen       total 44032K, used 9211K [0x00000000c0000000, 0x00000000c2b00000, 0x00000000eab00000)
  object space 44032K, 20% used [0x00000000c0000000,0x00000000c08fec58,0x00000000c2b00000)
 Metaspace       used 6200K, capacity 7152K, committed 7296K, reserved 1056768K
  class space    used 576K, capacity 616K, committed 640K, reserved 1048576K

Card table byte_map: [0x0000000011d60000,0x0000000011f70000] byte_map_base: 0x0000000011760000

Marking Bits: (ParMarkBitMap*) 0x0000000050ed9d00
 Begin Bits: [0x00000000124d0000, 0x00000000134d0000)
 End Bits:   [0x00000000134d0000, 0x00000000144d0000)

Polling page: 0x0000000000f50000

CodeCache: size=245760Kb used=7165Kb max_used=7165Kb free=238594Kb
 bounds [0x00000000029a0000, 0x00000000030b0000, 0x00000000119a0000]
 total_blobs=1926 nmethods=1657 adapters=182
 compilation: enabled

Compilation events (10 events):
Event: 9.786 Thread 0x00000000150c8000 1684       2       java.util.concurrent.ThreadPoolExecutor::execute (132 bytes)
Event: 9.787 Thread 0x00000000150c8000 nmethod 1684 0x00000000030a4090 code [0x00000000030a4260, 0x00000000030a4688]
Event: 9.796 Thread 0x00000000150c8000 1686       2       com.android.dx.cf.direct.DirectClassFile::getFields (9 bytes)
Event: 9.797 Thread 0x00000000150c8000 nmethod 1686 0x00000000030a4950 code [0x00000000030a4ac0, 0x00000000030a4c48]
Event: 9.805 Thread 0x00000000150c8000 1687       2       java.util.Collections$UnmodifiableList::get (11 bytes)
Event: 9.805 Thread 0x00000000150c8000 nmethod 1687 0x00000000030a4d10 code [0x00000000030a4e80, 0x00000000030a5008]
Event: 9.814 Thread 0x00000000150c8000 1688       2       com.android.dx.ssa.LiteralOpUpgrader::isConstIntZeroOrKnownNull (34 bytes)
Event: 9.815 Thread 0x00000000150c8000 nmethod 1688 0x00000000030a5090 code [0x00000000030a5200, 0x00000000030a5408]
Event: 9.815 Thread 0x00000000150c8000 1689       2       com.android.dx.rop.code.RegisterSpec::withLocalItem (41 bytes)
Event: 9.815 Thread 0x00000000150c8000 nmethod 1689 0x00000000030a5510 code [0x00000000030a5680, 0x00000000030a58d8]

GC Heap History (6 events):
Event: 2.993 GC heap before
{Heap before GC invocations=1 (full 0):
 PSYoungGen      total 18944K, used 16384K [0x00000000eab00000, 0x00000000ec000000, 0x0000000100000000)
  eden space 16384K, 100% used [0x00000000eab00000,0x00000000ebb00000,0x00000000ebb00000)
  from space 2560K, 0% used [0x00000000ebd80000,0x00000000ebd80000,0x00000000ec000000)
  to   space 2560K, 0% used [0x00000000ebb00000,0x00000000ebb00000,0x00000000ebd80000)
 ParOldGen       total 44032K, used 0K [0x00000000c0000000, 0x00000000c2b00000, 0x00000000eab00000)
  object space 44032K, 0% used [0x00000000c0000000,0x00000000c0000000,0x00000000c2b00000)
 Metaspace       used 5720K, capacity 6768K, committed 7040K, reserved 1056768K
  class space    used 572K, capacity 616K, committed 640K, reserved 1048576K
Event: 3.703 GC heap after
Heap after GC invocations=1 (full 0):
 PSYoungGen      total 18944K, used 2552K [0x00000000eab00000, 0x00000000ed000000, 0x0000000100000000)
  eden space 16384K, 0% used [0x00000000eab00000,0x00000000eab00000,0x00000000ebb00000)
  from space 2560K, 99% used [0x00000000ebb00000,0x00000000ebd7e050,0x00000000ebd80000)
  to   space 2560K, 0% used [0x00000000ecd80000,0x00000000ecd80000,0x00000000ed000000)
 ParOldGen       total 44032K, used 1346K [0x00000000c0000000, 0x00000000c2b00000, 0x00000000eab00000)
  object space 44032K, 3% used [0x00000000c0000000,0x00000000c0150bf0,0x00000000c2b00000)
 Metaspace       used 5720K, capacity 6768K, committed 7040K, reserved 1056768K
  class space    used 572K, capacity 616K, committed 640K, reserved 1048576K
}
Event: 4.534 GC heap before
{Heap before GC invocations=2 (full 0):
 PSYoungGen      total 18944K, used 18936K [0x00000000eab00000, 0x00000000ed000000, 0x0000000100000000)
  eden space 16384K, 100% used [0x00000000eab00000,0x00000000ebb00000,0x00000000ebb00000)
  from space 2560K, 99% used [0x00000000ebb00000,0x00000000ebd7e050,0x00000000ebd80000)
  to   space 2560K, 0% used [0x00000000ecd80000,0x00000000ecd80000,0x00000000ed000000)
 ParOldGen       total 44032K, used 1346K [0x00000000c0000000, 0x00000000c2b00000, 0x00000000eab00000)
  object space 44032K, 3% used [0x00000000c0000000,0x00000000c0150bf0,0x00000000c2b00000)
 Metaspace       used 5983K, capacity 6960K, committed 7040K, reserved 1056768K
  class space    used 575K, capacity 616K, committed 640K, reserved 1048576K
Event: 5.237 GC heap after
Heap after GC invocations=2 (full 0):
 PSYoungGen      total 35328K, used 2554K [0x00000000eab00000, 0x00000000ed000000, 0x0000000100000000)
  eden space 32768K, 0% used [0x00000000eab00000,0x00000000eab00000,0x00000000ecb00000)
  from space 2560K, 99% used [0x00000000ecd80000,0x00000000ecffea98,0x00000000ed000000)
  to   space 2560K, 0% used [0x00000000ecb00000,0x00000000ecb00000,0x00000000ecd80000)
 ParOldGen       total 44032K, used 3594K [0x00000000c0000000, 0x00000000c2b00000, 0x00000000eab00000)
  object space 44032K, 8% used [0x00000000c0000000,0x00000000c03829c0,0x00000000c2b00000)
 Metaspace       used 5983K, capacity 6960K, committed 7040K, reserved 1056768K
  class space    used 575K, capacity 616K, committed 640K, reserved 1048576K
}
Event: 8.835 GC heap before
{Heap before GC invocations=3 (full 0):
 PSYoungGen      total 35328K, used 35322K [0x00000000eab00000, 0x00000000ed000000, 0x0000000100000000)
  eden space 32768K, 100% used [0x00000000eab00000,0x00000000ecb00000,0x00000000ecb00000)
  from space 2560K, 99% used [0x00000000ecd80000,0x00000000ecffea98,0x00000000ed000000)
  to   space 2560K, 0% used [0x00000000ecb00000,0x00000000ecb00000,0x00000000ecd80000)
 ParOldGen       total 44032K, used 3594K [0x00000000c0000000, 0x00000000c2b00000, 0x00000000eab00000)
  object space 44032K, 8% used [0x00000000c0000000,0x00000000c03829c0,0x00000000c2b00000)
 Metaspace       used 6156K, capacity 7088K, committed 7296K, reserved 1056768K
  class space    used 575K, capacity 616K, committed 640K, reserved 1048576K
Event: 9.570 GC heap after
Heap after GC invocations=3 (full 0):
 PSYoungGen      total 35328K, used 2529K [0x00000000eab00000, 0x00000000ed000000, 0x0000000100000000)
  eden space 32768K, 0% used [0x00000000eab00000,0x00000000eab00000,0x00000000ecb00000)
  from space 2560K, 98% used [0x00000000ecb00000,0x00000000ecd786d0,0x00000000ecd80000)
  to   space 2560K, 0% used [0x00000000ecd80000,0x00000000ecd80000,0x00000000ed000000)
 ParOldGen       total 44032K, used 9211K [0x00000000c0000000, 0x00000000c2b00000, 0x00000000eab00000)
  object space 44032K, 20% used [0x00000000c0000000,0x00000000c08fec58,0x00000000c2b00000)
 Metaspace       used 6156K, capacity 7088K, committed 7296K, reserved 1056768K
  class space    used 575K, capacity 616K, committed 640K, reserved 1048576K
}

Deoptimization events (10 events):
Event: 7.134 Thread 0x0000000016bf8000 Uncommon trap: reason=unstable_if action=reinterpret pc=0x0000000002dc3b44 method=com.android.dx.ssa.SsaRenamer$BlockRenamer.addMapping(ILcom/android/dx/rop/code/RegisterSpec;)V @ 120
Event: 7.159 Thread 0x0000000016c11000 Uncommon trap: reason=unstable_if action=reinterpret pc=0x0000000002d04b6c method=com.android.dx.rop.code.RegisterSpecSet.put(Lcom/android/dx/rop/code/RegisterSpec;)V @ 77
Event: 7.159 Thread 0x0000000016c11000 Uncommon trap: reason=unstable_if action=reinterpret pc=0x0000000002d94328 method=com.android.dx.rop.code.RegisterSpecSet.put(Lcom/android/dx/rop/code/RegisterSpec;)V @ 77
Event: 7.213 Thread 0x00000000028a0800 Uncommon trap: reason=bimorphic action=maybe_recompile pc=0x0000000002ded708 method=java.util.HashMap.putVal(ILjava/lang/Object;Ljava/lang/Object;ZZ)Ljava/lang/Object; @ 91
Event: 7.274 Thread 0x0000000016c03800 Uncommon trap: reason=unstable_if action=reinterpret pc=0x0000000002f56340 method=com.android.dx.ssa.SCCP.simulateBranch(Lcom/android/dx/ssa/SsaInsn;)V @ 64
Event: 7.306 Thread 0x0000000016c03800 Uncommon trap: reason=unstable_if action=reinterpret pc=0x00000000030126bc method=com.android.dx.rop.code.RegisterSpecSet.put(Lcom/android/dx/rop/code/RegisterSpec;)V @ 77
Event: 7.357 Thread 0x0000000016c11000 Uncommon trap: reason=unstable_if action=reinterpret pc=0x0000000002fe22bc method=com.android.dx.ssa.LiteralOpUpgrader$1.visitNonMoveInsn(Lcom/android/dx/ssa/NormalSsaInsn;)V @ 55
Event: 7.358 Thread 0x0000000016c11000 Uncommon trap: reason=unstable_if action=reinterpret pc=0x0000000002d62e5c method=com.android.dx.ssa.SsaMethod.updateOneDefinition(Lcom/android/dx/ssa/SsaInsn;Lcom/android/dx/rop/code/RegisterSpec;)V @ 4
Event: 7.363 Thread 0x0000000016c11000 Uncommon trap: reason=unstable_if action=reinterpret pc=0x0000000002ed3ba0 method=com.android.dx.rop.code.LocalItem.compareHandlesNulls(Lcom/android/dx/rop/cst/CstString;Lcom/android/dx/rop/cst/CstString;)I @ 14
Event: 8.194 Thread 0x0000000016bf8000 Uncommon trap: reason=unstable_if action=reinterpret pc=0x0000000002ce209c method=com.android.dx.rop.cst.Constant.compareTo(Lcom/android/dx/rop/cst/Constant;)I @ 12

Internal exceptions (4 events):
Event: 0.157 Thread 0x00000000028a0800 Exception <a 'java/lang/NoSuchMethodError': Method sun.misc.Unsafe.defineClass(Ljava/lang/String;[BII)Ljava/lang/Class; name or signature does not match> (0x00000000eab07cc0) thrown at [C:\src\android\AOSP-openjdk\external\jetbrains\jdk\hotspot\src\share\vü˝^â +ƒ?
Event: 0.158 Thread 0x00000000028a0800 Exception <a 'java/lang/NoSuchMethodError': Method sun.misc.Unsafe.prefetchRead(Ljava/lang/Object;J)V name or signature does not match> (0x00000000eab07fa8) thrown at [C:\src\android\AOSP-openjdk\external\jetbrains\jdk\hotspot\src\share\vm\prims\jni.cpp, lŸ∞ê˘zM@
Event: 6.076 Thread 0x0000000016c11000 Implicit null exception at 0x0000000002ec1f86 to 0x0000000002ec3805
Event: 7.363 Thread 0x0000000016c11000 Implicit null exception at 0x0000000002ed25a3 to 0x0000000002ed3b75

Events (10 events):
Event: 7.363 Thread 0x0000000016c11000 Uncommon trap: trap_request=0xffffff65 fr.pc=0x0000000002ed3ba0
Event: 7.363 Thread 0x0000000016c11000 DEOPT PACKING pc=0x0000000002ed3ba0 sp=0x000000001749e7f0
Event: 7.363 Thread 0x0000000016c11000 DEOPT UNPACKING pc=0x00000000029e556a sp=0x000000001749e5d8 mode 2
Event: 8.194 Thread 0x0000000016bf8000 Uncommon trap: trap_request=0xffffff65 fr.pc=0x0000000002ce209c
Event: 8.194 Thread 0x0000000016bf8000 DEOPT PACKING pc=0x0000000002ce209c sp=0x000000001709e2e0
Event: 8.194 Thread 0x0000000016bf8000 DEOPT UNPACKING pc=0x00000000029e556a sp=0x000000001709e280 mode 2
Event: 8.283 Executing VM operation: ParallelGCFailedAllocation
Event: 9.570 Executing VM operation: ParallelGCFailedAllocation done
Event: 9.699 loading class com/android/dx/cf/attrib/AttDeprecated
Event: 9.699 loading class com/android/dx/cf/attrib/AttDeprecated done


Dynamic libraries:
0x00007ff712260000 - 0x00007ff712291000 	D:\Android\AndroidStudio\jre\bin\java.exe
0x00007ffea56e0000 - 0x00007ffea588d000 	C:\WINDOWS\SYSTEM32\ntdll.dll
0x00007ffea52d0000 - 0x00007ffea540e000 	C:\WINDOWS\system32\KERNEL32.DLL
0x00007ffea28d0000 - 0x00007ffea29e5000 	C:\WINDOWS\system32\KERNELBASE.dll
0x00007ffea3210000 - 0x00007ffea32ba000 	C:\WINDOWS\system32\ADVAPI32.dll
0x00007ffea3030000 - 0x00007ffea31a7000 	C:\WINDOWS\system32\USER32.dll
0x00007ffea05a0000 - 0x00007ffea081a000 	C:\WINDOWS\WinSxS\amd64_microsoft.windows.common-controls_6595b64144ccf1df_6.0.9600.17810_none_6240b9c7ecbd0bda\COMCTL32.dll
0x00007ffea5630000 - 0x00007ffea56da000 	C:\WINDOWS\system32\msvcrt.dll
0x00007ffea31b0000 - 0x00007ffea3209000 	C:\WINDOWS\SYSTEM32\sechost.dll
0x00007ffea2e20000 - 0x00007ffea2f60000 	C:\WINDOWS\system32\RPCRT4.dll
0x00007ffea4f60000 - 0x00007ffea50af000 	C:\WINDOWS\system32\GDI32.dll
0x00007ffea2ce0000 - 0x00007ffea2d0e000 	C:\WINDOWS\system32\SspiCli.dll
0x00007ffea3390000 - 0x00007ffea33c6000 	C:\WINDOWS\system32\IMM32.DLL
0x00007ffea33d0000 - 0x00007ffea3522000 	C:\WINDOWS\system32\MSCTF.dll
0x0000000050560000 - 0x0000000050632000 	D:\Android\AndroidStudio\jre\jre\bin\msvcr100.dll
0x0000000050720000 - 0x0000000050f54000 	D:\Android\AndroidStudio\jre\jre\bin\server\jvm.dll
0x00007ffe98c80000 - 0x00007ffe98c89000 	C:\WINDOWS\SYSTEM32\WSOCK32.dll
0x00007ffe92e90000 - 0x00007ffe92eb2000 	C:\WINDOWS\SYSTEM32\WINMM.dll
0x00007ffe9b960000 - 0x00007ffe9b96a000 	C:\WINDOWS\SYSTEM32\VERSION.dll
0x00007ffea3770000 - 0x00007ffea3777000 	C:\WINDOWS\system32\PSAPI.DLL
0x00007ffea3530000 - 0x00007ffea358a000 	C:\WINDOWS\system32\WS2_32.dll
0x00007ffe92df0000 - 0x00007ffe92e1a000 	C:\WINDOWS\SYSTEM32\WINMMBASE.dll
0x00007ffea3590000 - 0x00007ffea3599000 	C:\WINDOWS\system32\NSI.dll
0x00007ffea2d10000 - 0x00007ffea2d5f000 	C:\WINDOWS\SYSTEM32\cfgmgr32.dll
0x00007ffea1630000 - 0x00007ffea1658000 	C:\WINDOWS\SYSTEM32\DEVOBJ.dll
0x00007ffe9ec20000 - 0x00007ffe9ec2f000 	D:\Android\AndroidStudio\jre\jre\bin\verify.dll
0x00007ffe8d680000 - 0x00007ffe8d6a9000 	D:\Android\AndroidStudio\jre\jre\bin\java.dll
0x00007ffe94de0000 - 0x00007ffe94df6000 	D:\Android\AndroidStudio\jre\jre\bin\zip.dll
0x00007ffea3a30000 - 0x00007ffea4f58000 	C:\WINDOWS\system32\SHELL32.dll
0x00007ffea50b0000 - 0x00007ffea52c1000 	C:\WINDOWS\SYSTEM32\combase.dll
0x00007ffea2f60000 - 0x00007ffea2fb4000 	C:\WINDOWS\system32\SHLWAPI.dll
0x00007ffea0eb0000 - 0x00007ffea0f62000 	C:\WINDOWS\SYSTEM32\SHCORE.dll
0x00007ffea2800000 - 0x00007ffea2815000 	C:\WINDOWS\SYSTEM32\profapi.dll

VM Arguments:
jvm_args: -Djava.awt.headless=true -Xmx1024M -Dfile.encoding=windows-1252 -Duser.country=US -Duser.language=en -Duser.variant 
java_command: com.android.dx.command.Main --dex --force-jumbo --num-threads=4 --multi-dex --output D:\Mozilla Downloads\and-nd-firebase-1.00-starting-point\app\build\intermediates\transforms\dex\debug\folders\1000\10\com.android.support-support-media-compat-24.2.0_39da31d0091e9a9bfc1830d44286e227f3e85ce3 D:\Mozilla Downloads\and-nd-firebase-1.00-starting-point\app\build\intermediates\exploded-aar\com.android.support\support-media-compat\24.2.0\jars\classes.jar
java_class_path (initial): D:\Android\sdk\build-tools\24.0.1\lib\dx.jar
Launcher Type: SUN_STANDARD

Environment Variables:
PATH=C:\ProgramData\Oracle\Java\javapath;C:\Program Files (x86)\Intel\iCLS Client\;C:\Program Files\Intel\iCLS Client\;C:\WINDOWS\system32;C:\WINDOWS;C:\WINDOWS\System32\Wbem;C:\WINDOWS\System32\WindowsPowerShell\v1.0\;C:\Program Files\Intel\Intel(R) Management Engine Components\DAL;C:\Program Files (x86)\Intel\Intel(R) Management Engine Components\DAL;C:\Program Files\Intel\Intel(R) Management Engine Components\IPT;C:\Program Files (x86)\Intel\Intel(R) Management Engine Components\IPT;C:\Program Files (x86)\Skype\Phone\
USERNAME=Hamid-PC
OS=Windows_NT
PROCESSOR_IDENTIFIER=Intel64 Family 6 Model 61 Stepping 4, GenuineIntel



---------------  S Y S T E M  ---------------

OS: Windows 8.1 , 64 bit Build 9600 (6.3.9600.17415)

CPU:total 4 (2 cores per cpu, 2 threads per core) family 6 model 61 stepping 4, cmov, cx8, fxsr, mmx, sse, sse2, sse3, ssse3, sse4.1, sse4.2, popcnt, avx, avx2, aes, clmul, erms, 3dnowpref, lzcnt, ht, tsc, tscinvbit, bmi1, bmi2, adx

Memory: 4k page, physical 4107980k(166020k free), swap 6650136k(5032k free)

vm_info: OpenJDK 64-Bit Server VM (25.76-b03) for windows-amd64 JRE (1.8.0_76-release-b03), built on Jun 29 2016 19:09:20 by "ralucas" with MS VC++ 10.0 (VS2010)

time: Thu Dec 15 14:42:06 2016
elapsed time: 10 seconds (0d 0h 0m 10s)

