#
# There is insufficient memory for the Java Runtime Environment to continue.
# Native memory allocation (malloc) failed to allocate 520416 bytes for Chunk::new
# Possible reasons:
#   The system is out of physical RAM or swap space
#   In 32 bit mode, the process size limit was hit
# Possible solutions:
#   Reduce memory load on the system
#   Increase physical memory or swap space
#   Check if swap backing store is full
#   Use 64 bit Java on a 64 bit OS
#   Decrease Java heap size (-Xmx/-Xms)
#   Decrease number of Java threads
#   Decrease Java thread stack sizes (-Xss)
#   Set larger code cache with -XX:ReservedCodeCacheSize=
# This output file may be truncated or incomplete.
#
#  Out of Memory Error (allocation.cpp:390), pid=5848, tid=0x0000000000000e0c
#
# JRE version: OpenJDK Runtime Environment (8.0_76-b03) (build 1.8.0_76-release-b03)
# Java VM: OpenJDK 64-Bit Server VM (25.76-b03 mixed mode windows-amd64 compressed oops)
# Failed to write core dump. Minidumps are not enabled by default on client versions of Windows
#

---------------  T H R E A D  ---------------

Current thread (0x0000000014f5b800):  JavaThread "C2 CompilerThread0" daemon [_thread_in_native, id=3596, stack(0x00000000165a0000,0x00000000166a0000)]

Stack: [0x00000000165a0000,0x00000000166a0000]
[error occurred during error reporting (printing stack bounds), id 0xc0000005]

Native frames: (J=compiled Java code, j=interpreted, Vv=VM code, C=native code)


Current CompileTask:
C2:   3279 1217       4       com.android.dx.ssa.SCCP::simulateStmt (481 bytes)


---------------  P R O C E S S  ---------------

Java Threads: ( => current thread )
  0x0000000016b1d000 JavaThread "pool-2-thread-4" [_thread_in_Java, id=3916, stack(0x00000000172a0000,0x00000000173a0000)]
  0x0000000016b1c000 JavaThread "pool-2-thread-3" [_thread_in_Java, id=5228, stack(0x00000000171a0000,0x00000000172a0000)]
  0x0000000016b00800 JavaThread "pool-2-thread-2" [_thread_in_Java, id=5676, stack(0x00000000170a0000,0x00000000171a0000)]
  0x0000000016af4800 JavaThread "pool-3-thread-1" [_thread_blocked, id=4060, stack(0x0000000016fa0000,0x00000000170a0000)]
  0x0000000016aef800 JavaThread "pool-2-thread-1" [_thread_in_Java, id=3636, stack(0x0000000016ea0000,0x0000000016fa0000)]
  0x00000000168a2000 JavaThread "Service Thread" daemon [_thread_blocked, id=5024, stack(0x0000000016ca0000,0x0000000016da0000)]
  0x0000000014fbb800 JavaThread "C1 CompilerThread2" daemon [_thread_blocked, id=4832, stack(0x00000000167a0000,0x00000000168a0000)]
  0x0000000014fb5800 JavaThread "C2 CompilerThread1" daemon [_thread_in_native, id=3428, stack(0x00000000166a0000,0x00000000167a0000)]
=>0x0000000014f5b800 JavaThread "C2 CompilerThread0" daemon [_thread_in_native, id=3596, stack(0x00000000165a0000,0x00000000166a0000)]
  0x0000000014f5a000 JavaThread "Attach Listener" daemon [_thread_blocked, id=6124, stack(0x00000000164a0000,0x00000000165a0000)]
  0x0000000014f59000 JavaThread "Signal Dispatcher" daemon [_thread_blocked, id=4300, stack(0x00000000163a0000,0x00000000164a0000)]
  0x0000000014f48000 JavaThread "Finalizer" daemon [_thread_blocked, id=5108, stack(0x00000000161c0000,0x00000000162c0000)]
  0x000000000287f000 JavaThread "Reference Handler" daemon [_thread_blocked, id=4440, stack(0x00000000160c0000,0x00000000161c0000)]
  0x0000000002790800 JavaThread "main" [_thread_in_Java, id=5760, stack(0x0000000002690000,0x0000000002790000)]

Other Threads:
  0x0000000014f25800 VMThread [stack: 0x0000000015fc0000,0x00000000160c0000] [id=4712]
  0x00000000168a2800 WatcherThread [stack: 0x0000000016da0000,0x0000000016ea0000] [id=1316]

VM state:not at safepoint (normal execution)

VM Mutex/Monitor currently owned by a thread: None

Heap:
 PSYoungGen      total 35328K, used 11822K [0x00000000eab00000, 0x00000000ed000000, 0x0000000100000000)
  eden space 32768K, 28% used [0x00000000eab00000,0x00000000eb410ed8,0x00000000ecb00000)
  from space 2560K, 99% used [0x00000000ecd80000,0x00000000ecffaab8,0x00000000ed000000)
  to   space 2560K, 0% used [0x00000000ecb00000,0x00000000ecb00000,0x00000000ecd80000)
 ParOldGen       total 44032K, used 3573K [0x00000000c0000000, 0x00000000c2b00000, 0x00000000eab00000)
  object space 44032K, 8% used [0x00000000c0000000,0x00000000c037d5e8,0x00000000c2b00000)
 Metaspace       used 5889K, capacity 7024K, committed 7296K, reserved 1056768K
  class space    used 562K, capacity 616K, committed 640K, reserved 1048576K

Card table byte_map: [0x0000000011c50000,0x0000000011e60000] byte_map_base: 0x0000000011650000

Marking Bits: (ParMarkBitMap*) 0x0000000069db9d00
 Begin Bits: [0x00000000123c0000, 0x00000000133c0000)
 End Bits:   [0x00000000133c0000, 0x00000000143c0000)

Polling page: 0x0000000000c90000

CodeCache: size=245760Kb used=5410Kb max_used=5410Kb free=240349Kb
 bounds [0x0000000002890000, 0x0000000002de0000, 0x0000000011890000]
 total_blobs=1589 nmethods=1327 adapters=176
 compilation: enabled

Compilation events (10 events):
Event: 3.270 Thread 0x0000000014fbb800 nmethod 1336 0x0000000002dd84d0 code [0x0000000002dd8680, 0x0000000002dd8d08]
Event: 3.270 Thread 0x0000000014fbb800 1326       3       com.android.dx.cf.direct.MemberListParser::getCount (17 bytes)
Event: 3.271 Thread 0x0000000014fbb800 nmethod 1326 0x0000000002dd8f10 code [0x0000000002dd90a0, 0x0000000002dd94a8]
Event: 3.271 Thread 0x0000000014fbb800 1327       3       com.android.dx.cf.direct.MemberListParser::parseIfNecessary (12 bytes)
Event: 3.271 Thread 0x0000000014fbb800 nmethod 1327 0x0000000002dd0210 code [0x0000000002dd0380, 0x0000000002dd0548]
Event: 3.271 Thread 0x0000000014fbb800 1332       3       com.android.dx.rop.type.Type::isReference (15 bytes)
Event: 3.272 Thread 0x0000000014fbb800 nmethod 1332 0x0000000002dcfe90 code [0x0000000002dcffe0, 0x0000000002dd0190]
Event: 3.272 Thread 0x0000000014fbb800 1337   !   3       com.android.dx.cf.code.Ropper::doit (126 bytes)
Event: 3.275 Thread 0x0000000014fbb800 nmethod 1337 0x0000000002dd9750 code [0x0000000002dd9a40, 0x0000000002ddae98]
Event: 3.275 Thread 0x0000000014fbb800 1333       3       com.android.dx.rop.annotation.Annotations::add (75 bytes)

GC Heap History (4 events):
Event: 2.195 GC heap before
{Heap before GC invocations=1 (full 0):
 PSYoungGen      total 18944K, used 16384K [0x00000000eab00000, 0x00000000ec000000, 0x0000000100000000)
  eden space 16384K, 100% used [0x00000000eab00000,0x00000000ebb00000,0x00000000ebb00000)
  from space 2560K, 0% used [0x00000000ebd80000,0x00000000ebd80000,0x00000000ec000000)
  to   space 2560K, 0% used [0x00000000ebb00000,0x00000000ebb00000,0x00000000ebd80000)
 ParOldGen       total 44032K, used 0K [0x00000000c0000000, 0x00000000c2b00000, 0x00000000eab00000)
  object space 44032K, 0% used [0x00000000c0000000,0x00000000c0000000,0x00000000c2b00000)
 Metaspace       used 5579K, capacity 6768K, committed 7040K, reserved 1056768K
  class space    used 559K, capacity 616K, committed 640K, reserved 1048576K
Event: 2.247 GC heap after
Heap after GC invocations=1 (full 0):
 PSYoungGen      total 18944K, used 2536K [0x00000000eab00000, 0x00000000ed000000, 0x0000000100000000)
  eden space 16384K, 0% used [0x00000000eab00000,0x00000000eab00000,0x00000000ebb00000)
  from space 2560K, 99% used [0x00000000ebb00000,0x00000000ebd7a060,0x00000000ebd80000)
  to   space 2560K, 0% used [0x00000000ecd80000,0x00000000ecd80000,0x00000000ed000000)
 ParOldGen       total 44032K, used 1362K [0x00000000c0000000, 0x00000000c2b00000, 0x00000000eab00000)
  object space 44032K, 3% used [0x00000000c0000000,0x00000000c0154ba8,0x00000000c2b00000)
 Metaspace       used 5579K, capacity 6768K, committed 7040K, reserved 1056768K
  class space    used 559K, capacity 616K, committed 640K, reserved 1048576K
}
Event: 3.042 GC heap before
{Heap before GC invocations=2 (full 0):
 PSYoungGen      total 18944K, used 18920K [0x00000000eab00000, 0x00000000ed000000, 0x0000000100000000)
  eden space 16384K, 100% used [0x00000000eab00000,0x00000000ebb00000,0x00000000ebb00000)
  from space 2560K, 99% used [0x00000000ebb00000,0x00000000ebd7a060,0x00000000ebd80000)
  to   space 2560K, 0% used [0x00000000ecd80000,0x00000000ecd80000,0x00000000ed000000)
 ParOldGen       total 44032K, used 1362K [0x00000000c0000000, 0x00000000c2b00000, 0x00000000eab00000)
  object space 44032K, 3% used [0x00000000c0000000,0x00000000c0154ba8,0x00000000c2b00000)
 Metaspace       used 5814K, capacity 6960K, committed 7040K, reserved 1056768K
  class space    used 560K, capacity 616K, committed 640K, reserved 1048576K
Event: 3.116 GC heap after
Heap after GC invocations=2 (full 0):
 PSYoungGen      total 35328K, used 2538K [0x00000000eab00000, 0x00000000ed000000, 0x0000000100000000)
  eden space 32768K, 0% used [0x00000000eab00000,0x00000000eab00000,0x00000000ecb00000)
  from space 2560K, 99% used [0x00000000ecd80000,0x00000000ecffaab8,0x00000000ed000000)
  to   space 2560K, 0% used [0x00000000ecb00000,0x00000000ecb00000,0x00000000ecd80000)
 ParOldGen       total 44032K, used 3573K [0x00000000c0000000, 0x00000000c2b00000, 0x00000000eab00000)
  object space 44032K, 8% used [0x00000000c0000000,0x00000000c037d5e8,0x00000000c2b00000)
 Metaspace       used 5814K, capacity 6960K, committed 7040K, reserved 1056768K
  class space    used 560K, capacity 616K, committed 640K, reserved 1048576K
}

Deoptimization events (10 events):
Event: 1.620 Thread 0x0000000016b1c000 Uncommon trap: reason=unstable_if action=reinterpret pc=0x0000000002ab6770 method=java.util.BitSet.nextSetBit(I)I @ 87
Event: 1.712 Thread 0x0000000016b1d000 Uncommon trap: reason=unstable_if action=reinterpret pc=0x0000000002ab1c8c method=java.util.HashMap.getNode(ILjava/lang/Object;)Ljava/util/HashMap$Node; @ 62
Event: 2.511 Thread 0x0000000002790800 Uncommon trap: reason=class_check action=maybe_recompile pc=0x0000000002ba0b6c method=com.android.dx.ssa.NormalSsaInsn.accept(Lcom/android/dx/ssa/SsaInsn$Visitor;)V @ 9
Event: 2.511 Thread 0x0000000002790800 Uncommon trap: reason=class_check action=maybe_recompile pc=0x0000000002ba0b6c method=com.android.dx.ssa.NormalSsaInsn.accept(Lcom/android/dx/ssa/SsaInsn$Visitor;)V @ 9
Event: 2.511 Thread 0x0000000002790800 Uncommon trap: reason=class_check action=maybe_recompile pc=0x0000000002ba0b6c method=com.android.dx.ssa.NormalSsaInsn.accept(Lcom/android/dx/ssa/SsaInsn$Visitor;)V @ 9
Event: 2.512 Thread 0x0000000002790800 Uncommon trap: reason=class_check action=maybe_recompile pc=0x0000000002ba0b6c method=com.android.dx.ssa.NormalSsaInsn.accept(Lcom/android/dx/ssa/SsaInsn$Visitor;)V @ 9
Event: 2.512 Thread 0x0000000002790800 Uncommon trap: reason=class_check action=maybe_recompile pc=0x0000000002ad9570 method=com.android.dx.ssa.NormalSsaInsn.accept(Lcom/android/dx/ssa/SsaInsn$Visitor;)V @ 9
Event: 3.245 Thread 0x0000000016b1d000 Uncommon trap: reason=null_check action=make_not_entrant pc=0x0000000002d09348 method=com.android.dx.ssa.SsaRenamer.getLocalForNewReg(I)Lcom/android/dx/rop/code/LocalItem; @ 19
Event: 3.261 Thread 0x0000000016aef800 Uncommon trap: reason=unstable_if action=reinterpret pc=0x0000000002be5aec method=com.android.dx.rop.code.RegisterSpecSet.put(Lcom/android/dx/rop/code/RegisterSpec;)V @ 77
Event: 3.261 Thread 0x0000000016aef800 Uncommon trap: reason=unstable_if action=reinterpret pc=0x0000000002c79a68 method=com.android.dx.rop.code.RegisterSpecSet.put(Lcom/android/dx/rop/code/RegisterSpec;)V @ 77

Internal exceptions (3 events):
Event: 0.160 Thread 0x0000000002790800 Exception <a 'java/lang/NoSuchMethodError': Method sun.misc.Unsafe.defineClass(Ljava/lang/String;[BII)Ljava/lang/Class; name or signature does not match> (0x00000000eab07cc0) thrown at [C:\src\android\AOSP-openjdk\external\jetbrains\jdk\hotspot\src\share\vÆa¤¯{Ä?
Event: 0.160 Thread 0x0000000002790800 Exception <a 'java/lang/NoSuchMethodError': Method sun.misc.Unsafe.prefetchRead(Ljava/lang/Object;J)V name or signature does not match> (0x00000000eab07fa8) thrown at [C:\src\android\AOSP-openjdk\external\jetbrains\jdk\hotspot\src\share\vm\prims\jni.cpp, lp›Wûô	@
Event: 3.245 Thread 0x0000000016b1d000 Implicit null exception at 0x0000000002d07a86 to 0x0000000002d092fd

Events (10 events):
Event: 3.131 Executing VM operation: Deoptimize done
Event: 3.245 Thread 0x0000000016b1d000 Uncommon trap: trap_request=0xfffffff4 fr.pc=0x0000000002d09348
Event: 3.245 Thread 0x0000000016b1d000 DEOPT PACKING pc=0x0000000002d09348 sp=0x000000001739eac0
Event: 3.245 Thread 0x0000000016b1d000 DEOPT UNPACKING pc=0x00000000028d556a sp=0x000000001739e8c8 mode 2
Event: 3.261 Thread 0x0000000016aef800 Uncommon trap: trap_request=0xffffff65 fr.pc=0x0000000002be5aec
Event: 3.261 Thread 0x0000000016aef800 DEOPT PACKING pc=0x0000000002be5aec sp=0x0000000016f9eb60
Event: 3.261 Thread 0x0000000016aef800 DEOPT UNPACKING pc=0x00000000028d556a sp=0x0000000016f9eae8 mode 2
Event: 3.261 Thread 0x0000000016aef800 Uncommon trap: trap_request=0xffffff65 fr.pc=0x0000000002c79a68
Event: 3.261 Thread 0x0000000016aef800 DEOPT PACKING pc=0x0000000002c79a68 sp=0x0000000016f9eb50
Event: 3.261 Thread 0x0000000016aef800 DEOPT UNPACKING pc=0x00000000028d556a sp=0x0000000016f9ea70 mode 2


Dynamic libraries:
0x00007ff766640000 - 0x00007ff766671000 	D:\Android\AndroidStudio\jre\bin\java.exe
0x00007ffb46030000 - 0x00007ffb461dd000 	C:\WINDOWS\SYSTEM32\ntdll.dll
0x00007ffb44000000 - 0x00007ffb4413e000 	C:\WINDOWS\system32\KERNEL32.DLL
0x00007ffb43330000 - 0x00007ffb43445000 	C:\WINDOWS\system32\KERNELBASE.dll
0x00007ffb43980000 - 0x00007ffb43a2a000 	C:\WINDOWS\system32\ADVAPI32.dll
0x00007ffb43e10000 - 0x00007ffb43f87000 	C:\WINDOWS\system32\USER32.dll
0x00007ffb40df0000 - 0x00007ffb4106a000 	C:\WINDOWS\WinSxS\amd64_microsoft.windows.common-controls_6595b64144ccf1df_6.0.9600.17810_none_6240b9c7ecbd0bda\COMCTL32.dll
0x00007ffb436b0000 - 0x00007ffb4375a000 	C:\WINDOWS\system32\msvcrt.dll
0x00007ffb43a30000 - 0x00007ffb43a89000 	C:\WINDOWS\SYSTEM32\sechost.dll
0x00007ffb44140000 - 0x00007ffb44280000 	C:\WINDOWS\system32\RPCRT4.dll
0x00007ffb45830000 - 0x00007ffb4597f000 	C:\WINDOWS\system32\GDI32.dll
0x00007ffb43630000 - 0x00007ffb4365e000 	C:\WINDOWS\system32\SspiCli.dll
0x00007ffb43af0000 - 0x00007ffb43b26000 	C:\WINDOWS\system32\IMM32.DLL
0x00007ffb45980000 - 0x00007ffb45ad2000 	C:\WINDOWS\system32\MSCTF.dll
0x0000000069520000 - 0x00000000695f2000 	D:\Android\AndroidStudio\jre\jre\bin\msvcr100.dll
0x0000000069600000 - 0x0000000069e34000 	D:\Android\AndroidStudio\jre\jre\bin\server\jvm.dll
0x00007ffb3a960000 - 0x00007ffb3a969000 	C:\WINDOWS\SYSTEM32\WSOCK32.dll
0x00007ffb39250000 - 0x00007ffb39272000 	C:\WINDOWS\SYSTEM32\WINMM.dll
0x00007ffb3c820000 - 0x00007ffb3c82a000 	C:\WINDOWS\SYSTEM32\VERSION.dll
0x00007ffb43e00000 - 0x00007ffb43e07000 	C:\WINDOWS\system32\PSAPI.DLL
0x00007ffb44280000 - 0x00007ffb442da000 	C:\WINDOWS\system32\WS2_32.dll
0x00007ffb39150000 - 0x00007ffb3917a000 	C:\WINDOWS\SYSTEM32\WINMMBASE.dll
0x00007ffb45820000 - 0x00007ffb45829000 	C:\WINDOWS\system32\NSI.dll
0x00007ffb43660000 - 0x00007ffb436af000 	C:\WINDOWS\SYSTEM32\cfgmgr32.dll
0x00007ffb41f70000 - 0x00007ffb41f98000 	C:\WINDOWS\SYSTEM32\DEVOBJ.dll
0x00007ffb3f0a0000 - 0x00007ffb3f0af000 	D:\Android\AndroidStudio\jre\jre\bin\verify.dll
0x00007ffb3bae0000 - 0x00007ffb3bb09000 	D:\Android\AndroidStudio\jre\jre\bin\java.dll
0x00007ffb3ec30000 - 0x00007ffb3ec46000 	D:\Android\AndroidStudio\jre\jre\bin\zip.dll
0x00007ffb442e0000 - 0x00007ffb45808000 	C:\WINDOWS\system32\SHELL32.dll
0x00007ffb43760000 - 0x00007ffb43971000 	C:\WINDOWS\SYSTEM32\combase.dll
0x00007ffb43a90000 - 0x00007ffb43ae4000 	C:\WINDOWS\system32\SHLWAPI.dll
0x00007ffb41790000 - 0x00007ffb41842000 	C:\WINDOWS\SYSTEM32\SHCORE.dll
0x00007ffb43150000 - 0x00007ffb43165000 	C:\WINDOWS\SYSTEM32\profapi.dll

VM Arguments:
jvm_args: -Djava.awt.headless=true -Xmx1024M -Dfile.encoding=windows-1252 -Duser.country=US -Duser.language=en -Duser.variant 
java_command: com.android.dx.command.Main --dex --force-jumbo --num-threads=4 --multi-dex --output D:\Mozilla Downloads\and-nd-firebase-1.00-starting-point\app\build\intermediates\transforms\dex\debug\folders\1000\10\com.android.support-support-media-compat-25.0.1_52ab804089ff37fd0bb8ad1392d2af7ac66f188b D:\Mozilla Downloads\and-nd-firebase-1.00-starting-point\app\build\intermediates\exploded-aar\com.android.support\support-media-compat\25.0.1\jars\classes.jar
java_class_path (initial): D:\Android\sdk\build-tools\24.0.1\lib\dx.jar
Launcher Type: SUN_STANDARD

Environment Variables:
PATH=C:\ProgramData\Oracle\Java\javapath;C:\Program Files (x86)\Intel\iCLS Client\;C:\Program Files\Intel\iCLS Client\;C:\WINDOWS\system32;C:\WINDOWS;C:\WINDOWS\System32\Wbem;C:\WINDOWS\System32\WindowsPowerShell\v1.0\;C:\Program Files\Intel\Intel(R) Management Engine Components\DAL;C:\Program Files (x86)\Intel\Intel(R) Management Engine Components\DAL;C:\Program Files\Intel\Intel(R) Management Engine Components\IPT;C:\Program Files (x86)\Intel\Intel(R) Management Engine Components\IPT;C:\Program Files\Microsoft SQL Server\110\Tools\Binn\
USERNAME=Hamid-PC
OS=Windows_NT
PROCESSOR_IDENTIFIER=Intel64 Family 6 Model 61 Stepping 4, GenuineIntel



---------------  S Y S T E M  ---------------

OS: Windows 8.1 , 64 bit Build 9600 (6.3.9600.17415)

CPU:total 4 (2 cores per cpu, 2 threads per core) family 6 model 61 stepping 4, cmov, cx8, fxsr, mmx, sse, sse2, sse3, ssse3, sse4.1, sse4.2, popcnt, avx, avx2, aes, clmul, erms, 3dnowpref, lzcnt, ht, tsc, tscinvbit, bmi1, bmi2, adx

Memory: 4k page, physical 4107980k(251468k free), swap 5209432k(5188k free)

vm_info: OpenJDK 64-Bit Server VM (25.76-b03) for windows-amd64 JRE (1.8.0_76-release-b03), built on Jun 29 2016 19:09:20 by "ralucas" with MS VC++ 10.0 (VS2010)

time: Thu Dec 22 18:34:24 2016
elapsed time: 3 seconds (0d 0h 0m 3s)

