#
# There is insufficient memory for the Java Runtime Environment to continue.
# Native memory allocation (malloc) failed to allocate 183216 bytes for Chunk::new
# Possible reasons:
#   The system is out of physical RAM or swap space
#   In 32 bit mode, the process size limit was hit
# Possible solutions:
#   Reduce memory load on the system
#   Increase physical memory or swap space
#   Check if swap backing store is full
#   Use 64 bit Java on a 64 bit OS
#   Decrease Java heap size (-Xmx/-Xms)
#   Decrease number of Java threads
#   Decrease Java thread stack sizes (-Xss)
#   Set larger code cache with -XX:ReservedCodeCacheSize=
# This output file may be truncated or incomplete.
#
#  Out of Memory Error (allocation.cpp:390), pid=6096, tid=0x000000000000110c
#
# JRE version: OpenJDK Runtime Environment (8.0_76-b03) (build 1.8.0_76-release-b03)
# Java VM: OpenJDK 64-Bit Server VM (25.76-b03 mixed mode windows-amd64 compressed oops)
# Failed to write core dump. Minidumps are not enabled by default on client versions of Windows
#

---------------  T H R E A D  ---------------

Current thread (0x000000001471a800):  JavaThread "C2 CompilerThread0" daemon [_thread_in_native, id=4364, stack(0x0000000015d50000,0x0000000015e50000)]

Stack: [0x0000000015d50000,0x0000000015e50000]
[error occurred during error reporting (printing stack bounds), id 0xc0000005]

Native frames: (J=compiled Java code, j=interpreted, Vv=VM code, C=native code)


Current CompileTask:
C2:   4171  815       4       com.android.dx.ssa.back.LivenessAnalyzer::handleTailRecursion (94 bytes)


---------------  P R O C E S S  ---------------

Java Threads: ( => current thread )
  0x000000001629a800 JavaThread "pool-2-thread-4" [_thread_in_Java, id=2532, stack(0x0000000016a50000,0x0000000016b50000)]
  0x0000000016298800 JavaThread "pool-2-thread-3" [_thread_in_Java, id=2504, stack(0x0000000016950000,0x0000000016a50000)]
  0x0000000016297000 JavaThread "pool-2-thread-2" [_thread_in_vm, id=2996, stack(0x0000000016850000,0x0000000016950000)]
  0x0000000016293000 JavaThread "pool-3-thread-1" [_thread_blocked, id=4372, stack(0x0000000016750000,0x0000000016850000)]
  0x0000000016292800 JavaThread "pool-2-thread-1" [_thread_in_Java, id=3168, stack(0x0000000016650000,0x0000000016750000)]
  0x000000001477e800 JavaThread "Service Thread" daemon [_thread_blocked, id=2688, stack(0x0000000016450000,0x0000000016550000)]
  0x000000001477a800 JavaThread "C1 CompilerThread2" daemon [_thread_blocked, id=2600, stack(0x0000000015f50000,0x0000000016050000)]
  0x000000001476c800 JavaThread "C2 CompilerThread1" daemon [_thread_blocked, id=5724, stack(0x0000000015e50000,0x0000000015f50000)]
=>0x000000001471a800 JavaThread "C2 CompilerThread0" daemon [_thread_in_native, id=4364, stack(0x0000000015d50000,0x0000000015e50000)]
  0x0000000014719000 JavaThread "Attach Listener" daemon [_thread_blocked, id=5960, stack(0x0000000015c50000,0x0000000015d50000)]
  0x0000000014718000 JavaThread "Signal Dispatcher" daemon [_thread_blocked, id=4076, stack(0x0000000015b50000,0x0000000015c50000)]
  0x0000000014708000 JavaThread "Finalizer" daemon [_thread_blocked, id=3408, stack(0x0000000015970000,0x0000000015a70000)]
  0x000000000203f000 JavaThread "Reference Handler" daemon [_thread_blocked, id=5184, stack(0x0000000015870000,0x0000000015970000)]
  0x0000000001f50800 JavaThread "main" [_thread_in_Java, id=2160, stack(0x0000000001db0000,0x0000000001eb0000)]

Other Threads:
  0x00000000146e5800 VMThread [stack: 0x0000000015770000,0x0000000015870000] [id=3728]
  0x000000001605c000 WatcherThread [stack: 0x0000000016550000,0x0000000016650000] [id=4416]

VM state:synchronizing (normal execution)

VM Mutex/Monitor currently owned by a thread:  ([mutex/lock_event])
[0x000000000046c580] Safepoint_lock - owner thread: 0x00000000146e5800
[0x000000000046bc00] Threads_lock - owner thread: 0x00000000146e5800
[0x000000000046bf00] Heap_lock - owner thread: 0x0000000016297000

Heap:
 PSYoungGen      total 18944K, used 16384K [0x00000000eab00000, 0x00000000ec000000, 0x0000000100000000)
  eden space 16384K, 100% used [0x00000000eab00000,0x00000000ebb00000,0x00000000ebb00000)
  from space 2560K, 0% used [0x00000000ebd80000,0x00000000ebd80000,0x00000000ec000000)
  to   space 2560K, 0% used [0x00000000ebb00000,0x00000000ebb00000,0x00000000ebd80000)
 ParOldGen       total 44032K, used 0K [0x00000000c0000000, 0x00000000c2b00000, 0x00000000eab00000)
  object space 44032K, 0% used [0x00000000c0000000,0x00000000c0000000,0x00000000c2b00000)
 Metaspace       used 5701K, capacity 6768K, committed 7040K, reserved 1056768K
  class space    used 570K, capacity 616K, committed 640K, reserved 1048576K

Card table byte_map: [0x0000000011410000,0x0000000011620000] byte_map_base: 0x0000000010e10000

Marking Bits: (ParMarkBitMap*) 0x0000000069db9d00
 Begin Bits: [0x0000000011b80000, 0x0000000012b80000)
 End Bits:   [0x0000000012b80000, 0x0000000013b80000)

Polling page: 0x00000000005d0000

CodeCache: size=245760Kb used=3324Kb max_used=3324Kb free=242435Kb
 bounds [0x0000000002050000, 0x00000000023a0000, 0x0000000011050000]
 total_blobs=1070 nmethods=801 adapters=181
 compilation: enabled

Compilation events (10 events):
Event: 4.090 Thread 0x000000001471a800 nmethod 811 0x0000000002367ad0 code [0x0000000002367c00, 0x0000000002367c58]
Event: 4.090 Thread 0x000000001471a800  807       4       com.android.dx.rop.code.RegisterSpecList::<init> (6 bytes)
Event: 4.093 Thread 0x000000001471a800 nmethod 807 0x0000000002367750 code [0x00000000023678a0, 0x00000000023679d8]
Event: 4.093 Thread 0x000000001471a800  812       4       com.android.dx.util.Bits::get (25 bytes)
Event: 4.095 Thread 0x000000001471a800 nmethod 812 0x000000000236bed0 code [0x000000000236c000, 0x000000000236c098]
Event: 4.098 Thread 0x000000001471a800  813       4       com.android.dx.ssa.DeadCodeRemover$NoSideEffectVisitor::visitNonMoveInsn (28 bytes)
Event: 4.108 Thread 0x000000001471a800 nmethod 813 0x0000000002369d10 code [0x0000000002369e80, 0x000000000236a108]
Event: 4.108 Thread 0x000000001471a800  815       4       com.android.dx.ssa.back.LivenessAnalyzer::handleTailRecursion (94 bytes)
Event: 4.123 Thread 0x000000001476c800 nmethod 761 0x000000000236e7d0 code [0x000000000236ea00, 0x000000000236f8e0]
Event: 4.123 Thread 0x000000001476c800  814       4       com.android.dx.ssa.back.LivenessAnalyzer::liveInAtStatement (55 bytes)

GC Heap History (0 events):
No events

Deoptimization events (3 events):
Event: 1.472 Thread 0x0000000001f50800 Uncommon trap: reason=unstable_if action=reinterpret pc=0x0000000002190fd4 method=java.lang.String.indexOf(II)I @ 49
Event: 3.308 Thread 0x0000000016298800 Uncommon trap: reason=unstable_if action=reinterpret pc=0x0000000002226c90 method=java.util.HashMap.getNode(ILjava/lang/Object;)Ljava/util/HashMap$Node; @ 129
Event: 4.117 Thread 0x0000000001f50800 Uncommon trap: reason=null_check action=make_not_entrant pc=0x0000000002365ae8 method=com.android.dx.rop.type.Type.equals(Ljava/lang/Object;)Z @ 8

Internal exceptions (3 events):
Event: 0.396 Thread 0x0000000001f50800 Exception <a 'java/lang/NoSuchMethodError': Method sun.misc.Unsafe.defineClass(Ljava/lang/String;[BII)Ljava/lang/Class; name or signature does not match> (0x00000000eab07cc0) thrown at [C:\src\android\AOSP-openjdk\external\jetbrains\jdk\hotspot\src\share\v0gP™èaÙ?
Event: 0.397 Thread 0x0000000001f50800 Exception <a 'java/lang/NoSuchMethodError': Method sun.misc.Unsafe.prefetchRead(Ljava/lang/Object;J)V name or signature does not match> (0x00000000eab07fa8) thrown at [C:\src\android\AOSP-openjdk\external\jetbrains\jdk\hotspot\src\share\vm\prims\jni.cpp, lyÌöøx@
Event: 4.117 Thread 0x0000000001f50800 Implicit null exception at 0x00000000023659e2 to 0x0000000002365ada

Events (10 events):
Event: 3.308 Thread 0x0000000016298800 DEOPT UNPACKING pc=0x000000000209556a sp=0x0000000016a4edf8 mode 2
Event: 3.336 loading class java/util/ArrayList$1
Event: 3.336 loading class java/util/ArrayList$1 done
Event: 3.339 loading class com/android/dx/rop/code/RegOps
Event: 3.339 loading class com/android/dx/rop/code/RegOps done
Event: 3.678 Executing VM operation: ForceSafepoint
Event: 3.932 Executing VM operation: ForceSafepoint done
Event: 4.117 Thread 0x0000000001f50800 Uncommon trap: trap_request=0xfffffff4 fr.pc=0x0000000002365ae8
Event: 4.117 Thread 0x0000000001f50800 DEOPT PACKING pc=0x0000000002365ae8 sp=0x0000000001eae270
Event: 4.117 Thread 0x0000000001f50800 DEOPT UNPACKING pc=0x000000000209556a sp=0x0000000001eae208 mode 2


Dynamic libraries:
0x00007ff766640000 - 0x00007ff766671000 	D:\Android\AndroidStudio\jre\bin\java.exe
0x00007ffb46030000 - 0x00007ffb461dd000 	C:\WINDOWS\SYSTEM32\ntdll.dll
0x00007ffb44000000 - 0x00007ffb4413e000 	C:\WINDOWS\system32\KERNEL32.DLL
0x00007ffb43330000 - 0x00007ffb43445000 	C:\WINDOWS\system32\KERNELBASE.dll
0x00007ffb43980000 - 0x00007ffb43a2a000 	C:\WINDOWS\system32\ADVAPI32.dll
0x00007ffb43e10000 - 0x00007ffb43f87000 	C:\WINDOWS\system32\USER32.dll
0x00007ffb40df0000 - 0x00007ffb4106a000 	C:\WINDOWS\WinSxS\amd64_microsoft.windows.common-controls_6595b64144ccf1df_6.0.9600.17810_none_6240b9c7ecbd0bda\COMCTL32.dll
0x00007ffb436b0000 - 0x00007ffb4375a000 	C:\WINDOWS\system32\msvcrt.dll
0x00007ffb43a30000 - 0x00007ffb43a89000 	C:\WINDOWS\SYSTEM32\sechost.dll
0x00007ffb44140000 - 0x00007ffb44280000 	C:\WINDOWS\system32\RPCRT4.dll
0x00007ffb45830000 - 0x00007ffb4597f000 	C:\WINDOWS\system32\GDI32.dll
0x00007ffb43630000 - 0x00007ffb4365e000 	C:\WINDOWS\system32\SspiCli.dll
0x00007ffb43af0000 - 0x00007ffb43b26000 	C:\WINDOWS\system32\IMM32.DLL
0x00007ffb45980000 - 0x00007ffb45ad2000 	C:\WINDOWS\system32\MSCTF.dll
0x0000000069520000 - 0x00000000695f2000 	D:\Android\AndroidStudio\jre\jre\bin\msvcr100.dll
0x0000000069600000 - 0x0000000069e34000 	D:\Android\AndroidStudio\jre\jre\bin\server\jvm.dll
0x00007ffb3a960000 - 0x00007ffb3a969000 	C:\WINDOWS\SYSTEM32\WSOCK32.dll
0x00007ffb39250000 - 0x00007ffb39272000 	C:\WINDOWS\SYSTEM32\WINMM.dll
0x00007ffb3c820000 - 0x00007ffb3c82a000 	C:\WINDOWS\SYSTEM32\VERSION.dll
0x00007ffb43e00000 - 0x00007ffb43e07000 	C:\WINDOWS\system32\PSAPI.DLL
0x00007ffb44280000 - 0x00007ffb442da000 	C:\WINDOWS\system32\WS2_32.dll
0x00007ffb39150000 - 0x00007ffb3917a000 	C:\WINDOWS\SYSTEM32\WINMMBASE.dll
0x00007ffb45820000 - 0x00007ffb45829000 	C:\WINDOWS\system32\NSI.dll
0x00007ffb43660000 - 0x00007ffb436af000 	C:\WINDOWS\SYSTEM32\cfgmgr32.dll
0x00007ffb41f70000 - 0x00007ffb41f98000 	C:\WINDOWS\SYSTEM32\DEVOBJ.dll
0x00007ffb3f0a0000 - 0x00007ffb3f0af000 	D:\Android\AndroidStudio\jre\jre\bin\verify.dll
0x00007ffb3bae0000 - 0x00007ffb3bb09000 	D:\Android\AndroidStudio\jre\jre\bin\java.dll
0x00007ffb3ec30000 - 0x00007ffb3ec46000 	D:\Android\AndroidStudio\jre\jre\bin\zip.dll
0x00007ffb442e0000 - 0x00007ffb45808000 	C:\WINDOWS\system32\SHELL32.dll
0x00007ffb43760000 - 0x00007ffb43971000 	C:\WINDOWS\SYSTEM32\combase.dll
0x00007ffb43a90000 - 0x00007ffb43ae4000 	C:\WINDOWS\system32\SHLWAPI.dll
0x00007ffb41790000 - 0x00007ffb41842000 	C:\WINDOWS\SYSTEM32\SHCORE.dll
0x00007ffb43150000 - 0x00007ffb43165000 	C:\WINDOWS\SYSTEM32\profapi.dll

VM Arguments:
jvm_args: -Djava.awt.headless=true -Xmx1024M -Dfile.encoding=windows-1252 -Duser.country=US -Duser.language=en -Duser.variant 
java_command: com.android.dx.command.Main --dex --force-jumbo --num-threads=4 --multi-dex --output D:\Mozilla Downloads\and-nd-firebase-1.00-starting-point\app\build\intermediates\transforms\dex\debug\folders\1000\10\com.google.firebase-firebase-iid-10.0.1_c5bd558f579a939f4296b120e679ff2b1293177a D:\Mozilla Downloads\and-nd-firebase-1.00-starting-point\app\build\intermediates\exploded-aar\com.google.firebase\firebase-iid\10.0.1\jars\classes.jar
java_class_path (initial): D:\Android\sdk\build-tools\24.0.1\lib\dx.jar
Launcher Type: SUN_STANDARD

Environment Variables:
PATH=C:\ProgramData\Oracle\Java\javapath;C:\Program Files (x86)\Intel\iCLS Client\;C:\Program Files\Intel\iCLS Client\;C:\WINDOWS\system32;C:\WINDOWS;C:\WINDOWS\System32\Wbem;C:\WINDOWS\System32\WindowsPowerShell\v1.0\;C:\Program Files\Intel\Intel(R) Management Engine Components\DAL;C:\Program Files (x86)\Intel\Intel(R) Management Engine Components\DAL;C:\Program Files\Intel\Intel(R) Management Engine Components\IPT;C:\Program Files (x86)\Intel\Intel(R) Management Engine Components\IPT;C:\Program Files\Microsoft SQL Server\110\Tools\Binn\
USERNAME=Hamid-PC
OS=Windows_NT
PROCESSOR_IDENTIFIER=Intel64 Family 6 Model 61 Stepping 4, GenuineIntel



---------------  S Y S T E M  ---------------

OS: Windows 8.1 , 64 bit Build 9600 (6.3.9600.17415)

CPU:total 4 (2 cores per cpu, 2 threads per core) family 6 model 61 stepping 4, cmov, cx8, fxsr, mmx, sse, sse2, sse3, ssse3, sse4.1, sse4.2, popcnt, avx, avx2, aes, clmul, erms, 3dnowpref, lzcnt, ht, tsc, tscinvbit, bmi1, bmi2, adx

Memory: 4k page, physical 4107980k(122256k free), swap 5209432k(6492k free)

vm_info: OpenJDK 64-Bit Server VM (25.76-b03) for windows-amd64 JRE (1.8.0_76-release-b03), built on Jun 29 2016 19:09:20 by "ralucas" with MS VC++ 10.0 (VS2010)

time: Thu Dec 22 18:43:46 2016
elapsed time: 4 seconds (0d 0h 0m 4s)

