#
# There is insufficient memory for the Java Runtime Environment to continue.
# Native memory allocation (malloc) failed to allocate 205616 bytes for Chunk::new
# Possible reasons:
#   The system is out of physical RAM or swap space
#   In 32 bit mode, the process size limit was hit
# Possible solutions:
#   Reduce memory load on the system
#   Increase physical memory or swap space
#   Check if swap backing store is full
#   Use 64 bit Java on a 64 bit OS
#   Decrease Java heap size (-Xmx/-Xms)
#   Decrease number of Java threads
#   Decrease Java thread stack sizes (-Xss)
#   Set larger code cache with -XX:ReservedCodeCacheSize=
# This output file may be truncated or incomplete.
#
#  Out of Memory Error (allocation.cpp:390), pid=4280, tid=0x00000000000011b4
#
# JRE version: OpenJDK Runtime Environment (8.0_76-b03) (build 1.8.0_76-release-b03)
# Java VM: OpenJDK 64-Bit Server VM (25.76-b03 mixed mode windows-amd64 compressed oops)
# Failed to write core dump. Minidumps are not enabled by default on client versions of Windows
#

---------------  T H R E A D  ---------------

Current thread (0x00000000147c5000):  JavaThread "C2 CompilerThread1" daemon [_thread_in_native, id=4532, stack(0x0000000015ec0000,0x0000000015fc0000)]

Stack: [0x0000000015ec0000,0x0000000015fc0000]
[error occurred during error reporting (printing stack bounds), id 0xc0000005]

Native frames: (J=compiled Java code, j=interpreted, Vv=VM code, C=native code)


Current CompileTask:
C2:   3721  991       4       com.android.dx.ssa.NormalSsaInsn::mapSourceRegisters (48 bytes)


---------------  P R O C E S S  ---------------

Java Threads: ( => current thread )
  0x0000000016323000 JavaThread "pool-2-thread-4" [_thread_blocked, id=4768, stack(0x0000000016ac0000,0x0000000016bc0000)]
  0x000000001631f800 JavaThread "pool-2-thread-3" [_thread_in_Java, id=2964, stack(0x00000000169c0000,0x0000000016ac0000)]
  0x000000001631e800 JavaThread "pool-2-thread-2" [_thread_in_Java, id=2364, stack(0x00000000168c0000,0x00000000169c0000)]
  0x000000001622b800 JavaThread "pool-3-thread-1" [_thread_blocked, id=2888, stack(0x00000000167c0000,0x00000000168c0000)]
  0x0000000016229000 JavaThread "pool-2-thread-1" [_thread_in_Java, id=4112, stack(0x00000000166c0000,0x00000000167c0000)]
  0x00000000160cb800 JavaThread "Service Thread" daemon [_thread_blocked, id=3308, stack(0x00000000164c0000,0x00000000165c0000)]
  0x00000000147c8000 JavaThread "C1 CompilerThread2" daemon [_thread_in_vm, id=2072, stack(0x0000000015fc0000,0x00000000160c0000)]
=>0x00000000147c5000 JavaThread "C2 CompilerThread1" daemon [_thread_in_native, id=4532, stack(0x0000000015ec0000,0x0000000015fc0000)]
  0x000000001476b800 JavaThread "C2 CompilerThread0" daemon [_thread_in_native, id=4328, stack(0x0000000015dc0000,0x0000000015ec0000)]
  0x000000001476a000 JavaThread "Attach Listener" daemon [_thread_blocked, id=4744, stack(0x0000000015cc0000,0x0000000015dc0000)]
  0x0000000014769000 JavaThread "Signal Dispatcher" daemon [_thread_blocked, id=2528, stack(0x0000000015bc0000,0x0000000015cc0000)]
  0x000000000209a800 JavaThread "Finalizer" daemon [_thread_blocked, id=5512, stack(0x00000000159e0000,0x0000000015ae0000)]
  0x000000000208f000 JavaThread "Reference Handler" daemon [_thread_blocked, id=5724, stack(0x00000000158e0000,0x00000000159e0000)]
  0x0000000001fa0800 JavaThread "main" [_thread_in_Java, id=2324, stack(0x0000000001ea0000,0x0000000001fa0000)]

Other Threads:
  0x0000000014735000 VMThread [stack: 0x00000000157e0000,0x00000000158e0000] [id=1336]
  0x00000000160c0800 WatcherThread [stack: 0x00000000165c0000,0x00000000166c0000] [id=5868]

VM state:not at safepoint (normal execution)

VM Mutex/Monitor currently owned by a thread: None

Heap:
 PSYoungGen      total 18944K, used 6002K [0x00000000eab00000, 0x00000000ec000000, 0x0000000100000000)
  eden space 16384K, 21% used [0x00000000eab00000,0x00000000eae62d58,0x00000000ebb00000)
  from space 2560K, 99% used [0x00000000ebb00000,0x00000000ebd79c70,0x00000000ebd80000)
  to   space 2560K, 0% used [0x00000000ebd80000,0x00000000ebd80000,0x00000000ec000000)
 ParOldGen       total 44032K, used 1821K [0x00000000c0000000, 0x00000000c2b00000, 0x00000000eab00000)
  object space 44032K, 4% used [0x00000000c0000000,0x00000000c01c7720,0x00000000c2b00000)
 Metaspace       used 5810K, capacity 6768K, committed 7040K, reserved 1056768K
  class space    used 573K, capacity 616K, committed 640K, reserved 1048576K

Card table byte_map: [0x0000000011460000,0x0000000011670000] byte_map_base: 0x0000000010e60000

Marking Bits: (ParMarkBitMap*) 0x0000000069db9d00
 Begin Bits: [0x0000000011bd0000, 0x0000000012bd0000)
 End Bits:   [0x0000000012bd0000, 0x0000000013bd0000)

Polling page: 0x0000000001de0000

CodeCache: size=245760Kb used=3790Kb max_used=3802Kb free=241969Kb
 bounds [0x00000000020a0000, 0x0000000002460000, 0x00000000110a0000]
 total_blobs=1218 nmethods=945 adapters=185
 compilation: disabled (not enough contiguous free space left)

Compilation events (10 events):
Event: 3.692 Thread 0x00000000147c8000  999       2       java.util.HashMap::getNode (148 bytes)
Event: 3.692 Thread 0x00000000147c5000 1002       4       java.util.HashMap::get (23 bytes)
Event: 3.694 Thread 0x00000000147c8000 nmethod 999 0x0000000002453d90 code [0x0000000002453f20, 0x00000000024542e8]
Event: 3.694 Thread 0x00000000147c8000  983       3       com.android.dx.cf.code.Ropper::getAvailableLabel (54 bytes)
Event: 3.695 Thread 0x00000000147c8000 nmethod 983 0x0000000002452cd0 code [0x0000000002452ea0, 0x0000000002453868]
Event: 3.696 Thread 0x00000000147c8000  987   !   3       com.android.dx.cf.code.Ropper::processBlock (1101 bytes)
Event: 3.702 Thread 0x00000000147c5000 nmethod 1002 0x0000000002459c50 code [0x0000000002459da0, 0x000000000245a018]
Event: 3.702 Thread 0x00000000147c5000  988       4       java.util.BitSet::cardinality (32 bytes)
Event: 3.705 Thread 0x00000000147c5000 nmethod 988 0x00000000023d6ed0 code [0x00000000023d7000, 0x00000000023d70b8]
Event: 3.705 Thread 0x00000000147c5000  991       4       com.android.dx.ssa.NormalSsaInsn::mapSourceRegisters (48 bytes)

GC Heap History (2 events):
Event: 3.200 GC heap before
{Heap before GC invocations=1 (full 0):
 PSYoungGen      total 18944K, used 16384K [0x00000000eab00000, 0x00000000ec000000, 0x0000000100000000)
  eden space 16384K, 100% used [0x00000000eab00000,0x00000000ebb00000,0x00000000ebb00000)
  from space 2560K, 0% used [0x00000000ebd80000,0x00000000ebd80000,0x00000000ec000000)
  to   space 2560K, 0% used [0x00000000ebb00000,0x00000000ebb00000,0x00000000ebd80000)
 ParOldGen       total 44032K, used 0K [0x00000000c0000000, 0x00000000c2b00000, 0x00000000eab00000)
  object space 44032K, 0% used [0x00000000c0000000,0x00000000c0000000,0x00000000c2b00000)
 Metaspace       used 5773K, capacity 6768K, committed 7040K, reserved 1056768K
  class space    used 573K, capacity 616K, committed 640K, reserved 1048576K
Event: 3.557 GC heap after
Heap after GC invocations=1 (full 0):
 PSYoungGen      total 18944K, used 2535K [0x00000000eab00000, 0x00000000ec000000, 0x0000000100000000)
  eden space 16384K, 0% used [0x00000000eab00000,0x00000000eab00000,0x00000000ebb00000)
  from space 2560K, 99% used [0x00000000ebb00000,0x00000000ebd79c70,0x00000000ebd80000)
  to   space 2560K, 0% used [0x00000000ebd80000,0x00000000ebd80000,0x00000000ec000000)
 ParOldGen       total 44032K, used 1821K [0x00000000c0000000, 0x00000000c2b00000, 0x00000000eab00000)
  object space 44032K, 4% used [0x00000000c0000000,0x00000000c01c7720,0x00000000c2b00000)
 Metaspace       used 5773K, capacity 6768K, committed 7040K, reserved 1056768K
  class space    used 573K, capacity 616K, committed 640K, reserved 1048576K
}

Deoptimization events (10 events):
Event: 2.796 Thread 0x000000001631f800 Uncommon trap: reason=class_check action=maybe_recompile pc=0x000000000234d530 method=com.android.dx.ssa.NormalSsaInsn.accept(Lcom/android/dx/ssa/SsaInsn$Visitor;)V @ 9
Event: 2.796 Thread 0x000000001631f800 Uncommon trap: reason=class_check action=maybe_recompile pc=0x000000000230c630 method=com.android.dx.ssa.NormalSsaInsn.accept(Lcom/android/dx/ssa/SsaInsn$Visitor;)V @ 9
Event: 2.816 Thread 0x0000000016229000 Uncommon trap: reason=unstable_if action=reinterpret pc=0x000000000230bfb0 method=java.util.BitSet.ensureCapacity(I)V @ 6
Event: 2.975 Thread 0x000000001631f800 Uncommon trap: reason=class_check action=maybe_recompile pc=0x000000000234d530 method=com.android.dx.ssa.NormalSsaInsn.accept(Lcom/android/dx/ssa/SsaInsn$Visitor;)V @ 9
Event: 2.990 Thread 0x0000000001fa0800 Uncommon trap: reason=unstable_if action=reinterpret pc=0x000000000230c2b4 method=java.util.BitSet.ensureCapacity(I)V @ 6
Event: 3.671 Thread 0x0000000001fa0800 Uncommon trap: reason=bimorphic action=maybe_recompile pc=0x00000000022ca9e4 method=java.util.HashMap.getNode(ILjava/lang/Object;)Ljava/util/HashMap$Node; @ 126
Event: 3.671 Thread 0x0000000001fa0800 Uncommon trap: reason=bimorphic action=maybe_recompile pc=0x00000000022ca9e4 method=java.util.HashMap.getNode(ILjava/lang/Object;)Ljava/util/HashMap$Node; @ 126
Event: 3.671 Thread 0x0000000001fa0800 Uncommon trap: reason=bimorphic action=maybe_recompile pc=0x00000000022ca9e4 method=java.util.HashMap.getNode(ILjava/lang/Object;)Ljava/util/HashMap$Node; @ 126
Event: 3.672 Thread 0x0000000001fa0800 Uncommon trap: reason=bimorphic action=maybe_recompile pc=0x00000000022ca9e4 method=java.util.HashMap.getNode(ILjava/lang/Object;)Ljava/util/HashMap$Node; @ 126
Event: 3.672 Thread 0x0000000001fa0800 Uncommon trap: reason=bimorphic action=maybe_recompile pc=0x00000000022c8620 method=java.util.HashMap.getNode(ILjava/lang/Object;)Ljava/util/HashMap$Node; @ 126

Internal exceptions (2 events):
Event: 0.162 Thread 0x0000000001fa0800 Exception <a 'java/lang/NoSuchMethodError': Method sun.misc.Unsafe.defineClass(Ljava/lang/String;[BII)Ljava/lang/Class; name or signature does not match> (0x00000000eab07cc0) thrown at [C:\src\android\AOSP-openjdk\external\jetbrains\jdk\hotspot\src\share\v&ç'
Event: 0.162 Thread 0x0000000001fa0800 Exception <a 'java/lang/NoSuchMethodError': Method sun.misc.Unsafe.prefetchRead(Ljava/lang/Object;J)V name or signature does not match> (0x00000000eab07fa8) thrown at [C:\src\android\AOSP-openjdk\external\jetbrains\jdk\hotspot\src\share\vm\prims\jni.cpp, l

Events (10 events):
Event: 3.671 Thread 0x0000000001fa0800 DEOPT UNPACKING pc=0x00000000020e556a sp=0x0000000001f9e308 mode 2
Event: 3.671 Thread 0x0000000001fa0800 Uncommon trap: trap_request=0xffffffc6 fr.pc=0x00000000022ca9e4
Event: 3.671 Thread 0x0000000001fa0800 DEOPT PACKING pc=0x00000000022ca9e4 sp=0x0000000001f9e0b0
Event: 3.672 Thread 0x0000000001fa0800 DEOPT UNPACKING pc=0x00000000020e556a sp=0x0000000001f9dfc8 mode 2
Event: 3.672 Thread 0x0000000001fa0800 Uncommon trap: trap_request=0xffffffc6 fr.pc=0x00000000022ca9e4
Event: 3.672 Thread 0x0000000001fa0800 DEOPT PACKING pc=0x00000000022ca9e4 sp=0x0000000001f9e090
Event: 3.672 Thread 0x0000000001fa0800 DEOPT UNPACKING pc=0x00000000020e556a sp=0x0000000001f9dfa8 mode 2
Event: 3.672 Thread 0x0000000001fa0800 Uncommon trap: trap_request=0xffffffc6 fr.pc=0x00000000022c8620
Event: 3.672 Thread 0x0000000001fa0800 DEOPT PACKING pc=0x00000000022c8620 sp=0x0000000001f9e030
Event: 3.672 Thread 0x0000000001fa0800 DEOPT UNPACKING pc=0x00000000020e556a sp=0x0000000001f9dfb8 mode 2


Dynamic libraries:
0x00007ff766640000 - 0x00007ff766671000 	D:\Android\AndroidStudio\jre\bin\java.exe
0x00007ffb46030000 - 0x00007ffb461dd000 	C:\WINDOWS\SYSTEM32\ntdll.dll
0x00007ffb44000000 - 0x00007ffb4413e000 	C:\WINDOWS\system32\KERNEL32.DLL
0x00007ffb43330000 - 0x00007ffb43445000 	C:\WINDOWS\system32\KERNELBASE.dll
0x00007ffb43980000 - 0x00007ffb43a2a000 	C:\WINDOWS\system32\ADVAPI32.dll
0x00007ffb43e10000 - 0x00007ffb43f87000 	C:\WINDOWS\system32\USER32.dll
0x00007ffb40df0000 - 0x00007ffb4106a000 	C:\WINDOWS\WinSxS\amd64_microsoft.windows.common-controls_6595b64144ccf1df_6.0.9600.17810_none_6240b9c7ecbd0bda\COMCTL32.dll
0x00007ffb436b0000 - 0x00007ffb4375a000 	C:\WINDOWS\system32\msvcrt.dll
0x00007ffb43a30000 - 0x00007ffb43a89000 	C:\WINDOWS\SYSTEM32\sechost.dll
0x00007ffb44140000 - 0x00007ffb44280000 	C:\WINDOWS\system32\RPCRT4.dll
0x00007ffb45830000 - 0x00007ffb4597f000 	C:\WINDOWS\system32\GDI32.dll
0x00007ffb43630000 - 0x00007ffb4365e000 	C:\WINDOWS\system32\SspiCli.dll
0x00007ffb43af0000 - 0x00007ffb43b26000 	C:\WINDOWS\system32\IMM32.DLL
0x00007ffb45980000 - 0x00007ffb45ad2000 	C:\WINDOWS\system32\MSCTF.dll
0x0000000069520000 - 0x00000000695f2000 	D:\Android\AndroidStudio\jre\jre\bin\msvcr100.dll
0x0000000069600000 - 0x0000000069e34000 	D:\Android\AndroidStudio\jre\jre\bin\server\jvm.dll
0x00007ffb3a960000 - 0x00007ffb3a969000 	C:\WINDOWS\SYSTEM32\WSOCK32.dll
0x00007ffb39250000 - 0x00007ffb39272000 	C:\WINDOWS\SYSTEM32\WINMM.dll
0x00007ffb3c820000 - 0x00007ffb3c82a000 	C:\WINDOWS\SYSTEM32\VERSION.dll
0x00007ffb43e00000 - 0x00007ffb43e07000 	C:\WINDOWS\system32\PSAPI.DLL
0x00007ffb44280000 - 0x00007ffb442da000 	C:\WINDOWS\system32\WS2_32.dll
0x00007ffb39150000 - 0x00007ffb3917a000 	C:\WINDOWS\SYSTEM32\WINMMBASE.dll
0x00007ffb45820000 - 0x00007ffb45829000 	C:\WINDOWS\system32\NSI.dll
0x00007ffb43660000 - 0x00007ffb436af000 	C:\WINDOWS\SYSTEM32\cfgmgr32.dll
0x00007ffb41f70000 - 0x00007ffb41f98000 	C:\WINDOWS\SYSTEM32\DEVOBJ.dll
0x00007ffb3f0a0000 - 0x00007ffb3f0af000 	D:\Android\AndroidStudio\jre\jre\bin\verify.dll
0x00007ffb3bae0000 - 0x00007ffb3bb09000 	D:\Android\AndroidStudio\jre\jre\bin\java.dll
0x00007ffb3ec30000 - 0x00007ffb3ec46000 	D:\Android\AndroidStudio\jre\jre\bin\zip.dll
0x00007ffb442e0000 - 0x00007ffb45808000 	C:\WINDOWS\system32\SHELL32.dll
0x00007ffb43760000 - 0x00007ffb43971000 	C:\WINDOWS\SYSTEM32\combase.dll
0x00007ffb43a90000 - 0x00007ffb43ae4000 	C:\WINDOWS\system32\SHLWAPI.dll
0x00007ffb41790000 - 0x00007ffb41842000 	C:\WINDOWS\SYSTEM32\SHCORE.dll
0x00007ffb43150000 - 0x00007ffb43165000 	C:\WINDOWS\SYSTEM32\profapi.dll

VM Arguments:
jvm_args: -Djava.awt.headless=true -Xmx1024M -Dfile.encoding=windows-1252 -Duser.country=US -Duser.language=en -Duser.variant 
java_command: com.android.dx.command.Main --dex --force-jumbo --num-threads=4 --multi-dex --output D:\Mozilla Downloads\and-nd-firebase-1.00-starting-point\app\build\intermediates\transforms\dex\debug\folders\1000\10\okio-1.6.0_e50ce9237711f875fc04dd070d22e304a2b5ca89 D:\Android\.gradle\caches\modules-2\files-2.1\com.squareup.okio\okio\1.6.0\98476622f10715998eacf9240d6b479f12c66143\okio-1.6.0.jar
java_class_path (initial): D:\Android\sdk\build-tools\24.0.1\lib\dx.jar
Launcher Type: SUN_STANDARD

Environment Variables:
PATH=C:\ProgramData\Oracle\Java\javapath;C:\Program Files (x86)\Intel\iCLS Client\;C:\Program Files\Intel\iCLS Client\;C:\WINDOWS\system32;C:\WINDOWS;C:\WINDOWS\System32\Wbem;C:\WINDOWS\System32\WindowsPowerShell\v1.0\;C:\Program Files\Intel\Intel(R) Management Engine Components\DAL;C:\Program Files (x86)\Intel\Intel(R) Management Engine Components\DAL;C:\Program Files\Intel\Intel(R) Management Engine Components\IPT;C:\Program Files (x86)\Intel\Intel(R) Management Engine Components\IPT;C:\Program Files\Microsoft SQL Server\110\Tools\Binn\
USERNAME=Hamid-PC
OS=Windows_NT
PROCESSOR_IDENTIFIER=Intel64 Family 6 Model 61 Stepping 4, GenuineIntel



---------------  S Y S T E M  ---------------

OS: Windows 8.1 , 64 bit Build 9600 (6.3.9600.17415)

CPU:total 4 (2 cores per cpu, 2 threads per core) family 6 model 61 stepping 4, cmov, cx8, fxsr, mmx, sse, sse2, sse3, ssse3, sse4.1, sse4.2, popcnt, avx, avx2, aes, clmul, erms, 3dnowpref, lzcnt, ht, tsc, tscinvbit, bmi1, bmi2, adx

Memory: 4k page, physical 4107980k(234500k free), swap 5209432k(5128k free)

vm_info: OpenJDK 64-Bit Server VM (25.76-b03) for windows-amd64 JRE (1.8.0_76-release-b03), built on Jun 29 2016 19:09:20 by "ralucas" with MS VC++ 10.0 (VS2010)

time: Thu Dec 22 18:34:20 2016
elapsed time: 3 seconds (0d 0h 0m 3s)

