#
# There is insufficient memory for the Java Runtime Environment to continue.
# Native memory allocation (malloc) failed to allocate 32744 bytes for ChunkPool::allocate
# Possible reasons:
#   The system is out of physical RAM or swap space
#   In 32 bit mode, the process size limit was hit
# Possible solutions:
#   Reduce memory load on the system
#   Increase physical memory or swap space
#   Check if swap backing store is full
#   Use 64 bit Java on a 64 bit OS
#   Decrease Java heap size (-Xmx/-Xms)
#   Decrease number of Java threads
#   Decrease Java thread stack sizes (-Xss)
#   Set larger code cache with -XX:ReservedCodeCacheSize=
# This output file may be truncated or incomplete.
#
#  Out of Memory Error (allocation.cpp:273), pid=5916, tid=0x00000000000009dc
#
# JRE version: OpenJDK Runtime Environment (8.0_76-b03) (build 1.8.0_76-release-b03)
# Java VM: OpenJDK 64-Bit Server VM (25.76-b03 mixed mode windows-amd64 compressed oops)
# Failed to write core dump. Minidumps are not enabled by default on client versions of Windows
#

---------------  T H R E A D  ---------------

Current thread (0x0000000014f57000):  JavaThread "C1 CompilerThread2" daemon [_thread_in_native, id=2524, stack(0x0000000016730000,0x0000000016830000)]

Stack: [0x0000000016730000,0x0000000016830000]
[error occurred during error reporting (printing stack bounds), id 0xc0000005]

Native frames: (J=compiled Java code, j=interpreted, Vv=VM code, C=native code)


Current CompileTask:
C1:   3385   41       3       java.util.HashMap::getNode (148 bytes)


---------------  P R O C E S S  ---------------

Java Threads: ( => current thread )
  0x0000000014f5e000 JavaThread "Service Thread" daemon [_thread_blocked, id=2348, stack(0x0000000016c30000,0x0000000016d30000)]
=>0x0000000014f57000 JavaThread "C1 CompilerThread2" daemon [_thread_in_native, id=2524, stack(0x0000000016730000,0x0000000016830000)]
  0x0000000014f54000 JavaThread "C2 CompilerThread1" daemon [_thread_blocked, id=4472, stack(0x0000000016630000,0x0000000016730000)]
  0x0000000014efa800 JavaThread "C2 CompilerThread0" daemon [_thread_blocked, id=5956, stack(0x0000000016530000,0x0000000016630000)]
  0x0000000014ef9000 JavaThread "Attach Listener" daemon [_thread_blocked, id=5724, stack(0x0000000016430000,0x0000000016530000)]
  0x0000000014ef8000 JavaThread "Signal Dispatcher" daemon [_thread_blocked, id=5404, stack(0x0000000016330000,0x0000000016430000)]
  0x0000000014ee8000 JavaThread "Finalizer" daemon [_thread_blocked, id=5612, stack(0x0000000016150000,0x0000000016250000)]
  0x000000000273f000 JavaThread "Reference Handler" daemon [_thread_blocked, id=5628, stack(0x0000000016050000,0x0000000016150000)]
  0x0000000002650800 JavaThread "main" [_thread_in_Java, id=5984, stack(0x00000000024d0000,0x00000000025d0000)]

Other Threads:
  0x0000000014ec5800 VMThread [stack: 0x0000000015f50000,0x0000000016050000] [id=3000]
  0x0000000016830800 WatcherThread [stack: 0x0000000016d30000,0x0000000016e30000] [id=4732]

VM state:not at safepoint (normal execution)

VM Mutex/Monitor currently owned by a thread: None

Heap:
 PSYoungGen      total 18944K, used 1343K [0x00000000eab00000, 0x00000000ec000000, 0x0000000100000000)
  eden space 16384K, 8% used [0x00000000eab00000,0x00000000eac4fdb0,0x00000000ebb00000)
  from space 2560K, 0% used [0x00000000ebd80000,0x00000000ebd80000,0x00000000ec000000)
  to   space 2560K, 0% used [0x00000000ebb00000,0x00000000ebb00000,0x00000000ebd80000)
 ParOldGen       total 44032K, used 0K [0x00000000c0000000, 0x00000000c2b00000, 0x00000000eab00000)
  object space 44032K, 0% used [0x00000000c0000000,0x00000000c0000000,0x00000000c2b00000)
 Metaspace       used 2945K, capacity 4656K, committed 4864K, reserved 1056768K
  class space    used 312K, capacity 424K, committed 512K, reserved 1048576K

Card table byte_map: [0x0000000011bf0000,0x0000000011e00000] byte_map_base: 0x00000000115f0000

Marking Bits: (ParMarkBitMap*) 0x0000000069db9d00
 Begin Bits: [0x0000000012360000, 0x0000000013360000)
 End Bits:   [0x0000000013360000, 0x0000000014360000)

Polling page: 0x0000000000c00000

CodeCache: size=245760Kb used=1119Kb max_used=1119Kb free=244640Kb
 bounds [0x0000000002830000, 0x0000000002aa0000, 0x0000000011830000]
 total_blobs=277 nmethods=40 adapters=151
 compilation: enabled

Compilation events (10 events):
Event: 3.337 Thread 0x0000000014f57000 nmethod 35 0x0000000002945f90 code [0x00000000029460e0, 0x0000000002946250]
Event: 3.339 Thread 0x0000000014f57000   37       1       java.net.URL::getHost (5 bytes)
Event: 3.339 Thread 0x0000000014f57000 nmethod 37 0x00000000029462d0 code [0x0000000002946420, 0x0000000002946530]
Event: 3.340 Thread 0x0000000014f57000   38       1       java.net.URL::getProtocol (5 bytes)
Event: 3.340 Thread 0x0000000014f57000 nmethod 38 0x0000000002946590 code [0x00000000029466e0, 0x00000000029467f0]
Event: 3.341 Thread 0x0000000014f57000   39       3       java.lang.AbstractStringBuilder::append (50 bytes)
Event: 3.342 Thread 0x0000000014f57000 nmethod 39 0x0000000002946850 code [0x00000000029469e0, 0x0000000002946ee8]
Event: 3.353 Thread 0x0000000014f57000   40       1       java.lang.String::length (6 bytes)
Event: 3.353 Thread 0x0000000014f57000 nmethod 40 0x0000000002947950 code [0x0000000002947aa0, 0x0000000002947bb0]
Event: 3.381 Thread 0x0000000014f57000   41       3       java.util.HashMap::getNode (148 bytes)

GC Heap History (0 events):
No events

Deoptimization events (0 events):
No events

Internal exceptions (2 events):
Event: 0.462 Thread 0x0000000002650800 Exception <a 'java/lang/NoSuchMethodError': Method sun.misc.Unsafe.defineClass(Ljava/lang/String;[BII)Ljava/lang/Class; name or signature does not match> (0x00000000eab07cc0) thrown at [C:\src\android\AOSP-openjdk\external\jetbrains\jdk\hotspot\src\share\vÿX	r¢›?
Event: 0.463 Thread 0x0000000002650800 Exception <a 'java/lang/NoSuchMethodError': Method sun.misc.Unsafe.prefetchRead(Ljava/lang/Object;J)V name or signature does not match> (0x00000000eab07fa8) thrown at [C:\src\android\AOSP-openjdk\external\jetbrains\jdk\hotspot\src\share\vm\prims\jni.cpp, l

Events (10 events):
Event: 3.352 loading class java/util/concurrent/LinkedBlockingQueue$Node
Event: 3.352 loading class java/util/concurrent/LinkedBlockingQueue$Node done
Event: 3.352 loading class java/util/concurrent/Executors$DefaultThreadFactory
Event: 3.352 loading class java/util/concurrent/ThreadFactory
Event: 3.352 loading class java/util/concurrent/ThreadFactory done
Event: 3.352 loading class java/util/concurrent/Executors$DefaultThreadFactory done
Event: 3.353 loading class com/android/dx/dex/file/DexFile
Event: 3.353 loading class com/android/dx/dex/file/DexFile done
Event: 3.379 loading class com/android/dx/dex/file/Section
Event: 3.379 loading class com/android/dx/dex/file/Section done


Dynamic libraries:
0x00007ff631170000 - 0x00007ff6311a1000 	D:\Android\AndroidStudio\jre\bin\java.exe
0x00007ffb46030000 - 0x00007ffb461dd000 	C:\WINDOWS\SYSTEM32\ntdll.dll
0x00007ffb44000000 - 0x00007ffb4413e000 	C:\WINDOWS\system32\KERNEL32.DLL
0x00007ffb43330000 - 0x00007ffb43445000 	C:\WINDOWS\system32\KERNELBASE.dll
0x00007ffb43980000 - 0x00007ffb43a2a000 	C:\WINDOWS\system32\ADVAPI32.dll
0x00007ffb43e10000 - 0x00007ffb43f87000 	C:\WINDOWS\system32\USER32.dll
0x00007ffb40df0000 - 0x00007ffb4106a000 	C:\WINDOWS\WinSxS\amd64_microsoft.windows.common-controls_6595b64144ccf1df_6.0.9600.17810_none_6240b9c7ecbd0bda\COMCTL32.dll
0x00007ffb436b0000 - 0x00007ffb4375a000 	C:\WINDOWS\system32\msvcrt.dll
0x00007ffb43a30000 - 0x00007ffb43a89000 	C:\WINDOWS\SYSTEM32\sechost.dll
0x00007ffb44140000 - 0x00007ffb44280000 	C:\WINDOWS\system32\RPCRT4.dll
0x00007ffb45830000 - 0x00007ffb4597f000 	C:\WINDOWS\system32\GDI32.dll
0x00007ffb43630000 - 0x00007ffb4365e000 	C:\WINDOWS\system32\SspiCli.dll
0x00007ffb43af0000 - 0x00007ffb43b26000 	C:\WINDOWS\system32\IMM32.DLL
0x00007ffb45980000 - 0x00007ffb45ad2000 	C:\WINDOWS\system32\MSCTF.dll
0x000000006a4b0000 - 0x000000006a582000 	D:\Android\AndroidStudio\jre\jre\bin\msvcr100.dll
0x0000000069600000 - 0x0000000069e34000 	D:\Android\AndroidStudio\jre\jre\bin\server\jvm.dll
0x00007ffb3a960000 - 0x00007ffb3a969000 	C:\WINDOWS\SYSTEM32\WSOCK32.dll
0x00007ffb39250000 - 0x00007ffb39272000 	C:\WINDOWS\SYSTEM32\WINMM.dll
0x00007ffb3c820000 - 0x00007ffb3c82a000 	C:\WINDOWS\SYSTEM32\VERSION.dll
0x00007ffb43e00000 - 0x00007ffb43e07000 	C:\WINDOWS\system32\PSAPI.DLL
0x00007ffb44280000 - 0x00007ffb442da000 	C:\WINDOWS\system32\WS2_32.dll
0x00007ffb39150000 - 0x00007ffb3917a000 	C:\WINDOWS\SYSTEM32\WINMMBASE.dll
0x00007ffb45820000 - 0x00007ffb45829000 	C:\WINDOWS\system32\NSI.dll
0x00007ffb43660000 - 0x00007ffb436af000 	C:\WINDOWS\SYSTEM32\cfgmgr32.dll
0x00007ffb41f70000 - 0x00007ffb41f98000 	C:\WINDOWS\SYSTEM32\DEVOBJ.dll
0x00007ffb3dfa0000 - 0x00007ffb3dfaf000 	D:\Android\AndroidStudio\jre\jre\bin\verify.dll
0x00007ffb3bdb0000 - 0x00007ffb3bdd9000 	D:\Android\AndroidStudio\jre\jre\bin\java.dll
0x00007ffb3c710000 - 0x00007ffb3c726000 	D:\Android\AndroidStudio\jre\jre\bin\zip.dll
0x00007ffb442e0000 - 0x00007ffb45808000 	C:\WINDOWS\system32\SHELL32.dll
0x00007ffb43760000 - 0x00007ffb43971000 	C:\WINDOWS\SYSTEM32\combase.dll
0x00007ffb43a90000 - 0x00007ffb43ae4000 	C:\WINDOWS\system32\SHLWAPI.dll
0x00007ffb41790000 - 0x00007ffb41842000 	C:\WINDOWS\SYSTEM32\SHCORE.dll
0x00007ffb43150000 - 0x00007ffb43165000 	C:\WINDOWS\SYSTEM32\profapi.dll

VM Arguments:
jvm_args: -Djava.awt.headless=true -Xmx1024M -Dfile.encoding=windows-1252 -Duser.country=US -Duser.language=en -Duser.variant 
java_command: com.android.dx.command.Main --dex --force-jumbo --num-threads=4 --multi-dex --output D:\Mozilla Downloads\and-nd-firebase-1.00-starting-point\app\build\intermediates\transforms\dex\debug\folders\1000\10\com.google.android.gms-play-services-base-10.0.1_7ff5fd555a5810a436c3512c13bb515b01d7e1de D:\Mozilla Downloads\and-nd-firebase-1.00-starting-point\app\build\intermediates\exploded-aar\com.google.android.gms\play-services-base\10.0.1\jars\classes.jar
java_class_path (initial): D:\Android\sdk\build-tools\24.0.1\lib\dx.jar
Launcher Type: SUN_STANDARD

Environment Variables:
PATH=C:\ProgramData\Oracle\Java\javapath;C:\Program Files (x86)\Intel\iCLS Client\;C:\Program Files\Intel\iCLS Client\;C:\WINDOWS\system32;C:\WINDOWS;C:\WINDOWS\System32\Wbem;C:\WINDOWS\System32\WindowsPowerShell\v1.0\;C:\Program Files\Intel\Intel(R) Management Engine Components\DAL;C:\Program Files (x86)\Intel\Intel(R) Management Engine Components\DAL;C:\Program Files\Intel\Intel(R) Management Engine Components\IPT;C:\Program Files (x86)\Intel\Intel(R) Management Engine Components\IPT;C:\Users\Hamid-PC\AppData\Local\atom\bin
USERNAME=Hamid-PC
OS=Windows_NT
PROCESSOR_IDENTIFIER=Intel64 Family 6 Model 61 Stepping 4, GenuineIntel



---------------  S Y S T E M  ---------------

OS: Windows 8.1 , 64 bit Build 9600 (6.3.9600.17415)

CPU:total 4 (2 cores per cpu, 2 threads per core) family 6 model 61 stepping 4, cmov, cx8, fxsr, mmx, sse, sse2, sse3, ssse3, sse4.1, sse4.2, popcnt, avx, avx2, aes, clmul, erms, 3dnowpref, lzcnt, ht, tsc, tscinvbit, bmi1, bmi2, adx

Memory: 4k page, physical 4107980k(304436k free), swap 5209432k(5028k free)

vm_info: OpenJDK 64-Bit Server VM (25.76-b03) for windows-amd64 JRE (1.8.0_76-release-b03), built on Jun 29 2016 19:09:20 by "ralucas" with MS VC++ 10.0 (VS2010)

time: Sat Dec 24 01:39:17 2016
elapsed time: 3 seconds (0d 0h 0m 3s)

