#
# There is insufficient memory for the Java Runtime Environment to continue.
# Native memory allocation (malloc) failed to allocate 457376 bytes for Chunk::new
# Possible reasons:
#   The system is out of physical RAM or swap space
#   In 32 bit mode, the process size limit was hit
# Possible solutions:
#   Reduce memory load on the system
#   Increase physical memory or swap space
#   Check if swap backing store is full
#   Use 64 bit Java on a 64 bit OS
#   Decrease Java heap size (-Xmx/-Xms)
#   Decrease number of Java threads
#   Decrease Java thread stack sizes (-Xss)
#   Set larger code cache with -XX:ReservedCodeCacheSize=
# This output file may be truncated or incomplete.
#
#  Out of Memory Error (allocation.cpp:390), pid=5556, tid=0x0000000000000eb8
#
# JRE version: OpenJDK Runtime Environment (8.0_76-b03) (build 1.8.0_76-release-b03)
# Java VM: OpenJDK 64-Bit Server VM (25.76-b03 mixed mode windows-amd64 compressed oops)
# Failed to write core dump. Minidumps are not enabled by default on client versions of Windows
#

---------------  T H R E A D  ---------------

Current thread (0x00000000145ea800):  JavaThread "C2 CompilerThread0" daemon [_thread_in_native, id=3768, stack(0x0000000015c30000,0x0000000015d30000)]

Stack: [0x0000000015c30000,0x0000000015d30000]
[error occurred during error reporting (printing stack bounds), id 0xc0000005]

Native frames: (J=compiled Java code, j=interpreted, Vv=VM code, C=native code)


Current CompileTask:
C2:   8255 1335       4       com.android.dx.ssa.SCCP::simulatePhi (169 bytes)


---------------  P R O C E S S  ---------------

Java Threads: ( => current thread )
  0x00000000161ff800 JavaThread "pool-2-thread-4" [_thread_blocked, id=3816, stack(0x0000000016930000,0x0000000016a30000)]
  0x00000000161ff000 JavaThread "pool-2-thread-3" [_thread_blocked, id=2520, stack(0x0000000016830000,0x0000000016930000)]
  0x00000000161fe000 JavaThread "pool-2-thread-2" [_thread_in_Java, id=2160, stack(0x0000000016730000,0x0000000016830000)]
  0x00000000161d7000 JavaThread "pool-3-thread-1" [_thread_blocked, id=1220, stack(0x0000000016630000,0x0000000016730000)]
  0x00000000161d6000 JavaThread "pool-2-thread-1" [_thread_blocked, id=4856, stack(0x0000000016530000,0x0000000016630000)]
  0x0000000015f3b800 JavaThread "Service Thread" daemon [_thread_blocked, id=3164, stack(0x0000000016330000,0x0000000016430000)]
  0x000000001464a800 JavaThread "C1 CompilerThread2" daemon [_thread_blocked, id=4820, stack(0x0000000015e30000,0x0000000015f30000)]
  0x0000000014644800 JavaThread "C2 CompilerThread1" daemon [_thread_in_native, id=4152, stack(0x0000000015d30000,0x0000000015e30000)]
=>0x00000000145ea800 JavaThread "C2 CompilerThread0" daemon [_thread_in_native, id=3768, stack(0x0000000015c30000,0x0000000015d30000)]
  0x00000000145e9800 JavaThread "Attach Listener" daemon [_thread_blocked, id=6072, stack(0x0000000015b30000,0x0000000015c30000)]
  0x00000000145e8800 JavaThread "Signal Dispatcher" daemon [_thread_blocked, id=4328, stack(0x0000000015a30000,0x0000000015b30000)]
  0x00000000145d8000 JavaThread "Finalizer" daemon [_thread_blocked, id=3256, stack(0x0000000015850000,0x0000000015950000)]
  0x0000000001e4f000 JavaThread "Reference Handler" daemon [_thread_blocked, id=1456, stack(0x0000000015750000,0x0000000015850000)]
  0x0000000001d60800 JavaThread "main" [_thread_in_Java, id=712, stack(0x0000000001bc0000,0x0000000001cc0000)]

Other Threads:
  0x00000000145b5800 VMThread [stack: 0x0000000015650000,0x0000000015750000] [id=4224]
  0x0000000015f3c800 WatcherThread [stack: 0x0000000016430000,0x0000000016530000] [id=5468]

VM state:not at safepoint (normal execution)

VM Mutex/Monitor currently owned by a thread: None

Heap:
 PSYoungGen      total 35328K, used 6594K [0x00000000eab00000, 0x00000000ed000000, 0x0000000100000000)
  eden space 32768K, 12% used [0x00000000eab00000,0x00000000eaef5d98,0x00000000ecb00000)
  from space 2560K, 99% used [0x00000000ecd80000,0x00000000ecffaab8,0x00000000ed000000)
  to   space 2560K, 0% used [0x00000000ecb00000,0x00000000ecb00000,0x00000000ecd80000)
 ParOldGen       total 44032K, used 2786K [0x00000000c0000000, 0x00000000c2b00000, 0x00000000eab00000)
  object space 44032K, 6% used [0x00000000c0000000,0x00000000c02b8b48,0x00000000c2b00000)
 Metaspace       used 5977K, capacity 6960K, committed 7040K, reserved 1056768K
  class space    used 574K, capacity 616K, committed 640K, reserved 1048576K

Card table byte_map: [0x00000000112e0000,0x00000000114f0000] byte_map_base: 0x0000000010ce0000

Marking Bits: (ParMarkBitMap*) 0x0000000069db9d00
 Begin Bits: [0x0000000011a50000, 0x0000000012a50000)
 End Bits:   [0x0000000012a50000, 0x0000000013a50000)

Polling page: 0x0000000001cc0000

CodeCache: size=245760Kb used=5397Kb max_used=5397Kb free=240363Kb
 bounds [0x0000000001f20000, 0x0000000002470000, 0x0000000010f20000]
 total_blobs=1592 nmethods=1324 adapters=182
 compilation: enabled

Compilation events (10 events):
Event: 8.144 Thread 0x000000001464a800 1349       3       com.android.dx.util.FixedSizeList::shrinkToFit (103 bytes)
Event: 8.146 Thread 0x000000001464a800 nmethod 1349 0x0000000002450950 code [0x0000000002450b00, 0x0000000002451388]
Event: 8.146 Thread 0x000000001464a800 1350       3       com.android.dx.ssa.SsaBasicBlock::insertNewSuccessor (228 bytes)
Event: 8.149 Thread 0x000000001464a800 nmethod 1350 0x0000000002466810 code [0x0000000002466b40, 0x0000000002468068]
Event: 8.149 Thread 0x000000001464a800 1348       3       java.util.BitSet::set (18 bytes)
Event: 8.149 Thread 0x000000001464a800 nmethod 1348 0x00000000024504d0 code [0x0000000002450640, 0x0000000002450878]
Event: 8.149 Thread 0x000000001464a800 1347       3       com.android.dx.rop.type.StdTypeList::equalContents (56 bytes)
Event: 8.150 Thread 0x000000001464a800 nmethod 1347 0x000000000244f790 code [0x000000000244f960, 0x0000000002450228]
Event: 8.150 Thread 0x000000001464a800 1345       3       com.android.dx.cf.code.Frame::mergeWith (80 bytes)
Event: 8.152 Thread 0x000000001464a800 nmethod 1345 0x0000000002468b10 code [0x0000000002468d40, 0x0000000002469d28]

GC Heap History (4 events):
Event: 4.580 GC heap before
{Heap before GC invocations=1 (full 0):
 PSYoungGen      total 18944K, used 16384K [0x00000000eab00000, 0x00000000ec000000, 0x0000000100000000)
  eden space 16384K, 100% used [0x00000000eab00000,0x00000000ebb00000,0x00000000ebb00000)
  from space 2560K, 0% used [0x00000000ebd80000,0x00000000ebd80000,0x00000000ec000000)
  to   space 2560K, 0% used [0x00000000ebb00000,0x00000000ebb00000,0x00000000ebd80000)
 ParOldGen       total 44032K, used 0K [0x00000000c0000000, 0x00000000c2b00000, 0x00000000eab00000)
  object space 44032K, 0% used [0x00000000c0000000,0x00000000c0000000,0x00000000c2b00000)
 Metaspace       used 5450K, capacity 6512K, committed 6784K, reserved 1056768K
  class space    used 571K, capacity 616K, committed 640K, reserved 1048576K
Event: 4.684 GC heap after
Heap after GC invocations=1 (full 0):
 PSYoungGen      total 18944K, used 2537K [0x00000000eab00000, 0x00000000ed000000, 0x0000000100000000)
  eden space 16384K, 0% used [0x00000000eab00000,0x00000000eab00000,0x00000000ebb00000)
  from space 2560K, 99% used [0x00000000ebb00000,0x00000000ebd7a450,0x00000000ebd80000)
  to   space 2560K, 0% used [0x00000000ecd80000,0x00000000ecd80000,0x00000000ed000000)
 ParOldGen       total 44032K, used 1135K [0x00000000c0000000, 0x00000000c2b00000, 0x00000000eab00000)
  object space 44032K, 2% used [0x00000000c0000000,0x00000000c011bf00,0x00000000c2b00000)
 Metaspace       used 5450K, capacity 6512K, committed 6784K, reserved 1056768K
  class space    used 571K, capacity 616K, committed 640K, reserved 1048576K
}
Event: 7.840 GC heap before
{Heap before GC invocations=2 (full 0):
 PSYoungGen      total 18944K, used 18921K [0x00000000eab00000, 0x00000000ed000000, 0x0000000100000000)
  eden space 16384K, 100% used [0x00000000eab00000,0x00000000ebb00000,0x00000000ebb00000)
  from space 2560K, 99% used [0x00000000ebb00000,0x00000000ebd7a450,0x00000000ebd80000)
  to   space 2560K, 0% used [0x00000000ecd80000,0x00000000ecd80000,0x00000000ed000000)
 ParOldGen       total 44032K, used 1135K [0x00000000c0000000, 0x00000000c2b00000, 0x00000000eab00000)
  object space 44032K, 2% used [0x00000000c0000000,0x00000000c011bf00,0x00000000c2b00000)
 Metaspace       used 5949K, capacity 6896K, committed 7040K, reserved 1056768K
  class space    used 573K, capacity 616K, committed 640K, reserved 1048576K
Event: 8.017 GC heap after
Heap after GC invocations=2 (full 0):
 PSYoungGen      total 35328K, used 2538K [0x00000000eab00000, 0x00000000ed000000, 0x0000000100000000)
  eden space 32768K, 0% used [0x00000000eab00000,0x00000000eab00000,0x00000000ecb00000)
  from space 2560K, 99% used [0x00000000ecd80000,0x00000000ecffaab8,0x00000000ed000000)
  to   space 2560K, 0% used [0x00000000ecb00000,0x00000000ecb00000,0x00000000ecd80000)
 ParOldGen       total 44032K, used 2786K [0x00000000c0000000, 0x00000000c2b00000, 0x00000000eab00000)
  object space 44032K, 6% used [0x00000000c0000000,0x00000000c02b8b48,0x00000000c2b00000)
 Metaspace       used 5949K, capacity 6896K, committed 7040K, reserved 1056768K
  class space    used 573K, capacity 616K, committed 640K, reserved 1048576K
}

Deoptimization events (10 events):
Event: 5.149 Thread 0x00000000161ff000 Uncommon trap: reason=class_check action=maybe_recompile pc=0x000000000215e1f0 method=com.android.dx.ssa.NormalSsaInsn.accept(Lcom/android/dx/ssa/SsaInsn$Visitor;)V @ 9
Event: 5.157 Thread 0x00000000161ff000 Uncommon trap: reason=class_check action=maybe_recompile pc=0x000000000216e170 method=com.android.dx.ssa.NormalSsaInsn.accept(Lcom/android/dx/ssa/SsaInsn$Visitor;)V @ 9
Event: 5.157 Thread 0x00000000161ff000 Uncommon trap: reason=class_check action=maybe_recompile pc=0x000000000215e1f0 method=com.android.dx.ssa.NormalSsaInsn.accept(Lcom/android/dx/ssa/SsaInsn$Visitor;)V @ 9
Event: 5.177 Thread 0x00000000161d6000 Uncommon trap: reason=unstable_if action=reinterpret pc=0x0000000002159870 method=java.util.BitSet.nextSetBit(I)I @ 87
Event: 5.196 Thread 0x00000000161d6000 Uncommon trap: reason=class_check action=maybe_recompile pc=0x000000000216e170 method=com.android.dx.ssa.NormalSsaInsn.accept(Lcom/android/dx/ssa/SsaInsn$Visitor;)V @ 9
Event: 8.081 Thread 0x00000000161fe000 Uncommon trap: reason=unstable_if action=reinterpret pc=0x00000000023cffc0 method=com.android.dx.ssa.SCCP.simulateStmt(Lcom/android/dx/ssa/SsaInsn;)V @ 53
Event: 8.118 Thread 0x00000000161fe000 Uncommon trap: reason=bimorphic action=maybe_recompile pc=0x0000000002428db4 method=com.android.dx.cf.code.BytecodeArray.parseInstruction(ILcom/android/dx/cf/code/BytecodeArray$Visitor;)I @ 923
Event: 8.118 Thread 0x00000000161fe000 Uncommon trap: reason=bimorphic action=maybe_recompile pc=0x0000000002428d34 method=com.android.dx.cf.code.BytecodeArray.parseInstruction(ILcom/android/dx/cf/code/BytecodeArray$Visitor;)I @ 907
Event: 8.118 Thread 0x00000000161fe000 Uncommon trap: reason=bimorphic action=maybe_recompile pc=0x0000000002429438 method=com.android.dx.cf.code.BytecodeArray.parseInstruction(ILcom/android/dx/cf/code/BytecodeArray$Visitor;)I @ 1224
Event: 8.118 Thread 0x00000000161fe000 Uncommon trap: reason=bimorphic action=maybe_recompile pc=0x0000000002428db4 method=com.android.dx.cf.code.BytecodeArray.parseInstruction(ILcom/android/dx/cf/code/BytecodeArray$Visitor;)I @ 923

Internal exceptions (2 events):
Event: 0.167 Thread 0x0000000001d60800 Exception <a 'java/lang/NoSuchMethodError': Method sun.misc.Unsafe.defineClass(Ljava/lang/String;[BII)Ljava/lang/Class; name or signature does not match> (0x00000000eab07cc0) thrown at [C:\src\android\AOSP-openjdk\external\jetbrains\jdk\hotspot\src\share\vÆ,ôŽª^Å?
Event: 0.167 Thread 0x0000000001d60800 Exception <a 'java/lang/NoSuchMethodError': Method sun.misc.Unsafe.prefetchRead(Ljava/lang/Object;J)V name or signature does not match> (0x00000000eab07fa8) thrown at [C:\src\android\AOSP-openjdk\external\jetbrains\jdk\hotspot\src\share\vm\prims\jni.cpp, l

Events (10 events):
Event: 8.118 Thread 0x00000000161fe000 DEOPT UNPACKING pc=0x0000000001f6556a sp=0x000000001682e648 mode 2
Event: 8.118 Thread 0x00000000161fe000 Uncommon trap: trap_request=0xffffffc6 fr.pc=0x0000000002428d34
Event: 8.118 Thread 0x00000000161fe000 DEOPT PACKING pc=0x0000000002428d34 sp=0x000000001682e6c0
Event: 8.118 Thread 0x00000000161fe000 DEOPT UNPACKING pc=0x0000000001f6556a sp=0x000000001682e648 mode 2
Event: 8.118 Thread 0x00000000161fe000 Uncommon trap: trap_request=0xffffffc6 fr.pc=0x0000000002429438
Event: 8.118 Thread 0x00000000161fe000 DEOPT PACKING pc=0x0000000002429438 sp=0x000000001682e6c0
Event: 8.118 Thread 0x00000000161fe000 DEOPT UNPACKING pc=0x0000000001f6556a sp=0x000000001682e648 mode 2
Event: 8.118 Thread 0x00000000161fe000 Uncommon trap: trap_request=0xffffffc6 fr.pc=0x0000000002428db4
Event: 8.118 Thread 0x00000000161fe000 DEOPT PACKING pc=0x0000000002428db4 sp=0x000000001682e4a0
Event: 8.118 Thread 0x00000000161fe000 DEOPT UNPACKING pc=0x0000000001f6556a sp=0x000000001682e428 mode 2


Dynamic libraries:
0x00007ff766640000 - 0x00007ff766671000 	D:\Android\AndroidStudio\jre\bin\java.exe
0x00007ffb46030000 - 0x00007ffb461dd000 	C:\WINDOWS\SYSTEM32\ntdll.dll
0x00007ffb44000000 - 0x00007ffb4413e000 	C:\WINDOWS\system32\KERNEL32.DLL
0x00007ffb43330000 - 0x00007ffb43445000 	C:\WINDOWS\system32\KERNELBASE.dll
0x00007ffb43980000 - 0x00007ffb43a2a000 	C:\WINDOWS\system32\ADVAPI32.dll
0x00007ffb43e10000 - 0x00007ffb43f87000 	C:\WINDOWS\system32\USER32.dll
0x00007ffb40df0000 - 0x00007ffb4106a000 	C:\WINDOWS\WinSxS\amd64_microsoft.windows.common-controls_6595b64144ccf1df_6.0.9600.17810_none_6240b9c7ecbd0bda\COMCTL32.dll
0x00007ffb436b0000 - 0x00007ffb4375a000 	C:\WINDOWS\system32\msvcrt.dll
0x00007ffb43a30000 - 0x00007ffb43a89000 	C:\WINDOWS\SYSTEM32\sechost.dll
0x00007ffb44140000 - 0x00007ffb44280000 	C:\WINDOWS\system32\RPCRT4.dll
0x00007ffb45830000 - 0x00007ffb4597f000 	C:\WINDOWS\system32\GDI32.dll
0x00007ffb43630000 - 0x00007ffb4365e000 	C:\WINDOWS\system32\SspiCli.dll
0x00007ffb43af0000 - 0x00007ffb43b26000 	C:\WINDOWS\system32\IMM32.DLL
0x00007ffb45980000 - 0x00007ffb45ad2000 	C:\WINDOWS\system32\MSCTF.dll
0x0000000069520000 - 0x00000000695f2000 	D:\Android\AndroidStudio\jre\jre\bin\msvcr100.dll
0x0000000069600000 - 0x0000000069e34000 	D:\Android\AndroidStudio\jre\jre\bin\server\jvm.dll
0x00007ffb3a960000 - 0x00007ffb3a969000 	C:\WINDOWS\SYSTEM32\WSOCK32.dll
0x00007ffb39250000 - 0x00007ffb39272000 	C:\WINDOWS\SYSTEM32\WINMM.dll
0x00007ffb3c820000 - 0x00007ffb3c82a000 	C:\WINDOWS\SYSTEM32\VERSION.dll
0x00007ffb43e00000 - 0x00007ffb43e07000 	C:\WINDOWS\system32\PSAPI.DLL
0x00007ffb44280000 - 0x00007ffb442da000 	C:\WINDOWS\system32\WS2_32.dll
0x00007ffb39150000 - 0x00007ffb3917a000 	C:\WINDOWS\SYSTEM32\WINMMBASE.dll
0x00007ffb45820000 - 0x00007ffb45829000 	C:\WINDOWS\system32\NSI.dll
0x00007ffb43660000 - 0x00007ffb436af000 	C:\WINDOWS\SYSTEM32\cfgmgr32.dll
0x00007ffb41f70000 - 0x00007ffb41f98000 	C:\WINDOWS\SYSTEM32\DEVOBJ.dll
0x00007ffb3f0a0000 - 0x00007ffb3f0af000 	D:\Android\AndroidStudio\jre\jre\bin\verify.dll
0x00007ffb3bae0000 - 0x00007ffb3bb09000 	D:\Android\AndroidStudio\jre\jre\bin\java.dll
0x00007ffb3ec30000 - 0x00007ffb3ec46000 	D:\Android\AndroidStudio\jre\jre\bin\zip.dll
0x00007ffb442e0000 - 0x00007ffb45808000 	C:\WINDOWS\system32\SHELL32.dll
0x00007ffb43760000 - 0x00007ffb43971000 	C:\WINDOWS\SYSTEM32\combase.dll
0x00007ffb43a90000 - 0x00007ffb43ae4000 	C:\WINDOWS\system32\SHLWAPI.dll
0x00007ffb41790000 - 0x00007ffb41842000 	C:\WINDOWS\SYSTEM32\SHCORE.dll
0x00007ffb43150000 - 0x00007ffb43165000 	C:\WINDOWS\SYSTEM32\profapi.dll

VM Arguments:
jvm_args: -Djava.awt.headless=true -Xmx1024M -Dfile.encoding=windows-1252 -Duser.country=US -Duser.language=en -Duser.variant 
java_command: com.android.dx.command.Main --dex --force-jumbo --num-threads=4 --multi-dex --output D:\Mozilla Downloads\and-nd-firebase-1.00-starting-point\app\build\intermediates\transforms\dex\debug\folders\1000\10\com.facebook.android-facebook-android-sdk-4.17.0_c1bd06bd1db7b1925eeb6807cac8603eaf1d899c D:\Mozilla Downloads\and-nd-firebase-1.00-starting-point\app\build\intermediates\exploded-aar\com.facebook.android\facebook-android-sdk\4.17.0\jars\classes.jar
java_class_path (initial): D:\Android\sdk\build-tools\24.0.1\lib\dx.jar
Launcher Type: SUN_STANDARD

Environment Variables:
PATH=C:\ProgramData\Oracle\Java\javapath;C:\Program Files (x86)\Intel\iCLS Client\;C:\Program Files\Intel\iCLS Client\;C:\WINDOWS\system32;C:\WINDOWS;C:\WINDOWS\System32\Wbem;C:\WINDOWS\System32\WindowsPowerShell\v1.0\;C:\Program Files\Intel\Intel(R) Management Engine Components\DAL;C:\Program Files (x86)\Intel\Intel(R) Management Engine Components\DAL;C:\Program Files\Intel\Intel(R) Management Engine Components\IPT;C:\Program Files (x86)\Intel\Intel(R) Management Engine Components\IPT;C:\Program Files\Microsoft SQL Server\110\Tools\Binn\
USERNAME=Hamid-PC
OS=Windows_NT
PROCESSOR_IDENTIFIER=Intel64 Family 6 Model 61 Stepping 4, GenuineIntel



---------------  S Y S T E M  ---------------

OS: Windows 8.1 , 64 bit Build 9600 (6.3.9600.17415)

CPU:total 4 (2 cores per cpu, 2 threads per core) family 6 model 61 stepping 4, cmov, cx8, fxsr, mmx, sse, sse2, sse3, ssse3, sse4.1, sse4.2, popcnt, avx, avx2, aes, clmul, erms, 3dnowpref, lzcnt, ht, tsc, tscinvbit, bmi1, bmi2, adx

Memory: 4k page, physical 4107980k(353496k free), swap 5209432k(5112k free)

vm_info: OpenJDK 64-Bit Server VM (25.76-b03) for windows-amd64 JRE (1.8.0_76-release-b03), built on Jun 29 2016 19:09:20 by "ralucas" with MS VC++ 10.0 (VS2010)

time: Thu Dec 22 18:56:02 2016
elapsed time: 8 seconds (0d 0h 0m 8s)

