#
# There is insufficient memory for the Java Runtime Environment to continue.
# Native memory allocation (malloc) failed to allocate 65552 bytes for Chunk::new
# Possible reasons:
#   The system is out of physical RAM or swap space
#   In 32 bit mode, the process size limit was hit
# Possible solutions:
#   Reduce memory load on the system
#   Increase physical memory or swap space
#   Check if swap backing store is full
#   Use 64 bit Java on a 64 bit OS
#   Decrease Java heap size (-Xmx/-Xms)
#   Decrease number of Java threads
#   Decrease Java thread stack sizes (-Xss)
#   Set larger code cache with -XX:ReservedCodeCacheSize=
# This output file may be truncated or incomplete.
#
#  Out of Memory Error (allocation.cpp:390), pid=2964, tid=0x00000000000001d8
#
# JRE version: OpenJDK Runtime Environment (8.0_76-b03) (build 1.8.0_76-release-b03)
# Java VM: OpenJDK 64-Bit Server VM (25.76-b03 mixed mode windows-amd64 compressed oops)
# Failed to write core dump. Minidumps are not enabled by default on client versions of Windows
#

---------------  T H R E A D  ---------------

Current thread (0x00000000150ba800):  JavaThread "C2 CompilerThread0" daemon [_thread_in_native, id=472, stack(0x00000000166f0000,0x00000000167f0000)]

Stack: [0x00000000166f0000,0x00000000167f0000]
[error occurred during error reporting (printing stack bounds), id 0xc0000005]

Native frames: (J=compiled Java code, j=interpreted, Vv=VM code, C=native code)


Current CompileTask:
C2:   5011 1111       4       com.android.dx.dex.code.OutputFinisher::addConstants (93 bytes)


---------------  P R O C E S S  ---------------

Java Threads: ( => current thread )
  0x0000000016c38000 JavaThread "pool-1-thread-1" [_thread_in_vm, id=6040, stack(0x0000000016ff0000,0x00000000170f0000)]
  0x000000001511e800 JavaThread "Service Thread" daemon [_thread_blocked, id=4448, stack(0x0000000016df0000,0x0000000016ef0000)]
  0x0000000015117000 JavaThread "C1 CompilerThread2" daemon [_thread_blocked, id=4392, stack(0x00000000168f0000,0x00000000169f0000)]
  0x0000000015114800 JavaThread "C2 CompilerThread1" daemon [_thread_blocked, id=4072, stack(0x00000000167f0000,0x00000000168f0000)]
=>0x00000000150ba800 JavaThread "C2 CompilerThread0" daemon [_thread_in_native, id=472, stack(0x00000000166f0000,0x00000000167f0000)]
  0x00000000150b9000 JavaThread "Attach Listener" daemon [_thread_blocked, id=5316, stack(0x00000000165f0000,0x00000000166f0000)]
  0x00000000150b8000 JavaThread "Signal Dispatcher" daemon [_thread_blocked, id=188, stack(0x00000000164f0000,0x00000000165f0000)]
  0x00000000150a8800 JavaThread "Finalizer" daemon [_thread_blocked, id=4996, stack(0x0000000016310000,0x0000000016410000)]
  0x00000000029df000 JavaThread "Reference Handler" daemon [_thread_blocked, id=2220, stack(0x0000000016210000,0x0000000016310000)]
  0x00000000028f0800 JavaThread "main" [_thread_blocked, id=4016, stack(0x00000000027c0000,0x00000000028c0000)]

Other Threads:
  0x0000000015085800 VMThread [stack: 0x0000000016110000,0x0000000016210000] [id=5536]
  0x00000000169f1800 WatcherThread [stack: 0x0000000016ef0000,0x0000000016ff0000] [id=5676]

VM state:not at safepoint (normal execution)

VM Mutex/Monitor currently owned by a thread:  ([mutex/lock_event])
[0x00000000028ebae0] AdapterHandlerLibrary_lock - owner thread: 0x0000000016c38000

Heap:
 PSYoungGen      total 18944K, used 7918K [0x00000000eab00000, 0x00000000ec000000, 0x0000000100000000)
  eden space 16384K, 32% used [0x00000000eab00000,0x00000000eb043b00,0x00000000ebb00000)
  from space 2560K, 98% used [0x00000000ebb00000,0x00000000ebd78020,0x00000000ebd80000)
  to   space 2560K, 0% used [0x00000000ebd80000,0x00000000ebd80000,0x00000000ec000000)
 ParOldGen       total 44032K, used 2229K [0x00000000c0000000, 0x00000000c2b00000, 0x00000000eab00000)
  object space 44032K, 5% used [0x00000000c0000000,0x00000000c022d5e0,0x00000000c2b00000)
 Metaspace       used 5910K, capacity 6896K, committed 7040K, reserved 1056768K
  class space    used 585K, capacity 616K, committed 640K, reserved 1048576K

Card table byte_map: [0x0000000011db0000,0x0000000011fc0000] byte_map_base: 0x00000000117b0000

Marking Bits: (ParMarkBitMap*) 0x0000000069db9d00
 Begin Bits: [0x0000000012520000, 0x0000000013520000)
 End Bits:   [0x0000000013520000, 0x0000000014520000)

Polling page: 0x0000000000ea0000

CodeCache: size=245760Kb used=4384Kb max_used=4394Kb free=241375Kb
 bounds [0x00000000029f0000, 0x0000000002e40000, 0x00000000119f0000]
 total_blobs=1405 nmethods=1137 adapters=182
 compilation: enabled

Compilation events (10 events):
Event: 4.761 Thread 0x0000000015117000 1147  s    3       java.lang.StringBuffer::toString (36 bytes)
Event: 4.762 Thread 0x0000000015117000 nmethod 1147 0x0000000002e388d0 code [0x0000000002e38a60, 0x0000000002e38f08]
Event: 4.764 Thread 0x0000000015117000 1148       3       java.util.HashMap::getNode (148 bytes)
Event: 4.766 Thread 0x0000000015117000 nmethod 1148 0x0000000002e39050 code [0x0000000002e39220, 0x0000000002e39bc8]
Event: 4.771 Thread 0x0000000015117000 1149       3       java.util.zip.ZipFile$ZipFileInflaterInputStream::fill (80 bytes)
Event: 4.772 Thread 0x0000000015117000 nmethod 1149 0x0000000002e39e90 code [0x0000000002e3a020, 0x0000000002e3a3e8]
Event: 4.772 Thread 0x0000000015117000 1150   !   3       java.util.zip.ZipFile$ZipFileInputStream::read (131 bytes)
Event: 4.774 Thread 0x0000000015117000 nmethod 1150 0x0000000002e3a5d0 code [0x0000000002e3a7a0, 0x0000000002e3b028]
Event: 4.779 Thread 0x0000000015114800 1152   !   4       com.android.dx.rop.code.RegisterSpecSet::get (18 bytes)
Event: 4.781 Thread 0x0000000015114800 nmethod 1152 0x0000000002de5e90 code [0x0000000002de5fc0, 0x0000000002de6058]

GC Heap History (2 events):
Event: 3.627 GC heap before
{Heap before GC invocations=1 (full 0):
 PSYoungGen      total 18944K, used 16384K [0x00000000eab00000, 0x00000000ec000000, 0x0000000100000000)
  eden space 16384K, 100% used [0x00000000eab00000,0x00000000ebb00000,0x00000000ebb00000)
  from space 2560K, 0% used [0x00000000ebd80000,0x00000000ebd80000,0x00000000ec000000)
  to   space 2560K, 0% used [0x00000000ebb00000,0x00000000ebb00000,0x00000000ebd80000)
 ParOldGen       total 44032K, used 0K [0x00000000c0000000, 0x00000000c2b00000, 0x00000000eab00000)
  object space 44032K, 0% used [0x00000000c0000000,0x00000000c0000000,0x00000000c2b00000)
 Metaspace       used 5721K, capacity 6768K, committed 7040K, reserved 1056768K
  class space    used 572K, capacity 616K, committed 640K, reserved 1048576K
Event: 3.695 GC heap after
Heap after GC invocations=1 (full 0):
 PSYoungGen      total 18944K, used 2528K [0x00000000eab00000, 0x00000000ec000000, 0x0000000100000000)
  eden space 16384K, 0% used [0x00000000eab00000,0x00000000eab00000,0x00000000ebb00000)
  from space 2560K, 98% used [0x00000000ebb00000,0x00000000ebd78020,0x00000000ebd80000)
  to   space 2560K, 0% used [0x00000000ebd80000,0x00000000ebd80000,0x00000000ec000000)
 ParOldGen       total 44032K, used 2229K [0x00000000c0000000, 0x00000000c2b00000, 0x00000000eab00000)
  object space 44032K, 5% used [0x00000000c0000000,0x00000000c022d5e0,0x00000000c2b00000)
 Metaspace       used 5721K, capacity 6768K, committed 7040K, reserved 1056768K
  class space    used 572K, capacity 616K, committed 640K, reserved 1048576K
}

Deoptimization events (10 events):
Event: 4.134 Thread 0x0000000016c38000 Uncommon trap: reason=bimorphic action=maybe_recompile pc=0x0000000002d9fa40 method=java.util.HashMap.putVal(ILjava/lang/Object;Ljava/lang/Object;ZZ)Ljava/lang/Object; @ 91
Event: 4.134 Thread 0x0000000016c38000 Uncommon trap: reason=bimorphic action=maybe_recompile pc=0x0000000002d9fa40 method=java.util.HashMap.putVal(ILjava/lang/Object;Ljava/lang/Object;ZZ)Ljava/lang/Object; @ 91
Event: 4.168 Thread 0x0000000016c38000 Uncommon trap: reason=class_check action=maybe_recompile pc=0x0000000002e1f48c method=java.util.HashMap.putVal(ILjava/lang/Object;Ljava/lang/Object;ZZ)Ljava/lang/Object; @ 203
Event: 4.168 Thread 0x0000000016c38000 Uncommon trap: reason=class_check action=maybe_recompile pc=0x0000000002e1f48c method=java.util.HashMap.putVal(ILjava/lang/Object;Ljava/lang/Object;ZZ)Ljava/lang/Object; @ 203
Event: 4.168 Thread 0x0000000016c38000 Uncommon trap: reason=class_check action=maybe_recompile pc=0x0000000002e1f48c method=java.util.HashMap.putVal(ILjava/lang/Object;Ljava/lang/Object;ZZ)Ljava/lang/Object; @ 203
Event: 4.168 Thread 0x0000000016c38000 Uncommon trap: reason=class_check action=maybe_recompile pc=0x0000000002e1f48c method=java.util.HashMap.putVal(ILjava/lang/Object;Ljava/lang/Object;ZZ)Ljava/lang/Object; @ 203
Event: 4.738 Thread 0x0000000016c38000 Uncommon trap: reason=bimorphic action=maybe_recompile pc=0x0000000002bfb764 method=java.util.HashMap.getNode(ILjava/lang/Object;)Ljava/util/HashMap$Node; @ 126
Event: 4.738 Thread 0x0000000016c38000 Uncommon trap: reason=bimorphic action=maybe_recompile pc=0x0000000002bfb764 method=java.util.HashMap.getNode(ILjava/lang/Object;)Ljava/util/HashMap$Node; @ 126
Event: 4.740 Thread 0x0000000016c38000 Uncommon trap: reason=bimorphic action=maybe_recompile pc=0x0000000002bfb764 method=java.util.HashMap.getNode(ILjava/lang/Object;)Ljava/util/HashMap$Node; @ 126
Event: 4.740 Thread 0x0000000016c38000 Uncommon trap: reason=bimorphic action=maybe_recompile pc=0x0000000002df8bf0 method=java.util.HashMap.getNode(ILjava/lang/Object;)Ljava/util/HashMap$Node; @ 126

Internal exceptions (2 events):
Event: 0.263 Thread 0x00000000028f0800 Exception <a 'java/lang/NoSuchMethodError': Method sun.misc.Unsafe.defineClass(Ljava/lang/String;[BII)Ljava/lang/Class; name or signature does not match> (0x00000000eab07cc0) thrown at [C:\src\android\AOSP-openjdk\external\jetbrains\jdk\hotspot\src\share\vY8D.вп?
Event: 0.263 Thread 0x00000000028f0800 Exception <a 'java/lang/NoSuchMethodError': Method sun.misc.Unsafe.prefetchRead(Ljava/lang/Object;J)V name or signature does not match> (0x00000000eab07fa8) thrown at [C:\src\android\AOSP-openjdk\external\jetbrains\jdk\hotspot\src\share\vm\prims\jni.cpp, l

Events (10 events):
Event: 4.767 loading class com/android/dx/dex/code/LocalList$MakeState
Event: 4.767 loading class com/android/dx/dex/code/LocalList$MakeState done
Event: 4.769 loading class com/android/dx/dex/code/LocalList$Disposition
Event: 4.769 loading class com/android/dx/dex/code/LocalList$Disposition done
Event: 4.771 loading class com/android/dx/dex/code/LocalList$Entry
Event: 4.771 loading class com/android/dx/dex/code/LocalList$Entry done
Event: 4.781 loading class com/android/dx/dex/code/CatchHandlerList
Event: 4.781 loading class com/android/dx/dex/code/CatchHandlerList done
Event: 4.783 loading class com/android/dx/dex/code/CatchTable
Event: 4.783 loading class com/android/dx/dex/code/CatchTable done


Dynamic libraries:
0x00007ff631170000 - 0x00007ff6311a1000 	D:\Android\AndroidStudio\jre\bin\java.exe
0x00007ffb46030000 - 0x00007ffb461dd000 	C:\WINDOWS\SYSTEM32\ntdll.dll
0x00007ffb44000000 - 0x00007ffb4413e000 	C:\WINDOWS\system32\KERNEL32.DLL
0x00007ffb43330000 - 0x00007ffb43445000 	C:\WINDOWS\system32\KERNELBASE.dll
0x00007ffb43980000 - 0x00007ffb43a2a000 	C:\WINDOWS\system32\ADVAPI32.dll
0x00007ffb43e10000 - 0x00007ffb43f87000 	C:\WINDOWS\system32\USER32.dll
0x00007ffb40df0000 - 0x00007ffb4106a000 	C:\WINDOWS\WinSxS\amd64_microsoft.windows.common-controls_6595b64144ccf1df_6.0.9600.17810_none_6240b9c7ecbd0bda\COMCTL32.dll
0x00007ffb436b0000 - 0x00007ffb4375a000 	C:\WINDOWS\system32\msvcrt.dll
0x00007ffb43a30000 - 0x00007ffb43a89000 	C:\WINDOWS\SYSTEM32\sechost.dll
0x00007ffb44140000 - 0x00007ffb44280000 	C:\WINDOWS\system32\RPCRT4.dll
0x00007ffb45830000 - 0x00007ffb4597f000 	C:\WINDOWS\system32\GDI32.dll
0x00007ffb43630000 - 0x00007ffb4365e000 	C:\WINDOWS\system32\SspiCli.dll
0x00007ffb43af0000 - 0x00007ffb43b26000 	C:\WINDOWS\system32\IMM32.DLL
0x00007ffb45980000 - 0x00007ffb45ad2000 	C:\WINDOWS\system32\MSCTF.dll
0x000000006a4b0000 - 0x000000006a582000 	D:\Android\AndroidStudio\jre\jre\bin\msvcr100.dll
0x0000000069600000 - 0x0000000069e34000 	D:\Android\AndroidStudio\jre\jre\bin\server\jvm.dll
0x00007ffb3a960000 - 0x00007ffb3a969000 	C:\WINDOWS\SYSTEM32\WSOCK32.dll
0x00007ffb39250000 - 0x00007ffb39272000 	C:\WINDOWS\SYSTEM32\WINMM.dll
0x00007ffb3c820000 - 0x00007ffb3c82a000 	C:\WINDOWS\SYSTEM32\VERSION.dll
0x00007ffb43e00000 - 0x00007ffb43e07000 	C:\WINDOWS\system32\PSAPI.DLL
0x00007ffb44280000 - 0x00007ffb442da000 	C:\WINDOWS\system32\WS2_32.dll
0x00007ffb39150000 - 0x00007ffb3917a000 	C:\WINDOWS\SYSTEM32\WINMMBASE.dll
0x00007ffb45820000 - 0x00007ffb45829000 	C:\WINDOWS\system32\NSI.dll
0x00007ffb43660000 - 0x00007ffb436af000 	C:\WINDOWS\SYSTEM32\cfgmgr32.dll
0x00007ffb41f70000 - 0x00007ffb41f98000 	C:\WINDOWS\SYSTEM32\DEVOBJ.dll
0x00007ffb3dfa0000 - 0x00007ffb3dfaf000 	D:\Android\AndroidStudio\jre\jre\bin\verify.dll
0x00007ffb3bdb0000 - 0x00007ffb3bdd9000 	D:\Android\AndroidStudio\jre\jre\bin\java.dll
0x00007ffb3c710000 - 0x00007ffb3c726000 	D:\Android\AndroidStudio\jre\jre\bin\zip.dll
0x00007ffb442e0000 - 0x00007ffb45808000 	C:\WINDOWS\system32\SHELL32.dll
0x00007ffb43760000 - 0x00007ffb43971000 	C:\WINDOWS\SYSTEM32\combase.dll
0x00007ffb43a90000 - 0x00007ffb43ae4000 	C:\WINDOWS\system32\SHLWAPI.dll
0x00007ffb41790000 - 0x00007ffb41842000 	C:\WINDOWS\SYSTEM32\SHCORE.dll
0x00007ffb43150000 - 0x00007ffb43165000 	C:\WINDOWS\SYSTEM32\profapi.dll

VM Arguments:
jvm_args: -Djava.awt.headless=true -Xmx1024M -Dfile.encoding=windows-1252 -Duser.country=US -Duser.language=en -Duser.variant 
java_command: com.android.dx.command.Main --dex --force-jumbo --num-threads=4 --multi-dex --output D:\Mozilla Downloads\and-nd-firebase-1.00-starting-point\app\build\intermediates\transforms\dex\debug\folders\1000\10\bolts-applinks-1.4.0_615890ad4a7cd99976fa789192f3e62b865b2a45 D:\Android\.gradle\caches\modules-2\files-2.1\com.parse.bolts\bolts-applinks\1.4.0\8ad21bf21784dacce5f2043afb97218cc377e835\bolts-applinks-1.4.0.jar
java_class_path (initial): D:\Android\sdk\build-tools\24.0.1\lib\dx.jar
Launcher Type: SUN_STANDARD

Environment Variables:
PATH=C:\ProgramData\Oracle\Java\javapath;C:\Program Files (x86)\Intel\iCLS Client\;C:\Program Files\Intel\iCLS Client\;C:\WINDOWS\system32;C:\WINDOWS;C:\WINDOWS\System32\Wbem;C:\WINDOWS\System32\WindowsPowerShell\v1.0\;C:\Program Files\Intel\Intel(R) Management Engine Components\DAL;C:\Program Files (x86)\Intel\Intel(R) Management Engine Components\DAL;C:\Program Files\Intel\Intel(R) Management Engine Components\IPT;C:\Program Files (x86)\Intel\Intel(R) Management Engine Components\IPT;C:\Users\Hamid-PC\AppData\Local\atom\bin
USERNAME=Hamid-PC
OS=Windows_NT
PROCESSOR_IDENTIFIER=Intel64 Family 6 Model 61 Stepping 4, GenuineIntel



---------------  S Y S T E M  ---------------

OS: Windows 8.1 , 64 bit Build 9600 (6.3.9600.17415)

CPU:total 4 (2 cores per cpu, 2 threads per core) family 6 model 61 stepping 4, cmov, cx8, fxsr, mmx, sse, sse2, sse3, ssse3, sse4.1, sse4.2, popcnt, avx, avx2, aes, clmul, erms, 3dnowpref, lzcnt, ht, tsc, tscinvbit, bmi1, bmi2, adx

Memory: 4k page, physical 4107980k(305940k free), swap 5209432k(6124k free)

vm_info: OpenJDK 64-Bit Server VM (25.76-b03) for windows-amd64 JRE (1.8.0_76-release-b03), built on Jun 29 2016 19:09:20 by "ralucas" with MS VC++ 10.0 (VS2010)

time: Sat Dec 24 01:38:33 2016
elapsed time: 5 seconds (0d 0h 0m 5s)

