#
# There is insufficient memory for the Java Runtime Environment to continue.
# Native memory allocation (malloc) failed to allocate 32744 bytes for ChunkPool::allocate
# Possible reasons:
#   The system is out of physical RAM or swap space
#   In 32 bit mode, the process size limit was hit
# Possible solutions:
#   Reduce memory load on the system
#   Increase physical memory or swap space
#   Check if swap backing store is full
#   Use 64 bit Java on a 64 bit OS
#   Decrease Java heap size (-Xmx/-Xms)
#   Decrease number of Java threads
#   Decrease Java thread stack sizes (-Xss)
#   Set larger code cache with -XX:ReservedCodeCacheSize=
# This output file may be truncated or incomplete.
#
#  Out of Memory Error (allocation.cpp:273), pid=5968, tid=0x00000000000010f0
#
# JRE version: OpenJDK Runtime Environment (8.0_76-b03) (build 1.8.0_76-release-b03)
# Java VM: OpenJDK 64-Bit Server VM (25.76-b03 mixed mode windows-amd64 compressed oops)
# Failed to write core dump. Minidumps are not enabled by default on client versions of Windows
#

---------------  T H R E A D  ---------------

Current thread (0x000000001544e000):  JavaThread "C2 CompilerThread0" daemon [_thread_in_native, id=4336, stack(0x0000000016aa0000,0x0000000016ba0000)]

Stack: [0x0000000016aa0000,0x0000000016ba0000]
[error occurred during error reporting (printing stack bounds), id 0xc0000005]

Native frames: (J=compiled Java code, j=interpreted, Vv=VM code, C=native code)


Current CompileTask:
C2:   5346 1142   !   4       com.android.dx.cf.code.BytecodeArray::parseInstruction (2764 bytes)


---------------  P R O C E S S  ---------------

Java Threads: ( => current thread )
  0x0000000017007800 JavaThread "pool-2-thread-4" [_thread_in_Java, id=2512, stack(0x00000000177a0000,0x00000000178a0000)]
  0x0000000017007000 JavaThread "pool-2-thread-3" [_thread_in_Java, id=4612, stack(0x00000000176a0000,0x00000000177a0000)]
  0x0000000017006000 JavaThread "pool-2-thread-2" [_thread_in_vm, id=5448, stack(0x00000000175a0000,0x00000000176a0000)]
  0x0000000016f3b000 JavaThread "pool-3-thread-1" [_thread_blocked, id=1144, stack(0x00000000174a0000,0x00000000175a0000)]
  0x0000000016f34000 JavaThread "pool-2-thread-1" [_thread_in_Java, id=5784, stack(0x00000000173a0000,0x00000000174a0000)]
  0x0000000016db8800 JavaThread "Service Thread" daemon [_thread_blocked, id=5196, stack(0x00000000171a0000,0x00000000172a0000)]
  0x0000000015470000 JavaThread "C1 CompilerThread2" daemon [_thread_in_native, id=4608, stack(0x0000000016ca0000,0x0000000016da0000)]
  0x000000001546d000 JavaThread "C2 CompilerThread1" daemon [_thread_in_native, id=4520, stack(0x0000000016ba0000,0x0000000016ca0000)]
=>0x000000001544e000 JavaThread "C2 CompilerThread0" daemon [_thread_in_native, id=4336, stack(0x0000000016aa0000,0x0000000016ba0000)]
  0x0000000015449000 JavaThread "Attach Listener" daemon [_thread_blocked, id=5068, stack(0x00000000169a0000,0x0000000016aa0000)]
  0x0000000015448000 JavaThread "Signal Dispatcher" daemon [_thread_blocked, id=5392, stack(0x00000000168a0000,0x00000000169a0000)]
  0x0000000015438000 JavaThread "Finalizer" daemon [_thread_blocked, id=4400, stack(0x00000000166c0000,0x00000000167c0000)]
  0x0000000002d6f000 JavaThread "Reference Handler" daemon [_thread_blocked, id=4188, stack(0x00000000165c0000,0x00000000166c0000)]
  0x0000000002c80800 JavaThread "main" [_thread_in_Java, id=2468, stack(0x0000000002b80000,0x0000000002c80000)]

Other Threads:
  0x0000000015415800 VMThread [stack: 0x00000000164c0000,0x00000000165c0000] [id=1964]
  0x0000000015482800 WatcherThread [stack: 0x00000000172a0000,0x00000000173a0000] [id=5700]

VM state:not at safepoint (normal execution)

VM Mutex/Monitor currently owned by a thread: None

Heap:
 PSYoungGen      total 18944K, used 13302K [0x00000000eab00000, 0x00000000ec000000, 0x0000000100000000)
  eden space 16384K, 65% used [0x00000000eab00000,0x00000000eb582d78,0x00000000ebb00000)
  from space 2560K, 99% used [0x00000000ebb00000,0x00000000ebd7aaa8,0x00000000ebd80000)
  to   space 2560K, 0% used [0x00000000ebd80000,0x00000000ebd80000,0x00000000ec000000)
 ParOldGen       total 44032K, used 1629K [0x00000000c0000000, 0x00000000c2b00000, 0x00000000eab00000)
  object space 44032K, 3% used [0x00000000c0000000,0x00000000c01974b0,0x00000000c2b00000)
 Metaspace       used 5992K, capacity 6960K, committed 7040K, reserved 1056768K
  class space    used 572K, capacity 616K, committed 640K, reserved 1048576K

Card table byte_map: [0x0000000012140000,0x0000000012350000] byte_map_base: 0x0000000011b40000

Marking Bits: (ParMarkBitMap*) 0x0000000069db9d00
 Begin Bits: [0x00000000128b0000, 0x00000000138b0000)
 End Bits:   [0x00000000138b0000, 0x00000000148b0000)

Polling page: 0x0000000001250000

CodeCache: size=245760Kb used=4835Kb max_used=4845Kb free=240924Kb
 bounds [0x0000000002d80000, 0x0000000003250000, 0x0000000011d80000]
 total_blobs=1488 nmethods=1218 adapters=184
 compilation: enabled

Compilation events (10 events):
Event: 5.325 Thread 0x0000000015470000 nmethod 1216 0x0000000003236b10 code [0x0000000003236c80, 0x0000000003236e28]
Event: 5.325 Thread 0x0000000015470000 1219       3       com.android.dx.rop.code.Insn::equalsHandleNulls (23 bytes)
Event: 5.325 Thread 0x000000001546d000 nmethod 1185 0x0000000003236610 code [0x0000000003236760, 0x00000000032369b8]
Event: 5.325 Thread 0x000000001546d000 1218       4       java.lang.Object::equals (11 bytes)
Event: 5.325 Thread 0x0000000015470000 nmethod 1219 0x0000000003237ed0 code [0x0000000003238040, 0x0000000003238308]
Event: 5.326 Thread 0x000000001546d000 nmethod 1218 0x00000000032363d0 code [0x0000000003236500, 0x0000000003236578]
Event: 5.326 Thread 0x000000001546d000 1217       4       com.android.dx.ssa.SCCP::simulateStmt (481 bytes)
Event: 5.328 Thread 0x0000000015470000 1221       3       com.android.dx.ssa.BasicRegisterMapper::<init> (17 bytes)
Event: 5.329 Thread 0x0000000015470000 nmethod 1221 0x0000000003237950 code [0x0000000003237ac0, 0x0000000003237d88]
Event: 5.331 Thread 0x0000000015470000 1222       3       com.android.dx.cf.code.Simulator$SimVisitor::visitNoArgs (2136 bytes)

GC Heap History (2 events):
Event: 4.681 GC heap before
{Heap before GC invocations=1 (full 0):
 PSYoungGen      total 18944K, used 16384K [0x00000000eab00000, 0x00000000ec000000, 0x0000000100000000)
  eden space 16384K, 100% used [0x00000000eab00000,0x00000000ebb00000,0x00000000ebb00000)
  from space 2560K, 0% used [0x00000000ebd80000,0x00000000ebd80000,0x00000000ec000000)
  to   space 2560K, 0% used [0x00000000ebb00000,0x00000000ebb00000,0x00000000ebd80000)
 ParOldGen       total 44032K, used 0K [0x00000000c0000000, 0x00000000c2b00000, 0x00000000eab00000)
  object space 44032K, 0% used [0x00000000c0000000,0x00000000c0000000,0x00000000c2b00000)
 Metaspace       used 5801K, capacity 6768K, committed 7040K, reserved 1056768K
  class space    used 571K, capacity 616K, committed 640K, reserved 1048576K
Event: 4.806 GC heap after
Heap after GC invocations=1 (full 0):
 PSYoungGen      total 18944K, used 2538K [0x00000000eab00000, 0x00000000ec000000, 0x0000000100000000)
  eden space 16384K, 0% used [0x00000000eab00000,0x00000000eab00000,0x00000000ebb00000)
  from space 2560K, 99% used [0x00000000ebb00000,0x00000000ebd7aaa8,0x00000000ebd80000)
  to   space 2560K, 0% used [0x00000000ebd80000,0x00000000ebd80000,0x00000000ec000000)
 ParOldGen       total 44032K, used 1629K [0x00000000c0000000, 0x00000000c2b00000, 0x00000000eab00000)
  object space 44032K, 3% used [0x00000000c0000000,0x00000000c01974b0,0x00000000c2b00000)
 Metaspace       used 5801K, capacity 6768K, committed 7040K, reserved 1056768K
  class space    used 571K, capacity 616K, committed 640K, reserved 1048576K
}

Deoptimization events (5 events):
Event: 2.078 Thread 0x0000000002c80800 Uncommon trap: reason=unstable_if action=reinterpret pc=0x0000000002ed3950 method=java.lang.String.indexOf(II)I @ 49
Event: 3.742 Thread 0x0000000016f34000 Uncommon trap: reason=unstable_if action=reinterpret pc=0x0000000002fae030 method=java.util.BitSet.nextSetBit(I)I @ 87
Event: 4.436 Thread 0x0000000002c80800 Uncommon trap: reason=unstable_if action=reinterpret pc=0x000000000306c368 method=java.lang.String.<init>([CII)V @ 18
Event: 4.867 Thread 0x0000000016f34000 Uncommon trap: reason=bimorphic action=maybe_recompile pc=0x000000000307ca00 method=java.util.HashMap.getNode(ILjava/lang/Object;)Ljava/util/HashMap$Node; @ 126
Event: 4.868 Thread 0x0000000017006000 Uncommon trap: reason=bimorphic action=maybe_recompile pc=0x000000000307ca00 method=java.util.HashMap.getNode(ILjava/lang/Object;)Ljava/util/HashMap$Node; @ 126

Internal exceptions (2 events):
Event: 0.275 Thread 0x0000000002c80800 Exception <a 'java/lang/NoSuchMethodError': Method sun.misc.Unsafe.defineClass(Ljava/lang/String;[BII)Ljava/lang/Class; name or signature does not match> (0x00000000eab07cc0) thrown at [C:\src\android\AOSP-openjdk\external\jetbrains\jdk\hotspot\src\share\vb¬A™Ñ?
Event: 0.275 Thread 0x0000000002c80800 Exception <a 'java/lang/NoSuchMethodError': Method sun.misc.Unsafe.prefetchRead(Ljava/lang/Object;J)V name or signature does not match> (0x00000000eab07fa8) thrown at [C:\src\android\AOSP-openjdk\external\jetbrains\jdk\hotspot\src\share\vm\prims\jni.cpp, l

Events (10 events):
Event: 4.866 Executing VM operation: EnableBiasedLocking
Event: 4.866 Executing VM operation: EnableBiasedLocking done
Event: 4.867 Thread 0x0000000016f34000 Uncommon trap: trap_request=0xffffffc6 fr.pc=0x000000000307ca00
Event: 4.867 Thread 0x0000000016f34000 DEOPT PACKING pc=0x000000000307ca00 sp=0x000000001749e930
Event: 4.867 Thread 0x0000000016f34000 DEOPT UNPACKING pc=0x0000000002dc556a sp=0x000000001749e858 mode 2
Event: 4.868 Thread 0x0000000017006000 Uncommon trap: trap_request=0xffffffc6 fr.pc=0x000000000307ca00
Event: 4.868 Thread 0x0000000017006000 DEOPT PACKING pc=0x000000000307ca00 sp=0x000000001769ed30
Event: 4.868 Thread 0x0000000017006000 DEOPT UNPACKING pc=0x0000000002dc556a sp=0x000000001769ec58 mode 2
Event: 4.978 loading class com/android/dx/cf/code/BytecodeArray$ConstantParserVisitor
Event: 4.978 loading class com/android/dx/cf/code/BytecodeArray$ConstantParserVisitor done


Dynamic libraries:
0x00007ff766640000 - 0x00007ff766671000 	D:\Android\AndroidStudio\jre\bin\java.exe
0x00007ffb46030000 - 0x00007ffb461dd000 	C:\WINDOWS\SYSTEM32\ntdll.dll
0x00007ffb44000000 - 0x00007ffb4413e000 	C:\WINDOWS\system32\KERNEL32.DLL
0x00007ffb43330000 - 0x00007ffb43445000 	C:\WINDOWS\system32\KERNELBASE.dll
0x00007ffb43980000 - 0x00007ffb43a2a000 	C:\WINDOWS\system32\ADVAPI32.dll
0x00007ffb43e10000 - 0x00007ffb43f87000 	C:\WINDOWS\system32\USER32.dll
0x00007ffb40df0000 - 0x00007ffb4106a000 	C:\WINDOWS\WinSxS\amd64_microsoft.windows.common-controls_6595b64144ccf1df_6.0.9600.17810_none_6240b9c7ecbd0bda\COMCTL32.dll
0x00007ffb436b0000 - 0x00007ffb4375a000 	C:\WINDOWS\system32\msvcrt.dll
0x00007ffb43a30000 - 0x00007ffb43a89000 	C:\WINDOWS\SYSTEM32\sechost.dll
0x00007ffb44140000 - 0x00007ffb44280000 	C:\WINDOWS\system32\RPCRT4.dll
0x00007ffb45830000 - 0x00007ffb4597f000 	C:\WINDOWS\system32\GDI32.dll
0x00007ffb43630000 - 0x00007ffb4365e000 	C:\WINDOWS\system32\SspiCli.dll
0x00007ffb43af0000 - 0x00007ffb43b26000 	C:\WINDOWS\system32\IMM32.DLL
0x00007ffb45980000 - 0x00007ffb45ad2000 	C:\WINDOWS\system32\MSCTF.dll
0x0000000069520000 - 0x00000000695f2000 	D:\Android\AndroidStudio\jre\jre\bin\msvcr100.dll
0x0000000069600000 - 0x0000000069e34000 	D:\Android\AndroidStudio\jre\jre\bin\server\jvm.dll
0x00007ffb3a960000 - 0x00007ffb3a969000 	C:\WINDOWS\SYSTEM32\WSOCK32.dll
0x00007ffb39250000 - 0x00007ffb39272000 	C:\WINDOWS\SYSTEM32\WINMM.dll
0x00007ffb3c820000 - 0x00007ffb3c82a000 	C:\WINDOWS\SYSTEM32\VERSION.dll
0x00007ffb43e00000 - 0x00007ffb43e07000 	C:\WINDOWS\system32\PSAPI.DLL
0x00007ffb44280000 - 0x00007ffb442da000 	C:\WINDOWS\system32\WS2_32.dll
0x00007ffb39150000 - 0x00007ffb3917a000 	C:\WINDOWS\SYSTEM32\WINMMBASE.dll
0x00007ffb45820000 - 0x00007ffb45829000 	C:\WINDOWS\system32\NSI.dll
0x00007ffb43660000 - 0x00007ffb436af000 	C:\WINDOWS\SYSTEM32\cfgmgr32.dll
0x00007ffb41f70000 - 0x00007ffb41f98000 	C:\WINDOWS\SYSTEM32\DEVOBJ.dll
0x00007ffb3f0a0000 - 0x00007ffb3f0af000 	D:\Android\AndroidStudio\jre\jre\bin\verify.dll
0x00007ffb3bae0000 - 0x00007ffb3bb09000 	D:\Android\AndroidStudio\jre\jre\bin\java.dll
0x00007ffb3ec30000 - 0x00007ffb3ec46000 	D:\Android\AndroidStudio\jre\jre\bin\zip.dll
0x00007ffb442e0000 - 0x00007ffb45808000 	C:\WINDOWS\system32\SHELL32.dll
0x00007ffb43760000 - 0x00007ffb43971000 	C:\WINDOWS\SYSTEM32\combase.dll
0x00007ffb43a90000 - 0x00007ffb43ae4000 	C:\WINDOWS\system32\SHLWAPI.dll
0x00007ffb41790000 - 0x00007ffb41842000 	C:\WINDOWS\SYSTEM32\SHCORE.dll
0x00007ffb43150000 - 0x00007ffb43165000 	C:\WINDOWS\SYSTEM32\profapi.dll

VM Arguments:
jvm_args: -Djava.awt.headless=true -Xmx1024M -Dfile.encoding=windows-1252 -Duser.country=US -Duser.language=en -Duser.variant 
java_command: com.android.dx.command.Main --dex --force-jumbo --num-threads=4 --multi-dex --output D:\Mozilla Downloads\and-nd-firebase-1.00-starting-point\app\build\intermediates\transforms\dex\debug\folders\1000\10\com.google.android.gms-play-services-auth-base-10.0.0_38286416606ccbac1c20b299517c0951b4a6df21 D:\Mozilla Downloads\and-nd-firebase-1.00-starting-point\app\build\intermediates\exploded-aar\com.google.android.gms\play-services-auth-base\10.0.0\jars\classes.jar
java_class_path (initial): D:\Android\sdk\build-tools\24.0.1\lib\dx.jar
Launcher Type: SUN_STANDARD

Environment Variables:
PATH=C:\ProgramData\Oracle\Java\javapath;C:\Program Files (x86)\Intel\iCLS Client\;C:\Program Files\Intel\iCLS Client\;C:\WINDOWS\system32;C:\WINDOWS;C:\WINDOWS\System32\Wbem;C:\WINDOWS\System32\WindowsPowerShell\v1.0\;C:\Program Files\Intel\Intel(R) Management Engine Components\DAL;C:\Program Files (x86)\Intel\Intel(R) Management Engine Components\DAL;C:\Program Files\Intel\Intel(R) Management Engine Components\IPT;C:\Program Files (x86)\Intel\Intel(R) Management Engine Components\IPT;C:\Program Files\Microsoft SQL Server\110\Tools\Binn\
USERNAME=Hamid-PC
OS=Windows_NT
PROCESSOR_IDENTIFIER=Intel64 Family 6 Model 61 Stepping 4, GenuineIntel



---------------  S Y S T E M  ---------------

OS: Windows 8.1 , 64 bit Build 9600 (6.3.9600.17415)

CPU:total 4 (2 cores per cpu, 2 threads per core) family 6 model 61 stepping 4, cmov, cx8, fxsr, mmx, sse, sse2, sse3, ssse3, sse4.1, sse4.2, popcnt, avx, avx2, aes, clmul, erms, 3dnowpref, lzcnt, ht, tsc, tscinvbit, bmi1, bmi2, adx

Memory: 4k page, physical 4107980k(198560k free), swap 5209432k(5084k free)

vm_info: OpenJDK 64-Bit Server VM (25.76-b03) for windows-amd64 JRE (1.8.0_76-release-b03), built on Jun 29 2016 19:09:20 by "ralucas" with MS VC++ 10.0 (VS2010)

time: Thu Dec 22 18:23:50 2016
elapsed time: 5 seconds (0d 0h 0m 5s)

