#
# A fatal error has been detected by the Java Runtime Environment:
#
#  EXCEPTION_ACCESS_VIOLATION (0xc0000005) at pc=0x00000000697eaeb7, pid=4660, tid=0x0000000000000610
#
# JRE version: OpenJDK Runtime Environment (8.0_76-b03) (build 1.8.0_76-release-b03)
# Java VM: OpenJDK 64-Bit Server VM (25.76-b03 mixed mode windows-amd64 compressed oops)
# Problematic frame:
# V  [jvm.dll+0x1eaeb7]
#
# Failed to write core dump. Minidumps are not enabled by default on client versions of Windows
#
# If you would like to submit a bug report, please visit:
#   http://bugreport.java.com/bugreport/crash.jsp
#

---------------  T H R E A D  ---------------

Current thread (0x0000000016359000):  JavaThread "pool-2-thread-4" [_thread_in_vm, id=1552, stack(0x0000000016ad0000,0x0000000016bd0000)]

siginfo: ExceptionCode=0xc0000005, writing address 0x0000000016bc7740

Registers:
RAX=0x0000000016bc7740, RBX=0x0000000000000007, RCX=0x0000000000006000, RDX=0x0000000000000012
RSP=0x0000000016bcd740, RBP=0x0000000000000000, RSI=0x0000000016bcd740, RDI=0x0000000000000007
R8 =0x0000000000000012, R9 =0x00000000163f6a50, R10=0x0000000013e04900, R11=0x0000000016ada160
R12=0x00000000163f6a50, R13=0x0000000016359000, R14=0x0000000016bcd808, R15=0x0000000013e04900
RIP=0x00000000697eaeb7, EFLAGS=0x0000000000010202

Top of Stack: (sp=0x0000000016bcd740)
0x0000000016bcd740:   0000000000000000 0000000000000000
0x0000000016bcd750:   0000000016359000 00000000163f6a50
0x0000000016bcd760:   00000000ffffffff 00000000697ebde7
0x0000000016bcd770:   0000000016bcd870 0000000013e04900
0x0000000016bcd780:   0000000016359000 000000006969aa53
0x0000000016bcd790:   0000000016bcd7d0 0000000016359000
0x0000000016bcd7a0:   0000000016bcd860 0000000016359000
0x0000000016bcd7b0:   0000000013e04900 0000000016359000
0x0000000016bcd7c0:   00000000021069a0 0000000016359000
0x0000000016bcd7d0:   0000000013e04900 0000000016359000
0x0000000016bcd7e0:   0000000013e04900 0000000016359000
0x0000000016bcd7f0:   0000000000000001 0000000013e04900
0x0000000016bcd800:   0000000016359000 00000000160d0e18
0x0000000016bcd810:   0000000016359000 000000006969bf3d
0x0000000016bcd820:   0000000016bcdba0 0000000100002248
0x0000000016bcd830:   000000010000f058 0000000000000000 

Instructions: (pc=0x00000000697eaeb7)
0x00000000697eae97:   48 89 6c 24 30 33 ed 66 90 e8 4b b8 07 00 ff c3
0x00000000697eaea7:   48 63 c8 48 8b c6 48 0f af cf 48 ff c7 48 2b c1
0x00000000697eaeb7:   89 28 48 63 c3 48 3b 05 cd d6 56 00 7e db 48 8b
0x00000000697eaec7:   6c 24 30 48 8b 5c 24 38 48 8b 74 24 40 48 83 c4 


Register to memory mapping:

RAX=0x0000000016bc7740 is pointing into the stack for thread: 0x0000000016359000
RBX=0x0000000000000007 is an unknown value
RCX=0x0000000000006000 is an unknown value
RDX=0x0000000000000012 is an unknown value
RSP=0x0000000016bcd740 is pointing into the stack for thread: 0x0000000016359000
RBP=0x0000000000000000 is an unknown value
RSI=0x0000000016bcd740 is pointing into the stack for thread: 0x0000000016359000
RDI=0x0000000000000007 is an unknown value
R8 =0x0000000000000012 is an unknown value
R9 =0x00000000163f6a50 is an unknown value
R10={method} {0x0000000013e04908} 'loadClass' '(Ljava/lang/String;)Ljava/lang/Class;' in 'java/lang/ClassLoader'
R11=0x0000000016ada160 is pointing into the stack for thread: 0x0000000016359000
R12=0x00000000163f6a50 is an unknown value
R13=0x0000000016359000 is a thread
R14=0x0000000016bcd808 is pointing into the stack for thread: 0x0000000016359000
R15={method} {0x0000000013e04908} 'loadClass' '(Ljava/lang/String;)Ljava/lang/Class;' in 'java/lang/ClassLoader'


Stack: [0x0000000016ad0000,0x0000000016bd0000],  sp=0x0000000016bcd740,  free space=1013k
Native frames: (J=compiled Java code, j=interpreted, Vv=VM code, C=native code)

Java frames: (J=compiled Java code, j=interpreted, Vv=VM code)
j  com.android.dx.cf.code.BytecodeArray.parseInstruction(ILcom/android/dx/cf/code/BytecodeArray$Visitor;)I+18
j  com.android.dx.cf.code.BytecodeArray.processWorkSet([ILcom/android/dx/cf/code/BytecodeArray$Visitor;)V+35
j  com.android.dx.cf.code.BasicBlocker.doit()V+53
j  com.android.dx.cf.code.BasicBlocker.identifyBlocks(Lcom/android/dx/cf/code/ConcreteMethod;)Lcom/android/dx/cf/code/ByteBlockList;+10
j  com.android.dx.cf.code.Ropper.<init>(Lcom/android/dx/cf/code/ConcreteMethod;Lcom/android/dx/rop/code/TranslationAdvice;Lcom/android/dx/cf/iface/MethodList;)V+39
j  com.android.dx.cf.code.Ropper.convert(Lcom/android/dx/cf/code/ConcreteMethod;Lcom/android/dx/rop/code/TranslationAdvice;Lcom/android/dx/cf/iface/MethodList;)Lcom/android/dx/rop/code/RopMethod;+7
j  com.android.dx.dex.cf.CfTranslator.processMethods(Lcom/android/dx/cf/direct/DirectClassFile;Lcom/android/dx/dex/cf/CfOptions;Lcom/android/dx/dex/DexOptions;Lcom/android/dx/dex/file/ClassDefItem;Lcom/android/dx/dex/file/DexFile;)V+176
j  com.android.dx.dex.cf.CfTranslator.translate0(Lcom/android/dx/cf/direct/DirectClassFile;[BLcom/android/dx/dex/cf/CfOptions;Lcom/android/dx/dex/DexOptions;Lcom/android/dx/dex/file/DexFile;)Lcom/android/dx/dex/file/ClassDefItem;+120
j  com.android.dx.dex.cf.CfTranslator.translate(Lcom/android/dx/cf/direct/DirectClassFile;[BLcom/android/dx/dex/cf/CfOptions;Lcom/android/dx/dex/DexOptions;Lcom/android/dx/dex/file/DexFile;)Lcom/android/dx/dex/file/ClassDefItem;+6
j  com.android.dx.command.dexer.Main.translateClass([BLcom/android/dx/cf/direct/DirectClassFile;)Lcom/android/dx/dex/file/ClassDefItem;+17
j  com.android.dx.command.dexer.Main.access$2700([BLcom/android/dx/cf/direct/DirectClassFile;)Lcom/android/dx/dex/file/ClassDefItem;+2
j  com.android.dx.command.dexer.Main$ClassTranslatorTask.call()Lcom/android/dx/dex/file/ClassDefItem;+8
j  com.android.dx.command.dexer.Main$ClassTranslatorTask.call()Ljava/lang/Object;+1
j  java.util.concurrent.FutureTask.run()V+42
j  java.util.concurrent.ThreadPoolExecutor.runWorker(Ljava/util/concurrent/ThreadPoolExecutor$Worker;)V+95
j  java.util.concurrent.ThreadPoolExecutor$Worker.run()V+5
j  java.lang.Thread.run()V+11
v  ~StubRoutines::call_stub

---------------  P R O C E S S  ---------------

Java Threads: ( => current thread )
=>0x0000000016359000 JavaThread "pool-2-thread-4" [_thread_in_vm, id=1552, stack(0x0000000016ad0000,0x0000000016bd0000)]
  0x0000000016358000 JavaThread "pool-2-thread-3" [_thread_blocked, id=5588, stack(0x00000000169d0000,0x0000000016ad0000)]
  0x0000000016357800 JavaThread "pool-2-thread-2" [_thread_in_vm, id=4916, stack(0x00000000168d0000,0x00000000169d0000)]
  0x00000000163fd000 JavaThread "pool-3-thread-1" [_thread_blocked, id=2220, stack(0x00000000167d0000,0x00000000168d0000)]
  0x00000000163fc800 JavaThread "pool-2-thread-1" [_thread_blocked, id=6036, stack(0x00000000166d0000,0x00000000167d0000)]
  0x00000000147ee800 JavaThread "Service Thread" daemon [_thread_blocked, id=4876, stack(0x00000000164d0000,0x00000000165d0000)]
  0x00000000147e7000 JavaThread "C1 CompilerThread2" daemon [_thread_blocked, id=5568, stack(0x0000000015fd0000,0x00000000160d0000)]
  0x00000000147e4800 JavaThread "C2 CompilerThread1" daemon [_thread_blocked, id=5400, stack(0x0000000015ed0000,0x0000000015fd0000)]
  0x000000001478a800 JavaThread "C2 CompilerThread0" daemon [_thread_blocked, id=5992, stack(0x0000000015dd0000,0x0000000015ed0000)]
  0x0000000014789000 JavaThread "Attach Listener" daemon [_thread_blocked, id=3480, stack(0x0000000015cd0000,0x0000000015dd0000)]
  0x0000000014788000 JavaThread "Signal Dispatcher" daemon [_thread_blocked, id=4392, stack(0x0000000015bd0000,0x0000000015cd0000)]
  0x0000000014778000 JavaThread "Finalizer" daemon [_thread_blocked, id=4716, stack(0x00000000159f0000,0x0000000015af0000)]
  0x00000000020af000 JavaThread "Reference Handler" daemon [_thread_blocked, id=2340, stack(0x00000000158f0000,0x00000000159f0000)]
  0x0000000001fc0800 JavaThread "main" [_thread_blocked, id=4912, stack(0x0000000000740000,0x0000000000840000)]

Other Threads:
  0x0000000014755800 VMThread [stack: 0x00000000157f0000,0x00000000158f0000] [id=5408]
  0x00000000160dc000 WatcherThread [stack: 0x00000000165d0000,0x00000000166d0000] [id=5368]

VM state:not at safepoint (normal execution)

VM Mutex/Monitor currently owned by a thread: None

Heap:
 PSYoungGen      total 18944K, used 1273K [0x00000000eab00000, 0x00000000ec000000, 0x0000000100000000)
  eden space 16384K, 7% used [0x00000000eab00000,0x00000000eac3e588,0x00000000ebb00000)
  from space 2560K, 0% used [0x00000000ebb00000,0x00000000ebb00000,0x00000000ebd80000)
  to   space 2560K, 0% used [0x00000000ebd80000,0x00000000ebd80000,0x00000000ec000000)
 ParOldGen       total 31744K, used 1764K [0x00000000c0000000, 0x00000000c1f00000, 0x00000000eab00000)
  object space 31744K, 5% used [0x00000000c0000000,0x00000000c01b9258,0x00000000c1f00000)
 Metaspace       used 4283K, capacity 5456K, committed 5760K, reserved 1058816K
  class space    used 459K, capacity 520K, committed 640K, reserved 1048576K

Card table byte_map: [0x0000000011480000,0x0000000011690000] byte_map_base: 0x0000000010e80000

Marking Bits: (ParMarkBitMap*) 0x0000000069db9d00
 Begin Bits: [0x0000000011bf0000, 0x0000000012bf0000)
 End Bits:   [0x0000000012bf0000, 0x0000000013bf0000)

Polling page: 0x0000000000580000

CodeCache: size=245760Kb used=1781Kb max_used=1781Kb free=243978Kb
 bounds [0x00000000020c0000, 0x0000000002330000, 0x00000000110c0000]
 total_blobs=551 nmethods=292 adapters=173
 compilation: enabled

Compilation events (10 events):
Event: 3.464 Thread 0x00000000147e7000 nmethod 273 0x0000000002271f50 code [0x00000000022720a0, 0x00000000022721b0]
Event: 3.476 Thread 0x000000001478a800  274       4       java.lang.String::startsWith (72 bytes)
Event: 3.477 Thread 0x00000000147e7000  275   !   3       java.lang.ref.Finalizer::add (41 bytes)
Event: 3.477 Thread 0x00000000147e7000 nmethod 275 0x0000000002275390 code [0x0000000002275500, 0x00000000022758b0]
Event: 3.506 Thread 0x000000001478a800 nmethod 274 0x0000000002274f50 code [0x00000000022750a0, 0x0000000002275258]
Event: 3.511 Thread 0x00000000147e7000  277       3       java.lang.ClassLoader::loadClass (7 bytes)
Event: 3.511 Thread 0x00000000147e7000 nmethod 277 0x0000000002274b10 code [0x0000000002274c80, 0x0000000002274ea8]
Event: 3.511 Thread 0x00000000147e7000  278       3       sun.misc.Launcher$AppClassLoader::loadClass (85 bytes)
Event: 3.578 Thread 0x00000000147e7000 nmethod 278 0x0000000002277750 code [0x0000000002277980, 0x0000000002278688]
Event: 3.578 Thread 0x00000000147e7000  279       3       com.android.dx.rop.cst.Constant::compareTo (33 bytes)

GC Heap History (4 events):
Event: 3.534 GC heap before
{Heap before GC invocations=1 (full 0):
 PSYoungGen      total 18944K, used 8531K [0x00000000eab00000, 0x00000000ec000000, 0x0000000100000000)
  eden space 16384K, 52% used [0x00000000eab00000,0x00000000eb354f10,0x00000000ebb00000)
  from space 2560K, 0% used [0x00000000ebd80000,0x00000000ebd80000,0x00000000ec000000)
  to   space 2560K, 0% used [0x00000000ebb00000,0x00000000ebb00000,0x00000000ebd80000)
 ParOldGen       total 44032K, used 0K [0x00000000c0000000, 0x00000000c2b00000, 0x00000000eab00000)
  object space 44032K, 0% used [0x00000000c0000000,0x00000000c0000000,0x00000000c2b00000)
 Metaspace       used 4208K, capacity 5360K, committed 5632K, reserved 1058816K
  class space    used 451K, capacity 488K, committed 512K, reserved 1048576K
Event: 3.544 GC heap after
Heap after GC invocations=1 (full 0):
 PSYoungGen      total 18944K, used 1929K [0x00000000eab00000, 0x00000000ec000000, 0x0000000100000000)
  eden space 16384K, 0% used [0x00000000eab00000,0x00000000eab00000,0x00000000ebb00000)
  from space 2560K, 75% used [0x00000000ebb00000,0x00000000ebce24f8,0x00000000ebd80000)
  to   space 2560K, 0% used [0x00000000ebd80000,0x00000000ebd80000,0x00000000ec000000)
 ParOldGen       total 44032K, used 8K [0x00000000c0000000, 0x00000000c2b00000, 0x00000000eab00000)
  object space 44032K, 0% used [0x00000000c0000000,0x00000000c0002000,0x00000000c2b00000)
 Metaspace       used 4208K, capacity 5360K, committed 5632K, reserved 1058816K
  class space    used 451K, capacity 488K, committed 512K, reserved 1048576K
}
Event: 3.544 GC heap before
{Heap before GC invocations=2 (full 1):
 PSYoungGen      total 18944K, used 1929K [0x00000000eab00000, 0x00000000ec000000, 0x0000000100000000)
  eden space 16384K, 0% used [0x00000000eab00000,0x00000000eab00000,0x00000000ebb00000)
  from space 2560K, 75% used [0x00000000ebb00000,0x00000000ebce24f8,0x00000000ebd80000)
  to   space 2560K, 0% used [0x00000000ebd80000,0x00000000ebd80000,0x00000000ec000000)
 ParOldGen       total 44032K, used 8K [0x00000000c0000000, 0x00000000c2b00000, 0x00000000eab00000)
  object space 44032K, 0% used [0x00000000c0000000,0x00000000c0002000,0x00000000c2b00000)
 Metaspace       used 4208K, capacity 5360K, committed 5632K, reserved 1058816K
  class space    used 451K, capacity 488K, committed 512K, reserved 1048576K
Event: 3.577 GC heap after
Heap after GC invocations=2 (full 1):
 PSYoungGen      total 18944K, used 0K [0x00000000eab00000, 0x00000000ec000000, 0x0000000100000000)
  eden space 16384K, 0% used [0x00000000eab00000,0x00000000eab00000,0x00000000ebb00000)
  from space 2560K, 0% used [0x00000000ebb00000,0x00000000ebb00000,0x00000000ebd80000)
  to   space 2560K, 0% used [0x00000000ebd80000,0x00000000ebd80000,0x00000000ec000000)
 ParOldGen       total 31744K, used 1764K [0x00000000c0000000, 0x00000000c1f00000, 0x00000000eab00000)
  object space 31744K, 5% used [0x00000000c0000000,0x00000000c01b9258,0x00000000c1f00000)
 Metaspace       used 4208K, capacity 5360K, committed 5632K, reserved 1058816K
  class space    used 451K, capacity 488K, committed 512K, reserved 1048576K
}

Deoptimization events (1 events):
Event: 2.209 Thread 0x0000000001fc0800 Uncommon trap: reason=unstable_if action=reinterpret pc=0x000000000220ca10 method=java.lang.String.indexOf(II)I @ 49

Internal exceptions (2 events):
Event: 0.133 Thread 0x0000000001fc0800 Exception <a 'java/lang/NoSuchMethodError': Method sun.misc.Unsafe.defineClass(Ljava/lang/String;[BII)Ljava/lang/Class; name or signature does not match> (0x00000000eab07cc0) thrown at [C:\src\android\AOSP-openjdk\external\jetbrains\jdk\hotspot\src\share\va¢æh]Á?
Event: 0.133 Thread 0x0000000001fc0800 Exception <a 'java/lang/NoSuchMethodError': Method sun.misc.Unsafe.prefetchRead(Ljava/lang/Object;J)V name or signature does not match> (0x00000000eab07fa8) thrown at [C:\src\android\AOSP-openjdk\external\jetbrains\jdk\hotspot\src\share\vm\prims\jni.cpp, l

Events (10 events):
Event: 3.507 loading class com/android/dx/rop/code/BasicBlock$Visitor
Event: 3.507 loading class com/android/dx/rop/code/BasicBlock$Visitor done
Event: 3.509 loading class com/android/dx/cf/code/BasicBlocker
Event: 3.509 loading class com/android/dx/cf/code/BasicBlocker done
Event: 3.511 loading class com/android/dx/util/Bits
Event: 3.511 loading class com/android/dx/util/Bits done
Event: 3.512 loading class com/android/dx/util/IntList
Event: 3.512 loading class com/android/dx/util/IntList done
Event: 3.513 Executing VM operation: CollectForMetadataAllocation
Event: 3.577 Executing VM operation: CollectForMetadataAllocation done


Dynamic libraries:
0x00007ff631170000 - 0x00007ff6311a1000 	D:\Android\AndroidStudio\jre\bin\java.exe
0x00007ffb46030000 - 0x00007ffb461dd000 	C:\WINDOWS\SYSTEM32\ntdll.dll
0x00007ffb44000000 - 0x00007ffb4413e000 	C:\WINDOWS\system32\KERNEL32.DLL
0x00007ffb43330000 - 0x00007ffb43445000 	C:\WINDOWS\system32\KERNELBASE.dll
0x00007ffb43980000 - 0x00007ffb43a2a000 	C:\WINDOWS\system32\ADVAPI32.dll
0x00007ffb43e10000 - 0x00007ffb43f87000 	C:\WINDOWS\system32\USER32.dll
0x00007ffb40df0000 - 0x00007ffb4106a000 	C:\WINDOWS\WinSxS\amd64_microsoft.windows.common-controls_6595b64144ccf1df_6.0.9600.17810_none_6240b9c7ecbd0bda\COMCTL32.dll
0x00007ffb436b0000 - 0x00007ffb4375a000 	C:\WINDOWS\system32\msvcrt.dll
0x00007ffb43a30000 - 0x00007ffb43a89000 	C:\WINDOWS\SYSTEM32\sechost.dll
0x00007ffb44140000 - 0x00007ffb44280000 	C:\WINDOWS\system32\RPCRT4.dll
0x00007ffb45830000 - 0x00007ffb4597f000 	C:\WINDOWS\system32\GDI32.dll
0x00007ffb43630000 - 0x00007ffb4365e000 	C:\WINDOWS\system32\SspiCli.dll
0x00007ffb43af0000 - 0x00007ffb43b26000 	C:\WINDOWS\system32\IMM32.DLL
0x00007ffb45980000 - 0x00007ffb45ad2000 	C:\WINDOWS\system32\MSCTF.dll
0x000000006a4b0000 - 0x000000006a582000 	D:\Android\AndroidStudio\jre\jre\bin\msvcr100.dll
0x0000000069600000 - 0x0000000069e34000 	D:\Android\AndroidStudio\jre\jre\bin\server\jvm.dll
0x00007ffb3a960000 - 0x00007ffb3a969000 	C:\WINDOWS\SYSTEM32\WSOCK32.dll
0x00007ffb39250000 - 0x00007ffb39272000 	C:\WINDOWS\SYSTEM32\WINMM.dll
0x00007ffb3c820000 - 0x00007ffb3c82a000 	C:\WINDOWS\SYSTEM32\VERSION.dll
0x00007ffb43e00000 - 0x00007ffb43e07000 	C:\WINDOWS\system32\PSAPI.DLL
0x00007ffb44280000 - 0x00007ffb442da000 	C:\WINDOWS\system32\WS2_32.dll
0x00007ffb39150000 - 0x00007ffb3917a000 	C:\WINDOWS\SYSTEM32\WINMMBASE.dll
0x00007ffb45820000 - 0x00007ffb45829000 	C:\WINDOWS\system32\NSI.dll
0x00007ffb43660000 - 0x00007ffb436af000 	C:\WINDOWS\SYSTEM32\cfgmgr32.dll
0x00007ffb41f70000 - 0x00007ffb41f98000 	C:\WINDOWS\SYSTEM32\DEVOBJ.dll
0x00007ffb3dfa0000 - 0x00007ffb3dfaf000 	D:\Android\AndroidStudio\jre\jre\bin\verify.dll
0x00007ffb3bdb0000 - 0x00007ffb3bdd9000 	D:\Android\AndroidStudio\jre\jre\bin\java.dll
0x00007ffb3c710000 - 0x00007ffb3c726000 	D:\Android\AndroidStudio\jre\jre\bin\zip.dll
0x00007ffb442e0000 - 0x00007ffb45808000 	C:\WINDOWS\system32\SHELL32.dll
0x00007ffb43760000 - 0x00007ffb43971000 	C:\WINDOWS\SYSTEM32\combase.dll
0x00007ffb43a90000 - 0x00007ffb43ae4000 	C:\WINDOWS\system32\SHLWAPI.dll
0x00007ffb41790000 - 0x00007ffb41842000 	C:\WINDOWS\SYSTEM32\SHCORE.dll
0x00007ffb43150000 - 0x00007ffb43165000 	C:\WINDOWS\SYSTEM32\profapi.dll
0x00007ffb3aa50000 - 0x00007ffb3abda000 	C:\WINDOWS\SYSTEM32\dbghelp.dll

VM Arguments:
jvm_args: -Djava.awt.headless=true -Xmx1024M -Dfile.encoding=windows-1252 -Duser.country=US -Duser.language=en -Duser.variant 
java_command: com.android.dx.command.Main --dex --force-jumbo --num-threads=4 --multi-dex --output D:\Mozilla Downloads\and-nd-firebase-1.00-starting-point\app\build\intermediates\transforms\dex\debug\folders\1000\10\com.google.firebase-firebase-database-10.0.1_f09b485cc4dfd28ba1ff93e103eecdfa9f6c7db7 D:\Mozilla Downloads\and-nd-firebase-1.00-starting-point\app\build\intermediates\exploded-aar\com.google.firebase\firebase-database\10.0.1\jars\classes.jar
java_class_path (initial): D:\Android\sdk\build-tools\24.0.1\lib\dx.jar
Launcher Type: SUN_STANDARD

Environment Variables:
PATH=C:\ProgramData\Oracle\Java\javapath;C:\Program Files (x86)\Intel\iCLS Client\;C:\Program Files\Intel\iCLS Client\;C:\WINDOWS\system32;C:\WINDOWS;C:\WINDOWS\System32\Wbem;C:\WINDOWS\System32\WindowsPowerShell\v1.0\;C:\Program Files\Intel\Intel(R) Management Engine Components\DAL;C:\Program Files (x86)\Intel\Intel(R) Management Engine Components\DAL;C:\Program Files\Intel\Intel(R) Management Engine Components\IPT;C:\Program Files (x86)\Intel\Intel(R) Management Engine Components\IPT;C:\Users\Hamid-PC\AppData\Local\atom\bin
USERNAME=Hamid-PC
OS=Windows_NT
PROCESSOR_IDENTIFIER=Intel64 Family 6 Model 61 Stepping 4, GenuineIntel



---------------  S Y S T E M  ---------------

OS: Windows 8.1 , 64 bit Build 9600 (6.3.9600.17415)

CPU:total 4 (2 cores per cpu, 2 threads per core) family 6 model 61 stepping 4, cmov, cx8, fxsr, mmx, sse, sse2, sse3, ssse3, sse4.1, sse4.2, popcnt, avx, avx2, aes, clmul, erms, 3dnowpref, lzcnt, ht, tsc, tscinvbit, bmi1, bmi2, adx

Memory: 4k page, physical 4107980k(374072k free), swap 5209432k(202400k free)

vm_info: OpenJDK 64-Bit Server VM (25.76-b03) for windows-amd64 JRE (1.8.0_76-release-b03), built on Jun 29 2016 19:09:20 by "ralucas" with MS VC++ 10.0 (VS2010)

time: Sat Dec 24 01:39:29 2016
elapsed time: 3 seconds (0d 0h 0m 3s)

