#
# There is insufficient memory for the Java Runtime Environment to continue.
# Native memory allocation (malloc) failed to allocate 419856 bytes for Chunk::new
# Possible reasons:
#   The system is out of physical RAM or swap space
#   In 32 bit mode, the process size limit was hit
# Possible solutions:
#   Reduce memory load on the system
#   Increase physical memory or swap space
#   Check if swap backing store is full
#   Use 64 bit Java on a 64 bit OS
#   Decrease Java heap size (-Xmx/-Xms)
#   Decrease number of Java threads
#   Decrease Java thread stack sizes (-Xss)
#   Set larger code cache with -XX:ReservedCodeCacheSize=
# This output file may be truncated or incomplete.
#
#  Out of Memory Error (allocation.cpp:390), pid=4368, tid=0x00000000000010d0
#
# JRE version: OpenJDK Runtime Environment (8.0_76-b03) (build 1.8.0_76-release-b03)
# Java VM: OpenJDK 64-Bit Server VM (25.76-b03 mixed mode windows-amd64 compressed oops)
# Failed to write core dump. Minidumps are not enabled by default on client versions of Windows
#

---------------  T H R E A D  ---------------

Current thread (0x0000000014b0a800):  JavaThread "C2 CompilerThread0" daemon [_thread_in_native, id=4304, stack(0x0000000016150000,0x0000000016250000)]

Stack: [0x0000000016150000,0x0000000016250000]
[error occurred during error reporting (printing stack bounds), id 0xc0000005]

Native frames: (J=compiled Java code, j=interpreted, Vv=VM code, C=native code)


Current CompileTask:
C2:   8152 1461       4       com.android.dx.ssa.SCCP::simulatePhi (169 bytes)


---------------  P R O C E S S  ---------------

Java Threads: ( => current thread )
  0x00000000167f0800 JavaThread "pool-2-thread-4" [_thread_in_Java, id=3444, stack(0x0000000016e50000,0x0000000016f50000)]
  0x00000000167ef800 JavaThread "pool-2-thread-3" [_thread_in_vm, id=4920, stack(0x0000000016d50000,0x0000000016e50000)]
  0x00000000167bf000 JavaThread "pool-2-thread-2" [_thread_in_Java, id=3440, stack(0x0000000016c50000,0x0000000016d50000)]
  0x00000000167ba000 JavaThread "pool-3-thread-1" [_thread_blocked, id=4892, stack(0x0000000016b50000,0x0000000016c50000)]
  0x00000000167b5800 JavaThread "pool-2-thread-1" [_thread_in_Java, id=3404, stack(0x0000000016a50000,0x0000000016b50000)]
  0x0000000014b67000 JavaThread "Service Thread" daemon [_thread_blocked, id=3416, stack(0x0000000016450000,0x0000000016550000)]
  0x0000000014b30000 JavaThread "C1 CompilerThread2" daemon [_thread_blocked, id=4148, stack(0x0000000016350000,0x0000000016450000)]
  0x0000000014b2a000 JavaThread "C2 CompilerThread1" daemon [_thread_in_native, id=4288, stack(0x0000000016250000,0x0000000016350000)]
=>0x0000000014b0a800 JavaThread "C2 CompilerThread0" daemon [_thread_in_native, id=4304, stack(0x0000000016150000,0x0000000016250000)]
  0x0000000014b09800 JavaThread "Attach Listener" daemon [_thread_blocked, id=1508, stack(0x0000000016050000,0x0000000016150000)]
  0x0000000014b08000 JavaThread "Signal Dispatcher" daemon [_thread_blocked, id=3916, stack(0x0000000015f50000,0x0000000016050000)]
  0x0000000014af8000 JavaThread "Finalizer" daemon [_thread_blocked, id=1616, stack(0x0000000015d70000,0x0000000015e70000)]
  0x000000000242f000 JavaThread "Reference Handler" daemon [_thread_blocked, id=4076, stack(0x0000000015c70000,0x0000000015d70000)]
  0x0000000002340800 JavaThread "main" [_thread_in_Java, id=5980, stack(0x00000000021a0000,0x00000000022a0000)]

Other Threads:
  0x0000000014ad5800 VMThread [stack: 0x0000000015b70000,0x0000000015c70000] [id=2428]
  0x0000000016560800 WatcherThread [stack: 0x0000000016950000,0x0000000016a50000] [id=4524]

VM state:not at safepoint (normal execution)

VM Mutex/Monitor currently owned by a thread: None

Heap:
 PSYoungGen      total 35328K, used 32210K [0x00000000eab00000, 0x00000000ed000000, 0x0000000100000000)
  eden space 32768K, 90% used [0x00000000eab00000,0x00000000ec7f9ed0,0x00000000ecb00000)
  from space 2560K, 99% used [0x00000000ecd80000,0x00000000ecffaaa0,0x00000000ed000000)
  to   space 2560K, 0% used [0x00000000ecb00000,0x00000000ecb00000,0x00000000ecd80000)
 ParOldGen       total 44032K, used 3797K [0x00000000c0000000, 0x00000000c2b00000, 0x00000000eab00000)
  object space 44032K, 8% used [0x00000000c0000000,0x00000000c03b54d8,0x00000000c2b00000)
 Metaspace       used 6040K, capacity 7024K, committed 7296K, reserved 1056768K
  class space    used 569K, capacity 616K, committed 640K, reserved 1048576K

Card table byte_map: [0x0000000011800000,0x0000000011a10000] byte_map_base: 0x0000000011200000

Marking Bits: (ParMarkBitMap*) 0x0000000069db9d00
 Begin Bits: [0x0000000011f70000, 0x0000000012f70000)
 End Bits:   [0x0000000012f70000, 0x0000000013f70000)

Polling page: 0x0000000000850000

CodeCache: size=245760Kb used=5535Kb max_used=5535Kb free=240224Kb
 bounds [0x0000000002440000, 0x00000000029b0000, 0x0000000011440000]
 total_blobs=1706 nmethods=1437 adapters=181
 compilation: enabled

Compilation events (10 events):
Event: 8.081 Thread 0x0000000014b30000 1493       2       com.android.dx.rop.cst.CstFieldRef::<init> (7 bytes)
Event: 8.081 Thread 0x0000000014b30000 nmethod 1493 0x00000000029aaf50 code [0x00000000029ab0c0, 0x00000000029ab228]
Event: 8.082 Thread 0x0000000014b30000 1494       1       com.android.dx.cf.direct.DirectClassFile$DcfTypeList::size (5 bytes)
Event: 8.083 Thread 0x0000000014b30000 nmethod 1494 0x00000000029ab2d0 code [0x00000000029ab420, 0x00000000029ab530]
Event: 8.102 Thread 0x0000000014b30000 1495       2       com.android.dx.ssa.PhiInsn::mapSourceRegisters (78 bytes)
Event: 8.103 Thread 0x0000000014b30000 nmethod 1495 0x00000000029ab590 code [0x00000000029ab720, 0x00000000029abac8]
Event: 8.105 Thread 0x0000000014b30000 1496       2       com.android.dx.dex.file.AnnotationItem::<init> (41 bytes)
Event: 8.106 Thread 0x0000000014b30000 nmethod 1496 0x00000000029abd90 code [0x00000000029abf20, 0x00000000029ac238]
Event: 8.106 Thread 0x0000000014b30000 1497       2       com.android.dx.dex.file.AnnotationItem::addContents (27 bytes)
Event: 8.107 Thread 0x0000000014b30000 nmethod 1497 0x00000000029ac450 code [0x00000000029ac5c0, 0x00000000029ac798]

GC Heap History (4 events):
Event: 4.693 GC heap before
{Heap before GC invocations=1 (full 0):
 PSYoungGen      total 18944K, used 16384K [0x00000000eab00000, 0x00000000ec000000, 0x0000000100000000)
  eden space 16384K, 100% used [0x00000000eab00000,0x00000000ebb00000,0x00000000ebb00000)
  from space 2560K, 0% used [0x00000000ebd80000,0x00000000ebd80000,0x00000000ec000000)
  to   space 2560K, 0% used [0x00000000ebb00000,0x00000000ebb00000,0x00000000ebd80000)
 ParOldGen       total 44032K, used 0K [0x00000000c0000000, 0x00000000c2b00000, 0x00000000eab00000)
  object space 44032K, 0% used [0x00000000c0000000,0x00000000c0000000,0x00000000c2b00000)
 Metaspace       used 5660K, capacity 6704K, committed 6784K, reserved 1056768K
  class space    used 566K, capacity 616K, committed 640K, reserved 1048576K
Event: 4.989 GC heap after
Heap after GC invocations=1 (full 0):
 PSYoungGen      total 18944K, used 2554K [0x00000000eab00000, 0x00000000ed000000, 0x0000000100000000)
  eden space 16384K, 0% used [0x00000000eab00000,0x00000000eab00000,0x00000000ebb00000)
  from space 2560K, 99% used [0x00000000ebb00000,0x00000000ebd7ea80,0x00000000ebd80000)
  to   space 2560K, 0% used [0x00000000ecd80000,0x00000000ecd80000,0x00000000ed000000)
 ParOldGen       total 44032K, used 1704K [0x00000000c0000000, 0x00000000c2b00000, 0x00000000eab00000)
  object space 44032K, 3% used [0x00000000c0000000,0x00000000c01aa0a8,0x00000000c2b00000)
 Metaspace       used 5660K, capacity 6704K, committed 6784K, reserved 1056768K
  class space    used 566K, capacity 616K, committed 640K, reserved 1048576K
}
Event: 7.180 GC heap before
{Heap before GC invocations=2 (full 0):
 PSYoungGen      total 18944K, used 18938K [0x00000000eab00000, 0x00000000ed000000, 0x0000000100000000)
  eden space 16384K, 100% used [0x00000000eab00000,0x00000000ebb00000,0x00000000ebb00000)
  from space 2560K, 99% used [0x00000000ebb00000,0x00000000ebd7ea80,0x00000000ebd80000)
  to   space 2560K, 0% used [0x00000000ecd80000,0x00000000ecd80000,0x00000000ed000000)
 ParOldGen       total 44032K, used 1704K [0x00000000c0000000, 0x00000000c2b00000, 0x00000000eab00000)
  object space 44032K, 3% used [0x00000000c0000000,0x00000000c01aa0a8,0x00000000c2b00000)
 Metaspace       used 5870K, capacity 6896K, committed 7040K, reserved 1056768K
  class space    used 567K, capacity 616K, committed 640K, reserved 1048576K
Event: 7.215 GC heap after
Heap after GC invocations=2 (full 0):
 PSYoungGen      total 35328K, used 2538K [0x00000000eab00000, 0x00000000ed000000, 0x0000000100000000)
  eden space 32768K, 0% used [0x00000000eab00000,0x00000000eab00000,0x00000000ecb00000)
  from space 2560K, 99% used [0x00000000ecd80000,0x00000000ecffaaa0,0x00000000ed000000)
  to   space 2560K, 0% used [0x00000000ecb00000,0x00000000ecb00000,0x00000000ecd80000)
 ParOldGen       total 44032K, used 3797K [0x00000000c0000000, 0x00000000c2b00000, 0x00000000eab00000)
  object space 44032K, 8% used [0x00000000c0000000,0x00000000c03b54d8,0x00000000c2b00000)
 Metaspace       used 5870K, capacity 6896K, committed 7040K, reserved 1056768K
  class space    used 567K, capacity 616K, committed 640K, reserved 1048576K
}

Deoptimization events (6 events):
Event: 2.219 Thread 0x0000000002340800 Uncommon trap: reason=unstable_if action=reinterpret pc=0x0000000002582118 method=java.lang.String.indexOf(II)I @ 49
Event: 4.450 Thread 0x00000000167ef800 Uncommon trap: reason=unstable_if action=reinterpret pc=0x000000000266dad0 method=java.util.HashMap.getNode(ILjava/lang/Object;)Ljava/util/HashMap$Node; @ 129
Event: 7.695 Thread 0x00000000167f0800 Uncommon trap: reason=unstable_if action=reinterpret pc=0x000000000288983c method=com.android.dx.util.IntList.binarysearch(I)I @ 105
Event: 7.909 Thread 0x00000000167bf000 Uncommon trap: reason=unstable_if action=reinterpret pc=0x0000000002963284 method=com.android.dx.ssa.SCCP.simulateStmt(Lcom/android/dx/ssa/SsaInsn;)V @ 59
Event: 7.915 Thread 0x00000000167bf000 Uncommon trap: reason=unstable_if action=reinterpret pc=0x0000000002832424 method=com.android.dx.ssa.SsaMethod.onSourcesChanged(Lcom/android/dx/ssa/SsaInsn;Lcom/android/dx/rop/code/RegisterSpecList;)V @ 9
Event: 7.915 Thread 0x00000000167bf000 Uncommon trap: reason=unstable_if action=reinterpret pc=0x00000000028d385c method=com.android.dx.ssa.SsaMethod.updateOneDefinition(Lcom/android/dx/ssa/SsaInsn;Lcom/android/dx/rop/code/RegisterSpec;)V @ 4

Internal exceptions (3 events):
Event: 0.513 Thread 0x0000000002340800 Exception <a 'java/lang/NoSuchMethodError': Method sun.misc.Unsafe.defineClass(Ljava/lang/String;[BII)Ljava/lang/Class; name or signature does not match> (0x00000000eab07cc0) thrown at [C:\src\android\AOSP-openjdk\external\jetbrains\jdk\hotspot\src\share\vÅˆp¥op‡?
Event: 0.514 Thread 0x0000000002340800 Exception <a 'java/lang/NoSuchMethodError': Method sun.misc.Unsafe.prefetchRead(Ljava/lang/Object;J)V name or signature does not match> (0x00000000eab07fa8) thrown at [C:\src\android\AOSP-openjdk\external\jetbrains\jdk\hotspot\src\share\vm\prims\jni.cpp, lûßÿ÷®@
Event: 7.915 Thread 0x00000000167bf000 Implicit null exception at 0x0000000002831cfc to 0x0000000002832411

Events (10 events):
Event: 7.909 Thread 0x00000000167bf000 DEOPT PACKING pc=0x0000000002963284 sp=0x0000000016d4ea90
Event: 7.909 Thread 0x00000000167bf000 DEOPT UNPACKING pc=0x000000000248556a sp=0x0000000016d4ea78 mode 2
Event: 7.915 Thread 0x00000000167bf000 Uncommon trap: trap_request=0xffffff65 fr.pc=0x0000000002832424
Event: 7.915 Thread 0x00000000167bf000 DEOPT PACKING pc=0x0000000002832424 sp=0x0000000016d4e7f0
Event: 7.915 Thread 0x00000000167bf000 DEOPT UNPACKING pc=0x000000000248556a sp=0x0000000016d4e7e8 mode 2
Event: 7.915 Thread 0x00000000167bf000 Uncommon trap: trap_request=0xffffff65 fr.pc=0x00000000028d385c
Event: 7.915 Thread 0x00000000167bf000 DEOPT PACKING pc=0x00000000028d385c sp=0x0000000016d4e850
Event: 7.915 Thread 0x00000000167bf000 DEOPT UNPACKING pc=0x000000000248556a sp=0x0000000016d4e7f8 mode 2
Event: 8.060 Thread 0x0000000002340800 DEOPT PACKING pc=0x0000000002753901 sp=0x000000000229e4c0
Event: 8.060 Thread 0x0000000002340800 DEOPT UNPACKING pc=0x00000000024875bf sp=0x000000000229e288 mode 0


Dynamic libraries:
0x00007ff766640000 - 0x00007ff766671000 	D:\Android\AndroidStudio\jre\bin\java.exe
0x00007ffb46030000 - 0x00007ffb461dd000 	C:\WINDOWS\SYSTEM32\ntdll.dll
0x00007ffb44000000 - 0x00007ffb4413e000 	C:\WINDOWS\system32\KERNEL32.DLL
0x00007ffb43330000 - 0x00007ffb43445000 	C:\WINDOWS\system32\KERNELBASE.dll
0x00007ffb43980000 - 0x00007ffb43a2a000 	C:\WINDOWS\system32\ADVAPI32.dll
0x00007ffb43e10000 - 0x00007ffb43f87000 	C:\WINDOWS\system32\USER32.dll
0x00007ffb40df0000 - 0x00007ffb4106a000 	C:\WINDOWS\WinSxS\amd64_microsoft.windows.common-controls_6595b64144ccf1df_6.0.9600.17810_none_6240b9c7ecbd0bda\COMCTL32.dll
0x00007ffb436b0000 - 0x00007ffb4375a000 	C:\WINDOWS\system32\msvcrt.dll
0x00007ffb43a30000 - 0x00007ffb43a89000 	C:\WINDOWS\SYSTEM32\sechost.dll
0x00007ffb44140000 - 0x00007ffb44280000 	C:\WINDOWS\system32\RPCRT4.dll
0x00007ffb45830000 - 0x00007ffb4597f000 	C:\WINDOWS\system32\GDI32.dll
0x00007ffb43630000 - 0x00007ffb4365e000 	C:\WINDOWS\system32\SspiCli.dll
0x00007ffb43af0000 - 0x00007ffb43b26000 	C:\WINDOWS\system32\IMM32.DLL
0x00007ffb45980000 - 0x00007ffb45ad2000 	C:\WINDOWS\system32\MSCTF.dll
0x0000000069520000 - 0x00000000695f2000 	D:\Android\AndroidStudio\jre\jre\bin\msvcr100.dll
0x0000000069600000 - 0x0000000069e34000 	D:\Android\AndroidStudio\jre\jre\bin\server\jvm.dll
0x00007ffb3a960000 - 0x00007ffb3a969000 	C:\WINDOWS\SYSTEM32\WSOCK32.dll
0x00007ffb39250000 - 0x00007ffb39272000 	C:\WINDOWS\SYSTEM32\WINMM.dll
0x00007ffb3c820000 - 0x00007ffb3c82a000 	C:\WINDOWS\SYSTEM32\VERSION.dll
0x00007ffb43e00000 - 0x00007ffb43e07000 	C:\WINDOWS\system32\PSAPI.DLL
0x00007ffb44280000 - 0x00007ffb442da000 	C:\WINDOWS\system32\WS2_32.dll
0x00007ffb39150000 - 0x00007ffb3917a000 	C:\WINDOWS\SYSTEM32\WINMMBASE.dll
0x00007ffb45820000 - 0x00007ffb45829000 	C:\WINDOWS\system32\NSI.dll
0x00007ffb43660000 - 0x00007ffb436af000 	C:\WINDOWS\SYSTEM32\cfgmgr32.dll
0x00007ffb41f70000 - 0x00007ffb41f98000 	C:\WINDOWS\SYSTEM32\DEVOBJ.dll
0x00007ffb3f0a0000 - 0x00007ffb3f0af000 	D:\Android\AndroidStudio\jre\jre\bin\verify.dll
0x00007ffb3bae0000 - 0x00007ffb3bb09000 	D:\Android\AndroidStudio\jre\jre\bin\java.dll
0x00007ffb3ec30000 - 0x00007ffb3ec46000 	D:\Android\AndroidStudio\jre\jre\bin\zip.dll
0x00007ffb442e0000 - 0x00007ffb45808000 	C:\WINDOWS\system32\SHELL32.dll
0x00007ffb43760000 - 0x00007ffb43971000 	C:\WINDOWS\SYSTEM32\combase.dll
0x00007ffb43a90000 - 0x00007ffb43ae4000 	C:\WINDOWS\system32\SHLWAPI.dll
0x00007ffb41790000 - 0x00007ffb41842000 	C:\WINDOWS\SYSTEM32\SHCORE.dll
0x00007ffb43150000 - 0x00007ffb43165000 	C:\WINDOWS\SYSTEM32\profapi.dll

VM Arguments:
jvm_args: -Djava.awt.headless=true -Xmx1024M -Dfile.encoding=windows-1252 -Duser.country=US -Duser.language=en -Duser.variant 
java_command: com.android.dx.command.Main --dex --force-jumbo --num-threads=4 --multi-dex --output D:\Mozilla Downloads\and-nd-firebase-1.00-starting-point\app\build\intermediates\transforms\dex\debug\folders\1000\10\com.google.firebase-firebase-database-connection-10.0.1_f7dd4710c6c0d1548e15a8bdb12f02e0161d9e6a D:\Mozilla Downloads\and-nd-firebase-1.00-starting-point\app\build\intermediates\exploded-aar\com.google.firebase\firebase-database-connection\10.0.1\jars\classes.jar
java_class_path (initial): D:\Android\sdk\build-tools\24.0.1\lib\dx.jar
Launcher Type: SUN_STANDARD

Environment Variables:
PATH=C:\ProgramData\Oracle\Java\javapath;C:\Program Files (x86)\Intel\iCLS Client\;C:\Program Files\Intel\iCLS Client\;C:\WINDOWS\system32;C:\WINDOWS;C:\WINDOWS\System32\Wbem;C:\WINDOWS\System32\WindowsPowerShell\v1.0\;C:\Program Files\Intel\Intel(R) Management Engine Components\DAL;C:\Program Files (x86)\Intel\Intel(R) Management Engine Components\DAL;C:\Program Files\Intel\Intel(R) Management Engine Components\IPT;C:\Program Files (x86)\Intel\Intel(R) Management Engine Components\IPT;C:\Program Files\Microsoft SQL Server\110\Tools\Binn\
USERNAME=Hamid-PC
OS=Windows_NT
PROCESSOR_IDENTIFIER=Intel64 Family 6 Model 61 Stepping 4, GenuineIntel



---------------  S Y S T E M  ---------------

OS: Windows 8.1 , 64 bit Build 9600 (6.3.9600.17415)

CPU:total 4 (2 cores per cpu, 2 threads per core) family 6 model 61 stepping 4, cmov, cx8, fxsr, mmx, sse, sse2, sse3, ssse3, sse4.1, sse4.2, popcnt, avx, avx2, aes, clmul, erms, 3dnowpref, lzcnt, ht, tsc, tscinvbit, bmi1, bmi2, adx

Memory: 4k page, physical 4107980k(126812k free), swap 5209432k(6252k free)

vm_info: OpenJDK 64-Bit Server VM (25.76-b03) for windows-amd64 JRE (1.8.0_76-release-b03), built on Jun 29 2016 19:09:20 by "ralucas" with MS VC++ 10.0 (VS2010)

time: Thu Dec 22 18:21:31 2016
elapsed time: 8 seconds (0d 0h 0m 8s)

