#
# There is insufficient memory for the Java Runtime Environment to continue.
# Native memory allocation (malloc) failed to allocate 32744 bytes for ChunkPool::allocate
# Possible reasons:
#   The system is out of physical RAM or swap space
#   In 32 bit mode, the process size limit was hit
# Possible solutions:
#   Reduce memory load on the system
#   Increase physical memory or swap space
#   Check if swap backing store is full
#   Use 64 bit Java on a 64 bit OS
#   Decrease Java heap size (-Xmx/-Xms)
#   Decrease number of Java threads
#   Decrease Java thread stack sizes (-Xss)
#   Set larger code cache with -XX:ReservedCodeCacheSize=
# This output file may be truncated or incomplete.
#
#  Out of Memory Error (allocation.cpp:273), pid=4968, tid=0x00000000000008ec
#
# JRE version: OpenJDK Runtime Environment (8.0_76-b03) (build 1.8.0_76-release-b03)
# Java VM: OpenJDK 64-Bit Server VM (25.76-b03 mixed mode windows-amd64 compressed oops)
# Failed to write core dump. Minidumps are not enabled by default on client versions of Windows
#

---------------  T H R E A D  ---------------

Current thread (0x0000000014aa7000):  JavaThread "C1 CompilerThread2" daemon [_thread_in_native, id=2284, stack(0x0000000016290000,0x0000000016390000)]

Stack: [0x0000000016290000,0x0000000016390000]
[error occurred during error reporting (printing stack bounds), id 0xc0000005]

Native frames: (J=compiled Java code, j=interpreted, Vv=VM code, C=native code)


Current CompileTask:
C1:   6764  573   !   3      
[error occurred during error reporting (printing current compile task), id 0xe0000001]


---------------  P R O C E S S  ---------------

Java Threads: ( => current thread )
  0x00000000165d3000 JavaThread "pool-2-thread-4" [_thread_in_Java, id=4408, stack(0x0000000016d90000,0x0000000016e90000)]
  0x00000000165d1800 JavaThread "pool-2-thread-3" [_thread_in_Java, id=3080, stack(0x0000000016c90000,0x0000000016d90000)]
  0x00000000165d0000 JavaThread "pool-2-thread-2" [_thread_in_Java, id=4748, stack(0x0000000016b90000,0x0000000016c90000)]
  0x00000000165cc000 JavaThread "pool-3-thread-1" [_thread_blocked, id=5080, stack(0x0000000016a90000,0x0000000016b90000)]
  0x00000000165c4800 JavaThread "pool-2-thread-1" [_thread_in_Java, id=1280, stack(0x0000000016990000,0x0000000016a90000)]
  0x0000000014aae800 JavaThread "Service Thread" daemon [_thread_blocked, id=1868, stack(0x0000000016790000,0x0000000016890000)]
=>0x0000000014aa7000 JavaThread "C1 CompilerThread2" daemon [_thread_in_native, id=2284, stack(0x0000000016290000,0x0000000016390000)]
  0x0000000014aa4800 JavaThread "C2 CompilerThread1" daemon [_thread_blocked, id=3928, stack(0x0000000016190000,0x0000000016290000)]
  0x0000000014a4a800 JavaThread "C2 CompilerThread0" daemon [_thread_blocked, id=3856, stack(0x0000000016090000,0x0000000016190000)]
  0x0000000014a49000 JavaThread "Attach Listener" daemon [_thread_blocked, id=5516, stack(0x0000000015f90000,0x0000000016090000)]
  0x0000000014a48800 JavaThread "Signal Dispatcher" daemon [_thread_blocked, id=5524, stack(0x0000000015e90000,0x0000000015f90000)]
  0x0000000014a38000 JavaThread "Finalizer" daemon [_thread_blocked, id=4020, stack(0x0000000015cb0000,0x0000000015db0000)]
  0x000000000236f000 JavaThread "Reference Handler" daemon [_thread_blocked, id=1484, stack(0x0000000015bb0000,0x0000000015cb0000)]
  0x0000000002280800 JavaThread "main" [_thread_in_Java, id=3992, stack(0x0000000002150000,0x0000000002250000)]

Other Threads:
  0x0000000014a15800 VMThread [stack: 0x0000000015ab0000,0x0000000015bb0000] [id=4048]
  0x0000000016390800 WatcherThread [stack: 0x0000000016890000,0x0000000016990000] [id=5664]

VM state:not at safepoint (normal execution)

VM Mutex/Monitor currently owned by a thread: None

Heap:
 PSYoungGen      total 18944K, used 11800K [0x00000000eab00000, 0x00000000ec000000, 0x0000000100000000)
  eden space 16384K, 72% used [0x00000000eab00000,0x00000000eb686398,0x00000000ebb00000)
  from space 2560K, 0% used [0x00000000ebd80000,0x00000000ebd80000,0x00000000ec000000)
  to   space 2560K, 0% used [0x00000000ebb00000,0x00000000ebb00000,0x00000000ebd80000)
 ParOldGen       total 44032K, used 0K [0x00000000c0000000, 0x00000000c2b00000, 0x00000000eab00000)
  object space 44032K, 0% used [0x00000000c0000000,0x00000000c0000000,0x00000000c2b00000)
 Metaspace       used 5423K, capacity 6512K, committed 6784K, reserved 1056768K
  class space    used 566K, capacity 616K, committed 640K, reserved 1048576K

Card table byte_map: [0x0000000011740000,0x0000000011950000] byte_map_base: 0x0000000011140000

Marking Bits: (ParMarkBitMap*) 0x0000000069db9d00
 Begin Bits: [0x0000000011eb0000, 0x0000000012eb0000)
 End Bits:   [0x0000000012eb0000, 0x0000000013eb0000)

Polling page: 0x00000000020a0000

CodeCache: size=245760Kb used=2223Kb max_used=2234Kb free=243536Kb
 bounds [0x0000000002380000, 0x00000000025f0000, 0x0000000011380000]
 total_blobs=837 nmethods=569 adapters=182
 compilation: enabled

Compilation events (10 events):
Event: 6.744 Thread 0x0000000014aa7000 nmethod 570 0x00000000025aa650 code [0x00000000025aa7e0, 0x00000000025aabb8]
Event: 6.744 Thread 0x0000000014aa7000  572       3       com.android.dx.cf.code.ByteOps::opInfo (6 bytes)
Event: 6.744 Thread 0x0000000014aa7000 nmethod 572 0x00000000025aa290 code [0x00000000025aa3e0, 0x00000000025aa530]
Event: 6.744 Thread 0x0000000014aa7000  573   !   3       com.android.dx.cf.code.BytecodeArray::parseInstruction (2764 bytes)
Event: 6.747 Thread 0x0000000014a4a800  586       4       com.android.dx.ssa.NormalSsaInsn::accept (25 bytes)
Event: 6.750 Thread 0x0000000014aa4800  588       4       com.android.dx.ssa.NormalSsaInsn::getOpcode (8 bytes)
Event: 6.751 Thread 0x0000000014a4a800 nmethod 586 0x00000000025aefd0 code [0x00000000025af120, 0x00000000025af228]
Event: 6.751 Thread 0x0000000014aa4800 nmethod 588 0x00000000025abc10 code [0x00000000025abd40, 0x00000000025abdb8]
Event: 6.753 Thread 0x0000000014a4a800  589       4       com.android.dx.ssa.NormalSsaInsn::accept (25 bytes)
Event: 6.757 Thread 0x0000000014a4a800 nmethod 589 0x00000000025aebd0 code [0x00000000025aed20, 0x00000000025aee28]

GC Heap History (0 events):
No events

Deoptimization events (6 events):
Event: 3.092 Thread 0x0000000002280800 Uncommon trap: reason=unstable_if action=reinterpret pc=0x00000000024b7710 method=java.lang.String.indexOf(II)I @ 49
Event: 6.748 Thread 0x00000000165d0000 Uncommon trap: reason=unstable_if action=reinterpret pc=0x0000000002594e90 method=java.util.HashMap.getNode(ILjava/lang/Object;)Ljava/util/HashMap$Node; @ 62
Event: 6.751 Thread 0x00000000165d1800 Uncommon trap: reason=class_check action=maybe_recompile pc=0x00000000025af1b0 method=com.android.dx.ssa.NormalSsaInsn.accept(Lcom/android/dx/ssa/SsaInsn$Visitor;)V @ 9
Event: 6.751 Thread 0x00000000165d1800 Uncommon trap: reason=class_check action=maybe_recompile pc=0x00000000025af1b0 method=com.android.dx.ssa.NormalSsaInsn.accept(Lcom/android/dx/ssa/SsaInsn$Visitor;)V @ 9
Event: 6.752 Thread 0x00000000165d1800 Uncommon trap: reason=class_check action=maybe_recompile pc=0x00000000025af1b0 method=com.android.dx.ssa.NormalSsaInsn.accept(Lcom/android/dx/ssa/SsaInsn$Visitor;)V @ 9
Event: 6.752 Thread 0x00000000165d1800 Uncommon trap: reason=class_check action=maybe_recompile pc=0x00000000025af1b0 method=com.android.dx.ssa.NormalSsaInsn.accept(Lcom/android/dx/ssa/SsaInsn$Visitor;)V @ 9

Internal exceptions (2 events):
Event: 0.406 Thread 0x0000000002280800 Exception <a 'java/lang/NoSuchMethodError': Method sun.misc.Unsafe.defineClass(Ljava/lang/String;[BII)Ljava/lang/Class; name or signature does not match> (0x00000000eab07cc0) thrown at [C:\src\android\AOSP-openjdk\external\jetbrains\jdk\hotspot\src\share\vô
&´Ú?
Event: 0.406 Thread 0x0000000002280800 Exception <a 'java/lang/NoSuchMethodError': Method sun.misc.Unsafe.prefetchRead(Ljava/lang/Object;J)V name or signature does not match> (0x00000000eab07fa8) thrown at [C:\src\android\AOSP-openjdk\external\jetbrains\jdk\hotspot\src\share\vm\prims\jni.cpp, l

Events (10 events):
Event: 6.751 Thread 0x00000000165d1800 DEOPT UNPACKING pc=0x00000000023c556a sp=0x0000000016d8eb50 mode 2
Event: 6.751 Thread 0x00000000165d1800 Uncommon trap: trap_request=0xffffffde fr.pc=0x00000000025af1b0
Event: 6.751 Thread 0x00000000165d1800 DEOPT PACKING pc=0x00000000025af1b0 sp=0x0000000016d8ebf0
Event: 6.751 Thread 0x00000000165d1800 DEOPT UNPACKING pc=0x00000000023c556a sp=0x0000000016d8eb80 mode 2
Event: 6.752 Thread 0x00000000165d1800 Uncommon trap: trap_request=0xffffffde fr.pc=0x00000000025af1b0
Event: 6.752 Thread 0x00000000165d1800 DEOPT PACKING pc=0x00000000025af1b0 sp=0x0000000016d8ebc0
Event: 6.752 Thread 0x00000000165d1800 DEOPT UNPACKING pc=0x00000000023c556a sp=0x0000000016d8eb50 mode 2
Event: 6.752 Thread 0x00000000165d1800 Uncommon trap: trap_request=0xffffffde fr.pc=0x00000000025af1b0
Event: 6.752 Thread 0x00000000165d1800 DEOPT PACKING pc=0x00000000025af1b0 sp=0x0000000016d8ebc0
Event: 6.752 Thread 0x00000000165d1800 DEOPT UNPACKING pc=0x00000000023c556a sp=0x0000000016d8eb50 mode 2


Dynamic libraries:
0x00007ff631170000 - 0x00007ff6311a1000 	D:\Android\AndroidStudio\jre\bin\java.exe
0x00007ffb46030000 - 0x00007ffb461dd000 	C:\WINDOWS\SYSTEM32\ntdll.dll
0x00007ffb44000000 - 0x00007ffb4413e000 	C:\WINDOWS\system32\KERNEL32.DLL
0x00007ffb43330000 - 0x00007ffb43445000 	C:\WINDOWS\system32\KERNELBASE.dll
0x00007ffb43980000 - 0x00007ffb43a2a000 	C:\WINDOWS\system32\ADVAPI32.dll
0x00007ffb43e10000 - 0x00007ffb43f87000 	C:\WINDOWS\system32\USER32.dll
0x00007ffb40df0000 - 0x00007ffb4106a000 	C:\WINDOWS\WinSxS\amd64_microsoft.windows.common-controls_6595b64144ccf1df_6.0.9600.17810_none_6240b9c7ecbd0bda\COMCTL32.dll
0x00007ffb436b0000 - 0x00007ffb4375a000 	C:\WINDOWS\system32\msvcrt.dll
0x00007ffb43a30000 - 0x00007ffb43a89000 	C:\WINDOWS\SYSTEM32\sechost.dll
0x00007ffb44140000 - 0x00007ffb44280000 	C:\WINDOWS\system32\RPCRT4.dll
0x00007ffb45830000 - 0x00007ffb4597f000 	C:\WINDOWS\system32\GDI32.dll
0x00007ffb43630000 - 0x00007ffb4365e000 	C:\WINDOWS\system32\SspiCli.dll
0x00007ffb43af0000 - 0x00007ffb43b26000 	C:\WINDOWS\system32\IMM32.DLL
0x00007ffb45980000 - 0x00007ffb45ad2000 	C:\WINDOWS\system32\MSCTF.dll
0x000000006a4b0000 - 0x000000006a582000 	D:\Android\AndroidStudio\jre\jre\bin\msvcr100.dll
0x0000000069600000 - 0x0000000069e34000 	D:\Android\AndroidStudio\jre\jre\bin\server\jvm.dll
0x00007ffb3a960000 - 0x00007ffb3a969000 	C:\WINDOWS\SYSTEM32\WSOCK32.dll
0x00007ffb39250000 - 0x00007ffb39272000 	C:\WINDOWS\SYSTEM32\WINMM.dll
0x00007ffb3c820000 - 0x00007ffb3c82a000 	C:\WINDOWS\SYSTEM32\VERSION.dll
0x00007ffb43e00000 - 0x00007ffb43e07000 	C:\WINDOWS\system32\PSAPI.DLL
0x00007ffb44280000 - 0x00007ffb442da000 	C:\WINDOWS\system32\WS2_32.dll
0x00007ffb39150000 - 0x00007ffb3917a000 	C:\WINDOWS\SYSTEM32\WINMMBASE.dll
0x00007ffb45820000 - 0x00007ffb45829000 	C:\WINDOWS\system32\NSI.dll
0x00007ffb43660000 - 0x00007ffb436af000 	C:\WINDOWS\SYSTEM32\cfgmgr32.dll
0x00007ffb41f70000 - 0x00007ffb41f98000 	C:\WINDOWS\SYSTEM32\DEVOBJ.dll
0x00007ffb3dfa0000 - 0x00007ffb3dfaf000 	D:\Android\AndroidStudio\jre\jre\bin\verify.dll
0x00007ffb3bdb0000 - 0x00007ffb3bdd9000 	D:\Android\AndroidStudio\jre\jre\bin\java.dll
0x00007ffb3c710000 - 0x00007ffb3c726000 	D:\Android\AndroidStudio\jre\jre\bin\zip.dll
0x00007ffb442e0000 - 0x00007ffb45808000 	C:\WINDOWS\system32\SHELL32.dll
0x00007ffb43760000 - 0x00007ffb43971000 	C:\WINDOWS\SYSTEM32\combase.dll
0x00007ffb43a90000 - 0x00007ffb43ae4000 	C:\WINDOWS\system32\SHLWAPI.dll
0x00007ffb41790000 - 0x00007ffb41842000 	C:\WINDOWS\SYSTEM32\SHCORE.dll
0x00007ffb43150000 - 0x00007ffb43165000 	C:\WINDOWS\SYSTEM32\profapi.dll

VM Arguments:
jvm_args: -Djava.awt.headless=true -Xmx1024M -Dfile.encoding=windows-1252 -Duser.country=US -Duser.language=en -Duser.variant 
java_command: com.android.dx.command.Main --dex --force-jumbo --num-threads=4 --multi-dex --output D:\Mozilla Downloads\and-nd-firebase-1.00-starting-point\app\build\intermediates\transforms\dex\debug\folders\1000\10\com.twitter.sdk.android-tweet-composer-2.2.0_2f63cba000dc6ab3aef56cd1c455cc3e8bf1837a D:\Mozilla Downloads\and-nd-firebase-1.00-starting-point\app\build\intermediates\exploded-aar\com.twitter.sdk.android\tweet-composer\2.2.0\jars\classes.jar
java_class_path (initial): D:\Android\sdk\build-tools\24.0.1\lib\dx.jar
Launcher Type: SUN_STANDARD

Environment Variables:
PATH=C:\ProgramData\Oracle\Java\javapath;C:\Program Files (x86)\Intel\iCLS Client\;C:\Program Files\Intel\iCLS Client\;C:\WINDOWS\system32;C:\WINDOWS;C:\WINDOWS\System32\Wbem;C:\WINDOWS\System32\WindowsPowerShell\v1.0\;C:\Program Files\Intel\Intel(R) Management Engine Components\DAL;C:\Program Files (x86)\Intel\Intel(R) Management Engine Components\DAL;C:\Program Files\Intel\Intel(R) Management Engine Components\IPT;C:\Program Files (x86)\Intel\Intel(R) Management Engine Components\IPT;C:\Users\Hamid-PC\AppData\Local\atom\bin
USERNAME=Hamid-PC
OS=Windows_NT
PROCESSOR_IDENTIFIER=Intel64 Family 6 Model 61 Stepping 4, GenuineIntel



---------------  S Y S T E M  ---------------

OS: Windows 8.1 , 64 bit Build 9600 (6.3.9600.17415)

CPU:total 4 (2 cores per cpu, 2 threads per core) family 6 model 61 stepping 4, cmov, cx8, fxsr, mmx, sse, sse2, sse3, ssse3, sse4.1, sse4.2, popcnt, avx, avx2, aes, clmul, erms, 3dnowpref, lzcnt, ht, tsc, tscinvbit, bmi1, bmi2, adx

Memory: 4k page, physical 4107980k(304484k free), swap 5209432k(5128k free)

vm_info: OpenJDK 64-Bit Server VM (25.76-b03) for windows-amd64 JRE (1.8.0_76-release-b03), built on Jun 29 2016 19:09:20 by "ralucas" with MS VC++ 10.0 (VS2010)

time: Sat Dec 24 01:39:17 2016
elapsed time: 6 seconds (0d 0h 0m 6s)

