#
# There is insufficient memory for the Java Runtime Environment to continue.
# Native memory allocation (malloc) failed to allocate 70128 bytes for Chunk::new
# Possible reasons:
#   The system is out of physical RAM or swap space
#   In 32 bit mode, the process size limit was hit
# Possible solutions:
#   Reduce memory load on the system
#   Increase physical memory or swap space
#   Check if swap backing store is full
#   Use 64 bit Java on a 64 bit OS
#   Decrease Java heap size (-Xmx/-Xms)
#   Decrease number of Java threads
#   Decrease Java thread stack sizes (-Xss)
#   Set larger code cache with -XX:ReservedCodeCacheSize=
# This output file may be truncated or incomplete.
#
#  Out of Memory Error (allocation.cpp:390), pid=5136, tid=0x00000000000008b8
#
# JRE version: OpenJDK Runtime Environment (8.0_76-b03) (build 1.8.0_76-release-b03)
# Java VM: OpenJDK 64-Bit Server VM (25.76-b03 mixed mode windows-amd64 compressed oops)
# Failed to write core dump. Minidumps are not enabled by default on client versions of Windows
#

---------------  T H R E A D  ---------------

Current thread (0x000000001503b800):  JavaThread "C2 CompilerThread0" daemon [_thread_in_native, id=2232, stack(0x0000000016670000,0x0000000016770000)]

Stack: [0x0000000016670000,0x0000000016770000]
[error occurred during error reporting (printing stack bounds), id 0xc0000005]

Native frames: (J=compiled Java code, j=interpreted, Vv=VM code, C=native code)


Current CompileTask:
C2:   3940  990       4       com.android.dx.ssa.SsaMethod$2::addToUses (48 bytes)


---------------  P R O C E S S  ---------------

Java Threads: ( => current thread )
  0x0000000016bb3000 JavaThread "pool-2-thread-3" [_thread_in_Java, id=5732, stack(0x0000000017270000,0x0000000017370000)]
  0x0000000016ac3800 JavaThread "pool-3-thread-1" [_thread_blocked, id=3440, stack(0x0000000017070000,0x0000000017170000)]
  0x0000000016972000 JavaThread "Service Thread" daemon [_thread_blocked, id=5644, stack(0x0000000016d70000,0x0000000016e70000)]
  0x000000001509b800 JavaThread "C1 CompilerThread2" daemon [_thread_blocked, id=5808, stack(0x0000000016870000,0x0000000016970000)]
  0x0000000015095800 JavaThread "C2 CompilerThread1" daemon [_thread_in_native, id=5524, stack(0x0000000016770000,0x0000000016870000)]
=>0x000000001503b800 JavaThread "C2 CompilerThread0" daemon [_thread_in_native, id=2232, stack(0x0000000016670000,0x0000000016770000)]
  0x000000001503a000 JavaThread "Attach Listener" daemon [_thread_blocked, id=5376, stack(0x0000000016570000,0x0000000016670000)]
  0x0000000015039000 JavaThread "Signal Dispatcher" daemon [_thread_blocked, id=2060, stack(0x0000000016470000,0x0000000016570000)]
  0x0000000015028000 JavaThread "Finalizer" daemon [_thread_blocked, id=4384, stack(0x0000000016290000,0x0000000016390000)]
  0x000000000295f000 JavaThread "Reference Handler" daemon [_thread_blocked, id=5932, stack(0x0000000016190000,0x0000000016290000)]
  0x0000000002870800 JavaThread "main" [_thread_blocked, id=4576, stack(0x00000000026f0000,0x00000000027f0000)]

Other Threads:
  0x0000000015005800 VMThread [stack: 0x0000000016090000,0x0000000016190000] [id=5656]
  0x0000000016972800 WatcherThread [stack: 0x0000000016e70000,0x0000000016f70000] [id=468]

VM state:not at safepoint (normal execution)

VM Mutex/Monitor currently owned by a thread: None

Heap:
 PSYoungGen      total 18944K, used 3623K [0x00000000eab00000, 0x00000000ec000000, 0x0000000100000000)
  eden space 16384K, 6% used [0x00000000eab00000,0x00000000eac0dc80,0x00000000ebb00000)
  from space 2560K, 99% used [0x00000000ebb00000,0x00000000ebd7c028,0x00000000ebd80000)
  to   space 2560K, 0% used [0x00000000ebd80000,0x00000000ebd80000,0x00000000ec000000)
 ParOldGen       total 44032K, used 1477K [0x00000000c0000000, 0x00000000c2b00000, 0x00000000eab00000)
  object space 44032K, 3% used [0x00000000c0000000,0x00000000c0171718,0x00000000c2b00000)
 Metaspace       used 5633K, capacity 6832K, committed 7040K, reserved 1056768K
  class space    used 551K, capacity 616K, committed 640K, reserved 1048576K

Card table byte_map: [0x0000000011d30000,0x0000000011f40000] byte_map_base: 0x0000000011730000

Marking Bits: (ParMarkBitMap*) 0x0000000069db9d00
 Begin Bits: [0x00000000124a0000, 0x00000000134a0000)
 End Bits:   [0x00000000134a0000, 0x00000000144a0000)

Polling page: 0x0000000000db0000

CodeCache: size=245760Kb used=4099Kb max_used=4099Kb free=241660Kb
 bounds [0x0000000002970000, 0x0000000002d80000, 0x0000000011970000]
 total_blobs=1276 nmethods=1011 adapters=177
 compilation: enabled

Compilation events (10 events):
Event: 3.919 Thread 0x0000000015095800 1012       4       com.android.dx.rop.type.Type::getFrameType (58 bytes)
Event: 3.919 Thread 0x000000001509b800 nmethod 1004 0x0000000002d71750 code [0x0000000002d718a0, 0x0000000002d71990]
Event: 3.919 Thread 0x000000001509b800 1003       1       com.android.dx.ssa.SsaMethod::getEntryBlockIndex (5 bytes)
Event: 3.919 Thread 0x000000001509b800 nmethod 1003 0x0000000002d71490 code [0x0000000002d715e0, 0x0000000002d716f0]
Event: 3.919 Thread 0x000000001509b800 1006       1       com.android.dx.cf.iface.StdMethod::getEffectiveDescriptor (5 bytes)
Event: 3.919 Thread 0x000000001509b800 nmethod 1006 0x0000000002d711d0 code [0x0000000002d71320, 0x0000000002d71430]
Event: 3.919 Thread 0x000000001509b800 1007       1       com.android.dx.ssa.SsaMethod::getParamWidth (5 bytes)
Event: 3.919 Thread 0x000000001509b800 nmethod 1007 0x0000000002d70f10 code [0x0000000002d71060, 0x0000000002d71170]
Event: 3.920 Thread 0x0000000015095800 nmethod 1012 0x0000000002d6f7d0 code [0x0000000002d6f900, 0x0000000002d6f998]
Event: 3.920 Thread 0x0000000015095800 1013       4       com.android.dx.ssa.SsaMethod$2::visitNonMoveInsn (6 bytes)

GC Heap History (2 events):
Event: 3.880 GC heap before
{Heap before GC invocations=1 (full 0):
 PSYoungGen      total 18944K, used 16384K [0x00000000eab00000, 0x00000000ec000000, 0x0000000100000000)
  eden space 16384K, 100% used [0x00000000eab00000,0x00000000ebb00000,0x00000000ebb00000)
  from space 2560K, 0% used [0x00000000ebd80000,0x00000000ebd80000,0x00000000ec000000)
  to   space 2560K, 0% used [0x00000000ebb00000,0x00000000ebb00000,0x00000000ebd80000)
 ParOldGen       total 44032K, used 0K [0x00000000c0000000, 0x00000000c2b00000, 0x00000000eab00000)
  object space 44032K, 0% used [0x00000000c0000000,0x00000000c0000000,0x00000000c2b00000)
 Metaspace       used 5622K, capacity 6832K, committed 7040K, reserved 1056768K
  class space    used 551K, capacity 616K, committed 640K, reserved 1048576K
Event: 3.893 GC heap after
Heap after GC invocations=1 (full 0):
 PSYoungGen      total 18944K, used 2544K [0x00000000eab00000, 0x00000000ec000000, 0x0000000100000000)
  eden space 16384K, 0% used [0x00000000eab00000,0x00000000eab00000,0x00000000ebb00000)
  from space 2560K, 99% used [0x00000000ebb00000,0x00000000ebd7c028,0x00000000ebd80000)
  to   space 2560K, 0% used [0x00000000ebd80000,0x00000000ebd80000,0x00000000ec000000)
 ParOldGen       total 44032K, used 1477K [0x00000000c0000000, 0x00000000c2b00000, 0x00000000eab00000)
  object space 44032K, 3% used [0x00000000c0000000,0x00000000c0171718,0x00000000c2b00000)
 Metaspace       used 5622K, capacity 6832K, committed 7040K, reserved 1056768K
  class space    used 551K, capacity 616K, committed 640K, reserved 1048576K
}

Deoptimization events (2 events):
Event: 2.001 Thread 0x0000000016ac1000 Uncommon trap: reason=unstable_if action=reinterpret pc=0x0000000002b66e68 method=java.util.HashMap.getNode(ILjava/lang/Object;)Ljava/util/HashMap$Node; @ 129
Event: 3.905 Thread 0x0000000016bb3000 Uncommon trap: reason=unstable_if action=reinterpret pc=0x0000000002d528fc method=com.android.dx.rop.code.RegisterSpec.withReg(I)Lcom/android/dx/rop/code/RegisterSpec; @ 5

Internal exceptions (2 events):
Event: 0.155 Thread 0x0000000002870800 Exception <a 'java/lang/NoSuchMethodError': Method sun.misc.Unsafe.defineClass(Ljava/lang/String;[BII)Ljava/lang/Class; name or signature does not match> (0x00000000eab07cc0) thrown at [C:\src\android\AOSP-openjdk\external\jetbrains\jdk\hotspot\src\share\v1“³ÚÓÃ?
Event: 0.155 Thread 0x0000000002870800 Exception <a 'java/lang/NoSuchMethodError': Method sun.misc.Unsafe.prefetchRead(Ljava/lang/Object;J)V name or signature does not match> (0x00000000eab07fa8) thrown at [C:\src\android\AOSP-openjdk\external\jetbrains\jdk\hotspot\src\share\vm\prims\jni.cpp, l

Events (10 events):
Event: 3.547 loading class com/android/dx/cf/code/BytecodeArray$ConstantParserVisitor
Event: 3.547 loading class com/android/dx/cf/code/BytecodeArray$ConstantParserVisitor done
Event: 3.873 Thread 0x0000000016ac7800 Thread exited: 0x0000000016ac7800
Event: 3.877 Thread 0x0000000016ac1000 Thread exited: 0x0000000016ac1000
Event: 3.880 Executing VM operation: ParallelGCFailedAllocation
Event: 3.893 Executing VM operation: ParallelGCFailedAllocation done
Event: 3.903 Thread 0x0000000016bba800 Thread exited: 0x0000000016bba800
Event: 3.905 Thread 0x0000000016bb3000 Uncommon trap: trap_request=0xffffff65 fr.pc=0x0000000002d528fc
Event: 3.905 Thread 0x0000000016bb3000 DEOPT PACKING pc=0x0000000002d528fc sp=0x000000001736ee90
Event: 3.905 Thread 0x0000000016bb3000 DEOPT UNPACKING pc=0x00000000029b556a sp=0x000000001736edc0 mode 2


Dynamic libraries:
0x00007ff631170000 - 0x00007ff6311a1000 	D:\Android\AndroidStudio\jre\bin\java.exe
0x00007ffb46030000 - 0x00007ffb461dd000 	C:\WINDOWS\SYSTEM32\ntdll.dll
0x00007ffb44000000 - 0x00007ffb4413e000 	C:\WINDOWS\system32\KERNEL32.DLL
0x00007ffb43330000 - 0x00007ffb43445000 	C:\WINDOWS\system32\KERNELBASE.dll
0x00007ffb43980000 - 0x00007ffb43a2a000 	C:\WINDOWS\system32\ADVAPI32.dll
0x00007ffb43e10000 - 0x00007ffb43f87000 	C:\WINDOWS\system32\USER32.dll
0x00007ffb40df0000 - 0x00007ffb4106a000 	C:\WINDOWS\WinSxS\amd64_microsoft.windows.common-controls_6595b64144ccf1df_6.0.9600.17810_none_6240b9c7ecbd0bda\COMCTL32.dll
0x00007ffb436b0000 - 0x00007ffb4375a000 	C:\WINDOWS\system32\msvcrt.dll
0x00007ffb43a30000 - 0x00007ffb43a89000 	C:\WINDOWS\SYSTEM32\sechost.dll
0x00007ffb44140000 - 0x00007ffb44280000 	C:\WINDOWS\system32\RPCRT4.dll
0x00007ffb45830000 - 0x00007ffb4597f000 	C:\WINDOWS\system32\GDI32.dll
0x00007ffb43630000 - 0x00007ffb4365e000 	C:\WINDOWS\system32\SspiCli.dll
0x00007ffb43af0000 - 0x00007ffb43b26000 	C:\WINDOWS\system32\IMM32.DLL
0x00007ffb45980000 - 0x00007ffb45ad2000 	C:\WINDOWS\system32\MSCTF.dll
0x000000006a4b0000 - 0x000000006a582000 	D:\Android\AndroidStudio\jre\jre\bin\msvcr100.dll
0x0000000069600000 - 0x0000000069e34000 	D:\Android\AndroidStudio\jre\jre\bin\server\jvm.dll
0x00007ffb3a960000 - 0x00007ffb3a969000 	C:\WINDOWS\SYSTEM32\WSOCK32.dll
0x00007ffb39250000 - 0x00007ffb39272000 	C:\WINDOWS\SYSTEM32\WINMM.dll
0x00007ffb3c820000 - 0x00007ffb3c82a000 	C:\WINDOWS\SYSTEM32\VERSION.dll
0x00007ffb43e00000 - 0x00007ffb43e07000 	C:\WINDOWS\system32\PSAPI.DLL
0x00007ffb44280000 - 0x00007ffb442da000 	C:\WINDOWS\system32\WS2_32.dll
0x00007ffb39150000 - 0x00007ffb3917a000 	C:\WINDOWS\SYSTEM32\WINMMBASE.dll
0x00007ffb45820000 - 0x00007ffb45829000 	C:\WINDOWS\system32\NSI.dll
0x00007ffb43660000 - 0x00007ffb436af000 	C:\WINDOWS\SYSTEM32\cfgmgr32.dll
0x00007ffb41f70000 - 0x00007ffb41f98000 	C:\WINDOWS\SYSTEM32\DEVOBJ.dll
0x00007ffb3dfa0000 - 0x00007ffb3dfaf000 	D:\Android\AndroidStudio\jre\jre\bin\verify.dll
0x00007ffb3bdb0000 - 0x00007ffb3bdd9000 	D:\Android\AndroidStudio\jre\jre\bin\java.dll
0x00007ffb3c710000 - 0x00007ffb3c726000 	D:\Android\AndroidStudio\jre\jre\bin\zip.dll
0x00007ffb442e0000 - 0x00007ffb45808000 	C:\WINDOWS\system32\SHELL32.dll
0x00007ffb43760000 - 0x00007ffb43971000 	C:\WINDOWS\SYSTEM32\combase.dll
0x00007ffb43a90000 - 0x00007ffb43ae4000 	C:\WINDOWS\system32\SHLWAPI.dll
0x00007ffb41790000 - 0x00007ffb41842000 	C:\WINDOWS\SYSTEM32\SHCORE.dll
0x00007ffb43150000 - 0x00007ffb43165000 	C:\WINDOWS\SYSTEM32\profapi.dll

VM Arguments:
jvm_args: -Djava.awt.headless=true -Xmx1024M -Dfile.encoding=windows-1252 -Duser.country=US -Duser.language=en -Duser.variant 
java_command: com.android.dx.command.Main --dex --force-jumbo --num-threads=4 --multi-dex --output D:\Mozilla Downloads\and-nd-firebase-1.00-starting-point\app\build\intermediates\transforms\dex\debug\folders\1000\5\slice_3 D:\Mozilla Downloads\and-nd-firebase-1.00-starting-point\app\build\intermediates\transforms\instantRunSlicer\debug\folders\1\5\slice_3
java_class_path (initial): D:\Android\sdk\build-tools\24.0.1\lib\dx.jar
Launcher Type: SUN_STANDARD

Environment Variables:
PATH=C:\ProgramData\Oracle\Java\javapath;C:\Program Files (x86)\Intel\iCLS Client\;C:\Program Files\Intel\iCLS Client\;C:\WINDOWS\system32;C:\WINDOWS;C:\WINDOWS\System32\Wbem;C:\WINDOWS\System32\WindowsPowerShell\v1.0\;C:\Program Files\Intel\Intel(R) Management Engine Components\DAL;C:\Program Files (x86)\Intel\Intel(R) Management Engine Components\DAL;C:\Program Files\Intel\Intel(R) Management Engine Components\IPT;C:\Program Files (x86)\Intel\Intel(R) Management Engine Components\IPT;C:\Users\Hamid-PC\AppData\Local\atom\bin
USERNAME=Hamid-PC
OS=Windows_NT
PROCESSOR_IDENTIFIER=Intel64 Family 6 Model 61 Stepping 4, GenuineIntel



---------------  S Y S T E M  ---------------

OS: Windows 8.1 , 64 bit Build 9600 (6.3.9600.17415)

CPU:total 4 (2 cores per cpu, 2 threads per core) family 6 model 61 stepping 4, cmov, cx8, fxsr, mmx, sse, sse2, sse3, ssse3, sse4.1, sse4.2, popcnt, avx, avx2, aes, clmul, erms, 3dnowpref, lzcnt, ht, tsc, tscinvbit, bmi1, bmi2, adx

Memory: 4k page, physical 4107980k(297692k free), swap 5209432k(5188k free)

vm_info: OpenJDK 64-Bit Server VM (25.76-b03) for windows-amd64 JRE (1.8.0_76-release-b03), built on Jun 29 2016 19:09:20 by "ralucas" with MS VC++ 10.0 (VS2010)

time: Sat Dec 24 01:39:42 2016
elapsed time: 3 seconds (0d 0h 0m 3s)

