#
# There is insufficient memory for the Java Runtime Environment to continue.
# Native memory allocation (malloc) failed to allocate 32744 bytes for ChunkPool::allocate
# Possible reasons:
#   The system is out of physical RAM or swap space
#   In 32 bit mode, the process size limit was hit
# Possible solutions:
#   Reduce memory load on the system
#   Increase physical memory or swap space
#   Check if swap backing store is full
#   Use 64 bit Java on a 64 bit OS
#   Decrease Java heap size (-Xmx/-Xms)
#   Decrease number of Java threads
#   Decrease Java thread stack sizes (-Xss)
#   Set larger code cache with -XX:ReservedCodeCacheSize=
# This output file may be truncated or incomplete.
#
#  Out of Memory Error (allocation.cpp:273), pid=3252, tid=0x0000000000001334
#
# JRE version: OpenJDK Runtime Environment (8.0_76-b03) (build 1.8.0_76-release-b03)
# Java VM: OpenJDK 64-Bit Server VM (25.76-b03 mixed mode windows-amd64 compressed oops)
# Failed to write core dump. Minidumps are not enabled by default on client versions of Windows
#

---------------  T H R E A D  ---------------

Current thread (0x000000001515b000):  JavaThread "C1 CompilerThread2" daemon [_thread_in_native, id=4916, stack(0x0000000016930000,0x0000000016a30000)]

Stack: [0x0000000016930000,0x0000000016a30000]
[error occurred during error reporting (printing stack bounds), id 0xc0000005]

Native frames: (J=compiled Java code, j=interpreted, Vv=VM code, C=native code)


Current CompileTask:
C1:   1250  153   !   3       com.android.dx.cf.cst.ConstantPoolParser::parse0 (731 bytes)


---------------  P R O C E S S  ---------------

Java Threads: ( => current thread )
  0x0000000016b94000 JavaThread "pool-2-thread-2" [_thread_new, id=1364, stack(0x0000000000000000,0x0000000000000000)]
  0x0000000016b91000 JavaThread "pool-3-thread-1" [_thread_new, id=5036, stack(0x0000000000000000,0x0000000000000000)]
  0x0000000016b8d000 JavaThread "pool-2-thread-1" [_thread_new, id=2212, stack(0x0000000000000000,0x0000000000000000)]
  0x0000000016a31800 JavaThread "Service Thread" daemon [_thread_blocked, id=1484, stack(0x0000000016e30000,0x0000000016f30000)]
=>0x000000001515b000 JavaThread "C1 CompilerThread2" daemon [_thread_in_native, id=4916, stack(0x0000000016930000,0x0000000016a30000)]
  0x00000000150ff000 JavaThread "C2 CompilerThread1" daemon [_thread_blocked, id=4516, stack(0x0000000016830000,0x0000000016930000)]
  0x00000000150fb800 JavaThread "C2 CompilerThread0" daemon [_thread_blocked, id=4744, stack(0x0000000016730000,0x0000000016830000)]
  0x00000000150fa800 JavaThread "Attach Listener" daemon [_thread_blocked, id=1468, stack(0x0000000016630000,0x0000000016730000)]
  0x00000000150f9000 JavaThread "Signal Dispatcher" daemon [_thread_blocked, id=4600, stack(0x0000000016530000,0x0000000016630000)]
  0x0000000002a2b800 JavaThread "Finalizer" daemon [_thread_blocked, id=4132, stack(0x0000000016350000,0x0000000016450000)]
  0x0000000002a21000 JavaThread "Reference Handler" daemon [_thread_blocked, id=4860, stack(0x0000000016250000,0x0000000016350000)]
  0x0000000002930800 JavaThread "main" [_thread_in_vm, id=1220, stack(0x0000000002810000,0x0000000002910000)]

Other Threads:
  0x00000000150c5000 VMThread [stack: 0x0000000016150000,0x0000000016250000] [id=4896]
  0x0000000016a32000 WatcherThread [stack: 0x0000000016f30000,0x0000000017030000] [id=4268]

VM state:not at safepoint (normal execution)

VM Mutex/Monitor currently owned by a thread: None

Heap:
 PSYoungGen      total 18944K, used 2975K [0x00000000eab00000, 0x00000000ec000000, 0x0000000100000000)
  eden space 16384K, 18% used [0x00000000eab00000,0x00000000eade7c00,0x00000000ebb00000)
  from space 2560K, 0% used [0x00000000ebd80000,0x00000000ebd80000,0x00000000ec000000)
  to   space 2560K, 0% used [0x00000000ebb00000,0x00000000ebb00000,0x00000000ebd80000)
 ParOldGen       total 44032K, used 0K [0x00000000c0000000, 0x00000000c2b00000, 0x00000000eab00000)
  object space 44032K, 0% used [0x00000000c0000000,0x00000000c0000000,0x00000000c2b00000)
 Metaspace       used 3660K, capacity 5040K, committed 5120K, reserved 1056768K
  class space    used 402K, capacity 488K, committed 512K, reserved 1048576K

Card table byte_map: [0x0000000011df0000,0x0000000012000000] byte_map_base: 0x00000000117f0000

Marking Bits: (ParMarkBitMap*) 0x0000000069db9d00
 Begin Bits: [0x0000000012560000, 0x0000000013560000)
 End Bits:   [0x0000000013560000, 0x0000000014560000)

Polling page: 0x0000000001080000

CodeCache: size=245760Kb used=1344Kb max_used=1355Kb free=244415Kb
 bounds [0x0000000002a30000, 0x0000000002ca0000, 0x0000000011a30000]
 total_blobs=403 nmethods=153 adapters=164
 compilation: enabled

Compilation events (10 events):
Event: 1.237 Thread 0x000000001515b000 nmethod 149 0x0000000002b7d650 code [0x0000000002b7d8c0, 0x0000000002b7e9c8]
Event: 1.237 Thread 0x000000001515b000  151       3       com.android.dx.rop.cst.Constant::<init> (5 bytes)
Event: 1.237 Thread 0x000000001515b000 nmethod 151 0x0000000002b7f2d0 code [0x0000000002b7f420, 0x0000000002b7f5d0]
Event: 1.237 Thread 0x000000001515b000  150       3       java.util.zip.InflaterInputStream::ensureOpen (18 bytes)
Event: 1.238 Thread 0x000000001515b000 nmethod 150 0x0000000002b7f690 code [0x0000000002b7f800, 0x0000000002b7fa68]
Event: 1.240 Thread 0x000000001515b000  152       1       com.android.dx.util.ByteArray::size (5 bytes)
Event: 1.240 Thread 0x000000001515b000 nmethod 152 0x0000000002b7fb50 code [0x0000000002b7fca0, 0x0000000002b7fdb0]
Event: 1.240 Thread 0x000000001515b000  153   !   3       com.android.dx.cf.cst.ConstantPoolParser::parse0 (731 bytes)
Event: 1.242 Thread 0x00000000150fb800  156       4       com.android.dx.util.ByteArray::checkOffsets (66 bytes)
Event: 1.243 Thread 0x00000000150fb800 nmethod 156 0x0000000002b82ad0 code [0x0000000002b82c00, 0x0000000002b82cb8]

GC Heap History (0 events):
No events

Deoptimization events (1 events):
Event: 1.235 Thread 0x0000000002930800 Uncommon trap: reason=unstable_if action=reinterpret pc=0x0000000002b66254 method=java.lang.String.indexOf(II)I @ 49

Internal exceptions (2 events):
Event: 0.273 Thread 0x0000000002930800 Exception <a 'java/lang/NoSuchMethodError': Method sun.misc.Unsafe.defineClass(Ljava/lang/String;[BII)Ljava/lang/Class; name or signature does not match> (0x00000000eab07cc0) thrown at [C:\src\android\AOSP-openjdk\external\jetbrains\jdk\hotspot\src\share\v‰û€1î}Ñ?
Event: 0.273 Thread 0x0000000002930800 Exception <a 'java/lang/NoSuchMethodError': Method sun.misc.Unsafe.prefetchRead(Ljava/lang/Object;J)V name or signature does not match> (0x00000000eab07fa8) thrown at [C:\src\android\AOSP-openjdk\external\jetbrains\jdk\hotspot\src\share\vm\prims\jni.cpp, l

Events (10 events):
Event: 1.221 loading class java/util/concurrent/ThreadPoolExecutor$Worker
Event: 1.221 loading class java/util/concurrent/ThreadPoolExecutor$Worker done
Event: 1.221 Thread 0x0000000016b8d000 Thread added: 0x0000000016b8d000
Event: 1.221 loading class com/android/dx/command/dexer/Main$ClassDefItemConsumer
Event: 1.221 loading class com/android/dx/command/dexer/Main$ClassDefItemConsumer done
Event: 1.229 Thread 0x0000000016b91000 Thread added: 0x0000000016b91000
Event: 1.234 Thread 0x0000000016b94000 Thread added: 0x0000000016b94000
Event: 1.235 Thread 0x0000000002930800 Uncommon trap: trap_request=0xffffff65 fr.pc=0x0000000002b66254
Event: 1.235 Thread 0x0000000002930800 DEOPT PACKING pc=0x0000000002b66254 sp=0x000000000290ea40
Event: 1.235 Thread 0x0000000002930800 DEOPT UNPACKING pc=0x0000000002a7556a sp=0x000000000290e9d8 mode 2


Dynamic libraries:
0x00007ff766640000 - 0x00007ff766671000 	D:\Android\AndroidStudio\jre\bin\java.exe
0x00007ffb46030000 - 0x00007ffb461dd000 	C:\WINDOWS\SYSTEM32\ntdll.dll
0x00007ffb44000000 - 0x00007ffb4413e000 	C:\WINDOWS\system32\KERNEL32.DLL
0x00007ffb43330000 - 0x00007ffb43445000 	C:\WINDOWS\system32\KERNELBASE.dll
0x00007ffb43980000 - 0x00007ffb43a2a000 	C:\WINDOWS\system32\ADVAPI32.dll
0x00007ffb43e10000 - 0x00007ffb43f87000 	C:\WINDOWS\system32\USER32.dll
0x00007ffb40df0000 - 0x00007ffb4106a000 	C:\WINDOWS\WinSxS\amd64_microsoft.windows.common-controls_6595b64144ccf1df_6.0.9600.17810_none_6240b9c7ecbd0bda\COMCTL32.dll
0x00007ffb436b0000 - 0x00007ffb4375a000 	C:\WINDOWS\system32\msvcrt.dll
0x00007ffb43a30000 - 0x00007ffb43a89000 	C:\WINDOWS\SYSTEM32\sechost.dll
0x00007ffb44140000 - 0x00007ffb44280000 	C:\WINDOWS\system32\RPCRT4.dll
0x00007ffb45830000 - 0x00007ffb4597f000 	C:\WINDOWS\system32\GDI32.dll
0x00007ffb43630000 - 0x00007ffb4365e000 	C:\WINDOWS\system32\SspiCli.dll
0x00007ffb43af0000 - 0x00007ffb43b26000 	C:\WINDOWS\system32\IMM32.DLL
0x00007ffb45980000 - 0x00007ffb45ad2000 	C:\WINDOWS\system32\MSCTF.dll
0x0000000069520000 - 0x00000000695f2000 	D:\Android\AndroidStudio\jre\jre\bin\msvcr100.dll
0x0000000069600000 - 0x0000000069e34000 	D:\Android\AndroidStudio\jre\jre\bin\server\jvm.dll
0x00007ffb3a960000 - 0x00007ffb3a969000 	C:\WINDOWS\SYSTEM32\WSOCK32.dll
0x00007ffb39250000 - 0x00007ffb39272000 	C:\WINDOWS\SYSTEM32\WINMM.dll
0x00007ffb3c820000 - 0x00007ffb3c82a000 	C:\WINDOWS\SYSTEM32\VERSION.dll
0x00007ffb43e00000 - 0x00007ffb43e07000 	C:\WINDOWS\system32\PSAPI.DLL
0x00007ffb44280000 - 0x00007ffb442da000 	C:\WINDOWS\system32\WS2_32.dll
0x00007ffb39150000 - 0x00007ffb3917a000 	C:\WINDOWS\SYSTEM32\WINMMBASE.dll
0x00007ffb45820000 - 0x00007ffb45829000 	C:\WINDOWS\system32\NSI.dll
0x00007ffb43660000 - 0x00007ffb436af000 	C:\WINDOWS\SYSTEM32\cfgmgr32.dll
0x00007ffb41f70000 - 0x00007ffb41f98000 	C:\WINDOWS\SYSTEM32\DEVOBJ.dll
0x00007ffb3f0a0000 - 0x00007ffb3f0af000 	D:\Android\AndroidStudio\jre\jre\bin\verify.dll
0x00007ffb3bae0000 - 0x00007ffb3bb09000 	D:\Android\AndroidStudio\jre\jre\bin\java.dll
0x00007ffb3ec30000 - 0x00007ffb3ec46000 	D:\Android\AndroidStudio\jre\jre\bin\zip.dll
0x00007ffb442e0000 - 0x00007ffb45808000 	C:\WINDOWS\system32\SHELL32.dll
0x00007ffb43760000 - 0x00007ffb43971000 	C:\WINDOWS\SYSTEM32\combase.dll
0x00007ffb43a90000 - 0x00007ffb43ae4000 	C:\WINDOWS\system32\SHLWAPI.dll
0x00007ffb41790000 - 0x00007ffb41842000 	C:\WINDOWS\SYSTEM32\SHCORE.dll
0x00007ffb43150000 - 0x00007ffb43165000 	C:\WINDOWS\SYSTEM32\profapi.dll

VM Arguments:
jvm_args: -Djava.awt.headless=true -Xmx1024M -Dfile.encoding=windows-1252 -Duser.country=US -Duser.language=en -Duser.variant 
java_command: com.android.dx.command.Main --dex --force-jumbo --num-threads=4 --multi-dex --output D:\Mozilla Downloads\and-nd-firebase-1.00-starting-point\app\build\intermediates\transforms\dex\debug\folders\1000\10\com.android.support-support-vector-drawable-25.0.1_03f77d3bf966d6184f26dd2190a60583fc9e44c1 D:\Mozilla Downloads\and-nd-firebase-1.00-starting-point\app\build\intermediates\exploded-aar\com.android.support\support-vector-drawable\25.0.1\jars\classes.jar
java_class_path (initial): D:\Android\sdk\build-tools\24.0.1\lib\dx.jar
Launcher Type: SUN_STANDARD

Environment Variables:
PATH=C:\ProgramData\Oracle\Java\javapath;C:\Program Files (x86)\Intel\iCLS Client\;C:\Program Files\Intel\iCLS Client\;C:\WINDOWS\system32;C:\WINDOWS;C:\WINDOWS\System32\Wbem;C:\WINDOWS\System32\WindowsPowerShell\v1.0\;C:\Program Files\Intel\Intel(R) Management Engine Components\DAL;C:\Program Files (x86)\Intel\Intel(R) Management Engine Components\DAL;C:\Program Files\Intel\Intel(R) Management Engine Components\IPT;C:\Program Files (x86)\Intel\Intel(R) Management Engine Components\IPT;C:\Program Files\Microsoft SQL Server\110\Tools\Binn\
USERNAME=Hamid-PC
OS=Windows_NT
PROCESSOR_IDENTIFIER=Intel64 Family 6 Model 61 Stepping 4, GenuineIntel



---------------  S Y S T E M  ---------------

OS: Windows 8.1 , 64 bit Build 9600 (6.3.9600.17415)

CPU:total 4 (2 cores per cpu, 2 threads per core) family 6 model 61 stepping 4, cmov, cx8, fxsr, mmx, sse, sse2, sse3, ssse3, sse4.1, sse4.2, popcnt, avx, avx2, aes, clmul, erms, 3dnowpref, lzcnt, ht, tsc, tscinvbit, bmi1, bmi2, adx

Memory: 4k page, physical 4107980k(159748k free), swap 5209432k(5108k free)

vm_info: OpenJDK 64-Bit Server VM (25.76-b03) for windows-amd64 JRE (1.8.0_76-release-b03), built on Jun 29 2016 19:09:20 by "ralucas" with MS VC++ 10.0 (VS2010)

time: Thu Dec 22 18:21:33 2016
elapsed time: 1 seconds (0d 0h 0m 1s)

