#
# There is insufficient memory for the Java Runtime Environment to continue.
# Native memory allocation (malloc) failed to allocate 191536 bytes for Chunk::new
# Possible reasons:
#   The system is out of physical RAM or swap space
#   In 32 bit mode, the process size limit was hit
# Possible solutions:
#   Reduce memory load on the system
#   Increase physical memory or swap space
#   Check if swap backing store is full
#   Use 64 bit Java on a 64 bit OS
#   Decrease Java heap size (-Xmx/-Xms)
#   Decrease number of Java threads
#   Decrease Java thread stack sizes (-Xss)
#   Set larger code cache with -XX:ReservedCodeCacheSize=
# This output file may be truncated or incomplete.
#
#  Out of Memory Error (allocation.cpp:390), pid=5212, tid=0x00000000000010cc
#
# JRE version: OpenJDK Runtime Environment (8.0_76-b03) (build 1.8.0_76-release-b03)
# Java VM: OpenJDK 64-Bit Server VM (25.76-b03 mixed mode windows-amd64 compressed oops)
# Failed to write core dump. Minidumps are not enabled by default on client versions of Windows
#

---------------  T H R E A D  ---------------

Current thread (0x000000001478e800):  JavaThread "C2 CompilerThread1" daemon [_thread_in_native, id=4300, stack(0x0000000015ee0000,0x0000000015fe0000)]

Stack: [0x0000000015ee0000,0x0000000015fe0000]
[error occurred during error reporting (printing stack bounds), id 0xc0000005]

Native frames: (J=compiled Java code, j=interpreted, Vv=VM code, C=native code)


Current CompileTask:
C2:   4698  888       4       com.android.dx.ssa.back.LivenessAnalyzer::handleTailRecursion (94 bytes)


---------------  P R O C E S S  ---------------

Java Threads: ( => current thread )
  0x0000000016241000 JavaThread "pool-2-thread-3" [_thread_in_Java, id=2380, stack(0x00000000169e0000,0x0000000016ae0000)]
  0x0000000016240000 JavaThread "pool-2-thread-2" [_thread_in_Java, id=1252, stack(0x00000000168e0000,0x00000000169e0000)]
  0x0000000016239000 JavaThread "pool-3-thread-1" [_thread_blocked, id=2824, stack(0x00000000167e0000,0x00000000168e0000)]
  0x0000000016236800 JavaThread "pool-2-thread-1" [_thread_in_vm, id=5932, stack(0x00000000166e0000,0x00000000167e0000)]
  0x00000000147ee800 JavaThread "Service Thread" daemon [_thread_blocked, id=5404, stack(0x00000000164e0000,0x00000000165e0000)]
  0x00000000147df000 JavaThread "C1 CompilerThread2" daemon [_thread_blocked, id=6140, stack(0x0000000015fe0000,0x00000000160e0000)]
=>0x000000001478e800 JavaThread "C2 CompilerThread1" daemon [_thread_in_native, id=4300, stack(0x0000000015ee0000,0x0000000015fe0000)]
  0x000000001478a800 JavaThread "C2 CompilerThread0" daemon [_thread_blocked, id=2756, stack(0x0000000015de0000,0x0000000015ee0000)]
  0x0000000014789800 JavaThread "Attach Listener" daemon [_thread_blocked, id=6112, stack(0x0000000015ce0000,0x0000000015de0000)]
  0x0000000014788800 JavaThread "Signal Dispatcher" daemon [_thread_blocked, id=828, stack(0x0000000015be0000,0x0000000015ce0000)]
  0x0000000014778000 JavaThread "Finalizer" daemon [_thread_blocked, id=3544, stack(0x0000000015a00000,0x0000000015b00000)]
  0x00000000020af000 JavaThread "Reference Handler" daemon [_thread_blocked, id=5744, stack(0x0000000015900000,0x0000000015a00000)]
  0x0000000001fc0800 JavaThread "main" [_thread_blocked, id=2224, stack(0x0000000001e70000,0x0000000001f70000)]

Other Threads:
  0x0000000014755800 VMThread [stack: 0x0000000015800000,0x0000000015900000] [id=4976]
  0x00000000160ec000 WatcherThread [stack: 0x00000000165e0000,0x00000000166e0000] [id=1164]

VM state:not at safepoint (normal execution)

VM Mutex/Monitor currently owned by a thread: None

Heap:
 PSYoungGen      total 18944K, used 6081K [0x00000000eab00000, 0x00000000ec000000, 0x0000000100000000)
  eden space 16384K, 21% used [0x00000000eab00000,0x00000000eae783f0,0x00000000ebb00000)
  from space 2560K, 98% used [0x00000000ebb00000,0x00000000ebd78038,0x00000000ebd80000)
  to   space 2560K, 0% used [0x00000000ebd80000,0x00000000ebd80000,0x00000000ec000000)
 ParOldGen       total 44032K, used 1645K [0x00000000c0000000, 0x00000000c2b00000, 0x00000000eab00000)
  object space 44032K, 3% used [0x00000000c0000000,0x00000000c019b638,0x00000000c2b00000)
 Metaspace       used 5603K, capacity 6768K, committed 7040K, reserved 1056768K
  class space    used 558K, capacity 616K, committed 640K, reserved 1048576K

Card table byte_map: [0x0000000011480000,0x0000000011690000] byte_map_base: 0x0000000010e80000

Marking Bits: (ParMarkBitMap*) 0x0000000069db9d00
 Begin Bits: [0x0000000011bf0000, 0x0000000012bf0000)
 End Bits:   [0x0000000012bf0000, 0x0000000013bf0000)

Polling page: 0x00000000006f0000

CodeCache: size=245760Kb used=3755Kb max_used=3764Kb free=242004Kb
 bounds [0x00000000020c0000, 0x0000000002470000, 0x00000000110c0000]
 total_blobs=1187 nmethods=924 adapters=176
 compilation: disabled (not enough contiguous free space left)

Compilation events (10 events):
Event: 4.268 Thread 0x00000000147df000 nmethod 930 0x00000000024683d0 code [0x0000000002468540, 0x0000000002468908]
Event: 4.268 Thread 0x00000000147df000  928       3       com.android.dx.cf.code.Simulator$SimVisitor::visitConstant (332 bytes)
Event: 4.657 Thread 0x00000000147df000 nmethod 928 0x0000000002468a10 code [0x0000000002468d40, 0x000000000246ac58]
Event: 4.657 Thread 0x00000000147df000  932       3       sun.misc.VM::addFinalRefCount (24 bytes)
Event: 4.657 Thread 0x00000000147df000 nmethod 932 0x000000000246b8d0 code [0x000000000246ba20, 0x000000000246bbd0]
Event: 4.657 Thread 0x00000000147df000  935   !   3       java.lang.ref.Reference::tryHandlePending (115 bytes)
Event: 4.659 Thread 0x00000000147df000 nmethod 935 0x000000000246bc50 code [0x000000000246be80, 0x000000000246cb28]
Event: 4.659 Thread 0x00000000147df000  933   !   3       java.util.zip.ZipFile$ZipFileInflaterInputStream::close (67 bytes)
Event: 4.661 Thread 0x00000000147df000 nmethod 933 0x000000000246f210 code [0x000000000246f3e0, 0x000000000246fbd8]
Event: 4.662 Thread 0x000000001478a800 


GC Heap History (2 events):
Event: 4.381 GC heap before
{Heap before GC invocations=1 (full 0):
 PSYoungGen      total 18944K, used 16384K [0x00000000eab00000, 0x00000000ec000000, 0x0000000100000000)
  eden space 16384K, 100% used [0x00000000eab00000,0x00000000ebb00000,0x00000000ebb00000)
  from space 2560K, 0% used [0x00000000ebd80000,0x00000000ebd80000,0x00000000ec000000)
  to   space 2560K, 0% used [0x00000000ebb00000,0x00000000ebb00000,0x00000000ebd80000)
 ParOldGen       total 44032K, used 0K [0x00000000c0000000, 0x00000000c2b00000, 0x00000000eab00000)
  object space 44032K, 0% used [0x00000000c0000000,0x00000000c0000000,0x00000000c2b00000)
 Metaspace       used 5576K, capacity 6768K, committed 7040K, reserved 1056768K
  class space    used 558K, capacity 616K, committed 640K, reserved 1048576K
Event: 4.654 GC heap after
Heap after GC invocations=1 (full 0):
 PSYoungGen      total 18944K, used 2528K [0x00000000eab00000, 0x00000000ec000000, 0x0000000100000000)
  eden space 16384K, 0% used [0x00000000eab00000,0x00000000eab00000,0x00000000ebb00000)
  from space 2560K, 98% used [0x00000000ebb00000,0x00000000ebd78038,0x00000000ebd80000)
  to   space 2560K, 0% used [0x00000000ebd80000,0x00000000ebd80000,0x00000000ec000000)
 ParOldGen       total 44032K, used 1645K [0x00000000c0000000, 0x00000000c2b00000, 0x00000000eab00000)
  object space 44032K, 3% used [0x00000000c0000000,0x00000000c019b638,0x00000000c2b00000)
 Metaspace       used 5576K, capacity 6768K, committed 7040K, reserved 1056768K
  class space    used 558K, capacity 616K, committed 640K, reserved 1048576K
}

Deoptimization events (6 events):
Event: 2.082 Thread 0x0000000001fc0800 Uncommon trap: reason=unstable_if action=reinterpret pc=0x00000000021f5f94 method=java.lang.String.indexOf(II)I @ 49
Event: 3.402 Thread 0x0000000001fc0800 Uncommon trap: reason=unstable_if action=reinterpret pc=0x00000000022a34f8 method=java.util.HashMap.getNode(ILjava/lang/Object;)Ljava/util/HashMap$Node; @ 62
Event: 3.517 Thread 0x0000000001fc0800 Uncommon trap: reason=unstable_if action=reinterpret pc=0x00000000022d6130 method=java.util.BitSet.nextSetBit(I)I @ 87
Event: 4.166 Thread 0x0000000016241000 Uncommon trap: reason=unstable_if action=reinterpret pc=0x000000000230b6f4 method=java.util.BitSet.ensureCapacity(I)V @ 6
Event: 4.668 Thread 0x0000000016236800 Uncommon trap: reason=null_check action=make_not_entrant pc=0x000000000243402c method=com.android.dx.ssa.SsaRenamer.getLocalForNewReg(I)Lcom/android/dx/rop/code/LocalItem; @ 19
Event: 4.671 Thread 0x0000000016236800 Uncommon trap: reason=unstable_if action=reinterpret pc=0x00000000023d40dc method=com.android.dx.rop.cst.Constant.compareTo(Lcom/android/dx/rop/cst/Constant;)I @ 12

Internal exceptions (3 events):
Event: 0.363 Thread 0x0000000001fc0800 Exception <a 'java/lang/NoSuchMethodError': Method sun.misc.Unsafe.defineClass(Ljava/lang/String;[BII)Ljava/lang/Class; name or signature does not match> (0x00000000eab07cc0) thrown at [C:\src\android\AOSP-openjdk\external\jetbrains\jdk\hotspot\src\share\vüðã¥@×?
Event: 0.363 Thread 0x0000000001fc0800 Exception <a 'java/lang/NoSuchMethodError': Method sun.misc.Unsafe.prefetchRead(Ljava/lang/Object;J)V name or signature does not match> (0x00000000eab07fa8) thrown at [C:\src\android\AOSP-openjdk\external\jetbrains\jdk\hotspot\src\share\vm\prims\jni.cpp, l‡=D¬@
Event: 4.668 Thread 0x0000000016236800 Implicit null exception at 0x0000000002431ae1 to 0x0000000002433fe5

Events (10 events):
Event: 4.654 Executing VM operation: ParallelGCFailedAllocation done
Event: 4.668 Thread 0x0000000016236800 Uncommon trap: trap_request=0xfffffff4 fr.pc=0x000000000243402c
Event: 4.668 Thread 0x0000000016236800 DEOPT PACKING pc=0x000000000243402c sp=0x00000000167de620
Event: 4.668 Thread 0x0000000016236800 DEOPT UNPACKING pc=0x000000000210556a sp=0x00000000167de478 mode 2
Event: 4.671 Thread 0x0000000016236800 Uncommon trap: trap_request=0xffffff65 fr.pc=0x00000000023d40dc
Event: 4.671 Thread 0x0000000016236800 DEOPT PACKING pc=0x00000000023d40dc sp=0x00000000167de3e0
Event: 4.671 Thread 0x0000000016236800 DEOPT UNPACKING pc=0x000000000210556a sp=0x00000000167de380 mode 2
Event: 4.682 Thread 0x0000000016334800 Thread exited: 0x0000000016334800
Event: 4.686 loading class com/android/dx/rop/code/RegOps
Event: 4.686 loading class com/android/dx/rop/code/RegOps done


Dynamic libraries:
0x00007ff766640000 - 0x00007ff766671000 	D:\Android\AndroidStudio\jre\bin\java.exe
0x00007ffb46030000 - 0x00007ffb461dd000 	C:\WINDOWS\SYSTEM32\ntdll.dll
0x00007ffb44000000 - 0x00007ffb4413e000 	C:\WINDOWS\system32\KERNEL32.DLL
0x00007ffb43330000 - 0x00007ffb43445000 	C:\WINDOWS\system32\KERNELBASE.dll
0x00007ffb43980000 - 0x00007ffb43a2a000 	C:\WINDOWS\system32\ADVAPI32.dll
0x00007ffb43e10000 - 0x00007ffb43f87000 	C:\WINDOWS\system32\USER32.dll
0x00007ffb40df0000 - 0x00007ffb4106a000 	C:\WINDOWS\WinSxS\amd64_microsoft.windows.common-controls_6595b64144ccf1df_6.0.9600.17810_none_6240b9c7ecbd0bda\COMCTL32.dll
0x00007ffb436b0000 - 0x00007ffb4375a000 	C:\WINDOWS\system32\msvcrt.dll
0x00007ffb43a30000 - 0x00007ffb43a89000 	C:\WINDOWS\SYSTEM32\sechost.dll
0x00007ffb44140000 - 0x00007ffb44280000 	C:\WINDOWS\system32\RPCRT4.dll
0x00007ffb45830000 - 0x00007ffb4597f000 	C:\WINDOWS\system32\GDI32.dll
0x00007ffb43630000 - 0x00007ffb4365e000 	C:\WINDOWS\system32\SspiCli.dll
0x00007ffb43af0000 - 0x00007ffb43b26000 	C:\WINDOWS\system32\IMM32.DLL
0x00007ffb45980000 - 0x00007ffb45ad2000 	C:\WINDOWS\system32\MSCTF.dll
0x0000000069520000 - 0x00000000695f2000 	D:\Android\AndroidStudio\jre\jre\bin\msvcr100.dll
0x0000000069600000 - 0x0000000069e34000 	D:\Android\AndroidStudio\jre\jre\bin\server\jvm.dll
0x00007ffb3a960000 - 0x00007ffb3a969000 	C:\WINDOWS\SYSTEM32\WSOCK32.dll
0x00007ffb39250000 - 0x00007ffb39272000 	C:\WINDOWS\SYSTEM32\WINMM.dll
0x00007ffb3c820000 - 0x00007ffb3c82a000 	C:\WINDOWS\SYSTEM32\VERSION.dll
0x00007ffb43e00000 - 0x00007ffb43e07000 	C:\WINDOWS\system32\PSAPI.DLL
0x00007ffb44280000 - 0x00007ffb442da000 	C:\WINDOWS\system32\WS2_32.dll
0x00007ffb39150000 - 0x00007ffb3917a000 	C:\WINDOWS\SYSTEM32\WINMMBASE.dll
0x00007ffb45820000 - 0x00007ffb45829000 	C:\WINDOWS\system32\NSI.dll
0x00007ffb43660000 - 0x00007ffb436af000 	C:\WINDOWS\SYSTEM32\cfgmgr32.dll
0x00007ffb41f70000 - 0x00007ffb41f98000 	C:\WINDOWS\SYSTEM32\DEVOBJ.dll
0x00007ffb3f0a0000 - 0x00007ffb3f0af000 	D:\Android\AndroidStudio\jre\jre\bin\verify.dll
0x00007ffb3bae0000 - 0x00007ffb3bb09000 	D:\Android\AndroidStudio\jre\jre\bin\java.dll
0x00007ffb3ec30000 - 0x00007ffb3ec46000 	D:\Android\AndroidStudio\jre\jre\bin\zip.dll
0x00007ffb442e0000 - 0x00007ffb45808000 	C:\WINDOWS\system32\SHELL32.dll
0x00007ffb43760000 - 0x00007ffb43971000 	C:\WINDOWS\SYSTEM32\combase.dll
0x00007ffb43a90000 - 0x00007ffb43ae4000 	C:\WINDOWS\system32\SHLWAPI.dll
0x00007ffb41790000 - 0x00007ffb41842000 	C:\WINDOWS\SYSTEM32\SHCORE.dll
0x00007ffb43150000 - 0x00007ffb43165000 	C:\WINDOWS\SYSTEM32\profapi.dll

VM Arguments:
jvm_args: -Djava.awt.headless=true -Xmx1024M -Dfile.encoding=windows-1252 -Duser.country=US -Duser.language=en -Duser.variant 
java_command: com.android.dx.command.Main --dex --force-jumbo --num-threads=4 --multi-dex --output D:\Mozilla Downloads\and-nd-firebase-1.00-starting-point\app\build\intermediates\transforms\dex\debug\folders\1000\10\internal_impl-25.0.1_6a3d907ed9e8f7e4e0a066a386a9a339cde0784f D:\Mozilla Downloads\and-nd-firebase-1.00-starting-point\app\build\intermediates\exploded-aar\com.android.support\support-core-utils\25.0.1\jars\libs\internal_impl-25.0.1.jar
java_class_path (initial): D:\Android\sdk\build-tools\24.0.1\lib\dx.jar
Launcher Type: SUN_STANDARD

Environment Variables:
PATH=C:\ProgramData\Oracle\Java\javapath;C:\Program Files (x86)\Intel\iCLS Client\;C:\Program Files\Intel\iCLS Client\;C:\WINDOWS\system32;C:\WINDOWS;C:\WINDOWS\System32\Wbem;C:\WINDOWS\System32\WindowsPowerShell\v1.0\;C:\Program Files\Intel\Intel(R) Management Engine Components\DAL;C:\Program Files (x86)\Intel\Intel(R) Management Engine Components\DAL;C:\Program Files\Intel\Intel(R) Management Engine Components\IPT;C:\Program Files (x86)\Intel\Intel(R) Management Engine Components\IPT;C:\Program Files\Microsoft SQL Server\110\Tools\Binn\
USERNAME=Hamid-PC
OS=Windows_NT
PROCESSOR_IDENTIFIER=Intel64 Family 6 Model 61 Stepping 4, GenuineIntel



---------------  S Y S T E M  ---------------

OS: Windows 8.1 , 64 bit Build 9600 (6.3.9600.17415)

CPU:total 4 (2 cores per cpu, 2 threads per core) family 6 model 61 stepping 4, cmov, cx8, fxsr, mmx, sse, sse2, sse3, ssse3, sse4.1, sse4.2, popcnt, avx, avx2, aes, clmul, erms, 3dnowpref, lzcnt, ht, tsc, tscinvbit, bmi1, bmi2, adx

Memory: 4k page, physical 4107980k(161476k free), swap 5209432k(4852k free)

vm_info: OpenJDK 64-Bit Server VM (25.76-b03) for windows-amd64 JRE (1.8.0_76-release-b03), built on Jun 29 2016 19:09:20 by "ralucas" with MS VC++ 10.0 (VS2010)

time: Thu Dec 22 18:33:36 2016
elapsed time: 4 seconds (0d 0h 0m 4s)

