#
# There is insufficient memory for the Java Runtime Environment to continue.
# Native memory allocation (malloc) failed to allocate 32744 bytes for ChunkPool::allocate
# Possible reasons:
#   The system is out of physical RAM or swap space
#   In 32 bit mode, the process size limit was hit
# Possible solutions:
#   Reduce memory load on the system
#   Increase physical memory or swap space
#   Check if swap backing store is full
#   Use 64 bit Java on a 64 bit OS
#   Decrease Java heap size (-Xmx/-Xms)
#   Decrease number of Java threads
#   Decrease Java thread stack sizes (-Xss)
#   Set larger code cache with -XX:ReservedCodeCacheSize=
# This output file may be truncated or incomplete.
#
#  Out of Memory Error (allocation.cpp:273), pid=6004, tid=0x0000000000001428
#
# JRE version: OpenJDK Runtime Environment (8.0_76-b03) (build 1.8.0_76-release-b03)
# Java VM: OpenJDK 64-Bit Server VM (25.76-b03 mixed mode windows-amd64 compressed oops)
# Failed to write core dump. Minidumps are not enabled by default on client versions of Windows
#

---------------  T H R E A D  ---------------

Current thread (0x00000000147ca800):  JavaThread "C2 CompilerThread0" daemon [_thread_in_native, id=5160, stack(0x0000000015e00000,0x0000000015f00000)]

Stack: [0x0000000015e00000,0x0000000015f00000]
[error occurred during error reporting (printing stack bounds), id 0xc0000005]

Native frames: (J=compiled Java code, j=interpreted, Vv=VM code, C=native code)


Current CompileTask:
C2:    528   72       4       java.lang.String::charAt (29 bytes)


---------------  P R O C E S S  ---------------

Java Threads: ( => current thread )
  0x000000001482e800 JavaThread "Service Thread" daemon [_thread_blocked, id=2904, stack(0x0000000016500000,0x0000000016600000)]
  0x000000001482a800 JavaThread "C1 CompilerThread2" daemon [_thread_blocked, id=1392, stack(0x0000000016000000,0x0000000016100000)]
  0x000000001481c800 JavaThread "C2 CompilerThread1" daemon [_thread_blocked, id=3892, stack(0x0000000015f00000,0x0000000016000000)]
=>0x00000000147ca800 JavaThread "C2 CompilerThread0" daemon [_thread_in_native, id=5160, stack(0x0000000015e00000,0x0000000015f00000)]
  0x00000000147c9000 JavaThread "Attach Listener" daemon [_thread_blocked, id=80, stack(0x0000000015d00000,0x0000000015e00000)]
  0x00000000147c8000 JavaThread "Signal Dispatcher" daemon [_thread_blocked, id=2012, stack(0x0000000015c00000,0x0000000015d00000)]
  0x00000000147b8000 JavaThread "Finalizer" daemon [_thread_blocked, id=1808, stack(0x0000000015a20000,0x0000000015b20000)]
  0x00000000020ef000 JavaThread "Reference Handler" daemon [_thread_blocked, id=4412, stack(0x0000000015920000,0x0000000015a20000)]
  0x0000000002000800 JavaThread "main" [_thread_in_vm, id=4804, stack(0x0000000001e70000,0x0000000001f70000)]

Other Threads:
  0x0000000014795800 VMThread [stack: 0x0000000015820000,0x0000000015920000] [id=4260]
  0x000000001610c000 WatcherThread [stack: 0x0000000016600000,0x0000000016700000] [id=1888]

VM state:not at safepoint (normal execution)

VM Mutex/Monitor currently owned by a thread: None

Heap:
 PSYoungGen      total 18944K, used 1659K [0x00000000eab00000, 0x00000000ec000000, 0x0000000100000000)
  eden space 16384K, 10% used [0x00000000eab00000,0x00000000eac9edf0,0x00000000ebb00000)
  from space 2560K, 0% used [0x00000000ebd80000,0x00000000ebd80000,0x00000000ec000000)
  to   space 2560K, 0% used [0x00000000ebb00000,0x00000000ebb00000,0x00000000ebd80000)
 ParOldGen       total 44032K, used 0K [0x00000000c0000000, 0x00000000c2b00000, 0x00000000eab00000)
  object space 44032K, 0% used [0x00000000c0000000,0x00000000c0000000,0x00000000c2b00000)
 Metaspace       used 3108K, capacity 4720K, committed 4864K, reserved 1056768K
  class space    used 331K, capacity 424K, committed 512K, reserved 1048576K

Card table byte_map: [0x00000000114c0000,0x00000000116d0000] byte_map_base: 0x0000000010ec0000

Marking Bits: (ParMarkBitMap*) 0x0000000069db9d00
 Begin Bits: [0x0000000011c30000, 0x0000000012c30000)
 End Bits:   [0x0000000012c30000, 0x0000000013c30000)

Polling page: 0x0000000000690000

CodeCache: size=245760Kb used=1195Kb max_used=1195Kb free=244564Kb
 bounds [0x0000000002100000, 0x0000000002370000, 0x0000000011100000]
 total_blobs=309 nmethods=71 adapters=152
 compilation: enabled

Compilation events (10 events):
Event: 0.514 Thread 0x000000001482a800   67       3       java.lang.AbstractStringBuilder::<init> (12 bytes)
Event: 0.515 Thread 0x000000001482a800 nmethod 67 0x0000000002227350 code [0x00000000022274c0, 0x0000000002227710]
Event: 0.516 Thread 0x000000001482a800   68       3       java.lang.String::substring (79 bytes)
Event: 0.516 Thread 0x000000001482a800 nmethod 68 0x00000000022277d0 code [0x0000000002227980, 0x0000000002227e18]
Event: 0.517 Thread 0x000000001482a800   69       3       java.util.concurrent.ConcurrentHashMap$Node::<init> (26 bytes)
Event: 0.518 Thread 0x000000001482a800 nmethod 69 0x0000000002228050 code [0x00000000022281a0, 0x0000000002228390]
Event: 0.518 Thread 0x000000001482a800   70       1       java.lang.ref.Reference::get (5 bytes)
Event: 0.518 Thread 0x000000001482a800 nmethod 70 0x0000000002228450 code [0x00000000022285a0, 0x00000000022286b0]
Event: 0.521 Thread 0x000000001482a800   71   !   3       java.util.concurrent.ConcurrentHashMap::putVal (362 bytes)
Event: 0.525 Thread 0x00000000147ca800   72       4       java.lang.String::charAt (29 bytes)

GC Heap History (0 events):
No events

Deoptimization events (0 events):
No events

Internal exceptions (2 events):
Event: 0.112 Thread 0x0000000002000800 Exception <a 'java/lang/NoSuchMethodError': Method sun.misc.Unsafe.defineClass(Ljava/lang/String;[BII)Ljava/lang/Class; name or signature does not match> (0x00000000eab07cc0) thrown at [C:\src\android\AOSP-openjdk\external\jetbrains\jdk\hotspot\src\share\vt÷è◊†º?
Event: 0.112 Thread 0x0000000002000800 Exception <a 'java/lang/NoSuchMethodError': Method sun.misc.Unsafe.prefetchRead(Ljava/lang/Object;J)V name or signature does not match> (0x00000000eab07fa8) thrown at [C:\src\android\AOSP-openjdk\external\jetbrains\jdk\hotspot\src\share\vm\prims\jni.cpp, l

Events (10 events):
Event: 0.515 loading class com/android/dex/DexIndexOverflowException
Event: 0.515 loading class com/android/dex/DexIndexOverflowException done
Event: 0.517 loading class com/android/dx/dex/file/ProtoIdsSection
Event: 0.517 loading class com/android/dx/dex/file/ProtoIdsSection done
Event: 0.520 loading class java/lang/UnsupportedOperationException
Event: 0.521 loading class java/lang/UnsupportedOperationException done
Event: 0.524 loading class com/android/dx/dex/file/FieldIdsSection
Event: 0.524 loading class com/android/dx/dex/file/FieldIdsSection done
Event: 0.525 loading class com/android/dx/dex/file/MemberIdsSection
Event: 0.525 loading class com/android/dx/dex/file/MemberIdsSection done


Dynamic libraries:
0x00007ff766640000 - 0x00007ff766671000 	D:\Android\AndroidStudio\jre\bin\java.exe
0x00007ffb46030000 - 0x00007ffb461dd000 	C:\WINDOWS\SYSTEM32\ntdll.dll
0x00007ffb44000000 - 0x00007ffb4413e000 	C:\WINDOWS\system32\KERNEL32.DLL
0x00007ffb43330000 - 0x00007ffb43445000 	C:\WINDOWS\system32\KERNELBASE.dll
0x00007ffb43980000 - 0x00007ffb43a2a000 	C:\WINDOWS\system32\ADVAPI32.dll
0x00007ffb43e10000 - 0x00007ffb43f87000 	C:\WINDOWS\system32\USER32.dll
0x00007ffb40df0000 - 0x00007ffb4106a000 	C:\WINDOWS\WinSxS\amd64_microsoft.windows.common-controls_6595b64144ccf1df_6.0.9600.17810_none_6240b9c7ecbd0bda\COMCTL32.dll
0x00007ffb436b0000 - 0x00007ffb4375a000 	C:\WINDOWS\system32\msvcrt.dll
0x00007ffb43a30000 - 0x00007ffb43a89000 	C:\WINDOWS\SYSTEM32\sechost.dll
0x00007ffb44140000 - 0x00007ffb44280000 	C:\WINDOWS\system32\RPCRT4.dll
0x00007ffb45830000 - 0x00007ffb4597f000 	C:\WINDOWS\system32\GDI32.dll
0x00007ffb43630000 - 0x00007ffb4365e000 	C:\WINDOWS\system32\SspiCli.dll
0x00007ffb43af0000 - 0x00007ffb43b26000 	C:\WINDOWS\system32\IMM32.DLL
0x00007ffb45980000 - 0x00007ffb45ad2000 	C:\WINDOWS\system32\MSCTF.dll
0x0000000069520000 - 0x00000000695f2000 	D:\Android\AndroidStudio\jre\jre\bin\msvcr100.dll
0x0000000069600000 - 0x0000000069e34000 	D:\Android\AndroidStudio\jre\jre\bin\server\jvm.dll
0x00007ffb3a960000 - 0x00007ffb3a969000 	C:\WINDOWS\SYSTEM32\WSOCK32.dll
0x00007ffb39250000 - 0x00007ffb39272000 	C:\WINDOWS\SYSTEM32\WINMM.dll
0x00007ffb3c820000 - 0x00007ffb3c82a000 	C:\WINDOWS\SYSTEM32\VERSION.dll
0x00007ffb43e00000 - 0x00007ffb43e07000 	C:\WINDOWS\system32\PSAPI.DLL
0x00007ffb44280000 - 0x00007ffb442da000 	C:\WINDOWS\system32\WS2_32.dll
0x00007ffb39150000 - 0x00007ffb3917a000 	C:\WINDOWS\SYSTEM32\WINMMBASE.dll
0x00007ffb45820000 - 0x00007ffb45829000 	C:\WINDOWS\system32\NSI.dll
0x00007ffb43660000 - 0x00007ffb436af000 	C:\WINDOWS\SYSTEM32\cfgmgr32.dll
0x00007ffb41f70000 - 0x00007ffb41f98000 	C:\WINDOWS\SYSTEM32\DEVOBJ.dll
0x00007ffb3f0a0000 - 0x00007ffb3f0af000 	D:\Android\AndroidStudio\jre\jre\bin\verify.dll
0x00007ffb3bae0000 - 0x00007ffb3bb09000 	D:\Android\AndroidStudio\jre\jre\bin\java.dll
0x00007ffb3ec30000 - 0x00007ffb3ec46000 	D:\Android\AndroidStudio\jre\jre\bin\zip.dll
0x00007ffb442e0000 - 0x00007ffb45808000 	C:\WINDOWS\system32\SHELL32.dll
0x00007ffb43760000 - 0x00007ffb43971000 	C:\WINDOWS\SYSTEM32\combase.dll
0x00007ffb43a90000 - 0x00007ffb43ae4000 	C:\WINDOWS\system32\SHLWAPI.dll
0x00007ffb41790000 - 0x00007ffb41842000 	C:\WINDOWS\SYSTEM32\SHCORE.dll
0x00007ffb43150000 - 0x00007ffb43165000 	C:\WINDOWS\SYSTEM32\profapi.dll

VM Arguments:
jvm_args: -Djava.awt.headless=true -Xmx1024M -Dfile.encoding=windows-1252 -Duser.country=US -Duser.language=en -Duser.variant 
java_command: com.android.dx.command.Main --dex --force-jumbo --num-threads=4 --multi-dex --output D:\Mozilla Downloads\and-nd-firebase-1.00-starting-point\app\build\intermediates\transforms\dex\debug\folders\1000\10\com.google.firebase-firebase-analytics-10.0.1_07f78d3024b9114481813e620cf6f30e1137d385 D:\Mozilla Downloads\and-nd-firebase-1.00-starting-point\app\build\intermediates\exploded-aar\com.google.firebase\firebase-analytics\10.0.1\jars\classes.jar
java_class_path (initial): D:\Android\sdk\build-tools\24.0.1\lib\dx.jar
Launcher Type: SUN_STANDARD

Environment Variables:
PATH=C:\ProgramData\Oracle\Java\javapath;C:\Program Files (x86)\Intel\iCLS Client\;C:\Program Files\Intel\iCLS Client\;C:\WINDOWS\system32;C:\WINDOWS;C:\WINDOWS\System32\Wbem;C:\WINDOWS\System32\WindowsPowerShell\v1.0\;C:\Program Files\Intel\Intel(R) Management Engine Components\DAL;C:\Program Files (x86)\Intel\Intel(R) Management Engine Components\DAL;C:\Program Files\Intel\Intel(R) Management Engine Components\IPT;C:\Program Files (x86)\Intel\Intel(R) Management Engine Components\IPT;C:\Program Files\Microsoft SQL Server\110\Tools\Binn\
USERNAME=Hamid-PC
OS=Windows_NT
PROCESSOR_IDENTIFIER=Intel64 Family 6 Model 61 Stepping 4, GenuineIntel



---------------  S Y S T E M  ---------------

OS: Windows 8.1 , 64 bit Build 9600 (6.3.9600.17415)

CPU:total 4 (2 cores per cpu, 2 threads per core) family 6 model 61 stepping 4, cmov, cx8, fxsr, mmx, sse, sse2, sse3, ssse3, sse4.1, sse4.2, popcnt, avx, avx2, aes, clmul, erms, 3dnowpref, lzcnt, ht, tsc, tscinvbit, bmi1, bmi2, adx

Memory: 4k page, physical 4107980k(165348k free), swap 5209432k(5028k free)

vm_info: OpenJDK 64-Bit Server VM (25.76-b03) for windows-amd64 JRE (1.8.0_76-release-b03), built on Jun 29 2016 19:09:20 by "ralucas" with MS VC++ 10.0 (VS2010)

time: Thu Dec 22 18:21:33 2016
elapsed time: 0 seconds (0d 0h 0m 0s)

