#
# There is insufficient memory for the Java Runtime Environment to continue.
# Native memory allocation (malloc) failed to allocate 329776 bytes for Chunk::new
# Possible reasons:
#   The system is out of physical RAM or swap space
#   In 32 bit mode, the process size limit was hit
# Possible solutions:
#   Reduce memory load on the system
#   Increase physical memory or swap space
#   Check if swap backing store is full
#   Use 64 bit Java on a 64 bit OS
#   Decrease Java heap size (-Xmx/-Xms)
#   Decrease number of Java threads
#   Decrease Java thread stack sizes (-Xss)
#   Set larger code cache with -XX:ReservedCodeCacheSize=
# This output file may be truncated or incomplete.
#
#  Out of Memory Error (allocation.cpp:390), pid=4596, tid=0x0000000000000edc
#
# JRE version: OpenJDK Runtime Environment (8.0_76-b03) (build 1.8.0_76-release-b03)
# Java VM: OpenJDK 64-Bit Server VM (25.76-b03 mixed mode windows-amd64 compressed oops)
# Failed to write core dump. Minidumps are not enabled by default on client versions of Windows
#

---------------  T H R E A D  ---------------

Current thread (0x000000001545c800):  JavaThread "C2 CompilerThread1" daemon [_thread_in_native, id=3804, stack(0x0000000016b50000,0x0000000016c50000)]

Stack: [0x0000000016b50000,0x0000000016c50000]
[error occurred during error reporting (printing stack bounds), id 0xc0000005]

Native frames: (J=compiled Java code, j=interpreted, Vv=VM code, C=native code)


Current CompileTask:
C2:   4774 1092       4       com.android.dx.ssa.SCCP::simulateStmt (481 bytes)


---------------  P R O C E S S  ---------------

Java Threads: ( => current thread )
  0x0000000016fb3000 JavaThread "pool-2-thread-4" [_thread_blocked, id=4152, stack(0x0000000017750000,0x0000000017850000)]
  0x0000000016faf000 JavaThread "pool-2-thread-3" [_thread_blocked, id=4088, stack(0x0000000017650000,0x0000000017750000)]
  0x0000000016fae000 JavaThread "pool-2-thread-2" [_thread_blocked, id=1060, stack(0x0000000017550000,0x0000000017650000)]
  0x0000000016fa6800 JavaThread "pool-3-thread-1" [_thread_blocked, id=5740, stack(0x0000000017450000,0x0000000017550000)]
  0x0000000016fa6000 JavaThread "pool-2-thread-1" [_thread_blocked, id=1776, stack(0x0000000017350000,0x0000000017450000)]
  0x000000001546e800 JavaThread "Service Thread" daemon [_thread_blocked, id=4384, stack(0x0000000017150000,0x0000000017250000)]
  0x0000000015467000 JavaThread "C1 CompilerThread2" daemon [_thread_blocked, id=4052, stack(0x0000000016c50000,0x0000000016d50000)]
=>0x000000001545c800 JavaThread "C2 CompilerThread1" daemon [_thread_in_native, id=3804, stack(0x0000000016b50000,0x0000000016c50000)]
  0x000000001540a800 JavaThread "C2 CompilerThread0" daemon [_thread_in_native, id=5252, stack(0x0000000016a50000,0x0000000016b50000)]
  0x0000000015409800 JavaThread "Attach Listener" daemon [_thread_blocked, id=5288, stack(0x0000000016950000,0x0000000016a50000)]
  0x0000000015408000 JavaThread "Signal Dispatcher" daemon [_thread_blocked, id=3924, stack(0x0000000016850000,0x0000000016950000)]
  0x00000000153f8000 JavaThread "Finalizer" daemon [_thread_blocked, id=2216, stack(0x0000000016670000,0x0000000016770000)]
  0x0000000002d2f000 JavaThread "Reference Handler" daemon [_thread_blocked, id=5312, stack(0x0000000016570000,0x0000000016670000)]
  0x0000000002c40800 JavaThread "main" [_thread_in_vm, id=2380, stack(0x0000000002ad0000,0x0000000002bd0000)]

Other Threads:
  0x00000000153d5800 VMThread [stack: 0x0000000016470000,0x0000000016570000] [id=4500]
  0x0000000016d5c000 WatcherThread [stack: 0x0000000017250000,0x0000000017350000] [id=5108]

VM state:not at safepoint (normal execution)

VM Mutex/Monitor currently owned by a thread: None

Heap:
 PSYoungGen      total 18944K, used 8903K [0x00000000eab00000, 0x00000000ed000000, 0x0000000100000000)
  eden space 16384K, 38% used [0x00000000eab00000,0x00000000eb133290,0x00000000ebb00000)
  from space 2560K, 99% used [0x00000000ebb00000,0x00000000ebd7eab8,0x00000000ebd80000)
  to   space 2560K, 0% used [0x00000000ecd80000,0x00000000ecd80000,0x00000000ed000000)
 ParOldGen       total 44032K, used 1597K [0x00000000c0000000, 0x00000000c2b00000, 0x00000000eab00000)
  object space 44032K, 3% used [0x00000000c0000000,0x00000000c018f778,0x00000000c2b00000)
 Metaspace       used 5766K, capacity 6768K, committed 7040K, reserved 1056768K
  class space    used 565K, capacity 616K, committed 640K, reserved 1048576K

Card table byte_map: [0x0000000012100000,0x0000000012310000] byte_map_base: 0x0000000011b00000

Marking Bits: (ParMarkBitMap*) 0x0000000069db9d00
 Begin Bits: [0x0000000012870000, 0x0000000013870000)
 End Bits:   [0x0000000013870000, 0x0000000014870000)

Polling page: 0x0000000001260000

CodeCache: size=245760Kb used=4301Kb max_used=4312Kb free=241458Kb
 bounds [0x0000000002d40000, 0x0000000003180000, 0x0000000011d40000]
 total_blobs=1360 nmethods=1093 adapters=181
 compilation: enabled

Compilation events (10 events):
Event: 4.754 Thread 0x0000000015467000 1096       1       com.android.dx.dex.file.DexFile::getTypeIds (5 bytes)
Event: 4.754 Thread 0x0000000015467000 nmethod 1096 0x0000000003172350 code [0x00000000031724a0, 0x00000000031725b0]
Event: 4.754 Thread 0x000000001540a800 nmethod 1094 0x0000000003176c10 code [0x0000000003176d60, 0x0000000003176f98]
Event: 4.754 Thread 0x000000001540a800 1095       4       java.util.ArrayList::subListRangeCheck (110 bytes)
Event: 4.755 Thread 0x000000001540a800 nmethod 1095 0x0000000003175810 code [0x0000000003175940, 0x00000000031759d8]
Event: 4.757 Thread 0x0000000015467000 1097       3       com.android.dx.rop.type.Type::isIntlike (56 bytes)
Event: 4.757 Thread 0x0000000015467000 nmethod 1097 0x0000000003175490 code [0x00000000031755e0, 0x0000000003175770]
Event: 4.758 Thread 0x000000001540a800 1098       4       com.android.dx.rop.code.RegisterSpec::make (7 bytes)
Event: 4.758 Thread 0x000000001540a800 nmethod 1098 0x0000000003175250 code [0x00000000031753a0, 0x0000000003175408]
Event: 4.761 Thread 0x000000001540a800 1099       4       com.android.dx.util.LabeledList::set (45 bytes)

GC Heap History (2 events):
Event: 3.578 GC heap before
{Heap before GC invocations=1 (full 0):
 PSYoungGen      total 18944K, used 16384K [0x00000000eab00000, 0x00000000ec000000, 0x0000000100000000)
  eden space 16384K, 100% used [0x00000000eab00000,0x00000000ebb00000,0x00000000ebb00000)
  from space 2560K, 0% used [0x00000000ebd80000,0x00000000ebd80000,0x00000000ec000000)
  to   space 2560K, 0% used [0x00000000ebb00000,0x00000000ebb00000,0x00000000ebd80000)
 ParOldGen       total 44032K, used 0K [0x00000000c0000000, 0x00000000c2b00000, 0x00000000eab00000)
  object space 44032K, 0% used [0x00000000c0000000,0x00000000c0000000,0x00000000c2b00000)
 Metaspace       used 5700K, capacity 6768K, committed 7040K, reserved 1056768K
  class space    used 565K, capacity 616K, committed 640K, reserved 1048576K
Event: 3.827 GC heap after
Heap after GC invocations=1 (full 0):
 PSYoungGen      total 18944K, used 2554K [0x00000000eab00000, 0x00000000ed000000, 0x0000000100000000)
  eden space 16384K, 0% used [0x00000000eab00000,0x00000000eab00000,0x00000000ebb00000)
  from space 2560K, 99% used [0x00000000ebb00000,0x00000000ebd7eab8,0x00000000ebd80000)
  to   space 2560K, 0% used [0x00000000ecd80000,0x00000000ecd80000,0x00000000ed000000)
 ParOldGen       total 44032K, used 1597K [0x00000000c0000000, 0x00000000c2b00000, 0x00000000eab00000)
  object space 44032K, 3% used [0x00000000c0000000,0x00000000c018f778,0x00000000c2b00000)
 Metaspace       used 5700K, capacity 6768K, committed 7040K, reserved 1056768K
  class space    used 565K, capacity 616K, committed 640K, reserved 1048576K
}

Deoptimization events (4 events):
Event: 1.160 Thread 0x0000000002c40800 Uncommon trap: reason=unstable_if action=reinterpret pc=0x0000000002e82f98 method=java.lang.String.indexOf(II)I @ 49
Event: 2.740 Thread 0x0000000016faf000 Uncommon trap: reason=unstable_if action=reinterpret pc=0x0000000002f5f410 method=java.util.HashMap.getNode(ILjava/lang/Object;)Ljava/util/HashMap$Node; @ 129
Event: 2.789 Thread 0x0000000016fae000 Uncommon trap: reason=unstable_if action=reinterpret pc=0x0000000003052ed0 method=java.util.HashMap.getNode(ILjava/lang/Object;)Ljava/util/HashMap$Node; @ 129
Event: 2.790 Thread 0x0000000016fae000 Uncommon trap: reason=unstable_if action=reinterpret pc=0x0000000002fb8efc method=java.util.HashMap.getNode(ILjava/lang/Object;)Ljava/util/HashMap$Node; @ 129

Internal exceptions (2 events):
Event: 0.152 Thread 0x0000000002c40800 Exception <a 'java/lang/NoSuchMethodError': Method sun.misc.Unsafe.defineClass(Ljava/lang/String;[BII)Ljava/lang/Class; name or signature does not match> (0x00000000eab07cc0) thrown at [C:\src\android\AOSP-openjdk\external\jetbrains\jdk\hotspot\src\share\vCí∆Ãmv√?
Event: 0.152 Thread 0x0000000002c40800 Exception <a 'java/lang/NoSuchMethodError': Method sun.misc.Unsafe.prefetchRead(Ljava/lang/Object;J)V name or signature does not match> (0x00000000eab07fa8) thrown at [C:\src\android\AOSP-openjdk\external\jetbrains\jdk\hotspot\src\share\vm\prims\jni.cpp, l

Events (10 events):
Event: 2.789 Thread 0x0000000016fae000 Uncommon trap: trap_request=0xffffff65 fr.pc=0x0000000003052ed0
Event: 2.789 Thread 0x0000000016fae000 DEOPT PACKING pc=0x0000000003052ed0 sp=0x000000001764e070
Event: 2.789 Thread 0x0000000016fae000 DEOPT UNPACKING pc=0x0000000002d8556a sp=0x000000001764df40 mode 2
Event: 2.790 Thread 0x0000000016fae000 Uncommon trap: trap_request=0xffffff65 fr.pc=0x0000000002fb8efc
Event: 2.790 Thread 0x0000000016fae000 DEOPT PACKING pc=0x0000000002fb8efc sp=0x000000001764de60
Event: 2.790 Thread 0x0000000016fae000 DEOPT UNPACKING pc=0x0000000002d8556a sp=0x000000001764dd90 mode 2
Event: 3.561 Executing VM operation: ParallelGCFailedAllocation
Event: 3.828 Executing VM operation: ParallelGCFailedAllocation done
Event: 4.324 Executing VM operation: EnableBiasedLocking
Event: 4.324 Executing VM operation: EnableBiasedLocking done


Dynamic libraries:
0x00007ff766640000 - 0x00007ff766671000 	D:\Android\AndroidStudio\jre\bin\java.exe
0x00007ffb46030000 - 0x00007ffb461dd000 	C:\WINDOWS\SYSTEM32\ntdll.dll
0x00007ffb44000000 - 0x00007ffb4413e000 	C:\WINDOWS\system32\KERNEL32.DLL
0x00007ffb43330000 - 0x00007ffb43445000 	C:\WINDOWS\system32\KERNELBASE.dll
0x00007ffb43980000 - 0x00007ffb43a2a000 	C:\WINDOWS\system32\ADVAPI32.dll
0x00007ffb43e10000 - 0x00007ffb43f87000 	C:\WINDOWS\system32\USER32.dll
0x00007ffb40df0000 - 0x00007ffb4106a000 	C:\WINDOWS\WinSxS\amd64_microsoft.windows.common-controls_6595b64144ccf1df_6.0.9600.17810_none_6240b9c7ecbd0bda\COMCTL32.dll
0x00007ffb436b0000 - 0x00007ffb4375a000 	C:\WINDOWS\system32\msvcrt.dll
0x00007ffb43a30000 - 0x00007ffb43a89000 	C:\WINDOWS\SYSTEM32\sechost.dll
0x00007ffb44140000 - 0x00007ffb44280000 	C:\WINDOWS\system32\RPCRT4.dll
0x00007ffb45830000 - 0x00007ffb4597f000 	C:\WINDOWS\system32\GDI32.dll
0x00007ffb43630000 - 0x00007ffb4365e000 	C:\WINDOWS\system32\SspiCli.dll
0x00007ffb43af0000 - 0x00007ffb43b26000 	C:\WINDOWS\system32\IMM32.DLL
0x00007ffb45980000 - 0x00007ffb45ad2000 	C:\WINDOWS\system32\MSCTF.dll
0x0000000069520000 - 0x00000000695f2000 	D:\Android\AndroidStudio\jre\jre\bin\msvcr100.dll
0x0000000069600000 - 0x0000000069e34000 	D:\Android\AndroidStudio\jre\jre\bin\server\jvm.dll
0x00007ffb3a960000 - 0x00007ffb3a969000 	C:\WINDOWS\SYSTEM32\WSOCK32.dll
0x00007ffb39250000 - 0x00007ffb39272000 	C:\WINDOWS\SYSTEM32\WINMM.dll
0x00007ffb3c820000 - 0x00007ffb3c82a000 	C:\WINDOWS\SYSTEM32\VERSION.dll
0x00007ffb43e00000 - 0x00007ffb43e07000 	C:\WINDOWS\system32\PSAPI.DLL
0x00007ffb44280000 - 0x00007ffb442da000 	C:\WINDOWS\system32\WS2_32.dll
0x00007ffb39150000 - 0x00007ffb3917a000 	C:\WINDOWS\SYSTEM32\WINMMBASE.dll
0x00007ffb45820000 - 0x00007ffb45829000 	C:\WINDOWS\system32\NSI.dll
0x00007ffb43660000 - 0x00007ffb436af000 	C:\WINDOWS\SYSTEM32\cfgmgr32.dll
0x00007ffb41f70000 - 0x00007ffb41f98000 	C:\WINDOWS\SYSTEM32\DEVOBJ.dll
0x00007ffb3f0a0000 - 0x00007ffb3f0af000 	D:\Android\AndroidStudio\jre\jre\bin\verify.dll
0x00007ffb3bae0000 - 0x00007ffb3bb09000 	D:\Android\AndroidStudio\jre\jre\bin\java.dll
0x00007ffb3ec30000 - 0x00007ffb3ec46000 	D:\Android\AndroidStudio\jre\jre\bin\zip.dll
0x00007ffb442e0000 - 0x00007ffb45808000 	C:\WINDOWS\system32\SHELL32.dll
0x00007ffb43760000 - 0x00007ffb43971000 	C:\WINDOWS\SYSTEM32\combase.dll
0x00007ffb43a90000 - 0x00007ffb43ae4000 	C:\WINDOWS\system32\SHLWAPI.dll
0x00007ffb41790000 - 0x00007ffb41842000 	C:\WINDOWS\SYSTEM32\SHCORE.dll
0x00007ffb43150000 - 0x00007ffb43165000 	C:\WINDOWS\SYSTEM32\profapi.dll

VM Arguments:
jvm_args: -Djava.awt.headless=true -Xmx1024M -Dfile.encoding=windows-1252 -Duser.country=US -Duser.language=en -Duser.variant 
java_command: com.android.dx.command.Main --dex --force-jumbo --num-threads=4 --multi-dex --output D:\Mozilla Downloads\and-nd-firebase-1.00-starting-point\app\build\intermediates\transforms\dex\debug\folders\1000\10\com.google.firebase-firebase-database-connection-10.0.1_f7dd4710c6c0d1548e15a8bdb12f02e0161d9e6a D:\Mozilla Downloads\and-nd-firebase-1.00-starting-point\app\build\intermediates\exploded-aar\com.google.firebase\firebase-database-connection\10.0.1\jars\classes.jar
java_class_path (initial): D:\Android\sdk\build-tools\24.0.1\lib\dx.jar
Launcher Type: SUN_STANDARD

Environment Variables:
PATH=C:\ProgramData\Oracle\Java\javapath;C:\Program Files (x86)\Intel\iCLS Client\;C:\Program Files\Intel\iCLS Client\;C:\WINDOWS\system32;C:\WINDOWS;C:\WINDOWS\System32\Wbem;C:\WINDOWS\System32\WindowsPowerShell\v1.0\;C:\Program Files\Intel\Intel(R) Management Engine Components\DAL;C:\Program Files (x86)\Intel\Intel(R) Management Engine Components\DAL;C:\Program Files\Intel\Intel(R) Management Engine Components\IPT;C:\Program Files (x86)\Intel\Intel(R) Management Engine Components\IPT;C:\Program Files\Microsoft SQL Server\110\Tools\Binn\
USERNAME=Hamid-PC
OS=Windows_NT
PROCESSOR_IDENTIFIER=Intel64 Family 6 Model 61 Stepping 4, GenuineIntel



---------------  S Y S T E M  ---------------

OS: Windows 8.1 , 64 bit Build 9600 (6.3.9600.17415)

CPU:total 4 (2 cores per cpu, 2 threads per core) family 6 model 61 stepping 4, cmov, cx8, fxsr, mmx, sse, sse2, sse3, ssse3, sse4.1, sse4.2, popcnt, avx, avx2, aes, clmul, erms, 3dnowpref, lzcnt, ht, tsc, tscinvbit, bmi1, bmi2, adx

Memory: 4k page, physical 4107980k(122800k free), swap 5209432k(5052k free)

vm_info: OpenJDK 64-Bit Server VM (25.76-b03) for windows-amd64 JRE (1.8.0_76-release-b03), built on Jun 29 2016 19:09:20 by "ralucas" with MS VC++ 10.0 (VS2010)

time: Thu Dec 22 18:43:53 2016
elapsed time: 4 seconds (0d 0h 0m 4s)

