#
# There is insufficient memory for the Java Runtime Environment to continue.
# Native memory allocation (malloc) failed to allocate 321568 bytes for Chunk::new
# Possible reasons:
#   The system is out of physical RAM or swap space
#   In 32 bit mode, the process size limit was hit
# Possible solutions:
#   Reduce memory load on the system
#   Increase physical memory or swap space
#   Check if swap backing store is full
#   Use 64 bit Java on a 64 bit OS
#   Decrease Java heap size (-Xmx/-Xms)
#   Decrease number of Java threads
#   Decrease Java thread stack sizes (-Xss)
#   Set larger code cache with -XX:ReservedCodeCacheSize=
# This output file may be truncated or incomplete.
#
#  Out of Memory Error (allocation.cpp:390), pid=5068, tid=0x0000000000001508
#
# JRE version: OpenJDK Runtime Environment (8.0_76-b03) (build 1.8.0_76-release-b03)
# Java VM: OpenJDK 64-Bit Server VM (25.76-b03 mixed mode windows-amd64 compressed oops)
# Failed to write core dump. Minidumps are not enabled by default on client versions of Windows
#

---------------  T H R E A D  ---------------

Current thread (0x00000000145ba800):  JavaThread "C2 CompilerThread0" daemon [_thread_in_native, id=5384, stack(0x0000000015c00000,0x0000000015d00000)]

Stack: [0x0000000015c00000,0x0000000015d00000]
[error occurred during error reporting (printing stack bounds), id 0xc0000005]

Native frames: (J=compiled Java code, j=interpreted, Vv=VM code, C=native code)


Current CompileTask:
C2:   4895 1099       4       com.android.dx.ssa.SsaMethod::forEachInsn (36 bytes)


---------------  P R O C E S S  ---------------

Java Threads: ( => current thread )
  0x000000001619e000 JavaThread "pool-2-thread-4" [_thread_in_Java, id=2068, stack(0x0000000016900000,0x0000000016a00000)]
  0x000000001619c000 JavaThread "pool-2-thread-3" [_thread_in_Java, id=5640, stack(0x0000000016800000,0x0000000016900000)]
  0x000000001619a000 JavaThread "pool-2-thread-2" [_thread_in_Java, id=4432, stack(0x0000000016700000,0x0000000016800000)]
  0x0000000016163800 JavaThread "pool-3-thread-1" [_thread_blocked, id=3960, stack(0x0000000016600000,0x0000000016700000)]
  0x000000001613e800 JavaThread "pool-2-thread-1" [_thread_in_Java, id=1164, stack(0x0000000016500000,0x0000000016600000)]
  0x0000000015f23800 JavaThread "Service Thread" daemon [_thread_blocked, id=2852, stack(0x0000000016300000,0x0000000016400000)]
  0x000000001460f000 JavaThread "C1 CompilerThread2" daemon [_thread_in_vm, id=424, stack(0x0000000015e00000,0x0000000015f00000)]
  0x00000000145be800 JavaThread "C2 CompilerThread1" daemon [_thread_in_native, id=5300, stack(0x0000000015d00000,0x0000000015e00000)]
=>0x00000000145ba800 JavaThread "C2 CompilerThread0" daemon [_thread_in_native, id=5384, stack(0x0000000015c00000,0x0000000015d00000)]
  0x00000000145b9800 JavaThread "Attach Listener" daemon [_thread_blocked, id=1872, stack(0x0000000015b00000,0x0000000015c00000)]
  0x00000000145b8800 JavaThread "Signal Dispatcher" daemon [_thread_blocked, id=1224, stack(0x0000000015a00000,0x0000000015b00000)]
  0x00000000145a8000 JavaThread "Finalizer" daemon [_thread_blocked, id=5892, stack(0x0000000015820000,0x0000000015920000)]
  0x0000000001edf000 JavaThread "Reference Handler" daemon [_thread_blocked, id=4692, stack(0x0000000015720000,0x0000000015820000)]
  0x0000000001df0800 JavaThread "main" [_thread_in_Java, id=2140, stack(0x0000000001cf0000,0x0000000001df0000)]

Other Threads:
  0x0000000014585800 VMThread [stack: 0x0000000015620000,0x0000000015720000] [id=5064]
  0x0000000014610800 WatcherThread [stack: 0x0000000016400000,0x0000000016500000] [id=1476]

VM state:not at safepoint (normal execution)

VM Mutex/Monitor currently owned by a thread:  ([mutex/lock_event])
[0x00000000004ac880] CompiledIC_lock - owner thread: 0x0000000000000000
[0x00000000004ad090] Compile_lock - owner thread: 0x0000000000000000

Heap:
 PSYoungGen      total 18944K, used 14201K [0x00000000eab00000, 0x00000000ec000000, 0x0000000100000000)
  eden space 16384K, 71% used [0x00000000eab00000,0x00000000eb663778,0x00000000ebb00000)
  from space 2560K, 99% used [0x00000000ebb00000,0x00000000ebd7aea0,0x00000000ebd80000)
  to   space 2560K, 0% used [0x00000000ebd80000,0x00000000ebd80000,0x00000000ec000000)
 ParOldGen       total 44032K, used 1387K [0x00000000c0000000, 0x00000000c2b00000, 0x00000000eab00000)
  object space 44032K, 3% used [0x00000000c0000000,0x00000000c015ae28,0x00000000c2b00000)
 Metaspace       used 5838K, capacity 6832K, committed 7040K, reserved 1056768K
  class space    used 572K, capacity 616K, committed 640K, reserved 1048576K

Card table byte_map: [0x00000000112b0000,0x00000000114c0000] byte_map_base: 0x0000000010cb0000

Marking Bits: (ParMarkBitMap*) 0x0000000069db9d00
 Begin Bits: [0x0000000011a20000, 0x0000000012a20000)
 End Bits:   [0x0000000012a20000, 0x0000000013a20000)

Polling page: 0x0000000000510000

CodeCache: size=245760Kb used=4425Kb max_used=4435Kb free=241334Kb
 bounds [0x0000000001ef0000, 0x0000000002350000, 0x0000000010ef0000]
 total_blobs=1397 nmethods=1130 adapters=181
 compilation: enabled

Compilation events (10 events):
Event: 4.885 Thread 0x00000000145be800 nmethod 1126 0x000000000232ae10 code [0x000000000232af60, 0x000000000232b118]
Event: 4.885 Thread 0x00000000145be800 1146       4       com.android.dx.util.BitIntSet::add (15 bytes)
Event: 4.886 Thread 0x000000001460f000 nmethod 1144 0x0000000002338f50 code [0x0000000002339540, 0x000000000233d738]
Event: 4.886 Thread 0x000000001460f000 1147       3       com.android.dx.ssa.SsaConverter::edgeSplitSuccessors (98 bytes)
Event: 4.888 Thread 0x000000001460f000 nmethod 1147 0x0000000002337510 code [0x0000000002337780, 0x00000000023385a8]
Event: 4.888 Thread 0x000000001460f000 1156       3       com.android.dx.ssa.SsaBasicBlock::forEachInsn (37 bytes)
Event: 4.890 Thread 0x000000001460f000 nmethod 1156 0x0000000002336850 code [0x0000000002336a20, 0x00000000023370a8]
Event: 4.890 Thread 0x000000001460f000 1154       3       com.android.dx.ssa.NormalSsaInsn::accept (25 bytes)
Event: 4.890 Thread 0x000000001460f000 nmethod 1154 0x00000000023410d0 code [0x0000000002341260, 0x0000000002341818]
Event: 4.890 Thread 0x000000001460f000 1145       3       com.android.dx.ssa.DomFront::calcDomFronts (154 bytes)

GC Heap History (2 events):
Event: 3.356 GC heap before
{Heap before GC invocations=1 (full 0):
 PSYoungGen      total 18944K, used 16384K [0x00000000eab00000, 0x00000000ec000000, 0x0000000100000000)
  eden space 16384K, 100% used [0x00000000eab00000,0x00000000ebb00000,0x00000000ebb00000)
  from space 2560K, 0% used [0x00000000ebd80000,0x00000000ebd80000,0x00000000ec000000)
  to   space 2560K, 0% used [0x00000000ebb00000,0x00000000ebb00000,0x00000000ebd80000)
 ParOldGen       total 44032K, used 0K [0x00000000c0000000, 0x00000000c2b00000, 0x00000000eab00000)
  object space 44032K, 0% used [0x00000000c0000000,0x00000000c0000000,0x00000000c2b00000)
 Metaspace       used 5569K, capacity 6640K, committed 6784K, reserved 1056768K
  class space    used 566K, capacity 616K, committed 640K, reserved 1048576K
Event: 3.804 GC heap after
Heap after GC invocations=1 (full 0):
 PSYoungGen      total 18944K, used 2539K [0x00000000eab00000, 0x00000000ec000000, 0x0000000100000000)
  eden space 16384K, 0% used [0x00000000eab00000,0x00000000eab00000,0x00000000ebb00000)
  from space 2560K, 99% used [0x00000000ebb00000,0x00000000ebd7aea0,0x00000000ebd80000)
  to   space 2560K, 0% used [0x00000000ebd80000,0x00000000ebd80000,0x00000000ec000000)
 ParOldGen       total 44032K, used 1387K [0x00000000c0000000, 0x00000000c2b00000, 0x00000000eab00000)
  object space 44032K, 3% used [0x00000000c0000000,0x00000000c015ae28,0x00000000c2b00000)
 Metaspace       used 5569K, capacity 6640K, committed 6784K, reserved 1056768K
  class space    used 566K, capacity 616K, committed 640K, reserved 1048576K
}

Deoptimization events (10 events):
Event: 4.457 Thread 0x0000000001df0800 Uncommon trap: reason=bimorphic action=maybe_recompile pc=0x00000000021f66d8 method=com.android.dx.ssa.NormalSsaInsn.mapSourceRegisters(Lcom/android/dx/ssa/RegisterMapper;)V @ 29
Event: 4.464 Thread 0x000000001613e800 Uncommon trap: reason=class_check action=maybe_recompile pc=0x000000000216fcd4 method=com.android.dx.ssa.NormalSsaInsn.accept(Lcom/android/dx/ssa/SsaInsn$Visitor;)V @ 9
Event: 4.464 Thread 0x000000001613e800 Uncommon trap: reason=class_check action=maybe_recompile pc=0x000000000214c770 method=com.android.dx.ssa.NormalSsaInsn.accept(Lcom/android/dx/ssa/SsaInsn$Visitor;)V @ 9
Event: 4.464 Thread 0x000000001613e800 Uncommon trap: reason=class_check action=maybe_recompile pc=0x000000000214c770 method=com.android.dx.ssa.NormalSsaInsn.accept(Lcom/android/dx/ssa/SsaInsn$Visitor;)V @ 9
Event: 4.464 Thread 0x000000001613e800 Uncommon trap: reason=class_check action=maybe_recompile pc=0x000000000214c770 method=com.android.dx.ssa.NormalSsaInsn.accept(Lcom/android/dx/ssa/SsaInsn$Visitor;)V @ 9
Event: 4.472 Thread 0x000000001613e800 Uncommon trap: reason=class_check action=maybe_recompile pc=0x0000000002208da8 method=com.android.dx.rop.type.Type.equals(Ljava/lang/Object;)Z @ 8
Event: 4.482 Thread 0x0000000001df0800 Uncommon trap: reason=bimorphic action=maybe_recompile pc=0x00000000021f66d8 method=com.android.dx.ssa.NormalSsaInsn.mapSourceRegisters(Lcom/android/dx/ssa/RegisterMapper;)V @ 29
Event: 4.488 Thread 0x000000001613e800 Uncommon trap: reason=unstable_if action=reinterpret pc=0x00000000021062a8 method=java.util.HashMap.getNode(ILjava/lang/Object;)Ljava/util/HashMap$Node; @ 62
Event: 4.653 Thread 0x000000001619c000 Uncommon trap: reason=unstable_if action=reinterpret pc=0x00000000022469a0 method=java.util.HashMap.getNode(ILjava/lang/Object;)Ljava/util/HashMap$Node; @ 129
Event: 4.885 Thread 0x000000001619a000 Uncommon trap: reason=class_check action=maybe_recompile pc=0x000000000216fcd4 method=com.android.dx.ssa.NormalSsaInsn.accept(Lcom/android/dx/ssa/SsaInsn$Visitor;)V @ 9

Internal exceptions (2 events):
Event: 0.397 Thread 0x0000000001df0800 Exception <a 'java/lang/NoSuchMethodError': Method sun.misc.Unsafe.defineClass(Ljava/lang/String;[BII)Ljava/lang/Class; name or signature does not match> (0x00000000eab07cc0) thrown at [C:\src\android\AOSP-openjdk\external\jetbrains\jdk\hotspot\src\share\vƒˆwºHlÙ?
Event: 0.397 Thread 0x0000000001df0800 Exception <a 'java/lang/NoSuchMethodError': Method sun.misc.Unsafe.prefetchRead(Ljava/lang/Object;J)V name or signature does not match> (0x00000000eab07fa8) thrown at [C:\src\android\AOSP-openjdk\external\jetbrains\jdk\hotspot\src\share\vm\prims\jni.cpp, l

Events (10 events):
Event: 4.695 loading class com/android/dx/cf/code/Ropper$ExceptionHandlerSetup done
Event: 4.696 loading class java/util/HashMap$Values
Event: 4.696 loading class java/util/HashMap$Values done
Event: 4.697 loading class java/util/HashMap$ValueIterator
Event: 4.697 loading class java/util/HashMap$ValueIterator done
Event: 4.858 loading class com/android/dx/cf/attrib/AttEnclosingMethod
Event: 4.858 loading class com/android/dx/cf/attrib/AttEnclosingMethod done
Event: 4.885 Thread 0x000000001619a000 Uncommon trap: trap_request=0xffffffde fr.pc=0x000000000216fcd4
Event: 4.885 Thread 0x000000001619a000 DEOPT PACKING pc=0x000000000216fcd4 sp=0x00000000167fea40
Event: 4.886 Thread 0x000000001619a000 DEOPT UNPACKING pc=0x0000000001f3556a sp=0x00000000167fe980 mode 2


Dynamic libraries:
0x00007ff766640000 - 0x00007ff766671000 	D:\Android\AndroidStudio\jre\bin\java.exe
0x00007ffb46030000 - 0x00007ffb461dd000 	C:\WINDOWS\SYSTEM32\ntdll.dll
0x00007ffb44000000 - 0x00007ffb4413e000 	C:\WINDOWS\system32\KERNEL32.DLL
0x00007ffb43330000 - 0x00007ffb43445000 	C:\WINDOWS\system32\KERNELBASE.dll
0x00007ffb43980000 - 0x00007ffb43a2a000 	C:\WINDOWS\system32\ADVAPI32.dll
0x00007ffb43e10000 - 0x00007ffb43f87000 	C:\WINDOWS\system32\USER32.dll
0x00007ffb40df0000 - 0x00007ffb4106a000 	C:\WINDOWS\WinSxS\amd64_microsoft.windows.common-controls_6595b64144ccf1df_6.0.9600.17810_none_6240b9c7ecbd0bda\COMCTL32.dll
0x00007ffb436b0000 - 0x00007ffb4375a000 	C:\WINDOWS\system32\msvcrt.dll
0x00007ffb43a30000 - 0x00007ffb43a89000 	C:\WINDOWS\SYSTEM32\sechost.dll
0x00007ffb44140000 - 0x00007ffb44280000 	C:\WINDOWS\system32\RPCRT4.dll
0x00007ffb45830000 - 0x00007ffb4597f000 	C:\WINDOWS\system32\GDI32.dll
0x00007ffb43630000 - 0x00007ffb4365e000 	C:\WINDOWS\system32\SspiCli.dll
0x00007ffb43af0000 - 0x00007ffb43b26000 	C:\WINDOWS\system32\IMM32.DLL
0x00007ffb45980000 - 0x00007ffb45ad2000 	C:\WINDOWS\system32\MSCTF.dll
0x0000000069520000 - 0x00000000695f2000 	D:\Android\AndroidStudio\jre\jre\bin\msvcr100.dll
0x0000000069600000 - 0x0000000069e34000 	D:\Android\AndroidStudio\jre\jre\bin\server\jvm.dll
0x00007ffb3a960000 - 0x00007ffb3a969000 	C:\WINDOWS\SYSTEM32\WSOCK32.dll
0x00007ffb39250000 - 0x00007ffb39272000 	C:\WINDOWS\SYSTEM32\WINMM.dll
0x00007ffb3c820000 - 0x00007ffb3c82a000 	C:\WINDOWS\SYSTEM32\VERSION.dll
0x00007ffb43e00000 - 0x00007ffb43e07000 	C:\WINDOWS\system32\PSAPI.DLL
0x00007ffb44280000 - 0x00007ffb442da000 	C:\WINDOWS\system32\WS2_32.dll
0x00007ffb39150000 - 0x00007ffb3917a000 	C:\WINDOWS\SYSTEM32\WINMMBASE.dll
0x00007ffb45820000 - 0x00007ffb45829000 	C:\WINDOWS\system32\NSI.dll
0x00007ffb43660000 - 0x00007ffb436af000 	C:\WINDOWS\SYSTEM32\cfgmgr32.dll
0x00007ffb41f70000 - 0x00007ffb41f98000 	C:\WINDOWS\SYSTEM32\DEVOBJ.dll
0x00007ffb3f0a0000 - 0x00007ffb3f0af000 	D:\Android\AndroidStudio\jre\jre\bin\verify.dll
0x00007ffb3bae0000 - 0x00007ffb3bb09000 	D:\Android\AndroidStudio\jre\jre\bin\java.dll
0x00007ffb3ec30000 - 0x00007ffb3ec46000 	D:\Android\AndroidStudio\jre\jre\bin\zip.dll
0x00007ffb442e0000 - 0x00007ffb45808000 	C:\WINDOWS\system32\SHELL32.dll
0x00007ffb43760000 - 0x00007ffb43971000 	C:\WINDOWS\SYSTEM32\combase.dll
0x00007ffb43a90000 - 0x00007ffb43ae4000 	C:\WINDOWS\system32\SHLWAPI.dll
0x00007ffb41790000 - 0x00007ffb41842000 	C:\WINDOWS\SYSTEM32\SHCORE.dll
0x00007ffb43150000 - 0x00007ffb43165000 	C:\WINDOWS\SYSTEM32\profapi.dll

VM Arguments:
jvm_args: -Djava.awt.headless=true -Xmx1024M -Dfile.encoding=windows-1252 -Duser.country=US -Duser.language=en -Duser.variant 
java_command: com.android.dx.command.Main --dex --force-jumbo --num-threads=4 --multi-dex --output D:\Mozilla Downloads\and-nd-firebase-1.00-starting-point\app\build\intermediates\transforms\dex\debug\folders\1000\10\com.google.firebase-firebase-auth-10.0.1_da0ea5ad9e81b1c32a7132f8670e600603c4cc43 D:\Mozilla Downloads\and-nd-firebase-1.00-starting-point\app\build\intermediates\exploded-aar\com.google.firebase\firebase-auth\10.0.1\jars\classes.jar
java_class_path (initial): D:\Android\sdk\build-tools\24.0.1\lib\dx.jar
Launcher Type: SUN_STANDARD

Environment Variables:
PATH=C:\ProgramData\Oracle\Java\javapath;C:\Program Files (x86)\Intel\iCLS Client\;C:\Program Files\Intel\iCLS Client\;C:\WINDOWS\system32;C:\WINDOWS;C:\WINDOWS\System32\Wbem;C:\WINDOWS\System32\WindowsPowerShell\v1.0\;C:\Program Files\Intel\Intel(R) Management Engine Components\DAL;C:\Program Files (x86)\Intel\Intel(R) Management Engine Components\DAL;C:\Program Files\Intel\Intel(R) Management Engine Components\IPT;C:\Program Files (x86)\Intel\Intel(R) Management Engine Components\IPT;C:\Program Files\Microsoft SQL Server\110\Tools\Binn\
USERNAME=Hamid-PC
OS=Windows_NT
PROCESSOR_IDENTIFIER=Intel64 Family 6 Model 61 Stepping 4, GenuineIntel



---------------  S Y S T E M  ---------------

OS: Windows 8.1 , 64 bit Build 9600 (6.3.9600.17415)

CPU:total 4 (2 cores per cpu, 2 threads per core) family 6 model 61 stepping 4, cmov, cx8, fxsr, mmx, sse, sse2, sse3, ssse3, sse4.1, sse4.2, popcnt, avx, avx2, aes, clmul, erms, 3dnowpref, lzcnt, ht, tsc, tscinvbit, bmi1, bmi2, adx

Memory: 4k page, physical 4107980k(108912k free), swap 5209432k(5360k free)

vm_info: OpenJDK 64-Bit Server VM (25.76-b03) for windows-amd64 JRE (1.8.0_76-release-b03), built on Jun 29 2016 19:09:20 by "ralucas" with MS VC++ 10.0 (VS2010)

time: Thu Dec 22 18:43:47 2016
elapsed time: 4 seconds (0d 0h 0m 4s)

