#
# There is insufficient memory for the Java Runtime Environment to continue.
# Native memory allocation (malloc) failed to allocate 32744 bytes for ChunkPool::allocate
# Possible reasons:
#   The system is out of physical RAM or swap space
#   In 32 bit mode, the process size limit was hit
# Possible solutions:
#   Reduce memory load on the system
#   Increase physical memory or swap space
#   Check if swap backing store is full
#   Use 64 bit Java on a 64 bit OS
#   Decrease Java heap size (-Xmx/-Xms)
#   Decrease number of Java threads
#   Decrease Java thread stack sizes (-Xss)
#   Set larger code cache with -XX:ReservedCodeCacheSize=
# This output file may be truncated or incomplete.
#
#  Out of Memory Error (allocation.cpp:273), pid=4988, tid=0x0000000000000e0c
#
# JRE version: OpenJDK Runtime Environment (8.0_76-b03) (build 1.8.0_76-release-b03)
# Java VM: OpenJDK 64-Bit Server VM (25.76-b03 mixed mode windows-amd64 compressed oops)
# Failed to write core dump. Minidumps are not enabled by default on client versions of Windows
#

---------------  T H R E A D  ---------------

Current thread (0x000000001469f800):  JavaThread "C2 CompilerThread1" daemon [_thread_in_vm, id=3596, stack(0x0000000015e00000,0x0000000015f00000)]

Stack: [0x0000000015e00000,0x0000000015f00000]
[error occurred during error reporting (printing stack bounds), id 0xc0000005]

Native frames: (J=compiled Java code, j=interpreted, Vv=VM code, C=native code)


Current CompileTask:
C2:   7396  647       4       com.android.dx.ssa.NormalSsaInsn::accept (25 bytes)


---------------  P R O C E S S  ---------------

Java Threads: ( => current thread )
  0x000000001627e000 JavaThread "pool-2-thread-4" [_thread_in_vm, id=4072, stack(0x0000000016a00000,0x0000000016b00000)]
  0x000000001627d800 JavaThread "pool-2-thread-3" [_thread_in_Java, id=4736, stack(0x0000000016900000,0x0000000016a00000)]
  0x000000001627c800 JavaThread "pool-2-thread-2" [_thread_in_Java, id=5480, stack(0x0000000016800000,0x0000000016900000)]
  0x000000001627a000 JavaThread "pool-3-thread-1" [_thread_blocked, id=6120, stack(0x0000000016700000,0x0000000016800000)]
  0x0000000016257000 JavaThread "pool-2-thread-1" [_thread_in_Java, id=5848, stack(0x0000000016600000,0x0000000016700000)]
  0x00000000146fe800 JavaThread "Service Thread" daemon [_thread_blocked, id=5328, stack(0x0000000016400000,0x0000000016500000)]
  0x00000000146f8000 JavaThread "C1 CompilerThread2" daemon [_thread_in_native, id=5804, stack(0x0000000015f00000,0x0000000016000000)]
=>0x000000001469f800 JavaThread "C2 CompilerThread1" daemon [_thread_in_vm, id=3596, stack(0x0000000015e00000,0x0000000015f00000)]
  0x000000001469b800 JavaThread "C2 CompilerThread0" daemon [_thread_blocked, id=4884, stack(0x0000000015d00000,0x0000000015e00000)]
  0x000000001469a800 JavaThread "Attach Listener" daemon [_thread_blocked, id=4664, stack(0x0000000015c00000,0x0000000015d00000)]
  0x0000000014699800 JavaThread "Signal Dispatcher" daemon [_thread_blocked, id=3428, stack(0x0000000015b00000,0x0000000015c00000)]
  0x0000000014688800 JavaThread "Finalizer" daemon [_thread_blocked, id=2064, stack(0x0000000015920000,0x0000000015a20000)]
  0x0000000001fbf000 JavaThread "Reference Handler" daemon [_thread_blocked, id=2212, stack(0x0000000015820000,0x0000000015920000)]
  0x0000000001ed0800 JavaThread "main" [_thread_in_Java, id=4136, stack(0x0000000001d30000,0x0000000001e30000)]

Other Threads:
  0x0000000014665800 VMThread [stack: 0x0000000015720000,0x0000000015820000] [id=5512]
  0x000000001600b000 WatcherThread [stack: 0x0000000016500000,0x0000000016600000] [id=4232]

VM state:not at safepoint (normal execution)

VM Mutex/Monitor currently owned by a thread: None

Heap:
 PSYoungGen      total 18944K, used 4221K [0x00000000eab00000, 0x00000000ec000000, 0x0000000100000000)
  eden space 16384K, 10% used [0x00000000eab00000,0x00000000eaca2490,0x00000000ebb00000)
  from space 2560K, 99% used [0x00000000ebb00000,0x00000000ebd7d248,0x00000000ebd80000)
  to   space 2560K, 0% used [0x00000000ebd80000,0x00000000ebd80000,0x00000000ec000000)
 ParOldGen       total 44032K, used 950K [0x00000000c0000000, 0x00000000c2b00000, 0x00000000eab00000)
  object space 44032K, 2% used [0x00000000c0000000,0x00000000c00eda30,0x00000000c2b00000)
 Metaspace       used 5486K, capacity 6512K, committed 6784K, reserved 1056768K
  class space    used 571K, capacity 616K, committed 640K, reserved 1048576K

Card table byte_map: [0x0000000011390000,0x00000000115a0000] byte_map_base: 0x0000000010d90000

Marking Bits: (ParMarkBitMap*) 0x0000000069db9d00
 Begin Bits: [0x0000000011b00000, 0x0000000012b00000)
 End Bits:   [0x0000000012b00000, 0x0000000013b00000)

Polling page: 0x0000000000410000

CodeCache: size=245760Kb used=2385Kb max_used=2397Kb free=243374Kb
 bounds [0x0000000001fd0000, 0x0000000002240000, 0x0000000010fd0000]
 total_blobs=895 nmethods=627 adapters=182
 compilation: enabled

Compilation events (10 events):
Event: 7.384 Thread 0x00000000146f8000  635       3       com.android.dx.rop.code.RopMethod::labelToPredecessors (54 bytes)
Event: 7.385 Thread 0x00000000146f8000 nmethod 635 0x0000000002223850 code [0x0000000002223a40, 0x0000000002224338]
Event: 7.385 Thread 0x00000000146f8000  632       3       java.util.ArrayList$SubList::<init> (46 bytes)
Event: 7.386 Thread 0x00000000146f8000 nmethod 632 0x0000000002225cd0 code [0x0000000002225e40, 0x0000000002226110]
Event: 7.386 Thread 0x00000000146f8000  638       3       java.util.Collections$UnmodifiableCollection$1::next (10 bytes)
Event: 7.386 Thread 0x000000001469f800 nmethod 633 0x0000000002227c10 code [0x0000000002227d60, 0x0000000002227fd8]
Event: 7.386 Thread 0x00000000146f8000 nmethod 638 0x0000000002225890 code [0x0000000002225a00, 0x0000000002225c28]
Event: 7.386 Thread 0x00000000146f8000  641   !   3       com.android.dx.cf.code.BytecodeArray::parseInstruction (2764 bytes)
Event: 7.389 Thread 0x000000001469b800 nmethod 634 0x00000000022251d0 code [0x0000000002225320, 0x0000000002225698]
Event: 7.391 Thread 0x000000001469f800  647       4       com.android.dx.ssa.NormalSsaInsn::accept (25 bytes)

GC Heap History (2 events):
Event: 7.326 GC heap before
{Heap before GC invocations=1 (full 0):
 PSYoungGen      total 18944K, used 16384K [0x00000000eab00000, 0x00000000ec000000, 0x0000000100000000)
  eden space 16384K, 100% used [0x00000000eab00000,0x00000000ebb00000,0x00000000ebb00000)
  from space 2560K, 0% used [0x00000000ebd80000,0x00000000ebd80000,0x00000000ec000000)
  to   space 2560K, 0% used [0x00000000ebb00000,0x00000000ebb00000,0x00000000ebd80000)
 ParOldGen       total 44032K, used 0K [0x00000000c0000000, 0x00000000c2b00000, 0x00000000eab00000)
  object space 44032K, 0% used [0x00000000c0000000,0x00000000c0000000,0x00000000c2b00000)
 Metaspace       used 5407K, capacity 6448K, committed 6528K, reserved 1056768K
  class space    used 570K, capacity 616K, committed 640K, reserved 1048576K
Event: 7.336 GC heap after
Heap after GC invocations=1 (full 0):
 PSYoungGen      total 18944K, used 2548K [0x00000000eab00000, 0x00000000ec000000, 0x0000000100000000)
  eden space 16384K, 0% used [0x00000000eab00000,0x00000000eab00000,0x00000000ebb00000)
  from space 2560K, 99% used [0x00000000ebb00000,0x00000000ebd7d248,0x00000000ebd80000)
  to   space 2560K, 0% used [0x00000000ebd80000,0x00000000ebd80000,0x00000000ec000000)
 ParOldGen       total 44032K, used 950K [0x00000000c0000000, 0x00000000c2b00000, 0x00000000eab00000)
  object space 44032K, 2% used [0x00000000c0000000,0x00000000c00eda30,0x00000000c2b00000)
 Metaspace       used 5407K, capacity 6448K, committed 6528K, reserved 1056768K
  class space    used 570K, capacity 616K, committed 640K, reserved 1048576K
}

Deoptimization events (3 events):
Event: 2.575 Thread 0x0000000001ed0800 Uncommon trap: reason=unstable_if action=reinterpret pc=0x00000000021278d4 method=java.lang.String.compareTo(Ljava/lang/String;)I @ 38
Event: 3.183 Thread 0x0000000001ed0800 Uncommon trap: reason=unstable_if action=reinterpret pc=0x0000000002125f58 method=java.lang.String.indexOf(II)I @ 49
Event: 7.339 Thread 0x0000000001ed0800 Uncommon trap: reason=unstable_if action=reinterpret pc=0x0000000002191610 method=java.lang.String.<init>([CII)V @ 18

Internal exceptions (2 events):
Event: 0.106 Thread 0x0000000001ed0800 Exception <a 'java/lang/NoSuchMethodError': Method sun.misc.Unsafe.defineClass(Ljava/lang/String;[BII)Ljava/lang/Class; name or signature does not match> (0x00000000eab07cc0) thrown at [C:\src\android\AOSP-openjdk\external\jetbrains\jdk\hotspot\src\share\vP'n 
1»?
Event: 0.106 Thread 0x0000000001ed0800 Exception <a 'java/lang/NoSuchMethodError': Method sun.misc.Unsafe.prefetchRead(Ljava/lang/Object;J)V name or signature does not match> (0x00000000eab07fa8) thrown at [C:\src\android\AOSP-openjdk\external\jetbrains\jdk\hotspot\src\share\vm\prims\jni.cpp, l

Events (10 events):
Event: 7.310 loading class com/android/dx/dex/file/AnnotationSetRefItem done
Event: 7.326 Executing VM operation: ParallelGCFailedAllocation
Event: 7.336 Executing VM operation: ParallelGCFailedAllocation done
Event: 7.339 Thread 0x0000000001ed0800 Uncommon trap: trap_request=0xffffff65 fr.pc=0x0000000002191610
Event: 7.339 Thread 0x0000000001ed0800 DEOPT PACKING pc=0x0000000002191610 sp=0x0000000001e2e4c0
Event: 7.339 Thread 0x0000000001ed0800 DEOPT UNPACKING pc=0x000000000201556a sp=0x0000000001e2e3f0 mode 2
Event: 7.349 loading class java/util/HashMap$Values
Event: 7.349 loading class java/util/HashMap$Values done
Event: 7.350 loading class java/util/HashMap$ValueIterator
Event: 7.350 loading class java/util/HashMap$ValueIterator done


Dynamic libraries:
0x00007ff631170000 - 0x00007ff6311a1000 	D:\Android\AndroidStudio\jre\bin\java.exe
0x00007ffb46030000 - 0x00007ffb461dd000 	C:\WINDOWS\SYSTEM32\ntdll.dll
0x00007ffb44000000 - 0x00007ffb4413e000 	C:\WINDOWS\system32\KERNEL32.DLL
0x00007ffb43330000 - 0x00007ffb43445000 	C:\WINDOWS\system32\KERNELBASE.dll
0x00007ffb43980000 - 0x00007ffb43a2a000 	C:\WINDOWS\system32\ADVAPI32.dll
0x00007ffb43e10000 - 0x00007ffb43f87000 	C:\WINDOWS\system32\USER32.dll
0x00007ffb40df0000 - 0x00007ffb4106a000 	C:\WINDOWS\WinSxS\amd64_microsoft.windows.common-controls_6595b64144ccf1df_6.0.9600.17810_none_6240b9c7ecbd0bda\COMCTL32.dll
0x00007ffb436b0000 - 0x00007ffb4375a000 	C:\WINDOWS\system32\msvcrt.dll
0x00007ffb43a30000 - 0x00007ffb43a89000 	C:\WINDOWS\SYSTEM32\sechost.dll
0x00007ffb44140000 - 0x00007ffb44280000 	C:\WINDOWS\system32\RPCRT4.dll
0x00007ffb45830000 - 0x00007ffb4597f000 	C:\WINDOWS\system32\GDI32.dll
0x00007ffb43630000 - 0x00007ffb4365e000 	C:\WINDOWS\system32\SspiCli.dll
0x00007ffb43af0000 - 0x00007ffb43b26000 	C:\WINDOWS\system32\IMM32.DLL
0x00007ffb45980000 - 0x00007ffb45ad2000 	C:\WINDOWS\system32\MSCTF.dll
0x000000006a4b0000 - 0x000000006a582000 	D:\Android\AndroidStudio\jre\jre\bin\msvcr100.dll
0x0000000069600000 - 0x0000000069e34000 	D:\Android\AndroidStudio\jre\jre\bin\server\jvm.dll
0x00007ffb3a960000 - 0x00007ffb3a969000 	C:\WINDOWS\SYSTEM32\WSOCK32.dll
0x00007ffb39250000 - 0x00007ffb39272000 	C:\WINDOWS\SYSTEM32\WINMM.dll
0x00007ffb3c820000 - 0x00007ffb3c82a000 	C:\WINDOWS\SYSTEM32\VERSION.dll
0x00007ffb43e00000 - 0x00007ffb43e07000 	C:\WINDOWS\system32\PSAPI.DLL
0x00007ffb44280000 - 0x00007ffb442da000 	C:\WINDOWS\system32\WS2_32.dll
0x00007ffb39150000 - 0x00007ffb3917a000 	C:\WINDOWS\SYSTEM32\WINMMBASE.dll
0x00007ffb45820000 - 0x00007ffb45829000 	C:\WINDOWS\system32\NSI.dll
0x00007ffb43660000 - 0x00007ffb436af000 	C:\WINDOWS\SYSTEM32\cfgmgr32.dll
0x00007ffb41f70000 - 0x00007ffb41f98000 	C:\WINDOWS\SYSTEM32\DEVOBJ.dll
0x00007ffb3dfa0000 - 0x00007ffb3dfaf000 	D:\Android\AndroidStudio\jre\jre\bin\verify.dll
0x00007ffb3bdb0000 - 0x00007ffb3bdd9000 	D:\Android\AndroidStudio\jre\jre\bin\java.dll
0x00007ffb3c710000 - 0x00007ffb3c726000 	D:\Android\AndroidStudio\jre\jre\bin\zip.dll
0x00007ffb442e0000 - 0x00007ffb45808000 	C:\WINDOWS\system32\SHELL32.dll
0x00007ffb43760000 - 0x00007ffb43971000 	C:\WINDOWS\SYSTEM32\combase.dll
0x00007ffb43a90000 - 0x00007ffb43ae4000 	C:\WINDOWS\system32\SHLWAPI.dll
0x00007ffb41790000 - 0x00007ffb41842000 	C:\WINDOWS\SYSTEM32\SHCORE.dll
0x00007ffb43150000 - 0x00007ffb43165000 	C:\WINDOWS\SYSTEM32\profapi.dll

VM Arguments:
jvm_args: -Djava.awt.headless=true -Xmx1024M -Dfile.encoding=windows-1252 -Duser.country=US -Duser.language=en -Duser.variant 
java_command: com.android.dx.command.Main --dex --force-jumbo --num-threads=4 --multi-dex --output D:\Mozilla Downloads\and-nd-firebase-1.00-starting-point\app\build\intermediates\transforms\dex\debug\folders\1000\10\com.facebook.android-facebook-android-sdk-4.17.0_c1bd06bd1db7b1925eeb6807cac8603eaf1d899c D:\Mozilla Downloads\and-nd-firebase-1.00-starting-point\app\build\intermediates\exploded-aar\com.facebook.android\facebook-android-sdk\4.17.0\jars\classes.jar
java_class_path (initial): D:\Android\sdk\build-tools\24.0.1\lib\dx.jar
Launcher Type: SUN_STANDARD

Environment Variables:
PATH=C:\ProgramData\Oracle\Java\javapath;C:\Program Files (x86)\Intel\iCLS Client\;C:\Program Files\Intel\iCLS Client\;C:\WINDOWS\system32;C:\WINDOWS;C:\WINDOWS\System32\Wbem;C:\WINDOWS\System32\WindowsPowerShell\v1.0\;C:\Program Files\Intel\Intel(R) Management Engine Components\DAL;C:\Program Files (x86)\Intel\Intel(R) Management Engine Components\DAL;C:\Program Files\Intel\Intel(R) Management Engine Components\IPT;C:\Program Files (x86)\Intel\Intel(R) Management Engine Components\IPT;C:\Users\Hamid-PC\AppData\Local\atom\bin
USERNAME=Hamid-PC
OS=Windows_NT
PROCESSOR_IDENTIFIER=Intel64 Family 6 Model 61 Stepping 4, GenuineIntel



---------------  S Y S T E M  ---------------

OS: Windows 8.1 , 64 bit Build 9600 (6.3.9600.17415)

CPU:total 4 (2 cores per cpu, 2 threads per core) family 6 model 61 stepping 4, cmov, cx8, fxsr, mmx, sse, sse2, sse3, ssse3, sse4.1, sse4.2, popcnt, avx, avx2, aes, clmul, erms, 3dnowpref, lzcnt, ht, tsc, tscinvbit, bmi1, bmi2, adx

Memory: 4k page, physical 4107980k(315508k free), swap 5209432k(5132k free)

vm_info: OpenJDK 64-Bit Server VM (25.76-b03) for windows-amd64 JRE (1.8.0_76-release-b03), built on Jun 29 2016 19:09:20 by "ralucas" with MS VC++ 10.0 (VS2010)

time: Sat Dec 24 01:39:25 2016
elapsed time: 7 seconds (0d 0h 0m 7s)

