#
# There is insufficient memory for the Java Runtime Environment to continue.
# Native memory allocation (malloc) failed to allocate 32744 bytes for ChunkPool::allocate
# Possible reasons:
#   The system is out of physical RAM or swap space
#   In 32 bit mode, the process size limit was hit
# Possible solutions:
#   Reduce memory load on the system
#   Increase physical memory or swap space
#   Check if swap backing store is full
#   Use 64 bit Java on a 64 bit OS
#   Decrease Java heap size (-Xmx/-Xms)
#   Decrease number of Java threads
#   Decrease Java thread stack sizes (-Xss)
#   Set larger code cache with -XX:ReservedCodeCacheSize=
# This output file may be truncated or incomplete.
#
#  Out of Memory Error (allocation.cpp:273), pid=2904, tid=0x0000000000000548
#
# JRE version: OpenJDK Runtime Environment (8.0_76-b03) (build 1.8.0_76-release-b03)
# Java VM: OpenJDK 64-Bit Server VM (25.76-b03 mixed mode windows-amd64 compressed oops)
# Failed to write core dump. Minidumps are not enabled by default on client versions of Windows
#

---------------  T H R E A D  ---------------

Current thread (0x0000000014d4e000):  JavaThread "C2 CompilerThread1" daemon [_thread_in_native, id=1352, stack(0x0000000016880000,0x0000000016980000)]

Stack: [0x0000000016880000,0x0000000016980000]
[error occurred during error reporting (printing stack bounds), id 0xc0000005]

Native frames: (J=compiled Java code, j=interpreted, Vv=VM code, C=native code)


Current CompileTask:
C2:   3717  235       4       java.lang.String::startsWith (72 bytes)


---------------  P R O C E S S  ---------------

Java Threads: ( => current thread )
  0x0000000016c4d800 JavaThread "pool-2-thread-4" [_thread_blocked, id=4268, stack(0x0000000017480000,0x0000000017580000)]
  0x0000000016c45800 JavaThread "pool-2-thread-3" [_thread_blocked, id=4836, stack(0x0000000017380000,0x0000000017480000)]
  0x0000000016c43800 JavaThread "pool-2-thread-2" [_thread_blocked, id=4256, stack(0x0000000017280000,0x0000000017380000)]
  0x0000000016c40800 JavaThread "pool-3-thread-1" [_thread_blocked, id=532, stack(0x0000000017180000,0x0000000017280000)]
  0x0000000016c40000 JavaThread "pool-2-thread-1" [_thread_in_vm, id=4016, stack(0x0000000017080000,0x0000000017180000)]
  0x0000000016a9a800 JavaThread "Service Thread" daemon [_thread_blocked, id=1388, stack(0x0000000016e80000,0x0000000016f80000)]
  0x0000000014da0800 JavaThread "C1 CompilerThread2" daemon [_thread_in_native, id=4380, stack(0x0000000016980000,0x0000000016a80000)]
=>0x0000000014d4e000 JavaThread "C2 CompilerThread1" daemon [_thread_in_native, id=1352, stack(0x0000000016880000,0x0000000016980000)]
  0x0000000014d4b800 JavaThread "C2 CompilerThread0" daemon [_thread_blocked, id=5992, stack(0x0000000016780000,0x0000000016880000)]
  0x0000000014d49000 JavaThread "Attach Listener" daemon [_thread_blocked, id=1880, stack(0x0000000016680000,0x0000000016780000)]
  0x0000000014d48000 JavaThread "Signal Dispatcher" daemon [_thread_blocked, id=2720, stack(0x0000000016580000,0x0000000016680000)]
  0x0000000014d38000 JavaThread "Finalizer" daemon [_thread_blocked, id=652, stack(0x00000000163a0000,0x00000000164a0000)]
  0x000000000266f000 JavaThread "Reference Handler" daemon [_thread_blocked, id=2036, stack(0x00000000162a0000,0x00000000163a0000)]
  0x0000000002580800 JavaThread "main" [_thread_in_Java, id=4440, stack(0x00000000023d0000,0x00000000024d0000)]

Other Threads:
  0x0000000014d16000 VMThread [stack: 0x00000000161a0000,0x00000000162a0000] [id=2172]
  0x0000000016a9c000 WatcherThread [stack: 0x0000000016f80000,0x0000000017080000] [id=4528]

VM state:not at safepoint (normal execution)

VM Mutex/Monitor currently owned by a thread: None

Heap:
 PSYoungGen      total 18944K, used 6266K [0x00000000eab00000, 0x00000000ec000000, 0x0000000100000000)
  eden space 16384K, 38% used [0x00000000eab00000,0x00000000eb11e830,0x00000000ebb00000)
  from space 2560K, 0% used [0x00000000ebd80000,0x00000000ebd80000,0x00000000ec000000)
  to   space 2560K, 0% used [0x00000000ebb00000,0x00000000ebb00000,0x00000000ebd80000)
 ParOldGen       total 44032K, used 0K [0x00000000c0000000, 0x00000000c2b00000, 0x00000000eab00000)
  object space 44032K, 0% used [0x00000000c0000000,0x00000000c0000000,0x00000000c2b00000)
 Metaspace       used 3961K, capacity 4148K, committed 4352K, reserved 1060864K
  class space    used 427K, capacity 488K, committed 512K, reserved 1048576K

Card table byte_map: [0x0000000011a40000,0x0000000011c50000] byte_map_base: 0x0000000011440000

Marking Bits: (ParMarkBitMap*) 0x0000000050ed9d00
 Begin Bits: [0x00000000121b0000, 0x00000000131b0000)
 End Bits:   [0x00000000131b0000, 0x00000000141b0000)

Polling page: 0x0000000002320000

CodeCache: size=245760Kb used=1545Kb max_used=1555Kb free=244214Kb
 bounds [0x0000000002680000, 0x00000000028f0000, 0x0000000011680000]
 total_blobs=485 nmethods=228 adapters=171
 compilation: enabled

Compilation events (10 events):
Event: 3.637 Thread 0x0000000014da0800  224       3       sun.misc.PerfCounter::addElapsedTimeFrom (10 bytes)
Event: 3.638 Thread 0x0000000014da0800 nmethod 224 0x00000000027ffdd0 code [0x00000000027fff80, 0x00000000028006d8]
Event: 3.644 Thread 0x0000000014da0800  225   !   3       com.android.dx.rop.cst.StdConstantPool::get (24 bytes)
Event: 3.647 Thread 0x0000000014da0800 nmethod 225 0x0000000002801c10 code [0x0000000002801ea0, 0x0000000002802f18]
Event: 3.647 Thread 0x0000000014da0800  226       3       java.util.HashMap::afterNodeInsertion (1 bytes)
Event: 3.648 Thread 0x0000000014da0800 nmethod 226 0x00000000027ffad0 code [0x00000000027ffc20, 0x00000000027ffd70]
Event: 3.703 Thread 0x0000000014da0800  227   !   3       com.android.dx.cf.cst.ConstantPoolParser::parse0 (731 bytes)
Event: 3.704 Thread 0x0000000014d4e000  228       4       com.android.dx.util.ByteArray::getUnsignedByte (14 bytes)
Event: 3.708 Thread 0x0000000014d4e000 nmethod 228 0x0000000002805290 code [0x00000000028053e0, 0x00000000028054f8]
Event: 3.713 Thread 0x0000000014d4e000  235       4       java.lang.String::startsWith (72 bytes)

GC Heap History (0 events):
No events

Deoptimization events (1 events):
Event: 2.967 Thread 0x0000000002580800 Uncommon trap: reason=unstable_if action=reinterpret pc=0x00000000027d5450 method=java.lang.String.indexOf(II)I @ 49

Internal exceptions (2 events):
Event: 0.668 Thread 0x0000000002580800 Exception <a 'java/lang/NoSuchMethodError': Method sun.misc.Unsafe.defineClass(Ljava/lang/String;[BII)Ljava/lang/Class; name or signature does not match> (0x00000000eab07cc0) thrown at [C:\src\android\AOSP-openjdk\external\jetbrains\jdk\hotspot\src\share\v·ðn(®cå?
Event: 0.668 Thread 0x0000000002580800 Exception <a 'java/lang/NoSuchMethodError': Method sun.misc.Unsafe.prefetchRead(Ljava/lang/Object;J)V name or signature does not match> (0x00000000eab07fa8) thrown at [C:\src\android\AOSP-openjdk\external\jetbrains\jdk\hotspot\src\share\vm\prims\jni.cpp, l

Events (10 events):
Event: 3.650 loading class com/android/dx/dex/cf/CfTranslator
Event: 3.650 loading class com/android/dx/dex/cf/CfTranslator done
Event: 3.654 loading class java/util/TreeMap$Entry
Event: 3.700 loading class java/util/TreeMap$Entry done
Event: 3.700 loading class com/android/dx/cf/attrib/AttRuntimeInvisibleParameterAnnotations
Event: 3.700 loading class com/android/dx/cf/attrib/AttRuntimeInvisibleParameterAnnotations done
Event: 3.701 loading class com/android/dx/cf/attrib/BaseParameterAnnotations
Event: 3.701 loading class com/android/dx/cf/attrib/BaseParameterAnnotations done
Event: 3.713 loading class com/android/dx/cf/direct/DirectClassFile$DcfTypeList
Event: 3.713 loading class com/android/dx/cf/direct/DirectClassFile$DcfTypeList done


Dynamic libraries:
0x00007ff70d1a0000 - 0x00007ff70d1d1000 	D:\Android\AndroidStudio\jre\bin\java.exe
0x00007ffea56e0000 - 0x00007ffea588d000 	C:\WINDOWS\SYSTEM32\ntdll.dll
0x00007ffea52d0000 - 0x00007ffea540e000 	C:\WINDOWS\system32\KERNEL32.DLL
0x00007ffea28d0000 - 0x00007ffea29e5000 	C:\WINDOWS\system32\KERNELBASE.dll
0x00007ffea3210000 - 0x00007ffea32ba000 	C:\WINDOWS\system32\ADVAPI32.dll
0x00007ffea3030000 - 0x00007ffea31a7000 	C:\WINDOWS\system32\USER32.dll
0x00007ffea05a0000 - 0x00007ffea081a000 	C:\WINDOWS\WinSxS\amd64_microsoft.windows.common-controls_6595b64144ccf1df_6.0.9600.17810_none_6240b9c7ecbd0bda\COMCTL32.dll
0x00007ffea5630000 - 0x00007ffea56da000 	C:\WINDOWS\system32\msvcrt.dll
0x00007ffea31b0000 - 0x00007ffea3209000 	C:\WINDOWS\SYSTEM32\sechost.dll
0x00007ffea2e20000 - 0x00007ffea2f60000 	C:\WINDOWS\system32\RPCRT4.dll
0x00007ffea4f60000 - 0x00007ffea50af000 	C:\WINDOWS\system32\GDI32.dll
0x00007ffea2ce0000 - 0x00007ffea2d0e000 	C:\WINDOWS\system32\SspiCli.dll
0x00007ffea3390000 - 0x00007ffea33c6000 	C:\WINDOWS\system32\IMM32.DLL
0x00007ffea33d0000 - 0x00007ffea3522000 	C:\WINDOWS\system32\MSCTF.dll
0x0000000050560000 - 0x0000000050632000 	D:\Android\AndroidStudio\jre\jre\bin\msvcr100.dll
0x0000000050720000 - 0x0000000050f54000 	D:\Android\AndroidStudio\jre\jre\bin\server\jvm.dll
0x00007ffe98c80000 - 0x00007ffe98c89000 	C:\WINDOWS\SYSTEM32\WSOCK32.dll
0x00007ffe92e90000 - 0x00007ffe92eb2000 	C:\WINDOWS\SYSTEM32\WINMM.dll
0x00007ffe9b960000 - 0x00007ffe9b96a000 	C:\WINDOWS\SYSTEM32\VERSION.dll
0x00007ffea3770000 - 0x00007ffea3777000 	C:\WINDOWS\system32\PSAPI.DLL
0x00007ffea3530000 - 0x00007ffea358a000 	C:\WINDOWS\system32\WS2_32.dll
0x00007ffe92df0000 - 0x00007ffe92e1a000 	C:\WINDOWS\SYSTEM32\WINMMBASE.dll
0x00007ffea3590000 - 0x00007ffea3599000 	C:\WINDOWS\system32\NSI.dll
0x00007ffea2d10000 - 0x00007ffea2d5f000 	C:\WINDOWS\SYSTEM32\cfgmgr32.dll
0x00007ffea1630000 - 0x00007ffea1658000 	C:\WINDOWS\SYSTEM32\DEVOBJ.dll
0x00007ffe9ec20000 - 0x00007ffe9ec2f000 	D:\Android\AndroidStudio\jre\jre\bin\verify.dll
0x00007ffe8d680000 - 0x00007ffe8d6a9000 	D:\Android\AndroidStudio\jre\jre\bin\java.dll
0x00007ffe94de0000 - 0x00007ffe94df6000 	D:\Android\AndroidStudio\jre\jre\bin\zip.dll
0x00007ffea3a30000 - 0x00007ffea4f58000 	C:\WINDOWS\system32\SHELL32.dll
0x00007ffea50b0000 - 0x00007ffea52c1000 	C:\WINDOWS\SYSTEM32\combase.dll
0x00007ffea2f60000 - 0x00007ffea2fb4000 	C:\WINDOWS\system32\SHLWAPI.dll
0x00007ffea0eb0000 - 0x00007ffea0f62000 	C:\WINDOWS\SYSTEM32\SHCORE.dll
0x00007ffea2800000 - 0x00007ffea2815000 	C:\WINDOWS\SYSTEM32\profapi.dll

VM Arguments:
jvm_args: -Djava.awt.headless=true -Xmx1024M -Dfile.encoding=windows-1252 -Duser.country=US -Duser.language=en -Duser.variant 
java_command: com.android.dx.command.Main --dex --force-jumbo --num-threads=4 --multi-dex --output D:\Mozilla Downloads\and-nd-firebase-1.00-starting-point\app\build\intermediates\transforms\dex\debug\folders\1000\10\internal_impl-24.2.0_a8262262e6615da752f6d973da3c8400546ed8cd D:\Mozilla Downloads\and-nd-firebase-1.00-starting-point\app\build\intermediates\exploded-aar\com.android.support\support-media-compat\24.2.0\jars\libs\internal_impl-24.2.0.jar
java_class_path (initial): D:\Android\sdk\build-tools\24.0.1\lib\dx.jar
Launcher Type: SUN_STANDARD

Environment Variables:
PATH=C:\ProgramData\Oracle\Java\javapath;C:\Program Files (x86)\Intel\iCLS Client\;C:\Program Files\Intel\iCLS Client\;C:\WINDOWS\system32;C:\WINDOWS;C:\WINDOWS\System32\Wbem;C:\WINDOWS\System32\WindowsPowerShell\v1.0\;C:\Program Files\Intel\Intel(R) Management Engine Components\DAL;C:\Program Files (x86)\Intel\Intel(R) Management Engine Components\DAL;C:\Program Files\Intel\Intel(R) Management Engine Components\IPT;C:\Program Files (x86)\Intel\Intel(R) Management Engine Components\IPT;C:\Program Files (x86)\Skype\Phone\
USERNAME=Hamid-PC
OS=Windows_NT
PROCESSOR_IDENTIFIER=Intel64 Family 6 Model 61 Stepping 4, GenuineIntel



---------------  S Y S T E M  ---------------

OS: Windows 8.1 , 64 bit Build 9600 (6.3.9600.17415)

CPU:total 4 (2 cores per cpu, 2 threads per core) family 6 model 61 stepping 4, cmov, cx8, fxsr, mmx, sse, sse2, sse3, ssse3, sse4.1, sse4.2, popcnt, avx, avx2, aes, clmul, erms, 3dnowpref, lzcnt, ht, tsc, tscinvbit, bmi1, bmi2, adx

Memory: 4k page, physical 4107980k(93992k free), swap 6650136k(6412k free)

vm_info: OpenJDK 64-Bit Server VM (25.76-b03) for windows-amd64 JRE (1.8.0_76-release-b03), built on Jun 29 2016 19:09:20 by "ralucas" with MS VC++ 10.0 (VS2010)

time: Thu Dec 15 16:09:14 2016
elapsed time: 3 seconds (0d 0h 0m 3s)

