#
# There is insufficient memory for the Java Runtime Environment to continue.
# Native memory allocation (malloc) failed to allocate 36816 bytes for Chunk::new
# Possible reasons:
#   The system is out of physical RAM or swap space
#   In 32 bit mode, the process size limit was hit
# Possible solutions:
#   Reduce memory load on the system
#   Increase physical memory or swap space
#   Check if swap backing store is full
#   Use 64 bit Java on a 64 bit OS
#   Decrease Java heap size (-Xmx/-Xms)
#   Decrease number of Java threads
#   Decrease Java thread stack sizes (-Xss)
#   Set larger code cache with -XX:ReservedCodeCacheSize=
# This output file may be truncated or incomplete.
#
#  Out of Memory Error (allocation.cpp:390), pid=1204, tid=0x0000000000001700
#
# JRE version: OpenJDK Runtime Environment (8.0_76-b03) (build 1.8.0_76-release-b03)
# Java VM: OpenJDK 64-Bit Server VM (25.76-b03 mixed mode windows-amd64 compressed oops)
# Failed to write core dump. Minidumps are not enabled by default on client versions of Windows
#

---------------  T H R E A D  ---------------

Current thread (0x00000000148bb800):  JavaThread "C2 CompilerThread0" daemon [_thread_in_native, id=5888, stack(0x0000000015e10000,0x0000000015f10000)]

Stack: [0x0000000015e10000,0x0000000015f10000]
[error occurred during error reporting (printing stack bounds), id 0xc0000005]

Native frames: (J=compiled Java code, j=interpreted, Vv=VM code, C=native code)


Current CompileTask:
C2:   7260 1141       4       com.android.dx.ssa.SsaMethod::deleteInsns (239 bytes)


---------------  P R O C E S S  ---------------

Java Threads: ( => current thread )
  0x00000000163e6800 JavaThread "pool-2-thread-4" [_thread_in_vm, id=2428, stack(0x0000000016b10000,0x0000000016c10000)]
  0x00000000163e4800 JavaThread "pool-2-thread-3" [_thread_in_Java, id=5252, stack(0x0000000016a10000,0x0000000016b10000)]
  0x00000000163db800 JavaThread "pool-2-thread-2" [_thread_in_Java, id=5820, stack(0x0000000016910000,0x0000000016a10000)]
  0x00000000164d9800 JavaThread "pool-3-thread-1" [_thread_blocked, id=96, stack(0x0000000016810000,0x0000000016910000)]
  0x0000000016369800 JavaThread "pool-2-thread-1" [_thread_in_Java, id=2112, stack(0x0000000016710000,0x0000000016810000)]
  0x0000000016113000 JavaThread "Service Thread" daemon [_thread_blocked, id=5140, stack(0x0000000016510000,0x0000000016610000)]
  0x000000001491b800 JavaThread "C1 CompilerThread2" daemon [_thread_in_native, id=4436, stack(0x0000000016010000,0x0000000016110000)]
  0x0000000014915800 JavaThread "C2 CompilerThread1" daemon [_thread_blocked, id=712, stack(0x0000000015f10000,0x0000000016010000)]
=>0x00000000148bb800 JavaThread "C2 CompilerThread0" daemon [_thread_in_native, id=5888, stack(0x0000000015e10000,0x0000000015f10000)]
  0x00000000148ba000 JavaThread "Attach Listener" daemon [_thread_blocked, id=2512, stack(0x0000000015d10000,0x0000000015e10000)]
  0x00000000148b9000 JavaThread "Signal Dispatcher" daemon [_thread_blocked, id=3636, stack(0x0000000015c10000,0x0000000015d10000)]
  0x00000000148a8000 JavaThread "Finalizer" daemon [_thread_blocked, id=5348, stack(0x0000000015b10000,0x0000000015c10000)]
  0x00000000021df000 JavaThread "Reference Handler" daemon [_thread_blocked, id=4804, stack(0x0000000015a10000,0x0000000015b10000)]
  0x00000000020f0800 JavaThread "main" [_thread_in_Java, id=4300, stack(0x0000000001ff0000,0x00000000020f0000)]

Other Threads:
  0x0000000014885800 VMThread [stack: 0x0000000015910000,0x0000000015a10000] [id=5276]
  0x0000000016113800 WatcherThread [stack: 0x0000000016610000,0x0000000016710000] [id=4692]

VM state:not at safepoint (normal execution)

VM Mutex/Monitor currently owned by a thread: None

Heap:
 PSYoungGen      total 18944K, used 11827K [0x00000000eab00000, 0x00000000ed000000, 0x0000000100000000)
  eden space 16384K, 56% used [0x00000000eab00000,0x00000000eb413460,0x00000000ebb00000)
  from space 2560K, 99% used [0x00000000ebb00000,0x00000000ebd799b0,0x00000000ebd80000)
  to   space 2560K, 0% used [0x00000000ecd80000,0x00000000ecd80000,0x00000000ed000000)
 ParOldGen       total 44032K, used 1699K [0x00000000c0000000, 0x00000000c2b00000, 0x00000000eab00000)
  object space 44032K, 3% used [0x00000000c0000000,0x00000000c01a8d80,0x00000000c2b00000)
 Metaspace       used 5867K, capacity 6832K, committed 7040K, reserved 1056768K
  class space    used 572K, capacity 616K, committed 640K, reserved 1048576K

Card table byte_map: [0x00000000115b0000,0x00000000117c0000] byte_map_base: 0x0000000010fb0000

Marking Bits: (ParMarkBitMap*) 0x0000000069db9d00
 Begin Bits: [0x0000000011d20000, 0x0000000012d20000)
 End Bits:   [0x0000000012d20000, 0x0000000013d20000)

Polling page: 0x0000000000700000

CodeCache: size=245760Kb used=4659Kb max_used=4659Kb free=241100Kb
 bounds [0x00000000021f0000, 0x0000000002690000, 0x00000000111f0000]
 total_blobs=1414 nmethods=1146 adapters=182
 compilation: enabled

Compilation events (10 events):
Event: 7.237 Thread 0x000000001491b800 nmethod 1138 0x000000000267d110 code [0x000000000267d320, 0x000000000267dda8]
Event: 7.238 Thread 0x0000000014915800 1143       4       java.util.ArrayList::grow (45 bytes)
Event: 7.244 Thread 0x0000000014915800 nmethod 1143 0x000000000267b650 code [0x000000000267b7a0, 0x000000000267b9f8]
Event: 7.251 Thread 0x000000001491b800 1144       3       java.lang.Float::isNaN (12 bytes)
Event: 7.251 Thread 0x000000001491b800 nmethod 1144 0x0000000002670710 code [0x0000000002670860, 0x0000000002670a10]
Event: 7.251 Thread 0x000000001491b800 1145       3       com.android.dx.ssa.LocalVariableInfo::addAssignment (43 bytes)
Event: 7.252 Thread 0x0000000014915800 1147       4       com.android.dx.rop.code.PlainInsn::accept (8 bytes)
Event: 7.253 Thread 0x000000001491b800 nmethod 1145 0x000000000267c310 code [0x000000000267c500, 0x000000000267cd88]
Event: 7.253 Thread 0x000000001491b800 1146       3       com.android.dx.ssa.DeadCodeRemover::run (194 bytes)
Event: 7.253 Thread 0x0000000014915800 nmethod 1147 0x000000000267e510 code [0x000000000267e640, 0x000000000267e6b8]

GC Heap History (2 events):
Event: 5.511 GC heap before
{Heap before GC invocations=1 (full 0):
 PSYoungGen      total 18944K, used 16384K [0x00000000eab00000, 0x00000000ec000000, 0x0000000100000000)
  eden space 16384K, 100% used [0x00000000eab00000,0x00000000ebb00000,0x00000000ebb00000)
  from space 2560K, 0% used [0x00000000ebd80000,0x00000000ebd80000,0x00000000ec000000)
  to   space 2560K, 0% used [0x00000000ebb00000,0x00000000ebb00000,0x00000000ebd80000)
 ParOldGen       total 44032K, used 0K [0x00000000c0000000, 0x00000000c2b00000, 0x00000000eab00000)
  object space 44032K, 0% used [0x00000000c0000000,0x00000000c0000000,0x00000000c2b00000)
 Metaspace       used 5536K, capacity 6576K, committed 6784K, reserved 1056768K
  class space    used 569K, capacity 616K, committed 640K, reserved 1048576K
Event: 5.683 GC heap after
Heap after GC invocations=1 (full 0):
 PSYoungGen      total 18944K, used 2534K [0x00000000eab00000, 0x00000000ed000000, 0x0000000100000000)
  eden space 16384K, 0% used [0x00000000eab00000,0x00000000eab00000,0x00000000ebb00000)
  from space 2560K, 99% used [0x00000000ebb00000,0x00000000ebd799b0,0x00000000ebd80000)
  to   space 2560K, 0% used [0x00000000ecd80000,0x00000000ecd80000,0x00000000ed000000)
 ParOldGen       total 44032K, used 1699K [0x00000000c0000000, 0x00000000c2b00000, 0x00000000eab00000)
  object space 44032K, 3% used [0x00000000c0000000,0x00000000c01a8d80,0x00000000c2b00000)
 Metaspace       used 5536K, capacity 6576K, committed 6784K, reserved 1056768K
  class space    used 569K, capacity 616K, committed 640K, reserved 1048576K
}

Deoptimization events (6 events):
Event: 1.972 Thread 0x00000000020f0800 Uncommon trap: reason=unstable_if action=reinterpret pc=0x0000000002342998 method=java.lang.String.indexOf(II)I @ 49
Event: 2.461 Thread 0x00000000020f0800 Uncommon trap: reason=unstable_if action=reinterpret pc=0x00000000023cc350 method=java.lang.String.<init>([CII)V @ 18
Event: 5.766 Thread 0x00000000163e6800 Uncommon trap: reason=unstable_if action=reinterpret pc=0x0000000002446000 method=java.util.HashMap.getNode(ILjava/lang/Object;)Ljava/util/HashMap$Node; @ 62
Event: 5.773 Thread 0x00000000163e6800 Uncommon trap: reason=unstable_if action=reinterpret pc=0x00000000024b3534 method=java.util.BitSet.ensureCapacity(I)V @ 6
Event: 5.773 Thread 0x00000000163e6800 Uncommon trap: reason=unstable_if action=reinterpret pc=0x0000000002493330 method=java.util.BitSet.nextSetBit(I)I @ 87
Event: 6.278 Thread 0x00000000163e4800 Uncommon trap: reason=unstable_if action=reinterpret pc=0x00000000024b245c method=com.android.dx.rop.cst.Constant.compareTo(Lcom/android/dx/rop/cst/Constant;)I @ 12

Internal exceptions (2 events):
Event: 0.232 Thread 0x00000000020f0800 Exception <a 'java/lang/NoSuchMethodError': Method sun.misc.Unsafe.defineClass(Ljava/lang/String;[BII)Ljava/lang/Class; name or signature does not match> (0x00000000eab07cc0) thrown at [C:\src\android\AOSP-openjdk\external\jetbrains\jdk\hotspot\src\share\vÎ4VÅE≈Õ?
Event: 0.233 Thread 0x00000000020f0800 Exception <a 'java/lang/NoSuchMethodError': Method sun.misc.Unsafe.prefetchRead(Ljava/lang/Object;J)V name or signature does not match> (0x00000000eab07fa8) thrown at [C:\src\android\AOSP-openjdk\external\jetbrains\jdk\hotspot\src\share\vm\prims\jni.cpp, l

Events (10 events):
Event: 5.773 Thread 0x00000000163e6800 DEOPT PACKING pc=0x00000000024b3534 sp=0x0000000016c0eb60
Event: 5.773 Thread 0x00000000163e6800 DEOPT UNPACKING pc=0x000000000223556a sp=0x0000000016c0ea48 mode 2
Event: 5.773 Thread 0x00000000163e6800 Uncommon trap: trap_request=0xffffff65 fr.pc=0x0000000002493330
Event: 5.773 Thread 0x00000000163e6800 DEOPT PACKING pc=0x0000000002493330 sp=0x0000000016c0ebe0
Event: 5.773 Thread 0x00000000163e6800 DEOPT UNPACKING pc=0x000000000223556a sp=0x0000000016c0eb78 mode 2
Event: 5.841 loading class java/util/DualPivotQuicksort
Event: 5.842 loading class java/util/DualPivotQuicksort done
Event: 6.278 Thread 0x00000000163e4800 Uncommon trap: trap_request=0xffffff65 fr.pc=0x00000000024b245c
Event: 6.278 Thread 0x00000000163e4800 DEOPT PACKING pc=0x00000000024b245c sp=0x0000000016b0e980
Event: 6.278 Thread 0x00000000163e4800 DEOPT UNPACKING pc=0x000000000223556a sp=0x0000000016b0e920 mode 2


Dynamic libraries:
0x00007ff766640000 - 0x00007ff766671000 	D:\Android\AndroidStudio\jre\bin\java.exe
0x00007ffb46030000 - 0x00007ffb461dd000 	C:\WINDOWS\SYSTEM32\ntdll.dll
0x00007ffb44000000 - 0x00007ffb4413e000 	C:\WINDOWS\system32\KERNEL32.DLL
0x00007ffb43330000 - 0x00007ffb43445000 	C:\WINDOWS\system32\KERNELBASE.dll
0x00007ffb43980000 - 0x00007ffb43a2a000 	C:\WINDOWS\system32\ADVAPI32.dll
0x00007ffb43e10000 - 0x00007ffb43f87000 	C:\WINDOWS\system32\USER32.dll
0x00007ffb40df0000 - 0x00007ffb4106a000 	C:\WINDOWS\WinSxS\amd64_microsoft.windows.common-controls_6595b64144ccf1df_6.0.9600.17810_none_6240b9c7ecbd0bda\COMCTL32.dll
0x00007ffb436b0000 - 0x00007ffb4375a000 	C:\WINDOWS\system32\msvcrt.dll
0x00007ffb43a30000 - 0x00007ffb43a89000 	C:\WINDOWS\SYSTEM32\sechost.dll
0x00007ffb44140000 - 0x00007ffb44280000 	C:\WINDOWS\system32\RPCRT4.dll
0x00007ffb45830000 - 0x00007ffb4597f000 	C:\WINDOWS\system32\GDI32.dll
0x00007ffb43630000 - 0x00007ffb4365e000 	C:\WINDOWS\system32\SspiCli.dll
0x00007ffb43af0000 - 0x00007ffb43b26000 	C:\WINDOWS\system32\IMM32.DLL
0x00007ffb45980000 - 0x00007ffb45ad2000 	C:\WINDOWS\system32\MSCTF.dll
0x0000000069520000 - 0x00000000695f2000 	D:\Android\AndroidStudio\jre\jre\bin\msvcr100.dll
0x0000000069600000 - 0x0000000069e34000 	D:\Android\AndroidStudio\jre\jre\bin\server\jvm.dll
0x00007ffb3a960000 - 0x00007ffb3a969000 	C:\WINDOWS\SYSTEM32\WSOCK32.dll
0x00007ffb39250000 - 0x00007ffb39272000 	C:\WINDOWS\SYSTEM32\WINMM.dll
0x00007ffb3c820000 - 0x00007ffb3c82a000 	C:\WINDOWS\SYSTEM32\VERSION.dll
0x00007ffb43e00000 - 0x00007ffb43e07000 	C:\WINDOWS\system32\PSAPI.DLL
0x00007ffb44280000 - 0x00007ffb442da000 	C:\WINDOWS\system32\WS2_32.dll
0x00007ffb39150000 - 0x00007ffb3917a000 	C:\WINDOWS\SYSTEM32\WINMMBASE.dll
0x00007ffb45820000 - 0x00007ffb45829000 	C:\WINDOWS\system32\NSI.dll
0x00007ffb43660000 - 0x00007ffb436af000 	C:\WINDOWS\SYSTEM32\cfgmgr32.dll
0x00007ffb41f70000 - 0x00007ffb41f98000 	C:\WINDOWS\SYSTEM32\DEVOBJ.dll
0x00007ffb3f0a0000 - 0x00007ffb3f0af000 	D:\Android\AndroidStudio\jre\jre\bin\verify.dll
0x00007ffb3bae0000 - 0x00007ffb3bb09000 	D:\Android\AndroidStudio\jre\jre\bin\java.dll
0x00007ffb3ec30000 - 0x00007ffb3ec46000 	D:\Android\AndroidStudio\jre\jre\bin\zip.dll
0x00007ffb442e0000 - 0x00007ffb45808000 	C:\WINDOWS\system32\SHELL32.dll
0x00007ffb43760000 - 0x00007ffb43971000 	C:\WINDOWS\SYSTEM32\combase.dll
0x00007ffb43a90000 - 0x00007ffb43ae4000 	C:\WINDOWS\system32\SHLWAPI.dll
0x00007ffb41790000 - 0x00007ffb41842000 	C:\WINDOWS\SYSTEM32\SHCORE.dll
0x00007ffb43150000 - 0x00007ffb43165000 	C:\WINDOWS\SYSTEM32\profapi.dll

VM Arguments:
jvm_args: -Djava.awt.headless=true -Xmx1024M -Dfile.encoding=windows-1252 -Duser.country=US -Duser.language=en -Duser.variant 
java_command: com.android.dx.command.Main --dex --force-jumbo --num-threads=4 --multi-dex --output D:\Mozilla Downloads\and-nd-firebase-1.00-starting-point\app\build\intermediates\transforms\dex\debug\folders\1000\10\glide-3.6.1_20ac25cbabf8caae442cc176a730af9af95b8a25 D:\Android\.gradle\caches\modules-2\files-2.1\com.github.bumptech.glide\glide\3.6.1\86b122e640af09b0723e1fa44083c354ba6d9089\glide-3.6.1.jar
java_class_path (initial): D:\Android\sdk\build-tools\24.0.1\lib\dx.jar
Launcher Type: SUN_STANDARD

Environment Variables:
PATH=C:\ProgramData\Oracle\Java\javapath;C:\Program Files (x86)\Intel\iCLS Client\;C:\Program Files\Intel\iCLS Client\;C:\WINDOWS\system32;C:\WINDOWS;C:\WINDOWS\System32\Wbem;C:\WINDOWS\System32\WindowsPowerShell\v1.0\;C:\Program Files\Intel\Intel(R) Management Engine Components\DAL;C:\Program Files (x86)\Intel\Intel(R) Management Engine Components\DAL;C:\Program Files\Intel\Intel(R) Management Engine Components\IPT;C:\Program Files (x86)\Intel\Intel(R) Management Engine Components\IPT;C:\Program Files\Microsoft SQL Server\110\Tools\Binn\
USERNAME=Hamid-PC
OS=Windows_NT
PROCESSOR_IDENTIFIER=Intel64 Family 6 Model 61 Stepping 4, GenuineIntel



---------------  S Y S T E M  ---------------

OS: Windows 8.1 , 64 bit Build 9600 (6.3.9600.17415)

CPU:total 4 (2 cores per cpu, 2 threads per core) family 6 model 61 stepping 4, cmov, cx8, fxsr, mmx, sse, sse2, sse3, ssse3, sse4.1, sse4.2, popcnt, avx, avx2, aes, clmul, erms, 3dnowpref, lzcnt, ht, tsc, tscinvbit, bmi1, bmi2, adx

Memory: 4k page, physical 4107980k(275120k free), swap 5209432k(5068k free)

vm_info: OpenJDK 64-Bit Server VM (25.76-b03) for windows-amd64 JRE (1.8.0_76-release-b03), built on Jun 29 2016 19:09:20 by "ralucas" with MS VC++ 10.0 (VS2010)

time: Thu Dec 22 18:55:31 2016
elapsed time: 7 seconds (0d 0h 0m 7s)

