#
# There is insufficient memory for the Java Runtime Environment to continue.
# Native memory allocation (malloc) failed to allocate 100816 bytes for Chunk::new
# Possible reasons:
#   The system is out of physical RAM or swap space
#   In 32 bit mode, the process size limit was hit
# Possible solutions:
#   Reduce memory load on the system
#   Increase physical memory or swap space
#   Check if swap backing store is full
#   Use 64 bit Java on a 64 bit OS
#   Decrease Java heap size (-Xmx/-Xms)
#   Decrease number of Java threads
#   Decrease Java thread stack sizes (-Xss)
#   Set larger code cache with -XX:ReservedCodeCacheSize=
# This output file may be truncated or incomplete.
#
#  Out of Memory Error (allocation.cpp:390), pid=4936, tid=0x0000000000000d2c
#
# JRE version: OpenJDK Runtime Environment (8.0_76-b03) (build 1.8.0_76-release-b03)
# Java VM: OpenJDK 64-Bit Server VM (25.76-b03 mixed mode windows-amd64 compressed oops)
# Failed to write core dump. Minidumps are not enabled by default on client versions of Windows
#

---------------  T H R E A D  ---------------

Current thread (0x0000000014daa800):  JavaThread "C2 CompilerThread0" daemon [_thread_in_native, id=3372, stack(0x0000000016400000,0x0000000016500000)]

Stack: [0x0000000016400000,0x0000000016500000]
[error occurred during error reporting (printing stack bounds), id 0xc0000005]

Native frames: (J=compiled Java code, j=interpreted, Vv=VM code, C=native code)


Current CompileTask:
C2:   5172 1185 %     4       com.android.dx.ssa.SsaMethod::computeReachability @ 95 (131 bytes)


---------------  P R O C E S S  ---------------

Java Threads: ( => current thread )
  0x0000000016965000 JavaThread "pool-2-thread-4" [_thread_blocked, id=5284, stack(0x0000000017100000,0x0000000017200000)]
  0x0000000016964000 JavaThread "pool-2-thread-3" [_thread_blocked, id=2528, stack(0x0000000017000000,0x0000000017100000)]
  0x0000000016963000 JavaThread "pool-2-thread-2" [_thread_in_Java, id=5824, stack(0x0000000016f00000,0x0000000017000000)]
  0x000000001695c000 JavaThread "pool-3-thread-1" [_thread_blocked, id=4512, stack(0x0000000016e00000,0x0000000016f00000)]
  0x000000001695b000 JavaThread "pool-2-thread-1" [_thread_in_Java, id=4084, stack(0x0000000016d00000,0x0000000016e00000)]
  0x0000000016700800 JavaThread "Service Thread" daemon [_thread_blocked, id=1972, stack(0x0000000016b00000,0x0000000016c00000)]
  0x0000000014e0a800 JavaThread "C1 CompilerThread2" daemon [_thread_in_native, id=2680, stack(0x0000000016600000,0x0000000016700000)]
  0x0000000014e08000 JavaThread "C2 CompilerThread1" daemon [_thread_in_native, id=3160, stack(0x0000000016500000,0x0000000016600000)]
=>0x0000000014daa800 JavaThread "C2 CompilerThread0" daemon [_thread_in_native, id=3372, stack(0x0000000016400000,0x0000000016500000)]
  0x0000000014da9800 JavaThread "Attach Listener" daemon [_thread_blocked, id=3596, stack(0x0000000016300000,0x0000000016400000)]
  0x0000000014da8000 JavaThread "Signal Dispatcher" daemon [_thread_blocked, id=2700, stack(0x0000000016200000,0x0000000016300000)]
  0x00000000026d4800 JavaThread "Finalizer" daemon [_thread_blocked, id=4072, stack(0x0000000016020000,0x0000000016120000)]
  0x00000000026cf000 JavaThread "Reference Handler" daemon [_thread_blocked, id=1568, stack(0x0000000015f20000,0x0000000016020000)]
  0x00000000025e0800 JavaThread "main" [_thread_blocked, id=5744, stack(0x0000000002470000,0x0000000002570000)]

Other Threads:
  0x0000000014d75800 VMThread [stack: 0x0000000015e20000,0x0000000015f20000] [id=6112]
  0x0000000014e0e800 WatcherThread [stack: 0x0000000016c00000,0x0000000016d00000] [id=5604]

VM state:not at safepoint (normal execution)

VM Mutex/Monitor currently owned by a thread: None

Heap:
 PSYoungGen      total 18944K, used 16507K [0x00000000eab00000, 0x00000000ec000000, 0x0000000100000000)
  eden space 16384K, 85% used [0x00000000eab00000,0x00000000eb8a4168,0x00000000ebb00000)
  from space 2560K, 99% used [0x00000000ebb00000,0x00000000ebd7aaa8,0x00000000ebd80000)
  to   space 2560K, 0% used [0x00000000ebd80000,0x00000000ebd80000,0x00000000ec000000)
 ParOldGen       total 44032K, used 1617K [0x00000000c0000000, 0x00000000c2b00000, 0x00000000eab00000)
  object space 44032K, 3% used [0x00000000c0000000,0x00000000c01944b0,0x00000000c2b00000)
 Metaspace       used 5857K, capacity 6832K, committed 7040K, reserved 1056768K
  class space    used 567K, capacity 616K, committed 640K, reserved 1048576K

Card table byte_map: [0x0000000011aa0000,0x0000000011cb0000] byte_map_base: 0x00000000114a0000

Marking Bits: (ParMarkBitMap*) 0x0000000069db9d00
 Begin Bits: [0x0000000012210000, 0x0000000013210000)
 End Bits:   [0x0000000013210000, 0x0000000014210000)

Polling page: 0x0000000000bb0000

CodeCache: size=245760Kb used=4780Kb max_used=4780Kb free=240979Kb
 bounds [0x00000000026e0000, 0x0000000002b90000, 0x00000000116e0000]
 total_blobs=1469 nmethods=1202 adapters=181
 compilation: enabled

Compilation events (10 events):
Event: 5.160 Thread 0x0000000014e0a800 nmethod 1198 0x0000000002b88b10 code [0x0000000002b88d40, 0x0000000002b89b38]
Event: 5.160 Thread 0x0000000014e0a800 1202       3       com.android.dx.util.FixedSizeList::shrinkToFit (103 bytes)
Event: 5.161 Thread 0x0000000014e0a800 nmethod 1202 0x0000000002b8a110 code [0x0000000002b8a2c0, 0x0000000002b8ab48]
Event: 5.161 Thread 0x0000000014e0a800 1203       3       com.android.dx.dex.file.DexFile::internIfAppropriate (128 bytes)
Event: 5.163 Thread 0x0000000014e0a800 nmethod 1203 0x0000000002b8ae90 code [0x0000000002b8b120, 0x0000000002b8c698]
Event: 5.163 Thread 0x0000000014e0a800 1205       3       com.android.dx.ssa.SsaConverter::edgeSplitPredecessors (44 bytes)
Event: 5.165 Thread 0x0000000014e0a800 nmethod 1205 0x0000000002b8cc10 code [0x0000000002b8ce20, 0x0000000002b8d7e8]
Event: 5.165 Thread 0x0000000014e0a800 1204       3       com.android.dx.rop.code.Rops::opGetField (97 bytes)
Event: 5.167 Thread 0x0000000014e0a800 nmethod 1204 0x0000000002b8dd50 code [0x0000000002b8df80, 0x0000000002b8ebf8]
Event: 5.168 Thread 0x0000000014e0a800 1206       3       com.android.dx.rop.cst.CstBaseMethodRef::isInstanceInit (8 bytes)

GC Heap History (2 events):
Event: 3.193 GC heap before
{Heap before GC invocations=1 (full 0):
 PSYoungGen      total 18944K, used 16384K [0x00000000eab00000, 0x00000000ec000000, 0x0000000100000000)
  eden space 16384K, 100% used [0x00000000eab00000,0x00000000ebb00000,0x00000000ebb00000)
  from space 2560K, 0% used [0x00000000ebd80000,0x00000000ebd80000,0x00000000ec000000)
  to   space 2560K, 0% used [0x00000000ebb00000,0x00000000ebb00000,0x00000000ebd80000)
 ParOldGen       total 44032K, used 0K [0x00000000c0000000, 0x00000000c2b00000, 0x00000000eab00000)
  object space 44032K, 0% used [0x00000000c0000000,0x00000000c0000000,0x00000000c2b00000)
 Metaspace       used 5707K, capacity 6768K, committed 7040K, reserved 1056768K
  class space    used 566K, capacity 616K, committed 640K, reserved 1048576K
Event: 3.215 GC heap after
Heap after GC invocations=1 (full 0):
 PSYoungGen      total 18944K, used 2538K [0x00000000eab00000, 0x00000000ec000000, 0x0000000100000000)
  eden space 16384K, 0% used [0x00000000eab00000,0x00000000eab00000,0x00000000ebb00000)
  from space 2560K, 99% used [0x00000000ebb00000,0x00000000ebd7aaa8,0x00000000ebd80000)
  to   space 2560K, 0% used [0x00000000ebd80000,0x00000000ebd80000,0x00000000ec000000)
 ParOldGen       total 44032K, used 1617K [0x00000000c0000000, 0x00000000c2b00000, 0x00000000eab00000)
  object space 44032K, 3% used [0x00000000c0000000,0x00000000c01944b0,0x00000000c2b00000)
 Metaspace       used 5707K, capacity 6768K, committed 7040K, reserved 1056768K
  class space    used 566K, capacity 616K, committed 640K, reserved 1048576K
}

Deoptimization events (6 events):
Event: 1.185 Thread 0x00000000025e0800 Uncommon trap: reason=unstable_if action=reinterpret pc=0x000000000282bcd8 method=java.lang.String.indexOf(II)I @ 49
Event: 2.704 Thread 0x0000000016963000 Uncommon trap: reason=unstable_if action=reinterpret pc=0x00000000028e0f14 method=java.util.HashMap.getNode(ILjava/lang/Object;)Ljava/util/HashMap$Node; @ 129
Event: 2.797 Thread 0x0000000016964000 Uncommon trap: reason=class_check action=maybe_recompile pc=0x00000000029ea678 method=com.android.dx.rop.type.Type.equals(Ljava/lang/Object;)Z @ 8
Event: 2.798 Thread 0x0000000016964000 Uncommon trap: reason=class_check action=maybe_recompile pc=0x00000000029ea678 method=com.android.dx.rop.type.Type.equals(Ljava/lang/Object;)Z @ 8
Event: 2.970 Thread 0x0000000016964000 Uncommon trap: reason=class_check action=maybe_recompile pc=0x00000000029ea678 method=com.android.dx.rop.type.Type.equals(Ljava/lang/Object;)Z @ 8
Event: 2.975 Thread 0x0000000016964000 Uncommon trap: reason=class_check action=maybe_recompile pc=0x00000000029ea678 method=com.android.dx.rop.type.Type.equals(Ljava/lang/Object;)Z @ 8

Internal exceptions (2 events):
Event: 0.129 Thread 0x00000000025e0800 Exception <a 'java/lang/NoSuchMethodError': Method sun.misc.Unsafe.defineClass(Ljava/lang/String;[BII)Ljava/lang/Class; name or signature does not match> (0x00000000eab07cc0) thrown at [C:\src\android\AOSP-openjdk\external\jetbrains\jdk\hotspot\src\share\v÷Kvp…À?
Event: 0.129 Thread 0x00000000025e0800 Exception <a 'java/lang/NoSuchMethodError': Method sun.misc.Unsafe.prefetchRead(Ljava/lang/Object;J)V name or signature does not match> (0x00000000eab07fa8) thrown at [C:\src\android\AOSP-openjdk\external\jetbrains\jdk\hotspot\src\share\vm\prims\jni.cpp, l

Events (10 events):
Event: 2.975 Thread 0x0000000016964000 DEOPT PACKING pc=0x00000000029ea678 sp=0x00000000170fe7b0
Event: 2.975 Thread 0x0000000016964000 DEOPT UNPACKING pc=0x000000000272556a sp=0x00000000170fe748 mode 2
Event: 3.192 Executing VM operation: ParallelGCFailedAllocation
Event: 3.215 Executing VM operation: ParallelGCFailedAllocation done
Event: 4.512 Executing VM operation: EnableBiasedLocking
Event: 4.516 Executing VM operation: EnableBiasedLocking done
Event: 5.033 Thread 0x00000000025e0800 DEOPT PACKING pc=0x000000000299a257 sp=0x000000000256e280
Event: 5.033 Thread 0x00000000025e0800 DEOPT UNPACKING pc=0x00000000027275bf sp=0x000000000256e060 mode 0
Event: 5.111 loading class com/android/dx/cf/attrib/AttEnclosingMethod
Event: 5.111 loading class com/android/dx/cf/attrib/AttEnclosingMethod done


Dynamic libraries:
0x00007ff766640000 - 0x00007ff766671000 	D:\Android\AndroidStudio\jre\bin\java.exe
0x00007ffb46030000 - 0x00007ffb461dd000 	C:\WINDOWS\SYSTEM32\ntdll.dll
0x00007ffb44000000 - 0x00007ffb4413e000 	C:\WINDOWS\system32\KERNEL32.DLL
0x00007ffb43330000 - 0x00007ffb43445000 	C:\WINDOWS\system32\KERNELBASE.dll
0x00007ffb43980000 - 0x00007ffb43a2a000 	C:\WINDOWS\system32\ADVAPI32.dll
0x00007ffb43e10000 - 0x00007ffb43f87000 	C:\WINDOWS\system32\USER32.dll
0x00007ffb40df0000 - 0x00007ffb4106a000 	C:\WINDOWS\WinSxS\amd64_microsoft.windows.common-controls_6595b64144ccf1df_6.0.9600.17810_none_6240b9c7ecbd0bda\COMCTL32.dll
0x00007ffb436b0000 - 0x00007ffb4375a000 	C:\WINDOWS\system32\msvcrt.dll
0x00007ffb43a30000 - 0x00007ffb43a89000 	C:\WINDOWS\SYSTEM32\sechost.dll
0x00007ffb44140000 - 0x00007ffb44280000 	C:\WINDOWS\system32\RPCRT4.dll
0x00007ffb45830000 - 0x00007ffb4597f000 	C:\WINDOWS\system32\GDI32.dll
0x00007ffb43630000 - 0x00007ffb4365e000 	C:\WINDOWS\system32\SspiCli.dll
0x00007ffb43af0000 - 0x00007ffb43b26000 	C:\WINDOWS\system32\IMM32.DLL
0x00007ffb45980000 - 0x00007ffb45ad2000 	C:\WINDOWS\system32\MSCTF.dll
0x0000000069520000 - 0x00000000695f2000 	D:\Android\AndroidStudio\jre\jre\bin\msvcr100.dll
0x0000000069600000 - 0x0000000069e34000 	D:\Android\AndroidStudio\jre\jre\bin\server\jvm.dll
0x00007ffb3a960000 - 0x00007ffb3a969000 	C:\WINDOWS\SYSTEM32\WSOCK32.dll
0x00007ffb39250000 - 0x00007ffb39272000 	C:\WINDOWS\SYSTEM32\WINMM.dll
0x00007ffb3c820000 - 0x00007ffb3c82a000 	C:\WINDOWS\SYSTEM32\VERSION.dll
0x00007ffb43e00000 - 0x00007ffb43e07000 	C:\WINDOWS\system32\PSAPI.DLL
0x00007ffb44280000 - 0x00007ffb442da000 	C:\WINDOWS\system32\WS2_32.dll
0x00007ffb39150000 - 0x00007ffb3917a000 	C:\WINDOWS\SYSTEM32\WINMMBASE.dll
0x00007ffb45820000 - 0x00007ffb45829000 	C:\WINDOWS\system32\NSI.dll
0x00007ffb43660000 - 0x00007ffb436af000 	C:\WINDOWS\SYSTEM32\cfgmgr32.dll
0x00007ffb41f70000 - 0x00007ffb41f98000 	C:\WINDOWS\SYSTEM32\DEVOBJ.dll
0x00007ffb3f0a0000 - 0x00007ffb3f0af000 	D:\Android\AndroidStudio\jre\jre\bin\verify.dll
0x00007ffb3bae0000 - 0x00007ffb3bb09000 	D:\Android\AndroidStudio\jre\jre\bin\java.dll
0x00007ffb3ec30000 - 0x00007ffb3ec46000 	D:\Android\AndroidStudio\jre\jre\bin\zip.dll
0x00007ffb442e0000 - 0x00007ffb45808000 	C:\WINDOWS\system32\SHELL32.dll
0x00007ffb43760000 - 0x00007ffb43971000 	C:\WINDOWS\SYSTEM32\combase.dll
0x00007ffb43a90000 - 0x00007ffb43ae4000 	C:\WINDOWS\system32\SHLWAPI.dll
0x00007ffb41790000 - 0x00007ffb41842000 	C:\WINDOWS\SYSTEM32\SHCORE.dll
0x00007ffb43150000 - 0x00007ffb43165000 	C:\WINDOWS\SYSTEM32\profapi.dll

VM Arguments:
jvm_args: -Djava.awt.headless=true -Xmx1024M -Dfile.encoding=windows-1252 -Duser.country=US -Duser.language=en -Duser.variant 
java_command: com.android.dx.command.Main --dex --force-jumbo --num-threads=4 --multi-dex --output D:\Mozilla Downloads\and-nd-firebase-1.00-starting-point\app\build\intermediates\transforms\dex\debug\folders\1000\10\com.google.firebase-firebase-database-connection-10.0.1_f7dd4710c6c0d1548e15a8bdb12f02e0161d9e6a D:\Mozilla Downloads\and-nd-firebase-1.00-starting-point\app\build\intermediates\exploded-aar\com.google.firebase\firebase-database-connection\10.0.1\jars\classes.jar
java_class_path (initial): D:\Android\sdk\build-tools\24.0.1\lib\dx.jar
Launcher Type: SUN_STANDARD

Environment Variables:
PATH=C:\ProgramData\Oracle\Java\javapath;C:\Program Files (x86)\Intel\iCLS Client\;C:\Program Files\Intel\iCLS Client\;C:\WINDOWS\system32;C:\WINDOWS;C:\WINDOWS\System32\Wbem;C:\WINDOWS\System32\WindowsPowerShell\v1.0\;C:\Program Files\Intel\Intel(R) Management Engine Components\DAL;C:\Program Files (x86)\Intel\Intel(R) Management Engine Components\DAL;C:\Program Files\Intel\Intel(R) Management Engine Components\IPT;C:\Program Files (x86)\Intel\Intel(R) Management Engine Components\IPT;C:\Program Files\Microsoft SQL Server\110\Tools\Binn\
USERNAME=Hamid-PC
OS=Windows_NT
PROCESSOR_IDENTIFIER=Intel64 Family 6 Model 61 Stepping 4, GenuineIntel



---------------  S Y S T E M  ---------------

OS: Windows 8.1 , 64 bit Build 9600 (6.3.9600.17415)

CPU:total 4 (2 cores per cpu, 2 threads per core) family 6 model 61 stepping 4, cmov, cx8, fxsr, mmx, sse, sse2, sse3, ssse3, sse4.1, sse4.2, popcnt, avx, avx2, aes, clmul, erms, 3dnowpref, lzcnt, ht, tsc, tscinvbit, bmi1, bmi2, adx

Memory: 4k page, physical 4107980k(254780k free), swap 5209432k(5132k free)

vm_info: OpenJDK 64-Bit Server VM (25.76-b03) for windows-amd64 JRE (1.8.0_76-release-b03), built on Jun 29 2016 19:09:20 by "ralucas" with MS VC++ 10.0 (VS2010)

time: Thu Dec 22 18:54:56 2016
elapsed time: 5 seconds (0d 0h 0m 5s)

