#
# There is insufficient memory for the Java Runtime Environment to continue.
# Native memory allocation (malloc) failed to allocate 32784 bytes for Chunk::new
# Possible reasons:
#   The system is out of physical RAM or swap space
#   In 32 bit mode, the process size limit was hit
# Possible solutions:
#   Reduce memory load on the system
#   Increase physical memory or swap space
#   Check if swap backing store is full
#   Use 64 bit Java on a 64 bit OS
#   Decrease Java heap size (-Xmx/-Xms)
#   Decrease number of Java threads
#   Decrease Java thread stack sizes (-Xss)
#   Set larger code cache with -XX:ReservedCodeCacheSize=
# This output file may be truncated or incomplete.
#
#  Out of Memory Error (allocation.cpp:390), pid=824, tid=0x0000000000000bb8
#
# JRE version: OpenJDK Runtime Environment (8.0_76-b03) (build 1.8.0_76-release-b03)
# Java VM: OpenJDK 64-Bit Server VM (25.76-b03 mixed mode windows-amd64 compressed oops)
# Failed to write core dump. Minidumps are not enabled by default on client versions of Windows
#

---------------  T H R E A D  ---------------

Current thread (0x000000001510e000):  JavaThread "C2 CompilerThread0" daemon [_thread_in_native, id=3000, stack(0x0000000016750000,0x0000000016850000)]

Stack: [0x0000000016750000,0x0000000016850000]
[error occurred during error reporting (printing stack bounds), id 0xc0000005]

Native frames: (J=compiled Java code, j=interpreted, Vv=VM code, C=native code)


Current CompileTask:
C2:   5217 1011       4       com.android.dx.rop.code.RegisterSpec::makeLocalOptional (7 bytes)


---------------  P R O C E S S  ---------------

Java Threads: ( => current thread )
  0x0000000016cb3800 JavaThread "pool-2-thread-4" [_thread_in_Java, id=5268, stack(0x0000000017450000,0x0000000017550000)]
  0x0000000016bb5800 JavaThread "pool-2-thread-3" [_thread_in_Java, id=5816, stack(0x0000000017350000,0x0000000017450000)]
  0x0000000016bae000 JavaThread "pool-3-thread-1" [_thread_blocked, id=1556, stack(0x0000000017150000,0x0000000017250000)]
  0x0000000016bad000 JavaThread "pool-2-thread-1" [_thread_in_Java, id=424, stack(0x0000000017050000,0x0000000017150000)]
  0x0000000016a70800 JavaThread "Service Thread" daemon [_thread_blocked, id=5156, stack(0x0000000016e50000,0x0000000016f50000)]
  0x000000001512f000 JavaThread "C1 CompilerThread2" daemon [_thread_in_native, id=4644, stack(0x0000000016950000,0x0000000016a50000)]
  0x0000000015112000 JavaThread "C2 CompilerThread1" daemon [_thread_in_native, id=1544, stack(0x0000000016850000,0x0000000016950000)]
=>0x000000001510e000 JavaThread "C2 CompilerThread0" daemon [_thread_in_native, id=3000, stack(0x0000000016750000,0x0000000016850000)]
  0x0000000015109800 JavaThread "Attach Listener" daemon [_thread_blocked, id=5800, stack(0x0000000016650000,0x0000000016750000)]
  0x0000000015108800 JavaThread "Signal Dispatcher" daemon [_thread_blocked, id=1040, stack(0x0000000016550000,0x0000000016650000)]
  0x00000000150f8000 JavaThread "Finalizer" daemon [_thread_blocked, id=4180, stack(0x0000000016370000,0x0000000016470000)]
  0x0000000002a2f000 JavaThread "Reference Handler" daemon [_thread_blocked, id=2288, stack(0x0000000016270000,0x0000000016370000)]
  0x0000000002940800 JavaThread "main" [_thread_blocked, id=4916, stack(0x0000000002840000,0x0000000002940000)]

Other Threads:
  0x00000000150d5800 VMThread [stack: 0x0000000016170000,0x0000000016270000] [id=2992]
  0x000000001516d000 WatcherThread [stack: 0x0000000016f50000,0x0000000017050000] [id=5388]

VM state:not at safepoint (normal execution)

VM Mutex/Monitor currently owned by a thread: None

Heap:
 PSYoungGen      total 18944K, used 5867K [0x00000000eab00000, 0x00000000ec000000, 0x0000000100000000)
  eden space 16384K, 20% used [0x00000000eab00000,0x00000000eae42f70,0x00000000ebb00000)
  from space 2560K, 98% used [0x00000000ebb00000,0x00000000ebd78038,0x00000000ebd80000)
  to   space 2560K, 0% used [0x00000000ebd80000,0x00000000ebd80000,0x00000000ec000000)
 ParOldGen       total 44032K, used 1459K [0x00000000c0000000, 0x00000000c2b00000, 0x00000000eab00000)
  object space 44032K, 3% used [0x00000000c0000000,0x00000000c016cf70,0x00000000c2b00000)
 Metaspace       used 5640K, capacity 6832K, committed 7040K, reserved 1056768K
  class space    used 558K, capacity 616K, committed 640K, reserved 1048576K

Card table byte_map: [0x0000000011e00000,0x0000000012010000] byte_map_base: 0x0000000011800000

Marking Bits: (ParMarkBitMap*) 0x0000000069db9d00
 Begin Bits: [0x0000000012570000, 0x0000000013570000)
 End Bits:   [0x0000000013570000, 0x0000000014570000)

Polling page: 0x0000000000e50000

CodeCache: size=245760Kb used=4095Kb max_used=4095Kb free=241664Kb
 bounds [0x0000000002a40000, 0x0000000002e50000, 0x0000000011a40000]
 total_blobs=1292 nmethods=1030 adapters=176
 compilation: enabled

Compilation events (10 events):
Event: 5.203 Thread 0x000000001512f000 nmethod 1025 0x0000000002e34910 code [0x0000000002e34a60, 0x0000000002e34b70]
Event: 5.203 Thread 0x000000001512f000 1027       1       java.util.HashMap::size (5 bytes)
Event: 5.204 Thread 0x000000001512f000 nmethod 1027 0x0000000002e34650 code [0x0000000002e347a0, 0x0000000002e348b0]
Event: 5.205 Thread 0x000000001512f000 1031       3       com.android.dx.ssa.back.InterferenceGraph::<init> (42 bytes)
Event: 5.207 Thread 0x000000001512f000 nmethod 1031 0x0000000002e39b10 code [0x0000000002e39d20, 0x0000000002e3a7e8]
Event: 5.207 Thread 0x000000001512f000 1032       3       com.android.dx.ssa.back.LivenessAnalyzer::constructInterferenceGraph (47 bytes)
Event: 5.208 Thread 0x000000001512f000 nmethod 1032 0x0000000002e3ae50 code [0x0000000002e3b000, 0x0000000002e3b438]
Event: 5.208 Thread 0x000000001512f000 1033       3       com.android.dx.ssa.PhiInsn::predBlocksForReg (73 bytes)
Event: 5.211 Thread 0x000000001512f000 nmethod 1033 0x0000000002e3b610 code [0x0000000002e3b880, 0x0000000002e3c8d8]
Event: 5.211 Thread 0x000000001512f000 1036       3       com.android.dx.ssa.SsaMethod::forEachBlockDepthFirst (194 bytes)

GC Heap History (2 events):
Event: 4.771 GC heap before
{Heap before GC invocations=1 (full 0):
 PSYoungGen      total 18944K, used 16384K [0x00000000eab00000, 0x00000000ec000000, 0x0000000100000000)
  eden space 16384K, 100% used [0x00000000eab00000,0x00000000ebb00000,0x00000000ebb00000)
  from space 2560K, 0% used [0x00000000ebd80000,0x00000000ebd80000,0x00000000ec000000)
  to   space 2560K, 0% used [0x00000000ebb00000,0x00000000ebb00000,0x00000000ebd80000)
 ParOldGen       total 44032K, used 0K [0x00000000c0000000, 0x00000000c2b00000, 0x00000000eab00000)
  object space 44032K, 0% used [0x00000000c0000000,0x00000000c0000000,0x00000000c2b00000)
 Metaspace       used 5610K, capacity 6768K, committed 7040K, reserved 1056768K
  class space    used 557K, capacity 616K, committed 640K, reserved 1048576K
Event: 5.036 GC heap after
Heap after GC invocations=1 (full 0):
 PSYoungGen      total 18944K, used 2528K [0x00000000eab00000, 0x00000000ec000000, 0x0000000100000000)
  eden space 16384K, 0% used [0x00000000eab00000,0x00000000eab00000,0x00000000ebb00000)
  from space 2560K, 98% used [0x00000000ebb00000,0x00000000ebd78038,0x00000000ebd80000)
  to   space 2560K, 0% used [0x00000000ebd80000,0x00000000ebd80000,0x00000000ec000000)
 ParOldGen       total 44032K, used 1459K [0x00000000c0000000, 0x00000000c2b00000, 0x00000000eab00000)
  object space 44032K, 3% used [0x00000000c0000000,0x00000000c016cf70,0x00000000c2b00000)
 Metaspace       used 5610K, capacity 6768K, committed 7040K, reserved 1056768K
  class space    used 557K, capacity 616K, committed 640K, reserved 1048576K
}

Deoptimization events (10 events):
Event: 1.570 Thread 0x0000000002940800 Uncommon trap: reason=unstable_if action=reinterpret pc=0x0000000002b75294 method=java.lang.String.indexOf(II)I @ 49
Event: 2.967 Thread 0x0000000002940800 Uncommon trap: reason=unstable_if action=reinterpret pc=0x0000000002c4c4b0 method=java.util.BitSet.nextSetBit(I)I @ 87
Event: 3.367 Thread 0x0000000016bb4800 Uncommon trap: reason=unstable_if action=reinterpret pc=0x0000000002c276dc method=java.util.HashMap.getNode(ILjava/lang/Object;)Ljava/util/HashMap$Node; @ 129
Event: 3.372 Thread 0x0000000016bb4800 Uncommon trap: reason=unstable_if action=reinterpret pc=0x0000000002c8d174 method=java.util.BitSet.ensureCapacity(I)V @ 6
Event: 4.250 Thread 0x0000000016bb5800 Uncommon trap: reason=unstable_if action=reinterpret pc=0x0000000002ce1ab8 method=java.util.HashMap.getNode(ILjava/lang/Object;)Ljava/util/HashMap$Node; @ 129
Event: 4.385 Thread 0x0000000016bad000 Uncommon trap: reason=null_check action=make_not_entrant pc=0x0000000002d6f03c method=com.android.dx.ssa.SsaRenamer.getLocalForNewReg(I)Lcom/android/dx/rop/code/LocalItem; @ 19
Event: 4.388 Thread 0x0000000016bad000 Uncommon trap: reason=unstable_if action=reinterpret pc=0x0000000002dc341c method=com.android.dx.rop.cst.Constant.compareTo(Lcom/android/dx/rop/cst/Constant;)I @ 12
Event: 5.134 Thread 0x0000000016bb4800 Uncommon trap: reason=unstable_if action=reinterpret pc=0x0000000002dc9a4c method=com.android.dx.rop.code.LocalItem.hashCode()I @ 25
Event: 5.134 Thread 0x0000000016bb4800 Uncommon trap: reason=unstable_if action=reinterpret pc=0x0000000002d9dfd0 method=com.android.dx.rop.code.LocalItem.hashCode()I @ 25
Event: 5.134 Thread 0x0000000016bb4800 Uncommon trap: reason=unstable_if action=reinterpret pc=0x0000000002d661cc method=com.android.dx.rop.code.LocalItem.hashCode()I @ 25

Internal exceptions (3 events):
Event: 0.622 Thread 0x0000000002940800 Exception <a 'java/lang/NoSuchMethodError': Method sun.misc.Unsafe.defineClass(Ljava/lang/String;[BII)Ljava/lang/Class; name or signature does not match> (0x00000000eab07cc0) thrown at [C:\src\android\AOSP-openjdk\external\jetbrains\jdk\hotspot\src\share\vJš_ñ0ëã?
Event: 0.622 Thread 0x0000000002940800 Exception <a 'java/lang/NoSuchMethodError': Method sun.misc.Unsafe.prefetchRead(Ljava/lang/Object;J)V name or signature does not match> (0x00000000eab07fa8) thrown at [C:\src\android\AOSP-openjdk\external\jetbrains\jdk\hotspot\src\share\vm\prims\jni.cpp, lÝªZF°Š@
Event: 4.385 Thread 0x0000000016bad000 Implicit null exception at 0x0000000002d6ca54 to 0x0000000002d6eff5

Events (10 events):
Event: 5.134 Thread 0x0000000016bb4800 Uncommon trap: trap_request=0xffffff65 fr.pc=0x0000000002dc9a4c
Event: 5.134 Thread 0x0000000016bb4800 DEOPT PACKING pc=0x0000000002dc9a4c sp=0x000000001734e230
Event: 5.134 Thread 0x0000000016bb4800 DEOPT UNPACKING pc=0x0000000002a8556a sp=0x000000001734e098 mode 2
Event: 5.134 Thread 0x0000000016bb4800 Uncommon trap: trap_request=0xffffff65 fr.pc=0x0000000002d9dfd0
Event: 5.134 Thread 0x0000000016bb4800 DEOPT PACKING pc=0x0000000002d9dfd0 sp=0x000000001734e2d0
Event: 5.134 Thread 0x0000000016bb4800 DEOPT UNPACKING pc=0x0000000002a8556a sp=0x000000001734e0a0 mode 2
Event: 5.134 Thread 0x0000000016bb4800 Uncommon trap: trap_request=0xffffff65 fr.pc=0x0000000002d661cc
Event: 5.134 Thread 0x0000000016bb4800 DEOPT PACKING pc=0x0000000002d661cc sp=0x000000001734db90
Event: 5.134 Thread 0x0000000016bb4800 DEOPT UNPACKING pc=0x0000000002a8556a sp=0x000000001734dae0 mode 2
Event: 5.196 Thread 0x0000000016bb4800 Thread exited: 0x0000000016bb4800


Dynamic libraries:
0x00007ff631170000 - 0x00007ff6311a1000 	D:\Android\AndroidStudio\jre\bin\java.exe
0x00007ffb46030000 - 0x00007ffb461dd000 	C:\WINDOWS\SYSTEM32\ntdll.dll
0x00007ffb44000000 - 0x00007ffb4413e000 	C:\WINDOWS\system32\KERNEL32.DLL
0x00007ffb43330000 - 0x00007ffb43445000 	C:\WINDOWS\system32\KERNELBASE.dll
0x00007ffb43980000 - 0x00007ffb43a2a000 	C:\WINDOWS\system32\ADVAPI32.dll
0x00007ffb43e10000 - 0x00007ffb43f87000 	C:\WINDOWS\system32\USER32.dll
0x00007ffb40df0000 - 0x00007ffb4106a000 	C:\WINDOWS\WinSxS\amd64_microsoft.windows.common-controls_6595b64144ccf1df_6.0.9600.17810_none_6240b9c7ecbd0bda\COMCTL32.dll
0x00007ffb436b0000 - 0x00007ffb4375a000 	C:\WINDOWS\system32\msvcrt.dll
0x00007ffb43a30000 - 0x00007ffb43a89000 	C:\WINDOWS\SYSTEM32\sechost.dll
0x00007ffb44140000 - 0x00007ffb44280000 	C:\WINDOWS\system32\RPCRT4.dll
0x00007ffb45830000 - 0x00007ffb4597f000 	C:\WINDOWS\system32\GDI32.dll
0x00007ffb43630000 - 0x00007ffb4365e000 	C:\WINDOWS\system32\SspiCli.dll
0x00007ffb43af0000 - 0x00007ffb43b26000 	C:\WINDOWS\system32\IMM32.DLL
0x00007ffb45980000 - 0x00007ffb45ad2000 	C:\WINDOWS\system32\MSCTF.dll
0x000000006a4b0000 - 0x000000006a582000 	D:\Android\AndroidStudio\jre\jre\bin\msvcr100.dll
0x0000000069600000 - 0x0000000069e34000 	D:\Android\AndroidStudio\jre\jre\bin\server\jvm.dll
0x00007ffb3a960000 - 0x00007ffb3a969000 	C:\WINDOWS\SYSTEM32\WSOCK32.dll
0x00007ffb39250000 - 0x00007ffb39272000 	C:\WINDOWS\SYSTEM32\WINMM.dll
0x00007ffb3c820000 - 0x00007ffb3c82a000 	C:\WINDOWS\SYSTEM32\VERSION.dll
0x00007ffb43e00000 - 0x00007ffb43e07000 	C:\WINDOWS\system32\PSAPI.DLL
0x00007ffb44280000 - 0x00007ffb442da000 	C:\WINDOWS\system32\WS2_32.dll
0x00007ffb39150000 - 0x00007ffb3917a000 	C:\WINDOWS\SYSTEM32\WINMMBASE.dll
0x00007ffb45820000 - 0x00007ffb45829000 	C:\WINDOWS\system32\NSI.dll
0x00007ffb43660000 - 0x00007ffb436af000 	C:\WINDOWS\SYSTEM32\cfgmgr32.dll
0x00007ffb41f70000 - 0x00007ffb41f98000 	C:\WINDOWS\SYSTEM32\DEVOBJ.dll
0x00007ffb40c80000 - 0x00007ffb40c8f000 	D:\Android\AndroidStudio\jre\jre\bin\verify.dll
0x00007ffb3bdb0000 - 0x00007ffb3bdd9000 	D:\Android\AndroidStudio\jre\jre\bin\java.dll
0x00007ffb3f490000 - 0x00007ffb3f4a6000 	D:\Android\AndroidStudio\jre\jre\bin\zip.dll
0x00007ffb442e0000 - 0x00007ffb45808000 	C:\WINDOWS\system32\SHELL32.dll
0x00007ffb43760000 - 0x00007ffb43971000 	C:\WINDOWS\SYSTEM32\combase.dll
0x00007ffb43a90000 - 0x00007ffb43ae4000 	C:\WINDOWS\system32\SHLWAPI.dll
0x00007ffb41790000 - 0x00007ffb41842000 	C:\WINDOWS\SYSTEM32\SHCORE.dll
0x00007ffb43150000 - 0x00007ffb43165000 	C:\WINDOWS\SYSTEM32\profapi.dll

VM Arguments:
jvm_args: -Djava.awt.headless=true -Xmx1024M -Dfile.encoding=windows-1252 -Duser.country=US -Duser.language=en -Duser.variant 
java_command: com.android.dx.command.Main --dex --force-jumbo --num-threads=4 --multi-dex --output D:\Mozilla Downloads\and-nd-firebase-1.00-starting-point\app\build\intermediates\transforms\dex\debug\folders\1000\10\internal_impl-25.0.1_6a3d907ed9e8f7e4e0a066a386a9a339cde0784f D:\Mozilla Downloads\and-nd-firebase-1.00-starting-point\app\build\intermediates\exploded-aar\com.android.support\support-core-utils\25.0.1\jars\libs\internal_impl-25.0.1.jar
java_class_path (initial): D:\Android\sdk\build-tools\24.0.1\lib\dx.jar
Launcher Type: SUN_STANDARD

Environment Variables:
PATH=C:\ProgramData\Oracle\Java\javapath;C:\Program Files (x86)\Intel\iCLS Client\;C:\Program Files\Intel\iCLS Client\;C:\WINDOWS\system32;C:\WINDOWS;C:\WINDOWS\System32\Wbem;C:\WINDOWS\System32\WindowsPowerShell\v1.0\;C:\Program Files\Intel\Intel(R) Management Engine Components\DAL;C:\Program Files (x86)\Intel\Intel(R) Management Engine Components\DAL;C:\Program Files\Intel\Intel(R) Management Engine Components\IPT;C:\Program Files (x86)\Intel\Intel(R) Management Engine Components\IPT;D:\Git\cmd;C:\Users\Hamid-PC\AppData\Local\atom\bin
USERNAME=Hamid-PC
OS=Windows_NT
PROCESSOR_IDENTIFIER=Intel64 Family 6 Model 61 Stepping 4, GenuineIntel



---------------  S Y S T E M  ---------------

OS: Windows 8.1 , 64 bit Build 9600 (6.3.9600.17415)

CPU:total 4 (2 cores per cpu, 2 threads per core) family 6 model 61 stepping 4, cmov, cx8, fxsr, mmx, sse, sse2, sse3, ssse3, sse4.1, sse4.2, popcnt, avx, avx2, aes, clmul, erms, 3dnowpref, lzcnt, ht, tsc, tscinvbit, bmi1, bmi2, adx

Memory: 4k page, physical 4107980k(241776k free), swap 5209432k(5208k free)

vm_info: OpenJDK 64-Bit Server VM (25.76-b03) for windows-amd64 JRE (1.8.0_76-release-b03), built on Jun 29 2016 19:09:20 by "ralucas" with MS VC++ 10.0 (VS2010)

time: Sat Dec 24 02:48:00 2016
elapsed time: 5 seconds (0d 0h 0m 5s)

