#
# There is insufficient memory for the Java Runtime Environment to continue.
# Native memory allocation (malloc) failed to allocate 567536 bytes for Chunk::new
# Possible reasons:
#   The system is out of physical RAM or swap space
#   In 32 bit mode, the process size limit was hit
# Possible solutions:
#   Reduce memory load on the system
#   Increase physical memory or swap space
#   Check if swap backing store is full
#   Use 64 bit Java on a 64 bit OS
#   Decrease Java heap size (-Xmx/-Xms)
#   Decrease number of Java threads
#   Decrease Java thread stack sizes (-Xss)
#   Set larger code cache with -XX:ReservedCodeCacheSize=
# This output file may be truncated or incomplete.
#
#  Out of Memory Error (allocation.cpp:390), pid=6044, tid=0x0000000000000b0c
#
# JRE version: OpenJDK Runtime Environment (8.0_76-b03) (build 1.8.0_76-release-b03)
# Java VM: OpenJDK 64-Bit Server VM (25.76-b03 mixed mode windows-amd64 compressed oops)
# Failed to write core dump. Minidumps are not enabled by default on client versions of Windows
#

---------------  T H R E A D  ---------------

Current thread (0x0000000014fba800):  JavaThread "C2 CompilerThread0" daemon [_thread_in_native, id=2828, stack(0x0000000016610000,0x0000000016710000)]

Stack: [0x0000000016610000,0x0000000016710000]
[error occurred during error reporting (printing stack bounds), id 0xc0000005]

Native frames: (J=compiled Java code, j=interpreted, Vv=VM code, C=native code)


Current CompileTask:
C2:   3966 1207       4       com.android.dx.dex.code.OutputFinisher::addConstants (93 bytes)


---------------  P R O C E S S  ---------------

Java Threads: ( => current thread )
  0x0000000016ac8000 JavaThread "pool-1-thread-1" [_thread_in_Java, id=2320, stack(0x0000000016f10000,0x0000000017010000)]
  0x0000000016912800 JavaThread "Service Thread" daemon [_thread_blocked, id=1468, stack(0x0000000016d10000,0x0000000016e10000)]
  0x000000001501c800 JavaThread "C1 CompilerThread2" daemon [_thread_in_vm, id=4600, stack(0x0000000016810000,0x0000000016910000)]
  0x0000000015014800 JavaThread "C2 CompilerThread1" daemon [_thread_blocked, id=4960, stack(0x0000000016710000,0x0000000016810000)]
=>0x0000000014fba800 JavaThread "C2 CompilerThread0" daemon [_thread_in_native, id=2828, stack(0x0000000016610000,0x0000000016710000)]
  0x0000000014fb9800 JavaThread "Attach Listener" daemon [_thread_blocked, id=5276, stack(0x0000000016510000,0x0000000016610000)]
  0x0000000014fb8800 JavaThread "Signal Dispatcher" daemon [_thread_blocked, id=1744, stack(0x0000000016410000,0x0000000016510000)]
  0x0000000014fa8000 JavaThread "Finalizer" daemon [_thread_blocked, id=2140, stack(0x0000000016230000,0x0000000016330000)]
  0x00000000028df000 JavaThread "Reference Handler" daemon [_thread_blocked, id=4440, stack(0x0000000016130000,0x0000000016230000)]
  0x00000000027f0800 JavaThread "main" [_thread_blocked, id=3252, stack(0x00000000026f0000,0x00000000027f0000)]

Other Threads:
  0x0000000014f85800 VMThread [stack: 0x0000000016030000,0x0000000016130000] [id=1224]
  0x0000000016913000 WatcherThread [stack: 0x0000000016e10000,0x0000000016f10000] [id=2084]

VM state:not at safepoint (normal execution)

VM Mutex/Monitor currently owned by a thread:  ([mutex/lock_event])
[0x0000000000d7b5d0] CodeCache_lock - owner thread: 0x0000000000000000

Heap:
 PSYoungGen      total 18944K, used 14811K [0x00000000eab00000, 0x00000000ed000000, 0x0000000100000000)
  eden space 16384K, 74% used [0x00000000eab00000,0x00000000eb6f8308,0x00000000ebb00000)
  from space 2560K, 99% used [0x00000000ebb00000,0x00000000ebd7eab8,0x00000000ebd80000)
  to   space 2560K, 0% used [0x00000000ecd80000,0x00000000ecd80000,0x00000000ed000000)
 ParOldGen       total 44032K, used 1478K [0x00000000c0000000, 0x00000000c2b00000, 0x00000000eab00000)
  object space 44032K, 3% used [0x00000000c0000000,0x00000000c0171b48,0x00000000c2b00000)
 Metaspace       used 5859K, capacity 6960K, committed 7040K, reserved 1056768K
  class space    used 565K, capacity 616K, committed 640K, reserved 1048576K

Card table byte_map: [0x0000000011cb0000,0x0000000011ec0000] byte_map_base: 0x00000000116b0000

Marking Bits: (ParMarkBitMap*) 0x0000000069db9d00
 Begin Bits: [0x0000000012420000, 0x0000000013420000)
 End Bits:   [0x0000000013420000, 0x0000000014420000)

Polling page: 0x0000000000d80000

CodeCache: size=245760Kb used=4757Kb max_used=4764Kb free=241002Kb
 bounds [0x00000000028f0000, 0x0000000002da0000, 0x00000000118f0000]
 total_blobs=1489 nmethods=1227 adapters=176
 compilation: enabled

Compilation events (10 events):
Event: 3.959 Thread 0x000000001501c800 nmethod 1221 0x0000000002d94a90 code [0x0000000002d94c00, 0x0000000002d94ee8]
Event: 3.959 Thread 0x000000001501c800 1223       3       com.android.dx.rop.cst.CstString::stringToUtf8Bytes (175 bytes)
Event: 3.961 Thread 0x0000000015014800 1226       4       java.util.TreeMap::get (19 bytes)
Event: 3.961 Thread 0x000000001501c800 nmethod 1223 0x0000000002d94f90 code [0x0000000002d95160, 0x0000000002d959d8]
Event: 3.961 Thread 0x000000001501c800 1224       1       com.android.dx.dex.file.MemberIdItem::getRef (5 bytes)
Event: 3.961 Thread 0x000000001501c800 nmethod 1224 0x0000000002d95dd0 code [0x0000000002d95f20, 0x0000000002d96030]
Event: 3.961 Thread 0x000000001501c800 1222       3       com.android.dx.rop.cst.CstString::<init> (42 bytes)
Event: 3.962 Thread 0x000000001501c800 nmethod 1222 0x0000000002d96090 code [0x0000000002d96260, 0x0000000002d967f8]
Event: 3.962 Thread 0x000000001501c800 1225       1       com.android.dx.dex.file.DexFile::getProtoIds (5 bytes)
Event: 3.962 Thread 0x000000001501c800 nmethod 1225 0x0000000002d96a90 code [0x0000000002d96be0, 0x0000000002d96cf0]

GC Heap History (2 events):
Event: 2.716 GC heap before
{Heap before GC invocations=1 (full 0):
 PSYoungGen      total 18944K, used 16384K [0x00000000eab00000, 0x00000000ec000000, 0x0000000100000000)
  eden space 16384K, 100% used [0x00000000eab00000,0x00000000ebb00000,0x00000000ebb00000)
  from space 2560K, 0% used [0x00000000ebd80000,0x00000000ebd80000,0x00000000ec000000)
  to   space 2560K, 0% used [0x00000000ebb00000,0x00000000ebb00000,0x00000000ebd80000)
 ParOldGen       total 44032K, used 0K [0x00000000c0000000, 0x00000000c2b00000, 0x00000000eab00000)
  object space 44032K, 0% used [0x00000000c0000000,0x00000000c0000000,0x00000000c2b00000)
 Metaspace       used 5639K, capacity 6768K, committed 7040K, reserved 1056768K
  class space    used 557K, capacity 616K, committed 640K, reserved 1048576K
Event: 2.762 GC heap after
Heap after GC invocations=1 (full 0):
 PSYoungGen      total 18944K, used 2554K [0x00000000eab00000, 0x00000000ed000000, 0x0000000100000000)
  eden space 16384K, 0% used [0x00000000eab00000,0x00000000eab00000,0x00000000ebb00000)
  from space 2560K, 99% used [0x00000000ebb00000,0x00000000ebd7eab8,0x00000000ebd80000)
  to   space 2560K, 0% used [0x00000000ecd80000,0x00000000ecd80000,0x00000000ed000000)
 ParOldGen       total 44032K, used 1478K [0x00000000c0000000, 0x00000000c2b00000, 0x00000000eab00000)
  object space 44032K, 3% used [0x00000000c0000000,0x00000000c0171b48,0x00000000c2b00000)
 Metaspace       used 5639K, capacity 6768K, committed 7040K, reserved 1056768K
  class space    used 557K, capacity 616K, committed 640K, reserved 1048576K
}

Deoptimization events (10 events):
Event: 3.750 Thread 0x0000000016ac8000 Uncommon trap: reason=class_check action=maybe_recompile pc=0x0000000002d6d958 method=java.util.Arrays.hashCode([Ljava/lang/Object;)I @ 43
Event: 3.750 Thread 0x0000000016ac8000 Uncommon trap: reason=class_check action=maybe_recompile pc=0x0000000002d6d958 method=java.util.Arrays.hashCode([Ljava/lang/Object;)I @ 43
Event: 3.750 Thread 0x0000000016ac8000 Uncommon trap: reason=class_check action=maybe_recompile pc=0x0000000002d6d958 method=java.util.Arrays.hashCode([Ljava/lang/Object;)I @ 43
Event: 3.750 Thread 0x0000000016ac8000 Uncommon trap: reason=class_check action=maybe_recompile pc=0x0000000002d6d958 method=java.util.Arrays.hashCode([Ljava/lang/Object;)I @ 43
Event: 3.750 Thread 0x0000000016ac8000 Uncommon trap: reason=class_check action=maybe_recompile pc=0x0000000002d5cb78 method=java.util.Arrays.hashCode([Ljava/lang/Object;)I @ 43
Event: 3.767 Thread 0x0000000016ac8000 Uncommon trap: reason=bimorphic action=maybe_recompile pc=0x0000000002c84da8 method=java.util.HashMap.getNode(ILjava/lang/Object;)Ljava/util/HashMap$Node; @ 126
Event: 3.767 Thread 0x0000000016ac8000 Uncommon trap: reason=bimorphic action=maybe_recompile pc=0x0000000002c84da8 method=java.util.HashMap.getNode(ILjava/lang/Object;)Ljava/util/HashMap$Node; @ 126
Event: 3.767 Thread 0x0000000016ac8000 Uncommon trap: reason=bimorphic action=maybe_recompile pc=0x0000000002c84da8 method=java.util.HashMap.getNode(ILjava/lang/Object;)Ljava/util/HashMap$Node; @ 126
Event: 3.767 Thread 0x0000000016ac8000 Uncommon trap: reason=bimorphic action=maybe_recompile pc=0x0000000002c84da8 method=java.util.HashMap.getNode(ILjava/lang/Object;)Ljava/util/HashMap$Node; @ 126
Event: 3.852 Thread 0x0000000016ac8000 Uncommon trap: reason=unstable_if action=reinterpret pc=0x0000000002d8bacc method=java.util.HashMap.putVal(ILjava/lang/Object;Ljava/lang/Object;ZZ)Ljava/lang/Object; @ 94

Internal exceptions (2 events):
Event: 0.090 Thread 0x00000000027f0800 Exception <a 'java/lang/NoSuchMethodError': Method sun.misc.Unsafe.defineClass(Ljava/lang/String;[BII)Ljava/lang/Class; name or signature does not match> (0x00000000eab07cc0) thrown at [C:\src\android\AOSP-openjdk\external\jetbrains\jdk\hotspot\src\share\v¿ÎNº(∑?
Event: 0.090 Thread 0x00000000027f0800 Exception <a 'java/lang/NoSuchMethodError': Method sun.misc.Unsafe.prefetchRead(Ljava/lang/Object;J)V name or signature does not match> (0x00000000eab07fa8) thrown at [C:\src\android\AOSP-openjdk\external\jetbrains\jdk\hotspot\src\share\vm\prims\jni.cpp, l

Events (10 events):
Event: 3.767 Thread 0x0000000016ac8000 Uncommon trap: trap_request=0xffffffc6 fr.pc=0x0000000002c84da8
Event: 3.767 Thread 0x0000000016ac8000 DEOPT PACKING pc=0x0000000002c84da8 sp=0x000000001700ecf0
Event: 3.767 Thread 0x0000000016ac8000 DEOPT UNPACKING pc=0x000000000293556a sp=0x000000001700ec70 mode 2
Event: 3.843 loading class com/android/dx/dex/file/CatchStructs
Event: 3.843 loading class com/android/dx/dex/file/CatchStructs done
Event: 3.852 Thread 0x0000000016ac8000 Uncommon trap: trap_request=0xffffff65 fr.pc=0x0000000002d8bacc
Event: 3.852 Thread 0x0000000016ac8000 DEOPT PACKING pc=0x0000000002d8bacc sp=0x000000001700eb30
Event: 3.852 Thread 0x0000000016ac8000 DEOPT UNPACKING pc=0x000000000293556a sp=0x000000001700eac0 mode 2
Event: 3.956 loading class com/android/dx/dex/file/ProtoIdItem
Event: 3.956 loading class com/android/dx/dex/file/ProtoIdItem done


Dynamic libraries:
0x00007ff766640000 - 0x00007ff766671000 	D:\Android\AndroidStudio\jre\bin\java.exe
0x00007ffb46030000 - 0x00007ffb461dd000 	C:\WINDOWS\SYSTEM32\ntdll.dll
0x00007ffb44000000 - 0x00007ffb4413e000 	C:\WINDOWS\system32\KERNEL32.DLL
0x00007ffb43330000 - 0x00007ffb43445000 	C:\WINDOWS\system32\KERNELBASE.dll
0x00007ffb43980000 - 0x00007ffb43a2a000 	C:\WINDOWS\system32\ADVAPI32.dll
0x00007ffb43e10000 - 0x00007ffb43f87000 	C:\WINDOWS\system32\USER32.dll
0x00007ffb40df0000 - 0x00007ffb4106a000 	C:\WINDOWS\WinSxS\amd64_microsoft.windows.common-controls_6595b64144ccf1df_6.0.9600.17810_none_6240b9c7ecbd0bda\COMCTL32.dll
0x00007ffb436b0000 - 0x00007ffb4375a000 	C:\WINDOWS\system32\msvcrt.dll
0x00007ffb43a30000 - 0x00007ffb43a89000 	C:\WINDOWS\SYSTEM32\sechost.dll
0x00007ffb44140000 - 0x00007ffb44280000 	C:\WINDOWS\system32\RPCRT4.dll
0x00007ffb45830000 - 0x00007ffb4597f000 	C:\WINDOWS\system32\GDI32.dll
0x00007ffb43630000 - 0x00007ffb4365e000 	C:\WINDOWS\system32\SspiCli.dll
0x00007ffb43af0000 - 0x00007ffb43b26000 	C:\WINDOWS\system32\IMM32.DLL
0x00007ffb45980000 - 0x00007ffb45ad2000 	C:\WINDOWS\system32\MSCTF.dll
0x0000000069520000 - 0x00000000695f2000 	D:\Android\AndroidStudio\jre\jre\bin\msvcr100.dll
0x0000000069600000 - 0x0000000069e34000 	D:\Android\AndroidStudio\jre\jre\bin\server\jvm.dll
0x00007ffb3a960000 - 0x00007ffb3a969000 	C:\WINDOWS\SYSTEM32\WSOCK32.dll
0x00007ffb39250000 - 0x00007ffb39272000 	C:\WINDOWS\SYSTEM32\WINMM.dll
0x00007ffb3c820000 - 0x00007ffb3c82a000 	C:\WINDOWS\SYSTEM32\VERSION.dll
0x00007ffb43e00000 - 0x00007ffb43e07000 	C:\WINDOWS\system32\PSAPI.DLL
0x00007ffb44280000 - 0x00007ffb442da000 	C:\WINDOWS\system32\WS2_32.dll
0x00007ffb39150000 - 0x00007ffb3917a000 	C:\WINDOWS\SYSTEM32\WINMMBASE.dll
0x00007ffb45820000 - 0x00007ffb45829000 	C:\WINDOWS\system32\NSI.dll
0x00007ffb43660000 - 0x00007ffb436af000 	C:\WINDOWS\SYSTEM32\cfgmgr32.dll
0x00007ffb41f70000 - 0x00007ffb41f98000 	C:\WINDOWS\SYSTEM32\DEVOBJ.dll
0x00007ffb3f0a0000 - 0x00007ffb3f0af000 	D:\Android\AndroidStudio\jre\jre\bin\verify.dll
0x00007ffb3bae0000 - 0x00007ffb3bb09000 	D:\Android\AndroidStudio\jre\jre\bin\java.dll
0x00007ffb3ec30000 - 0x00007ffb3ec46000 	D:\Android\AndroidStudio\jre\jre\bin\zip.dll
0x00007ffb442e0000 - 0x00007ffb45808000 	C:\WINDOWS\system32\SHELL32.dll
0x00007ffb43760000 - 0x00007ffb43971000 	C:\WINDOWS\SYSTEM32\combase.dll
0x00007ffb43a90000 - 0x00007ffb43ae4000 	C:\WINDOWS\system32\SHLWAPI.dll
0x00007ffb41790000 - 0x00007ffb41842000 	C:\WINDOWS\SYSTEM32\SHCORE.dll
0x00007ffb43150000 - 0x00007ffb43165000 	C:\WINDOWS\SYSTEM32\profapi.dll

VM Arguments:
jvm_args: -Djava.awt.headless=true -Xmx1024M -Dfile.encoding=windows-1252 -Duser.country=US -Duser.language=en -Duser.variant 
java_command: com.android.dx.command.Main --dex --force-jumbo --num-threads=4 --multi-dex --output D:\Mozilla Downloads\and-nd-firebase-1.00-starting-point\app\build\intermediates\transforms\dex\debug\folders\1000\10\internal_impl-25.0.1_ebb08805f4a829ebe786dd791500e6a45baa1934 D:\Mozilla Downloads\and-nd-firebase-1.00-starting-point\app\build\intermediates\exploded-aar\com.android.support\support-media-compat\25.0.1\jars\libs\internal_impl-25.0.1.jar
java_class_path (initial): D:\Android\sdk\build-tools\24.0.1\lib\dx.jar
Launcher Type: SUN_STANDARD

Environment Variables:
PATH=C:\ProgramData\Oracle\Java\javapath;C:\Program Files (x86)\Intel\iCLS Client\;C:\Program Files\Intel\iCLS Client\;C:\WINDOWS\system32;C:\WINDOWS;C:\WINDOWS\System32\Wbem;C:\WINDOWS\System32\WindowsPowerShell\v1.0\;C:\Program Files\Intel\Intel(R) Management Engine Components\DAL;C:\Program Files (x86)\Intel\Intel(R) Management Engine Components\DAL;C:\Program Files\Intel\Intel(R) Management Engine Components\IPT;C:\Program Files (x86)\Intel\Intel(R) Management Engine Components\IPT;C:\Program Files\Microsoft SQL Server\110\Tools\Binn\
USERNAME=Hamid-PC
OS=Windows_NT
PROCESSOR_IDENTIFIER=Intel64 Family 6 Model 61 Stepping 4, GenuineIntel



---------------  S Y S T E M  ---------------

OS: Windows 8.1 , 64 bit Build 9600 (6.3.9600.17415)

CPU:total 4 (2 cores per cpu, 2 threads per core) family 6 model 61 stepping 4, cmov, cx8, fxsr, mmx, sse, sse2, sse3, ssse3, sse4.1, sse4.2, popcnt, avx, avx2, aes, clmul, erms, 3dnowpref, lzcnt, ht, tsc, tscinvbit, bmi1, bmi2, adx

Memory: 4k page, physical 4107980k(233088k free), swap 5209432k(5228k free)

vm_info: OpenJDK 64-Bit Server VM (25.76-b03) for windows-amd64 JRE (1.8.0_76-release-b03), built on Jun 29 2016 19:09:20 by "ralucas" with MS VC++ 10.0 (VS2010)

time: Thu Dec 22 18:24:15 2016
elapsed time: 3 seconds (0d 0h 0m 3s)

