#
# There is insufficient memory for the Java Runtime Environment to continue.
# Native memory allocation (malloc) failed to allocate 198256 bytes for Chunk::new
# Possible reasons:
#   The system is out of physical RAM or swap space
#   In 32 bit mode, the process size limit was hit
# Possible solutions:
#   Reduce memory load on the system
#   Increase physical memory or swap space
#   Check if swap backing store is full
#   Use 64 bit Java on a 64 bit OS
#   Decrease Java heap size (-Xmx/-Xms)
#   Decrease number of Java threads
#   Decrease Java thread stack sizes (-Xss)
#   Set larger code cache with -XX:ReservedCodeCacheSize=
# This output file may be truncated or incomplete.
#
#  Out of Memory Error (allocation.cpp:390), pid=3456, tid=0x0000000000000e90
#
# JRE version: OpenJDK Runtime Environment (8.0_76-b03) (build 1.8.0_76-release-b03)
# Java VM: OpenJDK 64-Bit Server VM (25.76-b03 mixed mode windows-amd64 compressed oops)
# Failed to write core dump. Minidumps are not enabled by default on client versions of Windows
#

---------------  T H R E A D  ---------------

Current thread (0x0000000015106800):  JavaThread "C2 CompilerThread1" daemon [_thread_in_native, id=3728, stack(0x00000000167e0000,0x00000000168e0000)]

Stack: [0x00000000167e0000,0x00000000168e0000]
[error occurred during error reporting (printing stack bounds), id 0xc0000005]

Native frames: (J=compiled Java code, j=interpreted, Vv=VM code, C=native code)


Current CompileTask:
C2:   2804  651       4       com.android.dx.ssa.SsaBasicBlock::forEachInsn (37 bytes)


---------------  P R O C E S S  ---------------

Java Threads: ( => current thread )
  0x0000000016c4d000 JavaThread "pool-2-thread-4" [_thread_in_Java, id=3140, stack(0x00000000173e0000,0x00000000174e0000)]
  0x0000000016c48000 JavaThread "pool-2-thread-3" [_thread_in_Java, id=1996, stack(0x00000000172e0000,0x00000000173e0000)]
  0x0000000016c1a000 JavaThread "pool-2-thread-2" [_thread_blocked, id=32, stack(0x00000000171e0000,0x00000000172e0000)]
  0x0000000016c37800 JavaThread "pool-3-thread-1" [_thread_blocked, id=5788, stack(0x00000000170e0000,0x00000000171e0000)]
  0x0000000016c3c000 JavaThread "pool-2-thread-1" [_thread_in_vm, id=3724, stack(0x0000000016fe0000,0x00000000170e0000)]
  0x00000000169e2800 JavaThread "Service Thread" daemon [_thread_blocked, id=2484, stack(0x0000000016de0000,0x0000000016ee0000)]
  0x000000001510c800 JavaThread "C1 CompilerThread2" daemon [_thread_blocked, id=4280, stack(0x00000000168e0000,0x00000000169e0000)]
=>0x0000000015106800 JavaThread "C2 CompilerThread1" daemon [_thread_in_native, id=3728, stack(0x00000000167e0000,0x00000000168e0000)]
  0x00000000150ad000 JavaThread "C2 CompilerThread0" daemon [_thread_blocked, id=4112, stack(0x00000000166e0000,0x00000000167e0000)]
  0x00000000150ac000 JavaThread "Attach Listener" daemon [_thread_blocked, id=5032, stack(0x00000000165e0000,0x00000000166e0000)]
  0x00000000150ab000 JavaThread "Signal Dispatcher" daemon [_thread_blocked, id=4224, stack(0x00000000164e0000,0x00000000165e0000)]
  0x0000000015098000 JavaThread "Finalizer" daemon [_thread_blocked, id=6072, stack(0x0000000016300000,0x0000000016400000)]
  0x00000000028cf000 JavaThread "Reference Handler" daemon [_thread_blocked, id=1964, stack(0x0000000016200000,0x0000000016300000)]
  0x00000000027e0800 JavaThread "main" [_thread_in_Java, id=5472, stack(0x0000000000f50000,0x0000000001050000)]

Other Threads:
  0x0000000015075800 VMThread [stack: 0x0000000016100000,0x0000000016200000] [id=6096]
  0x00000000169e3000 WatcherThread [stack: 0x0000000016ee0000,0x0000000016fe0000] [id=2140]

VM state:not at safepoint (normal execution)

VM Mutex/Monitor currently owned by a thread: None

Heap:
 PSYoungGen      total 18944K, used 12785K [0x00000000eab00000, 0x00000000ec000000, 0x0000000100000000)
  eden space 16384K, 78% used [0x00000000eab00000,0x00000000eb77c570,0x00000000ebb00000)
  from space 2560K, 0% used [0x00000000ebd80000,0x00000000ebd80000,0x00000000ec000000)
  to   space 2560K, 0% used [0x00000000ebb00000,0x00000000ebb00000,0x00000000ebd80000)
 ParOldGen       total 44032K, used 0K [0x00000000c0000000, 0x00000000c2b00000, 0x00000000eab00000)
  object space 44032K, 0% used [0x00000000c0000000,0x00000000c0000000,0x00000000c2b00000)
 Metaspace       used 5502K, capacity 6576K, committed 6784K, reserved 1056768K
  class space    used 563K, capacity 616K, committed 640K, reserved 1048576K

Card table byte_map: [0x0000000011da0000,0x0000000011fb0000] byte_map_base: 0x00000000117a0000

Marking Bits: (ParMarkBitMap*) 0x0000000069db9d00
 Begin Bits: [0x0000000012510000, 0x0000000013510000)
 End Bits:   [0x0000000013510000, 0x0000000014510000)

Polling page: 0x0000000001050000

CodeCache: size=245760Kb used=2594Kb max_used=2606Kb free=243165Kb
 bounds [0x00000000029e0000, 0x0000000002c70000, 0x00000000119e0000]
 total_blobs=917 nmethods=649 adapters=181
 compilation: disabled (not enough contiguous free space left)

Compilation events (10 events):
Event: 2.793 Thread 0x000000001510c800  632       3       java.util.Collections$UnmodifiableCollection::<init> (22 bytes)
Event: 2.793 Thread 0x000000001510c800 nmethod 632 0x0000000002c68550 code [0x0000000002c686c0, 0x0000000002c68988]
Event: 2.793 Thread 0x000000001510c800  642       3       com.android.dx.util.IntList::contains (14 bytes)
Event: 2.794 Thread 0x000000001510c800 nmethod 642 0x0000000002c68a90 code [0x0000000002c68c00, 0x0000000002c68f88]
Event: 2.794 Thread 0x000000001510c800  640       3       com.android.dx.rop.code.ThrowingCstInsn::withNewRegisters (25 bytes)
Event: 2.795 Thread 0x000000001510c800 nmethod 640 0x0000000002c69050 code [0x0000000002c691c0, 0x0000000002c69568]
Event: 2.795 Thread 0x000000001510c800  641       3       com.android.dx.rop.code.RegisterSpec::<init> (48 bytes)
Event: 2.796 Thread 0x000000001510c800 nmethod 641 0x0000000002c69650 code [0x0000000002c697e0, 0x0000000002c69bb8]
Event: 2.796 Thread 0x000000001510c800  628       3       com.android.dx.ssa.SsaRenamer$BlockRenamer::visitMoveInsn (271 bytes)
Event: 2.801 Thread 0x00000000150ad000 nmethod 647 0x0000000002c6ce50 code [0x0000000002c6cfe0, 0x0000000002c6d4a8]

GC Heap History (0 events):
No events

Deoptimization events (1 events):
Event: 1.214 Thread 0x00000000027e0800 Uncommon trap: reason=unstable_if action=reinterpret pc=0x0000000002b29918 method=java.lang.String.indexOf(II)I @ 49

Internal exceptions (2 events):
Event: 0.160 Thread 0x00000000027e0800 Exception <a 'java/lang/NoSuchMethodError': Method sun.misc.Unsafe.defineClass(Ljava/lang/String;[BII)Ljava/lang/Class; name or signature does not match> (0x00000000eab07cc0) thrown at [C:\src\android\AOSP-openjdk\external\jetbrains\jdk\hotspot\src\share\v8·+=½vÄ?
Event: 0.160 Thread 0x00000000027e0800 Exception <a 'java/lang/NoSuchMethodError': Method sun.misc.Unsafe.prefetchRead(Ljava/lang/Object;J)V name or signature does not match> (0x00000000eab07fa8) thrown at [C:\src\android\AOSP-openjdk\external\jetbrains\jdk\hotspot\src\share\vm\prims\jni.cpp, l

Events (10 events):
Event: 2.464 loading class com/android/dx/dex/code/DalvCode
Event: 2.464 loading class com/android/dx/dex/code/DalvCode done
Event: 2.465 loading class java/io/PrintWriter
Event: 2.466 loading class java/io/PrintWriter done
Event: 2.466 loading class com/android/dx/dex/file/DebugInfoItem
Event: 2.466 loading class com/android/dx/dex/file/DebugInfoItem done
Event: 2.499 loading class com/android/dx/ssa/PhiInsn$Operand
Event: 2.499 loading class com/android/dx/ssa/PhiInsn$Operand done
Event: 2.768 loading class com/android/dx/ssa/back/FirstFitLocalCombiningAllocator$Multiset
Event: 2.768 loading class com/android/dx/ssa/back/FirstFitLocalCombiningAllocator$Multiset done


Dynamic libraries:
0x00007ff766640000 - 0x00007ff766671000 	D:\Android\AndroidStudio\jre\bin\java.exe
0x00007ffb46030000 - 0x00007ffb461dd000 	C:\WINDOWS\SYSTEM32\ntdll.dll
0x00007ffb44000000 - 0x00007ffb4413e000 	C:\WINDOWS\system32\KERNEL32.DLL
0x00007ffb43330000 - 0x00007ffb43445000 	C:\WINDOWS\system32\KERNELBASE.dll
0x00007ffb43980000 - 0x00007ffb43a2a000 	C:\WINDOWS\system32\ADVAPI32.dll
0x00007ffb43e10000 - 0x00007ffb43f87000 	C:\WINDOWS\system32\USER32.dll
0x00007ffb40df0000 - 0x00007ffb4106a000 	C:\WINDOWS\WinSxS\amd64_microsoft.windows.common-controls_6595b64144ccf1df_6.0.9600.17810_none_6240b9c7ecbd0bda\COMCTL32.dll
0x00007ffb436b0000 - 0x00007ffb4375a000 	C:\WINDOWS\system32\msvcrt.dll
0x00007ffb43a30000 - 0x00007ffb43a89000 	C:\WINDOWS\SYSTEM32\sechost.dll
0x00007ffb44140000 - 0x00007ffb44280000 	C:\WINDOWS\system32\RPCRT4.dll
0x00007ffb45830000 - 0x00007ffb4597f000 	C:\WINDOWS\system32\GDI32.dll
0x00007ffb43630000 - 0x00007ffb4365e000 	C:\WINDOWS\system32\SspiCli.dll
0x00007ffb43af0000 - 0x00007ffb43b26000 	C:\WINDOWS\system32\IMM32.DLL
0x00007ffb45980000 - 0x00007ffb45ad2000 	C:\WINDOWS\system32\MSCTF.dll
0x0000000069520000 - 0x00000000695f2000 	D:\Android\AndroidStudio\jre\jre\bin\msvcr100.dll
0x0000000069600000 - 0x0000000069e34000 	D:\Android\AndroidStudio\jre\jre\bin\server\jvm.dll
0x00007ffb3a960000 - 0x00007ffb3a969000 	C:\WINDOWS\SYSTEM32\WSOCK32.dll
0x00007ffb39250000 - 0x00007ffb39272000 	C:\WINDOWS\SYSTEM32\WINMM.dll
0x00007ffb3c820000 - 0x00007ffb3c82a000 	C:\WINDOWS\SYSTEM32\VERSION.dll
0x00007ffb43e00000 - 0x00007ffb43e07000 	C:\WINDOWS\system32\PSAPI.DLL
0x00007ffb44280000 - 0x00007ffb442da000 	C:\WINDOWS\system32\WS2_32.dll
0x00007ffb39150000 - 0x00007ffb3917a000 	C:\WINDOWS\SYSTEM32\WINMMBASE.dll
0x00007ffb45820000 - 0x00007ffb45829000 	C:\WINDOWS\system32\NSI.dll
0x00007ffb43660000 - 0x00007ffb436af000 	C:\WINDOWS\SYSTEM32\cfgmgr32.dll
0x00007ffb41f70000 - 0x00007ffb41f98000 	C:\WINDOWS\SYSTEM32\DEVOBJ.dll
0x00007ffb3f0a0000 - 0x00007ffb3f0af000 	D:\Android\AndroidStudio\jre\jre\bin\verify.dll
0x00007ffb3bae0000 - 0x00007ffb3bb09000 	D:\Android\AndroidStudio\jre\jre\bin\java.dll
0x00007ffb3ec30000 - 0x00007ffb3ec46000 	D:\Android\AndroidStudio\jre\jre\bin\zip.dll
0x00007ffb442e0000 - 0x00007ffb45808000 	C:\WINDOWS\system32\SHELL32.dll
0x00007ffb43760000 - 0x00007ffb43971000 	C:\WINDOWS\SYSTEM32\combase.dll
0x00007ffb43a90000 - 0x00007ffb43ae4000 	C:\WINDOWS\system32\SHLWAPI.dll
0x00007ffb41790000 - 0x00007ffb41842000 	C:\WINDOWS\SYSTEM32\SHCORE.dll
0x00007ffb43150000 - 0x00007ffb43165000 	C:\WINDOWS\SYSTEM32\profapi.dll

VM Arguments:
jvm_args: -Djava.awt.headless=true -Xmx1024M -Dfile.encoding=windows-1252 -Duser.country=US -Duser.language=en -Duser.variant 
java_command: com.android.dx.command.Main --dex --force-jumbo --num-threads=4 --multi-dex --output D:\Mozilla Downloads\and-nd-firebase-1.00-starting-point\app\build\intermediates\transforms\dex\debug\folders\1000\10\com.google.firebase-firebase-database-connection-10.0.1_f7dd4710c6c0d1548e15a8bdb12f02e0161d9e6a D:\Mozilla Downloads\and-nd-firebase-1.00-starting-point\app\build\intermediates\exploded-aar\com.google.firebase\firebase-database-connection\10.0.1\jars\classes.jar
java_class_path (initial): D:\Android\sdk\build-tools\24.0.1\lib\dx.jar
Launcher Type: SUN_STANDARD

Environment Variables:
PATH=C:\ProgramData\Oracle\Java\javapath;C:\Program Files (x86)\Intel\iCLS Client\;C:\Program Files\Intel\iCLS Client\;C:\WINDOWS\system32;C:\WINDOWS;C:\WINDOWS\System32\Wbem;C:\WINDOWS\System32\WindowsPowerShell\v1.0\;C:\Program Files\Intel\Intel(R) Management Engine Components\DAL;C:\Program Files (x86)\Intel\Intel(R) Management Engine Components\DAL;C:\Program Files\Intel\Intel(R) Management Engine Components\IPT;C:\Program Files (x86)\Intel\Intel(R) Management Engine Components\IPT;C:\Program Files\Microsoft SQL Server\110\Tools\Binn\
USERNAME=Hamid-PC
OS=Windows_NT
PROCESSOR_IDENTIFIER=Intel64 Family 6 Model 61 Stepping 4, GenuineIntel



---------------  S Y S T E M  ---------------

OS: Windows 8.1 , 64 bit Build 9600 (6.3.9600.17415)

CPU:total 4 (2 cores per cpu, 2 threads per core) family 6 model 61 stepping 4, cmov, cx8, fxsr, mmx, sse, sse2, sse3, ssse3, sse4.1, sse4.2, popcnt, avx, avx2, aes, clmul, erms, 3dnowpref, lzcnt, ht, tsc, tscinvbit, bmi1, bmi2, adx

Memory: 4k page, physical 4107980k(206456k free), swap 5209432k(5160k free)

vm_info: OpenJDK 64-Bit Server VM (25.76-b03) for windows-amd64 JRE (1.8.0_76-release-b03), built on Jun 29 2016 19:09:20 by "ralucas" with MS VC++ 10.0 (VS2010)

time: Thu Dec 22 18:33:39 2016
elapsed time: 2 seconds (0d 0h 0m 2s)

