#
# There is insufficient memory for the Java Runtime Environment to continue.
# Native memory allocation (malloc) failed to allocate 65552 bytes for Chunk::new
# Possible reasons:
#   The system is out of physical RAM or swap space
#   In 32 bit mode, the process size limit was hit
# Possible solutions:
#   Reduce memory load on the system
#   Increase physical memory or swap space
#   Check if swap backing store is full
#   Use 64 bit Java on a 64 bit OS
#   Decrease Java heap size (-Xmx/-Xms)
#   Decrease number of Java threads
#   Decrease Java thread stack sizes (-Xss)
#   Set larger code cache with -XX:ReservedCodeCacheSize=
# This output file may be truncated or incomplete.
#
#  Out of Memory Error (allocation.cpp:390), pid=5384, tid=0x0000000000001464
#
# JRE version: OpenJDK Runtime Environment (8.0_76-b03) (build 1.8.0_76-release-b03)
# Java VM: OpenJDK 64-Bit Server VM (25.76-b03 mixed mode windows-amd64 compressed oops)
# Failed to write core dump. Minidumps are not enabled by default on client versions of Windows
#

---------------  T H R E A D  ---------------

Current thread (0x000000001451c000):  JavaThread "C2 CompilerThread0" daemon [_thread_in_native, id=5220, stack(0x0000000015b70000,0x0000000015c70000)]

Stack: [0x0000000015b70000,0x0000000015c70000]
[error occurred during error reporting (printing stack bounds), id 0xc0000005]

Native frames: (J=compiled Java code, j=interpreted, Vv=VM code, C=native code)


Current CompileTask:
C2:  10023 1464   !   4       com.android.dx.cf.code.Ropper::processBlock (1101 bytes)


---------------  P R O C E S S  ---------------

Java Threads: ( => current thread )
  0x00000000160f1000 JavaThread "pool-2-thread-4" [_thread_blocked, id=596, stack(0x0000000016870000,0x0000000016970000)]
  0x00000000160f4000 JavaThread "pool-2-thread-3" [_thread_blocked, id=5500, stack(0x0000000016770000,0x0000000016870000)]
  0x00000000160f3000 JavaThread "pool-2-thread-2" [_thread_blocked, id=5972, stack(0x0000000016670000,0x0000000016770000)]
  0x00000000160ce000 JavaThread "pool-3-thread-1" [_thread_blocked, id=5360, stack(0x0000000016570000,0x0000000016670000)]
  0x00000000160cd000 JavaThread "pool-2-thread-1" [_thread_blocked, id=6096, stack(0x0000000016470000,0x0000000016570000)]
  0x0000000015e7b800 JavaThread "Service Thread" daemon [_thread_blocked, id=3840, stack(0x0000000016270000,0x0000000016370000)]
  0x000000001457b800 JavaThread "C1 CompilerThread2" daemon [_thread_blocked, id=2064, stack(0x0000000015d70000,0x0000000015e70000)]
  0x0000000014575800 JavaThread "C2 CompilerThread1" daemon [_thread_in_native, id=5904, stack(0x0000000015c70000,0x0000000015d70000)]
=>0x000000001451c000 JavaThread "C2 CompilerThread0" daemon [_thread_in_native, id=5220, stack(0x0000000015b70000,0x0000000015c70000)]
  0x000000001451b000 JavaThread "Attach Listener" daemon [_thread_blocked, id=3524, stack(0x0000000015a70000,0x0000000015b70000)]
  0x000000001451a000 JavaThread "Signal Dispatcher" daemon [_thread_blocked, id=1336, stack(0x0000000015970000,0x0000000015a70000)]
  0x0000000014508000 JavaThread "Finalizer" daemon [_thread_blocked, id=2384, stack(0x0000000015790000,0x0000000015890000)]
  0x0000000001e3f000 JavaThread "Reference Handler" daemon [_thread_blocked, id=4252, stack(0x0000000015690000,0x0000000015790000)]
  0x0000000001d50800 JavaThread "main" [_thread_in_vm, id=5504, stack(0x0000000001be0000,0x0000000001ce0000)]

Other Threads:
  0x00000000144e5800 VMThread [stack: 0x0000000015590000,0x0000000015690000] [id=5796]
  0x0000000015e70800 WatcherThread [stack: 0x0000000016370000,0x0000000016470000] [id=5244]

VM state:not at safepoint (normal execution)

VM Mutex/Monitor currently owned by a thread: None

Heap:
 PSYoungGen      total 35328K, used 23912K [0x00000000eab00000, 0x00000000ed000000, 0x0000000100000000)
  eden space 32768K, 65% used [0x00000000eab00000,0x00000000ebfe0b38,0x00000000ecb00000)
  from space 2560K, 98% used [0x00000000ecd80000,0x00000000ecff94f0,0x00000000ed000000)
  to   space 2560K, 0% used [0x00000000ecb00000,0x00000000ecb00000,0x00000000ecd80000)
 ParOldGen       total 44032K, used 3975K [0x00000000c0000000, 0x00000000c2b00000, 0x00000000eab00000)
  object space 44032K, 9% used [0x00000000c0000000,0x00000000c03e1cc8,0x00000000c2b00000)
 Metaspace       used 6165K, capacity 7024K, committed 7296K, reserved 1056768K
  class space    used 593K, capacity 616K, committed 640K, reserved 1048576K

Card table byte_map: [0x0000000011210000,0x0000000011420000] byte_map_base: 0x0000000010c10000

Marking Bits: (ParMarkBitMap*) 0x0000000050ed9d00
 Begin Bits: [0x0000000011980000, 0x0000000012980000)
 End Bits:   [0x0000000012980000, 0x0000000013980000)

Polling page: 0x0000000001b80000

CodeCache: size=245760Kb used=6354Kb max_used=6366Kb free=239405Kb
 bounds [0x0000000001e50000, 0x0000000002490000, 0x0000000010e50000]
 total_blobs=1731 nmethods=1463 adapters=182
 compilation: enabled

Compilation events (10 events):
Event: 9.235 Thread 0x0000000014575800 1463       4       com.android.dx.rop.code.LocalVariableExtractor::processBlock (327 bytes)
Event: 9.235 Thread 0x000000001457b800 nmethod 1462 0x0000000002467350 code [0x00000000024674c0, 0x0000000002467850]
Event: 9.237 Thread 0x000000001451c000 1464   !   4       com.android.dx.cf.code.Ropper::processBlock (1101 bytes)
Event: 9.278 Thread 0x000000001457b800 1467       3       java.util.Arrays$LegacyMergeSort::access$000 (4 bytes)
Event: 9.278 Thread 0x000000001457b800 nmethod 1467 0x0000000002436e90 code [0x0000000002436fe0, 0x0000000002437110]
Event: 9.603 Thread 0x0000000014575800 nmethod 1463 0x0000000002485d10 code [0x00000000024860c0, 0x0000000002489580]
Event: 9.603 Thread 0x0000000014575800 1466   !   4       com.android.dx.rop.code.RegisterSpecSet::put (104 bytes)
Event: 9.609 Thread 0x0000000014575800 nmethod 1466 0x0000000002476e10 code [0x0000000002476f80, 0x0000000002477258]
Event: 9.609 Thread 0x0000000014575800 1465       4       com.android.dx.rop.type.Type::equals (31 bytes)
Event: 9.612 Thread 0x0000000014575800 nmethod 1465 0x0000000002476a50 code [0x0000000002476ba0, 0x0000000002476d38]

GC Heap History (4 events):
Event: 3.497 GC heap before
{Heap before GC invocations=1 (full 0):
 PSYoungGen      total 18944K, used 16384K [0x00000000eab00000, 0x00000000ec000000, 0x0000000100000000)
  eden space 16384K, 100% used [0x00000000eab00000,0x00000000ebb00000,0x00000000ebb00000)
  from space 2560K, 0% used [0x00000000ebd80000,0x00000000ebd80000,0x00000000ec000000)
  to   space 2560K, 0% used [0x00000000ebb00000,0x00000000ebb00000,0x00000000ebd80000)
 ParOldGen       total 44032K, used 0K [0x00000000c0000000, 0x00000000c2b00000, 0x00000000eab00000)
  object space 44032K, 0% used [0x00000000c0000000,0x00000000c0000000,0x00000000c2b00000)
 Metaspace       used 5720K, capacity 6704K, committed 6784K, reserved 1056768K
  class space    used 573K, capacity 616K, committed 640K, reserved 1048576K
Event: 3.695 GC heap after
Heap after GC invocations=1 (full 0):
 PSYoungGen      total 18944K, used 2554K [0x00000000eab00000, 0x00000000ed000000, 0x0000000100000000)
  eden space 16384K, 0% used [0x00000000eab00000,0x00000000eab00000,0x00000000ebb00000)
  from space 2560K, 99% used [0x00000000ebb00000,0x00000000ebd7eab8,0x00000000ebd80000)
  to   space 2560K, 0% used [0x00000000ecd80000,0x00000000ecd80000,0x00000000ed000000)
 ParOldGen       total 44032K, used 1438K [0x00000000c0000000, 0x00000000c2b00000, 0x00000000eab00000)
  object space 44032K, 3% used [0x00000000c0000000,0x00000000c0167a50,0x00000000c2b00000)
 Metaspace       used 5720K, capacity 6704K, committed 6784K, reserved 1056768K
  class space    used 573K, capacity 616K, committed 640K, reserved 1048576K
}
Event: 5.174 GC heap before
{Heap before GC invocations=2 (full 0):
 PSYoungGen      total 18944K, used 18938K [0x00000000eab00000, 0x00000000ed000000, 0x0000000100000000)
  eden space 16384K, 100% used [0x00000000eab00000,0x00000000ebb00000,0x00000000ebb00000)
  from space 2560K, 99% used [0x00000000ebb00000,0x00000000ebd7eab8,0x00000000ebd80000)
  to   space 2560K, 0% used [0x00000000ecd80000,0x00000000ecd80000,0x00000000ed000000)
 ParOldGen       total 44032K, used 1438K [0x00000000c0000000, 0x00000000c2b00000, 0x00000000eab00000)
  object space 44032K, 3% used [0x00000000c0000000,0x00000000c0167a50,0x00000000c2b00000)
 Metaspace       used 6009K, capacity 6960K, committed 7040K, reserved 1056768K
  class space    used 575K, capacity 616K, committed 640K, reserved 1048576K
Event: 5.638 GC heap after
Heap after GC invocations=2 (full 0):
 PSYoungGen      total 35328K, used 2533K [0x00000000eab00000, 0x00000000ed000000, 0x0000000100000000)
  eden space 32768K, 0% used [0x00000000eab00000,0x00000000eab00000,0x00000000ecb00000)
  from space 2560K, 98% used [0x00000000ecd80000,0x00000000ecff94f0,0x00000000ed000000)
  to   space 2560K, 0% used [0x00000000ecb00000,0x00000000ecb00000,0x00000000ecd80000)
 ParOldGen       total 44032K, used 3975K [0x00000000c0000000, 0x00000000c2b00000, 0x00000000eab00000)
  object space 44032K, 9% used [0x00000000c0000000,0x00000000c03e1cc8,0x00000000c2b00000)
 Metaspace       used 6009K, capacity 6960K, committed 7040K, reserved 1056768K
  class space    used 575K, capacity 616K, committed 640K, reserved 1048576K
}

Deoptimization events (10 events):
Event: 6.445 Thread 0x0000000001d50800 Uncommon trap: reason=unstable_if action=reinterpret pc=0x000000000217f0ac method=com.android.dx.rop.code.LocalItem.hashCode()I @ 25
Event: 6.445 Thread 0x0000000001d50800 Uncommon trap: reason=unstable_if action=reinterpret pc=0x00000000020e54dc method=com.android.dx.rop.code.LocalItem.hashCode()I @ 25
Event: 6.446 Thread 0x0000000001d50800 Uncommon trap: reason=unstable_if action=reinterpret pc=0x0000000002159278 method=com.android.dx.rop.code.LocalItem.hashCode()I @ 25
Event: 7.215 Thread 0x0000000001d50800 Uncommon trap: reason=unstable_if action=reinterpret pc=0x0000000002117d2c method=java.util.HashMap.putVal(ILjava/lang/Object;Ljava/lang/Object;ZZ)Ljava/lang/Object; @ 162
Event: 7.266 Thread 0x0000000001d50800 Uncommon trap: reason=unstable_if action=reinterpret pc=0x00000000023a0144 method=java.util.HashMap.getNode(ILjava/lang/Object;)Ljava/util/HashMap$Node; @ 84
Event: 7.267 Thread 0x0000000001d50800 Uncommon trap: reason=unstable_if action=reinterpret pc=0x000000000239e858 method=java.util.HashMap.getNode(ILjava/lang/Object;)Ljava/util/HashMap$Node; @ 84
Event: 8.722 Thread 0x0000000001d50800 Uncommon trap: reason=unstable_if action=reinterpret pc=0x0000000002233dac method=com.android.dx.rop.code.RegisterSpecSet.put(Lcom/android/dx/rop/code/RegisterSpec;)V @ 77
Event: 8.722 Thread 0x0000000001d50800 Uncommon trap: reason=unstable_if action=reinterpret pc=0x00000000022627e8 method=com.android.dx.rop.code.RegisterSpecSet.put(Lcom/android/dx/rop/code/RegisterSpec;)V @ 77
Event: 8.747 Thread 0x0000000001d50800 Uncommon trap: reason=unstable_if action=reinterpret pc=0x00000000023db468 method=java.util.HashMap.resize()[Ljava/util/HashMap$Node; @ 206
Event: 9.237 Thread 0x0000000001d50800 Uncommon trap: reason=null_check action=make_not_entrant pc=0x000000000220e568 method=com.android.dx.rop.type.Type.equals(Ljava/lang/Object;)Z @ 8

Internal exceptions (6 events):
Event: 0.679 Thread 0x0000000001d50800 Exception <a 'java/lang/NoSuchMethodError': Method sun.misc.Unsafe.defineClass(Ljava/lang/String;[BII)Ljava/lang/Class; name or signature does not match> (0x00000000eab07cc0) thrown at [C:\src\android\AOSP-openjdk\external\jetbrains\jdk\hotspot\src\share\všÐÍ¤[¸å?
Event: 0.679 Thread 0x0000000001d50800 Exception <a 'java/lang/NoSuchMethodError': Method sun.misc.Unsafe.prefetchRead(Ljava/lang/Object;J)V name or signature does not match> (0x00000000eab07fa8) thrown at [C:\src\android\AOSP-openjdk\external\jetbrains\jdk\hotspot\src\share\vm\prims\jni.cpp, l[ÄEúœþ@
Event: 7.249 Thread 0x0000000001d50800 Exception <a 'java/lang/ArrayIndexOutOfBoundsException': 18> (0x00000000eb276be8) thrown at [C:\src\android\AOSP-openjdk\external\jetbrains\jdk\hotspot\src\share\vm\interpreter\interpreterRuntime.cpp, line 366]
Event: 7.250 Thread 0x0000000001d50800 Exception <a 'java/lang/ArrayIndexOutOfBoundsException'> (0x00000000eb278768) thrown at [C:\src\android\AOSP-openjdk\external\jetbrains\jdk\hotspot\src\share\vm\runtime\sharedRuntime.cpp, line 605]
Event: 7.263 Thread 0x0000000001d50800 Exception <a 'java/lang/ArrayIndexOutOfBoundsException'> (0x00000000eb279a50) thrown at [C:\src\android\AOSP-openjdk\external\jetbrains\jdk\hotspot\src\share\vm\runtime\sharedRuntime.cpp, line 605]
Event: 9.237 Thread 0x0000000001d50800 Implicit null exception at 0x000000000220e462 to 0x000000000220e55a

Events (10 events):
Event: 8.722 Thread 0x0000000001d50800 DEOPT UNPACKING pc=0x0000000001e9556a sp=0x0000000001cde328 mode 2
Event: 8.722 Thread 0x0000000001d50800 Uncommon trap: trap_request=0xffffff65 fr.pc=0x00000000022627e8
Event: 8.722 Thread 0x0000000001d50800 DEOPT PACKING pc=0x00000000022627e8 sp=0x0000000001cde390
Event: 8.722 Thread 0x0000000001d50800 DEOPT UNPACKING pc=0x0000000001e9556a sp=0x0000000001cde2b0 mode 2
Event: 8.747 Thread 0x0000000001d50800 Uncommon trap: trap_request=0xffffff65 fr.pc=0x00000000023db468
Event: 8.747 Thread 0x0000000001d50800 DEOPT PACKING pc=0x00000000023db468 sp=0x0000000001cde200
Event: 8.747 Thread 0x0000000001d50800 DEOPT UNPACKING pc=0x0000000001e9556a sp=0x0000000001cde168 mode 2
Event: 9.237 Thread 0x0000000001d50800 Uncommon trap: trap_request=0xfffffff4 fr.pc=0x000000000220e568
Event: 9.237 Thread 0x0000000001d50800 DEOPT PACKING pc=0x000000000220e568 sp=0x0000000001cddfe0
Event: 9.237 Thread 0x0000000001d50800 DEOPT UNPACKING pc=0x0000000001e9556a sp=0x0000000001cddf68 mode 2


Dynamic libraries:
0x00007ff712260000 - 0x00007ff712291000 	D:\Android\AndroidStudio\jre\bin\java.exe
0x00007ffea56e0000 - 0x00007ffea588d000 	C:\WINDOWS\SYSTEM32\ntdll.dll
0x00007ffea52d0000 - 0x00007ffea540e000 	C:\WINDOWS\system32\KERNEL32.DLL
0x00007ffea28d0000 - 0x00007ffea29e5000 	C:\WINDOWS\system32\KERNELBASE.dll
0x00007ffea3210000 - 0x00007ffea32ba000 	C:\WINDOWS\system32\ADVAPI32.dll
0x00007ffea3030000 - 0x00007ffea31a7000 	C:\WINDOWS\system32\USER32.dll
0x00007ffea05a0000 - 0x00007ffea081a000 	C:\WINDOWS\WinSxS\amd64_microsoft.windows.common-controls_6595b64144ccf1df_6.0.9600.17810_none_6240b9c7ecbd0bda\COMCTL32.dll
0x00007ffea5630000 - 0x00007ffea56da000 	C:\WINDOWS\system32\msvcrt.dll
0x00007ffea31b0000 - 0x00007ffea3209000 	C:\WINDOWS\SYSTEM32\sechost.dll
0x00007ffea2e20000 - 0x00007ffea2f60000 	C:\WINDOWS\system32\RPCRT4.dll
0x00007ffea4f60000 - 0x00007ffea50af000 	C:\WINDOWS\system32\GDI32.dll
0x00007ffea2ce0000 - 0x00007ffea2d0e000 	C:\WINDOWS\system32\SspiCli.dll
0x00007ffea3390000 - 0x00007ffea33c6000 	C:\WINDOWS\system32\IMM32.DLL
0x00007ffea33d0000 - 0x00007ffea3522000 	C:\WINDOWS\system32\MSCTF.dll
0x0000000050560000 - 0x0000000050632000 	D:\Android\AndroidStudio\jre\jre\bin\msvcr100.dll
0x0000000050720000 - 0x0000000050f54000 	D:\Android\AndroidStudio\jre\jre\bin\server\jvm.dll
0x00007ffe98c80000 - 0x00007ffe98c89000 	C:\WINDOWS\SYSTEM32\WSOCK32.dll
0x00007ffe92e90000 - 0x00007ffe92eb2000 	C:\WINDOWS\SYSTEM32\WINMM.dll
0x00007ffe9b960000 - 0x00007ffe9b96a000 	C:\WINDOWS\SYSTEM32\VERSION.dll
0x00007ffea3770000 - 0x00007ffea3777000 	C:\WINDOWS\system32\PSAPI.DLL
0x00007ffea3530000 - 0x00007ffea358a000 	C:\WINDOWS\system32\WS2_32.dll
0x00007ffe92df0000 - 0x00007ffe92e1a000 	C:\WINDOWS\SYSTEM32\WINMMBASE.dll
0x00007ffea3590000 - 0x00007ffea3599000 	C:\WINDOWS\system32\NSI.dll
0x00007ffea2d10000 - 0x00007ffea2d5f000 	C:\WINDOWS\SYSTEM32\cfgmgr32.dll
0x00007ffea1630000 - 0x00007ffea1658000 	C:\WINDOWS\SYSTEM32\DEVOBJ.dll
0x00007ffe9ec20000 - 0x00007ffe9ec2f000 	D:\Android\AndroidStudio\jre\jre\bin\verify.dll
0x00007ffe8d680000 - 0x00007ffe8d6a9000 	D:\Android\AndroidStudio\jre\jre\bin\java.dll
0x00007ffe94de0000 - 0x00007ffe94df6000 	D:\Android\AndroidStudio\jre\jre\bin\zip.dll
0x00007ffea3a30000 - 0x00007ffea4f58000 	C:\WINDOWS\system32\SHELL32.dll
0x00007ffea50b0000 - 0x00007ffea52c1000 	C:\WINDOWS\SYSTEM32\combase.dll
0x00007ffea2f60000 - 0x00007ffea2fb4000 	C:\WINDOWS\system32\SHLWAPI.dll
0x00007ffea0eb0000 - 0x00007ffea0f62000 	C:\WINDOWS\SYSTEM32\SHCORE.dll
0x00007ffea2800000 - 0x00007ffea2815000 	C:\WINDOWS\SYSTEM32\profapi.dll

VM Arguments:
jvm_args: -Djava.awt.headless=true -Xmx1024M -Dfile.encoding=windows-1252 -Duser.country=US -Duser.language=en -Duser.variant 
java_command: com.android.dx.command.Main --dex --force-jumbo --num-threads=4 --multi-dex --output D:\Mozilla Downloads\and-nd-firebase-1.00-starting-point\app\build\intermediates\transforms\dex\debug\folders\1000\10\com.android.support-support-core-ui-24.2.0_58a0a418f4fcc34fea7f4087d1acba9bab76fafa D:\Mozilla Downloads\and-nd-firebase-1.00-starting-point\app\build\intermediates\exploded-aar\com.android.support\support-core-ui\24.2.0\jars\classes.jar
java_class_path (initial): D:\Android\sdk\build-tools\24.0.1\lib\dx.jar
Launcher Type: SUN_STANDARD

Environment Variables:
PATH=C:\ProgramData\Oracle\Java\javapath;C:\Program Files (x86)\Intel\iCLS Client\;C:\Program Files\Intel\iCLS Client\;C:\WINDOWS\system32;C:\WINDOWS;C:\WINDOWS\System32\Wbem;C:\WINDOWS\System32\WindowsPowerShell\v1.0\;C:\Program Files\Intel\Intel(R) Management Engine Components\DAL;C:\Program Files (x86)\Intel\Intel(R) Management Engine Components\DAL;C:\Program Files\Intel\Intel(R) Management Engine Components\IPT;C:\Program Files (x86)\Intel\Intel(R) Management Engine Components\IPT;C:\Program Files (x86)\Skype\Phone\
USERNAME=Hamid-PC
OS=Windows_NT
PROCESSOR_IDENTIFIER=Intel64 Family 6 Model 61 Stepping 4, GenuineIntel



---------------  S Y S T E M  ---------------

OS: Windows 8.1 , 64 bit Build 9600 (6.3.9600.17415)

CPU:total 4 (2 cores per cpu, 2 threads per core) family 6 model 61 stepping 4, cmov, cx8, fxsr, mmx, sse, sse2, sse3, ssse3, sse4.1, sse4.2, popcnt, avx, avx2, aes, clmul, erms, 3dnowpref, lzcnt, ht, tsc, tscinvbit, bmi1, bmi2, adx

Memory: 4k page, physical 4107980k(207208k free), swap 6650136k(4992k free)

vm_info: OpenJDK 64-Bit Server VM (25.76-b03) for windows-amd64 JRE (1.8.0_76-release-b03), built on Jun 29 2016 19:09:20 by "ralucas" with MS VC++ 10.0 (VS2010)

time: Thu Dec 15 14:38:30 2016
elapsed time: 10 seconds (0d 0h 0m 10s)

