#
# There is insufficient memory for the Java Runtime Environment to continue.
# Native memory allocation (malloc) failed to allocate 32744 bytes for ChunkPool::allocate
# Possible reasons:
#   The system is out of physical RAM or swap space
#   In 32 bit mode, the process size limit was hit
# Possible solutions:
#   Reduce memory load on the system
#   Increase physical memory or swap space
#   Check if swap backing store is full
#   Use 64 bit Java on a 64 bit OS
#   Decrease Java heap size (-Xmx/-Xms)
#   Decrease number of Java threads
#   Decrease Java thread stack sizes (-Xss)
#   Set larger code cache with -XX:ReservedCodeCacheSize=
# This output file may be truncated or incomplete.
#
#  Out of Memory Error (allocation.cpp:273), pid=3976, tid=0x0000000000002224
#
# JRE version: OpenJDK Runtime Environment (8.0_76-b03) (build 1.8.0_76-release-b03)
# Java VM: OpenJDK 64-Bit Server VM (25.76-b03 mixed mode windows-amd64 compressed oops)
# Failed to write core dump. Minidumps are not enabled by default on client versions of Windows
#

---------------  T H R E A D  ---------------

Current thread (0x00000000146bd800):  JavaThread "C2 CompilerThread1" daemon [_thread_in_native, id=8740, stack(0x0000000015de0000,0x0000000015ee0000)]

Stack: [0x0000000015de0000,0x0000000015ee0000]
[error occurred during error reporting (printing stack bounds), id 0xc0000005]

Native frames: (J=compiled Java code, j=interpreted, Vv=VM code, C=native code)


Current CompileTask:
C2:   5908 1084   !   4       com.android.dx.cf.code.BytecodeArray::parseInstruction (2764 bytes)


---------------  P R O C E S S  ---------------

Java Threads: ( => current thread )
  0x000000001624f000 JavaThread "pool-2-thread-4" [_thread_blocked, id=11476, stack(0x00000000169e0000,0x0000000016ae0000)]
  0x000000001624a000 JavaThread "pool-2-thread-3" [_thread_blocked, id=12140, stack(0x00000000168e0000,0x00000000169e0000)]
  0x0000000016244800 JavaThread "pool-2-thread-2" [_thread_blocked, id=12000, stack(0x00000000167e0000,0x00000000168e0000)]
  0x0000000016174800 JavaThread "pool-3-thread-1" [_thread_blocked, id=10484, stack(0x00000000166e0000,0x00000000167e0000)]
  0x000000001616d800 JavaThread "pool-2-thread-1" [_thread_blocked, id=10420, stack(0x00000000165e0000,0x00000000166e0000)]
  0x0000000016000800 JavaThread "Service Thread" daemon [_thread_blocked, id=4532, stack(0x00000000163e0000,0x00000000164e0000)]
  0x00000000146c0000 JavaThread "C1 CompilerThread2" daemon [_thread_blocked, id=10896, stack(0x0000000015ee0000,0x0000000015fe0000)]
=>0x00000000146bd800 JavaThread "C2 CompilerThread1" daemon [_thread_in_native, id=8740, stack(0x0000000015de0000,0x0000000015ee0000)]
  0x000000001469e000 JavaThread "C2 CompilerThread0" daemon [_thread_in_native, id=10264, stack(0x0000000015ce0000,0x0000000015de0000)]
  0x0000000014699800 JavaThread "Attach Listener" daemon [_thread_blocked, id=11568, stack(0x0000000015be0000,0x0000000015ce0000)]
  0x0000000014698000 JavaThread "Signal Dispatcher" daemon [_thread_blocked, id=11440, stack(0x0000000015ae0000,0x0000000015be0000)]
  0x0000000014688000 JavaThread "Finalizer" daemon [_thread_blocked, id=10784, stack(0x0000000015900000,0x0000000015a00000)]
  0x0000000001fbf000 JavaThread "Reference Handler" daemon [_thread_blocked, id=11236, stack(0x0000000015800000,0x0000000015900000)]
  0x0000000001ed0800 JavaThread "main" [_thread_in_Java, id=10216, stack(0x0000000001dd0000,0x0000000001ed0000)]

Other Threads:
  0x0000000014665800 VMThread [stack: 0x0000000015700000,0x0000000015800000] [id=9972]
  0x00000000146fa000 WatcherThread [stack: 0x00000000164e0000,0x00000000165e0000] [id=2528]

VM state:not at safepoint (normal execution)

VM Mutex/Monitor currently owned by a thread: None

Heap:
 PSYoungGen      total 18944K, used 10083K [0x00000000eab00000, 0x00000000ec000000, 0x0000000100000000)
  eden space 16384K, 45% used [0x00000000eab00000,0x00000000eb25b238,0x00000000ebb00000)
  from space 2560K, 99% used [0x00000000ebb00000,0x00000000ebd7dc98,0x00000000ebd80000)
  to   space 2560K, 0% used [0x00000000ebd80000,0x00000000ebd80000,0x00000000ec000000)
 ParOldGen       total 44032K, used 1590K [0x00000000c0000000, 0x00000000c2b00000, 0x00000000eab00000)
  object space 44032K, 3% used [0x00000000c0000000,0x00000000c018dbb0,0x00000000c2b00000)
 Metaspace       used 5792K, capacity 6832K, committed 7040K, reserved 1056768K
  class space    used 569K, capacity 616K, committed 640K, reserved 1048576K

Card table byte_map: [0x0000000011390000,0x00000000115a0000] byte_map_base: 0x0000000010d90000

Marking Bits: (ParMarkBitMap*) 0x0000000069db9d00
 Begin Bits: [0x0000000011b00000, 0x0000000012b00000)
 End Bits:   [0x0000000012b00000, 0x0000000013b00000)

Polling page: 0x00000000003f0000

CodeCache: size=245760Kb used=4209Kb max_used=4209Kb free=241550Kb
 bounds [0x0000000001fd0000, 0x00000000023f0000, 0x0000000010fd0000]
 total_blobs=1344 nmethods=1077 adapters=181
 compilation: enabled

Compilation events (10 events):
Event: 5.796 Thread 0x00000000146c0000 1093       3       com.android.dx.ssa.PhiInsn::predBlocksForReg (73 bytes)
Event: 5.800 Thread 0x00000000146c0000 nmethod 1093 0x00000000023e9a10 code [0x00000000023e9c80, 0x00000000023eacd8]
Event: 5.800 Thread 0x00000000146c0000 1094       3       com.android.dx.ssa.SsaBasicBlock::addMoveToEnd (172 bytes)
Event: 5.807 Thread 0x00000000146c0000 nmethod 1094 0x00000000023eb890 code [0x00000000023ebc20, 0x00000000023edb48]
Event: 5.807 Thread 0x00000000146c0000 1082       3       com.android.dx.rop.type.Type::isIntlike (56 bytes)
Event: 5.808 Thread 0x00000000146c0000 nmethod 1082 0x00000000023ef110 code [0x00000000023ef260, 0x00000000023ef3f0]
Event: 5.808 Thread 0x00000000146c0000 1072       1       com.android.dx.ssa.back.FirstFitLocalCombiningAllocator$Multiset::getSize (5 bytes)
Event: 5.808 Thread 0x00000000146c0000 nmethod 1072 0x00000000023dd510 code [0x00000000023dd660, 0x00000000023dd770]
Event: 5.808 Thread 0x00000000146c0000 1089       1       java.util.HashMap$Node::getValue (5 bytes)
Event: 5.808 Thread 0x00000000146c0000 nmethod 1089 0x00000000023ef490 code [0x00000000023ef5e0, 0x00000000023ef6f0]

GC Heap History (2 events):
Event: 4.863 GC heap before
{Heap before GC invocations=1 (full 0):
 PSYoungGen      total 18944K, used 16384K [0x00000000eab00000, 0x00000000ec000000, 0x0000000100000000)
  eden space 16384K, 100% used [0x00000000eab00000,0x00000000ebb00000,0x00000000ebb00000)
  from space 2560K, 0% used [0x00000000ebd80000,0x00000000ebd80000,0x00000000ec000000)
  to   space 2560K, 0% used [0x00000000ebb00000,0x00000000ebb00000,0x00000000ebd80000)
 ParOldGen       total 44032K, used 0K [0x00000000c0000000, 0x00000000c2b00000, 0x00000000eab00000)
  object space 44032K, 0% used [0x00000000c0000000,0x00000000c0000000,0x00000000c2b00000)
 Metaspace       used 5701K, capacity 6704K, committed 6784K, reserved 1056768K
  class space    used 568K, capacity 616K, committed 640K, reserved 1048576K
Event: 5.158 GC heap after
Heap after GC invocations=1 (full 0):
 PSYoungGen      total 18944K, used 2551K [0x00000000eab00000, 0x00000000ec000000, 0x0000000100000000)
  eden space 16384K, 0% used [0x00000000eab00000,0x00000000eab00000,0x00000000ebb00000)
  from space 2560K, 99% used [0x00000000ebb00000,0x00000000ebd7dc98,0x00000000ebd80000)
  to   space 2560K, 0% used [0x00000000ebd80000,0x00000000ebd80000,0x00000000ec000000)
 ParOldGen       total 44032K, used 1590K [0x00000000c0000000, 0x00000000c2b00000, 0x00000000eab00000)
  object space 44032K, 3% used [0x00000000c0000000,0x00000000c018dbb0,0x00000000c2b00000)
 Metaspace       used 5701K, capacity 6704K, committed 6784K, reserved 1056768K
  class space    used 568K, capacity 616K, committed 640K, reserved 1048576K
}

Deoptimization events (10 events):
Event: 3.911 Thread 0x0000000001ed0800 Uncommon trap: reason=unstable_if action=reinterpret pc=0x00000000021d1ca8 method=java.util.HashMap.getNode(ILjava/lang/Object;)Ljava/util/HashMap$Node; @ 62
Event: 3.952 Thread 0x000000001616d800 Uncommon trap: reason=unstable_if action=reinterpret pc=0x00000000021e56f0 method=java.util.BitSet.nextSetBit(I)I @ 87
Event: 4.220 Thread 0x0000000016244800 Uncommon trap: reason=class_check action=maybe_recompile pc=0x00000000021f4b70 method=com.android.dx.ssa.NormalSsaInsn.accept(Lcom/android/dx/ssa/SsaInsn$Visitor;)V @ 9
Event: 4.220 Thread 0x0000000016244800 Uncommon trap: reason=class_check action=maybe_recompile pc=0x00000000021f4b70 method=com.android.dx.ssa.NormalSsaInsn.accept(Lcom/android/dx/ssa/SsaInsn$Visitor;)V @ 9
Event: 4.220 Thread 0x0000000016244800 Uncommon trap: reason=class_check action=maybe_recompile pc=0x00000000021f4b70 method=com.android.dx.ssa.NormalSsaInsn.accept(Lcom/android/dx/ssa/SsaInsn$Visitor;)V @ 9
Event: 4.221 Thread 0x0000000016244800 Uncommon trap: reason=class_check action=maybe_recompile pc=0x00000000021f4b70 method=com.android.dx.ssa.NormalSsaInsn.accept(Lcom/android/dx/ssa/SsaInsn$Visitor;)V @ 9
Event: 4.613 Thread 0x0000000001ed0800 Uncommon trap: reason=unstable_if action=reinterpret pc=0x000000000221d628 method=java.lang.String.<init>([CII)V @ 18
Event: 5.206 Thread 0x000000001624a000 Uncommon trap: reason=bimorphic action=maybe_recompile pc=0x00000000023084a4 method=java.util.HashMap.getNode(ILjava/lang/Object;)Ljava/util/HashMap$Node; @ 126
Event: 5.244 Thread 0x000000001624f000 Uncommon trap: reason=bimorphic action=maybe_recompile pc=0x00000000023084a4 method=java.util.HashMap.getNode(ILjava/lang/Object;)Ljava/util/HashMap$Node; @ 126
Event: 5.758 Thread 0x0000000001ed0800 Uncommon trap: reason=unstable_if action=reinterpret pc=0x000000000236e43c method=com.android.dx.util.IntList.binarysearch(I)I @ 105

Internal exceptions (2 events):
Event: 1.118 Thread 0x0000000001ed0800 Exception <a 'java/lang/NoSuchMethodError': Method sun.misc.Unsafe.defineClass(Ljava/lang/String;[BII)Ljava/lang/Class; name or signature does not match> (0x00000000eab07cc0) thrown at [C:\src\android\AOSP-openjdk\external\jetbrains\jdk\hotspot\src\share\vº÷Œ·qâñ?
Event: 1.118 Thread 0x0000000001ed0800 Exception <a 'java/lang/NoSuchMethodError': Method sun.misc.Unsafe.prefetchRead(Ljava/lang/Object;J)V name or signature does not match> (0x00000000eab07fa8) thrown at [C:\src\android\AOSP-openjdk\external\jetbrains\jdk\hotspot\src\share\vm\prims\jni.cpp, l

Events (10 events):
Event: 5.238 loading class com/android/dx/cf/code/BytecodeArray$ConstantParserVisitor
Event: 5.238 loading class com/android/dx/cf/code/BytecodeArray$ConstantParserVisitor done
Event: 5.244 Thread 0x000000001624f000 Uncommon trap: trap_request=0xffffffc6 fr.pc=0x00000000023084a4
Event: 5.244 Thread 0x000000001624f000 DEOPT PACKING pc=0x00000000023084a4 sp=0x0000000016adeb90
Event: 5.244 Thread 0x000000001624f000 DEOPT UNPACKING pc=0x000000000201556a sp=0x0000000016adeab8 mode 2
Event: 5.642 Executing VM operation: EnableBiasedLocking
Event: 5.682 Executing VM operation: EnableBiasedLocking done
Event: 5.758 Thread 0x0000000001ed0800 Uncommon trap: trap_request=0xffffff65 fr.pc=0x000000000236e43c
Event: 5.758 Thread 0x0000000001ed0800 DEOPT PACKING pc=0x000000000236e43c sp=0x0000000001ece370
Event: 5.758 Thread 0x0000000001ed0800 DEOPT UNPACKING pc=0x000000000201556a sp=0x0000000001ece2e8 mode 2


Dynamic libraries:
0x00007ff7b4b00000 - 0x00007ff7b4b31000 	D:\Android\AndroidStudio\jre\bin\java.exe
0x00007ffb46030000 - 0x00007ffb461dd000 	C:\WINDOWS\SYSTEM32\ntdll.dll
0x00007ffb44000000 - 0x00007ffb4413e000 	C:\WINDOWS\system32\KERNEL32.DLL
0x00007ffb43330000 - 0x00007ffb43445000 	C:\WINDOWS\system32\KERNELBASE.dll
0x00007ffb43980000 - 0x00007ffb43a2a000 	C:\WINDOWS\system32\ADVAPI32.dll
0x00007ffb43e10000 - 0x00007ffb43f87000 	C:\WINDOWS\system32\USER32.dll
0x00007ffb40df0000 - 0x00007ffb4106a000 	C:\WINDOWS\WinSxS\amd64_microsoft.windows.common-controls_6595b64144ccf1df_6.0.9600.17810_none_6240b9c7ecbd0bda\COMCTL32.dll
0x00007ffb436b0000 - 0x00007ffb4375a000 	C:\WINDOWS\system32\msvcrt.dll
0x00007ffb43a30000 - 0x00007ffb43a89000 	C:\WINDOWS\SYSTEM32\sechost.dll
0x00007ffb44140000 - 0x00007ffb44280000 	C:\WINDOWS\system32\RPCRT4.dll
0x00007ffb45830000 - 0x00007ffb4597f000 	C:\WINDOWS\system32\GDI32.dll
0x00007ffb43630000 - 0x00007ffb4365e000 	C:\WINDOWS\system32\SspiCli.dll
0x00007ffb43af0000 - 0x00007ffb43b26000 	C:\WINDOWS\system32\IMM32.DLL
0x00007ffb45980000 - 0x00007ffb45ad2000 	C:\WINDOWS\system32\MSCTF.dll
0x000000006a4b0000 - 0x000000006a582000 	D:\Android\AndroidStudio\jre\jre\bin\msvcr100.dll
0x0000000069600000 - 0x0000000069e34000 	D:\Android\AndroidStudio\jre\jre\bin\server\jvm.dll
0x00007ffb3a960000 - 0x00007ffb3a969000 	C:\WINDOWS\SYSTEM32\WSOCK32.dll
0x00007ffb39250000 - 0x00007ffb39272000 	C:\WINDOWS\SYSTEM32\WINMM.dll
0x00007ffb3c820000 - 0x00007ffb3c82a000 	C:\WINDOWS\SYSTEM32\VERSION.dll
0x00007ffb43e00000 - 0x00007ffb43e07000 	C:\WINDOWS\system32\PSAPI.DLL
0x00007ffb44280000 - 0x00007ffb442da000 	C:\WINDOWS\system32\WS2_32.dll
0x00007ffb39150000 - 0x00007ffb3917a000 	C:\WINDOWS\SYSTEM32\WINMMBASE.dll
0x00007ffb45820000 - 0x00007ffb45829000 	C:\WINDOWS\system32\NSI.dll
0x00007ffb43660000 - 0x00007ffb436af000 	C:\WINDOWS\SYSTEM32\cfgmgr32.dll
0x00007ffb41f70000 - 0x00007ffb41f98000 	C:\WINDOWS\SYSTEM32\DEVOBJ.dll
0x00007ffb40890000 - 0x00007ffb4089f000 	D:\Android\AndroidStudio\jre\jre\bin\verify.dll
0x00007ffb407a0000 - 0x00007ffb407c9000 	D:\Android\AndroidStudio\jre\jre\bin\java.dll
0x00007ffb40810000 - 0x00007ffb40826000 	D:\Android\AndroidStudio\jre\jre\bin\zip.dll
0x00007ffb442e0000 - 0x00007ffb45808000 	C:\WINDOWS\system32\SHELL32.dll
0x00007ffb43760000 - 0x00007ffb43971000 	C:\WINDOWS\SYSTEM32\combase.dll
0x00007ffb43a90000 - 0x00007ffb43ae4000 	C:\WINDOWS\system32\SHLWAPI.dll
0x00007ffb41790000 - 0x00007ffb41842000 	C:\WINDOWS\SYSTEM32\SHCORE.dll
0x00007ffb43150000 - 0x00007ffb43165000 	C:\WINDOWS\SYSTEM32\profapi.dll

VM Arguments:
jvm_args: -Djava.awt.headless=true -Xmx1024M -Dfile.encoding=windows-1252 -Duser.country=US -Duser.language=en -Duser.variant 
java_command: com.android.dx.command.Main --dex --force-jumbo --num-threads=4 --multi-dex --output D:\Mozilla Downloads\and-nd-firebase-1.00-starting-point\app\build\intermediates\transforms\dex\debug\folders\1000\10\com.google.android.gms-play-services-auth-base-10.0.0_38286416606ccbac1c20b299517c0951b4a6df21 D:\Mozilla Downloads\and-nd-firebase-1.00-starting-point\app\build\intermediates\exploded-aar\com.google.android.gms\play-services-auth-base\10.0.0\jars\classes.jar
java_class_path (initial): D:\Android\sdk\build-tools\24.0.1\lib\dx.jar
Launcher Type: SUN_STANDARD

Environment Variables:
PATH=C:\ProgramData\Oracle\Java\javapath;C:\Program Files (x86)\Intel\iCLS Client\;C:\Program Files\Intel\iCLS Client\;C:\WINDOWS\system32;C:\WINDOWS;C:\WINDOWS\System32\Wbem;C:\WINDOWS\System32\WindowsPowerShell\v1.0\;C:\Program Files\Intel\Intel(R) Management Engine Components\DAL;C:\Program Files (x86)\Intel\Intel(R) Management Engine Components\DAL;C:\Program Files\Intel\Intel(R) Management Engine Components\IPT;C:\Program Files (x86)\Intel\Intel(R) Management Engine Components\IPT;D:\Git\cmd;C:\Users\Hamid-PC\AppData\Local\atom\bin
USERNAME=Hamid-PC
OS=Windows_NT
PROCESSOR_IDENTIFIER=Intel64 Family 6 Model 61 Stepping 4, GenuineIntel



---------------  S Y S T E M  ---------------

OS: Windows 8.1 , 64 bit Build 9600 (6.3.9600.17415)

CPU:total 4 (2 cores per cpu, 2 threads per core) family 6 model 61 stepping 4, cmov, cx8, fxsr, mmx, sse, sse2, sse3, ssse3, sse4.1, sse4.2, popcnt, avx, avx2, aes, clmul, erms, 3dnowpref, lzcnt, ht, tsc, tscinvbit, bmi1, bmi2, adx

Memory: 4k page, physical 4107980k(81460k free), swap 5209432k(5104k free)

vm_info: OpenJDK 64-Bit Server VM (25.76-b03) for windows-amd64 JRE (1.8.0_76-release-b03), built on Jun 29 2016 19:09:20 by "ralucas" with MS VC++ 10.0 (VS2010)

time: Sat Dec 24 21:49:24 2016
elapsed time: 5 seconds (0d 0h 0m 5s)

