#
# There is insufficient memory for the Java Runtime Environment to continue.
# Native memory allocation (malloc) failed to allocate 572416 bytes for Chunk::new
# Possible reasons:
#   The system is out of physical RAM or swap space
#   In 32 bit mode, the process size limit was hit
# Possible solutions:
#   Reduce memory load on the system
#   Increase physical memory or swap space
#   Check if swap backing store is full
#   Use 64 bit Java on a 64 bit OS
#   Decrease Java heap size (-Xmx/-Xms)
#   Decrease number of Java threads
#   Decrease Java thread stack sizes (-Xss)
#   Set larger code cache with -XX:ReservedCodeCacheSize=
# This output file may be truncated or incomplete.
#
#  Out of Memory Error (allocation.cpp:390), pid=1456, tid=0x0000000000000bb8
#
# JRE version: OpenJDK Runtime Environment (8.0_76-b03) (build 1.8.0_76-release-b03)
# Java VM: OpenJDK 64-Bit Server VM (25.76-b03 mixed mode windows-amd64 compressed oops)
# Failed to write core dump. Minidumps are not enabled by default on client versions of Windows
#

---------------  T H R E A D  ---------------

Current thread (0x0000000014dce800):  JavaThread "C2 CompilerThread1" daemon [_thread_in_native, id=3000, stack(0x0000000016520000,0x0000000016620000)]

Stack: [0x0000000016520000,0x0000000016620000]
[error occurred during error reporting (printing stack bounds), id 0xc0000005]

Native frames: (J=compiled Java code, j=interpreted, Vv=VM code, C=native code)


Current CompileTask:
C2:   3648 1068       4       com.android.dx.dex.code.OutputFinisher::addConstants (93 bytes)


---------------  P R O C E S S  ---------------

Java Threads: ( => current thread )
  0x000000001697e800 JavaThread "pool-1-thread-1" [_thread_in_vm, id=4412, stack(0x0000000016d20000,0x0000000016e20000)]
  0x0000000014e2e800 JavaThread "Service Thread" daemon [_thread_blocked, id=4884, stack(0x0000000016b20000,0x0000000016c20000)]
  0x0000000014e27000 JavaThread "C1 CompilerThread2" daemon [_thread_blocked, id=5648, stack(0x0000000016620000,0x0000000016720000)]
=>0x0000000014dce800 JavaThread "C2 CompilerThread1" daemon [_thread_in_native, id=3000, stack(0x0000000016520000,0x0000000016620000)]
  0x0000000014dca800 JavaThread "C2 CompilerThread0" daemon [_thread_blocked, id=3424, stack(0x0000000016420000,0x0000000016520000)]
  0x0000000014dc9800 JavaThread "Attach Listener" daemon [_thread_blocked, id=2688, stack(0x0000000016320000,0x0000000016420000)]
  0x0000000014dc8800 JavaThread "Signal Dispatcher" daemon [_thread_blocked, id=2084, stack(0x0000000016220000,0x0000000016320000)]
  0x00000000026f4800 JavaThread "Finalizer" daemon [_thread_blocked, id=2416, stack(0x0000000016040000,0x0000000016140000)]
  0x00000000026ef000 JavaThread "Reference Handler" daemon [_thread_blocked, id=3404, stack(0x0000000015f40000,0x0000000016040000)]
  0x0000000002600800 JavaThread "main" [_thread_blocked, id=4856, stack(0x0000000002460000,0x0000000002560000)]

Other Threads:
  0x0000000014d95800 VMThread [stack: 0x0000000015e40000,0x0000000015f40000] [id=5212]
  0x0000000016720800 WatcherThread [stack: 0x0000000016c20000,0x0000000016d20000] [id=4356]

VM state:not at safepoint (normal execution)

VM Mutex/Monitor currently owned by a thread: None

Heap:
 PSYoungGen      total 18944K, used 8141K [0x00000000eab00000, 0x00000000ed000000, 0x0000000100000000)
  eden space 16384K, 34% used [0x00000000eab00000,0x00000000eb0777b8,0x00000000ebb00000)
  from space 2560K, 99% used [0x00000000ebb00000,0x00000000ebd7c028,0x00000000ebd80000)
  to   space 2560K, 0% used [0x00000000ecd80000,0x00000000ecd80000,0x00000000ed000000)
 ParOldGen       total 44032K, used 1413K [0x00000000c0000000, 0x00000000c2b00000, 0x00000000eab00000)
  object space 44032K, 3% used [0x00000000c0000000,0x00000000c0161478,0x00000000c2b00000)
 Metaspace       used 5766K, capacity 6896K, committed 7040K, reserved 1056768K
  class space    used 572K, capacity 616K, committed 640K, reserved 1048576K

Card table byte_map: [0x0000000011ac0000,0x0000000011cd0000] byte_map_base: 0x00000000114c0000

Marking Bits: (ParMarkBitMap*) 0x0000000069db9d00
 Begin Bits: [0x0000000012230000, 0x0000000013230000)
 End Bits:   [0x0000000013230000, 0x0000000014230000)

Polling page: 0x0000000000bf0000

CodeCache: size=245760Kb used=4290Kb max_used=4290Kb free=241469Kb
 bounds [0x0000000002700000, 0x0000000002b40000, 0x0000000011700000]
 total_blobs=1384 nmethods=1122 adapters=176
 compilation: enabled

Compilation events (10 events):
Event: 3.421 Thread 0x0000000014e27000 1127       3       com.android.dx.dex.code.OutputFinisher::findOpcodeForInsn (51 bytes)
Event: 3.423 Thread 0x0000000014e27000 nmethod 1127 0x0000000002b313d0 code [0x0000000002b315a0, 0x0000000002b31d78]
Event: 3.423 Thread 0x0000000014e27000 1128       3       com.android.dx.dex.code.DalvInsn::setAddress (20 bytes)
Event: 3.423 Thread 0x0000000014e27000 nmethod 1128 0x0000000002b30f50 code [0x0000000002b310c0, 0x0000000002b31308]
Event: 3.423 Thread 0x0000000014e27000 1129       3       com.android.dx.dex.code.DalvInsnList::set (7 bytes)
Event: 3.424 Thread 0x0000000014e27000 nmethod 1129 0x0000000002b2ffd0 code [0x0000000002b301a0, 0x0000000002b30988]
Event: 3.424 Thread 0x0000000014e27000 1130       3       com.android.dx.dex.code.LocalList$MakeState::filterSpec (24 bytes)
Event: 3.425 Thread 0x0000000014e27000 nmethod 1130 0x0000000002b32bd0 code [0x0000000002b32d60, 0x0000000002b33258]
Event: 3.425 Thread 0x0000000014e27000 1131       3       com.android.dx.rop.code.RegisterSpec::matchesVariable (68 bytes)
Event: 3.426 Thread 0x0000000014e27000 nmethod 1131 0x0000000002b33410 code [0x0000000002b335e0, 0x0000000002b33f78]

GC Heap History (2 events):
Event: 2.248 GC heap before
{Heap before GC invocations=1 (full 0):
 PSYoungGen      total 18944K, used 16384K [0x00000000eab00000, 0x00000000ec000000, 0x0000000100000000)
  eden space 16384K, 100% used [0x00000000eab00000,0x00000000ebb00000,0x00000000ebb00000)
  from space 2560K, 0% used [0x00000000ebd80000,0x00000000ebd80000,0x00000000ec000000)
  to   space 2560K, 0% used [0x00000000ebb00000,0x00000000ebb00000,0x00000000ebd80000)
 ParOldGen       total 44032K, used 0K [0x00000000c0000000, 0x00000000c2b00000, 0x00000000eab00000)
  object space 44032K, 0% used [0x00000000c0000000,0x00000000c0000000,0x00000000c2b00000)
 Metaspace       used 5550K, capacity 6704K, committed 6784K, reserved 1056768K
  class space    used 558K, capacity 616K, committed 640K, reserved 1048576K
Event: 2.273 GC heap after
Heap after GC invocations=1 (full 0):
 PSYoungGen      total 18944K, used 2544K [0x00000000eab00000, 0x00000000ed000000, 0x0000000100000000)
  eden space 16384K, 0% used [0x00000000eab00000,0x00000000eab00000,0x00000000ebb00000)
  from space 2560K, 99% used [0x00000000ebb00000,0x00000000ebd7c028,0x00000000ebd80000)
  to   space 2560K, 0% used [0x00000000ecd80000,0x00000000ecd80000,0x00000000ed000000)
 ParOldGen       total 44032K, used 1413K [0x00000000c0000000, 0x00000000c2b00000, 0x00000000eab00000)
  object space 44032K, 3% used [0x00000000c0000000,0x00000000c0161478,0x00000000c2b00000)
 Metaspace       used 5550K, capacity 6704K, committed 6784K, reserved 1056768K
  class space    used 558K, capacity 616K, committed 640K, reserved 1048576K
}

Deoptimization events (10 events):
Event: 2.300 Thread 0x000000001688a800 Uncommon trap: reason=null_check action=make_not_entrant pc=0x00000000029cef38 method=com.android.dx.ssa.SsaRenamer.getLocalForNewReg(I)Lcom/android/dx/rop/code/LocalItem; @ 19
Event: 2.342 Thread 0x000000001688e000 Uncommon trap: reason=unstable_if action=reinterpret pc=0x00000000029c30dc method=com.android.dx.rop.cst.Constant.compareTo(Lcom/android/dx/rop/cst/Constant;)I @ 12
Event: 2.552 Thread 0x000000001688e000 Uncommon trap: reason=unstable_if action=reinterpret pc=0x00000000029e32ec method=com.android.dx.rop.code.RegisterSpecSet.put(Lcom/android/dx/rop/code/RegisterSpec;)V @ 77
Event: 2.552 Thread 0x000000001688e000 Uncommon trap: reason=unstable_if action=reinterpret pc=0x0000000002a1d42c method=com.android.dx.rop.code.RegisterSpecSet.put(Lcom/android/dx/rop/code/RegisterSpec;)V @ 77
Event: 3.087 Thread 0x000000001697e800 Uncommon trap: reason=bimorphic action=maybe_recompile pc=0x000000000290db70 method=java.util.HashMap.getNode(ILjava/lang/Object;)Ljava/util/HashMap$Node; @ 126
Event: 3.115 Thread 0x000000001697e800 Uncommon trap: reason=unstable_if action=reinterpret pc=0x0000000002b114d0 method=java.util.HashMap.putVal(ILjava/lang/Object;Ljava/lang/Object;ZZ)Ljava/lang/Object; @ 94
Event: 3.380 Thread 0x000000001697e800 Uncommon trap: reason=bimorphic action=maybe_recompile pc=0x000000000290db70 method=java.util.HashMap.getNode(ILjava/lang/Object;)Ljava/util/HashMap$Node; @ 126
Event: 3.380 Thread 0x000000001697e800 Uncommon trap: reason=bimorphic action=maybe_recompile pc=0x000000000290db70 method=java.util.HashMap.getNode(ILjava/lang/Object;)Ljava/util/HashMap$Node; @ 126
Event: 3.381 Thread 0x000000001697e800 Uncommon trap: reason=bimorphic action=maybe_recompile pc=0x000000000290db70 method=java.util.HashMap.getNode(ILjava/lang/Object;)Ljava/util/HashMap$Node; @ 126
Event: 3.382 Thread 0x000000001697e800 Uncommon trap: reason=bimorphic action=maybe_recompile pc=0x0000000002a57f94 method=java.util.HashMap.getNode(ILjava/lang/Object;)Ljava/util/HashMap$Node; @ 126

Internal exceptions (3 events):
Event: 0.171 Thread 0x0000000002600800 Exception <a 'java/lang/NoSuchMethodError': Method sun.misc.Unsafe.defineClass(Ljava/lang/String;[BII)Ljava/lang/Class; name or signature does not match> (0x00000000eab07cc0) thrown at [C:\src\android\AOSP-openjdk\external\jetbrains\jdk\hotspot\src\share\vR&зQ`Не?
Event: 0.171 Thread 0x0000000002600800 Exception <a 'java/lang/NoSuchMethodError': Method sun.misc.Unsafe.prefetchRead(Ljava/lang/Object;J)V name or signature does not match> (0x00000000eab07fa8) thrown at [C:\src\android\AOSP-openjdk\external\jetbrains\jdk\hotspot\src\share\vm\prims\jni.cpp, lУэ%"g@
Event: 2.300 Thread 0x000000001688a800 Implicit null exception at 0x00000000029cbeb1 to 0x00000000029ceef5

Events (10 events):
Event: 3.404 loading class com/android/dx/dex/code/LocalList$MakeState
Event: 3.404 loading class com/android/dx/dex/code/LocalList$MakeState done
Event: 3.406 loading class com/android/dx/dex/code/LocalList$Disposition
Event: 3.406 loading class com/android/dx/dex/code/LocalList$Disposition done
Event: 3.406 loading class com/android/dx/dex/code/LocalList$Entry
Event: 3.406 loading class com/android/dx/dex/code/LocalList$Entry done
Event: 3.408 loading class com/android/dx/dex/code/CatchHandlerList
Event: 3.408 loading class com/android/dx/dex/code/CatchHandlerList done
Event: 3.412 loading class com/android/dx/dex/code/CatchTable
Event: 3.412 loading class com/android/dx/dex/code/CatchTable done


Dynamic libraries:
0x00007ff766640000 - 0x00007ff766671000 	D:\Android\AndroidStudio\jre\bin\java.exe
0x00007ffb46030000 - 0x00007ffb461dd000 	C:\WINDOWS\SYSTEM32\ntdll.dll
0x00007ffb44000000 - 0x00007ffb4413e000 	C:\WINDOWS\system32\KERNEL32.DLL
0x00007ffb43330000 - 0x00007ffb43445000 	C:\WINDOWS\system32\KERNELBASE.dll
0x00007ffb43980000 - 0x00007ffb43a2a000 	C:\WINDOWS\system32\ADVAPI32.dll
0x00007ffb43e10000 - 0x00007ffb43f87000 	C:\WINDOWS\system32\USER32.dll
0x00007ffb40df0000 - 0x00007ffb4106a000 	C:\WINDOWS\WinSxS\amd64_microsoft.windows.common-controls_6595b64144ccf1df_6.0.9600.17810_none_6240b9c7ecbd0bda\COMCTL32.dll
0x00007ffb436b0000 - 0x00007ffb4375a000 	C:\WINDOWS\system32\msvcrt.dll
0x00007ffb43a30000 - 0x00007ffb43a89000 	C:\WINDOWS\SYSTEM32\sechost.dll
0x00007ffb44140000 - 0x00007ffb44280000 	C:\WINDOWS\system32\RPCRT4.dll
0x00007ffb45830000 - 0x00007ffb4597f000 	C:\WINDOWS\system32\GDI32.dll
0x00007ffb43630000 - 0x00007ffb4365e000 	C:\WINDOWS\system32\SspiCli.dll
0x00007ffb43af0000 - 0x00007ffb43b26000 	C:\WINDOWS\system32\IMM32.DLL
0x00007ffb45980000 - 0x00007ffb45ad2000 	C:\WINDOWS\system32\MSCTF.dll
0x0000000069520000 - 0x00000000695f2000 	D:\Android\AndroidStudio\jre\jre\bin\msvcr100.dll
0x0000000069600000 - 0x0000000069e34000 	D:\Android\AndroidStudio\jre\jre\bin\server\jvm.dll
0x00007ffb3a960000 - 0x00007ffb3a969000 	C:\WINDOWS\SYSTEM32\WSOCK32.dll
0x00007ffb39250000 - 0x00007ffb39272000 	C:\WINDOWS\SYSTEM32\WINMM.dll
0x00007ffb3c820000 - 0x00007ffb3c82a000 	C:\WINDOWS\SYSTEM32\VERSION.dll
0x00007ffb43e00000 - 0x00007ffb43e07000 	C:\WINDOWS\system32\PSAPI.DLL
0x00007ffb44280000 - 0x00007ffb442da000 	C:\WINDOWS\system32\WS2_32.dll
0x00007ffb39150000 - 0x00007ffb3917a000 	C:\WINDOWS\SYSTEM32\WINMMBASE.dll
0x00007ffb45820000 - 0x00007ffb45829000 	C:\WINDOWS\system32\NSI.dll
0x00007ffb43660000 - 0x00007ffb436af000 	C:\WINDOWS\SYSTEM32\cfgmgr32.dll
0x00007ffb41f70000 - 0x00007ffb41f98000 	C:\WINDOWS\SYSTEM32\DEVOBJ.dll
0x00007ffb3f0a0000 - 0x00007ffb3f0af000 	D:\Android\AndroidStudio\jre\jre\bin\verify.dll
0x00007ffb3bae0000 - 0x00007ffb3bb09000 	D:\Android\AndroidStudio\jre\jre\bin\java.dll
0x00007ffb3ec30000 - 0x00007ffb3ec46000 	D:\Android\AndroidStudio\jre\jre\bin\zip.dll
0x00007ffb442e0000 - 0x00007ffb45808000 	C:\WINDOWS\system32\SHELL32.dll
0x00007ffb43760000 - 0x00007ffb43971000 	C:\WINDOWS\SYSTEM32\combase.dll
0x00007ffb43a90000 - 0x00007ffb43ae4000 	C:\WINDOWS\system32\SHLWAPI.dll
0x00007ffb41790000 - 0x00007ffb41842000 	C:\WINDOWS\SYSTEM32\SHCORE.dll
0x00007ffb43150000 - 0x00007ffb43165000 	C:\WINDOWS\SYSTEM32\profapi.dll

VM Arguments:
jvm_args: -Djava.awt.headless=true -Xmx1024M -Dfile.encoding=windows-1252 -Duser.country=US -Duser.language=en -Duser.variant 
java_command: com.android.dx.command.Main --dex --force-jumbo --num-threads=4 --multi-dex --output D:\Mozilla Downloads\and-nd-firebase-1.00-starting-point\app\build\intermediates\transforms\dex\debug\folders\1000\10\internal_impl-25.0.1_6a3d907ed9e8f7e4e0a066a386a9a339cde0784f D:\Mozilla Downloads\and-nd-firebase-1.00-starting-point\app\build\intermediates\exploded-aar\com.android.support\support-core-utils\25.0.1\jars\libs\internal_impl-25.0.1.jar
java_class_path (initial): D:\Android\sdk\build-tools\24.0.1\lib\dx.jar
Launcher Type: SUN_STANDARD

Environment Variables:
PATH=C:\ProgramData\Oracle\Java\javapath;C:\Program Files (x86)\Intel\iCLS Client\;C:\Program Files\Intel\iCLS Client\;C:\WINDOWS\system32;C:\WINDOWS;C:\WINDOWS\System32\Wbem;C:\WINDOWS\System32\WindowsPowerShell\v1.0\;C:\Program Files\Intel\Intel(R) Management Engine Components\DAL;C:\Program Files (x86)\Intel\Intel(R) Management Engine Components\DAL;C:\Program Files\Intel\Intel(R) Management Engine Components\IPT;C:\Program Files (x86)\Intel\Intel(R) Management Engine Components\IPT;C:\Program Files\Microsoft SQL Server\110\Tools\Binn\
USERNAME=Hamid-PC
OS=Windows_NT
PROCESSOR_IDENTIFIER=Intel64 Family 6 Model 61 Stepping 4, GenuineIntel



---------------  S Y S T E M  ---------------

OS: Windows 8.1 , 64 bit Build 9600 (6.3.9600.17415)

CPU:total 4 (2 cores per cpu, 2 threads per core) family 6 model 61 stepping 4, cmov, cx8, fxsr, mmx, sse, sse2, sse3, ssse3, sse4.1, sse4.2, popcnt, avx, avx2, aes, clmul, erms, 3dnowpref, lzcnt, ht, tsc, tscinvbit, bmi1, bmi2, adx

Memory: 4k page, physical 4107980k(231136k free), swap 5209432k(5520k free)

vm_info: OpenJDK 64-Bit Server VM (25.76-b03) for windows-amd64 JRE (1.8.0_76-release-b03), built on Jun 29 2016 19:09:20 by "ralucas" with MS VC++ 10.0 (VS2010)

time: Thu Dec 22 18:54:51 2016
elapsed time: 3 seconds (0d 0h 0m 3s)

