#
# There is insufficient memory for the Java Runtime Environment to continue.
# Native memory allocation (malloc) failed to allocate 34416 bytes for Chunk::new
# Possible reasons:
#   The system is out of physical RAM or swap space
#   In 32 bit mode, the process size limit was hit
# Possible solutions:
#   Reduce memory load on the system
#   Increase physical memory or swap space
#   Check if swap backing store is full
#   Use 64 bit Java on a 64 bit OS
#   Decrease Java heap size (-Xmx/-Xms)
#   Decrease number of Java threads
#   Decrease Java thread stack sizes (-Xss)
#   Set larger code cache with -XX:ReservedCodeCacheSize=
# This output file may be truncated or incomplete.
#
#  Out of Memory Error (allocation.cpp:390), pid=3292, tid=0x0000000000000ac0
#
# JRE version: OpenJDK Runtime Environment (8.0_76-b03) (build 1.8.0_76-release-b03)
# Java VM: OpenJDK 64-Bit Server VM (25.76-b03 mixed mode windows-amd64 compressed oops)
# Failed to write core dump. Minidumps are not enabled by default on client versions of Windows
#

---------------  T H R E A D  ---------------

Current thread (0x0000000014b8a800):  JavaThread "C2 CompilerThread0" daemon [_thread_in_native, id=2752, stack(0x00000000161f0000,0x00000000162f0000)]

Stack: [0x00000000161f0000,0x00000000162f0000]
[error occurred during error reporting (printing stack bounds), id 0xc0000005]

Native frames: (J=compiled Java code, j=interpreted, Vv=VM code, C=native code)


Current CompileTask:
C2:   8181 1331       4       com.android.dx.ssa.SCCP::simulateStmt (481 bytes)


---------------  P R O C E S S  ---------------

Java Threads: ( => current thread )
  0x0000000016832000 JavaThread "pool-2-thread-4" [_thread_in_Java, id=3244, stack(0x0000000016ef0000,0x0000000016ff0000)]
  0x0000000016831000 JavaThread "pool-2-thread-3" [_thread_blocked, id=4048, stack(0x0000000016df0000,0x0000000016ef0000)]
  0x0000000016830800 JavaThread "pool-2-thread-2" [_thread_in_Java, id=5904, stack(0x0000000016cf0000,0x0000000016df0000)]
  0x0000000016735800 JavaThread "pool-3-thread-1" [_thread_blocked, id=1012, stack(0x0000000016bf0000,0x0000000016cf0000)]
  0x0000000016795000 JavaThread "pool-2-thread-1" [_thread_in_vm, id=3348, stack(0x0000000016af0000,0x0000000016bf0000)]
  0x0000000014bee800 JavaThread "Service Thread" daemon [_thread_blocked, id=2968, stack(0x00000000168f0000,0x00000000169f0000)]
  0x0000000014be7000 JavaThread "C1 CompilerThread2" daemon [_thread_blocked, id=5808, stack(0x00000000163f0000,0x00000000164f0000)]
  0x0000000014be4800 JavaThread "C2 CompilerThread1" daemon [_thread_in_native, id=1704, stack(0x00000000162f0000,0x00000000163f0000)]
=>0x0000000014b8a800 JavaThread "C2 CompilerThread0" daemon [_thread_in_native, id=2752, stack(0x00000000161f0000,0x00000000162f0000)]
  0x0000000014b89000 JavaThread "Attach Listener" daemon [_thread_blocked, id=3500, stack(0x00000000160f0000,0x00000000161f0000)]
  0x0000000014b88000 JavaThread "Signal Dispatcher" daemon [_thread_blocked, id=3992, stack(0x0000000015ff0000,0x00000000160f0000)]
  0x0000000014b78000 JavaThread "Finalizer" daemon [_thread_blocked, id=3708, stack(0x0000000015e00000,0x0000000015f00000)]
  0x000000000248f000 JavaThread "Reference Handler" daemon [_thread_blocked, id=2256, stack(0x0000000015d00000,0x0000000015e00000)]
  0x00000000023a0800 JavaThread "main" [_thread_in_vm, id=200, stack(0x0000000002270000,0x0000000002370000)]

Other Threads:
  0x0000000014b55800 VMThread [stack: 0x0000000015c00000,0x0000000015d00000] [id=5644]
  0x00000000164fc000 WatcherThread [stack: 0x00000000169f0000,0x0000000016af0000] [id=5376]

VM state:not at safepoint (normal execution)

VM Mutex/Monitor currently owned by a thread: None

Heap:
 PSYoungGen      total 35328K, used 9511K [0x00000000eab00000, 0x00000000ed000000, 0x0000000100000000)
  eden space 32768K, 21% used [0x00000000eab00000,0x00000000eb1c9d98,0x00000000ecb00000)
  from space 2560K, 99% used [0x00000000ecd80000,0x00000000ecffff08,0x00000000ed000000)
  to   space 2560K, 0% used [0x00000000ecb00000,0x00000000ecb00000,0x00000000ecd80000)
 ParOldGen       total 44032K, used 4059K [0x00000000c0000000, 0x00000000c2b00000, 0x00000000eab00000)
  object space 44032K, 9% used [0x00000000c0000000,0x00000000c03f6d38,0x00000000c2b00000)
 Metaspace       used 5994K, capacity 6960K, committed 7040K, reserved 1056768K
  class space    used 572K, capacity 616K, committed 640K, reserved 1048576K

Card table byte_map: [0x0000000011860000,0x0000000011a70000] byte_map_base: 0x0000000011260000

Marking Bits: (ParMarkBitMap*) 0x0000000069db9d00
 Begin Bits: [0x0000000011fd0000, 0x0000000012fd0000)
 End Bits:   [0x0000000012fd0000, 0x0000000013fd0000)

Polling page: 0x0000000002370000

CodeCache: size=245760Kb used=5480Kb max_used=5493Kb free=240279Kb
 bounds [0x00000000024a0000, 0x0000000002a10000, 0x00000000114a0000]
 total_blobs=1585 nmethods=1317 adapters=182
 compilation: enabled

Compilation events (10 events):
Event: 8.071 Thread 0x0000000014be7000 1334       3       com.android.dx.rop.annotation.Annotations::addAll (59 bytes)
Event: 8.073 Thread 0x0000000014be7000 nmethod 1334 0x00000000029fd950 code [0x00000000029fdb60, 0x00000000029fe678]
Event: 8.081 Thread 0x0000000014b8a800 nmethod 1328 0x00000000029fbe90 code [0x00000000029fbfe0, 0x00000000029fc238]
Event: 8.081 Thread 0x0000000014b8a800 1329       4       com.android.dx.util.FixedSizeList::hashCode (8 bytes)
Event: 8.092 Thread 0x0000000014b8a800 nmethod 1329 0x00000000029f9990 code [0x00000000029f9ae0, 0x00000000029f9d58]
Event: 8.092 Thread 0x0000000014b8a800 1330       4       com.android.dx.rop.cst.CstBaseMethodRef::compareTo0 (29 bytes)
Event: 8.115 Thread 0x0000000014b8a800 nmethod 1330 0x00000000029fefd0 code [0x00000000029ff160, 0x00000000029ffa38]
Event: 8.115 Thread 0x0000000014b8a800 1333       4       com.android.dx.rop.code.RegisterSpec::make (7 bytes)
Event: 8.116 Thread 0x0000000014b8a800 nmethod 1333 0x00000000029d9810 code [0x00000000029d9960, 0x00000000029d99c8]
Event: 8.116 Thread 0x0000000014b8a800 1331       4       com.android.dx.ssa.SCCP::simulateStmt (481 bytes)

GC Heap History (4 events):
Event: 5.821 GC heap before
{Heap before GC invocations=1 (full 0):
 PSYoungGen      total 18944K, used 16384K [0x00000000eab00000, 0x00000000ec000000, 0x0000000100000000)
  eden space 16384K, 100% used [0x00000000eab00000,0x00000000ebb00000,0x00000000ebb00000)
  from space 2560K, 0% used [0x00000000ebd80000,0x00000000ebd80000,0x00000000ec000000)
  to   space 2560K, 0% used [0x00000000ebb00000,0x00000000ebb00000,0x00000000ebd80000)
 ParOldGen       total 44032K, used 0K [0x00000000c0000000, 0x00000000c2b00000, 0x00000000eab00000)
  object space 44032K, 0% used [0x00000000c0000000,0x00000000c0000000,0x00000000c2b00000)
 Metaspace       used 5517K, capacity 6576K, committed 6784K, reserved 1056768K
  class space    used 568K, capacity 616K, committed 640K, reserved 1048576K
Event: 6.111 GC heap after
Heap after GC invocations=1 (full 0):
 PSYoungGen      total 18944K, used 2535K [0x00000000eab00000, 0x00000000ed000000, 0x0000000100000000)
  eden space 16384K, 0% used [0x00000000eab00000,0x00000000eab00000,0x00000000ebb00000)
  from space 2560K, 99% used [0x00000000ebb00000,0x00000000ebd79c30,0x00000000ebd80000)
  to   space 2560K, 0% used [0x00000000ecd80000,0x00000000ecd80000,0x00000000ed000000)
 ParOldGen       total 44032K, used 1617K [0x00000000c0000000, 0x00000000c2b00000, 0x00000000eab00000)
  object space 44032K, 3% used [0x00000000c0000000,0x00000000c0194580,0x00000000c2b00000)
 Metaspace       used 5517K, capacity 6576K, committed 6784K, reserved 1056768K
  class space    used 568K, capacity 616K, committed 640K, reserved 1048576K
}
Event: 7.654 GC heap before
{Heap before GC invocations=2 (full 0):
 PSYoungGen      total 18944K, used 18919K [0x00000000eab00000, 0x00000000ed000000, 0x0000000100000000)
  eden space 16384K, 100% used [0x00000000eab00000,0x00000000ebb00000,0x00000000ebb00000)
  from space 2560K, 99% used [0x00000000ebb00000,0x00000000ebd79c30,0x00000000ebd80000)
  to   space 2560K, 0% used [0x00000000ecd80000,0x00000000ecd80000,0x00000000ed000000)
 ParOldGen       total 44032K, used 1617K [0x00000000c0000000, 0x00000000c2b00000, 0x00000000eab00000)
  object space 44032K, 3% used [0x00000000c0000000,0x00000000c0194580,0x00000000c2b00000)
 Metaspace       used 5952K, capacity 6960K, committed 7040K, reserved 1056768K
  class space    used 572K, capacity 616K, committed 640K, reserved 1048576K
Event: 7.895 GC heap after
Heap after GC invocations=2 (full 0):
 PSYoungGen      total 35328K, used 2559K [0x00000000eab00000, 0x00000000ed000000, 0x0000000100000000)
  eden space 32768K, 0% used [0x00000000eab00000,0x00000000eab00000,0x00000000ecb00000)
  from space 2560K, 99% used [0x00000000ecd80000,0x00000000ecffff08,0x00000000ed000000)
  to   space 2560K, 0% used [0x00000000ecb00000,0x00000000ecb00000,0x00000000ecd80000)
 ParOldGen       total 44032K, used 4059K [0x00000000c0000000, 0x00000000c2b00000, 0x00000000eab00000)
  object space 44032K, 9% used [0x00000000c0000000,0x00000000c03f6d38,0x00000000c2b00000)
 Metaspace       used 5952K, capacity 6960K, committed 7040K, reserved 1056768K
  class space    used 572K, capacity 616K, committed 640K, reserved 1048576K
}

Deoptimization events (10 events):
Event: 4.582 Thread 0x00000000023a0800 Uncommon trap: reason=unstable_if action=reinterpret pc=0x00000000025f1f98 method=java.lang.String.indexOf(II)I @ 49
Event: 6.452 Thread 0x0000000016832000 Uncommon trap: reason=unstable_if action=reinterpret pc=0x00000000026d61c0 method=java.util.HashMap.getNode(ILjava/lang/Object;)Ljava/util/HashMap$Node; @ 62
Event: 6.453 Thread 0x0000000016832000 Uncommon trap: reason=unstable_if action=reinterpret pc=0x000000000275e634 method=java.util.BitSet.ensureCapacity(I)V @ 6
Event: 6.453 Thread 0x0000000016832000 Uncommon trap: reason=unstable_if action=reinterpret pc=0x0000000002732430 method=java.util.BitSet.nextSetBit(I)I @ 87
Event: 7.069 Thread 0x00000000023a0800 Uncommon trap: reason=unstable_if action=reinterpret pc=0x0000000002798480 method=java.util.HashMap.getNode(ILjava/lang/Object;)Ljava/util/HashMap$Node; @ 129
Event: 7.135 Thread 0x00000000023a0800 Uncommon trap: reason=null_check action=make_not_entrant pc=0x000000000287d04c method=com.android.dx.ssa.SsaRenamer.getLocalForNewReg(I)Lcom/android/dx/rop/code/LocalItem; @ 19
Event: 7.158 Thread 0x00000000023a0800 Uncommon trap: reason=null_check action=make_not_entrant pc=0x0000000002820cc4 method=com.android.dx.ssa.SsaRenamer.getLocalForNewReg(I)Lcom/android/dx/rop/code/LocalItem; @ 19
Event: 7.549 Thread 0x00000000023a0800 Uncommon trap: reason=unstable_if action=reinterpret pc=0x00000000028711ac method=com.android.dx.rop.code.RegisterSpecSet.put(Lcom/android/dx/rop/code/RegisterSpec;)V @ 77
Event: 8.036 Thread 0x00000000023a0800 Uncommon trap: reason=unstable_if action=reinterpret pc=0x00000000029070fc method=com.android.dx.util.IntList.binarysearch(I)I @ 105
Event: 8.069 Thread 0x00000000023a0800 Uncommon trap: reason=bimorphic action=maybe_recompile pc=0x00000000028c48dc method=java.util.HashMap.getNode(ILjava/lang/Object;)Ljava/util/HashMap$Node; @ 126

Internal exceptions (4 events):
Event: 0.553 Thread 0x00000000023a0800 Exception <a 'java/lang/NoSuchMethodError': Method sun.misc.Unsafe.defineClass(Ljava/lang/String;[BII)Ljava/lang/Class; name or signature does not match> (0x00000000eab07cc0) thrown at [C:\src\android\AOSP-openjdk\external\jetbrains\jdk\hotspot\src\share\vÊ:5¢µá?
Event: 0.553 Thread 0x00000000023a0800 Exception <a 'java/lang/NoSuchMethodError': Method sun.misc.Unsafe.prefetchRead(Ljava/lang/Object;J)V name or signature does not match> (0x00000000eab07fa8) thrown at [C:\src\android\AOSP-openjdk\external\jetbrains\jdk\hotspot\src\share\vm\prims\jni.cpp, l!Ë"×‰@
Event: 7.135 Thread 0x00000000023a0800 Implicit null exception at 0x000000000287a9fd to 0x000000000287d001
Event: 7.158 Thread 0x00000000023a0800 Implicit null exception at 0x000000000281e489 to 0x0000000002820ca1

Events (10 events):
Event: 7.549 Thread 0x00000000023a0800 DEOPT PACKING pc=0x00000000028711ac sp=0x000000000236e280
Event: 7.550 Thread 0x00000000023a0800 DEOPT UNPACKING pc=0x00000000024e556a sp=0x000000000236e208 mode 2
Event: 7.588 Executing VM operation: ParallelGCFailedAllocation
Event: 7.895 Executing VM operation: ParallelGCFailedAllocation done
Event: 8.036 Thread 0x00000000023a0800 Uncommon trap: trap_request=0xffffff65 fr.pc=0x00000000029070fc
Event: 8.036 Thread 0x00000000023a0800 DEOPT PACKING pc=0x00000000029070fc sp=0x000000000236e230
Event: 8.036 Thread 0x00000000023a0800 DEOPT UNPACKING pc=0x00000000024e556a sp=0x000000000236e1a8 mode 2
Event: 8.069 Thread 0x00000000023a0800 Uncommon trap: trap_request=0xffffffc6 fr.pc=0x00000000028c48dc
Event: 8.069 Thread 0x00000000023a0800 DEOPT PACKING pc=0x00000000028c48dc sp=0x000000000236e200
Event: 8.069 Thread 0x00000000023a0800 DEOPT UNPACKING pc=0x00000000024e556a sp=0x000000000236e180 mode 2


Dynamic libraries:
0x00007ff631170000 - 0x00007ff6311a1000 	D:\Android\AndroidStudio\jre\bin\java.exe
0x00007ffb46030000 - 0x00007ffb461dd000 	C:\WINDOWS\SYSTEM32\ntdll.dll
0x00007ffb44000000 - 0x00007ffb4413e000 	C:\WINDOWS\system32\KERNEL32.DLL
0x00007ffb43330000 - 0x00007ffb43445000 	C:\WINDOWS\system32\KERNELBASE.dll
0x00007ffb43980000 - 0x00007ffb43a2a000 	C:\WINDOWS\system32\ADVAPI32.dll
0x00007ffb43e10000 - 0x00007ffb43f87000 	C:\WINDOWS\system32\USER32.dll
0x00007ffb40df0000 - 0x00007ffb4106a000 	C:\WINDOWS\WinSxS\amd64_microsoft.windows.common-controls_6595b64144ccf1df_6.0.9600.17810_none_6240b9c7ecbd0bda\COMCTL32.dll
0x00007ffb436b0000 - 0x00007ffb4375a000 	C:\WINDOWS\system32\msvcrt.dll
0x00007ffb43a30000 - 0x00007ffb43a89000 	C:\WINDOWS\SYSTEM32\sechost.dll
0x00007ffb44140000 - 0x00007ffb44280000 	C:\WINDOWS\system32\RPCRT4.dll
0x00007ffb45830000 - 0x00007ffb4597f000 	C:\WINDOWS\system32\GDI32.dll
0x00007ffb43630000 - 0x00007ffb4365e000 	C:\WINDOWS\system32\SspiCli.dll
0x00007ffb43af0000 - 0x00007ffb43b26000 	C:\WINDOWS\system32\IMM32.DLL
0x00007ffb45980000 - 0x00007ffb45ad2000 	C:\WINDOWS\system32\MSCTF.dll
0x000000006a4b0000 - 0x000000006a582000 	D:\Android\AndroidStudio\jre\jre\bin\msvcr100.dll
0x0000000069600000 - 0x0000000069e34000 	D:\Android\AndroidStudio\jre\jre\bin\server\jvm.dll
0x00007ffb3a960000 - 0x00007ffb3a969000 	C:\WINDOWS\SYSTEM32\WSOCK32.dll
0x00007ffb39250000 - 0x00007ffb39272000 	C:\WINDOWS\SYSTEM32\WINMM.dll
0x00007ffb3c820000 - 0x00007ffb3c82a000 	C:\WINDOWS\SYSTEM32\VERSION.dll
0x00007ffb43e00000 - 0x00007ffb43e07000 	C:\WINDOWS\system32\PSAPI.DLL
0x00007ffb44280000 - 0x00007ffb442da000 	C:\WINDOWS\system32\WS2_32.dll
0x00007ffb39150000 - 0x00007ffb3917a000 	C:\WINDOWS\SYSTEM32\WINMMBASE.dll
0x00007ffb45820000 - 0x00007ffb45829000 	C:\WINDOWS\system32\NSI.dll
0x00007ffb43660000 - 0x00007ffb436af000 	C:\WINDOWS\SYSTEM32\cfgmgr32.dll
0x00007ffb41f70000 - 0x00007ffb41f98000 	C:\WINDOWS\SYSTEM32\DEVOBJ.dll
0x00007ffb3dfa0000 - 0x00007ffb3dfaf000 	D:\Android\AndroidStudio\jre\jre\bin\verify.dll
0x00007ffb3bdb0000 - 0x00007ffb3bdd9000 	D:\Android\AndroidStudio\jre\jre\bin\java.dll
0x00007ffb3c710000 - 0x00007ffb3c726000 	D:\Android\AndroidStudio\jre\jre\bin\zip.dll
0x00007ffb442e0000 - 0x00007ffb45808000 	C:\WINDOWS\system32\SHELL32.dll
0x00007ffb43760000 - 0x00007ffb43971000 	C:\WINDOWS\SYSTEM32\combase.dll
0x00007ffb43a90000 - 0x00007ffb43ae4000 	C:\WINDOWS\system32\SHLWAPI.dll
0x00007ffb41790000 - 0x00007ffb41842000 	C:\WINDOWS\SYSTEM32\SHCORE.dll
0x00007ffb43150000 - 0x00007ffb43165000 	C:\WINDOWS\SYSTEM32\profapi.dll

VM Arguments:
jvm_args: -Djava.awt.headless=true -Xmx1024M -Dfile.encoding=windows-1252 -Duser.country=US -Duser.language=en -Duser.variant 
java_command: com.android.dx.command.Main --dex --force-jumbo --num-threads=4 --multi-dex --output D:\Mozilla Downloads\and-nd-firebase-1.00-starting-point\app\build\intermediates\transforms\dex\debug\folders\1000\10\glide-3.6.1_20ac25cbabf8caae442cc176a730af9af95b8a25 D:\Android\.gradle\caches\modules-2\files-2.1\com.github.bumptech.glide\glide\3.6.1\86b122e640af09b0723e1fa44083c354ba6d9089\glide-3.6.1.jar
java_class_path (initial): D:\Android\sdk\build-tools\24.0.1\lib\dx.jar
Launcher Type: SUN_STANDARD

Environment Variables:
PATH=C:\ProgramData\Oracle\Java\javapath;C:\Program Files (x86)\Intel\iCLS Client\;C:\Program Files\Intel\iCLS Client\;C:\WINDOWS\system32;C:\WINDOWS;C:\WINDOWS\System32\Wbem;C:\WINDOWS\System32\WindowsPowerShell\v1.0\;C:\Program Files\Intel\Intel(R) Management Engine Components\DAL;C:\Program Files (x86)\Intel\Intel(R) Management Engine Components\DAL;C:\Program Files\Intel\Intel(R) Management Engine Components\IPT;C:\Program Files (x86)\Intel\Intel(R) Management Engine Components\IPT;C:\Users\Hamid-PC\AppData\Local\atom\bin
USERNAME=Hamid-PC
OS=Windows_NT
PROCESSOR_IDENTIFIER=Intel64 Family 6 Model 61 Stepping 4, GenuineIntel



---------------  S Y S T E M  ---------------

OS: Windows 8.1 , 64 bit Build 9600 (6.3.9600.17415)

CPU:total 4 (2 cores per cpu, 2 threads per core) family 6 model 61 stepping 4, cmov, cx8, fxsr, mmx, sse, sse2, sse3, ssse3, sse4.1, sse4.2, popcnt, avx, avx2, aes, clmul, erms, 3dnowpref, lzcnt, ht, tsc, tscinvbit, bmi1, bmi2, adx

Memory: 4k page, physical 4107980k(279976k free), swap 5209432k(2692k free)

vm_info: OpenJDK 64-Bit Server VM (25.76-b03) for windows-amd64 JRE (1.8.0_76-release-b03), built on Jun 29 2016 19:09:20 by "ralucas" with MS VC++ 10.0 (VS2010)

time: Sat Dec 24 01:39:00 2016
elapsed time: 8 seconds (0d 0h 0m 8s)

