#
# There is insufficient memory for the Java Runtime Environment to continue.
# Native memory allocation (malloc) failed to allocate 447056 bytes for Chunk::new
# Possible reasons:
#   The system is out of physical RAM or swap space
#   In 32 bit mode, the process size limit was hit
# Possible solutions:
#   Reduce memory load on the system
#   Increase physical memory or swap space
#   Check if swap backing store is full
#   Use 64 bit Java on a 64 bit OS
#   Decrease Java heap size (-Xmx/-Xms)
#   Decrease number of Java threads
#   Decrease Java thread stack sizes (-Xss)
#   Set larger code cache with -XX:ReservedCodeCacheSize=
# This output file may be truncated or incomplete.
#
#  Out of Memory Error (allocation.cpp:390), pid=5796, tid=0x0000000000000fcc
#
# JRE version: OpenJDK Runtime Environment (8.0_76-b03) (build 1.8.0_76-release-b03)
# Java VM: OpenJDK 64-Bit Server VM (25.76-b03 mixed mode windows-amd64 compressed oops)
# Failed to write core dump. Minidumps are not enabled by default on client versions of Windows
#

---------------  T H R E A D  ---------------

Current thread (0x000000001483a800):  JavaThread "C2 CompilerThread0" daemon [_thread_in_native, id=4044, stack(0x0000000015e70000,0x0000000015f70000)]

Stack: [0x0000000015e70000,0x0000000015f70000]
[error occurred during error reporting (printing stack bounds), id 0xc0000005]

Native frames: (J=compiled Java code, j=interpreted, Vv=VM code, C=native code)


Current CompileTask:
C2:   4079 1043   !   4       com.android.dx.cf.code.BytecodeArray::parseInstruction (2764 bytes)


---------------  P R O C E S S  ---------------

Java Threads: ( => current thread )
  0x00000000163c6800 JavaThread "pool-2-thread-4" [_thread_blocked, id=5964, stack(0x0000000016b70000,0x0000000016c70000)]
  0x00000000163d6000 JavaThread "pool-2-thread-3" [_thread_blocked, id=4444, stack(0x0000000016a70000,0x0000000016b70000)]
  0x00000000163c6000 JavaThread "pool-2-thread-2" [_thread_blocked, id=4460, stack(0x0000000016970000,0x0000000016a70000)]
  0x00000000162cf000 JavaThread "pool-3-thread-1" [_thread_blocked, id=96, stack(0x0000000016870000,0x0000000016970000)]
  0x00000000162c9000 JavaThread "pool-2-thread-1" [_thread_blocked, id=1552, stack(0x0000000016770000,0x0000000016870000)]
  0x000000001489e800 JavaThread "Service Thread" daemon [_thread_blocked, id=4448, stack(0x0000000016570000,0x0000000016670000)]
  0x000000001489a800 JavaThread "C1 CompilerThread2" daemon [_thread_blocked, id=5904, stack(0x0000000016070000,0x0000000016170000)]
  0x0000000014894800 JavaThread "C2 CompilerThread1" daemon [_thread_blocked, id=4196, stack(0x0000000015f70000,0x0000000016070000)]
=>0x000000001483a800 JavaThread "C2 CompilerThread0" daemon [_thread_in_native, id=4044, stack(0x0000000015e70000,0x0000000015f70000)]
  0x0000000014839000 JavaThread "Attach Listener" daemon [_thread_blocked, id=5996, stack(0x0000000015d70000,0x0000000015e70000)]
  0x0000000014838000 JavaThread "Signal Dispatcher" daemon [_thread_blocked, id=4860, stack(0x0000000015c70000,0x0000000015d70000)]
  0x0000000014828000 JavaThread "Finalizer" daemon [_thread_blocked, id=3012, stack(0x0000000015a90000,0x0000000015b90000)]
  0x000000000215f000 JavaThread "Reference Handler" daemon [_thread_blocked, id=472, stack(0x0000000015990000,0x0000000015a90000)]
  0x0000000002070800 JavaThread "main" [_thread_in_vm, id=1020, stack(0x0000000001f30000,0x0000000002030000)]

Other Threads:
  0x0000000014805800 VMThread [stack: 0x0000000015890000,0x0000000015990000] [id=5300]
  0x000000001617c000 WatcherThread [stack: 0x0000000016670000,0x0000000016770000] [id=3976]

VM state:not at safepoint (normal execution)

VM Mutex/Monitor currently owned by a thread: None

Heap:
 PSYoungGen      total 18944K, used 7215K [0x00000000eab00000, 0x00000000ed000000, 0x0000000100000000)
  eden space 16384K, 28% used [0x00000000eab00000,0x00000000eaf91c98,0x00000000ebb00000)
  from space 2560K, 99% used [0x00000000ebb00000,0x00000000ebd7a008,0x00000000ebd80000)
  to   space 2560K, 0% used [0x00000000ecd80000,0x00000000ecd80000,0x00000000ed000000)
 ParOldGen       total 44032K, used 1953K [0x00000000c0000000, 0x00000000c2b00000, 0x00000000eab00000)
  object space 44032K, 4% used [0x00000000c0000000,0x00000000c01e84e8,0x00000000c2b00000)
 Metaspace       used 5601K, capacity 6832K, committed 7040K, reserved 1056768K
  class space    used 548K, capacity 616K, committed 640K, reserved 1048576K

Card table byte_map: [0x0000000011530000,0x0000000011740000] byte_map_base: 0x0000000010f30000

Marking Bits: (ParMarkBitMap*) 0x0000000069db9d00
 Begin Bits: [0x0000000011ca0000, 0x0000000012ca0000)
 End Bits:   [0x0000000012ca0000, 0x0000000013ca0000)

Polling page: 0x0000000000720000

CodeCache: size=245760Kb used=4233Kb max_used=4233Kb free=241526Kb
 bounds [0x0000000002170000, 0x00000000025a0000, 0x0000000011170000]
 total_blobs=1319 nmethods=1059 adapters=174
 compilation: enabled

Compilation events (10 events):
Event: 4.057 Thread 0x0000000014894800 nmethod 1062 0x0000000002491f50 code [0x0000000002492080, 0x00000000024920d8]
Event: 4.058 Thread 0x000000001489a800 nmethod 1057 0x0000000002595a10 code [0x0000000002595de0, 0x0000000002597db8]
Event: 4.058 Thread 0x000000001489a800 1061       3       com.android.dx.rop.type.Type::isCategory2 (36 bytes)
Event: 4.058 Thread 0x000000001489a800 nmethod 1061 0x000000000258f810 code [0x000000000258f960, 0x000000000258fad0]
Event: 4.058 Thread 0x000000001489a800 1058       3       com.android.dx.rop.type.Type::isReference (15 bytes)
Event: 4.058 Thread 0x000000001489a800 nmethod 1058 0x000000000258f410 code [0x000000000258f560, 0x000000000258f710]
Event: 4.058 Thread 0x000000001489a800 1059       1       java.util.concurrent.locks.AbstractOwnableSynchronizer::getExclusiveOwnerThread (5 bytes)
Event: 4.058 Thread 0x000000001489a800 nmethod 1059 0x0000000002591910 code [0x0000000002591a60, 0x0000000002591b70]
Event: 4.058 Thread 0x000000001489a800 1060       1       com.android.dx.rop.annotation.Annotation::getType (5 bytes)
Event: 4.058 Thread 0x000000001489a800 nmethod 1060 0x0000000002591650 code [0x00000000025917a0, 0x00000000025918b0]

GC Heap History (2 events):
Event: 3.168 GC heap before
{Heap before GC invocations=1 (full 0):
 PSYoungGen      total 18944K, used 16384K [0x00000000eab00000, 0x00000000ec000000, 0x0000000100000000)
  eden space 16384K, 100% used [0x00000000eab00000,0x00000000ebb00000,0x00000000ebb00000)
  from space 2560K, 0% used [0x00000000ebd80000,0x00000000ebd80000,0x00000000ec000000)
  to   space 2560K, 0% used [0x00000000ebb00000,0x00000000ebb00000,0x00000000ebd80000)
 ParOldGen       total 44032K, used 0K [0x00000000c0000000, 0x00000000c2b00000, 0x00000000eab00000)
  object space 44032K, 0% used [0x00000000c0000000,0x00000000c0000000,0x00000000c2b00000)
 Metaspace       used 5544K, capacity 6768K, committed 7040K, reserved 1056768K
  class space    used 548K, capacity 616K, committed 640K, reserved 1048576K
Event: 3.334 GC heap after
Heap after GC invocations=1 (full 0):
 PSYoungGen      total 18944K, used 2536K [0x00000000eab00000, 0x00000000ed000000, 0x0000000100000000)
  eden space 16384K, 0% used [0x00000000eab00000,0x00000000eab00000,0x00000000ebb00000)
  from space 2560K, 99% used [0x00000000ebb00000,0x00000000ebd7a008,0x00000000ebd80000)
  to   space 2560K, 0% used [0x00000000ecd80000,0x00000000ecd80000,0x00000000ed000000)
 ParOldGen       total 44032K, used 1953K [0x00000000c0000000, 0x00000000c2b00000, 0x00000000eab00000)
  object space 44032K, 4% used [0x00000000c0000000,0x00000000c01e84e8,0x00000000c2b00000)
 Metaspace       used 5544K, capacity 6768K, committed 7040K, reserved 1056768K
  class space    used 548K, capacity 616K, committed 640K, reserved 1048576K
}

Deoptimization events (8 events):
Event: 1.617 Thread 0x0000000002070800 Uncommon trap: reason=unstable_if action=reinterpret pc=0x000000000238d2f8 method=java.util.HashMap.getNode(ILjava/lang/Object;)Ljava/util/HashMap$Node; @ 62
Event: 2.124 Thread 0x00000000163c6800 Uncommon trap: reason=class_check action=maybe_recompile pc=0x0000000002325ef4 method=com.android.dx.rop.cst.CstMemberRef.compareTo0(Lcom/android/dx/rop/cst/Constant;)I @ 1
Event: 2.136 Thread 0x00000000162c9000 Uncommon trap: reason=class_check action=maybe_recompile pc=0x0000000002325ef4 method=com.android.dx.rop.cst.CstMemberRef.compareTo0(Lcom/android/dx/rop/cst/Constant;)I @ 1
Event: 2.136 Thread 0x00000000162c9000 Uncommon trap: reason=class_check action=maybe_recompile pc=0x0000000002325ef4 method=com.android.dx.rop.cst.CstMemberRef.compareTo0(Lcom/android/dx/rop/cst/Constant;)I @ 1
Event: 2.142 Thread 0x0000000002070800 Uncommon trap: reason=class_check action=maybe_recompile pc=0x0000000002325ef4 method=com.android.dx.rop.cst.CstMemberRef.compareTo0(Lcom/android/dx/rop/cst/Constant;)I @ 1
Event: 2.209 Thread 0x00000000163c6000 Uncommon trap: reason=unstable_if action=reinterpret pc=0x00000000023224b8 method=com.android.dx.rop.cst.CstFieldRef.compareTo0(Lcom/android/dx/rop/cst/Constant;)I @ 7
Event: 2.219 Thread 0x0000000002070800 Uncommon trap: reason=unstable_if action=reinterpret pc=0x00000000023b41f0 method=java.util.BitSet.nextSetBit(I)I @ 87
Event: 2.759 Thread 0x0000000002070800 Uncommon trap: reason=unstable_if action=reinterpret pc=0x00000000023b3470 method=java.util.BitSet.ensureCapacity(I)V @ 6

Internal exceptions (2 events):
Event: 0.092 Thread 0x0000000002070800 Exception <a 'java/lang/NoSuchMethodError': Method sun.misc.Unsafe.defineClass(Ljava/lang/String;[BII)Ljava/lang/Class; name or signature does not match> (0x00000000eab07cc0) thrown at [C:\src\android\AOSP-openjdk\external\jetbrains\jdk\hotspot\src\share\v»Ü1RX|·?
Event: 0.092 Thread 0x0000000002070800 Exception <a 'java/lang/NoSuchMethodError': Method sun.misc.Unsafe.prefetchRead(Ljava/lang/Object;J)V name or signature does not match> (0x00000000eab07fa8) thrown at [C:\src\android\AOSP-openjdk\external\jetbrains\jdk\hotspot\src\share\vm\prims\jni.cpp, l

Events (10 events):
Event: 2.219 Thread 0x0000000002070800 Uncommon trap: trap_request=0xffffff65 fr.pc=0x00000000023b41f0
Event: 2.219 Thread 0x0000000002070800 DEOPT PACKING pc=0x00000000023b41f0 sp=0x000000000202de80
Event: 2.219 Thread 0x0000000002070800 DEOPT UNPACKING pc=0x00000000021b556a sp=0x000000000202de18 mode 2
Event: 2.478 loading class java/util/ArrayList$1
Event: 2.478 loading class java/util/ArrayList$1 done
Event: 2.759 Thread 0x0000000002070800 Uncommon trap: trap_request=0xffffff65 fr.pc=0x00000000023b3470
Event: 2.759 Thread 0x0000000002070800 DEOPT PACKING pc=0x00000000023b3470 sp=0x000000000202dd10
Event: 2.759 Thread 0x0000000002070800 DEOPT UNPACKING pc=0x00000000021b556a sp=0x000000000202dc50 mode 2
Event: 3.168 Executing VM operation: ParallelGCFailedAllocation
Event: 3.334 Executing VM operation: ParallelGCFailedAllocation done


Dynamic libraries:
0x00007ff631170000 - 0x00007ff6311a1000 	D:\Android\AndroidStudio\jre\bin\java.exe
0x00007ffb46030000 - 0x00007ffb461dd000 	C:\WINDOWS\SYSTEM32\ntdll.dll
0x00007ffb44000000 - 0x00007ffb4413e000 	C:\WINDOWS\system32\KERNEL32.DLL
0x00007ffb43330000 - 0x00007ffb43445000 	C:\WINDOWS\system32\KERNELBASE.dll
0x00007ffb43980000 - 0x00007ffb43a2a000 	C:\WINDOWS\system32\ADVAPI32.dll
0x00007ffb43e10000 - 0x00007ffb43f87000 	C:\WINDOWS\system32\USER32.dll
0x00007ffb40df0000 - 0x00007ffb4106a000 	C:\WINDOWS\WinSxS\amd64_microsoft.windows.common-controls_6595b64144ccf1df_6.0.9600.17810_none_6240b9c7ecbd0bda\COMCTL32.dll
0x00007ffb436b0000 - 0x00007ffb4375a000 	C:\WINDOWS\system32\msvcrt.dll
0x00007ffb43a30000 - 0x00007ffb43a89000 	C:\WINDOWS\SYSTEM32\sechost.dll
0x00007ffb44140000 - 0x00007ffb44280000 	C:\WINDOWS\system32\RPCRT4.dll
0x00007ffb45830000 - 0x00007ffb4597f000 	C:\WINDOWS\system32\GDI32.dll
0x00007ffb43630000 - 0x00007ffb4365e000 	C:\WINDOWS\system32\SspiCli.dll
0x00007ffb43af0000 - 0x00007ffb43b26000 	C:\WINDOWS\system32\IMM32.DLL
0x00007ffb45980000 - 0x00007ffb45ad2000 	C:\WINDOWS\system32\MSCTF.dll
0x000000006a4b0000 - 0x000000006a582000 	D:\Android\AndroidStudio\jre\jre\bin\msvcr100.dll
0x0000000069600000 - 0x0000000069e34000 	D:\Android\AndroidStudio\jre\jre\bin\server\jvm.dll
0x00007ffb3a960000 - 0x00007ffb3a969000 	C:\WINDOWS\SYSTEM32\WSOCK32.dll
0x00007ffb39250000 - 0x00007ffb39272000 	C:\WINDOWS\SYSTEM32\WINMM.dll
0x00007ffb3c820000 - 0x00007ffb3c82a000 	C:\WINDOWS\SYSTEM32\VERSION.dll
0x00007ffb43e00000 - 0x00007ffb43e07000 	C:\WINDOWS\system32\PSAPI.DLL
0x00007ffb44280000 - 0x00007ffb442da000 	C:\WINDOWS\system32\WS2_32.dll
0x00007ffb39150000 - 0x00007ffb3917a000 	C:\WINDOWS\SYSTEM32\WINMMBASE.dll
0x00007ffb45820000 - 0x00007ffb45829000 	C:\WINDOWS\system32\NSI.dll
0x00007ffb43660000 - 0x00007ffb436af000 	C:\WINDOWS\SYSTEM32\cfgmgr32.dll
0x00007ffb41f70000 - 0x00007ffb41f98000 	C:\WINDOWS\SYSTEM32\DEVOBJ.dll
0x00007ffb3dfa0000 - 0x00007ffb3dfaf000 	D:\Android\AndroidStudio\jre\jre\bin\verify.dll
0x00007ffb3bdb0000 - 0x00007ffb3bdd9000 	D:\Android\AndroidStudio\jre\jre\bin\java.dll
0x00007ffb3c710000 - 0x00007ffb3c726000 	D:\Android\AndroidStudio\jre\jre\bin\zip.dll
0x00007ffb442e0000 - 0x00007ffb45808000 	C:\WINDOWS\system32\SHELL32.dll
0x00007ffb43760000 - 0x00007ffb43971000 	C:\WINDOWS\SYSTEM32\combase.dll
0x00007ffb43a90000 - 0x00007ffb43ae4000 	C:\WINDOWS\system32\SHLWAPI.dll
0x00007ffb41790000 - 0x00007ffb41842000 	C:\WINDOWS\SYSTEM32\SHCORE.dll
0x00007ffb43150000 - 0x00007ffb43165000 	C:\WINDOWS\SYSTEM32\profapi.dll

VM Arguments:
jvm_args: -Djava.awt.headless=true -Xmx1024M -Dfile.encoding=windows-1252 -Duser.country=US -Duser.language=en -Duser.variant 
java_command: com.android.dx.command.Main --dex --force-jumbo --num-threads=4 --multi-dex --output D:\Mozilla Downloads\and-nd-firebase-1.00-starting-point\app\build\intermediates\transforms\dex\debug\folders\1000\5\slice_0 D:\Mozilla Downloads\and-nd-firebase-1.00-starting-point\app\build\intermediates\transforms\instantRunSlicer\debug\folders\1\5\slice_0
java_class_path (initial): D:\Android\sdk\build-tools\24.0.1\lib\dx.jar
Launcher Type: SUN_STANDARD

Environment Variables:
PATH=C:\ProgramData\Oracle\Java\javapath;C:\Program Files (x86)\Intel\iCLS Client\;C:\Program Files\Intel\iCLS Client\;C:\WINDOWS\system32;C:\WINDOWS;C:\WINDOWS\System32\Wbem;C:\WINDOWS\System32\WindowsPowerShell\v1.0\;C:\Program Files\Intel\Intel(R) Management Engine Components\DAL;C:\Program Files (x86)\Intel\Intel(R) Management Engine Components\DAL;C:\Program Files\Intel\Intel(R) Management Engine Components\IPT;C:\Program Files (x86)\Intel\Intel(R) Management Engine Components\IPT;C:\Users\Hamid-PC\AppData\Local\atom\bin
USERNAME=Hamid-PC
OS=Windows_NT
PROCESSOR_IDENTIFIER=Intel64 Family 6 Model 61 Stepping 4, GenuineIntel



---------------  S Y S T E M  ---------------

OS: Windows 8.1 , 64 bit Build 9600 (6.3.9600.17415)

CPU:total 4 (2 cores per cpu, 2 threads per core) family 6 model 61 stepping 4, cmov, cx8, fxsr, mmx, sse, sse2, sse3, ssse3, sse4.1, sse4.2, popcnt, avx, avx2, aes, clmul, erms, 3dnowpref, lzcnt, ht, tsc, tscinvbit, bmi1, bmi2, adx

Memory: 4k page, physical 4107980k(290172k free), swap 5209432k(5096k free)

vm_info: OpenJDK 64-Bit Server VM (25.76-b03) for windows-amd64 JRE (1.8.0_76-release-b03), built on Jun 29 2016 19:09:20 by "ralucas" with MS VC++ 10.0 (VS2010)

time: Sat Dec 24 01:39:42 2016
elapsed time: 4 seconds (0d 0h 0m 4s)

