#
# There is insufficient memory for the Java Runtime Environment to continue.
# Native memory allocation (malloc) failed to allocate 56576 bytes for Chunk::new
# Possible reasons:
#   The system is out of physical RAM or swap space
#   In 32 bit mode, the process size limit was hit
# Possible solutions:
#   Reduce memory load on the system
#   Increase physical memory or swap space
#   Check if swap backing store is full
#   Use 64 bit Java on a 64 bit OS
#   Decrease Java heap size (-Xmx/-Xms)
#   Decrease number of Java threads
#   Decrease Java thread stack sizes (-Xss)
#   Set larger code cache with -XX:ReservedCodeCacheSize=
# This output file may be truncated or incomplete.
#
#  Out of Memory Error (allocation.cpp:390), pid=2188, tid=0x0000000000000f38
#
# JRE version: OpenJDK Runtime Environment (8.0_76-b03) (build 1.8.0_76-release-b03)
# Java VM: OpenJDK 64-Bit Server VM (25.76-b03 mixed mode windows-amd64 compressed oops)
# Failed to write core dump. Minidumps are not enabled by default on client versions of Windows
#

---------------  T H R E A D  ---------------

Current thread (0x000000001500b800):  JavaThread "C2 CompilerThread0" daemon [_thread_in_native, id=3896, stack(0x0000000016640000,0x0000000016740000)]

Stack: [0x0000000016640000,0x0000000016740000]
[error occurred during error reporting (printing stack bounds), id 0xc0000005]

Native frames: (J=compiled Java code, j=interpreted, Vv=VM code, C=native code)


Current CompileTask:
C2:   7951 1824       4       com.android.dx.ssa.SCCP::simulatePhiBlock (50 bytes)


---------------  P R O C E S S  ---------------

Java Threads: ( => current thread )
  0x0000000016c04800 JavaThread "pool-2-thread-4" [_thread_in_Java, id=400, stack(0x0000000017b40000,0x0000000017c40000)]
  0x0000000016c04000 JavaThread "pool-2-thread-3" [_thread_in_Java, id=4300, stack(0x0000000017a40000,0x0000000017b40000)]
  0x0000000016c02800 JavaThread "pool-2-thread-2" [_thread_in_Java, id=5548, stack(0x0000000017940000,0x0000000017a40000)]
  0x0000000016bd3800 JavaThread "pool-3-thread-1" [_thread_blocked, id=5988, stack(0x0000000017840000,0x0000000017940000)]
  0x0000000016bd3000 JavaThread "pool-2-thread-1" [_thread_in_Java, id=5852, stack(0x0000000017740000,0x0000000017840000)]
  0x0000000016940800 JavaThread "Service Thread" daemon [_thread_blocked, id=5944, stack(0x0000000016d40000,0x0000000016e40000)]
  0x0000000015068000 JavaThread "C1 CompilerThread2" daemon [_thread_blocked, id=4948, stack(0x0000000016840000,0x0000000016940000)]
  0x0000000015065800 JavaThread "C2 CompilerThread1" daemon [_thread_in_native, id=4360, stack(0x0000000016740000,0x0000000016840000)]
=>0x000000001500b800 JavaThread "C2 CompilerThread0" daemon [_thread_in_native, id=3896, stack(0x0000000016640000,0x0000000016740000)]
  0x000000001500a000 JavaThread "Attach Listener" daemon [_thread_blocked, id=4868, stack(0x0000000016540000,0x0000000016640000)]
  0x0000000015009000 JavaThread "Signal Dispatcher" daemon [_thread_blocked, id=1272, stack(0x0000000016440000,0x0000000016540000)]
  0x0000000002934800 JavaThread "Finalizer" daemon [_thread_blocked, id=4448, stack(0x0000000016260000,0x0000000016360000)]
  0x000000000292f000 JavaThread "Reference Handler" daemon [_thread_blocked, id=2192, stack(0x0000000016160000,0x0000000016260000)]
  0x0000000002840800 JavaThread "main" [_thread_in_Java, id=2140, stack(0x0000000002680000,0x0000000002780000)]

Other Threads:
  0x0000000014fd5800 VMThread [stack: 0x0000000016060000,0x0000000016160000] [id=1164]
  0x0000000016941800 WatcherThread [stack: 0x0000000016e40000,0x0000000016f40000] [id=2356]

VM state:not at safepoint (normal execution)

VM Mutex/Monitor currently owned by a thread: None

Heap:
 PSYoungGen      total 57344K, used 25422K [0x00000000eab00000, 0x00000000eee00000, 0x0000000100000000)
  eden space 48640K, 34% used [0x00000000eab00000,0x00000000ebb58308,0x00000000eda80000)
  from space 8704K, 99% used [0x00000000eda80000,0x00000000ee2fb640,0x00000000ee300000)
  to   space 8192K, 0% used [0x00000000ee300000,0x00000000ee300000,0x00000000eeb00000)
 ParOldGen       total 25088K, used 17834K [0x00000000c0000000, 0x00000000c1880000, 0x00000000eab00000)
  object space 25088K, 71% used [0x00000000c0000000,0x00000000c116a950,0x00000000c1880000)
 Metaspace       used 6186K, capacity 7216K, committed 7296K, reserved 1058816K
  class space    used 564K, capacity 616K, committed 640K, reserved 1048576K

Card table byte_map: [0x0000000011d00000,0x0000000011f10000] byte_map_base: 0x0000000011700000

Marking Bits: (ParMarkBitMap*) 0x0000000069db9d00
 Begin Bits: [0x0000000012470000, 0x0000000013470000)
 End Bits:   [0x0000000013470000, 0x0000000014470000)

Polling page: 0x0000000000d60000

CodeCache: size=245760Kb used=7441Kb max_used=7441Kb free=238318Kb
 bounds [0x0000000002940000, 0x0000000003090000, 0x0000000011940000]
 total_blobs=2119 nmethods=1856 adapters=176
 compilation: enabled

Compilation events (10 events):
Event: 7.897 Thread 0x0000000015068000 1894   !   2       com.android.dx.command.dexer.Main::processFileBytes (265 bytes)
Event: 7.901 Thread 0x0000000015068000 nmethod 1894 0x0000000003086b10 code [0x0000000003086de0, 0x0000000003088078]
Event: 7.901 Thread 0x0000000015068000 1895       2       com.android.dx.command.dexer.Main::fixPath (56 bytes)
Event: 7.901 Thread 0x0000000015068000 nmethod 1895 0x0000000003089050 code [0x0000000003089200, 0x0000000003089488]
Event: 7.902 Thread 0x0000000015068000 1896       2       java.lang.String::lastIndexOf (11 bytes)
Event: 7.902 Thread 0x0000000015068000 nmethod 1896 0x00000000030896d0 code [0x0000000003089840, 0x00000000030899e8]
Event: 7.902 Thread 0x0000000015068000 1897       2       com.android.dx.command.dexer.Main$DirectClassFileConsumer::access$700 (6 bytes)
Event: 7.902 Thread 0x0000000015068000 nmethod 1897 0x0000000003089b10 code [0x0000000003089c80, 0x0000000003089dc8]
Event: 7.920 Thread 0x0000000015068000 1898   !   2       com.android.dx.command.dexer.Main::translateClass (65 bytes)
Event: 7.921 Thread 0x0000000015068000 nmethod 1898 0x0000000003089e90 code [0x000000000308a040, 0x000000000308a4a8]

GC Heap History (10 events):
Event: 5.091 GC heap before
{Heap before GC invocations=4 (full 1):
 PSYoungGen      total 18944K, used 18912K [0x00000000eab00000, 0x00000000ec980000, 0x0000000100000000)
  eden space 16384K, 100% used [0x00000000eab00000,0x00000000ebb00000,0x00000000ebb00000)
  from space 2560K, 98% used [0x00000000ebd80000,0x00000000ebff8018,0x00000000ec000000)
  to   space 2560K, 0% used [0x00000000ebb00000,0x00000000ebb00000,0x00000000ebd80000)
 ParOldGen       total 25088K, used 2973K [0x00000000c0000000, 0x00000000c1880000, 0x00000000eab00000)
  object space 25088K, 11% used [0x00000000c0000000,0x00000000c02e74d0,0x00000000c1880000)
 Metaspace       used 5936K, capacity 7024K, committed 7296K, reserved 1058816K
  class space    used 564K, capacity 616K, committed 640K, reserved 1048576K
Event: 5.111 GC heap after
Heap after GC invocations=4 (full 1):
 PSYoungGen      total 18944K, used 2528K [0x00000000eab00000, 0x00000000eca80000, 0x0000000100000000)
  eden space 16384K, 0% used [0x00000000eab00000,0x00000000eab00000,0x00000000ebb00000)
  from space 2560K, 98% used [0x00000000ebb00000,0x00000000ebd78028,0x00000000ebd80000)
  to   space 2560K, 0% used [0x00000000ec800000,0x00000000ec800000,0x00000000eca80000)
 ParOldGen       total 25088K, used 5262K [0x00000000c0000000, 0x00000000c1880000, 0x00000000eab00000)
  object space 25088K, 20% used [0x00000000c0000000,0x00000000c05239f8,0x00000000c1880000)
 Metaspace       used 5936K, capacity 7024K, committed 7296K, reserved 1058816K
  class space    used 564K, capacity 616K, committed 640K, reserved 1048576K
}
Event: 5.460 GC heap before
{Heap before GC invocations=5 (full 1):
 PSYoungGen      total 18944K, used 18912K [0x00000000eab00000, 0x00000000eca80000, 0x0000000100000000)
  eden space 16384K, 100% used [0x00000000eab00000,0x00000000ebb00000,0x00000000ebb00000)
  from space 2560K, 98% used [0x00000000ebb00000,0x00000000ebd78028,0x00000000ebd80000)
  to   space 2560K, 0% used [0x00000000ec800000,0x00000000ec800000,0x00000000eca80000)
 ParOldGen       total 25088K, used 5262K [0x00000000c0000000, 0x00000000c1880000, 0x00000000eab00000)
  object space 25088K, 20% used [0x00000000c0000000,0x00000000c05239f8,0x00000000c1880000)
 Metaspace       used 6019K, capacity 7088K, committed 7296K, reserved 1058816K
  class space    used 564K, capacity 616K, committed 640K, reserved 1048576K
Event: 5.512 GC heap after
Heap after GC invocations=5 (full 1):
 PSYoungGen      total 29696K, used 2528K [0x00000000eab00000, 0x00000000ecc80000, 0x0000000100000000)
  eden space 27136K, 0% used [0x00000000eab00000,0x00000000eab00000,0x00000000ec580000)
  from space 2560K, 98% used [0x00000000ec800000,0x00000000eca78028,0x00000000eca80000)
  to   space 2560K, 0% used [0x00000000ec580000,0x00000000ec580000,0x00000000ec800000)
 ParOldGen       total 25088K, used 7783K [0x00000000c0000000, 0x00000000c1880000, 0x00000000eab00000)
  object space 25088K, 31% used [0x00000000c0000000,0x00000000c0799e68,0x00000000c1880000)
 Metaspace       used 6019K, capacity 7088K, committed 7296K, reserved 1058816K
  class space    used 564K, capacity 616K, committed 640K, reserved 1048576K
}
Event: 6.155 GC heap before
{Heap before GC invocations=6 (full 1):
 PSYoungGen      total 29696K, used 29664K [0x00000000eab00000, 0x00000000ecc80000, 0x0000000100000000)
  eden space 27136K, 100% used [0x00000000eab00000,0x00000000ec580000,0x00000000ec580000)
  from space 2560K, 98% used [0x00000000ec800000,0x00000000eca78028,0x00000000eca80000)
  to   space 2560K, 0% used [0x00000000ec580000,0x00000000ec580000,0x00000000ec800000)
 ParOldGen       total 25088K, used 7783K [0x00000000c0000000, 0x00000000c1880000, 0x00000000eab00000)
  object space 25088K, 31% used [0x00000000c0000000,0x00000000c0799e68,0x00000000c1880000)
 Metaspace       used 6103K, capacity 7152K, committed 7296K, reserved 1058816K
  class space    used 564K, capacity 616K, committed 640K, reserved 1048576K
Event: 6.224 GC heap after
Heap after GC invocations=6 (full 1):
 PSYoungGen      total 29696K, used 2528K [0x00000000eab00000, 0x00000000eeb00000, 0x0000000100000000)
  eden space 27136K, 0% used [0x00000000eab00000,0x00000000eab00000,0x00000000ec580000)
  from space 2560K, 98% used [0x00000000ec580000,0x00000000ec7f8018,0x00000000ec800000)
  to   space 8192K, 0% used [0x00000000ee300000,0x00000000ee300000,0x00000000eeb00000)
 ParOldGen       total 25088K, used 12368K [0x00000000c0000000, 0x00000000c1880000, 0x00000000eab00000)
  object space 25088K, 49% used [0x00000000c0000000,0x00000000c0c141e0,0x00000000c1880000)
 Metaspace       used 6103K, capacity 7152K, committed 7296K, reserved 1058816K
  class space    used 564K, capacity 616K, committed 640K, reserved 1048576K
}
Event: 6.715 GC heap before
{Heap before GC invocations=7 (full 1):
 PSYoungGen      total 29696K, used 29664K [0x00000000eab00000, 0x00000000eeb00000, 0x0000000100000000)
  eden space 27136K, 100% used [0x00000000eab00000,0x00000000ec580000,0x00000000ec580000)
  from space 2560K, 98% used [0x00000000ec580000,0x00000000ec7f8018,0x00000000ec800000)
  to   space 8192K, 0% used [0x00000000ee300000,0x00000000ee300000,0x00000000eeb00000)
 ParOldGen       total 25088K, used 12368K [0x00000000c0000000, 0x00000000c1880000, 0x00000000eab00000)
  object space 25088K, 49% used [0x00000000c0000000,0x00000000c0c141e0,0x00000000c1880000)
 Metaspace       used 6130K, capacity 7152K, committed 7296K, reserved 1058816K
  class space    used 564K, capacity 616K, committed 640K, reserved 1048576K
Event: 6.880 GC heap after
Heap after GC invocations=7 (full 1):
 PSYoungGen      total 56832K, used 6919K [0x00000000eab00000, 0x00000000eee00000, 0x0000000100000000)
  eden space 48640K, 0% used [0x00000000eab00000,0x00000000eab00000,0x00000000eda80000)
  from space 8192K, 84% used [0x00000000ee300000,0x00000000ee9c1c30,0x00000000eeb00000)
  to   space 8704K, 0% used [0x00000000eda80000,0x00000000eda80000,0x00000000ee300000)
 ParOldGen       total 25088K, used 12376K [0x00000000c0000000, 0x00000000c1880000, 0x00000000eab00000)
  object space 25088K, 49% used [0x00000000c0000000,0x00000000c0c161e0,0x00000000c1880000)
 Metaspace       used 6130K, capacity 7152K, committed 7296K, reserved 1058816K
  class space    used 564K, capacity 616K, committed 640K, reserved 1048576K
}
Event: 7.673 GC heap before
{Heap before GC invocations=8 (full 1):
 PSYoungGen      total 56832K, used 55559K [0x00000000eab00000, 0x00000000eee00000, 0x0000000100000000)
  eden space 48640K, 100% used [0x00000000eab00000,0x00000000eda80000,0x00000000eda80000)
  from space 8192K, 84% used [0x00000000ee300000,0x00000000ee9c1c30,0x00000000eeb00000)
  to   space 8704K, 0% used [0x00000000eda80000,0x00000000eda80000,0x00000000ee300000)
 ParOldGen       total 25088K, used 12376K [0x00000000c0000000, 0x00000000c1880000, 0x00000000eab00000)
  object space 25088K, 49% used [0x00000000c0000000,0x00000000c0c161e0,0x00000000c1880000)
 Metaspace       used 6176K, capacity 7216K, committed 7296K, reserved 1058816K
  class space    used 564K, capacity 616K, committed 640K, reserved 1048576K
Event: 7.801 GC heap after
Heap after GC invocations=8 (full 1):
 PSYoungGen      total 57344K, used 8685K [0x00000000eab00000, 0x00000000eee00000, 0x0000000100000000)
  eden space 48640K, 0% used [0x00000000eab00000,0x00000000eab00000,0x00000000eda80000)
  from space 8704K, 99% used [0x00000000eda80000,0x00000000ee2fb640,0x00000000ee300000)
  to   space 8192K, 0% used [0x00000000ee300000,0x00000000ee300000,0x00000000eeb00000)
 ParOldGen       total 25088K, used 17834K [0x00000000c0000000, 0x00000000c1880000, 0x00000000eab00000)
  object space 25088K, 71% used [0x00000000c0000000,0x00000000c116a950,0x00000000c1880000)
 Metaspace       used 6176K, capacity 7216K, committed 7296K, reserved 1058816K
  class space    used 564K, capacity 616K, committed 640K, reserved 1048576K
}

Deoptimization events (10 events):
Event: 6.453 Thread 0x0000000002840800 Uncommon trap: reason=bimorphic action=maybe_recompile pc=0x0000000002cc5374 method=java.util.HashMap.getNode(ILjava/lang/Object;)Ljava/util/HashMap$Node; @ 126
Event: 6.537 Thread 0x0000000002840800 Uncommon trap: reason=class_check action=maybe_recompile pc=0x0000000002f05d40 method=java.util.HashMap.putVal(ILjava/lang/Object;Ljava/lang/Object;ZZ)Ljava/lang/Object; @ 91
Event: 6.538 Thread 0x0000000002840800 Uncommon trap: reason=bimorphic action=maybe_recompile pc=0x0000000002cc5374 method=java.util.HashMap.getNode(ILjava/lang/Object;)Ljava/util/HashMap$Node; @ 126
Event: 6.578 Thread 0x0000000016bd3000 Uncommon trap: reason=unstable_if action=reinterpret pc=0x0000000002fd3f18 method=com.android.dx.rop.code.RegisterSpec.equals(ILcom/android/dx/rop/type/TypeBearer;Lcom/android/dx/rop/code/LocalItem;)Z @ 42
Event: 6.588 Thread 0x0000000016bd3000 Uncommon trap: reason=bimorphic action=maybe_recompile pc=0x0000000002ff6928 method=com.android.dx.ssa.LiteralOpUpgrader.tryReplacingWithConstant(Lcom/android/dx/ssa/NormalSsaInsn;)Z @ 62
Event: 6.589 Thread 0x0000000016bd3000 Uncommon trap: reason=class_check action=maybe_recompile pc=0x0000000002f05d40 method=java.util.HashMap.putVal(ILjava/lang/Object;Ljava/lang/Object;ZZ)Ljava/lang/Object; @ 91
Event: 6.589 Thread 0x0000000016bd3000 Uncommon trap: reason=class_check action=maybe_recompile pc=0x0000000002f05d40 method=java.util.HashMap.putVal(ILjava/lang/Object;Ljava/lang/Object;ZZ)Ljava/lang/Object; @ 91
Event: 6.605 Thread 0x0000000016bd3000 Uncommon trap: reason=bimorphic action=maybe_recompile pc=0x0000000002ff6928 method=com.android.dx.ssa.LiteralOpUpgrader.tryReplacingWithConstant(Lcom/android/dx/ssa/NormalSsaInsn;)Z @ 62
Event: 7.591 Thread 0x0000000016c04000 Uncommon trap: reason=unstable_if action=reinterpret pc=0x0000000003014360 method=java.util.HashMap.putVal(ILjava/lang/Object;Ljava/lang/Object;ZZ)Ljava/lang/Object; @ 162
Event: 7.592 Thread 0x0000000016c04000 Uncommon trap: reason=unstable_if action=reinterpret pc=0x0000000002cc535c method=java.util.HashMap.getNode(ILjava/lang/Object;)Ljava/util/HashMap$Node; @ 84

Internal exceptions (5 events):
Event: 0.223 Thread 0x0000000002840800 Exception <a 'java/lang/NoSuchMethodError': Method sun.misc.Unsafe.defineClass(Ljava/lang/String;[BII)Ljava/lang/Class; name or signature does not match> (0x00000000eab07cc0) thrown at [C:\src\android\AOSP-openjdk\external\jetbrains\jdk\hotspot\src\share\vBª×›Ì?
Event: 0.223 Thread 0x0000000002840800 Exception <a 'java/lang/NoSuchMethodError': Method sun.misc.Unsafe.prefetchRead(Ljava/lang/Object;J)V name or signature does not match> (0x00000000eab07fa8) thrown at [C:\src\android\AOSP-openjdk\external\jetbrains\jdk\hotspot\src\share\vm\prims\jni.cpp, líKÉ ‘Ù@
Event: 4.962 Thread 0x0000000002840800 Implicit null exception at 0x0000000002c97352 to 0x0000000002c98b91
Event: 4.963 Thread 0x0000000002840800 Implicit null exception at 0x0000000002cd1ac3 to 0x0000000002cd3089
Event: 5.405 Thread 0x0000000016c04800 Implicit null exception at 0x0000000002c71222 to 0x0000000002c7131a

Events (10 events):
Event: 6.714 Executing VM operation: ParallelGCFailedAllocation
Event: 6.880 Executing VM operation: ParallelGCFailedAllocation done
Event: 7.591 Thread 0x0000000016c04000 Uncommon trap: trap_request=0xffffff65 fr.pc=0x0000000003014360
Event: 7.591 Thread 0x0000000016c04000 DEOPT PACKING pc=0x0000000003014360 sp=0x0000000017b3e7c0
Event: 7.591 Thread 0x0000000016c04000 DEOPT UNPACKING pc=0x000000000298556a sp=0x0000000017b3e748 mode 2
Event: 7.592 Thread 0x0000000016c04000 Uncommon trap: trap_request=0xffffff65 fr.pc=0x0000000002cc535c
Event: 7.592 Thread 0x0000000016c04000 DEOPT PACKING pc=0x0000000002cc535c sp=0x0000000017b3e7f0
Event: 7.592 Thread 0x0000000016c04000 DEOPT UNPACKING pc=0x000000000298556a sp=0x0000000017b3e778 mode 2
Event: 7.627 Executing VM operation: ParallelGCFailedAllocation
Event: 7.801 Executing VM operation: ParallelGCFailedAllocation done


Dynamic libraries:
0x00007ff766640000 - 0x00007ff766671000 	D:\Android\AndroidStudio\jre\bin\java.exe
0x00007ffb46030000 - 0x00007ffb461dd000 	C:\WINDOWS\SYSTEM32\ntdll.dll
0x00007ffb44000000 - 0x00007ffb4413e000 	C:\WINDOWS\system32\KERNEL32.DLL
0x00007ffb43330000 - 0x00007ffb43445000 	C:\WINDOWS\system32\KERNELBASE.dll
0x00007ffb43980000 - 0x00007ffb43a2a000 	C:\WINDOWS\system32\ADVAPI32.dll
0x00007ffb43e10000 - 0x00007ffb43f87000 	C:\WINDOWS\system32\USER32.dll
0x00007ffb40df0000 - 0x00007ffb4106a000 	C:\WINDOWS\WinSxS\amd64_microsoft.windows.common-controls_6595b64144ccf1df_6.0.9600.17810_none_6240b9c7ecbd0bda\COMCTL32.dll
0x00007ffb436b0000 - 0x00007ffb4375a000 	C:\WINDOWS\system32\msvcrt.dll
0x00007ffb43a30000 - 0x00007ffb43a89000 	C:\WINDOWS\SYSTEM32\sechost.dll
0x00007ffb44140000 - 0x00007ffb44280000 	C:\WINDOWS\system32\RPCRT4.dll
0x00007ffb45830000 - 0x00007ffb4597f000 	C:\WINDOWS\system32\GDI32.dll
0x00007ffb43630000 - 0x00007ffb4365e000 	C:\WINDOWS\system32\SspiCli.dll
0x00007ffb43af0000 - 0x00007ffb43b26000 	C:\WINDOWS\system32\IMM32.DLL
0x00007ffb45980000 - 0x00007ffb45ad2000 	C:\WINDOWS\system32\MSCTF.dll
0x0000000069520000 - 0x00000000695f2000 	D:\Android\AndroidStudio\jre\jre\bin\msvcr100.dll
0x0000000069600000 - 0x0000000069e34000 	D:\Android\AndroidStudio\jre\jre\bin\server\jvm.dll
0x00007ffb3a960000 - 0x00007ffb3a969000 	C:\WINDOWS\SYSTEM32\WSOCK32.dll
0x00007ffb39250000 - 0x00007ffb39272000 	C:\WINDOWS\SYSTEM32\WINMM.dll
0x00007ffb3c820000 - 0x00007ffb3c82a000 	C:\WINDOWS\SYSTEM32\VERSION.dll
0x00007ffb43e00000 - 0x00007ffb43e07000 	C:\WINDOWS\system32\PSAPI.DLL
0x00007ffb44280000 - 0x00007ffb442da000 	C:\WINDOWS\system32\WS2_32.dll
0x00007ffb39150000 - 0x00007ffb3917a000 	C:\WINDOWS\SYSTEM32\WINMMBASE.dll
0x00007ffb45820000 - 0x00007ffb45829000 	C:\WINDOWS\system32\NSI.dll
0x00007ffb43660000 - 0x00007ffb436af000 	C:\WINDOWS\SYSTEM32\cfgmgr32.dll
0x00007ffb41f70000 - 0x00007ffb41f98000 	C:\WINDOWS\SYSTEM32\DEVOBJ.dll
0x00007ffb3f0a0000 - 0x00007ffb3f0af000 	D:\Android\AndroidStudio\jre\jre\bin\verify.dll
0x00007ffb3bae0000 - 0x00007ffb3bb09000 	D:\Android\AndroidStudio\jre\jre\bin\java.dll
0x00007ffb3ec30000 - 0x00007ffb3ec46000 	D:\Android\AndroidStudio\jre\jre\bin\zip.dll
0x00007ffb442e0000 - 0x00007ffb45808000 	C:\WINDOWS\system32\SHELL32.dll
0x00007ffb43760000 - 0x00007ffb43971000 	C:\WINDOWS\SYSTEM32\combase.dll
0x00007ffb43a90000 - 0x00007ffb43ae4000 	C:\WINDOWS\system32\SHLWAPI.dll
0x00007ffb41790000 - 0x00007ffb41842000 	C:\WINDOWS\SYSTEM32\SHCORE.dll
0x00007ffb43150000 - 0x00007ffb43165000 	C:\WINDOWS\SYSTEM32\profapi.dll

VM Arguments:
jvm_args: -Djava.awt.headless=true -Xmx1024M -Dfile.encoding=windows-1252 -Duser.country=US -Duser.language=en -Duser.variant 
java_command: com.android.dx.command.Main --dex --force-jumbo --num-threads=4 --multi-dex --output D:\Mozilla Downloads\and-nd-firebase-1.00-starting-point\app\build\intermediates\transforms\dex\debug\folders\1000\10\com.android.support-support-compat-25.0.1_2afdd52c5cfd2bc5e54f57bcd8fec2689b9e6bd6 D:\Mozilla Downloads\and-nd-firebase-1.00-starting-point\app\build\intermediates\exploded-aar\com.android.support\support-compat\25.0.1\jars\classes.jar
java_class_path (initial): D:\Android\sdk\build-tools\24.0.1\lib\dx.jar
Launcher Type: SUN_STANDARD

Environment Variables:
PATH=C:\ProgramData\Oracle\Java\javapath;C:\Program Files (x86)\Intel\iCLS Client\;C:\Program Files\Intel\iCLS Client\;C:\WINDOWS\system32;C:\WINDOWS;C:\WINDOWS\System32\Wbem;C:\WINDOWS\System32\WindowsPowerShell\v1.0\;C:\Program Files\Intel\Intel(R) Management Engine Components\DAL;C:\Program Files (x86)\Intel\Intel(R) Management Engine Components\DAL;C:\Program Files\Intel\Intel(R) Management Engine Components\IPT;C:\Program Files (x86)\Intel\Intel(R) Management Engine Components\IPT;C:\Program Files\Microsoft SQL Server\110\Tools\Binn\
USERNAME=Hamid-PC
OS=Windows_NT
PROCESSOR_IDENTIFIER=Intel64 Family 6 Model 61 Stepping 4, GenuineIntel



---------------  S Y S T E M  ---------------

OS: Windows 8.1 , 64 bit Build 9600 (6.3.9600.17415)

CPU:total 4 (2 cores per cpu, 2 threads per core) family 6 model 61 stepping 4, cmov, cx8, fxsr, mmx, sse, sse2, sse3, ssse3, sse4.1, sse4.2, popcnt, avx, avx2, aes, clmul, erms, 3dnowpref, lzcnt, ht, tsc, tscinvbit, bmi1, bmi2, adx

Memory: 4k page, physical 4107980k(143000k free), swap 5209432k(5396k free)

vm_info: OpenJDK 64-Bit Server VM (25.76-b03) for windows-amd64 JRE (1.8.0_76-release-b03), built on Jun 29 2016 19:09:20 by "ralucas" with MS VC++ 10.0 (VS2010)

time: Thu Dec 22 18:44:09 2016
elapsed time: 7 seconds (0d 0h 0m 7s)

