#
# There is insufficient memory for the Java Runtime Environment to continue.
# Native memory allocation (malloc) failed to allocate 32832 bytes for Chunk::new
# Possible reasons:
#   The system is out of physical RAM or swap space
#   In 32 bit mode, the process size limit was hit
# Possible solutions:
#   Reduce memory load on the system
#   Increase physical memory or swap space
#   Check if swap backing store is full
#   Use 64 bit Java on a 64 bit OS
#   Decrease Java heap size (-Xmx/-Xms)
#   Decrease number of Java threads
#   Decrease Java thread stack sizes (-Xss)
#   Set larger code cache with -XX:ReservedCodeCacheSize=
# This output file may be truncated or incomplete.
#
#  Out of Memory Error (allocation.cpp:390), pid=5328, tid=0x0000000000000f8c
#
# JRE version: OpenJDK Runtime Environment (8.0_76-b03) (build 1.8.0_76-release-b03)
# Java VM: OpenJDK 64-Bit Server VM (25.76-b03 mixed mode windows-amd64 compressed oops)
# Failed to write core dump. Minidumps are not enabled by default on client versions of Windows
#

---------------  T H R E A D  ---------------

Current thread (0x0000000014af5800):  JavaThread "C2 CompilerThread1" daemon [_thread_in_native, id=3980, stack(0x00000000161e0000,0x00000000162e0000)]

Stack: [0x00000000161e0000,0x00000000162e0000]
[error occurred during error reporting (printing stack bounds), id 0xc0000005]

Native frames: (J=compiled Java code, j=interpreted, Vv=VM code, C=native code)


Current CompileTask:
C2:   3845  858       4       com.android.dx.ssa.SsaRenamer$BlockRenamer::addMapping (143 bytes)


---------------  P R O C E S S  ---------------

Java Threads: ( => current thread )
  0x00000000165f1800 JavaThread "pool-2-thread-4" [_thread_in_vm, id=5040, stack(0x0000000016de0000,0x0000000016ee0000)]
  0x000000001653d000 JavaThread "pool-2-thread-3" [_thread_in_Java, id=5004, stack(0x0000000016ce0000,0x0000000016de0000)]
  0x0000000016540800 JavaThread "pool-2-thread-2" [_thread_blocked, id=4092, stack(0x0000000016be0000,0x0000000016ce0000)]
  0x000000001652b800 JavaThread "pool-3-thread-1" [_thread_blocked, id=952, stack(0x0000000016ae0000,0x0000000016be0000)]
  0x0000000016529000 JavaThread "pool-2-thread-1" [_thread_in_vm, id=2256, stack(0x00000000169e0000,0x0000000016ae0000)]
  0x00000000163e2000 JavaThread "Service Thread" daemon [_thread_blocked, id=1992, stack(0x00000000167e0000,0x00000000168e0000)]
  0x0000000014afb800 JavaThread "C1 CompilerThread2" daemon [_thread_in_vm, id=4264, stack(0x00000000162e0000,0x00000000163e0000)]
=>0x0000000014af5800 JavaThread "C2 CompilerThread1" daemon [_thread_in_native, id=3980, stack(0x00000000161e0000,0x00000000162e0000)]
  0x0000000014a9b800 JavaThread "C2 CompilerThread0" daemon [_thread_blocked, id=5112, stack(0x00000000160e0000,0x00000000161e0000)]
  0x0000000014a9a000 JavaThread "Attach Listener" daemon [_thread_blocked, id=5464, stack(0x0000000015fe0000,0x00000000160e0000)]
  0x0000000014a99000 JavaThread "Signal Dispatcher" daemon [_thread_blocked, id=4892, stack(0x0000000015ee0000,0x0000000015fe0000)]
  0x00000000023cb000 JavaThread "Finalizer" daemon [_thread_blocked, id=5336, stack(0x0000000015d00000,0x0000000015e00000)]
  0x00000000023bf000 JavaThread "Reference Handler" daemon [_thread_blocked, id=5848, stack(0x0000000015c00000,0x0000000015d00000)]
  0x00000000022d0800 JavaThread "main" [_thread_in_native, id=176, stack(0x0000000002110000,0x0000000002210000)]

Other Threads:
  0x0000000014a65800 VMThread [stack: 0x0000000015b00000,0x0000000015c00000] [id=5824]
  0x00000000163e2800 WatcherThread [stack: 0x00000000168e0000,0x00000000169e0000] [id=5676]

VM state:not at safepoint (normal execution)

VM Mutex/Monitor currently owned by a thread: None

Heap:
 PSYoungGen      total 18944K, used 4681K [0x00000000eab00000, 0x00000000ec000000, 0x0000000100000000)
  eden space 16384K, 13% used [0x00000000eab00000,0x00000000ead16f08,0x00000000ebb00000)
  from space 2560K, 99% used [0x00000000ebb00000,0x00000000ebd7b5d8,0x00000000ebd80000)
  to   space 2560K, 0% used [0x00000000ebd80000,0x00000000ebd80000,0x00000000ec000000)
 ParOldGen       total 44032K, used 1815K [0x00000000c0000000, 0x00000000c2b00000, 0x00000000eab00000)
  object space 44032K, 4% used [0x00000000c0000000,0x00000000c01c5ea8,0x00000000c2b00000)
 Metaspace       used 5574K, capacity 6768K, committed 7040K, reserved 1056768K
  class space    used 551K, capacity 616K, committed 640K, reserved 1048576K

Card table byte_map: [0x0000000011790000,0x00000000119a0000] byte_map_base: 0x0000000011190000

Marking Bits: (ParMarkBitMap*) 0x0000000069db9d00
 Begin Bits: [0x0000000011f00000, 0x0000000012f00000)
 End Bits:   [0x0000000012f00000, 0x0000000013f00000)

Polling page: 0x00000000008c0000

CodeCache: size=245760Kb used=3709Kb max_used=3716Kb free=242050Kb
 bounds [0x00000000023d0000, 0x0000000002780000, 0x00000000113d0000]
 total_blobs=1133 nmethods=872 adapters=175
 compilation: enabled

Compilation events (10 events):
Event: 3.837 Thread 0x0000000014afb800 nmethod 847 0x0000000002757d90 code [0x0000000002757ee0, 0x0000000002757ff0]
Event: 3.837 Thread 0x0000000014afb800  815       3       com.android.dx.cf.code.OneLocalsArray::copy (5 bytes)
Event: 3.838 Thread 0x0000000014afb800 nmethod 815 0x000000000276a210 code [0x000000000276a3c0, 0x000000000276a9c8]
Event: 3.838 Thread 0x0000000014afb800  816       3       com.android.dx.cf.code.OneLocalsArray::copy (33 bytes)
Event: 3.839 Thread 0x0000000014afb800 nmethod 816 0x000000000276d990 code [0x000000000276db20, 0x000000000276e0c8]
Event: 3.839 Thread 0x0000000014a9b800 nmethod 843 0x0000000002757a10 code [0x0000000002757b60, 0x0000000002757c78]
Event: 3.839 Thread 0x0000000014afb800  846       3       com.android.dx.dex.code.RopTranslator$TranslationVisitor::visitPlainInsn (161 bytes)
Event: 3.839 Thread 0x0000000014a9b800  862       4       java.util.Arrays::copyOf (46 bytes)
Event: 3.842 Thread 0x0000000014afb800 nmethod 846 0x000000000276b8d0 code [0x000000000276bb60, 0x000000000276cef8]
Event: 3.842 Thread 0x0000000014afb800  848       3       com.android.dx.rop.code.RegisterSpec::getBasicType (10 bytes)

GC Heap History (2 events):
Event: 3.234 GC heap before
{Heap before GC invocations=1 (full 0):
 PSYoungGen      total 18944K, used 16384K [0x00000000eab00000, 0x00000000ec000000, 0x0000000100000000)
  eden space 16384K, 100% used [0x00000000eab00000,0x00000000ebb00000,0x00000000ebb00000)
  from space 2560K, 0% used [0x00000000ebd80000,0x00000000ebd80000,0x00000000ec000000)
  to   space 2560K, 0% used [0x00000000ebb00000,0x00000000ebb00000,0x00000000ebd80000)
 ParOldGen       total 44032K, used 0K [0x00000000c0000000, 0x00000000c2b00000, 0x00000000eab00000)
  object space 44032K, 0% used [0x00000000c0000000,0x00000000c0000000,0x00000000c2b00000)
 Metaspace       used 5547K, capacity 6768K, committed 7040K, reserved 1056768K
  class space    used 551K, capacity 616K, committed 640K, reserved 1048576K
Event: 3.771 GC heap after
Heap after GC invocations=1 (full 0):
 PSYoungGen      total 18944K, used 2541K [0x00000000eab00000, 0x00000000ec000000, 0x0000000100000000)
  eden space 16384K, 0% used [0x00000000eab00000,0x00000000eab00000,0x00000000ebb00000)
  from space 2560K, 99% used [0x00000000ebb00000,0x00000000ebd7b5d8,0x00000000ebd80000)
  to   space 2560K, 0% used [0x00000000ebd80000,0x00000000ebd80000,0x00000000ec000000)
 ParOldGen       total 44032K, used 1815K [0x00000000c0000000, 0x00000000c2b00000, 0x00000000eab00000)
  object space 44032K, 4% used [0x00000000c0000000,0x00000000c01c5ea8,0x00000000c2b00000)
 Metaspace       used 5547K, capacity 6768K, committed 7040K, reserved 1056768K
  class space    used 551K, capacity 616K, committed 640K, reserved 1048576K
}

Deoptimization events (10 events):
Event: 1.896 Thread 0x00000000165f1800 Uncommon trap: reason=unstable_if action=reinterpret pc=0x0000000002631530 method=java.util.BitSet.nextSetBit(I)I @ 87
Event: 2.095 Thread 0x00000000165f1800 Uncommon trap: reason=unloaded action=reinterpret pc=0x000000000268f398 method=com.android.dx.ssa.SsaRenamer$BlockRenamer.visitMoveInsn(Lcom/android/dx/ssa/NormalSsaInsn;)V @ 208
Event: 2.111 Thread 0x0000000016540800 Uncommon trap: reason=unstable_if action=reinterpret pc=0x0000000002657e4c method=java.util.HashMap.getNode(ILjava/lang/Object;)Ljava/util/HashMap$Node; @ 129
Event: 2.717 Thread 0x0000000016529000 Uncommon trap: reason=unstable_if action=reinterpret pc=0x00000000026f6c08 method=com.android.dx.rop.code.RegisterSpec.equals(ILcom/android/dx/rop/type/TypeBearer;Lcom/android/dx/rop/code/LocalItem;)Z @ 16
Event: 2.718 Thread 0x0000000016529000 Uncommon trap: reason=unstable_if action=reinterpret pc=0x00000000026af9e4 method=com.android.dx.rop.code.RegisterSpec.equals(ILcom/android/dx/rop/type/TypeBearer;Lcom/android/dx/rop/code/LocalItem;)Z @ 16
Event: 2.721 Thread 0x0000000016529000 Uncommon trap: reason=unstable_if action=reinterpret pc=0x00000000025f7b7c method=java.util.HashMap.getNode(ILjava/lang/Object;)Ljava/util/HashMap$Node; @ 129
Event: 3.819 Thread 0x0000000016540800 Uncommon trap: reason=class_check action=maybe_recompile pc=0x0000000002746f68 method=com.android.dx.rop.type.Type.equals(Ljava/lang/Object;)Z @ 8
Event: 3.819 Thread 0x0000000016540800 Uncommon trap: reason=class_check action=maybe_recompile pc=0x0000000002746f68 method=com.android.dx.rop.type.Type.equals(Ljava/lang/Object;)Z @ 8
Event: 3.823 Thread 0x0000000016540800 Uncommon trap: reason=class_check action=maybe_recompile pc=0x0000000002746f68 method=com.android.dx.rop.type.Type.equals(Ljava/lang/Object;)Z @ 8
Event: 3.823 Thread 0x0000000016540800 Uncommon trap: reason=class_check action=maybe_recompile pc=0x0000000002746f68 method=com.android.dx.rop.type.Type.equals(Ljava/lang/Object;)Z @ 8

Internal exceptions (2 events):
Event: 0.125 Thread 0x00000000022d0800 Exception <a 'java/lang/NoSuchMethodError': Method sun.misc.Unsafe.defineClass(Ljava/lang/String;[BII)Ljava/lang/Class; name or signature does not match> (0x00000000eab07cc0) thrown at [C:\src\android\AOSP-openjdk\external\jetbrains\jdk\hotspot\src\share\vy¯ãåyÀ?
Event: 0.125 Thread 0x00000000022d0800 Exception <a 'java/lang/NoSuchMethodError': Method sun.misc.Unsafe.prefetchRead(Ljava/lang/Object;J)V name or signature does not match> (0x00000000eab07fa8) thrown at [C:\src\android\AOSP-openjdk\external\jetbrains\jdk\hotspot\src\share\vm\prims\jni.cpp, l

Events (10 events):
Event: 3.819 Thread 0x0000000016540800 DEOPT UNPACKING pc=0x000000000241556a sp=0x0000000016cddaf8 mode 2
Event: 3.819 Thread 0x0000000016540800 Uncommon trap: trap_request=0xffffffde fr.pc=0x0000000002746f68
Event: 3.819 Thread 0x0000000016540800 DEOPT PACKING pc=0x0000000002746f68 sp=0x0000000016cdd9b0
Event: 3.819 Thread 0x0000000016540800 DEOPT UNPACKING pc=0x000000000241556a sp=0x0000000016cdd958 mode 2
Event: 3.823 Thread 0x0000000016540800 Uncommon trap: trap_request=0xffffffde fr.pc=0x0000000002746f68
Event: 3.823 Thread 0x0000000016540800 DEOPT PACKING pc=0x0000000002746f68 sp=0x0000000016cde5d0
Event: 3.823 Thread 0x0000000016540800 DEOPT UNPACKING pc=0x000000000241556a sp=0x0000000016cde578 mode 2
Event: 3.823 Thread 0x0000000016540800 Uncommon trap: trap_request=0xffffffde fr.pc=0x0000000002746f68
Event: 3.823 Thread 0x0000000016540800 DEOPT PACKING pc=0x0000000002746f68 sp=0x0000000016cde480
Event: 3.823 Thread 0x0000000016540800 DEOPT UNPACKING pc=0x000000000241556a sp=0x0000000016cde428 mode 2


Dynamic libraries:
0x00007ff631170000 - 0x00007ff6311a1000 	D:\Android\AndroidStudio\jre\bin\java.exe
0x00007ffb46030000 - 0x00007ffb461dd000 	C:\WINDOWS\SYSTEM32\ntdll.dll
0x00007ffb44000000 - 0x00007ffb4413e000 	C:\WINDOWS\system32\KERNEL32.DLL
0x00007ffb43330000 - 0x00007ffb43445000 	C:\WINDOWS\system32\KERNELBASE.dll
0x00007ffb43980000 - 0x00007ffb43a2a000 	C:\WINDOWS\system32\ADVAPI32.dll
0x00007ffb43e10000 - 0x00007ffb43f87000 	C:\WINDOWS\system32\USER32.dll
0x00007ffb40df0000 - 0x00007ffb4106a000 	C:\WINDOWS\WinSxS\amd64_microsoft.windows.common-controls_6595b64144ccf1df_6.0.9600.17810_none_6240b9c7ecbd0bda\COMCTL32.dll
0x00007ffb436b0000 - 0x00007ffb4375a000 	C:\WINDOWS\system32\msvcrt.dll
0x00007ffb43a30000 - 0x00007ffb43a89000 	C:\WINDOWS\SYSTEM32\sechost.dll
0x00007ffb44140000 - 0x00007ffb44280000 	C:\WINDOWS\system32\RPCRT4.dll
0x00007ffb45830000 - 0x00007ffb4597f000 	C:\WINDOWS\system32\GDI32.dll
0x00007ffb43630000 - 0x00007ffb4365e000 	C:\WINDOWS\system32\SspiCli.dll
0x00007ffb43af0000 - 0x00007ffb43b26000 	C:\WINDOWS\system32\IMM32.DLL
0x00007ffb45980000 - 0x00007ffb45ad2000 	C:\WINDOWS\system32\MSCTF.dll
0x000000006a4b0000 - 0x000000006a582000 	D:\Android\AndroidStudio\jre\jre\bin\msvcr100.dll
0x0000000069600000 - 0x0000000069e34000 	D:\Android\AndroidStudio\jre\jre\bin\server\jvm.dll
0x00007ffb3a960000 - 0x00007ffb3a969000 	C:\WINDOWS\SYSTEM32\WSOCK32.dll
0x00007ffb39250000 - 0x00007ffb39272000 	C:\WINDOWS\SYSTEM32\WINMM.dll
0x00007ffb3c820000 - 0x00007ffb3c82a000 	C:\WINDOWS\SYSTEM32\VERSION.dll
0x00007ffb43e00000 - 0x00007ffb43e07000 	C:\WINDOWS\system32\PSAPI.DLL
0x00007ffb44280000 - 0x00007ffb442da000 	C:\WINDOWS\system32\WS2_32.dll
0x00007ffb39150000 - 0x00007ffb3917a000 	C:\WINDOWS\SYSTEM32\WINMMBASE.dll
0x00007ffb45820000 - 0x00007ffb45829000 	C:\WINDOWS\system32\NSI.dll
0x00007ffb43660000 - 0x00007ffb436af000 	C:\WINDOWS\SYSTEM32\cfgmgr32.dll
0x00007ffb41f70000 - 0x00007ffb41f98000 	C:\WINDOWS\SYSTEM32\DEVOBJ.dll
0x00007ffb3dfa0000 - 0x00007ffb3dfaf000 	D:\Android\AndroidStudio\jre\jre\bin\verify.dll
0x00007ffb3bdb0000 - 0x00007ffb3bdd9000 	D:\Android\AndroidStudio\jre\jre\bin\java.dll
0x00007ffb3c710000 - 0x00007ffb3c726000 	D:\Android\AndroidStudio\jre\jre\bin\zip.dll
0x00007ffb442e0000 - 0x00007ffb45808000 	C:\WINDOWS\system32\SHELL32.dll
0x00007ffb43760000 - 0x00007ffb43971000 	C:\WINDOWS\SYSTEM32\combase.dll
0x00007ffb43a90000 - 0x00007ffb43ae4000 	C:\WINDOWS\system32\SHLWAPI.dll
0x00007ffb41790000 - 0x00007ffb41842000 	C:\WINDOWS\SYSTEM32\SHCORE.dll
0x00007ffb43150000 - 0x00007ffb43165000 	C:\WINDOWS\SYSTEM32\profapi.dll

VM Arguments:
jvm_args: -Djava.awt.headless=true -Xmx1024M -Dfile.encoding=windows-1252 -Duser.country=US -Duser.language=en -Duser.variant 
java_command: com.android.dx.command.Main --dex --force-jumbo --num-threads=4 --multi-dex --output D:\Mozilla Downloads\and-nd-firebase-1.00-starting-point\app\build\intermediates\transforms\dex\debug\folders\1000\5\slice_1 D:\Mozilla Downloads\and-nd-firebase-1.00-starting-point\app\build\intermediates\transforms\instantRunSlicer\debug\folders\1\5\slice_1
java_class_path (initial): D:\Android\sdk\build-tools\24.0.1\lib\dx.jar
Launcher Type: SUN_STANDARD

Environment Variables:
PATH=C:\ProgramData\Oracle\Java\javapath;C:\Program Files (x86)\Intel\iCLS Client\;C:\Program Files\Intel\iCLS Client\;C:\WINDOWS\system32;C:\WINDOWS;C:\WINDOWS\System32\Wbem;C:\WINDOWS\System32\WindowsPowerShell\v1.0\;C:\Program Files\Intel\Intel(R) Management Engine Components\DAL;C:\Program Files (x86)\Intel\Intel(R) Management Engine Components\DAL;C:\Program Files\Intel\Intel(R) Management Engine Components\IPT;C:\Program Files (x86)\Intel\Intel(R) Management Engine Components\IPT;C:\Users\Hamid-PC\AppData\Local\atom\bin
USERNAME=Hamid-PC
OS=Windows_NT
PROCESSOR_IDENTIFIER=Intel64 Family 6 Model 61 Stepping 4, GenuineIntel



---------------  S Y S T E M  ---------------

OS: Windows 8.1 , 64 bit Build 9600 (6.3.9600.17415)

CPU:total 4 (2 cores per cpu, 2 threads per core) family 6 model 61 stepping 4, cmov, cx8, fxsr, mmx, sse, sse2, sse3, ssse3, sse4.1, sse4.2, popcnt, avx, avx2, aes, clmul, erms, 3dnowpref, lzcnt, ht, tsc, tscinvbit, bmi1, bmi2, adx

Memory: 4k page, physical 4107980k(302444k free), swap 5209432k(5128k free)

vm_info: OpenJDK 64-Bit Server VM (25.76-b03) for windows-amd64 JRE (1.8.0_76-release-b03), built on Jun 29 2016 19:09:20 by "ralucas" with MS VC++ 10.0 (VS2010)

time: Sat Dec 24 01:39:42 2016
elapsed time: 3 seconds (0d 0h 0m 3s)

