#
# There is insufficient memory for the Java Runtime Environment to continue.
# Native memory allocation (malloc) failed to allocate 608816 bytes for Chunk::new
# Possible reasons:
#   The system is out of physical RAM or swap space
#   In 32 bit mode, the process size limit was hit
# Possible solutions:
#   Reduce memory load on the system
#   Increase physical memory or swap space
#   Check if swap backing store is full
#   Use 64 bit Java on a 64 bit OS
#   Decrease Java heap size (-Xmx/-Xms)
#   Decrease number of Java threads
#   Decrease Java thread stack sizes (-Xss)
#   Set larger code cache with -XX:ReservedCodeCacheSize=
# This output file may be truncated or incomplete.
#
#  Out of Memory Error (allocation.cpp:390), pid=2828, tid=0x000000000000113c
#
# JRE version: OpenJDK Runtime Environment (8.0_76-b03) (build 1.8.0_76-release-b03)
# Java VM: OpenJDK 64-Bit Server VM (25.76-b03 mixed mode windows-amd64 compressed oops)
# Failed to write core dump. Minidumps are not enabled by default on client versions of Windows
#

---------------  T H R E A D  ---------------

Current thread (0x0000000014eea800):  JavaThread "C2 CompilerThread0" daemon [_thread_in_native, id=4412, stack(0x0000000016560000,0x0000000016660000)]

Stack: [0x0000000016560000,0x0000000016660000]
[error occurred during error reporting (printing stack bounds), id 0xc0000005]

Native frames: (J=compiled Java code, j=interpreted, Vv=VM code, C=native code)


Current CompileTask:
C2:   6567 1312       4       com.android.dx.ssa.SCCP::simulateBranch (666 bytes)


---------------  P R O C E S S  ---------------

Java Threads: ( => current thread )
  0x0000000016a8a800 JavaThread "pool-2-thread-4" [_thread_in_Java, id=440, stack(0x0000000017260000,0x0000000017360000)]
  0x0000000016a85000 JavaThread "pool-2-thread-3" [_thread_in_Java, id=5596, stack(0x0000000017160000,0x0000000017260000)]
  0x0000000016a84000 JavaThread "pool-2-thread-2" [_thread_in_Java, id=4348, stack(0x0000000017060000,0x0000000017160000)]
  0x0000000016a7c800 JavaThread "pool-3-thread-1" [_thread_blocked, id=4052, stack(0x0000000016f60000,0x0000000017060000)]
  0x0000000016a7c000 JavaThread "pool-2-thread-1" [_thread_in_Java, id=6096, stack(0x0000000016e60000,0x0000000016f60000)]
  0x0000000014f4e800 JavaThread "Service Thread" daemon [_thread_blocked, id=936, stack(0x0000000016c60000,0x0000000016d60000)]
  0x0000000014f4a800 JavaThread "C1 CompilerThread2" daemon [_thread_blocked, id=5968, stack(0x0000000016760000,0x0000000016860000)]
  0x0000000014f44800 JavaThread "C2 CompilerThread1" daemon [_thread_in_native, id=5184, stack(0x0000000016660000,0x0000000016760000)]
=>0x0000000014eea800 JavaThread "C2 CompilerThread0" daemon [_thread_in_native, id=4412, stack(0x0000000016560000,0x0000000016660000)]
  0x0000000014ee9000 JavaThread "Attach Listener" daemon [_thread_blocked, id=5140, stack(0x0000000016460000,0x0000000016560000)]
  0x0000000014ee8000 JavaThread "Signal Dispatcher" daemon [_thread_blocked, id=3524, stack(0x0000000016360000,0x0000000016460000)]
  0x0000000014ed8000 JavaThread "Finalizer" daemon [_thread_blocked, id=4444, stack(0x0000000016180000,0x0000000016280000)]
  0x000000000280f000 JavaThread "Reference Handler" daemon [_thread_blocked, id=2060, stack(0x0000000016080000,0x0000000016180000)]
  0x0000000002720800 JavaThread "main" [_thread_in_Java, id=3500, stack(0x0000000002620000,0x0000000002720000)]

Other Threads:
  0x0000000014eb5800 VMThread [stack: 0x0000000015f80000,0x0000000016080000] [id=3244]
  0x0000000016860800 WatcherThread [stack: 0x0000000016d60000,0x0000000016e60000] [id=2388]

VM state:not at safepoint (normal execution)

VM Mutex/Monitor currently owned by a thread: None

Heap:
 PSYoungGen      total 18944K, used 11100K [0x00000000eab00000, 0x00000000ec000000, 0x0000000100000000)
  eden space 16384K, 52% used [0x00000000eab00000,0x00000000eb35e8c0,0x00000000ebb00000)
  from space 2560K, 98% used [0x00000000ebd80000,0x00000000ebff8a68,0x00000000ec000000)
  to   space 2560K, 0% used [0x00000000ebb00000,0x00000000ebb00000,0x00000000ebd80000)
 ParOldGen       total 44032K, used 3632K [0x00000000c0000000, 0x00000000c2b00000, 0x00000000eab00000)
  object space 44032K, 8% used [0x00000000c0000000,0x00000000c038c0a8,0x00000000c2b00000)
 Metaspace       used 5896K, capacity 7024K, committed 7296K, reserved 1056768K
  class space    used 561K, capacity 616K, committed 640K, reserved 1048576K

Card table byte_map: [0x0000000011be0000,0x0000000011df0000] byte_map_base: 0x00000000115e0000

Marking Bits: (ParMarkBitMap*) 0x0000000069db9d00
 Begin Bits: [0x0000000012350000, 0x0000000013350000)
 End Bits:   [0x0000000013350000, 0x0000000014350000)

Polling page: 0x0000000000c80000

CodeCache: size=245760Kb used=5615Kb max_used=5626Kb free=240144Kb
 bounds [0x0000000002820000, 0x0000000002db0000, 0x0000000011820000]
 total_blobs=1627 nmethods=1365 adapters=176
 compilation: enabled

Compilation events (10 events):
Event: 6.376 Thread 0x0000000014f4a800 1369       3       com.android.dx.cf.code.LocalVariableList::concat (97 bytes)
Event: 6.379 Thread 0x0000000014f4a800 nmethod 1369 0x0000000002d92f50 code [0x0000000002d93280, 0x0000000002d94fc8]
Event: 6.427 Thread 0x0000000014f44800 nmethod 1249 0x0000000002d9a250 code [0x0000000002d9a740, 0x0000000002d9d5d0]
Event: 6.427 Thread 0x0000000014f44800 1328       4       com.android.dx.cf.code.Ropper::getAvailableLabel (54 bytes)
Event: 6.444 Thread 0x0000000014f44800 nmethod 1328 0x0000000002d968d0 code [0x0000000002d96a40, 0x0000000002d96e58]
Event: 6.444 Thread 0x0000000014f44800 1318       4       com.android.dx.util.FixedSizeList::hashCode (8 bytes)
Event: 6.455 Thread 0x0000000014f44800 nmethod 1318 0x0000000002da2490 code [0x0000000002da25e0, 0x0000000002da2858]
Event: 6.455 Thread 0x0000000014f44800 1333       4       com.android.dx.rop.code.RegisterSpec::make (7 bytes)
Event: 6.456 Thread 0x0000000014f44800 nmethod 1333 0x0000000002d44310 code [0x0000000002d44460, 0x0000000002d444c8]
Event: 6.456 Thread 0x0000000014f44800 1332   !   4       com.android.dx.cf.code.BytecodeArray::parseInstruction (2764 bytes)

GC Heap History (4 events):
Event: 5.178 GC heap before
{Heap before GC invocations=1 (full 0):
 PSYoungGen      total 18944K, used 16384K [0x00000000eab00000, 0x00000000ec000000, 0x0000000100000000)
  eden space 16384K, 100% used [0x00000000eab00000,0x00000000ebb00000,0x00000000ebb00000)
  from space 2560K, 0% used [0x00000000ebd80000,0x00000000ebd80000,0x00000000ec000000)
  to   space 2560K, 0% used [0x00000000ebb00000,0x00000000ebb00000,0x00000000ebd80000)
 ParOldGen       total 44032K, used 0K [0x00000000c0000000, 0x00000000c2b00000, 0x00000000eab00000)
  object space 44032K, 0% used [0x00000000c0000000,0x00000000c0000000,0x00000000c2b00000)
 Metaspace       used 5586K, capacity 6768K, committed 7040K, reserved 1056768K
  class space    used 557K, capacity 616K, committed 640K, reserved 1048576K
Event: 5.251 GC heap after
Heap after GC invocations=1 (full 0):
 PSYoungGen      total 18944K, used 2551K [0x00000000eab00000, 0x00000000ec000000, 0x0000000100000000)
  eden space 16384K, 0% used [0x00000000eab00000,0x00000000eab00000,0x00000000ebb00000)
  from space 2560K, 99% used [0x00000000ebb00000,0x00000000ebd7dc78,0x00000000ebd80000)
  to   space 2560K, 0% used [0x00000000ebd80000,0x00000000ebd80000,0x00000000ec000000)
 ParOldGen       total 44032K, used 1851K [0x00000000c0000000, 0x00000000c2b00000, 0x00000000eab00000)
  object space 44032K, 4% used [0x00000000c0000000,0x00000000c01ced10,0x00000000c2b00000)
 Metaspace       used 5586K, capacity 6768K, committed 7040K, reserved 1056768K
  class space    used 557K, capacity 616K, committed 640K, reserved 1048576K
}
Event: 6.168 GC heap before
{Heap before GC invocations=2 (full 0):
 PSYoungGen      total 18944K, used 18935K [0x00000000eab00000, 0x00000000ec000000, 0x0000000100000000)
  eden space 16384K, 100% used [0x00000000eab00000,0x00000000ebb00000,0x00000000ebb00000)
  from space 2560K, 99% used [0x00000000ebb00000,0x00000000ebd7dc78,0x00000000ebd80000)
  to   space 2560K, 0% used [0x00000000ebd80000,0x00000000ebd80000,0x00000000ec000000)
 ParOldGen       total 44032K, used 1851K [0x00000000c0000000, 0x00000000c2b00000, 0x00000000eab00000)
  object space 44032K, 4% used [0x00000000c0000000,0x00000000c01ced10,0x00000000c2b00000)
 Metaspace       used 5837K, capacity 6960K, committed 7040K, reserved 1056768K
  class space    used 560K, capacity 616K, committed 640K, reserved 1048576K
Event: 6.199 GC heap after
Heap after GC invocations=2 (full 0):
 PSYoungGen      total 18944K, used 2530K [0x00000000eab00000, 0x00000000ec000000, 0x0000000100000000)
  eden space 16384K, 0% used [0x00000000eab00000,0x00000000eab00000,0x00000000ebb00000)
  from space 2560K, 98% used [0x00000000ebd80000,0x00000000ebff8a68,0x00000000ec000000)
  to   space 2560K, 0% used [0x00000000ebb00000,0x00000000ebb00000,0x00000000ebd80000)
 ParOldGen       total 44032K, used 3632K [0x00000000c0000000, 0x00000000c2b00000, 0x00000000eab00000)
  object space 44032K, 8% used [0x00000000c0000000,0x00000000c038c0a8,0x00000000c2b00000)
 Metaspace       used 5837K, capacity 6960K, committed 7040K, reserved 1056768K
  class space    used 560K, capacity 616K, committed 640K, reserved 1048576K
}

Deoptimization events (10 events):
Event: 5.320 Thread 0x0000000016a85000 Uncommon trap: reason=class_check action=maybe_recompile pc=0x0000000002b77668 method=com.android.dx.rop.type.Type.equals(Ljava/lang/Object;)Z @ 8
Event: 5.321 Thread 0x0000000016a85000 Uncommon trap: reason=class_check action=maybe_recompile pc=0x0000000002b808f8 method=com.android.dx.rop.type.Type.equals(Ljava/lang/Object;)Z @ 8
Event: 5.404 Thread 0x0000000016a85000 Uncommon trap: reason=class_check action=maybe_recompile pc=0x0000000002b6b468 method=com.android.dx.rop.type.Type.equals(Ljava/lang/Object;)Z @ 8
Event: 5.426 Thread 0x0000000016a7c000 Uncommon trap: reason=unstable_if action=reinterpret pc=0x0000000002bdad9c method=com.android.dx.rop.cst.Constant.compareTo(Lcom/android/dx/rop/cst/Constant;)I @ 12
Event: 5.494 Thread 0x0000000016a84000 Uncommon trap: reason=unstable_if action=reinterpret pc=0x0000000002c2ab00 method=com.android.dx.ssa.SsaRenamer$BlockRenamer.addMapping(ILcom/android/dx/rop/code/RegisterSpec;)V @ 120
Event: 5.792 Thread 0x0000000002720800 Uncommon trap: reason=unstable_if action=reinterpret pc=0x0000000002b9972c method=com.android.dx.rop.code.RegisterSpecSet.put(Lcom/android/dx/rop/code/RegisterSpec;)V @ 77
Event: 5.792 Thread 0x0000000002720800 Uncommon trap: reason=unstable_if action=reinterpret pc=0x0000000002b98b28 method=com.android.dx.rop.code.RegisterSpecSet.put(Lcom/android/dx/rop/code/RegisterSpec;)V @ 77
Event: 6.230 Thread 0x0000000016a84000 Uncommon trap: reason=class_check action=maybe_recompile pc=0x0000000002cb2f40 method=java.util.HashMap.putVal(ILjava/lang/Object;Ljava/lang/Object;ZZ)Ljava/lang/Object; @ 203
Event: 6.261 Thread 0x0000000016a84000 Uncommon trap: reason=unstable_if action=reinterpret pc=0x0000000002cb9144 method=com.android.dx.rop.code.RegisterSpec.equals(ILcom/android/dx/rop/type/TypeBearer;Lcom/android/dx/rop/code/LocalItem;)Z @ 42
Event: 6.357 Thread 0x0000000016a8a800 Uncommon trap: reason=null_check action=make_not_entrant pc=0x0000000002bd5518 method=com.android.dx.ssa.SsaRenamer.getLocalForNewReg(I)Lcom/android/dx/rop/code/LocalItem; @ 19

Internal exceptions (4 events):
Event: 0.315 Thread 0x0000000002720800 Exception <a 'java/lang/NoSuchMethodError': Method sun.misc.Unsafe.defineClass(Ljava/lang/String;[BII)Ljava/lang/Class; name or signature does not match> (0x00000000eab07cc0) thrown at [C:\src\android\AOSP-openjdk\external\jetbrains\jdk\hotspot\src\share\vÿx(pë%‘?
Event: 0.315 Thread 0x0000000002720800 Exception <a 'java/lang/NoSuchMethodError': Method sun.misc.Unsafe.prefetchRead(Ljava/lang/Object;J)V name or signature does not match> (0x00000000eab07fa8) thrown at [C:\src\android\AOSP-openjdk\external\jetbrains\jdk\hotspot\src\share\vm\prims\jni.cpp, lÀ-3¡uU@
Event: 4.833 Thread 0x0000000016a84000 Implicit null exception at 0x0000000002b77ee2 to 0x0000000002b77fe9
Event: 6.357 Thread 0x0000000016a8a800 Implicit null exception at 0x0000000002bd2f9b to 0x0000000002bd54d1

Events (10 events):
Event: 6.230 Thread 0x0000000016a84000 DEOPT PACKING pc=0x0000000002cb2f40 sp=0x000000001715e830
Event: 6.230 Thread 0x0000000016a84000 DEOPT UNPACKING pc=0x000000000286556a sp=0x000000001715e7b8 mode 2
Event: 6.261 Thread 0x0000000016a84000 Uncommon trap: trap_request=0xffffff65 fr.pc=0x0000000002cb9144
Event: 6.261 Thread 0x0000000016a84000 DEOPT PACKING pc=0x0000000002cb9144 sp=0x000000001715e7c0
Event: 6.261 Thread 0x0000000016a84000 DEOPT UNPACKING pc=0x000000000286556a sp=0x000000001715e748 mode 2
Event: 6.326 loading class com/android/dx/cf/code/SwitchList
Event: 6.326 loading class com/android/dx/cf/code/SwitchList done
Event: 6.357 Thread 0x0000000016a8a800 Uncommon trap: trap_request=0xfffffff4 fr.pc=0x0000000002bd5518
Event: 6.357 Thread 0x0000000016a8a800 DEOPT PACKING pc=0x0000000002bd5518 sp=0x000000001735e880
Event: 6.357 Thread 0x0000000016a8a800 DEOPT UNPACKING pc=0x000000000286556a sp=0x000000001735e6d8 mode 2


Dynamic libraries:
0x00007ff631170000 - 0x00007ff6311a1000 	D:\Android\AndroidStudio\jre\bin\java.exe
0x00007ffb46030000 - 0x00007ffb461dd000 	C:\WINDOWS\SYSTEM32\ntdll.dll
0x00007ffb44000000 - 0x00007ffb4413e000 	C:\WINDOWS\system32\KERNEL32.DLL
0x00007ffb43330000 - 0x00007ffb43445000 	C:\WINDOWS\system32\KERNELBASE.dll
0x00007ffb43980000 - 0x00007ffb43a2a000 	C:\WINDOWS\system32\ADVAPI32.dll
0x00007ffb43e10000 - 0x00007ffb43f87000 	C:\WINDOWS\system32\USER32.dll
0x00007ffb40df0000 - 0x00007ffb4106a000 	C:\WINDOWS\WinSxS\amd64_microsoft.windows.common-controls_6595b64144ccf1df_6.0.9600.17810_none_6240b9c7ecbd0bda\COMCTL32.dll
0x00007ffb436b0000 - 0x00007ffb4375a000 	C:\WINDOWS\system32\msvcrt.dll
0x00007ffb43a30000 - 0x00007ffb43a89000 	C:\WINDOWS\SYSTEM32\sechost.dll
0x00007ffb44140000 - 0x00007ffb44280000 	C:\WINDOWS\system32\RPCRT4.dll
0x00007ffb45830000 - 0x00007ffb4597f000 	C:\WINDOWS\system32\GDI32.dll
0x00007ffb43630000 - 0x00007ffb4365e000 	C:\WINDOWS\system32\SspiCli.dll
0x00007ffb43af0000 - 0x00007ffb43b26000 	C:\WINDOWS\system32\IMM32.DLL
0x00007ffb45980000 - 0x00007ffb45ad2000 	C:\WINDOWS\system32\MSCTF.dll
0x000000006a4b0000 - 0x000000006a582000 	D:\Android\AndroidStudio\jre\jre\bin\msvcr100.dll
0x0000000069600000 - 0x0000000069e34000 	D:\Android\AndroidStudio\jre\jre\bin\server\jvm.dll
0x00007ffb3a960000 - 0x00007ffb3a969000 	C:\WINDOWS\SYSTEM32\WSOCK32.dll
0x00007ffb39250000 - 0x00007ffb39272000 	C:\WINDOWS\SYSTEM32\WINMM.dll
0x00007ffb3c820000 - 0x00007ffb3c82a000 	C:\WINDOWS\SYSTEM32\VERSION.dll
0x00007ffb43e00000 - 0x00007ffb43e07000 	C:\WINDOWS\system32\PSAPI.DLL
0x00007ffb44280000 - 0x00007ffb442da000 	C:\WINDOWS\system32\WS2_32.dll
0x00007ffb39150000 - 0x00007ffb3917a000 	C:\WINDOWS\SYSTEM32\WINMMBASE.dll
0x00007ffb45820000 - 0x00007ffb45829000 	C:\WINDOWS\system32\NSI.dll
0x00007ffb43660000 - 0x00007ffb436af000 	C:\WINDOWS\SYSTEM32\cfgmgr32.dll
0x00007ffb41f70000 - 0x00007ffb41f98000 	C:\WINDOWS\SYSTEM32\DEVOBJ.dll
0x00007ffb3dfa0000 - 0x00007ffb3dfaf000 	D:\Android\AndroidStudio\jre\jre\bin\verify.dll
0x00007ffb3bdb0000 - 0x00007ffb3bdd9000 	D:\Android\AndroidStudio\jre\jre\bin\java.dll
0x00007ffb3c710000 - 0x00007ffb3c726000 	D:\Android\AndroidStudio\jre\jre\bin\zip.dll
0x00007ffb442e0000 - 0x00007ffb45808000 	C:\WINDOWS\system32\SHELL32.dll
0x00007ffb43760000 - 0x00007ffb43971000 	C:\WINDOWS\SYSTEM32\combase.dll
0x00007ffb43a90000 - 0x00007ffb43ae4000 	C:\WINDOWS\system32\SHLWAPI.dll
0x00007ffb41790000 - 0x00007ffb41842000 	C:\WINDOWS\SYSTEM32\SHCORE.dll
0x00007ffb43150000 - 0x00007ffb43165000 	C:\WINDOWS\SYSTEM32\profapi.dll

VM Arguments:
jvm_args: -Djava.awt.headless=true -Xmx1024M -Dfile.encoding=windows-1252 -Duser.country=US -Duser.language=en -Duser.variant 
java_command: com.android.dx.command.Main --dex --force-jumbo --num-threads=4 --multi-dex --output D:\Mozilla Downloads\and-nd-firebase-1.00-starting-point\app\build\intermediates\transforms\dex\debug\folders\1000\10\com.android.support-transition-25.0.1_887257efa3d081f47435159adc8a10e9203d5d99 D:\Mozilla Downloads\and-nd-firebase-1.00-starting-point\app\build\intermediates\exploded-aar\com.android.support\transition\25.0.1\jars\classes.jar
java_class_path (initial): D:\Android\sdk\build-tools\24.0.1\lib\dx.jar
Launcher Type: SUN_STANDARD

Environment Variables:
PATH=C:\ProgramData\Oracle\Java\javapath;C:\Program Files (x86)\Intel\iCLS Client\;C:\Program Files\Intel\iCLS Client\;C:\WINDOWS\system32;C:\WINDOWS;C:\WINDOWS\System32\Wbem;C:\WINDOWS\System32\WindowsPowerShell\v1.0\;C:\Program Files\Intel\Intel(R) Management Engine Components\DAL;C:\Program Files (x86)\Intel\Intel(R) Management Engine Components\DAL;C:\Program Files\Intel\Intel(R) Management Engine Components\IPT;C:\Program Files (x86)\Intel\Intel(R) Management Engine Components\IPT;C:\Users\Hamid-PC\AppData\Local\atom\bin
USERNAME=Hamid-PC
OS=Windows_NT
PROCESSOR_IDENTIFIER=Intel64 Family 6 Model 61 Stepping 4, GenuineIntel



---------------  S Y S T E M  ---------------

OS: Windows 8.1 , 64 bit Build 9600 (6.3.9600.17415)

CPU:total 4 (2 cores per cpu, 2 threads per core) family 6 model 61 stepping 4, cmov, cx8, fxsr, mmx, sse, sse2, sse3, ssse3, sse4.1, sse4.2, popcnt, avx, avx2, aes, clmul, erms, 3dnowpref, lzcnt, ht, tsc, tscinvbit, bmi1, bmi2, adx

Memory: 4k page, physical 4107980k(308648k free), swap 5209432k(6296k free)

vm_info: OpenJDK 64-Bit Server VM (25.76-b03) for windows-amd64 JRE (1.8.0_76-release-b03), built on Jun 29 2016 19:09:20 by "ralucas" with MS VC++ 10.0 (VS2010)

time: Sat Dec 24 01:39:17 2016
elapsed time: 6 seconds (0d 0h 0m 6s)

