#
# There is insufficient memory for the Java Runtime Environment to continue.
# Native memory allocation (malloc) failed to allocate 358976 bytes for Chunk::new
# Possible reasons:
#   The system is out of physical RAM or swap space
#   In 32 bit mode, the process size limit was hit
# Possible solutions:
#   Reduce memory load on the system
#   Increase physical memory or swap space
#   Check if swap backing store is full
#   Use 64 bit Java on a 64 bit OS
#   Decrease Java heap size (-Xmx/-Xms)
#   Decrease number of Java threads
#   Decrease Java thread stack sizes (-Xss)
#   Set larger code cache with -XX:ReservedCodeCacheSize=
# This output file may be truncated or incomplete.
#
#  Out of Memory Error (allocation.cpp:390), pid=5144, tid=0x0000000000000a30
#
# JRE version: OpenJDK Runtime Environment (8.0_76-b03) (build 1.8.0_76-release-b03)
# Java VM: OpenJDK 64-Bit Server VM (25.76-b03 mixed mode windows-amd64 compressed oops)
# Failed to write core dump. Minidumps are not enabled by default on client versions of Windows
#

---------------  T H R E A D  ---------------

Current thread (0x0000000015464000):  JavaThread "C2 CompilerThread1" daemon [_thread_in_native, id=2608, stack(0x0000000016b40000,0x0000000016c40000)]

Stack: [0x0000000016b40000,0x0000000016c40000]
[error occurred during error reporting (printing stack bounds), id 0xc0000005]

Native frames: (J=compiled Java code, j=interpreted, Vv=VM code, C=native code)


Current CompileTask:
C2:   8160 1127       4       com.android.dx.ssa.SCCP::simulateStmt (481 bytes)


---------------  P R O C E S S  ---------------

Java Threads: ( => current thread )
  0x0000000016dc6000 JavaThread "pool-2-thread-4" [_thread_blocked, id=5964, stack(0x0000000017740000,0x0000000017840000)]
  0x0000000016dba000 JavaThread "pool-2-thread-3" [_thread_blocked, id=4492, stack(0x0000000017640000,0x0000000017740000)]
  0x0000000016db9800 JavaThread "pool-2-thread-2" [_thread_blocked, id=2012, stack(0x0000000017540000,0x0000000017640000)]
  0x0000000016dac000 JavaThread "pool-3-thread-1" [_thread_blocked, id=4776, stack(0x0000000017440000,0x0000000017540000)]
  0x0000000016da1000 JavaThread "pool-2-thread-1" [_thread_blocked, id=4172, stack(0x0000000017340000,0x0000000017440000)]
  0x000000001546e800 JavaThread "Service Thread" daemon [_thread_blocked, id=4424, stack(0x0000000017140000,0x0000000017240000)]
  0x0000000015468800 JavaThread "C1 CompilerThread2" daemon [_thread_blocked, id=5132, stack(0x0000000017040000,0x0000000017140000)]
=>0x0000000015464000 JavaThread "C2 CompilerThread1" daemon [_thread_in_native, id=2608, stack(0x0000000016b40000,0x0000000016c40000)]
  0x000000001540a800 JavaThread "C2 CompilerThread0" daemon [_thread_blocked, id=4364, stack(0x0000000016a40000,0x0000000016b40000)]
  0x0000000015409000 JavaThread "Attach Listener" daemon [_thread_blocked, id=2140, stack(0x0000000016940000,0x0000000016a40000)]
  0x0000000015407800 JavaThread "Signal Dispatcher" daemon [_thread_blocked, id=4440, stack(0x0000000016840000,0x0000000016940000)]
  0x00000000153f8000 JavaThread "Finalizer" daemon [_thread_blocked, id=1208, stack(0x0000000016660000,0x0000000016760000)]
  0x0000000002d2f000 JavaThread "Reference Handler" daemon [_thread_blocked, id=1224, stack(0x0000000016560000,0x0000000016660000)]
  0x0000000002c40800 JavaThread "main" [_thread_blocked, id=5648, stack(0x0000000002b10000,0x0000000002c10000)]

Other Threads:
  0x00000000153d5000 VMThread [stack: 0x0000000016460000,0x0000000016560000] [id=2904]
  0x0000000016c4e800 WatcherThread [stack: 0x0000000017240000,0x0000000017340000] [id=716]

VM state:at safepoint (normal execution)

VM Mutex/Monitor currently owned by a thread:  ([mutex/lock_event])
[0x0000000002c3c1b0] Threads_lock - owner thread: 0x00000000153d5000
[0x0000000002c3c4b0] Heap_lock - owner thread: 0x0000000002c40800

Heap:
 PSYoungGen      total 18944K, used 18922K [0x00000000eab00000, 0x00000000ec000000, 0x0000000100000000)
  eden space 16384K, 100% used [0x00000000eab00000,0x00000000ebb00000,0x00000000ebb00000)
  from space 2560K, 99% used [0x00000000ebb00000,0x00000000ebd7aa90,0x00000000ebd80000)
  to   space 2560K, 43% used [0x00000000ebd80000,0x00000000ebe98010,0x00000000ec000000)
 ParOldGen       total 44032K, used 1882K [0x00000000c0000000, 0x00000000c2b00000, 0x00000000eab00000)
  object space 44032K, 4% used [0x00000000c0000000,0x00000000c01d6a88,0x00000000c2b00000)
 Metaspace       used 5962K, capacity 6960K, committed 7040K, reserved 1056768K
  class space    used 571K, capacity 616K, committed 640K, reserved 1048576K

Card table byte_map: [0x0000000012100000,0x0000000012310000] byte_map_base: 0x0000000011b00000

Marking Bits: (ParMarkBitMap*) 0x0000000069db9d00
 Begin Bits: [0x0000000012870000, 0x0000000013870000)
 End Bits:   [0x0000000013870000, 0x0000000014870000)

Polling page: 0x00000000011a0000

CodeCache: size=245760Kb used=5195Kb max_used=5195Kb free=240564Kb
 bounds [0x0000000002d40000, 0x0000000003260000, 0x0000000011d40000]
 total_blobs=1539 nmethods=1271 adapters=182
 compilation: enabled

Compilation events (10 events):
Event: 8.128 Thread 0x0000000015468800 1277       3       com.android.dx.cf.direct.DirectClassFile::getAccessFlags (9 bytes)
Event: 8.129 Thread 0x0000000015468800 nmethod 1277 0x0000000003254dd0 code [0x0000000003254f40, 0x0000000003255188]
Event: 8.129 Thread 0x0000000015468800 1278       3       com.android.dx.cf.direct.DirectClassFile::getAttributes (9 bytes)
Event: 8.129 Thread 0x0000000015468800 nmethod 1278 0x0000000003255250 code [0x00000000032553c0, 0x0000000003255608]
Event: 8.140 Thread 0x0000000015468800 1279       3       com.android.dx.ssa.PhiInsn::predBlocksForReg (73 bytes)
Event: 8.143 Thread 0x0000000015468800 nmethod 1279 0x00000000032556d0 code [0x0000000003255940, 0x0000000003256998]
Event: 8.143 Thread 0x0000000015468800 1281       2       com.android.dx.rop.type.Type::equals (31 bytes)
Event: 8.144 Thread 0x0000000015468800 nmethod 1281 0x0000000003257550 code [0x00000000032576c0, 0x00000000032578e8]
Event: 8.144 Thread 0x0000000015468800 1280       3       com.android.dx.ssa.back.FirstFitLocalCombiningAllocator$Multiset::add (68 bytes)
Event: 8.144 Thread 0x0000000015468800 nmethod 1280 0x0000000003257a10 code [0x0000000003257ba0, 0x0000000003257e90]

GC Heap History (3 events):
Event: 7.423 GC heap before
{Heap before GC invocations=1 (full 0):
 PSYoungGen      total 18944K, used 16384K [0x00000000eab00000, 0x00000000ec000000, 0x0000000100000000)
  eden space 16384K, 100% used [0x00000000eab00000,0x00000000ebb00000,0x00000000ebb00000)
  from space 2560K, 0% used [0x00000000ebd80000,0x00000000ebd80000,0x00000000ec000000)
  to   space 2560K, 0% used [0x00000000ebb00000,0x00000000ebb00000,0x00000000ebd80000)
 ParOldGen       total 44032K, used 0K [0x00000000c0000000, 0x00000000c2b00000, 0x00000000eab00000)
  object space 44032K, 0% used [0x00000000c0000000,0x00000000c0000000,0x00000000c2b00000)
 Metaspace       used 5735K, capacity 6768K, committed 7040K, reserved 1056768K
  class space    used 571K, capacity 616K, committed 640K, reserved 1048576K
Event: 7.446 GC heap after
Heap after GC invocations=1 (full 0):
 PSYoungGen      total 18944K, used 2538K [0x00000000eab00000, 0x00000000ec000000, 0x0000000100000000)
  eden space 16384K, 0% used [0x00000000eab00000,0x00000000eab00000,0x00000000ebb00000)
  from space 2560K, 99% used [0x00000000ebb00000,0x00000000ebd7aa90,0x00000000ebd80000)
  to   space 2560K, 0% used [0x00000000ebd80000,0x00000000ebd80000,0x00000000ec000000)
 ParOldGen       total 44032K, used 1882K [0x00000000c0000000, 0x00000000c2b00000, 0x00000000eab00000)
  object space 44032K, 4% used [0x00000000c0000000,0x00000000c01d6a88,0x00000000c2b00000)
 Metaspace       used 5735K, capacity 6768K, committed 7040K, reserved 1056768K
  class space    used 571K, capacity 616K, committed 640K, reserved 1048576K
}
Event: 8.155 GC heap before
{Heap before GC invocations=2 (full 0):
 PSYoungGen      total 18944K, used 18922K [0x00000000eab00000, 0x00000000ec000000, 0x0000000100000000)
  eden space 16384K, 100% used [0x00000000eab00000,0x00000000ebb00000,0x00000000ebb00000)
  from space 2560K, 99% used [0x00000000ebb00000,0x00000000ebd7aa90,0x00000000ebd80000)
  to   space 2560K, 0% used [0x00000000ebd80000,0x00000000ebd80000,0x00000000ec000000)
 ParOldGen       total 44032K, used 1882K [0x00000000c0000000, 0x00000000c2b00000, 0x00000000eab00000)
  object space 44032K, 4% used [0x00000000c0000000,0x00000000c01d6a88,0x00000000c2b00000)
 Metaspace       used 5962K, capacity 6960K, committed 7040K, reserved 1056768K
  class space    used 571K, capacity 616K, committed 640K, reserved 1048576K

Deoptimization events (10 events):
Event: 7.454 Thread 0x0000000016dba000 Uncommon trap: reason=class_check action=maybe_recompile pc=0x00000000030538e4 method=com.android.dx.ssa.NormalSsaInsn.accept(Lcom/android/dx/ssa/SsaInsn$Visitor;)V @ 9
Event: 7.454 Thread 0x0000000016dba000 Uncommon trap: reason=class_check action=maybe_recompile pc=0x0000000002f76170 method=com.android.dx.ssa.NormalSsaInsn.accept(Lcom/android/dx/ssa/SsaInsn$Visitor;)V @ 9
Event: 7.463 Thread 0x0000000016da1000 Uncommon trap: reason=class_check action=maybe_recompile pc=0x00000000030538e4 method=com.android.dx.ssa.NormalSsaInsn.accept(Lcom/android/dx/ssa/SsaInsn$Visitor;)V @ 9
Event: 7.477 Thread 0x0000000016da1000 Uncommon trap: reason=unstable_if action=reinterpret pc=0x0000000002f700f4 method=java.util.BitSet.ensureCapacity(I)V @ 6
Event: 7.909 Thread 0x0000000016dc6000 Uncommon trap: reason=bimorphic action=maybe_recompile pc=0x0000000002f449a0 method=java.util.HashMap.getNode(ILjava/lang/Object;)Ljava/util/HashMap$Node; @ 126
Event: 7.910 Thread 0x0000000016dc6000 Uncommon trap: reason=bimorphic action=maybe_recompile pc=0x0000000002f90410 method=java.util.HashMap.getNode(ILjava/lang/Object;)Ljava/util/HashMap$Node; @ 126
Event: 7.925 Thread 0x0000000016dc6000 Uncommon trap: reason=bimorphic action=maybe_recompile pc=0x0000000002f449a0 method=java.util.HashMap.getNode(ILjava/lang/Object;)Ljava/util/HashMap$Node; @ 126
Event: 7.926 Thread 0x0000000016dc6000 Uncommon trap: reason=bimorphic action=maybe_recompile pc=0x0000000002f449a0 method=java.util.HashMap.getNode(ILjava/lang/Object;)Ljava/util/HashMap$Node; @ 126
Event: 7.926 Thread 0x0000000016dc6000 Uncommon trap: reason=bimorphic action=maybe_recompile pc=0x0000000002f90410 method=java.util.HashMap.getNode(ILjava/lang/Object;)Ljava/util/HashMap$Node; @ 126
Event: 8.130 Thread 0x0000000016dba000 Uncommon trap: reason=null_check action=make_not_entrant pc=0x00000000030449a8 method=com.android.dx.rop.type.Type.equals(Ljava/lang/Object;)Z @ 8

Internal exceptions (3 events):
Event: 0.621 Thread 0x0000000002c40800 Exception <a 'java/lang/NoSuchMethodError': Method sun.misc.Unsafe.defineClass(Ljava/lang/String;[BII)Ljava/lang/Class; name or signature does not match> (0x00000000eab07cc0) thrown at [C:\src\android\AOSP-openjdk\external\jetbrains\jdk\hotspot\src\share\vÅ¬Î˜3‚„?
Event: 0.621 Thread 0x0000000002c40800 Exception <a 'java/lang/NoSuchMethodError': Method sun.misc.Unsafe.prefetchRead(Ljava/lang/Object;J)V name or signature does not match> (0x00000000eab07fa8) thrown at [C:\src\android\AOSP-openjdk\external\jetbrains\jdk\hotspot\src\share\vm\prims\jni.cpp, lúìˆ @
Event: 8.041 Thread 0x0000000016dba000 Implicit null exception at 0x00000000030448a2 to 0x000000000304499a

Events (10 events):
Event: 7.926 Thread 0x0000000016dc6000 DEOPT PACKING pc=0x0000000002f90410 sp=0x000000001783e610
Event: 7.926 Thread 0x0000000016dc6000 DEOPT UNPACKING pc=0x0000000002d8556a sp=0x000000001783e538 mode 2
Event: 8.041 Thread 0x0000000016dba000 Uncommon trap: trap_request=0xfffffff4 fr.pc=0x00000000030449a8
Event: 8.130 Executing VM operation: ForceSafepoint
Event: 8.051 Thread 0x0000000016db9800 DEOPT PACKING pc=0x000000000300b48f sp=0x000000001763ea50
Event: 8.130 Thread 0x0000000016db9800 DEOPT UNPACKING pc=0x0000000002d875bf sp=0x000000001763e830 mode 0
Event: 8.140 Executing VM operation: ForceSafepoint done
Event: 8.140 Thread 0x0000000016dba000 DEOPT PACKING pc=0x00000000030449a8 sp=0x000000001773ea00
Event: 8.140 Thread 0x0000000016dba000 DEOPT UNPACKING pc=0x0000000002d8556a sp=0x000000001773e988 mode 2
Event: 8.155 Executing VM operation: ParallelGCFailedAllocation


Dynamic libraries:
0x00007ff766640000 - 0x00007ff766671000 	D:\Android\AndroidStudio\jre\bin\java.exe
0x00007ffb46030000 - 0x00007ffb461dd000 	C:\WINDOWS\SYSTEM32\ntdll.dll
0x00007ffb44000000 - 0x00007ffb4413e000 	C:\WINDOWS\system32\KERNEL32.DLL
0x00007ffb43330000 - 0x00007ffb43445000 	C:\WINDOWS\system32\KERNELBASE.dll
0x00007ffb43980000 - 0x00007ffb43a2a000 	C:\WINDOWS\system32\ADVAPI32.dll
0x00007ffb43e10000 - 0x00007ffb43f87000 	C:\WINDOWS\system32\USER32.dll
0x00007ffb40df0000 - 0x00007ffb4106a000 	C:\WINDOWS\WinSxS\amd64_microsoft.windows.common-controls_6595b64144ccf1df_6.0.9600.17810_none_6240b9c7ecbd0bda\COMCTL32.dll
0x00007ffb436b0000 - 0x00007ffb4375a000 	C:\WINDOWS\system32\msvcrt.dll
0x00007ffb43a30000 - 0x00007ffb43a89000 	C:\WINDOWS\SYSTEM32\sechost.dll
0x00007ffb44140000 - 0x00007ffb44280000 	C:\WINDOWS\system32\RPCRT4.dll
0x00007ffb45830000 - 0x00007ffb4597f000 	C:\WINDOWS\system32\GDI32.dll
0x00007ffb43630000 - 0x00007ffb4365e000 	C:\WINDOWS\system32\SspiCli.dll
0x00007ffb43af0000 - 0x00007ffb43b26000 	C:\WINDOWS\system32\IMM32.DLL
0x00007ffb45980000 - 0x00007ffb45ad2000 	C:\WINDOWS\system32\MSCTF.dll
0x0000000069520000 - 0x00000000695f2000 	D:\Android\AndroidStudio\jre\jre\bin\msvcr100.dll
0x0000000069600000 - 0x0000000069e34000 	D:\Android\AndroidStudio\jre\jre\bin\server\jvm.dll
0x00007ffb3a960000 - 0x00007ffb3a969000 	C:\WINDOWS\SYSTEM32\WSOCK32.dll
0x00007ffb39250000 - 0x00007ffb39272000 	C:\WINDOWS\SYSTEM32\WINMM.dll
0x00007ffb3c820000 - 0x00007ffb3c82a000 	C:\WINDOWS\SYSTEM32\VERSION.dll
0x00007ffb43e00000 - 0x00007ffb43e07000 	C:\WINDOWS\system32\PSAPI.DLL
0x00007ffb44280000 - 0x00007ffb442da000 	C:\WINDOWS\system32\WS2_32.dll
0x00007ffb39150000 - 0x00007ffb3917a000 	C:\WINDOWS\SYSTEM32\WINMMBASE.dll
0x00007ffb45820000 - 0x00007ffb45829000 	C:\WINDOWS\system32\NSI.dll
0x00007ffb43660000 - 0x00007ffb436af000 	C:\WINDOWS\SYSTEM32\cfgmgr32.dll
0x00007ffb41f70000 - 0x00007ffb41f98000 	C:\WINDOWS\SYSTEM32\DEVOBJ.dll
0x00007ffb3f0a0000 - 0x00007ffb3f0af000 	D:\Android\AndroidStudio\jre\jre\bin\verify.dll
0x00007ffb3bae0000 - 0x00007ffb3bb09000 	D:\Android\AndroidStudio\jre\jre\bin\java.dll
0x00007ffb3ec30000 - 0x00007ffb3ec46000 	D:\Android\AndroidStudio\jre\jre\bin\zip.dll
0x00007ffb442e0000 - 0x00007ffb45808000 	C:\WINDOWS\system32\SHELL32.dll
0x00007ffb43760000 - 0x00007ffb43971000 	C:\WINDOWS\SYSTEM32\combase.dll
0x00007ffb43a90000 - 0x00007ffb43ae4000 	C:\WINDOWS\system32\SHLWAPI.dll
0x00007ffb41790000 - 0x00007ffb41842000 	C:\WINDOWS\SYSTEM32\SHCORE.dll
0x00007ffb43150000 - 0x00007ffb43165000 	C:\WINDOWS\SYSTEM32\profapi.dll

VM Arguments:
jvm_args: -Djava.awt.headless=true -Xmx1024M -Dfile.encoding=windows-1252 -Duser.country=US -Duser.language=en -Duser.variant 
java_command: com.android.dx.command.Main --dex --force-jumbo --num-threads=4 --multi-dex --output D:\Mozilla Downloads\and-nd-firebase-1.00-starting-point\app\build\intermediates\transforms\dex\debug\folders\1000\10\okio-1.6.0_e50ce9237711f875fc04dd070d22e304a2b5ca89 D:\Android\.gradle\caches\modules-2\files-2.1\com.squareup.okio\okio\1.6.0\98476622f10715998eacf9240d6b479f12c66143\okio-1.6.0.jar
java_class_path (initial): D:\Android\sdk\build-tools\24.0.1\lib\dx.jar
Launcher Type: SUN_STANDARD

Environment Variables:
PATH=C:\ProgramData\Oracle\Java\javapath;C:\Program Files (x86)\Intel\iCLS Client\;C:\Program Files\Intel\iCLS Client\;C:\WINDOWS\system32;C:\WINDOWS;C:\WINDOWS\System32\Wbem;C:\WINDOWS\System32\WindowsPowerShell\v1.0\;C:\Program Files\Intel\Intel(R) Management Engine Components\DAL;C:\Program Files (x86)\Intel\Intel(R) Management Engine Components\DAL;C:\Program Files\Intel\Intel(R) Management Engine Components\IPT;C:\Program Files (x86)\Intel\Intel(R) Management Engine Components\IPT;C:\Program Files\Microsoft SQL Server\110\Tools\Binn\
USERNAME=Hamid-PC
OS=Windows_NT
PROCESSOR_IDENTIFIER=Intel64 Family 6 Model 61 Stepping 4, GenuineIntel



---------------  S Y S T E M  ---------------

OS: Windows 8.1 , 64 bit Build 9600 (6.3.9600.17415)

CPU:total 4 (2 cores per cpu, 2 threads per core) family 6 model 61 stepping 4, cmov, cx8, fxsr, mmx, sse, sse2, sse3, ssse3, sse4.1, sse4.2, popcnt, avx, avx2, aes, clmul, erms, 3dnowpref, lzcnt, ht, tsc, tscinvbit, bmi1, bmi2, adx

Memory: 4k page, physical 4107980k(255144k free), swap 5209432k(5188k free)

vm_info: OpenJDK 64-Bit Server VM (25.76-b03) for windows-amd64 JRE (1.8.0_76-release-b03), built on Jun 29 2016 19:09:20 by "ralucas" with MS VC++ 10.0 (VS2010)

time: Thu Dec 22 18:24:01 2016
elapsed time: 8 seconds (0d 0h 0m 8s)

