#
# There is insufficient memory for the Java Runtime Environment to continue.
# Native memory allocation (malloc) failed to allocate 621296 bytes for Chunk::new
# Possible reasons:
#   The system is out of physical RAM or swap space
#   In 32 bit mode, the process size limit was hit
# Possible solutions:
#   Reduce memory load on the system
#   Increase physical memory or swap space
#   Check if swap backing store is full
#   Use 64 bit Java on a 64 bit OS
#   Decrease Java heap size (-Xmx/-Xms)
#   Decrease number of Java threads
#   Decrease Java thread stack sizes (-Xss)
#   Set larger code cache with -XX:ReservedCodeCacheSize=
# This output file may be truncated or incomplete.
#
#  Out of Memory Error (allocation.cpp:390), pid=3232, tid=0x00000000000013bc
#
# JRE version: OpenJDK Runtime Environment (8.0_76-b03) (build 1.8.0_76-release-b03)
# Java VM: OpenJDK 64-Bit Server VM (25.76-b03 mixed mode windows-amd64 compressed oops)
# Failed to write core dump. Minidumps are not enabled by default on client versions of Windows
#

---------------  T H R E A D  ---------------

Current thread (0x000000001542a800):  JavaThread "C2 CompilerThread0" daemon [_thread_in_native, id=5052, stack(0x0000000016a80000,0x0000000016b80000)]

Stack: [0x0000000016a80000,0x0000000016b80000]
[error occurred during error reporting (printing stack bounds), id 0xc0000005]

Native frames: (J=compiled Java code, j=interpreted, Vv=VM code, C=native code)


Current CompileTask:
C2:  41162 1168   !   4       com.android.dx.cf.code.Ropper::processBlock (1101 bytes)


---------------  P R O C E S S  ---------------

Java Threads: ( => current thread )
  0x0000000017002800 JavaThread "pool-2-thread-4" [_thread_in_Java, id=5800, stack(0x0000000017780000,0x0000000017880000)]
  0x0000000016e1b000 JavaThread "pool-2-thread-3" [_thread_in_Java, id=3696, stack(0x0000000017680000,0x0000000017780000)]
  0x0000000016edd000 JavaThread "pool-2-thread-2" [_thread_blocked, id=4604, stack(0x0000000017580000,0x0000000017680000)]
  0x0000000016e33000 JavaThread "pool-3-thread-1" [_thread_blocked, id=2168, stack(0x0000000017480000,0x0000000017580000)]
  0x0000000016e30000 JavaThread "pool-2-thread-1" [_thread_blocked, id=1740, stack(0x0000000017380000,0x0000000017480000)]
  0x000000001548e800 JavaThread "Service Thread" daemon [_thread_blocked, id=252, stack(0x0000000017180000,0x0000000017280000)]
  0x0000000015487000 JavaThread "C1 CompilerThread2" daemon [_thread_blocked, id=4920, stack(0x0000000016c80000,0x0000000016d80000)]
  0x0000000015484000 JavaThread "C2 CompilerThread1" daemon [_thread_in_native, id=2036, stack(0x0000000016b80000,0x0000000016c80000)]
=>0x000000001542a800 JavaThread "C2 CompilerThread0" daemon [_thread_in_native, id=5052, stack(0x0000000016a80000,0x0000000016b80000)]
  0x0000000015429000 JavaThread "Attach Listener" daemon [_thread_blocked, id=1612, stack(0x0000000016980000,0x0000000016a80000)]
  0x0000000015428000 JavaThread "Signal Dispatcher" daemon [_thread_blocked, id=3860, stack(0x0000000016880000,0x0000000016980000)]
  0x0000000015418000 JavaThread "Finalizer" daemon [_thread_blocked, id=4328, stack(0x00000000166a0000,0x00000000167a0000)]
  0x0000000002d4f000 JavaThread "Reference Handler" daemon [_thread_blocked, id=1456, stack(0x00000000165a0000,0x00000000166a0000)]
  0x0000000002c60800 JavaThread "main" [_thread_blocked, id=5144, stack(0x0000000002b60000,0x0000000002c60000)]

Other Threads:
  0x00000000153f5800 VMThread [stack: 0x00000000164a0000,0x00000000165a0000] [id=4760]
  0x0000000016d8c000 WatcherThread [stack: 0x0000000017280000,0x0000000017380000] [id=1444]

VM state:not at safepoint (normal execution)

VM Mutex/Monitor currently owned by a thread: None

Heap:
 PSYoungGen      total 35328K, used 7996K [0x00000000eab00000, 0x00000000ed000000, 0x0000000100000000)
  eden space 32768K, 16% used [0x00000000eab00000,0x00000000eb056368,0x00000000ecb00000)
  from space 2560K, 98% used [0x00000000ecd80000,0x00000000ecff8fe8,0x00000000ed000000)
  to   space 2560K, 0% used [0x00000000ecb00000,0x00000000ecb00000,0x00000000ecd80000)
 ParOldGen       total 44032K, used 7927K [0x00000000c0000000, 0x00000000c2b00000, 0x00000000eab00000)
  object space 44032K, 18% used [0x00000000c0000000,0x00000000c07bdd08,0x00000000c2b00000)
 Metaspace       used 5698K, capacity 6832K, committed 7040K, reserved 1056768K
  class space    used 552K, capacity 616K, committed 640K, reserved 1048576K

Card table byte_map: [0x0000000012120000,0x0000000012330000] byte_map_base: 0x0000000011b20000

Marking Bits: (ParMarkBitMap*) 0x0000000050ed9d00
 Begin Bits: [0x0000000012890000, 0x0000000013890000)
 End Bits:   [0x0000000013890000, 0x0000000014890000)

Polling page: 0x0000000001320000

CodeCache: size=245760Kb used=4914Kb max_used=4920Kb free=240845Kb
 bounds [0x0000000002d60000, 0x0000000003240000, 0x0000000011d60000]
 total_blobs=1447 nmethods=1186 adapters=175
 compilation: enabled

Compilation events (10 events):
Event: 40.558 Thread 0x0000000015484000 1170   !   4       com.android.dx.cf.code.RopperMachine::run (1550 bytes)
Event: 40.558 Thread 0x0000000015487000 nmethod 1187 0x0000000003221850 code [0x00000000032219c0, 0x0000000003221bc8]
Event: 40.558 Thread 0x0000000015487000 1188       3       java.util.TreeMap$PrivateEntryIterator::nextEntry (54 bytes)
Event: 40.559 Thread 0x0000000015487000 nmethod 1188 0x0000000003221190 code [0x0000000003221320, 0x00000000032216a8]
Event: 40.559 Thread 0x0000000015487000 1189       3       com.android.dx.cf.code.OneLocalsArray::makeInitialized (55 bytes)
Event: 40.561 Thread 0x0000000015487000 nmethod 1189 0x0000000003220610 code [0x00000000032207c0, 0x0000000003220e78]
Event: 40.771 Thread 0x0000000015487000 1193       3       com.android.dx.ssa.SsaBasicBlock::replaceSuccessor (125 bytes)
Event: 40.775 Thread 0x0000000015487000 nmethod 1193 0x000000000321eb90 code [0x000000000321ee20, 0x000000000321fc98]
Event: 40.775 Thread 0x0000000015487000 1194       3       com.android.dx.dex.code.RopTranslator$TranslationVisitor::visitThrowingInsn (118 bytes)
Event: 40.780 Thread 0x0000000015487000 nmethod 1194 0x000000000321c150 code [0x000000000321c460, 0x000000000321dd68]

GC Heap History (4 events):
Event: 38.669 GC heap before
{Heap before GC invocations=1 (full 0):
 PSYoungGen      total 18944K, used 16384K [0x00000000eab00000, 0x00000000ec000000, 0x0000000100000000)
  eden space 16384K, 100% used [0x00000000eab00000,0x00000000ebb00000,0x00000000ebb00000)
  from space 2560K, 0% used [0x00000000ebd80000,0x00000000ebd80000,0x00000000ec000000)
  to   space 2560K, 0% used [0x00000000ebb00000,0x00000000ebb00000,0x00000000ebd80000)
 ParOldGen       total 44032K, used 0K [0x00000000c0000000, 0x00000000c2b00000, 0x00000000eab00000)
  object space 44032K, 0% used [0x00000000c0000000,0x00000000c0000000,0x00000000c2b00000)
 Metaspace       used 5617K, capacity 6768K, committed 7040K, reserved 1056768K
  class space    used 550K, capacity 616K, committed 640K, reserved 1048576K
Event: 39.126 GC heap after
Heap after GC invocations=1 (full 0):
 PSYoungGen      total 18944K, used 2528K [0x00000000eab00000, 0x00000000ed000000, 0x0000000100000000)
  eden space 16384K, 0% used [0x00000000eab00000,0x00000000eab00000,0x00000000ebb00000)
  from space 2560K, 98% used [0x00000000ebb00000,0x00000000ebd78020,0x00000000ebd80000)
  to   space 2560K, 0% used [0x00000000ecd80000,0x00000000ecd80000,0x00000000ed000000)
 ParOldGen       total 44032K, used 2270K [0x00000000c0000000, 0x00000000c2b00000, 0x00000000eab00000)
  object space 44032K, 5% used [0x00000000c0000000,0x00000000c0237a48,0x00000000c2b00000)
 Metaspace       used 5617K, capacity 6768K, committed 7040K, reserved 1056768K
  class space    used 550K, capacity 616K, committed 640K, reserved 1048576K
}
Event: 40.787 GC heap before
{Heap before GC invocations=2 (full 0):
 PSYoungGen      total 18944K, used 18912K [0x00000000eab00000, 0x00000000ed000000, 0x0000000100000000)
  eden space 16384K, 100% used [0x00000000eab00000,0x00000000ebb00000,0x00000000ebb00000)
  from space 2560K, 98% used [0x00000000ebb00000,0x00000000ebd78020,0x00000000ebd80000)
  to   space 2560K, 0% used [0x00000000ecd80000,0x00000000ecd80000,0x00000000ed000000)
 ParOldGen       total 44032K, used 2270K [0x00000000c0000000, 0x00000000c2b00000, 0x00000000eab00000)
  object space 44032K, 5% used [0x00000000c0000000,0x00000000c0237a48,0x00000000c2b00000)
 Metaspace       used 5697K, capacity 6832K, committed 7040K, reserved 1056768K
  class space    used 552K, capacity 616K, committed 640K, reserved 1048576K
Event: 40.970 GC heap after
Heap after GC invocations=2 (full 0):
 PSYoungGen      total 35328K, used 2531K [0x00000000eab00000, 0x00000000ed000000, 0x0000000100000000)
  eden space 32768K, 0% used [0x00000000eab00000,0x00000000eab00000,0x00000000ecb00000)
  from space 2560K, 98% used [0x00000000ecd80000,0x00000000ecff8fe8,0x00000000ed000000)
  to   space 2560K, 0% used [0x00000000ecb00000,0x00000000ecb00000,0x00000000ecd80000)
 ParOldGen       total 44032K, used 7927K [0x00000000c0000000, 0x00000000c2b00000, 0x00000000eab00000)
  object space 44032K, 18% used [0x00000000c0000000,0x00000000c07bdd08,0x00000000c2b00000)
 Metaspace       used 5697K, capacity 6832K, committed 7040K, reserved 1056768K
  class space    used 552K, capacity 616K, committed 640K, reserved 1048576K
}

Deoptimization events (10 events):
Event: 36.635 Thread 0x0000000017002800 Uncommon trap: reason=unstable_if action=reinterpret pc=0x000000000301218c method=java.util.HashMap.getNode(ILjava/lang/Object;)Ljava/util/HashMap$Node; @ 129
Event: 37.030 Thread 0x0000000016edd000 Uncommon trap: reason=unstable_if action=reinterpret pc=0x00000000030ed584 method=com.android.dx.rop.code.RegisterSpec.equals(ILcom/android/dx/rop/type/TypeBearer;Lcom/android/dx/rop/code/LocalItem;)Z @ 16
Event: 37.030 Thread 0x0000000016edd000 Uncommon trap: reason=unstable_if action=reinterpret pc=0x00000000030b2a24 method=com.android.dx.rop.code.RegisterSpec.equals(ILcom/android/dx/rop/type/TypeBearer;Lcom/android/dx/rop/code/LocalItem;)Z @ 16
Event: 39.139 Thread 0x0000000017002800 Uncommon trap: reason=class_check action=maybe_recompile pc=0x0000000003177280 method=com.android.dx.cf.code.BytecodeArray.parseInstruction(ILcom/android/dx/cf/code/BytecodeArray$Visitor;)I @ 1130
Event: 39.139 Thread 0x0000000017002800 Uncommon trap: reason=class_check action=maybe_recompile pc=0x0000000003177280 method=com.android.dx.cf.code.BytecodeArray.parseInstruction(ILcom/android/dx/cf/code/BytecodeArray$Visitor;)I @ 1130
Event: 39.149 Thread 0x0000000017002800 Uncommon trap: reason=class_check action=maybe_recompile pc=0x0000000003177280 method=com.android.dx.cf.code.BytecodeArray.parseInstruction(ILcom/android/dx/cf/code/BytecodeArray$Visitor;)I @ 1130
Event: 39.151 Thread 0x0000000017002800 Uncommon trap: reason=class_check action=maybe_recompile pc=0x0000000003177280 method=com.android.dx.cf.code.BytecodeArray.parseInstruction(ILcom/android/dx/cf/code/BytecodeArray$Visitor;)I @ 1130
Event: 39.488 Thread 0x0000000016e1b000 Uncommon trap: reason=unstable_if action=reinterpret pc=0x00000000031b4320 method=com.android.dx.util.IntList.binarysearch(I)I @ 26
Event: 39.804 Thread 0x0000000002c60800 Uncommon trap: reason=class_check action=maybe_recompile pc=0x00000000031ed4b0 method=com.android.dx.cf.code.BytecodeArray.parseInstruction(ILcom/android/dx/cf/code/BytecodeArray$Visitor;)I @ 1287
Event: 39.805 Thread 0x0000000002c60800 Uncommon trap: reason=class_check action=maybe_recompile pc=0x00000000031ed4b0 method=com.android.dx.cf.code.BytecodeArray.parseInstruction(ILcom/android/dx/cf/code/BytecodeArray$Visitor;)I @ 1287

Internal exceptions (2 events):
Event: 2.782 Thread 0x0000000002c60800 Exception <a 'java/lang/NoSuchMethodError': Method sun.misc.Unsafe.defineClass(Ljava/lang/String;[BII)Ljava/lang/Class; name or signature does not match> (0x00000000eab07cc0) thrown at [C:\src\android\AOSP-openjdk\external\jetbrains\jdk\hotspot\src\share\vóç¨ùîB@
Event: 2.783 Thread 0x0000000002c60800 Exception <a 'java/lang/NoSuchMethodError': Method sun.misc.Unsafe.prefetchRead(Ljava/lang/Object;J)V name or signature does not match> (0x00000000eab07fa8) thrown at [C:\src\android\AOSP-openjdk\external\jetbrains\jdk\hotspot\src\share\vm\prims\jni.cpp, l

Events (10 events):
Event: 39.804 Thread 0x0000000002c60800 DEOPT UNPACKING pc=0x0000000002da556a sp=0x0000000002c5d9d0 mode 2
Event: 39.805 Thread 0x0000000002c60800 Uncommon trap: trap_request=0xffffffde fr.pc=0x00000000031ed4b0
Event: 39.805 Thread 0x0000000002c60800 DEOPT PACKING pc=0x00000000031ed4b0 sp=0x0000000002c5da70
Event: 39.805 Thread 0x0000000002c60800 DEOPT UNPACKING pc=0x0000000002da556a sp=0x0000000002c5d9d0 mode 2
Event: 40.553 loading class java/util/HashMap$KeySet
Event: 40.554 loading class java/util/HashMap$KeySet done
Event: 40.554 loading class java/util/HashMap$KeyIterator
Event: 40.554 loading class java/util/HashMap$KeyIterator done
Event: 40.786 Executing VM operation: ParallelGCFailedAllocation
Event: 40.970 Executing VM operation: ParallelGCFailedAllocation done


Dynamic libraries:
0x00007ff647d40000 - 0x00007ff647d71000 	D:\Android\AndroidStudio\jre\bin\java.exe
0x00007ffea56e0000 - 0x00007ffea588d000 	C:\WINDOWS\SYSTEM32\ntdll.dll
0x00007ffea52d0000 - 0x00007ffea540e000 	C:\WINDOWS\system32\KERNEL32.DLL
0x00007ffea28d0000 - 0x00007ffea29e5000 	C:\WINDOWS\system32\KERNELBASE.dll
0x00007ffea3210000 - 0x00007ffea32ba000 	C:\WINDOWS\system32\ADVAPI32.dll
0x00007ffea3030000 - 0x00007ffea31a7000 	C:\WINDOWS\system32\USER32.dll
0x00007ffea05a0000 - 0x00007ffea081a000 	C:\WINDOWS\WinSxS\amd64_microsoft.windows.common-controls_6595b64144ccf1df_6.0.9600.17810_none_6240b9c7ecbd0bda\COMCTL32.dll
0x00007ffea5630000 - 0x00007ffea56da000 	C:\WINDOWS\system32\msvcrt.dll
0x00007ffea31b0000 - 0x00007ffea3209000 	C:\WINDOWS\SYSTEM32\sechost.dll
0x00007ffea2e20000 - 0x00007ffea2f60000 	C:\WINDOWS\system32\RPCRT4.dll
0x00007ffea4f60000 - 0x00007ffea50af000 	C:\WINDOWS\system32\GDI32.dll
0x00007ffea2ce0000 - 0x00007ffea2d0e000 	C:\WINDOWS\system32\SspiCli.dll
0x00007ffea3390000 - 0x00007ffea33c6000 	C:\WINDOWS\system32\IMM32.DLL
0x00007ffea33d0000 - 0x00007ffea3522000 	C:\WINDOWS\system32\MSCTF.dll
0x0000000050530000 - 0x0000000050602000 	D:\Android\AndroidStudio\jre\jre\bin\msvcr100.dll
0x0000000050720000 - 0x0000000050f54000 	D:\Android\AndroidStudio\jre\jre\bin\server\jvm.dll
0x00007ffe98c80000 - 0x00007ffe98c89000 	C:\WINDOWS\SYSTEM32\WSOCK32.dll
0x00007ffe92e90000 - 0x00007ffe92eb2000 	C:\WINDOWS\SYSTEM32\WINMM.dll
0x00007ffe9b960000 - 0x00007ffe9b96a000 	C:\WINDOWS\SYSTEM32\VERSION.dll
0x00007ffea3770000 - 0x00007ffea3777000 	C:\WINDOWS\system32\PSAPI.DLL
0x00007ffea3530000 - 0x00007ffea358a000 	C:\WINDOWS\system32\WS2_32.dll
0x00007ffe92df0000 - 0x00007ffe92e1a000 	C:\WINDOWS\SYSTEM32\WINMMBASE.dll
0x00007ffea3590000 - 0x00007ffea3599000 	C:\WINDOWS\system32\NSI.dll
0x00007ffea2d10000 - 0x00007ffea2d5f000 	C:\WINDOWS\SYSTEM32\cfgmgr32.dll
0x00007ffea1630000 - 0x00007ffea1658000 	C:\WINDOWS\SYSTEM32\DEVOBJ.dll
0x00007ffe9ec20000 - 0x00007ffe9ec2f000 	D:\Android\AndroidStudio\jre\jre\bin\verify.dll
0x00007ffe8d680000 - 0x00007ffe8d6a9000 	D:\Android\AndroidStudio\jre\jre\bin\java.dll
0x00007ffe94de0000 - 0x00007ffe94df6000 	D:\Android\AndroidStudio\jre\jre\bin\zip.dll
0x00007ffea3a30000 - 0x00007ffea4f58000 	C:\WINDOWS\system32\SHELL32.dll
0x00007ffea50b0000 - 0x00007ffea52c1000 	C:\WINDOWS\SYSTEM32\combase.dll
0x00007ffea2f60000 - 0x00007ffea2fb4000 	C:\WINDOWS\system32\SHLWAPI.dll
0x00007ffea0eb0000 - 0x00007ffea0f62000 	C:\WINDOWS\SYSTEM32\SHCORE.dll
0x00007ffea2800000 - 0x00007ffea2815000 	C:\WINDOWS\SYSTEM32\profapi.dll

VM Arguments:
jvm_args: -Djava.awt.headless=true -Xmx1024M -Dfile.encoding=windows-1252 -Duser.country=US -Duser.language=en -Duser.variant 
java_command: com.android.dx.command.Main --dex --force-jumbo --num-threads=4 --multi-dex --output D:\Mozilla Downloads\and-nd-firebase-1.00-starting-point\app\build\intermediates\transforms\dex\debug\folders\1000\5\slice_1 D:\Mozilla Downloads\and-nd-firebase-1.00-starting-point\app\build\intermediates\transforms\instantRunSlicer\debug\folders\1\5\slice_1
java_class_path (initial): D:\Android\sdk\build-tools\24.0.1\lib\dx.jar
Launcher Type: SUN_STANDARD

Environment Variables:
PATH=C:\ProgramData\Oracle\Java\javapath;C:\Program Files (x86)\Intel\iCLS Client\;C:\Program Files\Intel\iCLS Client\;C:\WINDOWS\system32;C:\WINDOWS;C:\WINDOWS\System32\Wbem;C:\WINDOWS\System32\WindowsPowerShell\v1.0\;C:\Program Files\Intel\Intel(R) Management Engine Components\DAL;C:\Program Files (x86)\Intel\Intel(R) Management Engine Components\DAL;C:\Program Files\Intel\Intel(R) Management Engine Components\IPT;C:\Program Files (x86)\Intel\Intel(R) Management Engine Components\IPT;C:\Program Files (x86)\Skype\Phone\
USERNAME=Hamid-PC
OS=Windows_NT
PROCESSOR_IDENTIFIER=Intel64 Family 6 Model 61 Stepping 4, GenuineIntel



---------------  S Y S T E M  ---------------

OS: Windows 8.1 , 64 bit Build 9600 (6.3.9600.17415)

CPU:total 4 (2 cores per cpu, 2 threads per core) family 6 model 61 stepping 4, cmov, cx8, fxsr, mmx, sse, sse2, sse3, ssse3, sse4.1, sse4.2, popcnt, avx, avx2, aes, clmul, erms, 3dnowpref, lzcnt, ht, tsc, tscinvbit, bmi1, bmi2, adx

Memory: 4k page, physical 4107980k(110576k free), swap 6650136k(5276k free)

vm_info: OpenJDK 64-Bit Server VM (25.76-b03) for windows-amd64 JRE (1.8.0_76-release-b03), built on Jun 29 2016 19:09:20 by "ralucas" with MS VC++ 10.0 (VS2010)

time: Thu Dec 15 23:36:46 2016
elapsed time: 41 seconds (0d 0h 0m 41s)

