#
# There is insufficient memory for the Java Runtime Environment to continue.
# Native memory allocation (malloc) failed to allocate 32744 bytes for ChunkPool::allocate
# Possible reasons:
#   The system is out of physical RAM or swap space
#   In 32 bit mode, the process size limit was hit
# Possible solutions:
#   Reduce memory load on the system
#   Increase physical memory or swap space
#   Check if swap backing store is full
#   Use 64 bit Java on a 64 bit OS
#   Decrease Java heap size (-Xmx/-Xms)
#   Decrease number of Java threads
#   Decrease Java thread stack sizes (-Xss)
#   Set larger code cache with -XX:ReservedCodeCacheSize=
# This output file may be truncated or incomplete.
#
#  Out of Memory Error (allocation.cpp:273), pid=4024, tid=0x0000000000001338
#
# JRE version: OpenJDK Runtime Environment (8.0_76-b03) (build 1.8.0_76-release-b03)
# Java VM: OpenJDK 64-Bit Server VM (25.76-b03 mixed mode windows-amd64 compressed oops)
# Failed to write core dump. Minidumps are not enabled by default on client versions of Windows
#

---------------  T H R E A D  ---------------

Current thread (0x000000001469f000):  JavaThread "C2 CompilerThread1" daemon [_thread_in_native, id=4920, stack(0x0000000015dd0000,0x0000000015ed0000)]

Stack: [0x0000000015dd0000,0x0000000015ed0000]
[error occurred during error reporting (printing stack bounds), id 0xc0000005]

Native frames: (J=compiled Java code, j=interpreted, Vv=VM code, C=native code)


Current CompileTask:
C2:   7659  703       4       com.android.dx.ssa.SsaBasicBlock::forEachInsn (37 bytes)


---------------  P R O C E S S  ---------------

Java Threads: ( => current thread )
  0x0000000016139000 JavaThread "pool-2-thread-4" [_thread_in_Java, id=4884, stack(0x00000000169d0000,0x0000000016ad0000)]
  0x0000000016131800 JavaThread "pool-2-thread-3" [_thread_in_vm, id=1016, stack(0x00000000168d0000,0x00000000169d0000)]
  0x0000000016120800 JavaThread "pool-2-thread-2" [_thread_in_Java, id=5852, stack(0x00000000167d0000,0x00000000168d0000)]
  0x0000000016130000 JavaThread "pool-3-thread-1" [_thread_blocked, id=4372, stack(0x00000000166d0000,0x00000000167d0000)]
  0x000000001612d800 JavaThread "pool-2-thread-1" [_thread_in_Java, id=2688, stack(0x00000000165d0000,0x00000000166d0000)]
  0x00000000146fb800 JavaThread "Service Thread" daemon [_thread_blocked, id=4596, stack(0x00000000163d0000,0x00000000164d0000)]
  0x00000000146f7000 JavaThread "C1 CompilerThread2" daemon [_thread_in_native, id=1232, stack(0x0000000015ed0000,0x0000000015fd0000)]
=>0x000000001469f000 JavaThread "C2 CompilerThread1" daemon [_thread_in_native, id=4920, stack(0x0000000015dd0000,0x0000000015ed0000)]
  0x000000001469a800 JavaThread "C2 CompilerThread0" daemon [_thread_in_native, id=2188, stack(0x0000000015cd0000,0x0000000015dd0000)]
  0x0000000014699000 JavaThread "Attach Listener" daemon [_thread_blocked, id=3888, stack(0x0000000015bd0000,0x0000000015cd0000)]
  0x0000000014698000 JavaThread "Signal Dispatcher" daemon [_thread_blocked, id=3808, stack(0x0000000015ad0000,0x0000000015bd0000)]
  0x0000000014688000 JavaThread "Finalizer" daemon [_thread_blocked, id=6104, stack(0x00000000158f0000,0x00000000159f0000)]
  0x0000000001fbf000 JavaThread "Reference Handler" daemon [_thread_blocked, id=5688, stack(0x00000000157f0000,0x00000000158f0000)]
  0x0000000001ed0800 JavaThread "main" [_thread_in_vm, id=3728, stack(0x0000000001dd0000,0x0000000001ed0000)]

Other Threads:
  0x0000000014665000 VMThread [stack: 0x00000000156f0000,0x00000000157f0000] [id=2988]
  0x00000000146fc800 WatcherThread [stack: 0x00000000164d0000,0x00000000165d0000] [id=616]

VM state:not at safepoint (normal execution)

VM Mutex/Monitor currently owned by a thread: None

Heap:
 PSYoungGen      total 18944K, used 12828K [0x00000000eab00000, 0x00000000ec000000, 0x0000000100000000)
  eden space 16384K, 78% used [0x00000000eab00000,0x00000000eb787000,0x00000000ebb00000)
  from space 2560K, 0% used [0x00000000ebd80000,0x00000000ebd80000,0x00000000ec000000)
  to   space 2560K, 0% used [0x00000000ebb00000,0x00000000ebb00000,0x00000000ebd80000)
 ParOldGen       total 44032K, used 0K [0x00000000c0000000, 0x00000000c2b00000, 0x00000000eab00000)
  object space 44032K, 0% used [0x00000000c0000000,0x00000000c0000000,0x00000000c2b00000)
 Metaspace       used 5604K, capacity 6640K, committed 6784K, reserved 1056768K
  class space    used 568K, capacity 616K, committed 640K, reserved 1048576K

Card table byte_map: [0x0000000011390000,0x00000000115a0000] byte_map_base: 0x0000000010d90000

Marking Bits: (ParMarkBitMap*) 0x0000000069db9d00
 Begin Bits: [0x0000000011b00000, 0x0000000012b00000)
 End Bits:   [0x0000000012b00000, 0x0000000013b00000)

Polling page: 0x0000000000480000

CodeCache: size=245760Kb used=2880Kb max_used=2880Kb free=242879Kb
 bounds [0x0000000001fd0000, 0x00000000022b0000, 0x0000000010fd0000]
 total_blobs=1007 nmethods=739 adapters=182
 compilation: enabled

Compilation events (10 events):
Event: 7.629 Thread 0x00000000146f7000 nmethod 742 0x000000000229fc50 code [0x000000000229fdc0, 0x00000000022a0130]
Event: 7.630 Thread 0x00000000146f7000  743       3       com.android.dx.cf.code.Frame::setImmutable (15 bytes)
Event: 7.630 Thread 0x00000000146f7000 nmethod 743 0x00000000022a0290 code [0x00000000022a0400, 0x00000000022a0708]
Event: 7.631 Thread 0x00000000146f7000  744   !   3       com.android.dx.cf.code.BaseMachine::result (36 bytes)
Event: 7.631 Thread 0x00000000146f7000 nmethod 744 0x00000000022a0810 code [0x00000000022a09a0, 0x00000000022a0cf8]
Event: 7.632 Thread 0x00000000146f7000  745       3       com.android.dx.rop.cst.CstString::getType (4 bytes)
Event: 7.632 Thread 0x00000000146f7000 nmethod 745 0x00000000022a0ed0 code [0x00000000022a1020, 0x00000000022a1170]
Event: 7.635 Thread 0x00000000146f7000  746       3       com.android.dx.util.IntList::makeImmutable (20 bytes)
Event: 7.636 Thread 0x00000000146f7000 nmethod 746 0x00000000022a1210 code [0x00000000022a1380, 0x00000000022a16f8]
Event: 7.637 Thread 0x00000000146f7000  747   !   3       com.android.dx.cf.code.RopperMachine::run (1550 bytes)

GC Heap History (0 events):
No events

Deoptimization events (1 events):
Event: 2.843 Thread 0x0000000001ed0800 Uncommon trap: reason=unstable_if action=reinterpret pc=0x0000000002115c50 method=java.lang.String.indexOf(II)I @ 49

Internal exceptions (2 events):
Event: 0.312 Thread 0x0000000001ed0800 Exception <a 'java/lang/NoSuchMethodError': Method sun.misc.Unsafe.defineClass(Ljava/lang/String;[BII)Ljava/lang/Class; name or signature does not match> (0x00000000eab07cc0) thrown at [C:\src\android\AOSP-openjdk\external\jetbrains\jdk\hotspot\src\share\v,k/îûÓ?
Event: 0.312 Thread 0x0000000001ed0800 Exception <a 'java/lang/NoSuchMethodError': Method sun.misc.Unsafe.prefetchRead(Ljava/lang/Object;J)V name or signature does not match> (0x00000000eab07fa8) thrown at [C:\src\android\AOSP-openjdk\external\jetbrains\jdk\hotspot\src\share\vm\prims\jni.cpp, l

Events (10 events):
Event: 6.757 loading class com/android/dx/dex/file/FieldAnnotationStruct
Event: 6.757 loading class com/android/dx/dex/file/FieldAnnotationStruct done
Event: 6.947 loading class com/android/dx/dex/file/MethodAnnotationStruct
Event: 6.947 loading class com/android/dx/dex/file/MethodAnnotationStruct done
Event: 6.957 loading class com/android/dx/ssa/back/FirstFitLocalCombiningAllocator$Multiset
Event: 6.957 loading class com/android/dx/ssa/back/FirstFitLocalCombiningAllocator$Multiset done
Event: 6.964 loading class com/android/dx/cf/code/BytecodeArray$ConstantParserVisitor
Event: 6.965 loading class com/android/dx/cf/code/BytecodeArray$ConstantParserVisitor done
Event: 6.969 Executing VM operation: RevokeBias
Event: 7.359 Executing VM operation: RevokeBias done


Dynamic libraries:
0x00007ff766640000 - 0x00007ff766671000 	D:\Android\AndroidStudio\jre\bin\java.exe
0x00007ffb46030000 - 0x00007ffb461dd000 	C:\WINDOWS\SYSTEM32\ntdll.dll
0x00007ffb44000000 - 0x00007ffb4413e000 	C:\WINDOWS\system32\KERNEL32.DLL
0x00007ffb43330000 - 0x00007ffb43445000 	C:\WINDOWS\system32\KERNELBASE.dll
0x00007ffb43980000 - 0x00007ffb43a2a000 	C:\WINDOWS\system32\ADVAPI32.dll
0x00007ffb43e10000 - 0x00007ffb43f87000 	C:\WINDOWS\system32\USER32.dll
0x00007ffb40df0000 - 0x00007ffb4106a000 	C:\WINDOWS\WinSxS\amd64_microsoft.windows.common-controls_6595b64144ccf1df_6.0.9600.17810_none_6240b9c7ecbd0bda\COMCTL32.dll
0x00007ffb436b0000 - 0x00007ffb4375a000 	C:\WINDOWS\system32\msvcrt.dll
0x00007ffb43a30000 - 0x00007ffb43a89000 	C:\WINDOWS\SYSTEM32\sechost.dll
0x00007ffb44140000 - 0x00007ffb44280000 	C:\WINDOWS\system32\RPCRT4.dll
0x00007ffb45830000 - 0x00007ffb4597f000 	C:\WINDOWS\system32\GDI32.dll
0x00007ffb43630000 - 0x00007ffb4365e000 	C:\WINDOWS\system32\SspiCli.dll
0x00007ffb43af0000 - 0x00007ffb43b26000 	C:\WINDOWS\system32\IMM32.DLL
0x00007ffb45980000 - 0x00007ffb45ad2000 	C:\WINDOWS\system32\MSCTF.dll
0x0000000069520000 - 0x00000000695f2000 	D:\Android\AndroidStudio\jre\jre\bin\msvcr100.dll
0x0000000069600000 - 0x0000000069e34000 	D:\Android\AndroidStudio\jre\jre\bin\server\jvm.dll
0x00007ffb3a960000 - 0x00007ffb3a969000 	C:\WINDOWS\SYSTEM32\WSOCK32.dll
0x00007ffb39250000 - 0x00007ffb39272000 	C:\WINDOWS\SYSTEM32\WINMM.dll
0x00007ffb3c820000 - 0x00007ffb3c82a000 	C:\WINDOWS\SYSTEM32\VERSION.dll
0x00007ffb43e00000 - 0x00007ffb43e07000 	C:\WINDOWS\system32\PSAPI.DLL
0x00007ffb44280000 - 0x00007ffb442da000 	C:\WINDOWS\system32\WS2_32.dll
0x00007ffb39150000 - 0x00007ffb3917a000 	C:\WINDOWS\SYSTEM32\WINMMBASE.dll
0x00007ffb45820000 - 0x00007ffb45829000 	C:\WINDOWS\system32\NSI.dll
0x00007ffb43660000 - 0x00007ffb436af000 	C:\WINDOWS\SYSTEM32\cfgmgr32.dll
0x00007ffb41f70000 - 0x00007ffb41f98000 	C:\WINDOWS\SYSTEM32\DEVOBJ.dll
0x00007ffb3f0a0000 - 0x00007ffb3f0af000 	D:\Android\AndroidStudio\jre\jre\bin\verify.dll
0x00007ffb3bae0000 - 0x00007ffb3bb09000 	D:\Android\AndroidStudio\jre\jre\bin\java.dll
0x00007ffb3ec30000 - 0x00007ffb3ec46000 	D:\Android\AndroidStudio\jre\jre\bin\zip.dll
0x00007ffb442e0000 - 0x00007ffb45808000 	C:\WINDOWS\system32\SHELL32.dll
0x00007ffb43760000 - 0x00007ffb43971000 	C:\WINDOWS\SYSTEM32\combase.dll
0x00007ffb43a90000 - 0x00007ffb43ae4000 	C:\WINDOWS\system32\SHLWAPI.dll
0x00007ffb41790000 - 0x00007ffb41842000 	C:\WINDOWS\SYSTEM32\SHCORE.dll
0x00007ffb43150000 - 0x00007ffb43165000 	C:\WINDOWS\SYSTEM32\profapi.dll

VM Arguments:
jvm_args: -Djava.awt.headless=true -Xmx1024M -Dfile.encoding=windows-1252 -Duser.country=US -Duser.language=en -Duser.variant 
java_command: com.android.dx.command.Main --dex --force-jumbo --num-threads=4 --multi-dex --output D:\Mozilla Downloads\and-nd-firebase-1.00-starting-point\app\build\intermediates\transforms\dex\debug\folders\1000\10\instant-run_21c8de16888f8c8425cfdfb552619fb2769d1e6b D:\Mozilla Downloads\and-nd-firebase-1.00-starting-point\app\build\intermediates\incremental-runtime-classes\debug\instant-run.jar
java_class_path (initial): D:\Android\sdk\build-tools\24.0.1\lib\dx.jar
Launcher Type: SUN_STANDARD

Environment Variables:
PATH=C:\ProgramData\Oracle\Java\javapath;C:\Program Files (x86)\Intel\iCLS Client\;C:\Program Files\Intel\iCLS Client\;C:\WINDOWS\system32;C:\WINDOWS;C:\WINDOWS\System32\Wbem;C:\WINDOWS\System32\WindowsPowerShell\v1.0\;C:\Program Files\Intel\Intel(R) Management Engine Components\DAL;C:\Program Files (x86)\Intel\Intel(R) Management Engine Components\DAL;C:\Program Files\Intel\Intel(R) Management Engine Components\IPT;C:\Program Files (x86)\Intel\Intel(R) Management Engine Components\IPT;C:\Program Files\Microsoft SQL Server\110\Tools\Binn\
USERNAME=Hamid-PC
OS=Windows_NT
PROCESSOR_IDENTIFIER=Intel64 Family 6 Model 61 Stepping 4, GenuineIntel



---------------  S Y S T E M  ---------------

OS: Windows 8.1 , 64 bit Build 9600 (6.3.9600.17415)

CPU:total 4 (2 cores per cpu, 2 threads per core) family 6 model 61 stepping 4, cmov, cx8, fxsr, mmx, sse, sse2, sse3, ssse3, sse4.1, sse4.2, popcnt, avx, avx2, aes, clmul, erms, 3dnowpref, lzcnt, ht, tsc, tscinvbit, bmi1, bmi2, adx

Memory: 4k page, physical 4107980k(176964k free), swap 5209432k(5020k free)

vm_info: OpenJDK 64-Bit Server VM (25.76-b03) for windows-amd64 JRE (1.8.0_76-release-b03), built on Jun 29 2016 19:09:20 by "ralucas" with MS VC++ 10.0 (VS2010)

time: Thu Dec 22 18:33:55 2016
elapsed time: 7 seconds (0d 0h 0m 7s)

