#
# There is insufficient memory for the Java Runtime Environment to continue.
# Native memory allocation (malloc) failed to allocate 32744 bytes for ChunkPool::allocate
# Possible reasons:
#   The system is out of physical RAM or swap space
#   In 32 bit mode, the process size limit was hit
# Possible solutions:
#   Reduce memory load on the system
#   Increase physical memory or swap space
#   Check if swap backing store is full
#   Use 64 bit Java on a 64 bit OS
#   Decrease Java heap size (-Xmx/-Xms)
#   Decrease number of Java threads
#   Decrease Java thread stack sizes (-Xss)
#   Set larger code cache with -XX:ReservedCodeCacheSize=
# This output file may be truncated or incomplete.
#
#  Out of Memory Error (allocation.cpp:273), pid=2216, tid=0x0000000000001144
#
# JRE version: OpenJDK Runtime Environment (8.0_76-b03) (build 1.8.0_76-release-b03)
# Java VM: OpenJDK 64-Bit Server VM (25.76-b03 mixed mode windows-amd64 compressed oops)
# Failed to write core dump. Minidumps are not enabled by default on client versions of Windows
#

---------------  T H R E A D  ---------------

Current thread (0x000000001515b800):  JavaThread "C2 CompilerThread0" daemon [_thread_in_native, id=4420, stack(0x00000000167a0000,0x00000000168a0000)]

Stack: [0x00000000167a0000,0x00000000168a0000]
[error occurred during error reporting (printing stack bounds), id 0xc0000005]

Native frames: (J=compiled Java code, j=interpreted, Vv=VM code, C=native code)


Current CompileTask:
C2:   3150  697       4       com.android.dx.ssa.SsaBasicBlock::forEachInsn (37 bytes)


---------------  P R O C E S S  ---------------

Java Threads: ( => current thread )
  0x0000000016d49800 JavaThread "pool-2-thread-4" [_thread_in_Java, id=5032, stack(0x00000000174a0000,0x00000000175a0000)]
  0x0000000016d49000 JavaThread "pool-2-thread-3" [_thread_in_Java, id=3140, stack(0x00000000173a0000,0x00000000174a0000)]
  0x0000000016d42800 JavaThread "pool-2-thread-2" [_thread_in_vm, id=4780, stack(0x00000000172a0000,0x00000000173a0000)]
  0x0000000016d3c800 JavaThread "pool-3-thread-1" [_thread_blocked, id=1996, stack(0x00000000171a0000,0x00000000172a0000)]
  0x0000000016d3b800 JavaThread "pool-2-thread-1" [_thread_in_Java, id=32, stack(0x00000000170a0000,0x00000000171a0000)]
  0x0000000016aa2000 JavaThread "Service Thread" daemon [_thread_blocked, id=5960, stack(0x0000000016ea0000,0x0000000016fa0000)]
  0x00000000151bb800 JavaThread "C1 CompilerThread2" daemon [_thread_in_native, id=2912, stack(0x00000000169a0000,0x0000000016aa0000)]
  0x00000000151b5800 JavaThread "C2 CompilerThread1" daemon [_thread_in_native, id=4084, stack(0x00000000168a0000,0x00000000169a0000)]
=>0x000000001515b800 JavaThread "C2 CompilerThread0" daemon [_thread_in_native, id=4420, stack(0x00000000167a0000,0x00000000168a0000)]
  0x000000001515a000 JavaThread "Attach Listener" daemon [_thread_blocked, id=5212, stack(0x00000000166a0000,0x00000000167a0000)]
  0x0000000015159000 JavaThread "Signal Dispatcher" daemon [_thread_blocked, id=4032, stack(0x00000000165a0000,0x00000000166a0000)]
  0x0000000015148000 JavaThread "Finalizer" daemon [_thread_blocked, id=656, stack(0x00000000163c0000,0x00000000164c0000)]
  0x000000000299f000 JavaThread "Reference Handler" daemon [_thread_blocked, id=3224, stack(0x00000000162c0000,0x00000000163c0000)]
  0x00000000028b0800 JavaThread "main" [_thread_in_Java, id=5252, stack(0x00000000026e0000,0x00000000027e0000)]

Other Threads:
  0x0000000015125800 VMThread [stack: 0x00000000161c0000,0x00000000162c0000] [id=5900]
  0x0000000016aa2800 WatcherThread [stack: 0x0000000016fa0000,0x00000000170a0000] [id=4232]

VM state:not at safepoint (normal execution)

VM Mutex/Monitor currently owned by a thread: None

Heap:
 PSYoungGen      total 18944K, used 16015K [0x00000000eab00000, 0x00000000ec000000, 0x0000000100000000)
  eden space 16384K, 97% used [0x00000000eab00000,0x00000000ebaa3cb0,0x00000000ebb00000)
  from space 2560K, 0% used [0x00000000ebd80000,0x00000000ebd80000,0x00000000ec000000)
  to   space 2560K, 0% used [0x00000000ebb00000,0x00000000ebb00000,0x00000000ebd80000)
 ParOldGen       total 44032K, used 0K [0x00000000c0000000, 0x00000000c2b00000, 0x00000000eab00000)
  object space 44032K, 0% used [0x00000000c0000000,0x00000000c0000000,0x00000000c2b00000)
 Metaspace       used 5621K, capacity 6640K, committed 6784K, reserved 1056768K
  class space    used 571K, capacity 616K, committed 640K, reserved 1048576K

Card table byte_map: [0x0000000011e50000,0x0000000012060000] byte_map_base: 0x0000000011850000

Marking Bits: (ParMarkBitMap*) 0x0000000069db9d00
 Begin Bits: [0x00000000125c0000, 0x00000000135c0000)
 End Bits:   [0x00000000135c0000, 0x00000000145c0000)

Polling page: 0x0000000000e60000

CodeCache: size=245760Kb used=2790Kb max_used=2801Kb free=242969Kb
 bounds [0x0000000002a90000, 0x0000000002d50000, 0x0000000011a90000]
 total_blobs=942 nmethods=675 adapters=181
 compilation: enabled

Compilation events (10 events):
Event: 3.120 Thread 0x00000000151bb800  668   !   3       com.android.dx.cf.code.RopperMachine::run (1550 bytes)
Event: 3.122 Thread 0x000000001515b800  691       4       java.util.AbstractCollection::<init> (5 bytes)
Event: 3.122 Thread 0x000000001515b800 nmethod 691 0x0000000002d177d0 code [0x0000000002d17900, 0x0000000002d17958]
Event: 3.124 Thread 0x000000001515b800  693       4       java.util.ArrayList::iterator (10 bytes)
Event: 3.126 Thread 0x000000001515b800 nmethod 693 0x0000000002d4dc90 code [0x0000000002d4dde0, 0x0000000002d4dee8]
Event: 3.126 Thread 0x000000001515b800  694       4       com.android.dx.util.BitIntSet::ensureCapacity (51 bytes)
Event: 3.131 Thread 0x000000001515b800 nmethod 694 0x0000000002d47a10 code [0x0000000002d47b60, 0x0000000002d47d38]
Event: 3.131 Thread 0x000000001515b800  695       4       com.android.dx.rop.code.RegisterSpec::hashCodeOf (30 bytes)
Event: 3.133 Thread 0x000000001515b800 nmethod 695 0x0000000002d476d0 code [0x0000000002d47820, 0x0000000002d478f8]
Event: 3.133 Thread 0x000000001515b800  697       4       com.android.dx.ssa.SsaBasicBlock::forEachInsn (37 bytes)

GC Heap History (0 events):
No events

Deoptimization events (3 events):
Event: 1.123 Thread 0x00000000028b0800 Uncommon trap: reason=unstable_if action=reinterpret pc=0x0000000002bd43d0 method=java.lang.String.indexOf(II)I @ 49
Event: 2.679 Thread 0x0000000016d3b800 Uncommon trap: reason=unstable_if action=reinterpret pc=0x0000000002cbcc2c method=java.util.HashMap.getNode(ILjava/lang/Object;)Ljava/util/HashMap$Node; @ 62
Event: 3.132 Thread 0x0000000016d49800 Uncommon trap: reason=unstable_if action=reinterpret pc=0x0000000002d1846c method=java.util.HashMap.getNode(ILjava/lang/Object;)Ljava/util/HashMap$Node; @ 129

Internal exceptions (2 events):
Event: 0.195 Thread 0x00000000028b0800 Exception <a 'java/lang/NoSuchMethodError': Method sun.misc.Unsafe.defineClass(Ljava/lang/String;[BII)Ljava/lang/Class; name or signature does not match> (0x00000000eab07cc0) thrown at [C:\src\android\AOSP-openjdk\external\jetbrains\jdk\hotspot\src\share\vPvríÉ?
Event: 0.196 Thread 0x00000000028b0800 Exception <a 'java/lang/NoSuchMethodError': Method sun.misc.Unsafe.prefetchRead(Ljava/lang/Object;J)V name or signature does not match> (0x00000000eab07fa8) thrown at [C:\src\android\AOSP-openjdk\external\jetbrains\jdk\hotspot\src\share\vm\prims\jni.cpp, l

Events (10 events):
Event: 3.067 loading class com/android/dx/cf/code/Ropper$ExceptionHandlerSetup done
Event: 3.070 loading class java/util/HashMap$Values
Event: 3.070 loading class java/util/HashMap$Values done
Event: 3.070 loading class java/util/HashMap$ValueIterator
Event: 3.070 loading class java/util/HashMap$ValueIterator done
Event: 3.126 loading class com/android/dx/rop/code/LocalItem
Event: 3.126 loading class com/android/dx/rop/code/LocalItem done
Event: 3.132 Thread 0x0000000016d49800 Uncommon trap: trap_request=0xffffff65 fr.pc=0x0000000002d1846c
Event: 3.132 Thread 0x0000000016d49800 DEOPT PACKING pc=0x0000000002d1846c sp=0x000000001759ebc0
Event: 3.132 Thread 0x0000000016d49800 DEOPT UNPACKING pc=0x0000000002ad556a sp=0x000000001759eb48 mode 2


Dynamic libraries:
0x00007ff766640000 - 0x00007ff766671000 	D:\Android\AndroidStudio\jre\bin\java.exe
0x00007ffb46030000 - 0x00007ffb461dd000 	C:\WINDOWS\SYSTEM32\ntdll.dll
0x00007ffb44000000 - 0x00007ffb4413e000 	C:\WINDOWS\system32\KERNEL32.DLL
0x00007ffb43330000 - 0x00007ffb43445000 	C:\WINDOWS\system32\KERNELBASE.dll
0x00007ffb43980000 - 0x00007ffb43a2a000 	C:\WINDOWS\system32\ADVAPI32.dll
0x00007ffb43e10000 - 0x00007ffb43f87000 	C:\WINDOWS\system32\USER32.dll
0x00007ffb40df0000 - 0x00007ffb4106a000 	C:\WINDOWS\WinSxS\amd64_microsoft.windows.common-controls_6595b64144ccf1df_6.0.9600.17810_none_6240b9c7ecbd0bda\COMCTL32.dll
0x00007ffb436b0000 - 0x00007ffb4375a000 	C:\WINDOWS\system32\msvcrt.dll
0x00007ffb43a30000 - 0x00007ffb43a89000 	C:\WINDOWS\SYSTEM32\sechost.dll
0x00007ffb44140000 - 0x00007ffb44280000 	C:\WINDOWS\system32\RPCRT4.dll
0x00007ffb45830000 - 0x00007ffb4597f000 	C:\WINDOWS\system32\GDI32.dll
0x00007ffb43630000 - 0x00007ffb4365e000 	C:\WINDOWS\system32\SspiCli.dll
0x00007ffb43af0000 - 0x00007ffb43b26000 	C:\WINDOWS\system32\IMM32.DLL
0x00007ffb45980000 - 0x00007ffb45ad2000 	C:\WINDOWS\system32\MSCTF.dll
0x0000000069520000 - 0x00000000695f2000 	D:\Android\AndroidStudio\jre\jre\bin\msvcr100.dll
0x0000000069600000 - 0x0000000069e34000 	D:\Android\AndroidStudio\jre\jre\bin\server\jvm.dll
0x00007ffb3a960000 - 0x00007ffb3a969000 	C:\WINDOWS\SYSTEM32\WSOCK32.dll
0x00007ffb39250000 - 0x00007ffb39272000 	C:\WINDOWS\SYSTEM32\WINMM.dll
0x00007ffb3c820000 - 0x00007ffb3c82a000 	C:\WINDOWS\SYSTEM32\VERSION.dll
0x00007ffb43e00000 - 0x00007ffb43e07000 	C:\WINDOWS\system32\PSAPI.DLL
0x00007ffb44280000 - 0x00007ffb442da000 	C:\WINDOWS\system32\WS2_32.dll
0x00007ffb39150000 - 0x00007ffb3917a000 	C:\WINDOWS\SYSTEM32\WINMMBASE.dll
0x00007ffb45820000 - 0x00007ffb45829000 	C:\WINDOWS\system32\NSI.dll
0x00007ffb43660000 - 0x00007ffb436af000 	C:\WINDOWS\SYSTEM32\cfgmgr32.dll
0x00007ffb41f70000 - 0x00007ffb41f98000 	C:\WINDOWS\SYSTEM32\DEVOBJ.dll
0x00007ffb3f0a0000 - 0x00007ffb3f0af000 	D:\Android\AndroidStudio\jre\jre\bin\verify.dll
0x00007ffb3bae0000 - 0x00007ffb3bb09000 	D:\Android\AndroidStudio\jre\jre\bin\java.dll
0x00007ffb3ec30000 - 0x00007ffb3ec46000 	D:\Android\AndroidStudio\jre\jre\bin\zip.dll
0x00007ffb442e0000 - 0x00007ffb45808000 	C:\WINDOWS\system32\SHELL32.dll
0x00007ffb43760000 - 0x00007ffb43971000 	C:\WINDOWS\SYSTEM32\combase.dll
0x00007ffb43a90000 - 0x00007ffb43ae4000 	C:\WINDOWS\system32\SHLWAPI.dll
0x00007ffb41790000 - 0x00007ffb41842000 	C:\WINDOWS\SYSTEM32\SHCORE.dll
0x00007ffb43150000 - 0x00007ffb43165000 	C:\WINDOWS\SYSTEM32\profapi.dll

VM Arguments:
jvm_args: -Djava.awt.headless=true -Xmx1024M -Dfile.encoding=windows-1252 -Duser.country=US -Duser.language=en -Duser.variant 
java_command: com.android.dx.command.Main --dex --force-jumbo --num-threads=4 --multi-dex --output D:\Mozilla Downloads\and-nd-firebase-1.00-starting-point\app\build\intermediates\transforms\dex\debug\folders\1000\10\com.google.android.gms-play-services-base-10.0.1_7ff5fd555a5810a436c3512c13bb515b01d7e1de D:\Mozilla Downloads\and-nd-firebase-1.00-starting-point\app\build\intermediates\exploded-aar\com.google.android.gms\play-services-base\10.0.1\jars\classes.jar
java_class_path (initial): D:\Android\sdk\build-tools\24.0.1\lib\dx.jar
Launcher Type: SUN_STANDARD

Environment Variables:
PATH=C:\ProgramData\Oracle\Java\javapath;C:\Program Files (x86)\Intel\iCLS Client\;C:\Program Files\Intel\iCLS Client\;C:\WINDOWS\system32;C:\WINDOWS;C:\WINDOWS\System32\Wbem;C:\WINDOWS\System32\WindowsPowerShell\v1.0\;C:\Program Files\Intel\Intel(R) Management Engine Components\DAL;C:\Program Files (x86)\Intel\Intel(R) Management Engine Components\DAL;C:\Program Files\Intel\Intel(R) Management Engine Components\IPT;C:\Program Files (x86)\Intel\Intel(R) Management Engine Components\IPT;C:\Program Files\Microsoft SQL Server\110\Tools\Binn\
USERNAME=Hamid-PC
OS=Windows_NT
PROCESSOR_IDENTIFIER=Intel64 Family 6 Model 61 Stepping 4, GenuineIntel



---------------  S Y S T E M  ---------------

OS: Windows 8.1 , 64 bit Build 9600 (6.3.9600.17415)

CPU:total 4 (2 cores per cpu, 2 threads per core) family 6 model 61 stepping 4, cmov, cx8, fxsr, mmx, sse, sse2, sse3, ssse3, sse4.1, sse4.2, popcnt, avx, avx2, aes, clmul, erms, 3dnowpref, lzcnt, ht, tsc, tscinvbit, bmi1, bmi2, adx

Memory: 4k page, physical 4107980k(177292k free), swap 5209432k(5120k free)

vm_info: OpenJDK 64-Bit Server VM (25.76-b03) for windows-amd64 JRE (1.8.0_76-release-b03), built on Jun 29 2016 19:09:20 by "ralucas" with MS VC++ 10.0 (VS2010)

time: Thu Dec 22 18:34:27 2016
elapsed time: 3 seconds (0d 0h 0m 3s)

