#
# There is insufficient memory for the Java Runtime Environment to continue.
# Native memory allocation (malloc) failed to allocate 290256 bytes for Chunk::new
# Possible reasons:
#   The system is out of physical RAM or swap space
#   In 32 bit mode, the process size limit was hit
# Possible solutions:
#   Reduce memory load on the system
#   Increase physical memory or swap space
#   Check if swap backing store is full
#   Use 64 bit Java on a 64 bit OS
#   Decrease Java heap size (-Xmx/-Xms)
#   Decrease number of Java threads
#   Decrease Java thread stack sizes (-Xss)
#   Set larger code cache with -XX:ReservedCodeCacheSize=
# This output file may be truncated or incomplete.
#
#  Out of Memory Error (allocation.cpp:390), pid=4436, tid=0x00000000000000b4
#
# JRE version: OpenJDK Runtime Environment (8.0_76-b03) (build 1.8.0_76-release-b03)
# Java VM: OpenJDK 64-Bit Server VM (25.76-b03 mixed mode windows-amd64 compressed oops)
# Failed to write core dump. Minidumps are not enabled by default on client versions of Windows
#

---------------  T H R E A D  ---------------

Current thread (0x00000000150cb800):  JavaThread "C2 CompilerThread0" daemon [_thread_in_native, id=180, stack(0x0000000016710000,0x0000000016810000)]

Stack: [0x0000000016710000,0x0000000016810000]
[error occurred during error reporting (printing stack bounds), id 0xc0000005]

Native frames: (J=compiled Java code, j=interpreted, Vv=VM code, C=native code)


Current CompileTask:
C2:   7564  956       4       com.android.dx.ssa.back.LivenessAnalyzer::handleTailRecursion (94 bytes)


---------------  P R O C E S S  ---------------

Java Threads: ( => current thread )
  0x0000000016c80800 JavaThread "pool-2-thread-4" [_thread_in_Java, id=5324, stack(0x0000000017410000,0x0000000017510000)]
  0x0000000016c80000 JavaThread "pool-2-thread-3" [_thread_in_Java, id=3300, stack(0x0000000017310000,0x0000000017410000)]
  0x0000000016c7f000 JavaThread "pool-2-thread-2" [_thread_in_Java, id=4392, stack(0x0000000017210000,0x0000000017310000)]
  0x0000000016c51800 JavaThread "pool-3-thread-1" [_thread_blocked, id=4492, stack(0x0000000017110000,0x0000000017210000)]
  0x0000000016c4c000 JavaThread "pool-2-thread-1" [_thread_in_vm, id=5800, stack(0x0000000017010000,0x0000000017110000)]
  0x0000000016a13000 JavaThread "Service Thread" daemon [_thread_blocked, id=4920, stack(0x0000000016e10000,0x0000000016f10000)]
  0x0000000015128000 JavaThread "C1 CompilerThread2" daemon [_thread_in_vm, id=4496, stack(0x0000000016910000,0x0000000016a10000)]
  0x0000000015125800 JavaThread "C2 CompilerThread1" daemon [_thread_in_native, id=2904, stack(0x0000000016810000,0x0000000016910000)]
=>0x00000000150cb800 JavaThread "C2 CompilerThread0" daemon [_thread_in_native, id=180, stack(0x0000000016710000,0x0000000016810000)]
  0x00000000150ca000 JavaThread "Attach Listener" daemon [_thread_blocked, id=1272, stack(0x0000000016610000,0x0000000016710000)]
  0x00000000150c9000 JavaThread "Signal Dispatcher" daemon [_thread_blocked, id=5612, stack(0x0000000016510000,0x0000000016610000)]
  0x00000000150b8000 JavaThread "Finalizer" daemon [_thread_blocked, id=1316, stack(0x0000000016330000,0x0000000016430000)]
  0x00000000029ef000 JavaThread "Reference Handler" daemon [_thread_blocked, id=144, stack(0x0000000016230000,0x0000000016330000)]
  0x0000000002900800 JavaThread "main" [_thread_in_vm, id=5728, stack(0x0000000002800000,0x0000000002900000)]

Other Threads:
  0x0000000015095800 VMThread [stack: 0x0000000016130000,0x0000000016230000] [id=5976]
  0x0000000016a13800 WatcherThread [stack: 0x0000000016f10000,0x0000000017010000] [id=5184]

VM state:not at safepoint (normal execution)

VM Mutex/Monitor currently owned by a thread:  ([mutex/lock_event])
[0x000000000273e870] MethodData_lock - owner thread: 0x0000000000000000

Heap:
 PSYoungGen      total 18944K, used 10741K [0x00000000eab00000, 0x00000000ed000000, 0x0000000100000000)
  eden space 16384K, 50% used [0x00000000eab00000,0x00000000eb302b60,0x00000000ebb00000)
  from space 2560K, 99% used [0x00000000ebb00000,0x00000000ebd7aaa8,0x00000000ebd80000)
  to   space 2560K, 0% used [0x00000000ecd80000,0x00000000ecd80000,0x00000000ed000000)
 ParOldGen       total 44032K, used 1206K [0x00000000c0000000, 0x00000000c2b00000, 0x00000000eab00000)
  object space 44032K, 2% used [0x00000000c0000000,0x00000000c012d958,0x00000000c2b00000)
 Metaspace       used 5828K, capacity 6832K, committed 7040K, reserved 1056768K
  class space    used 572K, capacity 616K, committed 640K, reserved 1048576K

Card table byte_map: [0x0000000011dc0000,0x0000000011fd0000] byte_map_base: 0x00000000117c0000

Marking Bits: (ParMarkBitMap*) 0x0000000069db9d00
 Begin Bits: [0x0000000012530000, 0x0000000013530000)
 End Bits:   [0x0000000013530000, 0x0000000014530000)

Polling page: 0x0000000000df0000

CodeCache: size=245760Kb used=4169Kb max_used=4169Kb free=241590Kb
 bounds [0x0000000002a00000, 0x0000000002e20000, 0x0000000011a00000]
 total_blobs=1315 nmethods=1048 adapters=181
 compilation: enabled

Compilation events (10 events):
Event: 7.556 Thread 0x0000000015128000 1046       1       com.android.dx.cf.code.Simulator::access$000 (5 bytes)
Event: 7.556 Thread 0x0000000015125800 1052       4       java.util.ArrayList::grow (45 bytes)
Event: 7.556 Thread 0x0000000015128000 nmethod 1046 0x0000000002e12390 code [0x0000000002e124e0, 0x0000000002e125d0]
Event: 7.556 Thread 0x0000000015128000 1048       1       com.android.dx.cf.code.RopperMachine::getReturnPosition (5 bytes)
Event: 7.556 Thread 0x0000000015128000 nmethod 1048 0x0000000002e120d0 code [0x0000000002e12220, 0x0000000002e12330]
Event: 7.556 Thread 0x0000000015128000 1049       1       com.android.dx.rop.code.Rop::getSources (5 bytes)
Event: 7.556 Thread 0x0000000015128000 nmethod 1049 0x0000000002e11e10 code [0x0000000002e11f60, 0x0000000002e12070]
Event: 7.556 Thread 0x0000000015128000 1054       1       com.android.dx.rop.code.DexTranslationAdvice::getMaxOptimalRegisterCount (3 bytes)
Event: 7.557 Thread 0x0000000015128000 nmethod 1054 0x0000000002e11b50 code [0x0000000002e11ca0, 0x0000000002e11db0]
Event: 7.557 Thread 0x0000000015128000 1055       3       com.android.dx.dex.code.RopTranslator::pickOrder (400 bytes)

GC Heap History (2 events):
Event: 6.709 GC heap before
{Heap before GC invocations=1 (full 0):
 PSYoungGen      total 18944K, used 16384K [0x00000000eab00000, 0x00000000ec000000, 0x0000000100000000)
  eden space 16384K, 100% used [0x00000000eab00000,0x00000000ebb00000,0x00000000ebb00000)
  from space 2560K, 0% used [0x00000000ebd80000,0x00000000ebd80000,0x00000000ec000000)
  to   space 2560K, 0% used [0x00000000ebb00000,0x00000000ebb00000,0x00000000ebd80000)
 ParOldGen       total 44032K, used 0K [0x00000000c0000000, 0x00000000c2b00000, 0x00000000eab00000)
  object space 44032K, 0% used [0x00000000c0000000,0x00000000c0000000,0x00000000c2b00000)
 Metaspace       used 5609K, capacity 6640K, committed 6784K, reserved 1056768K
  class space    used 571K, capacity 616K, committed 640K, reserved 1048576K
Event: 7.140 GC heap after
Heap after GC invocations=1 (full 0):
 PSYoungGen      total 18944K, used 2538K [0x00000000eab00000, 0x00000000ed000000, 0x0000000100000000)
  eden space 16384K, 0% used [0x00000000eab00000,0x00000000eab00000,0x00000000ebb00000)
  from space 2560K, 99% used [0x00000000ebb00000,0x00000000ebd7aaa8,0x00000000ebd80000)
  to   space 2560K, 0% used [0x00000000ecd80000,0x00000000ecd80000,0x00000000ed000000)
 ParOldGen       total 44032K, used 1206K [0x00000000c0000000, 0x00000000c2b00000, 0x00000000eab00000)
  object space 44032K, 2% used [0x00000000c0000000,0x00000000c012d958,0x00000000c2b00000)
 Metaspace       used 5609K, capacity 6640K, committed 6784K, reserved 1056768K
  class space    used 571K, capacity 616K, committed 640K, reserved 1048576K
}

Deoptimization events (7 events):
Event: 3.236 Thread 0x0000000002900800 Uncommon trap: reason=unstable_if action=reinterpret pc=0x0000000002b4e618 method=java.lang.String.indexOf(II)I @ 49
Event: 6.020 Thread 0x0000000016c80000 Uncommon trap: reason=unstable_if action=reinterpret pc=0x0000000002c20874 method=java.util.HashMap.getNode(ILjava/lang/Object;)Ljava/util/HashMap$Node; @ 129
Event: 6.095 Thread 0x0000000016c80000 Uncommon trap: reason=unstable_if action=reinterpret pc=0x0000000002c29670 method=java.util.BitSet.nextSetBit(I)I @ 87
Event: 6.624 Thread 0x0000000016c80800 Uncommon trap: reason=unstable_if action=reinterpret pc=0x0000000002cb9734 method=java.util.BitSet.ensureCapacity(I)V @ 6
Event: 6.624 Thread 0x0000000016c80800 Uncommon trap: reason=unstable_if action=reinterpret pc=0x0000000002c7d270 method=java.util.BitSet.ensureCapacity(I)V @ 6
Event: 7.520 Thread 0x0000000016c7f000 Uncommon trap: reason=bimorphic action=maybe_recompile pc=0x0000000002c2b930 method=java.util.HashMap.getNode(ILjava/lang/Object;)Ljava/util/HashMap$Node; @ 126
Event: 7.521 Thread 0x0000000016c7f000 Uncommon trap: reason=bimorphic action=maybe_recompile pc=0x0000000002c2b930 method=java.util.HashMap.getNode(ILjava/lang/Object;)Ljava/util/HashMap$Node; @ 126

Internal exceptions (2 events):
Event: 0.382 Thread 0x0000000002900800 Exception <a 'java/lang/NoSuchMethodError': Method sun.misc.Unsafe.defineClass(Ljava/lang/String;[BII)Ljava/lang/Class; name or signature does not match> (0x00000000eab07cc0) thrown at [C:\src\android\AOSP-openjdk\external\jetbrains\jdk\hotspot\src\share\vÖ~ŠÂ%vØ?
Event: 0.382 Thread 0x0000000002900800 Exception <a 'java/lang/NoSuchMethodError': Method sun.misc.Unsafe.prefetchRead(Ljava/lang/Object;J)V name or signature does not match> (0x00000000eab07fa8) thrown at [C:\src\android\AOSP-openjdk\external\jetbrains\jdk\hotspot\src\share\vm\prims\jni.cpp, l

Events (10 events):
Event: 7.152 loading class com/android/dx/rop/code/LocalItem
Event: 7.152 loading class com/android/dx/rop/code/LocalItem done
Event: 7.222 loading class java/util/DualPivotQuicksort
Event: 7.222 loading class java/util/DualPivotQuicksort done
Event: 7.520 Thread 0x0000000016c7f000 Uncommon trap: trap_request=0xffffffc6 fr.pc=0x0000000002c2b930
Event: 7.520 Thread 0x0000000016c7f000 DEOPT PACKING pc=0x0000000002c2b930 sp=0x000000001730e860
Event: 7.520 Thread 0x0000000016c7f000 DEOPT UNPACKING pc=0x0000000002a4556a sp=0x000000001730e788 mode 2
Event: 7.521 Thread 0x0000000016c7f000 Uncommon trap: trap_request=0xffffffc6 fr.pc=0x0000000002c2b930
Event: 7.521 Thread 0x0000000016c7f000 DEOPT PACKING pc=0x0000000002c2b930 sp=0x000000001730e850
Event: 7.521 Thread 0x0000000016c7f000 DEOPT UNPACKING pc=0x0000000002a4556a sp=0x000000001730e778 mode 2


Dynamic libraries:
0x00007ff766640000 - 0x00007ff766671000 	D:\Android\AndroidStudio\jre\bin\java.exe
0x00007ffb46030000 - 0x00007ffb461dd000 	C:\WINDOWS\SYSTEM32\ntdll.dll
0x00007ffb44000000 - 0x00007ffb4413e000 	C:\WINDOWS\system32\KERNEL32.DLL
0x00007ffb43330000 - 0x00007ffb43445000 	C:\WINDOWS\system32\KERNELBASE.dll
0x00007ffb43980000 - 0x00007ffb43a2a000 	C:\WINDOWS\system32\ADVAPI32.dll
0x00007ffb43e10000 - 0x00007ffb43f87000 	C:\WINDOWS\system32\USER32.dll
0x00007ffb40df0000 - 0x00007ffb4106a000 	C:\WINDOWS\WinSxS\amd64_microsoft.windows.common-controls_6595b64144ccf1df_6.0.9600.17810_none_6240b9c7ecbd0bda\COMCTL32.dll
0x00007ffb436b0000 - 0x00007ffb4375a000 	C:\WINDOWS\system32\msvcrt.dll
0x00007ffb43a30000 - 0x00007ffb43a89000 	C:\WINDOWS\SYSTEM32\sechost.dll
0x00007ffb44140000 - 0x00007ffb44280000 	C:\WINDOWS\system32\RPCRT4.dll
0x00007ffb45830000 - 0x00007ffb4597f000 	C:\WINDOWS\system32\GDI32.dll
0x00007ffb43630000 - 0x00007ffb4365e000 	C:\WINDOWS\system32\SspiCli.dll
0x00007ffb43af0000 - 0x00007ffb43b26000 	C:\WINDOWS\system32\IMM32.DLL
0x00007ffb45980000 - 0x00007ffb45ad2000 	C:\WINDOWS\system32\MSCTF.dll
0x0000000069520000 - 0x00000000695f2000 	D:\Android\AndroidStudio\jre\jre\bin\msvcr100.dll
0x0000000069600000 - 0x0000000069e34000 	D:\Android\AndroidStudio\jre\jre\bin\server\jvm.dll
0x00007ffb3a960000 - 0x00007ffb3a969000 	C:\WINDOWS\SYSTEM32\WSOCK32.dll
0x00007ffb39250000 - 0x00007ffb39272000 	C:\WINDOWS\SYSTEM32\WINMM.dll
0x00007ffb3c820000 - 0x00007ffb3c82a000 	C:\WINDOWS\SYSTEM32\VERSION.dll
0x00007ffb43e00000 - 0x00007ffb43e07000 	C:\WINDOWS\system32\PSAPI.DLL
0x00007ffb44280000 - 0x00007ffb442da000 	C:\WINDOWS\system32\WS2_32.dll
0x00007ffb39150000 - 0x00007ffb3917a000 	C:\WINDOWS\SYSTEM32\WINMMBASE.dll
0x00007ffb45820000 - 0x00007ffb45829000 	C:\WINDOWS\system32\NSI.dll
0x00007ffb43660000 - 0x00007ffb436af000 	C:\WINDOWS\SYSTEM32\cfgmgr32.dll
0x00007ffb41f70000 - 0x00007ffb41f98000 	C:\WINDOWS\SYSTEM32\DEVOBJ.dll
0x00007ffb3f0a0000 - 0x00007ffb3f0af000 	D:\Android\AndroidStudio\jre\jre\bin\verify.dll
0x00007ffb3bae0000 - 0x00007ffb3bb09000 	D:\Android\AndroidStudio\jre\jre\bin\java.dll
0x00007ffb3ec30000 - 0x00007ffb3ec46000 	D:\Android\AndroidStudio\jre\jre\bin\zip.dll
0x00007ffb442e0000 - 0x00007ffb45808000 	C:\WINDOWS\system32\SHELL32.dll
0x00007ffb43760000 - 0x00007ffb43971000 	C:\WINDOWS\SYSTEM32\combase.dll
0x00007ffb43a90000 - 0x00007ffb43ae4000 	C:\WINDOWS\system32\SHLWAPI.dll
0x00007ffb41790000 - 0x00007ffb41842000 	C:\WINDOWS\SYSTEM32\SHCORE.dll
0x00007ffb43150000 - 0x00007ffb43165000 	C:\WINDOWS\SYSTEM32\profapi.dll

VM Arguments:
jvm_args: -Djava.awt.headless=true -Xmx1024M -Dfile.encoding=windows-1252 -Duser.country=US -Duser.language=en -Duser.variant 
java_command: com.android.dx.command.Main --dex --force-jumbo --num-threads=4 --multi-dex --output D:\Mozilla Downloads\and-nd-firebase-1.00-starting-point\app\build\intermediates\transforms\dex\debug\folders\1000\10\com.google.android.gms-play-services-basement-10.0.1_d794567ba2c46a365faa01d3c8576402352f417d D:\Mozilla Downloads\and-nd-firebase-1.00-starting-point\app\build\intermediates\exploded-aar\com.google.android.gms\play-services-basement\10.0.1\jars\classes.jar
java_class_path (initial): D:\Android\sdk\build-tools\24.0.1\lib\dx.jar
Launcher Type: SUN_STANDARD

Environment Variables:
PATH=C:\ProgramData\Oracle\Java\javapath;C:\Program Files (x86)\Intel\iCLS Client\;C:\Program Files\Intel\iCLS Client\;C:\WINDOWS\system32;C:\WINDOWS;C:\WINDOWS\System32\Wbem;C:\WINDOWS\System32\WindowsPowerShell\v1.0\;C:\Program Files\Intel\Intel(R) Management Engine Components\DAL;C:\Program Files (x86)\Intel\Intel(R) Management Engine Components\DAL;C:\Program Files\Intel\Intel(R) Management Engine Components\IPT;C:\Program Files (x86)\Intel\Intel(R) Management Engine Components\IPT;C:\Program Files\Microsoft SQL Server\110\Tools\Binn\
USERNAME=Hamid-PC
OS=Windows_NT
PROCESSOR_IDENTIFIER=Intel64 Family 6 Model 61 Stepping 4, GenuineIntel



---------------  S Y S T E M  ---------------

OS: Windows 8.1 , 64 bit Build 9600 (6.3.9600.17415)

CPU:total 4 (2 cores per cpu, 2 threads per core) family 6 model 61 stepping 4, cmov, cx8, fxsr, mmx, sse, sse2, sse3, ssse3, sse4.1, sse4.2, popcnt, avx, avx2, aes, clmul, erms, 3dnowpref, lzcnt, ht, tsc, tscinvbit, bmi1, bmi2, adx

Memory: 4k page, physical 4107980k(357384k free), swap 5209432k(7580k free)

vm_info: OpenJDK 64-Bit Server VM (25.76-b03) for windows-amd64 JRE (1.8.0_76-release-b03), built on Jun 29 2016 19:09:20 by "ralucas" with MS VC++ 10.0 (VS2010)

time: Thu Dec 22 18:56:02 2016
elapsed time: 7 seconds (0d 0h 0m 7s)

