#
# There is insufficient memory for the Java Runtime Environment to continue.
# Native memory allocation (malloc) failed to allocate 60176 bytes for Chunk::new
# Possible reasons:
#   The system is out of physical RAM or swap space
#   In 32 bit mode, the process size limit was hit
# Possible solutions:
#   Reduce memory load on the system
#   Increase physical memory or swap space
#   Check if swap backing store is full
#   Use 64 bit Java on a 64 bit OS
#   Decrease Java heap size (-Xmx/-Xms)
#   Decrease number of Java threads
#   Decrease Java thread stack sizes (-Xss)
#   Set larger code cache with -XX:ReservedCodeCacheSize=
# This output file may be truncated or incomplete.
#
#  Out of Memory Error (allocation.cpp:390), pid=3440, tid=0x0000000000001700
#
# JRE version: OpenJDK Runtime Environment (8.0_76-b03) (build 1.8.0_76-release-b03)
# Java VM: OpenJDK 64-Bit Server VM (25.76-b03 mixed mode windows-amd64 compressed oops)
# Failed to write core dump. Minidumps are not enabled by default on client versions of Windows
#

---------------  T H R E A D  ---------------

Current thread (0x000000001471a800):  JavaThread "C2 CompilerThread0" daemon [_thread_in_native, id=5888, stack(0x0000000015d60000,0x0000000015e60000)]

Stack: [0x0000000015d60000,0x0000000015e60000]
[error occurred during error reporting (printing stack bounds), id 0xc0000005]

Native frames: (J=compiled Java code, j=interpreted, Vv=VM code, C=native code)


Current CompileTask:
C2:   2909  800       4       com.android.dx.ssa.RegisterMapper::map (63 bytes)


---------------  P R O C E S S  ---------------

Java Threads: ( => current thread )
  0x0000000016418800 JavaThread "pool-2-thread-4" [_thread_blocked, id=1968, stack(0x0000000016a60000,0x0000000016b60000)]
  0x0000000016417800 JavaThread "pool-2-thread-3" [_thread_blocked, id=1584, stack(0x0000000016960000,0x0000000016a60000)]
  0x0000000016414800 JavaThread "pool-2-thread-2" [_thread_blocked, id=5368, stack(0x0000000016860000,0x0000000016960000)]
  0x000000001631c000 JavaThread "pool-3-thread-1" [_thread_blocked, id=5272, stack(0x0000000016760000,0x0000000016860000)]
  0x000000001631b800 JavaThread "pool-2-thread-1" [_thread_in_Java, id=5784, stack(0x0000000016660000,0x0000000016760000)]
  0x000000001477e800 JavaThread "Service Thread" daemon [_thread_blocked, id=4060, stack(0x0000000016460000,0x0000000016560000)]
  0x0000000014777000 JavaThread "C1 CompilerThread2" daemon [_thread_blocked, id=5004, stack(0x0000000015f60000,0x0000000016060000)]
  0x0000000014774800 JavaThread "C2 CompilerThread1" daemon [_thread_in_native, id=3788, stack(0x0000000015e60000,0x0000000015f60000)]
=>0x000000001471a800 JavaThread "C2 CompilerThread0" daemon [_thread_in_native, id=5888, stack(0x0000000015d60000,0x0000000015e60000)]
  0x0000000014719000 JavaThread "Attach Listener" daemon [_thread_blocked, id=2252, stack(0x0000000015c60000,0x0000000015d60000)]
  0x0000000014718000 JavaThread "Signal Dispatcher" daemon [_thread_blocked, id=4768, stack(0x0000000015b60000,0x0000000015c60000)]
  0x0000000014708000 JavaThread "Finalizer" daemon [_thread_blocked, id=4896, stack(0x0000000015980000,0x0000000015a80000)]
  0x000000000203f000 JavaThread "Reference Handler" daemon [_thread_blocked, id=5044, stack(0x0000000015880000,0x0000000015980000)]
  0x0000000001f50800 JavaThread "main" [_thread_in_Java, id=5732, stack(0x0000000001e50000,0x0000000001f50000)]

Other Threads:
  0x00000000146e5800 VMThread [stack: 0x0000000015780000,0x0000000015880000] [id=5080]
  0x000000001606c000 WatcherThread [stack: 0x0000000016560000,0x0000000016660000] [id=3700]

VM state:not at safepoint (normal execution)

VM Mutex/Monitor currently owned by a thread: None

Heap:
 PSYoungGen      total 18944K, used 5781K [0x00000000eab00000, 0x00000000ec000000, 0x0000000100000000)
  eden space 16384K, 19% used [0x00000000eab00000,0x00000000eae2a5c0,0x00000000ebb00000)
  from space 2560K, 99% used [0x00000000ebb00000,0x00000000ebd7aea0,0x00000000ebd80000)
  to   space 2560K, 0% used [0x00000000ebd80000,0x00000000ebd80000,0x00000000ec000000)
 ParOldGen       total 44032K, used 1345K [0x00000000c0000000, 0x00000000c2b00000, 0x00000000eab00000)
  object space 44032K, 3% used [0x00000000c0000000,0x00000000c0150640,0x00000000c2b00000)
 Metaspace       used 5732K, capacity 6768K, committed 7040K, reserved 1058816K
  class space    used 572K, capacity 616K, committed 640K, reserved 1048576K

Card table byte_map: [0x0000000011410000,0x0000000011620000] byte_map_base: 0x0000000010e10000

Marking Bits: (ParMarkBitMap*) 0x0000000069db9d00
 Begin Bits: [0x0000000011b80000, 0x0000000012b80000)
 End Bits:   [0x0000000012b80000, 0x0000000013b80000)

Polling page: 0x00000000005d0000

CodeCache: size=245760Kb used=3181Kb max_used=3194Kb free=242578Kb
 bounds [0x0000000002050000, 0x0000000002380000, 0x0000000011050000]
 total_blobs=1044 nmethods=777 adapters=181
 compilation: enabled

Compilation events (10 events):
Event: 2.806 Thread 0x0000000014777000 nmethod 764 0x0000000002369450 code [0x0000000002369700, 0x000000000236a8c8]
Event: 2.806 Thread 0x0000000014774800 nmethod 799 0x0000000002351450 code [0x00000000023515a0, 0x0000000002351658]
Event: 2.806 Thread 0x0000000014777000  762       3       com.android.dx.dex.code.RopToDop::dopFor (792 bytes)
Event: 2.806 Thread 0x0000000014774800  801       4       com.android.dx.util.FixedSizeList::equals (41 bytes)
Event: 2.812 Thread 0x0000000014777000 nmethod 762 0x000000000236b110 code [0x000000000236b580, 0x000000000236eb08]
Event: 2.812 Thread 0x0000000014777000  804       3       com.android.dx.ssa.SsaBasicBlock::isExitBlock (20 bytes)
Event: 2.812 Thread 0x0000000014777000 nmethod 804 0x0000000002350fd0 code [0x0000000002351140, 0x0000000002351390]
Event: 2.812 Thread 0x0000000014777000  805       3       com.android.dx.ssa.LocalVariableInfo::mergeStarts (59 bytes)
Event: 2.903 Thread 0x0000000014774800 nmethod 801 0x0000000002366950 code [0x0000000002366ac0, 0x0000000002366ff8]
Event: 2.903 Thread 0x0000000014774800  802       4       com.android.dx.rop.code.RegisterSpecSet::mutableCopy (57 bytes)

GC Heap History (2 events):
Event: 2.395 GC heap before
{Heap before GC invocations=1 (full 0):
 PSYoungGen      total 18944K, used 16384K [0x00000000eab00000, 0x00000000ec000000, 0x0000000100000000)
  eden space 16384K, 100% used [0x00000000eab00000,0x00000000ebb00000,0x00000000ebb00000)
  from space 2560K, 0% used [0x00000000ebd80000,0x00000000ebd80000,0x00000000ec000000)
  to   space 2560K, 0% used [0x00000000ebb00000,0x00000000ebb00000,0x00000000ebd80000)
 ParOldGen       total 44032K, used 0K [0x00000000c0000000, 0x00000000c2b00000, 0x00000000eab00000)
  object space 44032K, 0% used [0x00000000c0000000,0x00000000c0000000,0x00000000c2b00000)
 Metaspace       used 5640K, capacity 6640K, committed 6784K, reserved 1056768K
  class space    used 571K, capacity 616K, committed 640K, reserved 1048576K
Event: 2.703 GC heap after
Heap after GC invocations=1 (full 0):
 PSYoungGen      total 18944K, used 2539K [0x00000000eab00000, 0x00000000ec000000, 0x0000000100000000)
  eden space 16384K, 0% used [0x00000000eab00000,0x00000000eab00000,0x00000000ebb00000)
  from space 2560K, 99% used [0x00000000ebb00000,0x00000000ebd7aea0,0x00000000ebd80000)
  to   space 2560K, 0% used [0x00000000ebd80000,0x00000000ebd80000,0x00000000ec000000)
 ParOldGen       total 44032K, used 1345K [0x00000000c0000000, 0x00000000c2b00000, 0x00000000eab00000)
  object space 44032K, 3% used [0x00000000c0000000,0x00000000c0150640,0x00000000c2b00000)
 Metaspace       used 5640K, capacity 6640K, committed 6784K, reserved 1056768K
  class space    used 571K, capacity 616K, committed 640K, reserved 1048576K
}

Deoptimization events (3 events):
Event: 1.303 Thread 0x0000000001f50800 Uncommon trap: reason=unstable_if action=reinterpret pc=0x0000000002193a10 method=java.lang.String.indexOf(II)I @ 49
Event: 1.924 Thread 0x000000001631b800 Uncommon trap: reason=unstable_if action=reinterpret pc=0x0000000002279d6c method=java.util.HashMap.getNode(ILjava/lang/Object;)Ljava/util/HashMap$Node; @ 62
Event: 2.797 Thread 0x0000000016417800 Uncommon trap: reason=unstable_if action=reinterpret pc=0x00000000022b39b4 method=java.util.BitSet.ensureCapacity(I)V @ 6

Internal exceptions (2 events):
Event: 0.369 Thread 0x0000000001f50800 Exception <a 'java/lang/NoSuchMethodError': Method sun.misc.Unsafe.defineClass(Ljava/lang/String;[BII)Ljava/lang/Class; name or signature does not match> (0x00000000eab07cc0) thrown at [C:\src\android\AOSP-openjdk\external\jetbrains\jdk\hotspot\src\share\v{H¾4k¦×?
Event: 0.370 Thread 0x0000000001f50800 Exception <a 'java/lang/NoSuchMethodError': Method sun.misc.Unsafe.prefetchRead(Ljava/lang/Object;J)V name or signature does not match> (0x00000000eab07fa8) thrown at [C:\src\android\AOSP-openjdk\external\jetbrains\jdk\hotspot\src\share\vm\prims\jni.cpp, l

Events (10 events):
Event: 2.364 loading class java/util/HashMap$ValueIterator done
Event: 2.391 Executing VM operation: ParallelGCFailedAllocation
Event: 2.703 Executing VM operation: ParallelGCFailedAllocation done
Event: 2.761 loading class com/android/dx/cf/code/SwitchList
Event: 2.761 loading class com/android/dx/cf/code/SwitchList done
Event: 2.797 Thread 0x0000000016417800 Uncommon trap: trap_request=0xffffff65 fr.pc=0x00000000022b39b4
Event: 2.797 Thread 0x0000000016417800 DEOPT PACKING pc=0x00000000022b39b4 sp=0x0000000016a5eee0
Event: 2.797 Thread 0x0000000016417800 DEOPT UNPACKING pc=0x000000000209556a sp=0x0000000016a5edc8 mode 2
Event: 2.813 Executing VM operation: CollectForMetadataAllocation
Event: 2.902 Executing VM operation: CollectForMetadataAllocation done


Dynamic libraries:
0x00007ff766640000 - 0x00007ff766671000 	D:\Android\AndroidStudio\jre\bin\java.exe
0x00007ffb46030000 - 0x00007ffb461dd000 	C:\WINDOWS\SYSTEM32\ntdll.dll
0x00007ffb44000000 - 0x00007ffb4413e000 	C:\WINDOWS\system32\KERNEL32.DLL
0x00007ffb43330000 - 0x00007ffb43445000 	C:\WINDOWS\system32\KERNELBASE.dll
0x00007ffb43980000 - 0x00007ffb43a2a000 	C:\WINDOWS\system32\ADVAPI32.dll
0x00007ffb43e10000 - 0x00007ffb43f87000 	C:\WINDOWS\system32\USER32.dll
0x00007ffb40df0000 - 0x00007ffb4106a000 	C:\WINDOWS\WinSxS\amd64_microsoft.windows.common-controls_6595b64144ccf1df_6.0.9600.17810_none_6240b9c7ecbd0bda\COMCTL32.dll
0x00007ffb436b0000 - 0x00007ffb4375a000 	C:\WINDOWS\system32\msvcrt.dll
0x00007ffb43a30000 - 0x00007ffb43a89000 	C:\WINDOWS\SYSTEM32\sechost.dll
0x00007ffb44140000 - 0x00007ffb44280000 	C:\WINDOWS\system32\RPCRT4.dll
0x00007ffb45830000 - 0x00007ffb4597f000 	C:\WINDOWS\system32\GDI32.dll
0x00007ffb43630000 - 0x00007ffb4365e000 	C:\WINDOWS\system32\SspiCli.dll
0x00007ffb43af0000 - 0x00007ffb43b26000 	C:\WINDOWS\system32\IMM32.DLL
0x00007ffb45980000 - 0x00007ffb45ad2000 	C:\WINDOWS\system32\MSCTF.dll
0x0000000069520000 - 0x00000000695f2000 	D:\Android\AndroidStudio\jre\jre\bin\msvcr100.dll
0x0000000069600000 - 0x0000000069e34000 	D:\Android\AndroidStudio\jre\jre\bin\server\jvm.dll
0x00007ffb3a960000 - 0x00007ffb3a969000 	C:\WINDOWS\SYSTEM32\WSOCK32.dll
0x00007ffb39250000 - 0x00007ffb39272000 	C:\WINDOWS\SYSTEM32\WINMM.dll
0x00007ffb3c820000 - 0x00007ffb3c82a000 	C:\WINDOWS\SYSTEM32\VERSION.dll
0x00007ffb43e00000 - 0x00007ffb43e07000 	C:\WINDOWS\system32\PSAPI.DLL
0x00007ffb44280000 - 0x00007ffb442da000 	C:\WINDOWS\system32\WS2_32.dll
0x00007ffb39150000 - 0x00007ffb3917a000 	C:\WINDOWS\SYSTEM32\WINMMBASE.dll
0x00007ffb45820000 - 0x00007ffb45829000 	C:\WINDOWS\system32\NSI.dll
0x00007ffb43660000 - 0x00007ffb436af000 	C:\WINDOWS\SYSTEM32\cfgmgr32.dll
0x00007ffb41f70000 - 0x00007ffb41f98000 	C:\WINDOWS\SYSTEM32\DEVOBJ.dll
0x00007ffb3f0a0000 - 0x00007ffb3f0af000 	D:\Android\AndroidStudio\jre\jre\bin\verify.dll
0x00007ffb3bae0000 - 0x00007ffb3bb09000 	D:\Android\AndroidStudio\jre\jre\bin\java.dll
0x00007ffb3ec30000 - 0x00007ffb3ec46000 	D:\Android\AndroidStudio\jre\jre\bin\zip.dll
0x00007ffb442e0000 - 0x00007ffb45808000 	C:\WINDOWS\system32\SHELL32.dll
0x00007ffb43760000 - 0x00007ffb43971000 	C:\WINDOWS\SYSTEM32\combase.dll
0x00007ffb43a90000 - 0x00007ffb43ae4000 	C:\WINDOWS\system32\SHLWAPI.dll
0x00007ffb41790000 - 0x00007ffb41842000 	C:\WINDOWS\SYSTEM32\SHCORE.dll
0x00007ffb43150000 - 0x00007ffb43165000 	C:\WINDOWS\SYSTEM32\profapi.dll

VM Arguments:
jvm_args: -Djava.awt.headless=true -Xmx1024M -Dfile.encoding=windows-1252 -Duser.country=US -Duser.language=en -Duser.variant 
java_command: com.android.dx.command.Main --dex --force-jumbo --num-threads=4 --multi-dex --output D:\Mozilla Downloads\and-nd-firebase-1.00-starting-point\app\build\intermediates\transforms\dex\debug\folders\1000\10\com.google.android.gms-play-services-base-10.0.1_7ff5fd555a5810a436c3512c13bb515b01d7e1de D:\Mozilla Downloads\and-nd-firebase-1.00-starting-point\app\build\intermediates\exploded-aar\com.google.android.gms\play-services-base\10.0.1\jars\classes.jar
java_class_path (initial): D:\Android\sdk\build-tools\24.0.1\lib\dx.jar
Launcher Type: SUN_STANDARD

Environment Variables:
PATH=C:\ProgramData\Oracle\Java\javapath;C:\Program Files (x86)\Intel\iCLS Client\;C:\Program Files\Intel\iCLS Client\;C:\WINDOWS\system32;C:\WINDOWS;C:\WINDOWS\System32\Wbem;C:\WINDOWS\System32\WindowsPowerShell\v1.0\;C:\Program Files\Intel\Intel(R) Management Engine Components\DAL;C:\Program Files (x86)\Intel\Intel(R) Management Engine Components\DAL;C:\Program Files\Intel\Intel(R) Management Engine Components\IPT;C:\Program Files (x86)\Intel\Intel(R) Management Engine Components\IPT;C:\Program Files\Microsoft SQL Server\110\Tools\Binn\
USERNAME=Hamid-PC
OS=Windows_NT
PROCESSOR_IDENTIFIER=Intel64 Family 6 Model 61 Stepping 4, GenuineIntel



---------------  S Y S T E M  ---------------

OS: Windows 8.1 , 64 bit Build 9600 (6.3.9600.17415)

CPU:total 4 (2 cores per cpu, 2 threads per core) family 6 model 61 stepping 4, cmov, cx8, fxsr, mmx, sse, sse2, sse3, ssse3, sse4.1, sse4.2, popcnt, avx, avx2, aes, clmul, erms, 3dnowpref, lzcnt, ht, tsc, tscinvbit, bmi1, bmi2, adx

Memory: 4k page, physical 4107980k(175824k free), swap 5209432k(5044k free)

vm_info: OpenJDK 64-Bit Server VM (25.76-b03) for windows-amd64 JRE (1.8.0_76-release-b03), built on Jun 29 2016 19:09:20 by "ralucas" with MS VC++ 10.0 (VS2010)

time: Thu Dec 22 18:44:44 2016
elapsed time: 2 seconds (0d 0h 0m 2s)

