#
# There is insufficient memory for the Java Runtime Environment to continue.
# Native memory allocation (malloc) failed to allocate 301456 bytes for Chunk::new
# Possible reasons:
#   The system is out of physical RAM or swap space
#   In 32 bit mode, the process size limit was hit
# Possible solutions:
#   Reduce memory load on the system
#   Increase physical memory or swap space
#   Check if swap backing store is full
#   Use 64 bit Java on a 64 bit OS
#   Decrease Java heap size (-Xmx/-Xms)
#   Decrease number of Java threads
#   Decrease Java thread stack sizes (-Xss)
#   Set larger code cache with -XX:ReservedCodeCacheSize=
# This output file may be truncated or incomplete.
#
#  Out of Memory Error (allocation.cpp:390), pid=5100, tid=0x0000000000000ff4
#
# JRE version: OpenJDK Runtime Environment (8.0_76-b03) (build 1.8.0_76-release-b03)
# Java VM: OpenJDK 64-Bit Server VM (25.76-b03 mixed mode windows-amd64 compressed oops)
# Failed to write core dump. Minidumps are not enabled by default on client versions of Windows
#

---------------  T H R E A D  ---------------

Current thread (0x00000000150a4800):  JavaThread "C2 CompilerThread1" daemon [_thread_in_native, id=4084, stack(0x0000000016780000,0x0000000016880000)]

Stack: [0x0000000016780000,0x0000000016880000]
[error occurred during error reporting (printing stack bounds), id 0xc0000005]

Native frames: (J=compiled Java code, j=interpreted, Vv=VM code, C=native code)


Current CompileTask:
C2:   4264 1162       4       com.android.dx.ssa.SsaBasicBlock::forEachInsn (37 bytes)


---------------  P R O C E S S  ---------------

Java Threads: ( => current thread )
  0x0000000016bf0000 JavaThread "pool-2-thread-4" [_thread_blocked, id=5580, stack(0x0000000017b80000,0x0000000017c80000)]
  0x0000000016bef000 JavaThread "pool-2-thread-3" [_thread_blocked, id=5840, stack(0x0000000017a80000,0x0000000017b80000)]
  0x0000000016bee800 JavaThread "pool-2-thread-2" [_thread_in_Java, id=5996, stack(0x0000000017980000,0x0000000017a80000)]
  0x0000000016be0000 JavaThread "pool-3-thread-1" [_thread_blocked, id=3700, stack(0x0000000017880000,0x0000000017980000)]
  0x0000000016bdf000 JavaThread "pool-2-thread-1" [_thread_in_Java, id=4060, stack(0x0000000017780000,0x0000000017880000)]
  0x00000000150ae800 JavaThread "Service Thread" daemon [_thread_blocked, id=3788, stack(0x0000000016d80000,0x0000000016e80000)]
  0x00000000150aa800 JavaThread "C1 CompilerThread2" daemon [_thread_blocked, id=6068, stack(0x0000000016880000,0x0000000016980000)]
=>0x00000000150a4800 JavaThread "C2 CompilerThread1" daemon [_thread_in_native, id=4084, stack(0x0000000016780000,0x0000000016880000)]
  0x000000001504a800 JavaThread "C2 CompilerThread0" daemon [_thread_in_native, id=5888, stack(0x0000000016680000,0x0000000016780000)]
  0x0000000015049800 JavaThread "Attach Listener" daemon [_thread_blocked, id=2252, stack(0x0000000016580000,0x0000000016680000)]
  0x0000000015048000 JavaThread "Signal Dispatcher" daemon [_thread_blocked, id=4768, stack(0x0000000016480000,0x0000000016580000)]
  0x0000000015038000 JavaThread "Finalizer" daemon [_thread_blocked, id=4252, stack(0x00000000162a0000,0x00000000163a0000)]
  0x000000000296f000 JavaThread "Reference Handler" daemon [_thread_blocked, id=4016, stack(0x00000000161a0000,0x00000000162a0000)]
  0x0000000002880800 JavaThread "main" [_thread_in_Java, id=5080, stack(0x0000000002710000,0x0000000002810000)]

Other Threads:
  0x0000000015015800 VMThread [stack: 0x00000000160a0000,0x00000000161a0000] [id=4732]
  0x000000001698c000 WatcherThread [stack: 0x0000000016e80000,0x0000000016f80000] [id=5004]

VM state:not at safepoint (normal execution)

VM Mutex/Monitor currently owned by a thread: None

Heap:
 PSYoungGen      total 35328K, used 5607K [0x00000000eab00000, 0x00000000ed000000, 0x0000000100000000)
  eden space 32768K, 9% used [0x00000000eab00000,0x00000000eadfd020,0x00000000ecb00000)
  from space 2560K, 99% used [0x00000000ecd80000,0x00000000ecffcce8,0x00000000ed000000)
  to   space 2560K, 0% used [0x00000000ecb00000,0x00000000ecb00000,0x00000000ecd80000)
 ParOldGen       total 44032K, used 3771K [0x00000000c0000000, 0x00000000c2b00000, 0x00000000eab00000)
  object space 44032K, 8% used [0x00000000c0000000,0x00000000c03aed58,0x00000000c2b00000)
 Metaspace       used 5932K, capacity 6896K, committed 7040K, reserved 1056768K
  class space    used 574K, capacity 616K, committed 640K, reserved 1048576K

Card table byte_map: [0x0000000011d40000,0x0000000011f50000] byte_map_base: 0x0000000011740000

Marking Bits: (ParMarkBitMap*) 0x0000000069db9d00
 Begin Bits: [0x00000000124b0000, 0x00000000134b0000)
 End Bits:   [0x00000000134b0000, 0x00000000144b0000)

Polling page: 0x0000000000f40000

CodeCache: size=245760Kb used=4844Kb max_used=4844Kb free=240915Kb
 bounds [0x0000000002980000, 0x0000000002e40000, 0x0000000011980000]
 total_blobs=1464 nmethods=1194 adapters=182
 compilation: disabled (not enough contiguous free space left)

Compilation events (10 events):
Event: 4.234 Thread 0x00000000150aa800 1210   !   3       java.util.zip.ZipFile$ZipFileInflaterInputStream::close (67 bytes)
Event: 4.235 Thread 0x00000000150aa800 nmethod 1210 0x0000000002e3cfd0 code [0x0000000002e3d1a0, 0x0000000002e3d998]
Event: 4.235 Thread 0x00000000150aa800 1206       3       com.android.dx.cf.code.OneLocalsArray::getOrNull (7 bytes)
Event: 4.235 Thread 0x00000000150aa800 nmethod 1206 0x0000000002e3dd50 code [0x0000000002e3dea0, 0x0000000002e3e010]
Event: 4.235 Thread 0x00000000150aa800 1203       3       java.util.Stack::<init> (5 bytes)
Event: 4.236 Thread 0x00000000150aa800 nmethod 1203 0x0000000002e3e110 code [0x0000000002e3e280, 0x0000000002e3e4e8]
Event: 4.236 Thread 0x00000000150aa800 1200       3       com.android.dx.ssa.SsaRenamer::getLocalForNewReg (25 bytes)
Event: 4.237 Thread 0x00000000150aa800 nmethod 1200 0x0000000002e3e610 code [0x0000000002e3e7c0, 0x0000000002e3ecf8]
Event: 4.237 Thread 0x00000000150aa800 1189       3       com.android.dx.dex.code.RopTranslator$LocalVariableAwareTranslationVisitor::visitPlainCstInsn (11 bytes)
Event: 4.241 Thread 0x00000000150aa800 


GC Heap History (4 events):
Event: 2.206 GC heap before
{Heap before GC invocations=1 (full 0):
 PSYoungGen      total 18944K, used 16384K [0x00000000eab00000, 0x00000000ec000000, 0x0000000100000000)
  eden space 16384K, 100% used [0x00000000eab00000,0x00000000ebb00000,0x00000000ebb00000)
  from space 2560K, 0% used [0x00000000ebd80000,0x00000000ebd80000,0x00000000ec000000)
  to   space 2560K, 0% used [0x00000000ebb00000,0x00000000ebb00000,0x00000000ebd80000)
 ParOldGen       total 44032K, used 0K [0x00000000c0000000, 0x00000000c2b00000, 0x00000000eab00000)
  object space 44032K, 0% used [0x00000000c0000000,0x00000000c0000000,0x00000000c2b00000)
 Metaspace       used 5480K, capacity 6512K, committed 6784K, reserved 1056768K
  class space    used 570K, capacity 616K, committed 640K, reserved 1048576K
Event: 2.275 GC heap after
Heap after GC invocations=1 (full 0):
 PSYoungGen      total 18944K, used 2550K [0x00000000eab00000, 0x00000000ed000000, 0x0000000100000000)
  eden space 16384K, 0% used [0x00000000eab00000,0x00000000eab00000,0x00000000ebb00000)
  from space 2560K, 99% used [0x00000000ebb00000,0x00000000ebd7d980,0x00000000ebd80000)
  to   space 2560K, 0% used [0x00000000ecd80000,0x00000000ecd80000,0x00000000ed000000)
 ParOldGen       total 44032K, used 1645K [0x00000000c0000000, 0x00000000c2b00000, 0x00000000eab00000)
  object space 44032K, 3% used [0x00000000c0000000,0x00000000c019b658,0x00000000c2b00000)
 Metaspace       used 5480K, capacity 6512K, committed 6784K, reserved 1056768K
  class space    used 570K, capacity 616K, committed 640K, reserved 1048576K
}
Event: 4.106 GC heap before
{Heap before GC invocations=2 (full 0):
 PSYoungGen      total 18944K, used 18934K [0x00000000eab00000, 0x00000000ed000000, 0x0000000100000000)
  eden space 16384K, 100% used [0x00000000eab00000,0x00000000ebb00000,0x00000000ebb00000)
  from space 2560K, 99% used [0x00000000ebb00000,0x00000000ebd7d980,0x00000000ebd80000)
  to   space 2560K, 0% used [0x00000000ecd80000,0x00000000ecd80000,0x00000000ed000000)
 ParOldGen       total 44032K, used 1645K [0x00000000c0000000, 0x00000000c2b00000, 0x00000000eab00000)
  object space 44032K, 3% used [0x00000000c0000000,0x00000000c019b658,0x00000000c2b00000)
 Metaspace       used 5922K, capacity 6896K, committed 7040K, reserved 1056768K
  class space    used 574K, capacity 616K, committed 640K, reserved 1048576K
Event: 4.227 GC heap after
Heap after GC invocations=2 (full 0):
 PSYoungGen      total 35328K, used 2547K [0x00000000eab00000, 0x00000000ed000000, 0x0000000100000000)
  eden space 32768K, 0% used [0x00000000eab00000,0x00000000eab00000,0x00000000ecb00000)
  from space 2560K, 99% used [0x00000000ecd80000,0x00000000ecffcce8,0x00000000ed000000)
  to   space 2560K, 0% used [0x00000000ecb00000,0x00000000ecb00000,0x00000000ecd80000)
 ParOldGen       total 44032K, used 3771K [0x00000000c0000000, 0x00000000c2b00000, 0x00000000eab00000)
  object space 44032K, 8% used [0x00000000c0000000,0x00000000c03aed58,0x00000000c2b00000)
 Metaspace       used 5922K, capacity 6896K, committed 7040K, reserved 1056768K
  class space    used 574K, capacity 616K, committed 640K, reserved 1048576K
}

Deoptimization events (9 events):
Event: 1.241 Thread 0x0000000002880800 Uncommon trap: reason=unstable_if action=reinterpret pc=0x0000000002ad5898 method=java.lang.String.indexOf(II)I @ 49
Event: 1.497 Thread 0x0000000002880800 Uncommon trap: reason=unstable_if action=reinterpret pc=0x0000000002b49bd0 method=java.lang.String.<init>([CII)V @ 18
Event: 2.416 Thread 0x0000000002880800 Uncommon trap: reason=unstable_if action=reinterpret pc=0x0000000002be7930 method=java.util.BitSet.nextSetBit(I)I @ 87
Event: 2.456 Thread 0x0000000016bef000 Uncommon trap: reason=unstable_if action=reinterpret pc=0x0000000002bf095c method=com.android.dx.rop.cst.Constant.compareTo(Lcom/android/dx/rop/cst/Constant;)I @ 12
Event: 2.486 Thread 0x0000000016bef000 Uncommon trap: reason=unstable_if action=reinterpret pc=0x0000000002bb1ef8 method=java.util.HashMap.getNode(ILjava/lang/Object;)Ljava/util/HashMap$Node; @ 62
Event: 2.694 Thread 0x0000000016bf0000 Uncommon trap: reason=unstable_if action=reinterpret pc=0x0000000002bf1774 method=java.util.BitSet.ensureCapacity(I)V @ 6
Event: 3.910 Thread 0x0000000002880800 Uncommon trap: reason=null_check action=make_not_entrant pc=0x0000000002d0fac8 method=com.android.dx.ssa.SsaRenamer.getLocalForNewReg(I)Lcom/android/dx/rop/code/LocalItem; @ 19
Event: 3.913 Thread 0x0000000002880800 Uncommon trap: reason=null_check action=make_not_entrant pc=0x0000000002cb7958 method=com.android.dx.ssa.SsaRenamer.getLocalForNewReg(I)Lcom/android/dx/rop/code/LocalItem; @ 19
Event: 4.255 Thread 0x0000000002880800 Uncommon trap: reason=unstable_if action=reinterpret pc=0x0000000002d5963c method=com.android.dx.util.IntList.binarysearch(I)I @ 105

Internal exceptions (4 events):
Event: 0.494 Thread 0x0000000002880800 Exception <a 'java/lang/NoSuchMethodError': Method sun.misc.Unsafe.defineClass(Ljava/lang/String;[BII)Ljava/lang/Class; name or signature does not match> (0x00000000eab07cc0) thrown at [C:\src\android\AOSP-openjdk\external\jetbrains\jdk\hotspot\src\share\v#çIÿ·§ﬂ?
Event: 0.494 Thread 0x0000000002880800 Exception <a 'java/lang/NoSuchMethodError': Method sun.misc.Unsafe.prefetchRead(Ljava/lang/Object;J)V name or signature does not match> (0x00000000eab07fa8) thrown at [C:\src\android\AOSP-openjdk\external\jetbrains\jdk\hotspot\src\share\vm\prims\jni.cpp, lSº5H@
Event: 3.910 Thread 0x0000000002880800 Implicit null exception at 0x0000000002d0cf28 to 0x0000000002d0fa8d
Event: 3.913 Thread 0x0000000002880800 Implicit null exception at 0x0000000002cb4c4d to 0x0000000002cb7939

Events (10 events):
Event: 3.910 Thread 0x0000000002880800 DEOPT PACKING pc=0x0000000002d0fac8 sp=0x000000000280e200
Event: 3.911 Thread 0x0000000002880800 DEOPT UNPACKING pc=0x00000000029c556a sp=0x000000000280e078 mode 2
Event: 3.913 Thread 0x0000000002880800 Uncommon trap: trap_request=0xfffffff4 fr.pc=0x0000000002cb7958
Event: 3.913 Thread 0x0000000002880800 DEOPT PACKING pc=0x0000000002cb7958 sp=0x000000000280e1a0
Event: 3.913 Thread 0x0000000002880800 DEOPT UNPACKING pc=0x00000000029c556a sp=0x000000000280e068 mode 2
Event: 3.988 Executing VM operation: ParallelGCFailedAllocation
Event: 4.227 Executing VM operation: ParallelGCFailedAllocation done
Event: 4.255 Thread 0x0000000002880800 Uncommon trap: trap_request=0xffffff65 fr.pc=0x0000000002d5963c
Event: 4.255 Thread 0x0000000002880800 DEOPT PACKING pc=0x0000000002d5963c sp=0x000000000280e270
Event: 4.255 Thread 0x0000000002880800 DEOPT UNPACKING pc=0x00000000029c556a sp=0x000000000280e1e8 mode 2


Dynamic libraries:
0x00007ff766640000 - 0x00007ff766671000 	D:\Android\AndroidStudio\jre\bin\java.exe
0x00007ffb46030000 - 0x00007ffb461dd000 	C:\WINDOWS\SYSTEM32\ntdll.dll
0x00007ffb44000000 - 0x00007ffb4413e000 	C:\WINDOWS\system32\KERNEL32.DLL
0x00007ffb43330000 - 0x00007ffb43445000 	C:\WINDOWS\system32\KERNELBASE.dll
0x00007ffb43980000 - 0x00007ffb43a2a000 	C:\WINDOWS\system32\ADVAPI32.dll
0x00007ffb43e10000 - 0x00007ffb43f87000 	C:\WINDOWS\system32\USER32.dll
0x00007ffb40df0000 - 0x00007ffb4106a000 	C:\WINDOWS\WinSxS\amd64_microsoft.windows.common-controls_6595b64144ccf1df_6.0.9600.17810_none_6240b9c7ecbd0bda\COMCTL32.dll
0x00007ffb436b0000 - 0x00007ffb4375a000 	C:\WINDOWS\system32\msvcrt.dll
0x00007ffb43a30000 - 0x00007ffb43a89000 	C:\WINDOWS\SYSTEM32\sechost.dll
0x00007ffb44140000 - 0x00007ffb44280000 	C:\WINDOWS\system32\RPCRT4.dll
0x00007ffb45830000 - 0x00007ffb4597f000 	C:\WINDOWS\system32\GDI32.dll
0x00007ffb43630000 - 0x00007ffb4365e000 	C:\WINDOWS\system32\SspiCli.dll
0x00007ffb43af0000 - 0x00007ffb43b26000 	C:\WINDOWS\system32\IMM32.DLL
0x00007ffb45980000 - 0x00007ffb45ad2000 	C:\WINDOWS\system32\MSCTF.dll
0x0000000069520000 - 0x00000000695f2000 	D:\Android\AndroidStudio\jre\jre\bin\msvcr100.dll
0x0000000069600000 - 0x0000000069e34000 	D:\Android\AndroidStudio\jre\jre\bin\server\jvm.dll
0x00007ffb3a960000 - 0x00007ffb3a969000 	C:\WINDOWS\SYSTEM32\WSOCK32.dll
0x00007ffb39250000 - 0x00007ffb39272000 	C:\WINDOWS\SYSTEM32\WINMM.dll
0x00007ffb3c820000 - 0x00007ffb3c82a000 	C:\WINDOWS\SYSTEM32\VERSION.dll
0x00007ffb43e00000 - 0x00007ffb43e07000 	C:\WINDOWS\system32\PSAPI.DLL
0x00007ffb44280000 - 0x00007ffb442da000 	C:\WINDOWS\system32\WS2_32.dll
0x00007ffb39150000 - 0x00007ffb3917a000 	C:\WINDOWS\SYSTEM32\WINMMBASE.dll
0x00007ffb45820000 - 0x00007ffb45829000 	C:\WINDOWS\system32\NSI.dll
0x00007ffb43660000 - 0x00007ffb436af000 	C:\WINDOWS\SYSTEM32\cfgmgr32.dll
0x00007ffb41f70000 - 0x00007ffb41f98000 	C:\WINDOWS\SYSTEM32\DEVOBJ.dll
0x00007ffb3f0a0000 - 0x00007ffb3f0af000 	D:\Android\AndroidStudio\jre\jre\bin\verify.dll
0x00007ffb3bae0000 - 0x00007ffb3bb09000 	D:\Android\AndroidStudio\jre\jre\bin\java.dll
0x00007ffb3ec30000 - 0x00007ffb3ec46000 	D:\Android\AndroidStudio\jre\jre\bin\zip.dll
0x00007ffb442e0000 - 0x00007ffb45808000 	C:\WINDOWS\system32\SHELL32.dll
0x00007ffb43760000 - 0x00007ffb43971000 	C:\WINDOWS\SYSTEM32\combase.dll
0x00007ffb43a90000 - 0x00007ffb43ae4000 	C:\WINDOWS\system32\SHLWAPI.dll
0x00007ffb41790000 - 0x00007ffb41842000 	C:\WINDOWS\SYSTEM32\SHCORE.dll
0x00007ffb43150000 - 0x00007ffb43165000 	C:\WINDOWS\SYSTEM32\profapi.dll

VM Arguments:
jvm_args: -Djava.awt.headless=true -Xmx1024M -Dfile.encoding=windows-1252 -Duser.country=US -Duser.language=en -Duser.variant 
java_command: com.android.dx.command.Main --dex --force-jumbo --num-threads=4 --multi-dex --output D:\Mozilla Downloads\and-nd-firebase-1.00-starting-point\app\build\intermediates\transforms\dex\debug\folders\1000\10\glide-3.6.1_20ac25cbabf8caae442cc176a730af9af95b8a25 D:\Android\.gradle\caches\modules-2\files-2.1\com.github.bumptech.glide\glide\3.6.1\86b122e640af09b0723e1fa44083c354ba6d9089\glide-3.6.1.jar
java_class_path (initial): D:\Android\sdk\build-tools\24.0.1\lib\dx.jar
Launcher Type: SUN_STANDARD

Environment Variables:
PATH=C:\ProgramData\Oracle\Java\javapath;C:\Program Files (x86)\Intel\iCLS Client\;C:\Program Files\Intel\iCLS Client\;C:\WINDOWS\system32;C:\WINDOWS;C:\WINDOWS\System32\Wbem;C:\WINDOWS\System32\WindowsPowerShell\v1.0\;C:\Program Files\Intel\Intel(R) Management Engine Components\DAL;C:\Program Files (x86)\Intel\Intel(R) Management Engine Components\DAL;C:\Program Files\Intel\Intel(R) Management Engine Components\IPT;C:\Program Files (x86)\Intel\Intel(R) Management Engine Components\IPT;C:\Program Files\Microsoft SQL Server\110\Tools\Binn\
USERNAME=Hamid-PC
OS=Windows_NT
PROCESSOR_IDENTIFIER=Intel64 Family 6 Model 61 Stepping 4, GenuineIntel



---------------  S Y S T E M  ---------------

OS: Windows 8.1 , 64 bit Build 9600 (6.3.9600.17415)

CPU:total 4 (2 cores per cpu, 2 threads per core) family 6 model 61 stepping 4, cmov, cx8, fxsr, mmx, sse, sse2, sse3, ssse3, sse4.1, sse4.2, popcnt, avx, avx2, aes, clmul, erms, 3dnowpref, lzcnt, ht, tsc, tscinvbit, bmi1, bmi2, adx

Memory: 4k page, physical 4107980k(179320k free), swap 5209432k(5080k free)

vm_info: OpenJDK 64-Bit Server VM (25.76-b03) for windows-amd64 JRE (1.8.0_76-release-b03), built on Jun 29 2016 19:09:20 by "ralucas" with MS VC++ 10.0 (VS2010)

time: Thu Dec 22 18:44:15 2016
elapsed time: 4 seconds (0d 0h 0m 4s)

