#
# There is insufficient memory for the Java Runtime Environment to continue.
# Native memory allocation (malloc) failed to allocate 164576 bytes for Chunk::new
# Possible reasons:
#   The system is out of physical RAM or swap space
#   In 32 bit mode, the process size limit was hit
# Possible solutions:
#   Reduce memory load on the system
#   Increase physical memory or swap space
#   Check if swap backing store is full
#   Use 64 bit Java on a 64 bit OS
#   Decrease Java heap size (-Xmx/-Xms)
#   Decrease number of Java threads
#   Decrease Java thread stack sizes (-Xss)
#   Set larger code cache with -XX:ReservedCodeCacheSize=
# This output file may be truncated or incomplete.
#
#  Out of Memory Error (allocation.cpp:390), pid=4768, tid=0x0000000000000fa4
#
# JRE version: OpenJDK Runtime Environment (8.0_76-b03) (build 1.8.0_76-release-b03)
# Java VM: OpenJDK 64-Bit Server VM (25.76-b03 mixed mode windows-amd64 compressed oops)
# Failed to write core dump. Minidumps are not enabled by default on client versions of Windows
#

---------------  T H R E A D  ---------------

Current thread (0x0000000014814800):  JavaThread "C2 CompilerThread1" daemon [_thread_in_native, id=4004, stack(0x0000000015f20000,0x0000000016020000)]

Stack: [0x0000000015f20000,0x0000000016020000]
[error occurred during error reporting (printing stack bounds), id 0xc0000005]

Native frames: (J=compiled Java code, j=interpreted, Vv=VM code, C=native code)


Current CompileTask:
C2:   5031 1006       4       com.android.dx.ssa.SsaBasicBlock::forEachInsn (37 bytes)


---------------  P R O C E S S  ---------------

Java Threads: ( => current thread )
  0x0000000016371000 JavaThread "pool-2-thread-4" [_thread_in_Java, id=5976, stack(0x0000000016b20000,0x0000000016c20000)]
  0x000000001629c000 JavaThread "pool-2-thread-3" [_thread_blocked, id=5820, stack(0x0000000016a20000,0x0000000016b20000)]
  0x0000000016288000 JavaThread "pool-2-thread-2" [_thread_blocked, id=3084, stack(0x0000000016920000,0x0000000016a20000)]
  0x0000000016286000 JavaThread "pool-3-thread-1" [_thread_blocked, id=4924, stack(0x0000000016820000,0x0000000016920000)]
  0x0000000016285800 JavaThread "pool-2-thread-1" [_thread_blocked, id=5956, stack(0x0000000016720000,0x0000000016820000)]
  0x000000001481e800 JavaThread "Service Thread" daemon [_thread_blocked, id=4224, stack(0x0000000016520000,0x0000000016620000)]
  0x000000001481a800 JavaThread "C1 CompilerThread2" daemon [_thread_in_native, id=728, stack(0x0000000016020000,0x0000000016120000)]
=>0x0000000014814800 JavaThread "C2 CompilerThread1" daemon [_thread_in_native, id=4004, stack(0x0000000015f20000,0x0000000016020000)]
  0x00000000147ba800 JavaThread "C2 CompilerThread0" daemon [_thread_in_native, id=3484, stack(0x0000000015e20000,0x0000000015f20000)]
  0x00000000147b9800 JavaThread "Attach Listener" daemon [_thread_blocked, id=3404, stack(0x0000000015d20000,0x0000000015e20000)]
  0x00000000147b8800 JavaThread "Signal Dispatcher" daemon [_thread_blocked, id=400, stack(0x0000000015c20000,0x0000000015d20000)]
  0x00000000147a8000 JavaThread "Finalizer" daemon [_thread_blocked, id=4300, stack(0x0000000015a40000,0x0000000015b40000)]
  0x00000000020df000 JavaThread "Reference Handler" daemon [_thread_blocked, id=5548, stack(0x0000000015940000,0x0000000015a40000)]
  0x0000000001ff0800 JavaThread "main" [_thread_in_Java, id=4988, stack(0x0000000001ef0000,0x0000000001ff0000)]

Other Threads:
  0x0000000014785800 VMThread [stack: 0x0000000015840000,0x0000000015940000] [id=5988]
  0x000000001612c000 WatcherThread [stack: 0x0000000016620000,0x0000000016720000] [id=1108]

VM state:not at safepoint (normal execution)

VM Mutex/Monitor currently owned by a thread: None

Heap:
 PSYoungGen      total 18944K, used 5208K [0x00000000eab00000, 0x00000000ec000000, 0x0000000100000000)
  eden space 16384K, 16% used [0x00000000eab00000,0x00000000ead9b8d0,0x00000000ebb00000)
  from space 2560K, 99% used [0x00000000ebb00000,0x00000000ebd7aaa8,0x00000000ebd80000)
  to   space 2560K, 0% used [0x00000000ebd80000,0x00000000ebd80000,0x00000000ec000000)
 ParOldGen       total 44032K, used 1658K [0x00000000c0000000, 0x00000000c2b00000, 0x00000000eab00000)
  object space 44032K, 3% used [0x00000000c0000000,0x00000000c019eaf0,0x00000000c2b00000)
 Metaspace       used 5777K, capacity 6768K, committed 7040K, reserved 1056768K
  class space    used 570K, capacity 616K, committed 640K, reserved 1048576K

Card table byte_map: [0x00000000114b0000,0x00000000116c0000] byte_map_base: 0x0000000010eb0000

Marking Bits: (ParMarkBitMap*) 0x0000000069db9d00
 Begin Bits: [0x0000000011c20000, 0x0000000012c20000)
 End Bits:   [0x0000000012c20000, 0x0000000013c20000)

Polling page: 0x0000000001e10000

CodeCache: size=245760Kb used=4144Kb max_used=4144Kb free=241615Kb
 bounds [0x00000000020f0000, 0x0000000002500000, 0x00000000110f0000]
 total_blobs=1288 nmethods=1020 adapters=182
 compilation: enabled

Compilation events (10 events):
Event: 5.014 Thread 0x000000001481a800 nmethod 1023 0x00000000024f0f50 code [0x00000000024f1100, 0x00000000024f1868]
Event: 5.014 Thread 0x000000001481a800 1024       3       com.android.dx.rop.code.BasicBlockList::getRegCount (34 bytes)
Event: 5.014 Thread 0x000000001481a800 nmethod 1024 0x00000000024f5490 code [0x00000000024f5600, 0x00000000024f59a8]
Event: 5.018 Thread 0x000000001481a800 1025       3       com.android.dx.ssa.SsaBasicBlock::addPhiInsnForReg (18 bytes)
Event: 5.020 Thread 0x000000001481a800 nmethod 1025 0x00000000024f5ad0 code [0x00000000024f5ca0, 0x00000000024f63e8]
Event: 5.020 Thread 0x000000001481a800 1027       3       com.android.dx.ssa.SsaRenamer::access$600 (6 bytes)
Event: 5.020 Thread 0x000000001481a800 nmethod 1027 0x00000000024f68d0 code [0x00000000024f6a40, 0x00000000024f6d68]
Event: 5.020 Thread 0x000000001481a800 1028       3       com.android.dx.ssa.SsaRenamer::equalsHandlesNulls (23 bytes)
Event: 5.021 Thread 0x000000001481a800 nmethod 1028 0x00000000024f6e90 code [0x00000000024f7000, 0x00000000024f72c8]
Event: 5.021 Thread 0x000000001481a800 1029       3       com.android.dx.ssa.SsaRenamer$BlockRenamer::visitMoveInsn (271 bytes)

GC Heap History (2 events):
Event: 4.568 GC heap before
{Heap before GC invocations=1 (full 0):
 PSYoungGen      total 18944K, used 16384K [0x00000000eab00000, 0x00000000ec000000, 0x0000000100000000)
  eden space 16384K, 100% used [0x00000000eab00000,0x00000000ebb00000,0x00000000ebb00000)
  from space 2560K, 0% used [0x00000000ebd80000,0x00000000ebd80000,0x00000000ec000000)
  to   space 2560K, 0% used [0x00000000ebb00000,0x00000000ebb00000,0x00000000ebd80000)
 ParOldGen       total 44032K, used 0K [0x00000000c0000000, 0x00000000c2b00000, 0x00000000eab00000)
  object space 44032K, 0% used [0x00000000c0000000,0x00000000c0000000,0x00000000c2b00000)
 Metaspace       used 5741K, capacity 6768K, committed 7040K, reserved 1056768K
  class space    used 570K, capacity 616K, committed 640K, reserved 1048576K
Event: 4.923 GC heap after
Heap after GC invocations=1 (full 0):
 PSYoungGen      total 18944K, used 2538K [0x00000000eab00000, 0x00000000ec000000, 0x0000000100000000)
  eden space 16384K, 0% used [0x00000000eab00000,0x00000000eab00000,0x00000000ebb00000)
  from space 2560K, 99% used [0x00000000ebb00000,0x00000000ebd7aaa8,0x00000000ebd80000)
  to   space 2560K, 0% used [0x00000000ebd80000,0x00000000ebd80000,0x00000000ec000000)
 ParOldGen       total 44032K, used 1658K [0x00000000c0000000, 0x00000000c2b00000, 0x00000000eab00000)
  object space 44032K, 3% used [0x00000000c0000000,0x00000000c019eaf0,0x00000000c2b00000)
 Metaspace       used 5741K, capacity 6768K, committed 7040K, reserved 1056768K
  class space    used 570K, capacity 616K, committed 640K, reserved 1048576K
}

Deoptimization events (4 events):
Event: 1.495 Thread 0x0000000001ff0800 Uncommon trap: reason=unstable_if action=reinterpret pc=0x0000000002245ed0 method=java.lang.String.indexOf(II)I @ 49
Event: 3.519 Thread 0x0000000001ff0800 Uncommon trap: reason=unstable_if action=reinterpret pc=0x00000000022f30e8 method=java.lang.String.<init>([CII)V @ 18
Event: 3.536 Thread 0x0000000001ff0800 Uncommon trap: reason=unstable_if action=reinterpret pc=0x0000000002369ff0 method=java.util.BitSet.nextSetBit(I)I @ 87
Event: 4.992 Thread 0x0000000016371000 Uncommon trap: reason=null_check action=make_not_entrant pc=0x000000000243ed30 method=com.android.dx.ssa.SsaRenamer.getLocalForNewReg(I)Lcom/android/dx/rop/code/LocalItem; @ 19

Internal exceptions (3 events):
Event: 0.396 Thread 0x0000000001ff0800 Exception <a 'java/lang/NoSuchMethodError': Method sun.misc.Unsafe.defineClass(Ljava/lang/String;[BII)Ljava/lang/Class; name or signature does not match> (0x00000000eab07cc0) thrown at [C:\src\android\AOSP-openjdk\external\jetbrains\jdk\hotspot\src\share\v@ðV6bÙ?
Event: 0.397 Thread 0x0000000001ff0800 Exception <a 'java/lang/NoSuchMethodError': Method sun.misc.Unsafe.prefetchRead(Ljava/lang/Object;J)V name or signature does not match> (0x00000000eab07fa8) thrown at [C:\src\android\AOSP-openjdk\external\jetbrains\jdk\hotspot\src\share\vm\prims\jni.cpp, l×åË¼Ò÷@
Event: 4.992 Thread 0x0000000016371000 Implicit null exception at 0x000000000243c335 to 0x000000000243eced

Events (10 events):
Event: 3.536 Thread 0x0000000001ff0800 DEOPT UNPACKING pc=0x000000000213556a sp=0x0000000001fee708 mode 2
Event: 3.961 loading class java/util/ArrayList$1
Event: 3.961 loading class java/util/ArrayList$1 done
Event: 4.051 loading class com/android/dx/cf/code/SwitchList
Event: 4.051 loading class com/android/dx/cf/code/SwitchList done
Event: 4.568 Executing VM operation: ParallelGCFailedAllocation
Event: 4.923 Executing VM operation: ParallelGCFailedAllocation done
Event: 4.992 Thread 0x0000000016371000 Uncommon trap: trap_request=0xfffffff4 fr.pc=0x000000000243ed30
Event: 4.992 Thread 0x0000000016371000 DEOPT PACKING pc=0x000000000243ed30 sp=0x0000000016c1e9d0
Event: 4.992 Thread 0x0000000016371000 DEOPT UNPACKING pc=0x000000000213556a sp=0x0000000016c1e828 mode 2


Dynamic libraries:
0x00007ff766640000 - 0x00007ff766671000 	D:\Android\AndroidStudio\jre\bin\java.exe
0x00007ffb46030000 - 0x00007ffb461dd000 	C:\WINDOWS\SYSTEM32\ntdll.dll
0x00007ffb44000000 - 0x00007ffb4413e000 	C:\WINDOWS\system32\KERNEL32.DLL
0x00007ffb43330000 - 0x00007ffb43445000 	C:\WINDOWS\system32\KERNELBASE.dll
0x00007ffb43980000 - 0x00007ffb43a2a000 	C:\WINDOWS\system32\ADVAPI32.dll
0x00007ffb43e10000 - 0x00007ffb43f87000 	C:\WINDOWS\system32\USER32.dll
0x00007ffb40df0000 - 0x00007ffb4106a000 	C:\WINDOWS\WinSxS\amd64_microsoft.windows.common-controls_6595b64144ccf1df_6.0.9600.17810_none_6240b9c7ecbd0bda\COMCTL32.dll
0x00007ffb436b0000 - 0x00007ffb4375a000 	C:\WINDOWS\system32\msvcrt.dll
0x00007ffb43a30000 - 0x00007ffb43a89000 	C:\WINDOWS\SYSTEM32\sechost.dll
0x00007ffb44140000 - 0x00007ffb44280000 	C:\WINDOWS\system32\RPCRT4.dll
0x00007ffb45830000 - 0x00007ffb4597f000 	C:\WINDOWS\system32\GDI32.dll
0x00007ffb43630000 - 0x00007ffb4365e000 	C:\WINDOWS\system32\SspiCli.dll
0x00007ffb43af0000 - 0x00007ffb43b26000 	C:\WINDOWS\system32\IMM32.DLL
0x00007ffb45980000 - 0x00007ffb45ad2000 	C:\WINDOWS\system32\MSCTF.dll
0x0000000069520000 - 0x00000000695f2000 	D:\Android\AndroidStudio\jre\jre\bin\msvcr100.dll
0x0000000069600000 - 0x0000000069e34000 	D:\Android\AndroidStudio\jre\jre\bin\server\jvm.dll
0x00007ffb3a960000 - 0x00007ffb3a969000 	C:\WINDOWS\SYSTEM32\WSOCK32.dll
0x00007ffb39250000 - 0x00007ffb39272000 	C:\WINDOWS\SYSTEM32\WINMM.dll
0x00007ffb3c820000 - 0x00007ffb3c82a000 	C:\WINDOWS\SYSTEM32\VERSION.dll
0x00007ffb43e00000 - 0x00007ffb43e07000 	C:\WINDOWS\system32\PSAPI.DLL
0x00007ffb44280000 - 0x00007ffb442da000 	C:\WINDOWS\system32\WS2_32.dll
0x00007ffb39150000 - 0x00007ffb3917a000 	C:\WINDOWS\SYSTEM32\WINMMBASE.dll
0x00007ffb45820000 - 0x00007ffb45829000 	C:\WINDOWS\system32\NSI.dll
0x00007ffb43660000 - 0x00007ffb436af000 	C:\WINDOWS\SYSTEM32\cfgmgr32.dll
0x00007ffb41f70000 - 0x00007ffb41f98000 	C:\WINDOWS\SYSTEM32\DEVOBJ.dll
0x00007ffb3f0a0000 - 0x00007ffb3f0af000 	D:\Android\AndroidStudio\jre\jre\bin\verify.dll
0x00007ffb3bae0000 - 0x00007ffb3bb09000 	D:\Android\AndroidStudio\jre\jre\bin\java.dll
0x00007ffb3ec30000 - 0x00007ffb3ec46000 	D:\Android\AndroidStudio\jre\jre\bin\zip.dll
0x00007ffb442e0000 - 0x00007ffb45808000 	C:\WINDOWS\system32\SHELL32.dll
0x00007ffb43760000 - 0x00007ffb43971000 	C:\WINDOWS\SYSTEM32\combase.dll
0x00007ffb43a90000 - 0x00007ffb43ae4000 	C:\WINDOWS\system32\SHLWAPI.dll
0x00007ffb41790000 - 0x00007ffb41842000 	C:\WINDOWS\SYSTEM32\SHCORE.dll
0x00007ffb43150000 - 0x00007ffb43165000 	C:\WINDOWS\SYSTEM32\profapi.dll

VM Arguments:
jvm_args: -Djava.awt.headless=true -Xmx1024M -Dfile.encoding=windows-1252 -Duser.country=US -Duser.language=en -Duser.variant 
java_command: com.android.dx.command.Main --dex --force-jumbo --num-threads=4 --multi-dex --output D:\Mozilla Downloads\and-nd-firebase-1.00-starting-point\app\build\intermediates\transforms\dex\debug\folders\1000\10\picasso-2.5.2_2b3ab2b135278d41ba67289a8a94b87204d7d884 D:\Android\.gradle\caches\modules-2\files-2.1\com.squareup.picasso\picasso\2.5.2\7446d06ec8d4f7ffcc53f1da37c95f200dcb9387\picasso-2.5.2.jar
java_class_path (initial): D:\Android\sdk\build-tools\24.0.1\lib\dx.jar
Launcher Type: SUN_STANDARD

Environment Variables:
PATH=C:\ProgramData\Oracle\Java\javapath;C:\Program Files (x86)\Intel\iCLS Client\;C:\Program Files\Intel\iCLS Client\;C:\WINDOWS\system32;C:\WINDOWS;C:\WINDOWS\System32\Wbem;C:\WINDOWS\System32\WindowsPowerShell\v1.0\;C:\Program Files\Intel\Intel(R) Management Engine Components\DAL;C:\Program Files (x86)\Intel\Intel(R) Management Engine Components\DAL;C:\Program Files\Intel\Intel(R) Management Engine Components\IPT;C:\Program Files (x86)\Intel\Intel(R) Management Engine Components\IPT;C:\Program Files\Microsoft SQL Server\110\Tools\Binn\
USERNAME=Hamid-PC
OS=Windows_NT
PROCESSOR_IDENTIFIER=Intel64 Family 6 Model 61 Stepping 4, GenuineIntel



---------------  S Y S T E M  ---------------

OS: Windows 8.1 , 64 bit Build 9600 (6.3.9600.17415)

CPU:total 4 (2 cores per cpu, 2 threads per core) family 6 model 61 stepping 4, cmov, cx8, fxsr, mmx, sse, sse2, sse3, ssse3, sse4.1, sse4.2, popcnt, avx, avx2, aes, clmul, erms, 3dnowpref, lzcnt, ht, tsc, tscinvbit, bmi1, bmi2, adx

Memory: 4k page, physical 4107980k(105484k free), swap 5209432k(5188k free)

vm_info: OpenJDK 64-Bit Server VM (25.76-b03) for windows-amd64 JRE (1.8.0_76-release-b03), built on Jun 29 2016 19:09:20 by "ralucas" with MS VC++ 10.0 (VS2010)

time: Thu Dec 22 18:43:47 2016
elapsed time: 5 seconds (0d 0h 0m 5s)

