#
# There is insufficient memory for the Java Runtime Environment to continue.
# Native memory allocation (malloc) failed to allocate 32744 bytes for ChunkPool::allocate
# Possible reasons:
#   The system is out of physical RAM or swap space
#   In 32 bit mode, the process size limit was hit
# Possible solutions:
#   Reduce memory load on the system
#   Increase physical memory or swap space
#   Check if swap backing store is full
#   Use 64 bit Java on a 64 bit OS
#   Decrease Java heap size (-Xmx/-Xms)
#   Decrease number of Java threads
#   Decrease Java thread stack sizes (-Xss)
#   Set larger code cache with -XX:ReservedCodeCacheSize=
# This output file may be truncated or incomplete.
#
#  Out of Memory Error (allocation.cpp:273), pid=3256, tid=0x00000000000010f4
#
# JRE version: OpenJDK Runtime Environment (8.0_76-b03) (build 1.8.0_76-release-b03)
# Java VM: OpenJDK 64-Bit Server VM (25.76-b03 mixed mode windows-amd64 compressed oops)
# Failed to write core dump. Minidumps are not enabled by default on client versions of Windows
#

---------------  T H R E A D  ---------------

Current thread (0x0000000014b27000):  JavaThread "C1 CompilerThread2" daemon [_thread_in_native, id=4340, stack(0x0000000016320000,0x0000000016420000)]

Stack: [0x0000000016320000,0x0000000016420000]
[error occurred during error reporting (printing stack bounds), id 0xc0000005]

Native frames: (J=compiled Java code, j=interpreted, Vv=VM code, C=native code)


Current CompileTask:
C1:   3700  702       3       com.android.dx.ssa.SCCP::addBlockToWorklist (47 bytes)


---------------  P R O C E S S  ---------------

Java Threads: ( => current thread )
  0x000000001666e000 JavaThread "pool-2-thread-4" [_thread_in_vm, id=4252, stack(0x0000000016e20000,0x0000000016f20000)]
  0x00000000165b8000 JavaThread "pool-2-thread-3" [_thread_blocked, id=4816, stack(0x0000000016d20000,0x0000000016e20000)]
  0x000000001659b000 JavaThread "pool-2-thread-2" [_thread_blocked, id=3092, stack(0x0000000016c20000,0x0000000016d20000)]
  0x0000000016597000 JavaThread "pool-3-thread-1" [_thread_blocked, id=4924, stack(0x0000000016b20000,0x0000000016c20000)]
  0x0000000016595800 JavaThread "pool-2-thread-1" [_thread_blocked, id=5588, stack(0x0000000016a20000,0x0000000016b20000)]
  0x0000000014b2e800 JavaThread "Service Thread" daemon [_thread_blocked, id=5468, stack(0x0000000016820000,0x0000000016920000)]
=>0x0000000014b27000 JavaThread "C1 CompilerThread2" daemon [_thread_in_native, id=4340, stack(0x0000000016320000,0x0000000016420000)]
  0x0000000014b02000 JavaThread "C2 CompilerThread1" daemon [_thread_in_native, id=5292, stack(0x0000000016220000,0x0000000016320000)]
  0x0000000014aca800 JavaThread "C2 CompilerThread0" daemon [_thread_in_native, id=5596, stack(0x0000000016120000,0x0000000016220000)]
  0x0000000014ac9800 JavaThread "Attach Listener" daemon [_thread_blocked, id=5908, stack(0x0000000016020000,0x0000000016120000)]
  0x0000000014ac8800 JavaThread "Signal Dispatcher" daemon [_thread_blocked, id=5788, stack(0x0000000015f20000,0x0000000016020000)]
  0x0000000014ab8800 JavaThread "Finalizer" daemon [_thread_blocked, id=4004, stack(0x0000000015d40000,0x0000000015e40000)]
  0x00000000023ef000 JavaThread "Reference Handler" daemon [_thread_blocked, id=2480, stack(0x0000000015c40000,0x0000000015d40000)]
  0x0000000002300800 JavaThread "main" [_thread_in_Java, id=1744, stack(0x00000000021e0000,0x00000000022e0000)]

Other Threads:
  0x0000000014a95800 VMThread [stack: 0x0000000015b40000,0x0000000015c40000] [id=2356]
  0x0000000016421800 WatcherThread [stack: 0x0000000016920000,0x0000000016a20000] [id=5976]

VM state:not at safepoint (normal execution)

VM Mutex/Monitor currently owned by a thread: None

Heap:
 PSYoungGen      total 18944K, used 13105K [0x00000000eab00000, 0x00000000ec000000, 0x0000000100000000)
  eden space 16384K, 79% used [0x00000000eab00000,0x00000000eb7cc788,0x00000000ebb00000)
  from space 2560K, 0% used [0x00000000ebd80000,0x00000000ebd80000,0x00000000ec000000)
  to   space 2560K, 0% used [0x00000000ebb00000,0x00000000ebb00000,0x00000000ebd80000)
 ParOldGen       total 44032K, used 0K [0x00000000c0000000, 0x00000000c2b00000, 0x00000000eab00000)
  object space 44032K, 0% used [0x00000000c0000000,0x00000000c0000000,0x00000000c2b00000)
 Metaspace       used 5569K, capacity 6576K, committed 6784K, reserved 1056768K
  class space    used 567K, capacity 616K, committed 640K, reserved 1048576K

Card table byte_map: [0x00000000117c0000,0x00000000119d0000] byte_map_base: 0x00000000111c0000

Marking Bits: (ParMarkBitMap*) 0x0000000069db9d00
 Begin Bits: [0x0000000011f30000, 0x0000000012f30000)
 End Bits:   [0x0000000012f30000, 0x0000000013f30000)

Polling page: 0x00000000008e0000

CodeCache: size=245760Kb used=2768Kb max_used=2768Kb free=242991Kb
 bounds [0x0000000002400000, 0x00000000026c0000, 0x0000000011400000]
 total_blobs=966 nmethods=698 adapters=182
 compilation: enabled

Compilation events (10 events):
Event: 3.687 Thread 0x0000000014b27000 nmethod 696 0x00000000026b0390 code [0x00000000026b0520, 0x00000000026b0908]
Event: 3.687 Thread 0x0000000014b27000  697       3       com.android.dx.ssa.MoveParamCombiner$1::visitNonMoveInsn (213 bytes)
Event: 3.691 Thread 0x0000000014b27000 nmethod 697 0x00000000026b0a90 code [0x00000000026b0d80, 0x00000000026b2b78]
Event: 3.692 Thread 0x0000000014b27000  699       3       com.android.dx.ssa.SsaMethod$1::visitNonMoveInsn (26 bytes)
Event: 3.693 Thread 0x0000000014b27000 nmethod 699 0x00000000026b3a10 code [0x00000000026b3b80, 0x00000000026b4050]
Event: 3.693 Thread 0x0000000014b27000  700       3       com.android.dx.ssa.PhiInsn::accept (8 bytes)
Event: 3.694 Thread 0x0000000014b27000 nmethod 700 0x00000000026b4210 code [0x00000000026b4380, 0x00000000026b45a8]
Event: 3.694 Thread 0x0000000014b27000  701       3       com.android.dx.ssa.SCCP::simulateBlock (54 bytes)
Event: 3.695 Thread 0x0000000014b27000 nmethod 701 0x00000000026b4690 code [0x00000000026b4880, 0x00000000026b51c8]
Event: 3.696 Thread 0x0000000014b27000  702       3       com.android.dx.ssa.SCCP::addBlockToWorklist (47 bytes)

GC Heap History (0 events):
No events

Deoptimization events (3 events):
Event: 1.114 Thread 0x0000000002300800 Uncommon trap: reason=unstable_if action=reinterpret pc=0x0000000002532a50 method=java.lang.String.indexOf(II)I @ 49
Event: 3.209 Thread 0x000000001666e000 Uncommon trap: reason=unstable_if action=reinterpret pc=0x000000000260f2c4 method=java.util.HashMap.getNode(ILjava/lang/Object;)Ljava/util/HashMap$Node; @ 62
Event: 3.225 Thread 0x000000001666e000 Uncommon trap: reason=unstable_if action=reinterpret pc=0x000000000260ecb0 method=java.util.BitSet.nextSetBit(I)I @ 87

Internal exceptions (2 events):
Event: 0.176 Thread 0x0000000002300800 Exception <a 'java/lang/NoSuchMethodError': Method sun.misc.Unsafe.defineClass(Ljava/lang/String;[BII)Ljava/lang/Class; name or signature does not match> (0x00000000eab07cc0) thrown at [C:\src\android\AOSP-openjdk\external\jetbrains\jdk\hotspot\src\share\v1)vg?Å∆?
Event: 0.176 Thread 0x0000000002300800 Exception <a 'java/lang/NoSuchMethodError': Method sun.misc.Unsafe.prefetchRead(Ljava/lang/Object;J)V name or signature does not match> (0x00000000eab07fa8) thrown at [C:\src\android\AOSP-openjdk\external\jetbrains\jdk\hotspot\src\share\vm\prims\jni.cpp, l

Events (10 events):
Event: 3.209 Thread 0x000000001666e000 Uncommon trap: trap_request=0xffffff65 fr.pc=0x000000000260f2c4
Event: 3.209 Thread 0x000000001666e000 DEOPT PACKING pc=0x000000000260f2c4 sp=0x0000000016f1e5c0
Event: 3.209 Thread 0x000000001666e000 DEOPT UNPACKING pc=0x000000000244556a sp=0x0000000016f1e538 mode 2
Event: 3.221 loading class java/util/HashMap$Values
Event: 3.221 loading class java/util/HashMap$Values done
Event: 3.221 loading class java/util/HashMap$ValueIterator
Event: 3.222 loading class java/util/HashMap$ValueIterator done
Event: 3.225 Thread 0x000000001666e000 Uncommon trap: trap_request=0xffffff65 fr.pc=0x000000000260ecb0
Event: 3.225 Thread 0x000000001666e000 DEOPT PACKING pc=0x000000000260ecb0 sp=0x0000000016f1ec50
Event: 3.225 Thread 0x000000001666e000 DEOPT UNPACKING pc=0x000000000244556a sp=0x0000000016f1ebe8 mode 2


Dynamic libraries:
0x00007ff766640000 - 0x00007ff766671000 	D:\Android\AndroidStudio\jre\bin\java.exe
0x00007ffb46030000 - 0x00007ffb461dd000 	C:\WINDOWS\SYSTEM32\ntdll.dll
0x00007ffb44000000 - 0x00007ffb4413e000 	C:\WINDOWS\system32\KERNEL32.DLL
0x00007ffb43330000 - 0x00007ffb43445000 	C:\WINDOWS\system32\KERNELBASE.dll
0x00007ffb43980000 - 0x00007ffb43a2a000 	C:\WINDOWS\system32\ADVAPI32.dll
0x00007ffb43e10000 - 0x00007ffb43f87000 	C:\WINDOWS\system32\USER32.dll
0x00007ffb40df0000 - 0x00007ffb4106a000 	C:\WINDOWS\WinSxS\amd64_microsoft.windows.common-controls_6595b64144ccf1df_6.0.9600.17810_none_6240b9c7ecbd0bda\COMCTL32.dll
0x00007ffb436b0000 - 0x00007ffb4375a000 	C:\WINDOWS\system32\msvcrt.dll
0x00007ffb43a30000 - 0x00007ffb43a89000 	C:\WINDOWS\SYSTEM32\sechost.dll
0x00007ffb44140000 - 0x00007ffb44280000 	C:\WINDOWS\system32\RPCRT4.dll
0x00007ffb45830000 - 0x00007ffb4597f000 	C:\WINDOWS\system32\GDI32.dll
0x00007ffb43630000 - 0x00007ffb4365e000 	C:\WINDOWS\system32\SspiCli.dll
0x00007ffb43af0000 - 0x00007ffb43b26000 	C:\WINDOWS\system32\IMM32.DLL
0x00007ffb45980000 - 0x00007ffb45ad2000 	C:\WINDOWS\system32\MSCTF.dll
0x0000000069520000 - 0x00000000695f2000 	D:\Android\AndroidStudio\jre\jre\bin\msvcr100.dll
0x0000000069600000 - 0x0000000069e34000 	D:\Android\AndroidStudio\jre\jre\bin\server\jvm.dll
0x00007ffb3a960000 - 0x00007ffb3a969000 	C:\WINDOWS\SYSTEM32\WSOCK32.dll
0x00007ffb39250000 - 0x00007ffb39272000 	C:\WINDOWS\SYSTEM32\WINMM.dll
0x00007ffb3c820000 - 0x00007ffb3c82a000 	C:\WINDOWS\SYSTEM32\VERSION.dll
0x00007ffb43e00000 - 0x00007ffb43e07000 	C:\WINDOWS\system32\PSAPI.DLL
0x00007ffb44280000 - 0x00007ffb442da000 	C:\WINDOWS\system32\WS2_32.dll
0x00007ffb39150000 - 0x00007ffb3917a000 	C:\WINDOWS\SYSTEM32\WINMMBASE.dll
0x00007ffb45820000 - 0x00007ffb45829000 	C:\WINDOWS\system32\NSI.dll
0x00007ffb43660000 - 0x00007ffb436af000 	C:\WINDOWS\SYSTEM32\cfgmgr32.dll
0x00007ffb41f70000 - 0x00007ffb41f98000 	C:\WINDOWS\SYSTEM32\DEVOBJ.dll
0x00007ffb3f0a0000 - 0x00007ffb3f0af000 	D:\Android\AndroidStudio\jre\jre\bin\verify.dll
0x00007ffb3bae0000 - 0x00007ffb3bb09000 	D:\Android\AndroidStudio\jre\jre\bin\java.dll
0x00007ffb3ec30000 - 0x00007ffb3ec46000 	D:\Android\AndroidStudio\jre\jre\bin\zip.dll
0x00007ffb442e0000 - 0x00007ffb45808000 	C:\WINDOWS\system32\SHELL32.dll
0x00007ffb43760000 - 0x00007ffb43971000 	C:\WINDOWS\SYSTEM32\combase.dll
0x00007ffb43a90000 - 0x00007ffb43ae4000 	C:\WINDOWS\system32\SHLWAPI.dll
0x00007ffb41790000 - 0x00007ffb41842000 	C:\WINDOWS\SYSTEM32\SHCORE.dll
0x00007ffb43150000 - 0x00007ffb43165000 	C:\WINDOWS\SYSTEM32\profapi.dll

VM Arguments:
jvm_args: -Djava.awt.headless=true -Xmx1024M -Dfile.encoding=windows-1252 -Duser.country=US -Duser.language=en -Duser.variant 
java_command: com.android.dx.command.Main --dex --force-jumbo --num-threads=4 --multi-dex --output D:\Mozilla Downloads\and-nd-firebase-1.00-starting-point\app\build\intermediates\transforms\dex\debug\folders\1000\10\picasso-2.5.2_2b3ab2b135278d41ba67289a8a94b87204d7d884 D:\Android\.gradle\caches\modules-2\files-2.1\com.squareup.picasso\picasso\2.5.2\7446d06ec8d4f7ffcc53f1da37c95f200dcb9387\picasso-2.5.2.jar
java_class_path (initial): D:\Android\sdk\build-tools\24.0.1\lib\dx.jar
Launcher Type: SUN_STANDARD

Environment Variables:
PATH=C:\ProgramData\Oracle\Java\javapath;C:\Program Files (x86)\Intel\iCLS Client\;C:\Program Files\Intel\iCLS Client\;C:\WINDOWS\system32;C:\WINDOWS;C:\WINDOWS\System32\Wbem;C:\WINDOWS\System32\WindowsPowerShell\v1.0\;C:\Program Files\Intel\Intel(R) Management Engine Components\DAL;C:\Program Files (x86)\Intel\Intel(R) Management Engine Components\DAL;C:\Program Files\Intel\Intel(R) Management Engine Components\IPT;C:\Program Files (x86)\Intel\Intel(R) Management Engine Components\IPT;C:\Program Files\Microsoft SQL Server\110\Tools\Binn\
USERNAME=Hamid-PC
OS=Windows_NT
PROCESSOR_IDENTIFIER=Intel64 Family 6 Model 61 Stepping 4, GenuineIntel



---------------  S Y S T E M  ---------------

OS: Windows 8.1 , 64 bit Build 9600 (6.3.9600.17415)

CPU:total 4 (2 cores per cpu, 2 threads per core) family 6 model 61 stepping 4, cmov, cx8, fxsr, mmx, sse, sse2, sse3, ssse3, sse4.1, sse4.2, popcnt, avx, avx2, aes, clmul, erms, 3dnowpref, lzcnt, ht, tsc, tscinvbit, bmi1, bmi2, adx

Memory: 4k page, physical 4107980k(229568k free), swap 5209432k(5108k free)

vm_info: OpenJDK 64-Bit Server VM (25.76-b03) for windows-amd64 JRE (1.8.0_76-release-b03), built on Jun 29 2016 19:09:20 by "ralucas" with MS VC++ 10.0 (VS2010)

time: Thu Dec 22 18:54:51 2016
elapsed time: 3 seconds (0d 0h 0m 3s)

