#
# There is insufficient memory for the Java Runtime Environment to continue.
# Native memory allocation (malloc) failed to allocate 288336 bytes for Chunk::new
# Possible reasons:
#   The system is out of physical RAM or swap space
#   In 32 bit mode, the process size limit was hit
# Possible solutions:
#   Reduce memory load on the system
#   Increase physical memory or swap space
#   Check if swap backing store is full
#   Use 64 bit Java on a 64 bit OS
#   Decrease Java heap size (-Xmx/-Xms)
#   Decrease number of Java threads
#   Decrease Java thread stack sizes (-Xss)
#   Set larger code cache with -XX:ReservedCodeCacheSize=
# This output file may be truncated or incomplete.
#
#  Out of Memory Error (allocation.cpp:390), pid=3592, tid=0x0000000000000bb8
#
# JRE version: OpenJDK Runtime Environment (8.0_76-b03) (build 1.8.0_76-release-b03)
# Java VM: OpenJDK 64-Bit Server VM (25.76-b03 mixed mode windows-amd64 compressed oops)
# Failed to write core dump. Minidumps are not enabled by default on client versions of Windows
#

---------------  T H R E A D  ---------------

Current thread (0x00000000147de000):  JavaThread "C2 CompilerThread1" daemon [_thread_in_native, id=3000, stack(0x0000000015ef0000,0x0000000015ff0000)]

Stack: [0x0000000015ef0000,0x0000000015ff0000]
[error occurred during error reporting (printing stack bounds), id 0xc0000005]

Native frames: (J=compiled Java code, j=interpreted, Vv=VM code, C=native code)


Current CompileTask:
C2:   4922  997       4       com.android.dx.ssa.SsaMethod::forEachInsn (36 bytes)


---------------  P R O C E S S  ---------------

Java Threads: ( => current thread )
  0x00000000163c2000 JavaThread "pool-2-thread-4" [_thread_blocked, id=3852, stack(0x0000000016af0000,0x0000000016bf0000)]
  0x0000000016359800 JavaThread "pool-2-thread-3" [_thread_in_vm, id=1212, stack(0x00000000169f0000,0x0000000016af0000)]
  0x0000000016352800 JavaThread "pool-2-thread-2" [_thread_in_vm, id=6096, stack(0x00000000168f0000,0x00000000169f0000)]
  0x0000000016345000 JavaThread "pool-3-thread-1" [_thread_blocked, id=196, stack(0x00000000167f0000,0x00000000168f0000)]
  0x00000000163a9000 JavaThread "pool-2-thread-1" [_thread_blocked, id=4372, stack(0x00000000166f0000,0x00000000167f0000)]
  0x000000001610c000 JavaThread "Service Thread" daemon [_thread_blocked, id=4712, stack(0x00000000164f0000,0x00000000165f0000)]
  0x00000000147e1000 JavaThread "C1 CompilerThread2" daemon [_thread_blocked, id=5808, stack(0x0000000015ff0000,0x00000000160f0000)]
=>0x00000000147de000 JavaThread "C2 CompilerThread1" daemon [_thread_in_native, id=3000, stack(0x0000000015ef0000,0x0000000015ff0000)]
  0x00000000147bf000 JavaThread "C2 CompilerThread0" daemon [_thread_in_native, id=2064, stack(0x0000000015df0000,0x0000000015ef0000)]
  0x00000000147ba000 JavaThread "Attach Listener" daemon [_thread_blocked, id=1484, stack(0x0000000015cf0000,0x0000000015df0000)]
  0x00000000147b9000 JavaThread "Signal Dispatcher" daemon [_thread_blocked, id=5504, stack(0x0000000015bf0000,0x0000000015cf0000)]
  0x00000000020eb000 JavaThread "Finalizer" daemon [_thread_blocked, id=3564, stack(0x0000000015a10000,0x0000000015b10000)]
  0x00000000020df000 JavaThread "Reference Handler" daemon [_thread_blocked, id=4484, stack(0x0000000015910000,0x0000000015a10000)]
  0x0000000001ff0800 JavaThread "main" [_thread_blocked, id=3372, stack(0x0000000001e20000,0x0000000001f20000)]

Other Threads:
  0x0000000014785800 VMThread [stack: 0x0000000015810000,0x0000000015910000] [id=5732]
  0x000000001610c800 WatcherThread [stack: 0x00000000165f0000,0x00000000166f0000] [id=4236]

VM state:not at safepoint (normal execution)

VM Mutex/Monitor currently owned by a thread: None

Heap:
 PSYoungGen      total 18944K, used 9167K [0x00000000eab00000, 0x00000000ed000000, 0x0000000100000000)
  eden space 16384K, 40% used [0x00000000eab00000,0x00000000eb175ff8,0x00000000ebb00000)
  from space 2560K, 99% used [0x00000000ebb00000,0x00000000ebd7dc98,0x00000000ebd80000)
  to   space 2560K, 0% used [0x00000000ecd80000,0x00000000ecd80000,0x00000000ed000000)
 ParOldGen       total 44032K, used 1538K [0x00000000c0000000, 0x00000000c2b00000, 0x00000000eab00000)
  object space 44032K, 3% used [0x00000000c0000000,0x00000000c0180860,0x00000000c2b00000)
 Metaspace       used 5802K, capacity 6768K, committed 7040K, reserved 1056768K
  class space    used 571K, capacity 616K, committed 640K, reserved 1048576K

Card table byte_map: [0x00000000114b0000,0x00000000116c0000] byte_map_base: 0x0000000010eb0000

Marking Bits: (ParMarkBitMap*) 0x0000000069db9d00
 Begin Bits: [0x0000000011c20000, 0x0000000012c20000)
 End Bits:   [0x0000000012c20000, 0x0000000013c20000)

Polling page: 0x0000000000570000

CodeCache: size=245760Kb used=3943Kb max_used=3943Kb free=241816Kb
 bounds [0x00000000020f0000, 0x00000000024d0000, 0x00000000110f0000]
 total_blobs=1260 nmethods=990 adapters=184
 compilation: enabled

Compilation events (10 events):
Event: 4.882 Thread 0x00000000147e1000 1015       3       com.android.dx.rop.cst.CstString::<init> (42 bytes)
Event: 4.883 Thread 0x00000000147e1000 nmethod 1015 0x00000000024c9250 code [0x00000000024c9420, 0x00000000024c99b8]
Event: 4.884 Thread 0x00000000147e1000 1016       3       com.android.dx.dex.file.DexFile::internIfAppropriate (128 bytes)
Event: 4.886 Thread 0x00000000147e1000 nmethod 1016 0x00000000024c9c50 code [0x00000000024c9ee0, 0x00000000024cb458]
Event: 4.886 Thread 0x00000000147e1000 1017       3       java.util.TreeMap$ValueIterator::next (8 bytes)
Event: 4.886 Thread 0x00000000147e1000 nmethod 1017 0x00000000024cb9d0 code [0x00000000024cbb40, 0x00000000024cbd48]
Event: 4.886 Thread 0x00000000147e1000 1018       3       java.util.TreeMap::successor (66 bytes)
Event: 4.887 Thread 0x00000000147e1000 nmethod 1018 0x00000000024cbe10 code [0x00000000024cbfa0, 0x00000000024cc310]
Event: 4.888 Thread 0x00000000147e1000 1019       3       com.android.dx.rop.code.RegisterSpec::getBasicFrameType (10 bytes)
Event: 4.888 Thread 0x00000000147e1000 nmethod 1019 0x00000000024cc490 code [0x00000000024cc600, 0x00000000024cc828]

GC Heap History (2 events):
Event: 3.050 GC heap before
{Heap before GC invocations=1 (full 0):
 PSYoungGen      total 18944K, used 16384K [0x00000000eab00000, 0x00000000ec000000, 0x0000000100000000)
  eden space 16384K, 100% used [0x00000000eab00000,0x00000000ebb00000,0x00000000ebb00000)
  from space 2560K, 0% used [0x00000000ebd80000,0x00000000ebd80000,0x00000000ec000000)
  to   space 2560K, 0% used [0x00000000ebb00000,0x00000000ebb00000,0x00000000ebd80000)
 ParOldGen       total 44032K, used 0K [0x00000000c0000000, 0x00000000c2b00000, 0x00000000eab00000)
  object space 44032K, 0% used [0x00000000c0000000,0x00000000c0000000,0x00000000c2b00000)
 Metaspace       used 5577K, capacity 6576K, committed 6784K, reserved 1056768K
  class space    used 567K, capacity 616K, committed 640K, reserved 1048576K
Event: 3.546 GC heap after
Heap after GC invocations=1 (full 0):
 PSYoungGen      total 18944K, used 2551K [0x00000000eab00000, 0x00000000ed000000, 0x0000000100000000)
  eden space 16384K, 0% used [0x00000000eab00000,0x00000000eab00000,0x00000000ebb00000)
  from space 2560K, 99% used [0x00000000ebb00000,0x00000000ebd7dc98,0x00000000ebd80000)
  to   space 2560K, 0% used [0x00000000ecd80000,0x00000000ecd80000,0x00000000ed000000)
 ParOldGen       total 44032K, used 1538K [0x00000000c0000000, 0x00000000c2b00000, 0x00000000eab00000)
  object space 44032K, 3% used [0x00000000c0000000,0x00000000c0180860,0x00000000c2b00000)
 Metaspace       used 5577K, capacity 6576K, committed 6784K, reserved 1056768K
  class space    used 567K, capacity 616K, committed 640K, reserved 1048576K
}

Deoptimization events (10 events):
Event: 4.563 Thread 0x0000000016359800 Uncommon trap: reason=class_check action=maybe_recompile pc=0x0000000002338930 method=com.android.dx.ssa.NormalSsaInsn.accept(Lcom/android/dx/ssa/SsaInsn$Visitor;)V @ 9
Event: 4.563 Thread 0x0000000016359800 Uncommon trap: reason=class_check action=maybe_recompile pc=0x0000000002338930 method=com.android.dx.ssa.NormalSsaInsn.accept(Lcom/android/dx/ssa/SsaInsn$Visitor;)V @ 9
Event: 4.576 Thread 0x0000000016359800 Uncommon trap: reason=class_check action=maybe_recompile pc=0x00000000023792e8 method=com.android.dx.rop.type.Type.equals(Ljava/lang/Object;)Z @ 8
Event: 4.581 Thread 0x00000000163a9000 Uncommon trap: reason=class_check action=maybe_recompile pc=0x00000000023792e8 method=com.android.dx.rop.type.Type.equals(Ljava/lang/Object;)Z @ 8
Event: 4.590 Thread 0x0000000016359800 Uncommon trap: reason=unstable_if action=reinterpret pc=0x0000000002425adc method=java.util.HashMap.getNode(ILjava/lang/Object;)Ljava/util/HashMap$Node; @ 62
Event: 4.590 Thread 0x0000000016359800 Uncommon trap: reason=unstable_if action=reinterpret pc=0x0000000002337e70 method=java.util.HashMap.getNode(ILjava/lang/Object;)Ljava/util/HashMap$Node; @ 62
Event: 4.590 Thread 0x0000000016359800 Uncommon trap: reason=unstable_if action=reinterpret pc=0x00000000022f8fe0 method=java.util.HashMap.getNode(ILjava/lang/Object;)Ljava/util/HashMap$Node; @ 129
Event: 4.597 Thread 0x0000000016359800 Uncommon trap: reason=unstable_if action=reinterpret pc=0x00000000023e79c8 method=com.android.dx.ssa.SsaMethod.onSourcesChanged(Lcom/android/dx/ssa/SsaInsn;Lcom/android/dx/rop/code/RegisterSpecList;)V @ 4
Event: 4.597 Thread 0x0000000016352800 Uncommon trap: reason=unstable_if action=reinterpret pc=0x0000000002412f10 method=com.android.dx.rop.code.RegisterSpec.equals(ILcom/android/dx/rop/type/TypeBearer;Lcom/android/dx/rop/code/LocalItem;)Z @ 16
Event: 4.597 Thread 0x0000000016352800 Uncommon trap: reason=unstable_if action=reinterpret pc=0x000000000236ee64 method=com.android.dx.rop.code.RegisterSpec.equals(ILcom/android/dx/rop/type/TypeBearer;Lcom/android/dx/rop/code/LocalItem;)Z @ 16

Internal exceptions (2 events):
Event: 0.590 Thread 0x0000000001ff0800 Exception <a 'java/lang/NoSuchMethodError': Method sun.misc.Unsafe.defineClass(Ljava/lang/String;[BII)Ljava/lang/Class; name or signature does not match> (0x00000000eab07cc0) thrown at [C:\src\android\AOSP-openjdk\external\jetbrains\jdk\hotspot\src\share\v’NX"≠Â‚?
Event: 0.591 Thread 0x0000000001ff0800 Exception <a 'java/lang/NoSuchMethodError': Method sun.misc.Unsafe.prefetchRead(Ljava/lang/Object;J)V name or signature does not match> (0x00000000eab07fa8) thrown at [C:\src\android\AOSP-openjdk\external\jetbrains\jdk\hotspot\src\share\vm\prims\jni.cpp, l

Events (10 events):
Event: 4.597 Thread 0x0000000016359800 DEOPT PACKING pc=0x00000000023e79c8 sp=0x0000000016aee900
Event: 4.597 Thread 0x0000000016359800 DEOPT UNPACKING pc=0x000000000213556a sp=0x0000000016aee850 mode 2
Event: 4.597 Thread 0x0000000016352800 Uncommon trap: trap_request=0xffffff65 fr.pc=0x0000000002412f10
Event: 4.597 Thread 0x0000000016352800 DEOPT PACKING pc=0x0000000002412f10 sp=0x00000000169eeb70
Event: 4.597 Thread 0x0000000016352800 DEOPT UNPACKING pc=0x000000000213556a sp=0x00000000169eea30 mode 2
Event: 4.597 Thread 0x0000000016352800 Uncommon trap: trap_request=0xffffff65 fr.pc=0x000000000236ee64
Event: 4.597 Thread 0x0000000016352800 DEOPT PACKING pc=0x000000000236ee64 sp=0x00000000169eeac0
Event: 4.597 Thread 0x0000000016352800 DEOPT UNPACKING pc=0x000000000213556a sp=0x00000000169eea58 mode 2
Event: 4.619 loading class com/android/dx/cf/attrib/AttEnclosingMethod
Event: 4.619 loading class com/android/dx/cf/attrib/AttEnclosingMethod done


Dynamic libraries:
0x00007ff631170000 - 0x00007ff6311a1000 	D:\Android\AndroidStudio\jre\bin\java.exe
0x00007ffb46030000 - 0x00007ffb461dd000 	C:\WINDOWS\SYSTEM32\ntdll.dll
0x00007ffb44000000 - 0x00007ffb4413e000 	C:\WINDOWS\system32\KERNEL32.DLL
0x00007ffb43330000 - 0x00007ffb43445000 	C:\WINDOWS\system32\KERNELBASE.dll
0x00007ffb43980000 - 0x00007ffb43a2a000 	C:\WINDOWS\system32\ADVAPI32.dll
0x00007ffb43e10000 - 0x00007ffb43f87000 	C:\WINDOWS\system32\USER32.dll
0x00007ffb40df0000 - 0x00007ffb4106a000 	C:\WINDOWS\WinSxS\amd64_microsoft.windows.common-controls_6595b64144ccf1df_6.0.9600.17810_none_6240b9c7ecbd0bda\COMCTL32.dll
0x00007ffb436b0000 - 0x00007ffb4375a000 	C:\WINDOWS\system32\msvcrt.dll
0x00007ffb43a30000 - 0x00007ffb43a89000 	C:\WINDOWS\SYSTEM32\sechost.dll
0x00007ffb44140000 - 0x00007ffb44280000 	C:\WINDOWS\system32\RPCRT4.dll
0x00007ffb45830000 - 0x00007ffb4597f000 	C:\WINDOWS\system32\GDI32.dll
0x00007ffb43630000 - 0x00007ffb4365e000 	C:\WINDOWS\system32\SspiCli.dll
0x00007ffb43af0000 - 0x00007ffb43b26000 	C:\WINDOWS\system32\IMM32.DLL
0x00007ffb45980000 - 0x00007ffb45ad2000 	C:\WINDOWS\system32\MSCTF.dll
0x000000006a4b0000 - 0x000000006a582000 	D:\Android\AndroidStudio\jre\jre\bin\msvcr100.dll
0x0000000069600000 - 0x0000000069e34000 	D:\Android\AndroidStudio\jre\jre\bin\server\jvm.dll
0x00007ffb3a960000 - 0x00007ffb3a969000 	C:\WINDOWS\SYSTEM32\WSOCK32.dll
0x00007ffb39250000 - 0x00007ffb39272000 	C:\WINDOWS\SYSTEM32\WINMM.dll
0x00007ffb3c820000 - 0x00007ffb3c82a000 	C:\WINDOWS\SYSTEM32\VERSION.dll
0x00007ffb43e00000 - 0x00007ffb43e07000 	C:\WINDOWS\system32\PSAPI.DLL
0x00007ffb44280000 - 0x00007ffb442da000 	C:\WINDOWS\system32\WS2_32.dll
0x00007ffb39150000 - 0x00007ffb3917a000 	C:\WINDOWS\SYSTEM32\WINMMBASE.dll
0x00007ffb45820000 - 0x00007ffb45829000 	C:\WINDOWS\system32\NSI.dll
0x00007ffb43660000 - 0x00007ffb436af000 	C:\WINDOWS\SYSTEM32\cfgmgr32.dll
0x00007ffb41f70000 - 0x00007ffb41f98000 	C:\WINDOWS\SYSTEM32\DEVOBJ.dll
0x00007ffb3dfa0000 - 0x00007ffb3dfaf000 	D:\Android\AndroidStudio\jre\jre\bin\verify.dll
0x00007ffb3bdb0000 - 0x00007ffb3bdd9000 	D:\Android\AndroidStudio\jre\jre\bin\java.dll
0x00007ffb3c710000 - 0x00007ffb3c726000 	D:\Android\AndroidStudio\jre\jre\bin\zip.dll
0x00007ffb442e0000 - 0x00007ffb45808000 	C:\WINDOWS\system32\SHELL32.dll
0x00007ffb43760000 - 0x00007ffb43971000 	C:\WINDOWS\SYSTEM32\combase.dll
0x00007ffb43a90000 - 0x00007ffb43ae4000 	C:\WINDOWS\system32\SHLWAPI.dll
0x00007ffb41790000 - 0x00007ffb41842000 	C:\WINDOWS\SYSTEM32\SHCORE.dll
0x00007ffb43150000 - 0x00007ffb43165000 	C:\WINDOWS\SYSTEM32\profapi.dll

VM Arguments:
jvm_args: -Djava.awt.headless=true -Xmx1024M -Dfile.encoding=windows-1252 -Duser.country=US -Duser.language=en -Duser.variant 
java_command: com.android.dx.command.Main --dex --force-jumbo --num-threads=4 --multi-dex --output D:\Mozilla Downloads\and-nd-firebase-1.00-starting-point\app\build\intermediates\transforms\dex\debug\folders\1000\10\com.google.firebase-firebase-auth-10.0.1_da0ea5ad9e81b1c32a7132f8670e600603c4cc43 D:\Mozilla Downloads\and-nd-firebase-1.00-starting-point\app\build\intermediates\exploded-aar\com.google.firebase\firebase-auth\10.0.1\jars\classes.jar
java_class_path (initial): D:\Android\sdk\build-tools\24.0.1\lib\dx.jar
Launcher Type: SUN_STANDARD

Environment Variables:
PATH=C:\ProgramData\Oracle\Java\javapath;C:\Program Files (x86)\Intel\iCLS Client\;C:\Program Files\Intel\iCLS Client\;C:\WINDOWS\system32;C:\WINDOWS;C:\WINDOWS\System32\Wbem;C:\WINDOWS\System32\WindowsPowerShell\v1.0\;C:\Program Files\Intel\Intel(R) Management Engine Components\DAL;C:\Program Files (x86)\Intel\Intel(R) Management Engine Components\DAL;C:\Program Files\Intel\Intel(R) Management Engine Components\IPT;C:\Program Files (x86)\Intel\Intel(R) Management Engine Components\IPT;C:\Users\Hamid-PC\AppData\Local\atom\bin
USERNAME=Hamid-PC
OS=Windows_NT
PROCESSOR_IDENTIFIER=Intel64 Family 6 Model 61 Stepping 4, GenuineIntel



---------------  S Y S T E M  ---------------

OS: Windows 8.1 , 64 bit Build 9600 (6.3.9600.17415)

CPU:total 4 (2 cores per cpu, 2 threads per core) family 6 model 61 stepping 4, cmov, cx8, fxsr, mmx, sse, sse2, sse3, ssse3, sse4.1, sse4.2, popcnt, avx, avx2, aes, clmul, erms, 3dnowpref, lzcnt, ht, tsc, tscinvbit, bmi1, bmi2, adx

Memory: 4k page, physical 4107980k(289616k free), swap 5209432k(5396k free)

vm_info: OpenJDK 64-Bit Server VM (25.76-b03) for windows-amd64 JRE (1.8.0_76-release-b03), built on Jun 29 2016 19:09:20 by "ralucas" with MS VC++ 10.0 (VS2010)

time: Sat Dec 24 01:38:19 2016
elapsed time: 4 seconds (0d 0h 0m 4s)

