#
# There is insufficient memory for the Java Runtime Environment to continue.
# Native memory allocation (malloc) failed to allocate 53216 bytes for Chunk::new
# Possible reasons:
#   The system is out of physical RAM or swap space
#   In 32 bit mode, the process size limit was hit
# Possible solutions:
#   Reduce memory load on the system
#   Increase physical memory or swap space
#   Check if swap backing store is full
#   Use 64 bit Java on a 64 bit OS
#   Decrease Java heap size (-Xmx/-Xms)
#   Decrease number of Java threads
#   Decrease Java thread stack sizes (-Xss)
#   Set larger code cache with -XX:ReservedCodeCacheSize=
# This output file may be truncated or incomplete.
#
#  Out of Memory Error (allocation.cpp:390), pid=5104, tid=0x0000000000000d70
#
# JRE version: OpenJDK Runtime Environment (8.0_76-b03) (build 1.8.0_76-release-b03)
# Java VM: OpenJDK 64-Bit Server VM (25.76-b03 mixed mode windows-amd64 compressed oops)
# Failed to write core dump. Minidumps are not enabled by default on client versions of Windows
#

---------------  T H R E A D  ---------------

Current thread (0x0000000014f15800):  JavaThread "C2 CompilerThread1" daemon [_thread_in_native, id=3440, stack(0x0000000016610000,0x0000000016710000)]

Stack: [0x0000000016610000,0x0000000016710000]
[error occurred during error reporting (printing stack bounds), id 0xc0000005]

Native frames: (J=compiled Java code, j=interpreted, Vv=VM code, C=native code)


Current CompileTask:
C2:   4194  472       4       java.util.HashMap::getNode (148 bytes)


---------------  P R O C E S S  ---------------

Java Threads: ( => current thread )
  0x0000000016a91800 JavaThread "pool-2-thread-4" [_thread_in_Java, id=5952, stack(0x0000000017210000,0x0000000017310000)]
  0x0000000016a7f800 JavaThread "pool-2-thread-3" [_thread_in_Java, id=4288, stack(0x0000000017110000,0x0000000017210000)]
  0x0000000016a56800 JavaThread "pool-2-thread-2" [_thread_in_Java, id=5896, stack(0x0000000017010000,0x0000000017110000)]
  0x0000000016a55800 JavaThread "pool-3-thread-1" [_thread_blocked, id=2212, stack(0x0000000016f10000,0x0000000017010000)]
  0x0000000016a42800 JavaThread "pool-2-thread-1" [_thread_in_Java, id=3048, stack(0x0000000016e10000,0x0000000016f10000)]
  0x000000001681b800 JavaThread "Service Thread" daemon [_thread_blocked, id=5732, stack(0x0000000016c10000,0x0000000016d10000)]
  0x0000000014f1b800 JavaThread "C1 CompilerThread2" daemon [_thread_in_native, id=5260, stack(0x0000000016710000,0x0000000016810000)]
=>0x0000000014f15800 JavaThread "C2 CompilerThread1" daemon [_thread_in_native, id=3440, stack(0x0000000016610000,0x0000000016710000)]
  0x0000000014ebc000 JavaThread "C2 CompilerThread0" daemon [_thread_blocked, id=1164, stack(0x0000000016510000,0x0000000016610000)]
  0x0000000014ebb000 JavaThread "Attach Listener" daemon [_thread_blocked, id=5964, stack(0x0000000016410000,0x0000000016510000)]
  0x0000000014eb8000 JavaThread "Signal Dispatcher" daemon [_thread_blocked, id=4444, stack(0x0000000016310000,0x0000000016410000)]
  0x0000000014ea8000 JavaThread "Finalizer" daemon [_thread_blocked, id=4460, stack(0x0000000016130000,0x0000000016230000)]
  0x00000000027df000 JavaThread "Reference Handler" daemon [_thread_blocked, id=5040, stack(0x0000000016030000,0x0000000016130000)]
  0x00000000026f0800 JavaThread "main" [_thread_in_Java, id=952, stack(0x0000000002500000,0x0000000002600000)]

Other Threads:
  0x0000000014e85800 VMThread [stack: 0x0000000015f30000,0x0000000016030000] [id=5004]
  0x0000000016810800 WatcherThread [stack: 0x0000000016d10000,0x0000000016e10000] [id=5536]

VM state:not at safepoint (normal execution)

VM Mutex/Monitor currently owned by a thread: None

Heap:
 PSYoungGen      total 18944K, used 14107K [0x00000000eab00000, 0x00000000ec000000, 0x0000000100000000)
  eden space 16384K, 86% used [0x00000000eab00000,0x00000000eb8c6e90,0x00000000ebb00000)
  from space 2560K, 0% used [0x00000000ebd80000,0x00000000ebd80000,0x00000000ec000000)
  to   space 2560K, 0% used [0x00000000ebb00000,0x00000000ebb00000,0x00000000ebd80000)
 ParOldGen       total 44032K, used 0K [0x00000000c0000000, 0x00000000c2b00000, 0x00000000eab00000)
  object space 44032K, 0% used [0x00000000c0000000,0x00000000c0000000,0x00000000c2b00000)
 Metaspace       used 5234K, capacity 6448K, committed 6528K, reserved 1056768K
  class space    used 552K, capacity 616K, committed 640K, reserved 1048576K

Card table byte_map: [0x0000000011bb0000,0x0000000011dc0000] byte_map_base: 0x00000000115b0000

Marking Bits: (ParMarkBitMap*) 0x0000000069db9d00
 Begin Bits: [0x0000000012320000, 0x0000000013320000)
 End Bits:   [0x0000000013320000, 0x0000000014320000)

Polling page: 0x0000000000bc0000

CodeCache: size=245760Kb used=2055Kb max_used=2055Kb free=243704Kb
 bounds [0x00000000027f0000, 0x0000000002a60000, 0x00000000117f0000]
 total_blobs=739 nmethods=477 adapters=176
 compilation: enabled

Compilation events (10 events):
Event: 4.188 Thread 0x0000000014f1b800  441       1       com.android.dx.rop.code.RegisterSpec::getTypeBearer (5 bytes)
Event: 4.188 Thread 0x0000000014f15800  472       4       java.util.HashMap::getNode (148 bytes)
Event: 4.188 Thread 0x0000000014f1b800 nmethod 441 0x00000000029e6c90 code [0x00000000029e6de0, 0x00000000029e6ef0]
Event: 4.188 Thread 0x0000000014f1b800  469       3       com.android.dx.cf.code.LineNumberList::get (9 bytes)
Event: 4.188 Thread 0x0000000014f1b800 nmethod 469 0x00000000029e6790 code [0x00000000029e6900, 0x00000000029e6be8]
Event: 4.188 Thread 0x0000000014f1b800  475       3       com.android.dx.ssa.RegisterMapper::map (63 bytes)
Event: 4.190 Thread 0x0000000014f1b800 nmethod 475 0x00000000029eee90 code [0x00000000029ef0e0, 0x00000000029f01e8]
Event: 4.190 Thread 0x0000000014f1b800  478       3       com.android.dx.rop.code.RegisterSpecList::get (9 bytes)
Event: 4.191 Thread 0x0000000014f1b800 nmethod 478 0x00000000029e6290 code [0x00000000029e6400, 0x00000000029e66e8]
Event: 4.191 Thread 0x0000000014f1b800  480       3       java.lang.Long::bitCount (61 bytes)

GC Heap History (0 events):
No events

Deoptimization events (2 events):
Event: 2.414 Thread 0x00000000026f0800 Uncommon trap: reason=unstable_if action=reinterpret pc=0x00000000029352d0 method=java.lang.String.indexOf(II)I @ 49
Event: 2.694 Thread 0x00000000026f0800 Uncommon trap: reason=unstable_if action=reinterpret pc=0x000000000293ee94 method=java.lang.String.compareTo(Ljava/lang/String;)I @ 38

Internal exceptions (2 events):
Event: 0.367 Thread 0x00000000026f0800 Exception <a 'java/lang/NoSuchMethodError': Method sun.misc.Unsafe.defineClass(Ljava/lang/String;[BII)Ljava/lang/Class; name or signature does not match> (0x00000000eab07cc0) thrown at [C:\src\android\AOSP-openjdk\external\jetbrains\jdk\hotspot\src\share\vÕˆ†ü}Å◊?
Event: 0.367 Thread 0x00000000026f0800 Exception <a 'java/lang/NoSuchMethodError': Method sun.misc.Unsafe.prefetchRead(Ljava/lang/Object;J)V name or signature does not match> (0x00000000eab07fa8) thrown at [C:\src\android\AOSP-openjdk\external\jetbrains\jdk\hotspot\src\share\vm\prims\jni.cpp, l

Events (10 events):
Event: 4.145 loading class com/android/dx/dex/file/DebugInfoItem
Event: 4.145 loading class com/android/dx/dex/file/DebugInfoItem done
Event: 4.156 loading class com/android/dx/cf/attrib/AttLocalVariableTypeTable
Event: 4.156 loading class com/android/dx/cf/attrib/AttLocalVariableTypeTable done
Event: 4.160 loading class com/android/dx/dex/file/FieldAnnotationStruct
Event: 4.160 loading class com/android/dx/dex/file/FieldAnnotationStruct done
Event: 4.163 loading class com/android/dx/cf/code/BytecodeArray$ConstantParserVisitor
Event: 4.163 loading class com/android/dx/cf/code/BytecodeArray$ConstantParserVisitor done
Event: 4.183 loading class com/android/dx/ssa/PhiInsn$Operand
Event: 4.183 loading class com/android/dx/ssa/PhiInsn$Operand done


Dynamic libraries:
0x00007ff631170000 - 0x00007ff6311a1000 	D:\Android\AndroidStudio\jre\bin\java.exe
0x00007ffb46030000 - 0x00007ffb461dd000 	C:\WINDOWS\SYSTEM32\ntdll.dll
0x00007ffb44000000 - 0x00007ffb4413e000 	C:\WINDOWS\system32\KERNEL32.DLL
0x00007ffb43330000 - 0x00007ffb43445000 	C:\WINDOWS\system32\KERNELBASE.dll
0x00007ffb43980000 - 0x00007ffb43a2a000 	C:\WINDOWS\system32\ADVAPI32.dll
0x00007ffb43e10000 - 0x00007ffb43f87000 	C:\WINDOWS\system32\USER32.dll
0x00007ffb40df0000 - 0x00007ffb4106a000 	C:\WINDOWS\WinSxS\amd64_microsoft.windows.common-controls_6595b64144ccf1df_6.0.9600.17810_none_6240b9c7ecbd0bda\COMCTL32.dll
0x00007ffb436b0000 - 0x00007ffb4375a000 	C:\WINDOWS\system32\msvcrt.dll
0x00007ffb43a30000 - 0x00007ffb43a89000 	C:\WINDOWS\SYSTEM32\sechost.dll
0x00007ffb44140000 - 0x00007ffb44280000 	C:\WINDOWS\system32\RPCRT4.dll
0x00007ffb45830000 - 0x00007ffb4597f000 	C:\WINDOWS\system32\GDI32.dll
0x00007ffb43630000 - 0x00007ffb4365e000 	C:\WINDOWS\system32\SspiCli.dll
0x00007ffb43af0000 - 0x00007ffb43b26000 	C:\WINDOWS\system32\IMM32.DLL
0x00007ffb45980000 - 0x00007ffb45ad2000 	C:\WINDOWS\system32\MSCTF.dll
0x000000006a4b0000 - 0x000000006a582000 	D:\Android\AndroidStudio\jre\jre\bin\msvcr100.dll
0x0000000069600000 - 0x0000000069e34000 	D:\Android\AndroidStudio\jre\jre\bin\server\jvm.dll
0x00007ffb3a960000 - 0x00007ffb3a969000 	C:\WINDOWS\SYSTEM32\WSOCK32.dll
0x00007ffb39250000 - 0x00007ffb39272000 	C:\WINDOWS\SYSTEM32\WINMM.dll
0x00007ffb3c820000 - 0x00007ffb3c82a000 	C:\WINDOWS\SYSTEM32\VERSION.dll
0x00007ffb43e00000 - 0x00007ffb43e07000 	C:\WINDOWS\system32\PSAPI.DLL
0x00007ffb44280000 - 0x00007ffb442da000 	C:\WINDOWS\system32\WS2_32.dll
0x00007ffb39150000 - 0x00007ffb3917a000 	C:\WINDOWS\SYSTEM32\WINMMBASE.dll
0x00007ffb45820000 - 0x00007ffb45829000 	C:\WINDOWS\system32\NSI.dll
0x00007ffb43660000 - 0x00007ffb436af000 	C:\WINDOWS\SYSTEM32\cfgmgr32.dll
0x00007ffb41f70000 - 0x00007ffb41f98000 	C:\WINDOWS\SYSTEM32\DEVOBJ.dll
0x00007ffb3dfa0000 - 0x00007ffb3dfaf000 	D:\Android\AndroidStudio\jre\jre\bin\verify.dll
0x00007ffb3bdb0000 - 0x00007ffb3bdd9000 	D:\Android\AndroidStudio\jre\jre\bin\java.dll
0x00007ffb3c710000 - 0x00007ffb3c726000 	D:\Android\AndroidStudio\jre\jre\bin\zip.dll
0x00007ffb442e0000 - 0x00007ffb45808000 	C:\WINDOWS\system32\SHELL32.dll
0x00007ffb43760000 - 0x00007ffb43971000 	C:\WINDOWS\SYSTEM32\combase.dll
0x00007ffb43a90000 - 0x00007ffb43ae4000 	C:\WINDOWS\system32\SHLWAPI.dll
0x00007ffb41790000 - 0x00007ffb41842000 	C:\WINDOWS\SYSTEM32\SHCORE.dll
0x00007ffb43150000 - 0x00007ffb43165000 	C:\WINDOWS\SYSTEM32\profapi.dll

VM Arguments:
jvm_args: -Djava.awt.headless=true -Xmx1024M -Dfile.encoding=windows-1252 -Duser.country=US -Duser.language=en -Duser.variant 
java_command: com.android.dx.command.Main --dex --force-jumbo --num-threads=4 --multi-dex --output D:\Mozilla Downloads\and-nd-firebase-1.00-starting-point\app\build\intermediates\transforms\dex\debug\folders\1000\10\internal_impl-25.0.1_34f99102926244b376b212eae0d9736ab7adeb59 D:\Mozilla Downloads\and-nd-firebase-1.00-starting-point\app\build\intermediates\exploded-aar\com.android.support\support-compat\25.0.1\jars\libs\internal_impl-25.0.1.jar
java_class_path (initial): D:\Android\sdk\build-tools\24.0.1\lib\dx.jar
Launcher Type: SUN_STANDARD

Environment Variables:
PATH=C:\ProgramData\Oracle\Java\javapath;C:\Program Files (x86)\Intel\iCLS Client\;C:\Program Files\Intel\iCLS Client\;C:\WINDOWS\system32;C:\WINDOWS;C:\WINDOWS\System32\Wbem;C:\WINDOWS\System32\WindowsPowerShell\v1.0\;C:\Program Files\Intel\Intel(R) Management Engine Components\DAL;C:\Program Files (x86)\Intel\Intel(R) Management Engine Components\DAL;C:\Program Files\Intel\Intel(R) Management Engine Components\IPT;C:\Program Files (x86)\Intel\Intel(R) Management Engine Components\IPT;C:\Users\Hamid-PC\AppData\Local\atom\bin
USERNAME=Hamid-PC
OS=Windows_NT
PROCESSOR_IDENTIFIER=Intel64 Family 6 Model 61 Stepping 4, GenuineIntel



---------------  S Y S T E M  ---------------

OS: Windows 8.1 , 64 bit Build 9600 (6.3.9600.17415)

CPU:total 4 (2 cores per cpu, 2 threads per core) family 6 model 61 stepping 4, cmov, cx8, fxsr, mmx, sse, sse2, sse3, ssse3, sse4.1, sse4.2, popcnt, avx, avx2, aes, clmul, erms, 3dnowpref, lzcnt, ht, tsc, tscinvbit, bmi1, bmi2, adx

Memory: 4k page, physical 4107980k(298808k free), swap 5209432k(5092k free)

vm_info: OpenJDK 64-Bit Server VM (25.76-b03) for windows-amd64 JRE (1.8.0_76-release-b03), built on Jun 29 2016 19:09:20 by "ralucas" with MS VC++ 10.0 (VS2010)

time: Sat Dec 24 01:39:38 2016
elapsed time: 4 seconds (0d 0h 0m 4s)

