#
# There is insufficient memory for the Java Runtime Environment to continue.
# Native memory allocation (malloc) failed to allocate 194000 bytes for Chunk::new
# Possible reasons:
#   The system is out of physical RAM or swap space
#   In 32 bit mode, the process size limit was hit
# Possible solutions:
#   Reduce memory load on the system
#   Increase physical memory or swap space
#   Check if swap backing store is full
#   Use 64 bit Java on a 64 bit OS
#   Decrease Java heap size (-Xmx/-Xms)
#   Decrease number of Java threads
#   Decrease Java thread stack sizes (-Xss)
#   Set larger code cache with -XX:ReservedCodeCacheSize=
# This output file may be truncated or incomplete.
#
#  Out of Memory Error (allocation.cpp:390), pid=3396, tid=0x00000000000004c8
#
# JRE version: OpenJDK Runtime Environment (8.0_76-b03) (build 1.8.0_76-release-b03)
# Java VM: OpenJDK 64-Bit Server VM (25.76-b03 mixed mode windows-amd64 compressed oops)
# Failed to write core dump. Minidumps are not enabled by default on client versions of Windows
#

---------------  T H R E A D  ---------------

Current thread (0x0000000014664000):  JavaThread "C2 CompilerThread1" daemon [_thread_in_native, id=1224, stack(0x0000000015d40000,0x0000000015e40000)]

Stack: [0x0000000015d40000,0x0000000015e40000]
[error occurred during error reporting (printing stack bounds), id 0xc0000005]

Native frames: (J=compiled Java code, j=interpreted, Vv=VM code, C=native code)


Current CompileTask:
C2:   4731 1217       4       com.android.dx.ssa.SCCP::simulateStmt (481 bytes)


---------------  P R O C E S S  ---------------

Java Threads: ( => current thread )
  0x000000001619b800 JavaThread "pool-2-thread-4" [_thread_in_Java, id=3416, stack(0x0000000016940000,0x0000000016a40000)]
  0x000000001619a800 JavaThread "pool-2-thread-3" [_thread_in_Java, id=5124, stack(0x0000000016840000,0x0000000016940000)]
  0x00000000161fe000 JavaThread "pool-2-thread-2" [_thread_in_Java, id=3356, stack(0x0000000016740000,0x0000000016840000)]
  0x00000000161f8800 JavaThread "pool-3-thread-1" [_thread_blocked, id=2484, stack(0x0000000016640000,0x0000000016740000)]
  0x00000000161f7800 JavaThread "pool-2-thread-1" [_thread_in_Java, id=4260, stack(0x0000000016540000,0x0000000016640000)]
  0x0000000015f4a800 JavaThread "Service Thread" daemon [_thread_blocked, id=1016, stack(0x0000000016340000,0x0000000016440000)]
  0x0000000014667000 JavaThread "C1 CompilerThread2" daemon [_thread_blocked, id=3128, stack(0x0000000015e40000,0x0000000015f40000)]
=>0x0000000014664000 JavaThread "C2 CompilerThread1" daemon [_thread_in_native, id=1224, stack(0x0000000015d40000,0x0000000015e40000)]
  0x000000001460a800 JavaThread "C2 CompilerThread0" daemon [_thread_blocked, id=32, stack(0x0000000015c40000,0x0000000015d40000)]
  0x0000000014609000 JavaThread "Attach Listener" daemon [_thread_blocked, id=4368, stack(0x0000000015b40000,0x0000000015c40000)]
  0x0000000014608000 JavaThread "Signal Dispatcher" daemon [_thread_blocked, id=716, stack(0x0000000015a40000,0x0000000015b40000)]
  0x00000000145f8000 JavaThread "Finalizer" daemon [_thread_blocked, id=4256, stack(0x0000000015860000,0x0000000015960000)]
  0x0000000001f2f000 JavaThread "Reference Handler" daemon [_thread_blocked, id=2372, stack(0x0000000015760000,0x0000000015860000)]
  0x0000000001e40800 JavaThread "main" [_thread_in_vm, id=3160, stack(0x0000000001d40000,0x0000000001e40000)]

Other Threads:
  0x00000000145d5800 VMThread [stack: 0x0000000015660000,0x0000000015760000] [id=4620]
  0x0000000015f4c000 WatcherThread [stack: 0x0000000016440000,0x0000000016540000] [id=2692]

VM state:not at safepoint (normal execution)

VM Mutex/Monitor currently owned by a thread: None

Heap:
 PSYoungGen      total 18944K, used 13599K [0x00000000eab00000, 0x00000000ec000000, 0x0000000100000000)
  eden space 16384K, 67% used [0x00000000eab00000,0x00000000eb5cd450,0x00000000ebb00000)
  from space 2560K, 99% used [0x00000000ebb00000,0x00000000ebd7aaa8,0x00000000ebd80000)
  to   space 2560K, 0% used [0x00000000ebd80000,0x00000000ebd80000,0x00000000ec000000)
 ParOldGen       total 44032K, used 1765K [0x00000000c0000000, 0x00000000c2b00000, 0x00000000eab00000)
  object space 44032K, 4% used [0x00000000c0000000,0x00000000c01b9730,0x00000000c2b00000)
 Metaspace       used 5972K, capacity 6960K, committed 7040K, reserved 1056768K
  class space    used 572K, capacity 616K, committed 640K, reserved 1048576K

Card table byte_map: [0x0000000011300000,0x0000000011510000] byte_map_base: 0x0000000010d00000

Marking Bits: (ParMarkBitMap*) 0x0000000069db9d00
 Begin Bits: [0x0000000011a70000, 0x0000000012a70000)
 End Bits:   [0x0000000012a70000, 0x0000000013a70000)

Polling page: 0x00000000004e0000

CodeCache: size=245760Kb used=5282Kb max_used=5296Kb free=240477Kb
 bounds [0x0000000001f40000, 0x0000000002480000, 0x0000000010f40000]
 total_blobs=1526 nmethods=1258 adapters=182
 compilation: enabled

Compilation events (10 events):
Event: 4.590 Thread 0x0000000014667000 nmethod 1259 0x000000000244fd90 code [0x0000000002450000, 0x0000000002450db8]
Event: 4.591 Thread 0x0000000014667000 1260       3       com.android.dx.cf.code.Simulator$SimVisitor::visitNoArgs (2136 bytes)
Event: 4.610 Thread 0x0000000014667000 nmethod 1260 0x0000000002451990 code [0x0000000002452880, 0x000000000245e568]
Event: 4.611 Thread 0x0000000014667000 1261       3       com.android.dx.ssa.SsaRenamer::<init> (100 bytes)
Event: 4.613 Thread 0x0000000014667000 nmethod 1261 0x0000000002464990 code [0x0000000002464b80, 0x0000000002465688]
Event: 4.646 Thread 0x000000001460a800 nmethod 1242 0x0000000002469990 code [0x0000000002469f00, 0x000000000246cf60]
Event: 4.647 Thread 0x000000001460a800 1250       4       com.android.dx.cf.code.LineNumberList::pcToLine (73 bytes)
Event: 4.657 Thread 0x000000001460a800 nmethod 1250 0x0000000002466510 code [0x0000000002466660, 0x00000000024668f8]
Event: 4.657 Thread 0x000000001460a800 1244       4       com.android.dx.util.ByteArray$MyInputStream::read (40 bytes)
Event: 4.660 Thread 0x000000001460a800 nmethod 1244 0x0000000002466190 code [0x00000000024662e0, 0x00000000024663b8]

GC Heap History (2 events):
Event: 3.431 GC heap before
{Heap before GC invocations=1 (full 0):
 PSYoungGen      total 18944K, used 16384K [0x00000000eab00000, 0x00000000ec000000, 0x0000000100000000)
  eden space 16384K, 100% used [0x00000000eab00000,0x00000000ebb00000,0x00000000ebb00000)
  from space 2560K, 0% used [0x00000000ebd80000,0x00000000ebd80000,0x00000000ec000000)
  to   space 2560K, 0% used [0x00000000ebb00000,0x00000000ebb00000,0x00000000ebd80000)
 ParOldGen       total 44032K, used 0K [0x00000000c0000000, 0x00000000c2b00000, 0x00000000eab00000)
  object space 44032K, 0% used [0x00000000c0000000,0x00000000c0000000,0x00000000c2b00000)
 Metaspace       used 5733K, capacity 6704K, committed 6784K, reserved 1056768K
  class space    used 571K, capacity 616K, committed 640K, reserved 1048576K
Event: 3.705 GC heap after
Heap after GC invocations=1 (full 0):
 PSYoungGen      total 18944K, used 2538K [0x00000000eab00000, 0x00000000ec000000, 0x0000000100000000)
  eden space 16384K, 0% used [0x00000000eab00000,0x00000000eab00000,0x00000000ebb00000)
  from space 2560K, 99% used [0x00000000ebb00000,0x00000000ebd7aaa8,0x00000000ebd80000)
  to   space 2560K, 0% used [0x00000000ebd80000,0x00000000ebd80000,0x00000000ec000000)
 ParOldGen       total 44032K, used 1765K [0x00000000c0000000, 0x00000000c2b00000, 0x00000000eab00000)
  object space 44032K, 4% used [0x00000000c0000000,0x00000000c01b9730,0x00000000c2b00000)
 Metaspace       used 5733K, capacity 6704K, committed 6784K, reserved 1056768K
  class space    used 571K, capacity 616K, committed 640K, reserved 1048576K
}

Deoptimization events (10 events):
Event: 3.076 Thread 0x0000000001e40800 Uncommon trap: reason=class_check action=maybe_recompile pc=0x0000000002256814 method=com.android.dx.ssa.NormalSsaInsn.accept(Lcom/android/dx/ssa/SsaInsn$Visitor;)V @ 9
Event: 3.076 Thread 0x0000000001e40800 Uncommon trap: reason=class_check action=maybe_recompile pc=0x0000000002256814 method=com.android.dx.ssa.NormalSsaInsn.accept(Lcom/android/dx/ssa/SsaInsn$Visitor;)V @ 9
Event: 3.076 Thread 0x0000000001e40800 Uncommon trap: reason=class_check action=maybe_recompile pc=0x0000000002256814 method=com.android.dx.ssa.NormalSsaInsn.accept(Lcom/android/dx/ssa/SsaInsn$Visitor;)V @ 9
Event: 3.076 Thread 0x0000000001e40800 Uncommon trap: reason=class_check action=maybe_recompile pc=0x0000000002256814 method=com.android.dx.ssa.NormalSsaInsn.accept(Lcom/android/dx/ssa/SsaInsn$Visitor;)V @ 9
Event: 3.094 Thread 0x0000000001e40800 Uncommon trap: reason=class_check action=maybe_recompile pc=0x0000000002209bb0 method=com.android.dx.ssa.NormalSsaInsn.accept(Lcom/android/dx/ssa/SsaInsn$Visitor;)V @ 9
Event: 3.254 Thread 0x00000000161f7800 Uncommon trap: reason=unstable_if action=reinterpret pc=0x00000000021adff0 method=java.util.BitSet.nextSetBit(I)I @ 87
Event: 3.882 Thread 0x000000001619a800 Uncommon trap: reason=unstable_if action=reinterpret pc=0x00000000022f6eac method=com.android.dx.rop.code.RegisterSpecSet.put(Lcom/android/dx/rop/code/RegisterSpec;)V @ 77
Event: 3.904 Thread 0x000000001619a800 Uncommon trap: reason=null_check action=make_not_entrant pc=0x00000000022f0360 method=com.android.dx.ssa.SsaRenamer.getLocalForNewReg(I)Lcom/android/dx/rop/code/LocalItem; @ 19
Event: 3.905 Thread 0x000000001619a800 Uncommon trap: reason=null_check action=make_not_entrant pc=0x00000000022be5d8 method=com.android.dx.ssa.SsaRenamer.getLocalForNewReg(I)Lcom/android/dx/rop/code/LocalItem; @ 19
Event: 4.422 Thread 0x0000000001e40800 Uncommon trap: reason=unstable_if action=reinterpret pc=0x000000000230769c method=com.android.dx.rop.cst.Constant.compareTo(Lcom/android/dx/rop/cst/Constant;)I @ 12

Internal exceptions (4 events):
Event: 0.076 Thread 0x0000000001e40800 Exception <a 'java/lang/NoSuchMethodError': Method sun.misc.Unsafe.defineClass(Ljava/lang/String;[BII)Ljava/lang/Class; name or signature does not match> (0x00000000eab07cc0) thrown at [C:\src\android\AOSP-openjdk\external\jetbrains\jdk\hotspot\src\share\v¨P6ám³?
Event: 0.076 Thread 0x0000000001e40800 Exception <a 'java/lang/NoSuchMethodError': Method sun.misc.Unsafe.prefetchRead(Ljava/lang/Object;J)V name or signature does not match> (0x00000000eab07fa8) thrown at [C:\src\android\AOSP-openjdk\external\jetbrains\jdk\hotspot\src\share\vm\prims\jni.cpp, l@Ü\(P;@
Event: 3.904 Thread 0x000000001619a800 Implicit null exception at 0x00000000022edc95 to 0x00000000022f0319
Event: 3.905 Thread 0x000000001619a800 Implicit null exception at 0x00000000022bd087 to 0x00000000022be5a5

Events (10 events):
Event: 3.904 Thread 0x000000001619a800 DEOPT PACKING pc=0x00000000022f0360 sp=0x000000001693e720
Event: 3.904 Thread 0x000000001619a800 DEOPT UNPACKING pc=0x0000000001f8556a sp=0x000000001693e578 mode 2
Event: 3.905 Thread 0x000000001619a800 Uncommon trap: trap_request=0xfffffff4 fr.pc=0x00000000022be5d8
Event: 3.905 Thread 0x000000001619a800 DEOPT PACKING pc=0x00000000022be5d8 sp=0x000000001693e700
Event: 3.905 Thread 0x000000001619a800 DEOPT UNPACKING pc=0x0000000001f8556a sp=0x000000001693e568 mode 2
Event: 4.216 Executing VM operation: EnableBiasedLocking
Event: 4.251 Executing VM operation: EnableBiasedLocking done
Event: 4.422 Thread 0x0000000001e40800 Uncommon trap: trap_request=0xffffff65 fr.pc=0x000000000230769c
Event: 4.422 Thread 0x0000000001e40800 DEOPT PACKING pc=0x000000000230769c sp=0x0000000001e3e100
Event: 4.422 Thread 0x0000000001e40800 DEOPT UNPACKING pc=0x0000000001f8556a sp=0x0000000001e3e0a0 mode 2


Dynamic libraries:
0x00007ff766640000 - 0x00007ff766671000 	D:\Android\AndroidStudio\jre\bin\java.exe
0x00007ffb46030000 - 0x00007ffb461dd000 	C:\WINDOWS\SYSTEM32\ntdll.dll
0x00007ffb44000000 - 0x00007ffb4413e000 	C:\WINDOWS\system32\KERNEL32.DLL
0x00007ffb43330000 - 0x00007ffb43445000 	C:\WINDOWS\system32\KERNELBASE.dll
0x00007ffb43980000 - 0x00007ffb43a2a000 	C:\WINDOWS\system32\ADVAPI32.dll
0x00007ffb43e10000 - 0x00007ffb43f87000 	C:\WINDOWS\system32\USER32.dll
0x00007ffb40df0000 - 0x00007ffb4106a000 	C:\WINDOWS\WinSxS\amd64_microsoft.windows.common-controls_6595b64144ccf1df_6.0.9600.17810_none_6240b9c7ecbd0bda\COMCTL32.dll
0x00007ffb436b0000 - 0x00007ffb4375a000 	C:\WINDOWS\system32\msvcrt.dll
0x00007ffb43a30000 - 0x00007ffb43a89000 	C:\WINDOWS\SYSTEM32\sechost.dll
0x00007ffb44140000 - 0x00007ffb44280000 	C:\WINDOWS\system32\RPCRT4.dll
0x00007ffb45830000 - 0x00007ffb4597f000 	C:\WINDOWS\system32\GDI32.dll
0x00007ffb43630000 - 0x00007ffb4365e000 	C:\WINDOWS\system32\SspiCli.dll
0x00007ffb43af0000 - 0x00007ffb43b26000 	C:\WINDOWS\system32\IMM32.DLL
0x00007ffb45980000 - 0x00007ffb45ad2000 	C:\WINDOWS\system32\MSCTF.dll
0x0000000069520000 - 0x00000000695f2000 	D:\Android\AndroidStudio\jre\jre\bin\msvcr100.dll
0x0000000069600000 - 0x0000000069e34000 	D:\Android\AndroidStudio\jre\jre\bin\server\jvm.dll
0x00007ffb3a960000 - 0x00007ffb3a969000 	C:\WINDOWS\SYSTEM32\WSOCK32.dll
0x00007ffb39250000 - 0x00007ffb39272000 	C:\WINDOWS\SYSTEM32\WINMM.dll
0x00007ffb3c820000 - 0x00007ffb3c82a000 	C:\WINDOWS\SYSTEM32\VERSION.dll
0x00007ffb43e00000 - 0x00007ffb43e07000 	C:\WINDOWS\system32\PSAPI.DLL
0x00007ffb44280000 - 0x00007ffb442da000 	C:\WINDOWS\system32\WS2_32.dll
0x00007ffb39150000 - 0x00007ffb3917a000 	C:\WINDOWS\SYSTEM32\WINMMBASE.dll
0x00007ffb45820000 - 0x00007ffb45829000 	C:\WINDOWS\system32\NSI.dll
0x00007ffb43660000 - 0x00007ffb436af000 	C:\WINDOWS\SYSTEM32\cfgmgr32.dll
0x00007ffb41f70000 - 0x00007ffb41f98000 	C:\WINDOWS\SYSTEM32\DEVOBJ.dll
0x00007ffb3f0a0000 - 0x00007ffb3f0af000 	D:\Android\AndroidStudio\jre\jre\bin\verify.dll
0x00007ffb3bae0000 - 0x00007ffb3bb09000 	D:\Android\AndroidStudio\jre\jre\bin\java.dll
0x00007ffb3ec30000 - 0x00007ffb3ec46000 	D:\Android\AndroidStudio\jre\jre\bin\zip.dll
0x00007ffb442e0000 - 0x00007ffb45808000 	C:\WINDOWS\system32\SHELL32.dll
0x00007ffb43760000 - 0x00007ffb43971000 	C:\WINDOWS\SYSTEM32\combase.dll
0x00007ffb43a90000 - 0x00007ffb43ae4000 	C:\WINDOWS\system32\SHLWAPI.dll
0x00007ffb41790000 - 0x00007ffb41842000 	C:\WINDOWS\SYSTEM32\SHCORE.dll
0x00007ffb43150000 - 0x00007ffb43165000 	C:\WINDOWS\SYSTEM32\profapi.dll

VM Arguments:
jvm_args: -Djava.awt.headless=true -Xmx1024M -Dfile.encoding=windows-1252 -Duser.country=US -Duser.language=en -Duser.variant 
java_command: com.android.dx.command.Main --dex --force-jumbo --num-threads=4 --multi-dex --output D:\Mozilla Downloads\and-nd-firebase-1.00-starting-point\app\build\intermediates\transforms\dex\debug\folders\1000\10\io.fabric.sdk.android-fabric-1.3.14_819a4e62d888f85395248b5a5fc27fb0d2ed929a D:\Mozilla Downloads\and-nd-firebase-1.00-starting-point\app\build\intermediates\exploded-aar\io.fabric.sdk.android\fabric\1.3.14\jars\classes.jar
java_class_path (initial): D:\Android\sdk\build-tools\24.0.1\lib\dx.jar
Launcher Type: SUN_STANDARD

Environment Variables:
PATH=C:\ProgramData\Oracle\Java\javapath;C:\Program Files (x86)\Intel\iCLS Client\;C:\Program Files\Intel\iCLS Client\;C:\WINDOWS\system32;C:\WINDOWS;C:\WINDOWS\System32\Wbem;C:\WINDOWS\System32\WindowsPowerShell\v1.0\;C:\Program Files\Intel\Intel(R) Management Engine Components\DAL;C:\Program Files (x86)\Intel\Intel(R) Management Engine Components\DAL;C:\Program Files\Intel\Intel(R) Management Engine Components\IPT;C:\Program Files (x86)\Intel\Intel(R) Management Engine Components\IPT;C:\Program Files\Microsoft SQL Server\110\Tools\Binn\
USERNAME=Hamid-PC
OS=Windows_NT
PROCESSOR_IDENTIFIER=Intel64 Family 6 Model 61 Stepping 4, GenuineIntel



---------------  S Y S T E M  ---------------

OS: Windows 8.1 , 64 bit Build 9600 (6.3.9600.17415)

CPU:total 4 (2 cores per cpu, 2 threads per core) family 6 model 61 stepping 4, cmov, cx8, fxsr, mmx, sse, sse2, sse3, ssse3, sse4.1, sse4.2, popcnt, avx, avx2, aes, clmul, erms, 3dnowpref, lzcnt, ht, tsc, tscinvbit, bmi1, bmi2, adx

Memory: 4k page, physical 4107980k(179048k free), swap 5209432k(5132k free)

vm_info: OpenJDK 64-Bit Server VM (25.76-b03) for windows-amd64 JRE (1.8.0_76-release-b03), built on Jun 29 2016 19:09:20 by "ralucas" with MS VC++ 10.0 (VS2010)

time: Thu Dec 22 18:44:49 2016
elapsed time: 4 seconds (0d 0h 0m 4s)

