#
# There is insufficient memory for the Java Runtime Environment to continue.
# Native memory allocation (malloc) failed to allocate 392976 bytes for Chunk::new
# Possible reasons:
#   The system is out of physical RAM or swap space
#   In 32 bit mode, the process size limit was hit
# Possible solutions:
#   Reduce memory load on the system
#   Increase physical memory or swap space
#   Check if swap backing store is full
#   Use 64 bit Java on a 64 bit OS
#   Decrease Java heap size (-Xmx/-Xms)
#   Decrease number of Java threads
#   Decrease Java thread stack sizes (-Xss)
#   Set larger code cache with -XX:ReservedCodeCacheSize=
# This output file may be truncated or incomplete.
#
#  Out of Memory Error (allocation.cpp:390), pid=3188, tid=0x0000000000000fb4
#
# JRE version: OpenJDK Runtime Environment (8.0_76-b03) (build 1.8.0_76-release-b03)
# Java VM: OpenJDK 64-Bit Server VM (25.76-b03 mixed mode windows-amd64 compressed oops)
# Failed to write core dump. Minidumps are not enabled by default on client versions of Windows
#

---------------  T H R E A D  ---------------

Current thread (0x00000000151f4000):  JavaThread "C2 CompilerThread1" daemon [_thread_in_native, id=4020, stack(0x00000000168e0000,0x00000000169e0000)]

Stack: [0x00000000168e0000,0x00000000169e0000]
[error occurred during error reporting (printing stack bounds), id 0xc0000005]

Native frames: (J=compiled Java code, j=interpreted, Vv=VM code, C=native code)


Current CompileTask:
C2:   4567 1169   !   4       com.android.dx.cf.code.BytecodeArray::parseInstruction (2764 bytes)


---------------  P R O C E S S  ---------------

Java Threads: ( => current thread )
  0x0000000016d41800 JavaThread "pool-2-thread-4" [_thread_blocked, id=4316, stack(0x00000000174e0000,0x00000000175e0000)]
  0x0000000016d3f000 JavaThread "pool-2-thread-3" [_thread_blocked, id=4376, stack(0x00000000173e0000,0x00000000174e0000)]
  0x0000000016d40000 JavaThread "pool-2-thread-2" [_thread_in_Java, id=5136, stack(0x00000000172e0000,0x00000000173e0000)]
  0x0000000016d39000 JavaThread "pool-3-thread-1" [_thread_blocked, id=1336, stack(0x00000000171e0000,0x00000000172e0000)]
  0x0000000016d36000 JavaThread "pool-2-thread-1" [_thread_blocked, id=2388, stack(0x00000000170e0000,0x00000000171e0000)]
  0x0000000016aea800 JavaThread "Service Thread" daemon [_thread_blocked, id=4916, stack(0x0000000016ee0000,0x0000000016fe0000)]
  0x00000000151f7000 JavaThread "C1 CompilerThread2" daemon [_thread_blocked, id=3084, stack(0x00000000169e0000,0x0000000016ae0000)]
=>0x00000000151f4000 JavaThread "C2 CompilerThread1" daemon [_thread_in_native, id=4020, stack(0x00000000168e0000,0x00000000169e0000)]
  0x000000001519a800 JavaThread "C2 CompilerThread0" daemon [_thread_blocked, id=3600, stack(0x00000000167e0000,0x00000000168e0000)]
  0x0000000015199000 JavaThread "Attach Listener" daemon [_thread_blocked, id=4472, stack(0x00000000166e0000,0x00000000167e0000)]
  0x0000000015198000 JavaThread "Signal Dispatcher" daemon [_thread_blocked, id=2348, stack(0x00000000165e0000,0x00000000166e0000)]
  0x0000000015188000 JavaThread "Finalizer" daemon [_thread_blocked, id=4732, stack(0x0000000016400000,0x0000000016500000)]
  0x0000000002abf000 JavaThread "Reference Handler" daemon [_thread_blocked, id=4060, stack(0x0000000016300000,0x0000000016400000)]
  0x00000000029d0800 JavaThread "main" [_thread_in_Java, id=5004, stack(0x00000000028b0000,0x00000000029b0000)]

Other Threads:
  0x0000000015165800 VMThread [stack: 0x0000000016200000,0x0000000016300000] [id=2256]
  0x0000000016aec000 WatcherThread [stack: 0x0000000016fe0000,0x00000000170e0000] [id=804]

VM state:not at safepoint (normal execution)

VM Mutex/Monitor currently owned by a thread: None

Heap:
 PSYoungGen      total 18944K, used 14820K [0x00000000eab00000, 0x00000000ed000000, 0x0000000100000000)
  eden space 16384K, 74% used [0x00000000eab00000,0x00000000eb6ff6f8,0x00000000ebb00000)
  from space 2560K, 99% used [0x00000000ebb00000,0x00000000ebd79c88,0x00000000ebd80000)
  to   space 2560K, 0% used [0x00000000ecd80000,0x00000000ecd80000,0x00000000ed000000)
 ParOldGen       total 44032K, used 1544K [0x00000000c0000000, 0x00000000c2b00000, 0x00000000eab00000)
  object space 44032K, 3% used [0x00000000c0000000,0x00000000c0182220,0x00000000c2b00000)
 Metaspace       used 5761K, capacity 6896K, committed 7040K, reserved 1056768K
  class space    used 558K, capacity 616K, committed 640K, reserved 1048576K

Card table byte_map: [0x0000000011e90000,0x00000000120a0000] byte_map_base: 0x0000000011890000

Marking Bits: (ParMarkBitMap*) 0x0000000069db9d00
 Begin Bits: [0x0000000012600000, 0x0000000013600000)
 End Bits:   [0x0000000013600000, 0x0000000014600000)

Polling page: 0x0000000000f30000

CodeCache: size=245760Kb used=4810Kb max_used=4822Kb free=240949Kb
 bounds [0x0000000002ad0000, 0x0000000002f90000, 0x0000000011ad0000]
 total_blobs=1445 nmethods=1183 adapters=176
 compilation: enabled

Compilation events (10 events):
Event: 4.486 Thread 0x00000000151f7000 nmethod 1199 0x0000000002f81910 code [0x0000000002f81b40, 0x0000000002f82918]
Event: 4.486 Thread 0x00000000151f7000 1201       3       com.android.dx.ssa.SsaConverter::edgeSplitSuccessors (98 bytes)
Event: 4.488 Thread 0x00000000151f7000 nmethod 1201 0x0000000002f82ed0 code [0x0000000002f83140, 0x0000000002f83f68]
Event: 4.488 Thread 0x00000000151f7000 1200       3       com.android.dx.dex.file.OffsettedItem::<init> (44 bytes)
Event: 4.489 Thread 0x00000000151f7000 nmethod 1200 0x0000000002f84910 code [0x0000000002f84ac0, 0x0000000002f84f98]
Event: 4.512 Thread 0x000000001519a800 nmethod 1193 0x0000000002f88910 code [0x0000000002f88ac0, 0x0000000002f895d8]
Event: 4.512 Thread 0x000000001519a800 1191       4       java.util.AbstractList::<init> (10 bytes)
Event: 4.512 Thread 0x000000001519a800 nmethod 1191 0x0000000002f69810 code [0x0000000002f69940, 0x0000000002f69998]
Event: 4.512 Thread 0x000000001519a800 1180       4       com.android.dx.rop.code.RegisterSpecList::set (7 bytes)
Event: 4.515 Thread 0x000000001519a800 nmethod 1180 0x0000000002f85850 code [0x0000000002f859a0, 0x0000000002f85ab8]

GC Heap History (2 events):
Event: 3.275 GC heap before
{Heap before GC invocations=1 (full 0):
 PSYoungGen      total 18944K, used 16384K [0x00000000eab00000, 0x00000000ec000000, 0x0000000100000000)
  eden space 16384K, 100% used [0x00000000eab00000,0x00000000ebb00000,0x00000000ebb00000)
  from space 2560K, 0% used [0x00000000ebd80000,0x00000000ebd80000,0x00000000ec000000)
  to   space 2560K, 0% used [0x00000000ebb00000,0x00000000ebb00000,0x00000000ebd80000)
 ParOldGen       total 44032K, used 0K [0x00000000c0000000, 0x00000000c2b00000, 0x00000000eab00000)
  object space 44032K, 0% used [0x00000000c0000000,0x00000000c0000000,0x00000000c2b00000)
 Metaspace       used 5552K, capacity 6704K, committed 6784K, reserved 1056768K
  class space    used 557K, capacity 616K, committed 640K, reserved 1048576K
Event: 3.441 GC heap after
Heap after GC invocations=1 (full 0):
 PSYoungGen      total 18944K, used 2535K [0x00000000eab00000, 0x00000000ed000000, 0x0000000100000000)
  eden space 16384K, 0% used [0x00000000eab00000,0x00000000eab00000,0x00000000ebb00000)
  from space 2560K, 99% used [0x00000000ebb00000,0x00000000ebd79c88,0x00000000ebd80000)
  to   space 2560K, 0% used [0x00000000ecd80000,0x00000000ecd80000,0x00000000ed000000)
 ParOldGen       total 44032K, used 1544K [0x00000000c0000000, 0x00000000c2b00000, 0x00000000eab00000)
  object space 44032K, 3% used [0x00000000c0000000,0x00000000c0182220,0x00000000c2b00000)
 Metaspace       used 5552K, capacity 6704K, committed 6784K, reserved 1056768K
  class space    used 557K, capacity 616K, committed 640K, reserved 1048576K
}

Deoptimization events (10 events):
Event: 2.808 Thread 0x0000000016d36000 Uncommon trap: reason=unstable_if action=reinterpret pc=0x0000000002d13770 method=java.util.BitSet.nextSetBit(I)I @ 87
Event: 2.818 Thread 0x0000000016d3f000 Uncommon trap: reason=unstable_if action=reinterpret pc=0x0000000002d03688 method=java.util.HashMap.getNode(ILjava/lang/Object;)Ljava/util/HashMap$Node; @ 62
Event: 3.468 Thread 0x0000000016d40000 Uncommon trap: reason=unstable_if action=reinterpret pc=0x0000000002dd32ac method=java.util.HashMap.getNode(ILjava/lang/Object;)Ljava/util/HashMap$Node; @ 129
Event: 3.470 Thread 0x0000000016d40000 Uncommon trap: reason=unstable_if action=reinterpret pc=0x0000000002d0cbd4 method=java.util.HashMap.getNode(ILjava/lang/Object;)Ljava/util/HashMap$Node; @ 129
Event: 4.337 Thread 0x0000000016d3f000 Uncommon trap: reason=unstable_if action=reinterpret pc=0x0000000002d251f4 method=java.util.BitSet.ensureCapacity(I)V @ 6
Event: 4.337 Thread 0x0000000016d3f000 Uncommon trap: reason=unstable_if action=reinterpret pc=0x0000000002d10b70 method=java.util.BitSet.ensureCapacity(I)V @ 6
Event: 4.422 Thread 0x0000000016d40000 Uncommon trap: reason=unstable_if action=reinterpret pc=0x0000000002f02a38 method=com.android.dx.rop.code.LocalItem.hashCode()I @ 25
Event: 4.430 Thread 0x00000000029d0800 Uncommon trap: reason=unstable_if action=reinterpret pc=0x0000000002d739dc method=com.android.dx.rop.code.LocalItem.hashCode()I @ 25
Event: 4.433 Thread 0x00000000029d0800 Uncommon trap: reason=unstable_if action=reinterpret pc=0x0000000002e2d0a8 method=com.android.dx.rop.code.LocalItem.hashCode()I @ 25
Event: 4.448 Thread 0x0000000016d40000 Uncommon trap: reason=unstable_if action=reinterpret pc=0x0000000002edf4a0 method=com.android.dx.rop.code.LocalItem.hashCode()I @ 25

Internal exceptions (2 events):
Event: 0.312 Thread 0x00000000029d0800 Exception <a 'java/lang/NoSuchMethodError': Method sun.misc.Unsafe.defineClass(Ljava/lang/String;[BII)Ljava/lang/Class; name or signature does not match> (0x00000000eab07cc0) thrown at [C:\src\android\AOSP-openjdk\external\jetbrains\jdk\hotspot\src\share\vŠz”éoþÓ?
Event: 0.312 Thread 0x00000000029d0800 Exception <a 'java/lang/NoSuchMethodError': Method sun.misc.Unsafe.prefetchRead(Ljava/lang/Object;J)V name or signature does not match> (0x00000000eab07fa8) thrown at [C:\src\android\AOSP-openjdk\external\jetbrains\jdk\hotspot\src\share\vm\prims\jni.cpp, l

Events (10 events):
Event: 4.422 Thread 0x0000000016d40000 DEOPT UNPACKING pc=0x0000000002b1556a sp=0x00000000173de0b8 mode 2
Event: 4.430 Thread 0x00000000029d0800 Uncommon trap: trap_request=0xffffff65 fr.pc=0x0000000002d739dc
Event: 4.430 Thread 0x00000000029d0800 DEOPT PACKING pc=0x0000000002d739dc sp=0x00000000029ae060
Event: 4.430 Thread 0x00000000029d0800 DEOPT UNPACKING pc=0x0000000002b1556a sp=0x00000000029adf98 mode 2
Event: 4.433 Thread 0x00000000029d0800 Uncommon trap: trap_request=0xffffff65 fr.pc=0x0000000002e2d0a8
Event: 4.433 Thread 0x00000000029d0800 DEOPT PACKING pc=0x0000000002e2d0a8 sp=0x00000000029ae600
Event: 4.433 Thread 0x00000000029d0800 DEOPT UNPACKING pc=0x0000000002b1556a sp=0x00000000029ae1c0 mode 2
Event: 4.448 Thread 0x0000000016d40000 Uncommon trap: trap_request=0xffffff65 fr.pc=0x0000000002edf4a0
Event: 4.448 Thread 0x0000000016d40000 DEOPT PACKING pc=0x0000000002edf4a0 sp=0x00000000173de950
Event: 4.448 Thread 0x0000000016d40000 DEOPT UNPACKING pc=0x0000000002b1556a sp=0x00000000173de580 mode 2


Dynamic libraries:
0x00007ff631170000 - 0x00007ff6311a1000 	D:\Android\AndroidStudio\jre\bin\java.exe
0x00007ffb46030000 - 0x00007ffb461dd000 	C:\WINDOWS\SYSTEM32\ntdll.dll
0x00007ffb44000000 - 0x00007ffb4413e000 	C:\WINDOWS\system32\KERNEL32.DLL
0x00007ffb43330000 - 0x00007ffb43445000 	C:\WINDOWS\system32\KERNELBASE.dll
0x00007ffb43980000 - 0x00007ffb43a2a000 	C:\WINDOWS\system32\ADVAPI32.dll
0x00007ffb43e10000 - 0x00007ffb43f87000 	C:\WINDOWS\system32\USER32.dll
0x00007ffb40df0000 - 0x00007ffb4106a000 	C:\WINDOWS\WinSxS\amd64_microsoft.windows.common-controls_6595b64144ccf1df_6.0.9600.17810_none_6240b9c7ecbd0bda\COMCTL32.dll
0x00007ffb436b0000 - 0x00007ffb4375a000 	C:\WINDOWS\system32\msvcrt.dll
0x00007ffb43a30000 - 0x00007ffb43a89000 	C:\WINDOWS\SYSTEM32\sechost.dll
0x00007ffb44140000 - 0x00007ffb44280000 	C:\WINDOWS\system32\RPCRT4.dll
0x00007ffb45830000 - 0x00007ffb4597f000 	C:\WINDOWS\system32\GDI32.dll
0x00007ffb43630000 - 0x00007ffb4365e000 	C:\WINDOWS\system32\SspiCli.dll
0x00007ffb43af0000 - 0x00007ffb43b26000 	C:\WINDOWS\system32\IMM32.DLL
0x00007ffb45980000 - 0x00007ffb45ad2000 	C:\WINDOWS\system32\MSCTF.dll
0x000000006a4b0000 - 0x000000006a582000 	D:\Android\AndroidStudio\jre\jre\bin\msvcr100.dll
0x0000000069600000 - 0x0000000069e34000 	D:\Android\AndroidStudio\jre\jre\bin\server\jvm.dll
0x00007ffb3a960000 - 0x00007ffb3a969000 	C:\WINDOWS\SYSTEM32\WSOCK32.dll
0x00007ffb39250000 - 0x00007ffb39272000 	C:\WINDOWS\SYSTEM32\WINMM.dll
0x00007ffb3c820000 - 0x00007ffb3c82a000 	C:\WINDOWS\SYSTEM32\VERSION.dll
0x00007ffb43e00000 - 0x00007ffb43e07000 	C:\WINDOWS\system32\PSAPI.DLL
0x00007ffb44280000 - 0x00007ffb442da000 	C:\WINDOWS\system32\WS2_32.dll
0x00007ffb39150000 - 0x00007ffb3917a000 	C:\WINDOWS\SYSTEM32\WINMMBASE.dll
0x00007ffb45820000 - 0x00007ffb45829000 	C:\WINDOWS\system32\NSI.dll
0x00007ffb43660000 - 0x00007ffb436af000 	C:\WINDOWS\SYSTEM32\cfgmgr32.dll
0x00007ffb41f70000 - 0x00007ffb41f98000 	C:\WINDOWS\SYSTEM32\DEVOBJ.dll
0x00007ffb3dfa0000 - 0x00007ffb3dfaf000 	D:\Android\AndroidStudio\jre\jre\bin\verify.dll
0x00007ffb3bdb0000 - 0x00007ffb3bdd9000 	D:\Android\AndroidStudio\jre\jre\bin\java.dll
0x00007ffb3c710000 - 0x00007ffb3c726000 	D:\Android\AndroidStudio\jre\jre\bin\zip.dll
0x00007ffb442e0000 - 0x00007ffb45808000 	C:\WINDOWS\system32\SHELL32.dll
0x00007ffb43760000 - 0x00007ffb43971000 	C:\WINDOWS\SYSTEM32\combase.dll
0x00007ffb43a90000 - 0x00007ffb43ae4000 	C:\WINDOWS\system32\SHLWAPI.dll
0x00007ffb41790000 - 0x00007ffb41842000 	C:\WINDOWS\SYSTEM32\SHCORE.dll
0x00007ffb43150000 - 0x00007ffb43165000 	C:\WINDOWS\SYSTEM32\profapi.dll

VM Arguments:
jvm_args: -Djava.awt.headless=true -Xmx1024M -Dfile.encoding=windows-1252 -Duser.country=US -Duser.language=en -Duser.variant 
java_command: com.android.dx.command.Main --dex --force-jumbo --num-threads=4 --multi-dex --output D:\Mozilla Downloads\and-nd-firebase-1.00-starting-point\app\build\intermediates\transforms\dex\debug\folders\1000\10\com.android.support-design-25.0.1_12407507b25bc68aadc6e1b4170a224ef51b6529 D:\Mozilla Downloads\and-nd-firebase-1.00-starting-point\app\build\intermediates\exploded-aar\com.android.support\design\25.0.1\jars\classes.jar
java_class_path (initial): D:\Android\sdk\build-tools\24.0.1\lib\dx.jar
Launcher Type: SUN_STANDARD

Environment Variables:
PATH=C:\ProgramData\Oracle\Java\javapath;C:\Program Files (x86)\Intel\iCLS Client\;C:\Program Files\Intel\iCLS Client\;C:\WINDOWS\system32;C:\WINDOWS;C:\WINDOWS\System32\Wbem;C:\WINDOWS\System32\WindowsPowerShell\v1.0\;C:\Program Files\Intel\Intel(R) Management Engine Components\DAL;C:\Program Files (x86)\Intel\Intel(R) Management Engine Components\DAL;C:\Program Files\Intel\Intel(R) Management Engine Components\IPT;C:\Program Files (x86)\Intel\Intel(R) Management Engine Components\IPT;C:\Users\Hamid-PC\AppData\Local\atom\bin
USERNAME=Hamid-PC
OS=Windows_NT
PROCESSOR_IDENTIFIER=Intel64 Family 6 Model 61 Stepping 4, GenuineIntel



---------------  S Y S T E M  ---------------

OS: Windows 8.1 , 64 bit Build 9600 (6.3.9600.17415)

CPU:total 4 (2 cores per cpu, 2 threads per core) family 6 model 61 stepping 4, cmov, cx8, fxsr, mmx, sse, sse2, sse3, ssse3, sse4.1, sse4.2, popcnt, avx, avx2, aes, clmul, erms, 3dnowpref, lzcnt, ht, tsc, tscinvbit, bmi1, bmi2, adx

Memory: 4k page, physical 4107980k(332252k free), swap 5209432k(6036k free)

vm_info: OpenJDK 64-Bit Server VM (25.76-b03) for windows-amd64 JRE (1.8.0_76-release-b03), built on Jun 29 2016 19:09:20 by "ralucas" with MS VC++ 10.0 (VS2010)

time: Sat Dec 24 01:38:26 2016
elapsed time: 4 seconds (0d 0h 0m 4s)

