#
# A fatal error has been detected by the Java Runtime Environment:
#
#  EXCEPTION_ACCESS_VIOLATION (0xc0000005) at pc=0x00000000697eaeb7, pid=11368, tid=0x000000000000256c
#
# JRE version: OpenJDK Runtime Environment (8.0_76-b03) (build 1.8.0_76-release-b03)
# Java VM: OpenJDK 64-Bit Server VM (25.76-b03 mixed mode windows-amd64 compressed oops)
# Problematic frame:
# V  [jvm.dll+0x1eaeb7]
#
# Failed to write core dump. Minidumps are not enabled by default on client versions of Windows
#
# If you would like to submit a bug report, please visit:
#   http://bugreport.java.com/bugreport/crash.jsp
#

---------------  T H R E A D  ---------------

Current thread (0x0000000016e7a000):  JavaThread "pool-2-thread-2" [_thread_in_vm, id=9580, stack(0x0000000017530000,0x0000000017630000)]

siginfo: ExceptionCode=0xc0000005, writing address 0x0000000017625ad0

Registers:
RAX=0x0000000017625ad0, RBX=0x0000000000000007, RCX=0x0000000000006000, RDX=0x0000000000000016
RSP=0x000000001762bad0, RBP=0x0000000000000000, RSI=0x000000001762bad0, RDI=0x0000000000000007
R8 =0x0000000000000016, R9 =0x0000000016e6df60, R10=0x0000000014a74900, R11=0x000000001753a160
R12=0x0000000016e6df60, R13=0x0000000016e7a000, R14=0x000000001762bb98, R15=0x0000000014a74900
RIP=0x00000000697eaeb7, EFLAGS=0x0000000000010202

Top of Stack: (sp=0x000000001762bad0)
0x000000001762bad0:   0000000014c552e0 0000000000000000
0x000000001762bae0:   0000000016e7a000 0000000016e6df60
0x000000001762baf0:   00000000ffffffff 00000000697ebde7
0x000000001762bb00:   000000001762bc00 0000000014a74900
0x000000001762bb10:   0000000016e7a000 000000006969aa53
0x000000001762bb20:   000000001762bb60 0000000016e7a000
0x000000001762bb30:   000000001762bbf0 0000000016e7a000
0x000000001762bb40:   0000000014a74900 0000000016e7a000
0x000000001762bb50:   0000000002d769a0 0000000016e7a000
0x000000001762bb60:   0000000014a74900 0000000016e7a000
0x000000001762bb70:   0000000014a74900 0000000016e7a000
0x000000001762bb80:   0000000000000001 0000000014a74900
0x000000001762bb90:   0000000016e7a000 0000000016d30508
0x000000001762bba0:   0000000016e7a000 000000006969bf3d
0x000000001762bbb0:   000000001762bf30 0000000100002248
0x000000001762bbc0:   000000010000f058 0000000000000010 

Instructions: (pc=0x00000000697eaeb7)
0x00000000697eae97:   48 89 6c 24 30 33 ed 66 90 e8 4b b8 07 00 ff c3
0x00000000697eaea7:   48 63 c8 48 8b c6 48 0f af cf 48 ff c7 48 2b c1
0x00000000697eaeb7:   89 28 48 63 c3 48 3b 05 cd d6 56 00 7e db 48 8b
0x00000000697eaec7:   6c 24 30 48 8b 5c 24 38 48 8b 74 24 40 48 83 c4 


Register to memory mapping:

RAX=0x0000000017625ad0 is pointing into the stack for thread: 0x0000000016e7a000
RBX=0x0000000000000007 is an unknown value
RCX=0x0000000000006000 is an unknown value
RDX=0x0000000000000016 is an unknown value
RSP=0x000000001762bad0 is pointing into the stack for thread: 0x0000000016e7a000
RBP=0x0000000000000000 is an unknown value
RSI=0x000000001762bad0 is pointing into the stack for thread: 0x0000000016e7a000
RDI=0x0000000000000007 is an unknown value
R8 =0x0000000000000016 is an unknown value
R9 =0x0000000016e6df60 is an unknown value
R10={method} {0x0000000014a74908} 'loadClass' '(Ljava/lang/String;)Ljava/lang/Class;' in 'java/lang/ClassLoader'
R11=0x000000001753a160 is pointing into the stack for thread: 0x0000000016e7a000
R12=0x0000000016e6df60 is an unknown value
R13=0x0000000016e7a000 is a thread
R14=0x000000001762bb98 is pointing into the stack for thread: 0x0000000016e7a000
R15={method} {0x0000000014a74908} 'loadClass' '(Ljava/lang/String;)Ljava/lang/Class;' in 'java/lang/ClassLoader'


Stack: [0x0000000017530000,0x0000000017630000],  sp=0x000000001762bad0,  free space=1006k
Native frames: (J=compiled Java code, j=interpreted, Vv=VM code, C=native code)

Java frames: (J=compiled Java code, j=interpreted, Vv=VM code)
j  java.lang.ClassLoader.defineClass1(Ljava/lang/String;[BIILjava/security/ProtectionDomain;Ljava/lang/String;)Ljava/lang/Class;+0
j  java.lang.ClassLoader.defineClass(Ljava/lang/String;[BIILjava/security/ProtectionDomain;)Ljava/lang/Class;+27
j  java.security.SecureClassLoader.defineClass(Ljava/lang/String;[BIILjava/security/CodeSource;)Ljava/lang/Class;+12
j  java.net.URLClassLoader.defineClass(Ljava/lang/String;Lsun/misc/Resource;)Ljava/lang/Class;+138
j  java.net.URLClassLoader.access$100(Ljava/net/URLClassLoader;Ljava/lang/String;Lsun/misc/Resource;)Ljava/lang/Class;+3
j  java.net.URLClassLoader$1.run()Ljava/lang/Class;+43
j  java.net.URLClassLoader$1.run()Ljava/lang/Object;+1
v  ~StubRoutines::call_stub
j  java.security.AccessController.doPrivileged(Ljava/security/PrivilegedExceptionAction;Ljava/security/AccessControlContext;)Ljava/lang/Object;+0
J 202 C1 java.net.URLClassLoader.findClass(Ljava/lang/String;)Ljava/lang/Class; (47 bytes) @ 0x0000000002ebe604 [0x0000000002ebe480+0x184]
J 104 C1 java.lang.ClassLoader.loadClass(Ljava/lang/String;Z)Ljava/lang/Class; (122 bytes) @ 0x0000000002e676ac [0x0000000002e66d40+0x96c]
j  sun.misc.Launcher$AppClassLoader.loadClass(Ljava/lang/String;Z)Ljava/lang/Class;+81
j  java.lang.ClassLoader.loadClass(Ljava/lang/String;)Ljava/lang/Class;+3
v  ~StubRoutines::call_stub
j  com.android.dx.dex.file.FieldIdsSection.intern(Lcom/android/dx/rop/cst/CstFieldRef;)Lcom/android/dx/dex/file/FieldIdItem;+34
j  com.android.dx.dex.cf.CfTranslator.processFields(Lcom/android/dx/cf/direct/DirectClassFile;Lcom/android/dx/dex/file/ClassDefItem;Lcom/android/dx/dex/file/DexFile;)V+179
j  com.android.dx.dex.cf.CfTranslator.translate0(Lcom/android/dx/cf/direct/DirectClassFile;[BLcom/android/dx/dex/cf/CfOptions;Lcom/android/dx/dex/DexOptions;Lcom/android/dx/dex/file/DexFile;)Lcom/android/dx/dex/file/ClassDefItem;+110
j  com.android.dx.dex.cf.CfTranslator.translate(Lcom/android/dx/cf/direct/DirectClassFile;[BLcom/android/dx/dex/cf/CfOptions;Lcom/android/dx/dex/DexOptions;Lcom/android/dx/dex/file/DexFile;)Lcom/android/dx/dex/file/ClassDefItem;+6
j  com.android.dx.command.dexer.Main.translateClass([BLcom/android/dx/cf/direct/DirectClassFile;)Lcom/android/dx/dex/file/ClassDefItem;+17
j  com.android.dx.command.dexer.Main.access$2700([BLcom/android/dx/cf/direct/DirectClassFile;)Lcom/android/dx/dex/file/ClassDefItem;+2
j  com.android.dx.command.dexer.Main$ClassTranslatorTask.call()Lcom/android/dx/dex/file/ClassDefItem;+8
j  com.android.dx.command.dexer.Main$ClassTranslatorTask.call()Ljava/lang/Object;+1
j  java.util.concurrent.FutureTask.run()V+42
j  java.util.concurrent.ThreadPoolExecutor.runWorker(Ljava/util/concurrent/ThreadPoolExecutor$Worker;)V+95
j  java.util.concurrent.ThreadPoolExecutor$Worker.run()V+5
j  java.lang.Thread.run()V+11
v  ~StubRoutines::call_stub

---------------  P R O C E S S  ---------------

Java Threads: ( => current thread )
  0x0000000016f7f800 JavaThread "pool-2-thread-4" [_thread_blocked, id=11188, stack(0x0000000017730000,0x0000000017830000)]
  0x0000000016f7f000 JavaThread "pool-2-thread-3" [_thread_blocked, id=10600, stack(0x0000000017630000,0x0000000017730000)]
=>0x0000000016e7a000 JavaThread "pool-2-thread-2" [_thread_in_vm, id=9580, stack(0x0000000017530000,0x0000000017630000)]
  0x0000000016e71800 JavaThread "pool-3-thread-1" [_thread_blocked, id=10980, stack(0x0000000017430000,0x0000000017530000)]
  0x0000000016e77000 JavaThread "pool-2-thread-1" [_thread_blocked, id=936, stack(0x0000000017330000,0x0000000017430000)]
  0x000000001545e800 JavaThread "Service Thread" daemon [_thread_blocked, id=11008, stack(0x0000000017130000,0x0000000017230000)]
  0x000000001545a800 JavaThread "C1 CompilerThread2" daemon [_thread_blocked, id=7028, stack(0x0000000016c30000,0x0000000016d30000)]
  0x0000000015454800 JavaThread "C2 CompilerThread1" daemon [_thread_blocked, id=9944, stack(0x0000000016b30000,0x0000000016c30000)]
  0x00000000153fa800 JavaThread "C2 CompilerThread0" daemon [_thread_blocked, id=5092, stack(0x0000000016a30000,0x0000000016b30000)]
  0x00000000153f9000 JavaThread "Attach Listener" daemon [_thread_blocked, id=1920, stack(0x0000000016930000,0x0000000016a30000)]
  0x00000000153f8800 JavaThread "Signal Dispatcher" daemon [_thread_blocked, id=11748, stack(0x0000000016830000,0x0000000016930000)]
  0x00000000153e8000 JavaThread "Finalizer" daemon [_thread_blocked, id=5136, stack(0x0000000016650000,0x0000000016750000)]
  0x0000000002d1f000 JavaThread "Reference Handler" daemon [_thread_blocked, id=11356, stack(0x0000000016550000,0x0000000016650000)]
  0x0000000002c30800 JavaThread "main" [_thread_in_native, id=8404, stack(0x0000000002a90000,0x0000000002b90000)]

Other Threads:
  0x00000000153c5800 VMThread [stack: 0x0000000016450000,0x0000000016550000] [id=5780]
  0x0000000016d3c000 WatcherThread [stack: 0x0000000017230000,0x0000000017330000] [id=4416]

VM state:not at safepoint (normal execution)

VM Mutex/Monitor currently owned by a thread: None

Heap:
 PSYoungGen      total 18944K, used 5602K [0x00000000eab00000, 0x00000000ec000000, 0x0000000100000000)
  eden space 16384K, 34% used [0x00000000eab00000,0x00000000eb0788c0,0x00000000ebb00000)
  from space 2560K, 0% used [0x00000000ebd80000,0x00000000ebd80000,0x00000000ec000000)
  to   space 2560K, 0% used [0x00000000ebb00000,0x00000000ebb00000,0x00000000ebd80000)
 ParOldGen       total 44032K, used 0K [0x00000000c0000000, 0x00000000c2b00000, 0x00000000eab00000)
  object space 44032K, 0% used [0x00000000c0000000,0x00000000c0000000,0x00000000c2b00000)
 Metaspace       used 3909K, capacity 5296K, committed 5376K, reserved 1056768K
  class space    used 425K, capacity 488K, committed 512K, reserved 1048576K

Card table byte_map: [0x00000000120f0000,0x0000000012300000] byte_map_base: 0x0000000011af0000

Marking Bits: (ParMarkBitMap*) 0x0000000069db9d00
 Begin Bits: [0x0000000012860000, 0x0000000013860000)
 End Bits:   [0x0000000013860000, 0x0000000014860000)

Polling page: 0x0000000001260000

CodeCache: size=245760Kb used=1621Kb max_used=1628Kb free=244138Kb
 bounds [0x0000000002d30000, 0x0000000002fa0000, 0x0000000011d30000]
 total_blobs=468 nmethods=218 adapters=164
 compilation: enabled

Compilation events (10 events):
Event: 7.707 Thread 0x000000001545a800  213       3       java.util.jar.Attributes::get (11 bytes)
Event: 7.707 Thread 0x000000001545a800 nmethod 213 0x0000000002ec5e50 code [0x0000000002ec5fc0, 0x0000000002ec61e8]
Event: 7.708 Thread 0x00000000153fa800  214       4       java.lang.Math::min (11 bytes)
Event: 7.708 Thread 0x00000000153fa800 nmethod 214 0x0000000002ec4750 code [0x0000000002ec4880, 0x0000000002ec48d8]
Event: 7.708 Thread 0x000000001545a800  215       1       com.android.dx.rop.type.Type::getDescriptor (5 bytes)
Event: 7.709 Thread 0x000000001545a800 nmethod 215 0x0000000002ec4490 code [0x0000000002ec45e0, 0x0000000002ec46f0]
Event: 7.718 Thread 0x000000001545a800  216       3       java.lang.String::compareTo (78 bytes)
Event: 7.719 Thread 0x000000001545a800 nmethod 216 0x0000000002ec3d90 code [0x0000000002ec3f00, 0x0000000002ec4250]
Event: 7.721 Thread 0x000000001545a800  217       3       java.lang.ClassLoader::loadClass (7 bytes)
Event: 7.722 Thread 0x000000001545a800 nmethod 217 0x0000000002ec5a10 code [0x0000000002ec5b80, 0x0000000002ec5da8]

GC Heap History (0 events):
No events

Deoptimization events (0 events):
No events

Internal exceptions (2 events):
Event: 0.752 Thread 0x0000000002c30800 Exception <a 'java/lang/NoSuchMethodError': Method sun.misc.Unsafe.defineClass(Ljava/lang/String;[BII)Ljava/lang/Class; name or signature does not match> (0x00000000eab07cc0) thrown at [C:\src\android\AOSP-openjdk\external\jetbrains\jdk\hotspot\src\share\vШъм~ш?
Event: 0.752 Thread 0x0000000002c30800 Exception <a 'java/lang/NoSuchMethodError': Method sun.misc.Unsafe.prefetchRead(Ljava/lang/Object;J)V name or signature does not match> (0x00000000eab07fa8) thrown at [C:\src\android\AOSP-openjdk\external\jetbrains\jdk\hotspot\src\share\vm\prims\jni.cpp, l

Events (10 events):
Event: 7.719 loading class com/android/dx/dex/file/EncodedField
Event: 7.719 loading class com/android/dx/dex/file/EncodedField done
Event: 7.719 Executing VM operation: RevokeBias
Event: 7.719 Executing VM operation: RevokeBias done
Event: 7.719 Executing VM operation: RevokeBias
Event: 7.719 Executing VM operation: RevokeBias done
Event: 7.720 loading class com/android/dx/dex/file/EncodedMember
Event: 7.720 loading class com/android/dx/dex/file/EncodedMember done
Event: 7.721 loading class com/android/dx/dex/file/FieldIdItem
Event: 7.721 loading class com/android/dx/dex/file/FieldIdItem done


Dynamic libraries:
0x00007ff7b4b00000 - 0x00007ff7b4b31000 	D:\Android\AndroidStudio\jre\bin\java.exe
0x00007ffb46030000 - 0x00007ffb461dd000 	C:\WINDOWS\SYSTEM32\ntdll.dll
0x00007ffb44000000 - 0x00007ffb4413e000 	C:\WINDOWS\system32\KERNEL32.DLL
0x00007ffb43330000 - 0x00007ffb43445000 	C:\WINDOWS\system32\KERNELBASE.dll
0x00007ffb43980000 - 0x00007ffb43a2a000 	C:\WINDOWS\system32\ADVAPI32.dll
0x00007ffb43e10000 - 0x00007ffb43f87000 	C:\WINDOWS\system32\USER32.dll
0x00007ffb40df0000 - 0x00007ffb4106a000 	C:\WINDOWS\WinSxS\amd64_microsoft.windows.common-controls_6595b64144ccf1df_6.0.9600.17810_none_6240b9c7ecbd0bda\COMCTL32.dll
0x00007ffb436b0000 - 0x00007ffb4375a000 	C:\WINDOWS\system32\msvcrt.dll
0x00007ffb43a30000 - 0x00007ffb43a89000 	C:\WINDOWS\SYSTEM32\sechost.dll
0x00007ffb44140000 - 0x00007ffb44280000 	C:\WINDOWS\system32\RPCRT4.dll
0x00007ffb45830000 - 0x00007ffb4597f000 	C:\WINDOWS\system32\GDI32.dll
0x00007ffb43630000 - 0x00007ffb4365e000 	C:\WINDOWS\system32\SspiCli.dll
0x00007ffb43af0000 - 0x00007ffb43b26000 	C:\WINDOWS\system32\IMM32.DLL
0x00007ffb45980000 - 0x00007ffb45ad2000 	C:\WINDOWS\system32\MSCTF.dll
0x000000006a4b0000 - 0x000000006a582000 	D:\Android\AndroidStudio\jre\jre\bin\msvcr100.dll
0x0000000069600000 - 0x0000000069e34000 	D:\Android\AndroidStudio\jre\jre\bin\server\jvm.dll
0x00007ffb3a960000 - 0x00007ffb3a969000 	C:\WINDOWS\SYSTEM32\WSOCK32.dll
0x00007ffb39250000 - 0x00007ffb39272000 	C:\WINDOWS\SYSTEM32\WINMM.dll
0x00007ffb3c820000 - 0x00007ffb3c82a000 	C:\WINDOWS\SYSTEM32\VERSION.dll
0x00007ffb43e00000 - 0x00007ffb43e07000 	C:\WINDOWS\system32\PSAPI.DLL
0x00007ffb44280000 - 0x00007ffb442da000 	C:\WINDOWS\system32\WS2_32.dll
0x00007ffb39150000 - 0x00007ffb3917a000 	C:\WINDOWS\SYSTEM32\WINMMBASE.dll
0x00007ffb45820000 - 0x00007ffb45829000 	C:\WINDOWS\system32\NSI.dll
0x00007ffb43660000 - 0x00007ffb436af000 	C:\WINDOWS\SYSTEM32\cfgmgr32.dll
0x00007ffb41f70000 - 0x00007ffb41f98000 	C:\WINDOWS\SYSTEM32\DEVOBJ.dll
0x00007ffb40890000 - 0x00007ffb4089f000 	D:\Android\AndroidStudio\jre\jre\bin\verify.dll
0x00007ffb407a0000 - 0x00007ffb407c9000 	D:\Android\AndroidStudio\jre\jre\bin\java.dll
0x00007ffb40810000 - 0x00007ffb40826000 	D:\Android\AndroidStudio\jre\jre\bin\zip.dll
0x00007ffb442e0000 - 0x00007ffb45808000 	C:\WINDOWS\system32\SHELL32.dll
0x00007ffb43760000 - 0x00007ffb43971000 	C:\WINDOWS\SYSTEM32\combase.dll
0x00007ffb43a90000 - 0x00007ffb43ae4000 	C:\WINDOWS\system32\SHLWAPI.dll
0x00007ffb41790000 - 0x00007ffb41842000 	C:\WINDOWS\SYSTEM32\SHCORE.dll
0x00007ffb43150000 - 0x00007ffb43165000 	C:\WINDOWS\SYSTEM32\profapi.dll
0x00007ffb3aa50000 - 0x00007ffb3abda000 	C:\WINDOWS\SYSTEM32\dbghelp.dll

VM Arguments:
jvm_args: -Djava.awt.headless=true -Xmx1024M -Dfile.encoding=windows-1252 -Duser.country=US -Duser.language=en -Duser.variant 
java_command: com.android.dx.command.Main --dex --force-jumbo --num-threads=4 --multi-dex --output D:\Mozilla Downloads\and-nd-firebase-1.00-starting-point\app\build\intermediates\transforms\dex\debug\folders\1000\5\slice_0 D:\Mozilla Downloads\and-nd-firebase-1.00-starting-point\app\build\intermediates\transforms\instantRunSlicer\debug\folders\1\5\slice_0
java_class_path (initial): D:\Android\sdk\build-tools\24.0.1\lib\dx.jar
Launcher Type: SUN_STANDARD

Environment Variables:
PATH=C:\ProgramData\Oracle\Java\javapath;C:\Program Files (x86)\Intel\iCLS Client\;C:\Program Files\Intel\iCLS Client\;C:\WINDOWS\system32;C:\WINDOWS;C:\WINDOWS\System32\Wbem;C:\WINDOWS\System32\WindowsPowerShell\v1.0\;C:\Program Files\Intel\Intel(R) Management Engine Components\DAL;C:\Program Files (x86)\Intel\Intel(R) Management Engine Components\DAL;C:\Program Files\Intel\Intel(R) Management Engine Components\IPT;C:\Program Files (x86)\Intel\Intel(R) Management Engine Components\IPT;D:\Git\cmd;C:\Users\Hamid-PC\AppData\Local\atom\bin
USERNAME=Hamid-PC
OS=Windows_NT
PROCESSOR_IDENTIFIER=Intel64 Family 6 Model 61 Stepping 4, GenuineIntel



---------------  S Y S T E M  ---------------

OS: Windows 8.1 , 64 bit Build 9600 (6.3.9600.17415)

CPU:total 4 (2 cores per cpu, 2 threads per core) family 6 model 61 stepping 4, cmov, cx8, fxsr, mmx, sse, sse2, sse3, ssse3, sse4.1, sse4.2, popcnt, avx, avx2, aes, clmul, erms, 3dnowpref, lzcnt, ht, tsc, tscinvbit, bmi1, bmi2, adx

Memory: 4k page, physical 4107980k(412476k free), swap 5209432k(455572k free)

vm_info: OpenJDK 64-Bit Server VM (25.76-b03) for windows-amd64 JRE (1.8.0_76-release-b03), built on Jun 29 2016 19:09:20 by "ralucas" with MS VC++ 10.0 (VS2010)

time: Sat Dec 24 21:57:37 2016
elapsed time: 7 seconds (0d 0h 0m 7s)

