#
# There is insufficient memory for the Java Runtime Environment to continue.
# Native memory allocation (malloc) failed to allocate 302256 bytes for Chunk::new
# Possible reasons:
#   The system is out of physical RAM or swap space
#   In 32 bit mode, the process size limit was hit
# Possible solutions:
#   Reduce memory load on the system
#   Increase physical memory or swap space
#   Check if swap backing store is full
#   Use 64 bit Java on a 64 bit OS
#   Decrease Java heap size (-Xmx/-Xms)
#   Decrease number of Java threads
#   Decrease Java thread stack sizes (-Xss)
#   Set larger code cache with -XX:ReservedCodeCacheSize=
# This output file may be truncated or incomplete.
#
#  Out of Memory Error (allocation.cpp:390), pid=4340, tid=0x00000000000009e0
#
# JRE version: OpenJDK Runtime Environment (8.0_76-b03) (build 1.8.0_76-release-b03)
# Java VM: OpenJDK 64-Bit Server VM (25.76-b03 mixed mode windows-amd64 compressed oops)
# Failed to write core dump. Minidumps are not enabled by default on client versions of Windows
#

---------------  T H R E A D  ---------------

Current thread (0x00000000151f5800):  JavaThread "C2 CompilerThread1" daemon [_thread_in_native, id=2528, stack(0x00000000168d0000,0x00000000169d0000)]

Stack: [0x00000000168d0000,0x00000000169d0000]
[error occurred during error reporting (printing stack bounds), id 0xc0000005]

Native frames: (J=compiled Java code, j=interpreted, Vv=VM code, C=native code)


Current CompileTask:
C2:   2805 1093       4       com.android.dx.ssa.SCCP::simulateStmt (481 bytes)


---------------  P R O C E S S  ---------------

Java Threads: ( => current thread )
  0x0000000016d55000 JavaThread "pool-2-thread-4" [_thread_in_Java, id=4768, stack(0x00000000174d0000,0x00000000175d0000)]
  0x0000000016d54800 JavaThread "pool-2-thread-3" [_thread_in_Java, id=2964, stack(0x00000000173d0000,0x00000000174d0000)]
  0x0000000016d3b000 JavaThread "pool-2-thread-2" [_thread_in_Java, id=2364, stack(0x00000000172d0000,0x00000000173d0000)]
  0x0000000016d33000 JavaThread "pool-3-thread-1" [_thread_blocked, id=2888, stack(0x00000000171d0000,0x00000000172d0000)]
  0x0000000016d32800 JavaThread "pool-2-thread-1" [_thread_in_Java, id=884, stack(0x00000000170d0000,0x00000000171d0000)]
  0x0000000016ad2000 JavaThread "Service Thread" daemon [_thread_blocked, id=4328, stack(0x0000000016ed0000,0x0000000016fd0000)]
  0x00000000151fb800 JavaThread "C1 CompilerThread2" daemon [_thread_blocked, id=4712, stack(0x00000000169d0000,0x0000000016ad0000)]
=>0x00000000151f5800 JavaThread "C2 CompilerThread1" daemon [_thread_in_native, id=2528, stack(0x00000000168d0000,0x00000000169d0000)]
  0x000000001519b800 JavaThread "C2 CompilerThread0" daemon [_thread_in_native, id=5108, stack(0x00000000167d0000,0x00000000168d0000)]
  0x000000001519a800 JavaThread "Attach Listener" daemon [_thread_blocked, id=5272, stack(0x00000000166d0000,0x00000000167d0000)]
  0x0000000015199000 JavaThread "Signal Dispatcher" daemon [_thread_blocked, id=6104, stack(0x00000000165d0000,0x00000000166d0000)]
  0x0000000015188800 JavaThread "Finalizer" daemon [_thread_blocked, id=5688, stack(0x00000000163f0000,0x00000000164f0000)]
  0x0000000015166800 JavaThread "Reference Handler" daemon [_thread_blocked, id=5292, stack(0x00000000162f0000,0x00000000163f0000)]
  0x00000000029d0800 JavaThread "main" [_thread_in_Java, id=2988, stack(0x0000000002830000,0x0000000002930000)]

Other Threads:
  0x0000000015164800 VMThread [stack: 0x00000000161f0000,0x00000000162f0000] [id=6108]
  0x0000000016ad2800 WatcherThread [stack: 0x0000000016fd0000,0x00000000170d0000] [id=5996]

VM state:not at safepoint (normal execution)

VM Mutex/Monitor currently owned by a thread: None

Heap:
 PSYoungGen      total 18944K, used 11430K [0x00000000eab00000, 0x00000000ed000000, 0x0000000100000000)
  eden space 16384K, 54% used [0x00000000eab00000,0x00000000eb3aadf0,0x00000000ebb00000)
  from space 2560K, 99% used [0x00000000ebb00000,0x00000000ebd7eab8,0x00000000ebd80000)
  to   space 2560K, 0% used [0x00000000ecd80000,0x00000000ecd80000,0x00000000ed000000)
 ParOldGen       total 44032K, used 1425K [0x00000000c0000000, 0x00000000c2b00000, 0x00000000eab00000)
  object space 44032K, 3% used [0x00000000c0000000,0x00000000c0164698,0x00000000c2b00000)
 Metaspace       used 5718K, capacity 6832K, committed 7040K, reserved 1056768K
  class space    used 557K, capacity 616K, committed 640K, reserved 1048576K

Card table byte_map: [0x0000000011e90000,0x00000000120a0000] byte_map_base: 0x0000000011890000

Marking Bits: (ParMarkBitMap*) 0x0000000069db9d00
 Begin Bits: [0x0000000012600000, 0x0000000013600000)
 End Bits:   [0x0000000013600000, 0x0000000014600000)

Polling page: 0x0000000001000000

CodeCache: size=245760Kb used=4434Kb max_used=4434Kb free=241325Kb
 bounds [0x0000000002ad0000, 0x0000000002f30000, 0x0000000011ad0000]
 total_blobs=1367 nmethods=1105 adapters=176
 compilation: enabled

Compilation events (10 events):
Event: 2.772 Thread 0x000000001519b800 1102       4       com.android.dx.util.Bits::get (25 bytes)
Event: 2.773 Thread 0x000000001519b800 nmethod 1102 0x0000000002ed7710 code [0x0000000002ed7840, 0x0000000002ed78d8]
Event: 2.774 Thread 0x00000000151fb800 1106       3       com.android.dx.dex.code.RopTranslator::pickOrder (400 bytes)
Event: 2.779 Thread 0x00000000151fb800 nmethod 1106 0x0000000002f24890 code [0x0000000002f24bc0, 0x0000000002f26cd8]
Event: 2.787 Thread 0x000000001519b800 1107       4       com.android.dx.util.LabeledList::set (45 bytes)
Event: 2.796 Thread 0x00000000151fb800 1108       3       com.android.dx.ssa.back.SsaToRop::removePhiFunctions (83 bytes)
Event: 2.799 Thread 0x00000000151fb800 nmethod 1108 0x0000000002f22750 code [0x0000000002f22a20, 0x0000000002f23da8]
Event: 2.800 Thread 0x00000000151fb800 1109       3       com.android.dx.rop.code.RegisterSpecList::getType (12 bytes)
Event: 2.801 Thread 0x00000000151fb800 nmethod 1109 0x0000000002f21d90 code [0x0000000002f21f20, 0x0000000002f22578]
Event: 2.802 Thread 0x00000000151fb800 1110       3       com.android.dx.ssa.SsaMethod::makeNewGotoBlock (52 bytes)

GC Heap History (2 events):
Event: 2.146 GC heap before
{Heap before GC invocations=1 (full 0):
 PSYoungGen      total 18944K, used 16384K [0x00000000eab00000, 0x00000000ec000000, 0x0000000100000000)
  eden space 16384K, 100% used [0x00000000eab00000,0x00000000ebb00000,0x00000000ebb00000)
  from space 2560K, 0% used [0x00000000ebd80000,0x00000000ebd80000,0x00000000ec000000)
  to   space 2560K, 0% used [0x00000000ebb00000,0x00000000ebb00000,0x00000000ebd80000)
 ParOldGen       total 44032K, used 0K [0x00000000c0000000, 0x00000000c2b00000, 0x00000000eab00000)
  object space 44032K, 0% used [0x00000000c0000000,0x00000000c0000000,0x00000000c2b00000)
 Metaspace       used 5558K, capacity 6704K, committed 6784K, reserved 1056768K
  class space    used 557K, capacity 616K, committed 640K, reserved 1048576K
Event: 2.214 GC heap after
Heap after GC invocations=1 (full 0):
 PSYoungGen      total 18944K, used 2554K [0x00000000eab00000, 0x00000000ed000000, 0x0000000100000000)
  eden space 16384K, 0% used [0x00000000eab00000,0x00000000eab00000,0x00000000ebb00000)
  from space 2560K, 99% used [0x00000000ebb00000,0x00000000ebd7eab8,0x00000000ebd80000)
  to   space 2560K, 0% used [0x00000000ecd80000,0x00000000ecd80000,0x00000000ed000000)
 ParOldGen       total 44032K, used 1425K [0x00000000c0000000, 0x00000000c2b00000, 0x00000000eab00000)
  object space 44032K, 3% used [0x00000000c0000000,0x00000000c0164698,0x00000000c2b00000)
 Metaspace       used 5558K, capacity 6704K, committed 6784K, reserved 1056768K
  class space    used 557K, capacity 616K, committed 640K, reserved 1048576K
}

Deoptimization events (7 events):
Event: 1.150 Thread 0x00000000029d0800 Uncommon trap: reason=unstable_if action=reinterpret pc=0x0000000002c1db14 method=java.lang.String.compareTo(Ljava/lang/String;)I @ 38
Event: 1.155 Thread 0x00000000029d0800 Uncommon trap: reason=unstable_if action=reinterpret pc=0x0000000002c1c9d8 method=java.lang.String.indexOf(II)I @ 49
Event: 1.755 Thread 0x0000000016d54800 Uncommon trap: reason=unstable_if action=reinterpret pc=0x0000000002cefdbc method=java.util.HashMap.getNode(ILjava/lang/Object;)Ljava/util/HashMap$Node; @ 62
Event: 1.936 Thread 0x0000000016d54800 Uncommon trap: reason=unstable_if action=reinterpret pc=0x0000000002d3b770 method=java.util.BitSet.nextSetBit(I)I @ 87
Event: 2.324 Thread 0x00000000029d0800 Uncommon trap: reason=unstable_if action=reinterpret pc=0x0000000002e42a80 method=com.android.dx.ssa.SsaRenamer$BlockRenamer.addMapping(ILcom/android/dx/rop/code/RegisterSpec;)V @ 120
Event: 2.641 Thread 0x0000000016d54800 Uncommon trap: reason=unstable_if action=reinterpret pc=0x0000000002d8f4f4 method=java.util.BitSet.ensureCapacity(I)V @ 6
Event: 2.643 Thread 0x0000000016d54800 Uncommon trap: reason=unstable_if action=reinterpret pc=0x0000000002dbad6c method=java.util.HashMap.getNode(ILjava/lang/Object;)Ljava/util/HashMap$Node; @ 129

Internal exceptions (2 events):
Event: 0.138 Thread 0x00000000029d0800 Exception <a 'java/lang/NoSuchMethodError': Method sun.misc.Unsafe.defineClass(Ljava/lang/String;[BII)Ljava/lang/Class; name or signature does not match> (0x00000000eab07cc0) thrown at [C:\src\android\AOSP-openjdk\external\jetbrains\jdk\hotspot\src\share\výTµEÎ­Á?
Event: 0.138 Thread 0x00000000029d0800 Exception <a 'java/lang/NoSuchMethodError': Method sun.misc.Unsafe.prefetchRead(Ljava/lang/Object;J)V name or signature does not match> (0x00000000eab07fa8) thrown at [C:\src\android\AOSP-openjdk\external\jetbrains\jdk\hotspot\src\share\vm\prims\jni.cpp, l

Events (10 events):
Event: 2.324 Thread 0x00000000029d0800 DEOPT PACKING pc=0x0000000002e42a80 sp=0x000000000292de10
Event: 2.324 Thread 0x00000000029d0800 DEOPT UNPACKING pc=0x0000000002b1556a sp=0x000000000292dda0 mode 2
Event: 2.353 loading class com/android/dx/dex/file/MethodAnnotationStruct
Event: 2.353 loading class com/android/dx/dex/file/MethodAnnotationStruct done
Event: 2.641 Thread 0x0000000016d54800 Uncommon trap: trap_request=0xffffff65 fr.pc=0x0000000002d8f4f4
Event: 2.641 Thread 0x0000000016d54800 DEOPT PACKING pc=0x0000000002d8f4f4 sp=0x00000000174cec40
Event: 2.641 Thread 0x0000000016d54800 DEOPT UNPACKING pc=0x0000000002b1556a sp=0x00000000174ceb28 mode 2
Event: 2.643 Thread 0x0000000016d54800 Uncommon trap: trap_request=0xffffff65 fr.pc=0x0000000002dbad6c
Event: 2.643 Thread 0x0000000016d54800 DEOPT PACKING pc=0x0000000002dbad6c sp=0x00000000174ce8f0
Event: 2.643 Thread 0x0000000016d54800 DEOPT UNPACKING pc=0x0000000002b1556a sp=0x00000000174ce878 mode 2


Dynamic libraries:
0x00007ff766640000 - 0x00007ff766671000 	D:\Android\AndroidStudio\jre\bin\java.exe
0x00007ffb46030000 - 0x00007ffb461dd000 	C:\WINDOWS\SYSTEM32\ntdll.dll
0x00007ffb44000000 - 0x00007ffb4413e000 	C:\WINDOWS\system32\KERNEL32.DLL
0x00007ffb43330000 - 0x00007ffb43445000 	C:\WINDOWS\system32\KERNELBASE.dll
0x00007ffb43980000 - 0x00007ffb43a2a000 	C:\WINDOWS\system32\ADVAPI32.dll
0x00007ffb43e10000 - 0x00007ffb43f87000 	C:\WINDOWS\system32\USER32.dll
0x00007ffb40df0000 - 0x00007ffb4106a000 	C:\WINDOWS\WinSxS\amd64_microsoft.windows.common-controls_6595b64144ccf1df_6.0.9600.17810_none_6240b9c7ecbd0bda\COMCTL32.dll
0x00007ffb436b0000 - 0x00007ffb4375a000 	C:\WINDOWS\system32\msvcrt.dll
0x00007ffb43a30000 - 0x00007ffb43a89000 	C:\WINDOWS\SYSTEM32\sechost.dll
0x00007ffb44140000 - 0x00007ffb44280000 	C:\WINDOWS\system32\RPCRT4.dll
0x00007ffb45830000 - 0x00007ffb4597f000 	C:\WINDOWS\system32\GDI32.dll
0x00007ffb43630000 - 0x00007ffb4365e000 	C:\WINDOWS\system32\SspiCli.dll
0x00007ffb43af0000 - 0x00007ffb43b26000 	C:\WINDOWS\system32\IMM32.DLL
0x00007ffb45980000 - 0x00007ffb45ad2000 	C:\WINDOWS\system32\MSCTF.dll
0x0000000069520000 - 0x00000000695f2000 	D:\Android\AndroidStudio\jre\jre\bin\msvcr100.dll
0x0000000069600000 - 0x0000000069e34000 	D:\Android\AndroidStudio\jre\jre\bin\server\jvm.dll
0x00007ffb3a960000 - 0x00007ffb3a969000 	C:\WINDOWS\SYSTEM32\WSOCK32.dll
0x00007ffb39250000 - 0x00007ffb39272000 	C:\WINDOWS\SYSTEM32\WINMM.dll
0x00007ffb3c820000 - 0x00007ffb3c82a000 	C:\WINDOWS\SYSTEM32\VERSION.dll
0x00007ffb43e00000 - 0x00007ffb43e07000 	C:\WINDOWS\system32\PSAPI.DLL
0x00007ffb44280000 - 0x00007ffb442da000 	C:\WINDOWS\system32\WS2_32.dll
0x00007ffb39150000 - 0x00007ffb3917a000 	C:\WINDOWS\SYSTEM32\WINMMBASE.dll
0x00007ffb45820000 - 0x00007ffb45829000 	C:\WINDOWS\system32\NSI.dll
0x00007ffb43660000 - 0x00007ffb436af000 	C:\WINDOWS\SYSTEM32\cfgmgr32.dll
0x00007ffb41f70000 - 0x00007ffb41f98000 	C:\WINDOWS\SYSTEM32\DEVOBJ.dll
0x00007ffb3f0a0000 - 0x00007ffb3f0af000 	D:\Android\AndroidStudio\jre\jre\bin\verify.dll
0x00007ffb3bae0000 - 0x00007ffb3bb09000 	D:\Android\AndroidStudio\jre\jre\bin\java.dll
0x00007ffb3ec30000 - 0x00007ffb3ec46000 	D:\Android\AndroidStudio\jre\jre\bin\zip.dll
0x00007ffb442e0000 - 0x00007ffb45808000 	C:\WINDOWS\system32\SHELL32.dll
0x00007ffb43760000 - 0x00007ffb43971000 	C:\WINDOWS\SYSTEM32\combase.dll
0x00007ffb43a90000 - 0x00007ffb43ae4000 	C:\WINDOWS\system32\SHLWAPI.dll
0x00007ffb41790000 - 0x00007ffb41842000 	C:\WINDOWS\SYSTEM32\SHCORE.dll
0x00007ffb43150000 - 0x00007ffb43165000 	C:\WINDOWS\SYSTEM32\profapi.dll

VM Arguments:
jvm_args: -Djava.awt.headless=true -Xmx1024M -Dfile.encoding=windows-1252 -Duser.country=US -Duser.language=en -Duser.variant 
java_command: com.android.dx.command.Main --dex --force-jumbo --num-threads=4 --multi-dex --output D:\Mozilla Downloads\and-nd-firebase-1.00-starting-point\app\build\intermediates\transforms\dex\debug\folders\1000\10\com.android.support-design-25.0.1_12407507b25bc68aadc6e1b4170a224ef51b6529 D:\Mozilla Downloads\and-nd-firebase-1.00-starting-point\app\build\intermediates\exploded-aar\com.android.support\design\25.0.1\jars\classes.jar
java_class_path (initial): D:\Android\sdk\build-tools\24.0.1\lib\dx.jar
Launcher Type: SUN_STANDARD

Environment Variables:
PATH=C:\ProgramData\Oracle\Java\javapath;C:\Program Files (x86)\Intel\iCLS Client\;C:\Program Files\Intel\iCLS Client\;C:\WINDOWS\system32;C:\WINDOWS;C:\WINDOWS\System32\Wbem;C:\WINDOWS\System32\WindowsPowerShell\v1.0\;C:\Program Files\Intel\Intel(R) Management Engine Components\DAL;C:\Program Files (x86)\Intel\Intel(R) Management Engine Components\DAL;C:\Program Files\Intel\Intel(R) Management Engine Components\IPT;C:\Program Files (x86)\Intel\Intel(R) Management Engine Components\IPT;C:\Program Files\Microsoft SQL Server\110\Tools\Binn\
USERNAME=Hamid-PC
OS=Windows_NT
PROCESSOR_IDENTIFIER=Intel64 Family 6 Model 61 Stepping 4, GenuineIntel



---------------  S Y S T E M  ---------------

OS: Windows 8.1 , 64 bit Build 9600 (6.3.9600.17415)

CPU:total 4 (2 cores per cpu, 2 threads per core) family 6 model 61 stepping 4, cmov, cx8, fxsr, mmx, sse, sse2, sse3, ssse3, sse4.1, sse4.2, popcnt, avx, avx2, aes, clmul, erms, 3dnowpref, lzcnt, ht, tsc, tscinvbit, bmi1, bmi2, adx

Memory: 4k page, physical 4107980k(206720k free), swap 5209432k(5196k free)

vm_info: OpenJDK 64-Bit Server VM (25.76-b03) for windows-amd64 JRE (1.8.0_76-release-b03), built on Jun 29 2016 19:09:20 by "ralucas" with MS VC++ 10.0 (VS2010)

time: Thu Dec 22 18:33:39 2016
elapsed time: 2 seconds (0d 0h 0m 2s)

