#
# There is insufficient memory for the Java Runtime Environment to continue.
# Native memory allocation (malloc) failed to allocate 32784 bytes for Chunk::new
# Possible reasons:
#   The system is out of physical RAM or swap space
#   In 32 bit mode, the process size limit was hit
# Possible solutions:
#   Reduce memory load on the system
#   Increase physical memory or swap space
#   Check if swap backing store is full
#   Use 64 bit Java on a 64 bit OS
#   Decrease Java heap size (-Xmx/-Xms)
#   Decrease number of Java threads
#   Decrease Java thread stack sizes (-Xss)
#   Set larger code cache with -XX:ReservedCodeCacheSize=
# This output file may be truncated or incomplete.
#
#  Out of Memory Error (allocation.cpp:390), pid=3092, tid=0x0000000000001368
#
# JRE version: OpenJDK Runtime Environment (8.0_76-b03) (build 1.8.0_76-release-b03)
# Java VM: OpenJDK 64-Bit Server VM (25.76-b03 mixed mode windows-amd64 compressed oops)
# Failed to write core dump. Minidumps are not enabled by default on client versions of Windows
#

---------------  T H R E A D  ---------------

Current thread (0x00000000145e4000):  JavaThread "C2 CompilerThread1" daemon [_thread_in_native, id=4968, stack(0x0000000015cc0000,0x0000000015dc0000)]

Stack: [0x0000000015cc0000,0x0000000015dc0000]
[error occurred during error reporting (printing stack bounds), id 0xc0000005]

Native frames: (J=compiled Java code, j=interpreted, Vv=VM code, C=native code)


Current CompileTask:
C2:   8125 1461   !   4       com.android.dx.cf.cst.ConstantPoolParser::parse0 (731 bytes)


---------------  P R O C E S S  ---------------

Java Threads: ( => current thread )
  0x000000001612a800 JavaThread "pool-2-thread-4" [_thread_blocked, id=4660, stack(0x00000000168c0000,0x00000000169c0000)]
  0x0000000016125000 JavaThread "pool-2-thread-3" [_thread_blocked, id=1812, stack(0x00000000167c0000,0x00000000168c0000)]
  0x0000000016124000 JavaThread "pool-2-thread-2" [_thread_blocked, id=3404, stack(0x00000000166c0000,0x00000000167c0000)]
  0x0000000016122800 JavaThread "pool-3-thread-1" [_thread_blocked, id=5800, stack(0x00000000165c0000,0x00000000166c0000)]
  0x000000001611d000 JavaThread "pool-2-thread-1" [_thread_in_vm, id=5440, stack(0x00000000164c0000,0x00000000165c0000)]
  0x00000000145ee000 JavaThread "Service Thread" daemon [_thread_blocked, id=3844, stack(0x00000000162c0000,0x00000000163c0000)]
  0x00000000145e7000 JavaThread "C1 CompilerThread2" daemon [_thread_blocked, id=5168, stack(0x0000000015dc0000,0x0000000015ec0000)]
=>0x00000000145e4000 JavaThread "C2 CompilerThread1" daemon [_thread_in_native, id=4968, stack(0x0000000015cc0000,0x0000000015dc0000)]
  0x000000001458a800 JavaThread "C2 CompilerThread0" daemon [_thread_blocked, id=3600, stack(0x0000000015bc0000,0x0000000015cc0000)]
  0x0000000014589000 JavaThread "Attach Listener" daemon [_thread_blocked, id=3084, stack(0x0000000015ac0000,0x0000000015bc0000)]
  0x0000000014588000 JavaThread "Signal Dispatcher" daemon [_thread_blocked, id=5232, stack(0x00000000159c0000,0x0000000015ac0000)]
  0x0000000014578000 JavaThread "Finalizer" daemon [_thread_blocked, id=1196, stack(0x00000000157e0000,0x00000000158e0000)]
  0x0000000001eaf000 JavaThread "Reference Handler" daemon [_thread_blocked, id=5500, stack(0x00000000156e0000,0x00000000157e0000)]
  0x0000000001dc0800 JavaThread "main" [_thread_in_Java, id=4840, stack(0x0000000001cc0000,0x0000000001dc0000)]

Other Threads:
  0x0000000014555000 VMThread [stack: 0x00000000155e0000,0x00000000156e0000] [id=988]
  0x0000000015ec0800 WatcherThread [stack: 0x00000000163c0000,0x00000000164c0000] [id=4268]

VM state:not at safepoint (normal execution)

VM Mutex/Monitor currently owned by a thread: None

Heap:
 PSYoungGen      total 18944K, used 16317K [0x00000000eab00000, 0x00000000ec000000, 0x0000000100000000)
  eden space 16384K, 84% used [0x00000000eab00000,0x00000000eb875af8,0x00000000ebb00000)
  from space 2560K, 99% used [0x00000000ebd80000,0x00000000ebff9c78,0x00000000ec000000)
  to   space 2560K, 0% used [0x00000000ebb00000,0x00000000ebb00000,0x00000000ebd80000)
 ParOldGen       total 44032K, used 3880K [0x00000000c0000000, 0x00000000c2b00000, 0x00000000eab00000)
  object space 44032K, 8% used [0x00000000c0000000,0x00000000c03ca3f8,0x00000000c2b00000)
 Metaspace       used 6045K, capacity 7024K, committed 7296K, reserved 1056768K
  class space    used 571K, capacity 616K, committed 640K, reserved 1048576K

Card table byte_map: [0x0000000011280000,0x0000000011490000] byte_map_base: 0x0000000010c80000

Marking Bits: (ParMarkBitMap*) 0x0000000069db9d00
 Begin Bits: [0x00000000119f0000, 0x00000000129f0000)
 End Bits:   [0x00000000129f0000, 0x00000000139f0000)

Polling page: 0x00000000004a0000

CodeCache: size=245760Kb used=5839Kb max_used=5857Kb free=239920Kb
 bounds [0x0000000001ec0000, 0x0000000002480000, 0x0000000010ec0000]
 total_blobs=1702 nmethods=1434 adapters=182
 compilation: enabled

Compilation events (10 events):
Event: 7.857 Thread 0x00000000145e4000 nmethod 1397 0x000000000246c790 code [0x000000000246c8c0, 0x000000000246c958]
Event: 7.858 Thread 0x00000000145e4000 1363       4       com.android.dx.rop.code.PlainInsn::withNewRegisters (18 bytes)
Event: 7.872 Thread 0x00000000145e4000 nmethod 1363 0x0000000002474850 code [0x00000000024749a0, 0x0000000002474b58]
Event: 7.872 Thread 0x00000000145e4000 1367       4       java.util.Collections$UnmodifiableCollection$1::next (10 bytes)
Event: 7.881 Thread 0x00000000145e4000 nmethod 1367 0x0000000002471a90 code [0x0000000002471be0, 0x0000000002471e38]
Event: 7.881 Thread 0x00000000145e4000 1352       4       com.android.dx.rop.code.ThrowingCstInsn::<init> (51 bytes)
Event: 7.885 Thread 0x00000000145e4000 nmethod 1352 0x0000000002471590 code [0x00000000024716e0, 0x0000000002471898]
Event: 7.958 Thread 0x000000001458a800 nmethod 1362 0x000000000247a110 code [0x000000000247a420, 0x000000000247c670]
Event: 8.113 Thread 0x00000000145e4000 1461   !   4       com.android.dx.cf.cst.ConstantPoolParser::parse0 (731 bytes)
Event: 8.113 Thread 0x000000001458a800 1462       4       com.android.dx.rop.cst.StdConstantPool::set (123 bytes)

GC Heap History (4 events):
Event: 5.458 GC heap before
{Heap before GC invocations=1 (full 0):
 PSYoungGen      total 18944K, used 16384K [0x00000000eab00000, 0x00000000ec000000, 0x0000000100000000)
  eden space 16384K, 100% used [0x00000000eab00000,0x00000000ebb00000,0x00000000ebb00000)
  from space 2560K, 0% used [0x00000000ebd80000,0x00000000ebd80000,0x00000000ec000000)
  to   space 2560K, 0% used [0x00000000ebb00000,0x00000000ebb00000,0x00000000ebd80000)
 ParOldGen       total 44032K, used 0K [0x00000000c0000000, 0x00000000c2b00000, 0x00000000eab00000)
  object space 44032K, 0% used [0x00000000c0000000,0x00000000c0000000,0x00000000c2b00000)
 Metaspace       used 5680K, capacity 6704K, committed 6784K, reserved 1056768K
  class space    used 570K, capacity 616K, committed 640K, reserved 1048576K
Event: 5.472 GC heap after
Heap after GC invocations=1 (full 0):
 PSYoungGen      total 18944K, used 2551K [0x00000000eab00000, 0x00000000ec000000, 0x0000000100000000)
  eden space 16384K, 0% used [0x00000000eab00000,0x00000000eab00000,0x00000000ebb00000)
  from space 2560K, 99% used [0x00000000ebb00000,0x00000000ebd7dc78,0x00000000ebd80000)
  to   space 2560K, 0% used [0x00000000ebd80000,0x00000000ebd80000,0x00000000ec000000)
 ParOldGen       total 44032K, used 1667K [0x00000000c0000000, 0x00000000c2b00000, 0x00000000eab00000)
  object space 44032K, 3% used [0x00000000c0000000,0x00000000c01a0f10,0x00000000c2b00000)
 Metaspace       used 5680K, capacity 6704K, committed 6784K, reserved 1056768K
  class space    used 570K, capacity 616K, committed 640K, reserved 1048576K
}
Event: 6.963 GC heap before
{Heap before GC invocations=2 (full 0):
 PSYoungGen      total 18944K, used 18935K [0x00000000eab00000, 0x00000000ec000000, 0x0000000100000000)
  eden space 16384K, 100% used [0x00000000eab00000,0x00000000ebb00000,0x00000000ebb00000)
  from space 2560K, 99% used [0x00000000ebb00000,0x00000000ebd7dc78,0x00000000ebd80000)
  to   space 2560K, 0% used [0x00000000ebd80000,0x00000000ebd80000,0x00000000ec000000)
 ParOldGen       total 44032K, used 1667K [0x00000000c0000000, 0x00000000c2b00000, 0x00000000eab00000)
  object space 44032K, 3% used [0x00000000c0000000,0x00000000c01a0f10,0x00000000c2b00000)
 Metaspace       used 5967K, capacity 6960K, committed 7040K, reserved 1056768K
  class space    used 571K, capacity 616K, committed 640K, reserved 1048576K
Event: 7.197 GC heap after
Heap after GC invocations=2 (full 0):
 PSYoungGen      total 18944K, used 2535K [0x00000000eab00000, 0x00000000ec000000, 0x0000000100000000)
  eden space 16384K, 0% used [0x00000000eab00000,0x00000000eab00000,0x00000000ebb00000)
  from space 2560K, 99% used [0x00000000ebd80000,0x00000000ebff9c78,0x00000000ec000000)
  to   space 2560K, 0% used [0x00000000ebb00000,0x00000000ebb00000,0x00000000ebd80000)
 ParOldGen       total 44032K, used 3880K [0x00000000c0000000, 0x00000000c2b00000, 0x00000000eab00000)
  object space 44032K, 8% used [0x00000000c0000000,0x00000000c03ca3f8,0x00000000c2b00000)
 Metaspace       used 5967K, capacity 6960K, committed 7040K, reserved 1056768K
  class space    used 571K, capacity 616K, committed 640K, reserved 1048576K
}

Deoptimization events (9 events):
Event: 4.261 Thread 0x0000000001dc0800 Uncommon trap: reason=unstable_if action=reinterpret pc=0x0000000001ffd490 method=java.lang.String.indexOf(II)I @ 49
Event: 5.103 Thread 0x000000001611d000 Uncommon trap: reason=unstable_if action=reinterpret pc=0x00000000020bcb5c method=java.util.HashMap.getNode(ILjava/lang/Object;)Ljava/util/HashMap$Node; @ 129
Event: 5.141 Thread 0x000000001611d000 Uncommon trap: reason=unstable_if action=reinterpret pc=0x00000000020da9b0 method=java.util.BitSet.nextSetBit(I)I @ 87
Event: 5.173 Thread 0x0000000016124000 Uncommon trap: reason=class_check action=maybe_recompile pc=0x00000000020fd030 method=com.android.dx.ssa.NormalSsaInsn.accept(Lcom/android/dx/ssa/SsaInsn$Visitor;)V @ 9
Event: 5.173 Thread 0x0000000016124000 Uncommon trap: reason=class_check action=maybe_recompile pc=0x00000000020fd030 method=com.android.dx.ssa.NormalSsaInsn.accept(Lcom/android/dx/ssa/SsaInsn$Visitor;)V @ 9
Event: 5.173 Thread 0x0000000016124000 Uncommon trap: reason=class_check action=maybe_recompile pc=0x00000000020fd030 method=com.android.dx.ssa.NormalSsaInsn.accept(Lcom/android/dx/ssa/SsaInsn$Visitor;)V @ 9
Event: 5.173 Thread 0x0000000016124000 Uncommon trap: reason=class_check action=maybe_recompile pc=0x00000000020fd030 method=com.android.dx.ssa.NormalSsaInsn.accept(Lcom/android/dx/ssa/SsaInsn$Visitor;)V @ 9
Event: 6.709 Thread 0x000000001611d000 Uncommon trap: reason=null_check action=make_not_entrant pc=0x00000000022b5fa8 method=com.android.dx.rop.type.Type.equals(Ljava/lang/Object;)Z @ 8
Event: 6.750 Thread 0x000000001612a800 Uncommon trap: reason=null_check action=make_not_entrant pc=0x00000000021fc648 method=com.android.dx.ssa.SsaRenamer.getLocalForNewReg(I)Lcom/android/dx/rop/code/LocalItem; @ 19

Internal exceptions (4 events):
Event: 0.227 Thread 0x0000000001dc0800 Exception <a 'java/lang/NoSuchMethodError': Method sun.misc.Unsafe.defineClass(Ljava/lang/String;[BII)Ljava/lang/Class; name or signature does not match> (0x00000000eab07cc0) thrown at [C:\src\android\AOSP-openjdk\external\jetbrains\jdk\hotspot\src\share\v{:È
Í?
Event: 0.227 Thread 0x0000000001dc0800 Exception <a 'java/lang/NoSuchMethodError': Method sun.misc.Unsafe.prefetchRead(Ljava/lang/Object;J)V name or signature does not match> (0x00000000eab07fa8) thrown at [C:\src\android\AOSP-openjdk\external\jetbrains\jdk\hotspot\src\share\vm\prims\jni.cpp, l¼‘:ì„Õ@
Event: 6.709 Thread 0x000000001611d000 Implicit null exception at 0x00000000022b5ea2 to 0x00000000022b5f9a
Event: 6.750 Thread 0x000000001612a800 Implicit null exception at 0x00000000021f9878 to 0x00000000021fc605

Events (10 events):
Event: 6.328 loading class com/android/dx/cf/attrib/AttAnnotationDefault
Event: 6.328 loading class com/android/dx/cf/attrib/AttAnnotationDefault done
Event: 6.709 Thread 0x000000001611d000 Uncommon trap: trap_request=0xfffffff4 fr.pc=0x00000000022b5fa8
Event: 6.709 Thread 0x000000001611d000 DEOPT PACKING pc=0x00000000022b5fa8 sp=0x00000000165bea50
Event: 6.709 Thread 0x000000001611d000 DEOPT UNPACKING pc=0x0000000001f0556a sp=0x00000000165be9d8 mode 2
Event: 6.750 Thread 0x000000001612a800 Uncommon trap: trap_request=0xfffffff4 fr.pc=0x00000000021fc648
Event: 6.750 Thread 0x000000001612a800 DEOPT PACKING pc=0x00000000021fc648 sp=0x00000000169be950
Event: 6.750 Thread 0x000000001612a800 DEOPT UNPACKING pc=0x0000000001f0556a sp=0x00000000169be7c8 mode 2
Event: 6.825 Executing VM operation: ParallelGCFailedAllocation
Event: 7.197 Executing VM operation: ParallelGCFailedAllocation done


Dynamic libraries:
0x00007ff631170000 - 0x00007ff6311a1000 	D:\Android\AndroidStudio\jre\bin\java.exe
0x00007ffb46030000 - 0x00007ffb461dd000 	C:\WINDOWS\SYSTEM32\ntdll.dll
0x00007ffb44000000 - 0x00007ffb4413e000 	C:\WINDOWS\system32\KERNEL32.DLL
0x00007ffb43330000 - 0x00007ffb43445000 	C:\WINDOWS\system32\KERNELBASE.dll
0x00007ffb43980000 - 0x00007ffb43a2a000 	C:\WINDOWS\system32\ADVAPI32.dll
0x00007ffb43e10000 - 0x00007ffb43f87000 	C:\WINDOWS\system32\USER32.dll
0x00007ffb40df0000 - 0x00007ffb4106a000 	C:\WINDOWS\WinSxS\amd64_microsoft.windows.common-controls_6595b64144ccf1df_6.0.9600.17810_none_6240b9c7ecbd0bda\COMCTL32.dll
0x00007ffb436b0000 - 0x00007ffb4375a000 	C:\WINDOWS\system32\msvcrt.dll
0x00007ffb43a30000 - 0x00007ffb43a89000 	C:\WINDOWS\SYSTEM32\sechost.dll
0x00007ffb44140000 - 0x00007ffb44280000 	C:\WINDOWS\system32\RPCRT4.dll
0x00007ffb45830000 - 0x00007ffb4597f000 	C:\WINDOWS\system32\GDI32.dll
0x00007ffb43630000 - 0x00007ffb4365e000 	C:\WINDOWS\system32\SspiCli.dll
0x00007ffb43af0000 - 0x00007ffb43b26000 	C:\WINDOWS\system32\IMM32.DLL
0x00007ffb45980000 - 0x00007ffb45ad2000 	C:\WINDOWS\system32\MSCTF.dll
0x000000006a4b0000 - 0x000000006a582000 	D:\Android\AndroidStudio\jre\jre\bin\msvcr100.dll
0x0000000069600000 - 0x0000000069e34000 	D:\Android\AndroidStudio\jre\jre\bin\server\jvm.dll
0x00007ffb3a960000 - 0x00007ffb3a969000 	C:\WINDOWS\SYSTEM32\WSOCK32.dll
0x00007ffb39250000 - 0x00007ffb39272000 	C:\WINDOWS\SYSTEM32\WINMM.dll
0x00007ffb3c820000 - 0x00007ffb3c82a000 	C:\WINDOWS\SYSTEM32\VERSION.dll
0x00007ffb43e00000 - 0x00007ffb43e07000 	C:\WINDOWS\system32\PSAPI.DLL
0x00007ffb44280000 - 0x00007ffb442da000 	C:\WINDOWS\system32\WS2_32.dll
0x00007ffb39150000 - 0x00007ffb3917a000 	C:\WINDOWS\SYSTEM32\WINMMBASE.dll
0x00007ffb45820000 - 0x00007ffb45829000 	C:\WINDOWS\system32\NSI.dll
0x00007ffb43660000 - 0x00007ffb436af000 	C:\WINDOWS\SYSTEM32\cfgmgr32.dll
0x00007ffb41f70000 - 0x00007ffb41f98000 	C:\WINDOWS\SYSTEM32\DEVOBJ.dll
0x00007ffb3dfa0000 - 0x00007ffb3dfaf000 	D:\Android\AndroidStudio\jre\jre\bin\verify.dll
0x00007ffb3bdb0000 - 0x00007ffb3bdd9000 	D:\Android\AndroidStudio\jre\jre\bin\java.dll
0x00007ffb3c710000 - 0x00007ffb3c726000 	D:\Android\AndroidStudio\jre\jre\bin\zip.dll
0x00007ffb442e0000 - 0x00007ffb45808000 	C:\WINDOWS\system32\SHELL32.dll
0x00007ffb43760000 - 0x00007ffb43971000 	C:\WINDOWS\SYSTEM32\combase.dll
0x00007ffb43a90000 - 0x00007ffb43ae4000 	C:\WINDOWS\system32\SHLWAPI.dll
0x00007ffb41790000 - 0x00007ffb41842000 	C:\WINDOWS\SYSTEM32\SHCORE.dll
0x00007ffb43150000 - 0x00007ffb43165000 	C:\WINDOWS\SYSTEM32\profapi.dll

VM Arguments:
jvm_args: -Djava.awt.headless=true -Xmx1024M -Dfile.encoding=windows-1252 -Duser.country=US -Duser.language=en -Duser.variant 
java_command: com.android.dx.command.Main --dex --force-jumbo --num-threads=4 --multi-dex --output D:\Mozilla Downloads\and-nd-firebase-1.00-starting-point\app\build\intermediates\transforms\dex\debug\folders\1000\10\gson-2.6.1_db6077ad19c5e1a90484413a284147a3e2ffdcb5 D:\Android\.gradle\caches\modules-2\files-2.1\com.google.code.gson\gson\2.6.1\b9d63507329a7178e026fc334f87587ee5070ac5\gson-2.6.1.jar
java_class_path (initial): D:\Android\sdk\build-tools\24.0.1\lib\dx.jar
Launcher Type: SUN_STANDARD

Environment Variables:
PATH=C:\ProgramData\Oracle\Java\javapath;C:\Program Files (x86)\Intel\iCLS Client\;C:\Program Files\Intel\iCLS Client\;C:\WINDOWS\system32;C:\WINDOWS;C:\WINDOWS\System32\Wbem;C:\WINDOWS\System32\WindowsPowerShell\v1.0\;C:\Program Files\Intel\Intel(R) Management Engine Components\DAL;C:\Program Files (x86)\Intel\Intel(R) Management Engine Components\DAL;C:\Program Files\Intel\Intel(R) Management Engine Components\IPT;C:\Program Files (x86)\Intel\Intel(R) Management Engine Components\IPT;C:\Users\Hamid-PC\AppData\Local\atom\bin
USERNAME=Hamid-PC
OS=Windows_NT
PROCESSOR_IDENTIFIER=Intel64 Family 6 Model 61 Stepping 4, GenuineIntel



---------------  S Y S T E M  ---------------

OS: Windows 8.1 , 64 bit Build 9600 (6.3.9600.17415)

CPU:total 4 (2 cores per cpu, 2 threads per core) family 6 model 61 stepping 4, cmov, cx8, fxsr, mmx, sse, sse2, sse3, ssse3, sse4.1, sse4.2, popcnt, avx, avx2, aes, clmul, erms, 3dnowpref, lzcnt, ht, tsc, tscinvbit, bmi1, bmi2, adx

Memory: 4k page, physical 4107980k(279464k free), swap 5209432k(2648k free)

vm_info: OpenJDK 64-Bit Server VM (25.76-b03) for windows-amd64 JRE (1.8.0_76-release-b03), built on Jun 29 2016 19:09:20 by "ralucas" with MS VC++ 10.0 (VS2010)

time: Sat Dec 24 01:39:00 2016
elapsed time: 8 seconds (0d 0h 0m 8s)

