#
# A fatal error has been detected by the Java Runtime Environment:
#
#  EXCEPTION_ACCESS_VIOLATION (0xc0000005) at pc=0x00000000697eaeb7, pid=380, tid=0x0000000000001428
#
# JRE version: OpenJDK Runtime Environment (8.0_76-b03) (build 1.8.0_76-release-b03)
# Java VM: OpenJDK 64-Bit Server VM (25.76-b03 mixed mode windows-amd64 compressed oops)
# Problematic frame:
# V  [jvm.dll+0x1eaeb7]
#
# Failed to write core dump. Minidumps are not enabled by default on client versions of Windows
#
# If you would like to submit a bug report, please visit:
#   http://bugreport.java.com/bugreport/crash.jsp
#

---------------  T H R E A D  ---------------

Current thread (0x0000000016c5e800):  JavaThread "pool-2-thread-1" [_thread_in_vm, id=5160, stack(0x0000000017100000,0x0000000017200000)]

siginfo: ExceptionCode=0xc0000005, writing address 0x00000000171f1e50

Registers:
RAX=0x00000000171f1e50, RBX=0x0000000000000007, RCX=0x0000000000006000, RDX=0x0000000000000025
RSP=0x00000000171f7e50, RBP=0x0000000000000000, RSI=0x00000000171f7e50, RDI=0x0000000000000007
R8 =0x0000000000000025, R9 =0x0000000016c58410, R10=0x000000001493a490, R11=0x000000001710a158
R12=0x0000000016c58410, R13=0x0000000016c5e800, R14=0x00000000171f7f80, R15=0x000000001493a490
RIP=0x00000000697eaeb7, EFLAGS=0x0000000000010206

Top of Stack: (sp=0x00000000171f7e50)
0x00000000171f7e50:   0000000000f80cc0 0000000000000010
0x00000000171f7e60:   0000000016c5e800 0000000016c58410
0x00000000171f7e70:   00000000ffffffff 00000000697ebde7
0x00000000171f7e80:   00000000171f7f80 000000001493a490
0x00000000171f7e90:   0000000016c5e800 0000000000000004
0x00000000171f7ea0:   0000000000000040 0000000000000000
0x00000000171f7eb0:   0000000000000029 00007ffb46060d07
0x00000000171f7ec0:   000000001493a490 0000000016c5e800
0x00000000171f7ed0:   0000000002c26d60 0000000000000000
0x00000000171f7ee0:   00000000000000a0 0000000000000000
0x00000000171f7ef0:   0000000000000000 00000000697ee5f5
0x00000000171f7f00:   000000001530bd00 000000001493a490
0x00000000171f7f10:   0000000016c5e800 00000000697340d9
0x00000000171f7f20:   0000000016c82ea0 00007ffb3ec3a3d3
0x00000000171f7f30:   00000000171f80c8 00000000000000a0
0x00000000171f7f40:   0000000002361add 000000006971e8e2 

Instructions: (pc=0x00000000697eaeb7)
0x00000000697eae97:   48 89 6c 24 30 33 ed 66 90 e8 4b b8 07 00 ff c3
0x00000000697eaea7:   48 63 c8 48 8b c6 48 0f af cf 48 ff c7 48 2b c1
0x00000000697eaeb7:   89 28 48 63 c3 48 3b 05 cd d6 56 00 7e db 48 8b
0x00000000697eaec7:   6c 24 30 48 8b 5c 24 38 48 8b 74 24 40 48 83 c4 


Register to memory mapping:

RAX=0x00000000171f1e50 is pointing into the stack for thread: 0x0000000016c5e800
RBX=0x0000000000000007 is an unknown value
RCX=0x0000000000006000 is an unknown value
RDX=0x0000000000000025 is an unknown value
RSP=0x00000000171f7e50 is pointing into the stack for thread: 0x0000000016c5e800
RBP=0x0000000000000000 is an unknown value
RSI=0x00000000171f7e50 is pointing into the stack for thread: 0x0000000016c5e800
RDI=0x0000000000000007 is an unknown value
R8 =0x0000000000000025 is an unknown value
R9 =0x0000000016c58410 is an unknown value
R10={method} {0x000000001493a498} 'register' '(Ljava/lang/Object;)V' in 'java/lang/ref/Finalizer'
R11=0x000000001710a158 is pointing into the stack for thread: 0x0000000016c5e800
R12=0x0000000016c58410 is an unknown value
R13=0x0000000016c5e800 is a thread
R14=0x00000000171f7f80 is pointing into the stack for thread: 0x0000000016c5e800
R15={method} {0x000000001493a498} 'register' '(Ljava/lang/Object;)V' in 'java/lang/ref/Finalizer'


Stack: [0x0000000017100000,0x0000000017200000],  sp=0x00000000171f7e50,  free space=991k
Native frames: (J=compiled Java code, j=interpreted, Vv=VM code, C=native code)

Java frames: (J=compiled Java code, j=interpreted, Vv=VM code)
v  ~RuntimeStub::register_finalizer Runtime1 stub
J 138 C1 java.io.InputStream.<init>()V (5 bytes) @ 0x0000000002d314b2 [0x0000000002d31400+0xb2]
j  java.util.zip.ZipFile$ZipFileInputStream.<init>(Ljava/util/zip/ZipFile;J)V+6
j  java.util.zip.ZipFile.getInputStream(Ljava/util/zip/ZipEntry;)Ljava/io/InputStream;+109
j  java.util.jar.JarFile.getInputStream(Ljava/util/zip/ZipEntry;)Ljava/io/InputStream;+13
j  sun.misc.URLClassPath$JarLoader$2.getInputStream()Ljava/io/InputStream;+11
j  sun.misc.Resource.cachedInputStream()Ljava/io/InputStream;+9
j  sun.misc.Resource.getByteBuffer()Ljava/nio/ByteBuffer;+1
j  java.net.URLClassLoader.defineClass(Ljava/lang/String;Lsun/misc/Resource;)Ljava/lang/Class;+50
j  java.net.URLClassLoader.access$100(Ljava/net/URLClassLoader;Ljava/lang/String;Lsun/misc/Resource;)Ljava/lang/Class;+3
j  java.net.URLClassLoader$1.run()Ljava/lang/Class;+43
j  java.net.URLClassLoader$1.run()Ljava/lang/Object;+1
v  ~StubRoutines::call_stub
j  java.security.AccessController.doPrivileged(Ljava/security/PrivilegedExceptionAction;Ljava/security/AccessControlContext;)Ljava/lang/Object;+0
J 165 C1 java.net.URLClassLoader.findClass(Ljava/lang/String;)Ljava/lang/Class; (47 bytes) @ 0x0000000002d39004 [0x0000000002d38e80+0x184]
J 107 C1 java.lang.ClassLoader.loadClass(Ljava/lang/String;Z)Ljava/lang/Class; (122 bytes) @ 0x0000000002d1f26c [0x0000000002d1e900+0x96c]
j  sun.misc.Launcher$AppClassLoader.loadClass(Ljava/lang/String;Z)Ljava/lang/Class;+81
j  java.lang.ClassLoader.loadClass(Ljava/lang/String;)Ljava/lang/Class;+3
v  ~StubRoutines::call_stub
j  java.lang.ClassLoader.defineClass1(Ljava/lang/String;[BIILjava/security/ProtectionDomain;Ljava/lang/String;)Ljava/lang/Class;+0
j  java.lang.ClassLoader.defineClass(Ljava/lang/String;[BIILjava/security/ProtectionDomain;)Ljava/lang/Class;+27
j  java.security.SecureClassLoader.defineClass(Ljava/lang/String;[BIILjava/security/CodeSource;)Ljava/lang/Class;+12
j  java.net.URLClassLoader.defineClass(Ljava/lang/String;Lsun/misc/Resource;)Ljava/lang/Class;+138
j  java.net.URLClassLoader.access$100(Ljava/net/URLClassLoader;Ljava/lang/String;Lsun/misc/Resource;)Ljava/lang/Class;+3
j  java.net.URLClassLoader$1.run()Ljava/lang/Class;+43
j  java.net.URLClassLoader$1.run()Ljava/lang/Object;+1
v  ~StubRoutines::call_stub
j  java.security.AccessController.doPrivileged(Ljava/security/PrivilegedExceptionAction;Ljava/security/AccessControlContext;)Ljava/lang/Object;+0
J 165 C1 java.net.URLClassLoader.findClass(Ljava/lang/String;)Ljava/lang/Class; (47 bytes) @ 0x0000000002d39004 [0x0000000002d38e80+0x184]
J 107 C1 java.lang.ClassLoader.loadClass(Ljava/lang/String;Z)Ljava/lang/Class; (122 bytes) @ 0x0000000002d1f26c [0x0000000002d1e900+0x96c]
j  sun.misc.Launcher$AppClassLoader.loadClass(Ljava/lang/String;Z)Ljava/lang/Class;+81
j  java.lang.ClassLoader.loadClass(Ljava/lang/String;)Ljava/lang/Class;+3
v  ~StubRoutines::call_stub
j  java.lang.ClassLoader.defineClass1(Ljava/lang/String;[BIILjava/security/ProtectionDomain;Ljava/lang/String;)Ljava/lang/Class;+0
j  java.lang.ClassLoader.defineClass(Ljava/lang/String;[BIILjava/security/ProtectionDomain;)Ljava/lang/Class;+27
j  java.security.SecureClassLoader.defineClass(Ljava/lang/String;[BIILjava/security/CodeSource;)Ljava/lang/Class;+12
j  java.net.URLClassLoader.defineClass(Ljava/lang/String;Lsun/misc/Resource;)Ljava/lang/Class;+138
j  java.net.URLClassLoader.access$100(Ljava/net/URLClassLoader;Ljava/lang/String;Lsun/misc/Resource;)Ljava/lang/Class;+3
j  java.net.URLClassLoader$1.run()Ljava/lang/Class;+43
j  java.net.URLClassLoader$1.run()Ljava/lang/Object;+1
v  ~StubRoutines::call_stub
j  java.security.AccessController.doPrivileged(Ljava/security/PrivilegedExceptionAction;Ljava/security/AccessControlContext;)Ljava/lang/Object;+0
J 165 C1 java.net.URLClassLoader.findClass(Ljava/lang/String;)Ljava/lang/Class; (47 bytes) @ 0x0000000002d39004 [0x0000000002d38e80+0x184]
J 107 C1 java.lang.ClassLoader.loadClass(Ljava/lang/String;Z)Ljava/lang/Class; (122 bytes) @ 0x0000000002d1f26c [0x0000000002d1e900+0x96c]
j  sun.misc.Launcher$AppClassLoader.loadClass(Ljava/lang/String;Z)Ljava/lang/Class;+81
j  java.lang.ClassLoader.loadClass(Ljava/lang/String;)Ljava/lang/Class;+3
v  ~StubRoutines::call_stub
j  com.android.dx.cf.code.Ropper.<init>(Lcom/android/dx/cf/code/ConcreteMethod;Lcom/android/dx/rop/code/TranslationAdvice;Lcom/android/dx/cf/iface/MethodList;)V+65
j  com.android.dx.cf.code.Ropper.convert(Lcom/android/dx/cf/code/ConcreteMethod;Lcom/android/dx/rop/code/TranslationAdvice;Lcom/android/dx/cf/iface/MethodList;)Lcom/android/dx/rop/code/RopMethod;+7
j  com.android.dx.dex.cf.CfTranslator.processMethods(Lcom/android/dx/cf/direct/DirectClassFile;Lcom/android/dx/dex/cf/CfOptions;Lcom/android/dx/dex/DexOptions;Lcom/android/dx/dex/file/ClassDefItem;Lcom/android/dx/dex/file/DexFile;)V+176
j  com.android.dx.dex.cf.CfTranslator.translate0(Lcom/android/dx/cf/direct/DirectClassFile;[BLcom/android/dx/dex/cf/CfOptions;Lcom/android/dx/dex/DexOptions;Lcom/android/dx/dex/file/DexFile;)Lcom/android/dx/dex/file/ClassDefItem;+120
j  com.android.dx.dex.cf.CfTranslator.translate(Lcom/android/dx/cf/direct/DirectClassFile;[BLcom/android/dx/dex/cf/CfOptions;Lcom/android/dx/dex/DexOptions;Lcom/android/dx/dex/file/DexFile;)Lcom/android/dx/dex/file/ClassDefItem;+6
j  com.android.dx.command.dexer.Main.translateClass([BLcom/android/dx/cf/direct/DirectClassFile;)Lcom/android/dx/dex/file/ClassDefItem;+17
j  com.android.dx.command.dexer.Main.access$2700([BLcom/android/dx/cf/direct/DirectClassFile;)Lcom/android/dx/dex/file/ClassDefItem;+2
j  com.android.dx.command.dexer.Main$ClassTranslatorTask.call()Lcom/android/dx/dex/file/ClassDefItem;+8
j  com.android.dx.command.dexer.Main$ClassTranslatorTask.call()Ljava/lang/Object;+1
j  java.util.concurrent.FutureTask.run()V+42
j  java.util.concurrent.ThreadPoolExecutor.runWorker(Ljava/util/concurrent/ThreadPoolExecutor$Worker;)V+95
j  java.util.concurrent.ThreadPoolExecutor$Worker.run()V+5
j  java.lang.Thread.run()V+11
v  ~StubRoutines::call_stub

---------------  P R O C E S S  ---------------

Java Threads: ( => current thread )
  0x0000000016c65800 JavaThread "pool-2-thread-2" [_thread_blocked, id=3916, stack(0x0000000017300000,0x0000000017400000)]
  0x0000000016c5f000 JavaThread "pool-3-thread-1" [_thread_blocked, id=4936, stack(0x0000000017200000,0x0000000017300000)]
=>0x0000000016c5e800 JavaThread "pool-2-thread-1" [_thread_in_vm, id=5160, stack(0x0000000017100000,0x0000000017200000)]
  0x000000001530e000 JavaThread "Service Thread" daemon [_thread_blocked, id=3728, stack(0x0000000016f00000,0x0000000017000000)]
  0x0000000015307000 JavaThread "C1 CompilerThread2" daemon [_thread_blocked, id=864, stack(0x0000000016a00000,0x0000000016b00000)]
  0x0000000015304800 JavaThread "C2 CompilerThread1" daemon [_thread_blocked, id=4792, stack(0x0000000016900000,0x0000000016a00000)]
  0x00000000152aa800 JavaThread "C2 CompilerThread0" daemon [_thread_blocked, id=4268, stack(0x0000000016800000,0x0000000016900000)]
  0x00000000152a9000 JavaThread "Attach Listener" daemon [_thread_blocked, id=2536, stack(0x0000000016700000,0x0000000016800000)]
  0x00000000152a8000 JavaThread "Signal Dispatcher" daemon [_thread_blocked, id=2644, stack(0x0000000016600000,0x0000000016700000)]
  0x0000000015298000 JavaThread "Finalizer" daemon [_thread_blocked, id=4488, stack(0x0000000016500000,0x0000000016600000)]
  0x0000000002bcf000 JavaThread "Reference Handler" daemon [_thread_blocked, id=3148, stack(0x0000000016400000,0x0000000016500000)]
  0x0000000002ae0800 JavaThread "main" [_thread_blocked, id=3840, stack(0x00000000028f0000,0x00000000029f0000)]

Other Threads:
  0x0000000015275800 VMThread [stack: 0x0000000016300000,0x0000000016400000] [id=3280]
  0x0000000016b00800 WatcherThread [stack: 0x0000000017000000,0x0000000017100000] [id=4816]

VM state:not at safepoint (normal execution)

VM Mutex/Monitor currently owned by a thread: None

Heap:
 PSYoungGen      total 18944K, used 4964K [0x00000000eab00000, 0x00000000ec000000, 0x0000000100000000)
  eden space 16384K, 30% used [0x00000000eab00000,0x00000000eafd9350,0x00000000ebb00000)
  from space 2560K, 0% used [0x00000000ebd80000,0x00000000ebd80000,0x00000000ec000000)
  to   space 2560K, 0% used [0x00000000ebb00000,0x00000000ebb00000,0x00000000ebd80000)
 ParOldGen       total 44032K, used 0K [0x00000000c0000000, 0x00000000c2b00000, 0x00000000eab00000)
  object space 44032K, 0% used [0x00000000c0000000,0x00000000c0000000,0x00000000c2b00000)
 Metaspace       used 4176K, capacity 5392K, committed 5760K, reserved 1056768K
  class space    used 458K, capacity 520K, committed 640K, reserved 1048576K

Card table byte_map: [0x0000000011fa0000,0x00000000121b0000] byte_map_base: 0x00000000119a0000

Marking Bits: (ParMarkBitMap*) 0x0000000069db9d00
 Begin Bits: [0x0000000012710000, 0x0000000013710000)
 End Bits:   [0x0000000013710000, 0x0000000014710000)

Polling page: 0x0000000000fa0000

CodeCache: size=245760Kb used=1427Kb max_used=1439Kb free=244332Kb
 bounds [0x0000000002be0000, 0x0000000002e50000, 0x0000000011be0000]
 total_blobs=444 nmethods=185 adapters=173
 compilation: enabled

Compilation events (10 events):
Event: 1.186 Thread 0x0000000015307000 nmethod 179 0x0000000002d415d0 code [0x0000000002d41740, 0x0000000002d419a8]
Event: 1.190 Thread 0x0000000015307000  180       3       java.lang.Character::digit (6 bytes)
Event: 1.190 Thread 0x0000000015307000 nmethod 180 0x0000000002d41090 code [0x0000000002d41200, 0x0000000002d41498]
Event: 1.190 Thread 0x0000000015307000  181       3       java.lang.Character::digit (10 bytes)
Event: 1.191 Thread 0x0000000015307000 nmethod 181 0x0000000002d40c10 code [0x0000000002d40d80, 0x0000000002d40fb8]
Event: 1.192 Thread 0x0000000015307000  182       3       java.lang.CharacterDataLatin1::digit (91 bytes)
Event: 1.193 Thread 0x0000000015307000 nmethod 182 0x0000000002d43a90 code [0x0000000002d43c00, 0x0000000002d43f90]
Event: 1.194 Thread 0x00000000152aa800  183       4       java.lang.String::startsWith (72 bytes)
Event: 1.196 Thread 0x0000000015307000  184   !   3       java.lang.ref.Finalizer::add (41 bytes)
Event: 1.197 Thread 0x0000000015307000 nmethod 184 0x0000000002d44110 code [0x0000000002d44280, 0x0000000002d44630]

GC Heap History (0 events):
No events

Deoptimization events (1 events):
Event: 1.105 Thread 0x0000000002ae0800 Uncommon trap: reason=unstable_if action=reinterpret pc=0x0000000002d2ea94 method=java.lang.String.indexOf(II)I @ 49

Internal exceptions (2 events):
Event: 0.090 Thread 0x0000000002ae0800 Exception <a 'java/lang/NoSuchMethodError': Method sun.misc.Unsafe.defineClass(Ljava/lang/String;[BII)Ljava/lang/Class; name or signature does not match> (0x00000000eab07cc0) thrown at [C:\src\android\AOSP-openjdk\external\jetbrains\jdk\hotspot\src\share\v^HÊÊ·?
Event: 0.090 Thread 0x0000000002ae0800 Exception <a 'java/lang/NoSuchMethodError': Method sun.misc.Unsafe.prefetchRead(Ljava/lang/Object;J)V name or signature does not match> (0x00000000eab07fa8) thrown at [C:\src\android\AOSP-openjdk\external\jetbrains\jdk\hotspot\src\share\vm\prims\jni.cpp, l

Events (10 events):
Event: 1.195 loading class com/android/dx/cf/code/ByteBlockList
Event: 1.195 loading class com/android/dx/cf/code/ByteBlockList done
Event: 1.196 loading class com/android/dx/util/LabeledList
Event: 1.196 loading class com/android/dx/util/LabeledList done
Event: 1.197 loading class com/android/dx/cf/code/RopperMachine
Event: 1.197 loading class com/android/dx/cf/code/RopperMachine done
Event: 1.199 loading class com/android/dx/cf/code/ValueAwareMachine
Event: 1.199 loading class com/android/dx/cf/code/ValueAwareMachine done
Event: 1.200 loading class com/android/dx/cf/code/BaseMachine
Event: 1.200 loading class com/android/dx/cf/code/BaseMachine done


Dynamic libraries:
0x00007ff766640000 - 0x00007ff766671000 	D:\Android\AndroidStudio\jre\bin\java.exe
0x00007ffb46030000 - 0x00007ffb461dd000 	C:\WINDOWS\SYSTEM32\ntdll.dll
0x00007ffb44000000 - 0x00007ffb4413e000 	C:\WINDOWS\system32\KERNEL32.DLL
0x00007ffb43330000 - 0x00007ffb43445000 	C:\WINDOWS\system32\KERNELBASE.dll
0x00007ffb43980000 - 0x00007ffb43a2a000 	C:\WINDOWS\system32\ADVAPI32.dll
0x00007ffb43e10000 - 0x00007ffb43f87000 	C:\WINDOWS\system32\USER32.dll
0x00007ffb40df0000 - 0x00007ffb4106a000 	C:\WINDOWS\WinSxS\amd64_microsoft.windows.common-controls_6595b64144ccf1df_6.0.9600.17810_none_6240b9c7ecbd0bda\COMCTL32.dll
0x00007ffb436b0000 - 0x00007ffb4375a000 	C:\WINDOWS\system32\msvcrt.dll
0x00007ffb43a30000 - 0x00007ffb43a89000 	C:\WINDOWS\SYSTEM32\sechost.dll
0x00007ffb44140000 - 0x00007ffb44280000 	C:\WINDOWS\system32\RPCRT4.dll
0x00007ffb45830000 - 0x00007ffb4597f000 	C:\WINDOWS\system32\GDI32.dll
0x00007ffb43630000 - 0x00007ffb4365e000 	C:\WINDOWS\system32\SspiCli.dll
0x00007ffb43af0000 - 0x00007ffb43b26000 	C:\WINDOWS\system32\IMM32.DLL
0x00007ffb45980000 - 0x00007ffb45ad2000 	C:\WINDOWS\system32\MSCTF.dll
0x0000000069520000 - 0x00000000695f2000 	D:\Android\AndroidStudio\jre\jre\bin\msvcr100.dll
0x0000000069600000 - 0x0000000069e34000 	D:\Android\AndroidStudio\jre\jre\bin\server\jvm.dll
0x00007ffb3a960000 - 0x00007ffb3a969000 	C:\WINDOWS\SYSTEM32\WSOCK32.dll
0x00007ffb39250000 - 0x00007ffb39272000 	C:\WINDOWS\SYSTEM32\WINMM.dll
0x00007ffb3c820000 - 0x00007ffb3c82a000 	C:\WINDOWS\SYSTEM32\VERSION.dll
0x00007ffb43e00000 - 0x00007ffb43e07000 	C:\WINDOWS\system32\PSAPI.DLL
0x00007ffb44280000 - 0x00007ffb442da000 	C:\WINDOWS\system32\WS2_32.dll
0x00007ffb39150000 - 0x00007ffb3917a000 	C:\WINDOWS\SYSTEM32\WINMMBASE.dll
0x00007ffb45820000 - 0x00007ffb45829000 	C:\WINDOWS\system32\NSI.dll
0x00007ffb43660000 - 0x00007ffb436af000 	C:\WINDOWS\SYSTEM32\cfgmgr32.dll
0x00007ffb41f70000 - 0x00007ffb41f98000 	C:\WINDOWS\SYSTEM32\DEVOBJ.dll
0x00007ffb3f0a0000 - 0x00007ffb3f0af000 	D:\Android\AndroidStudio\jre\jre\bin\verify.dll
0x00007ffb3bae0000 - 0x00007ffb3bb09000 	D:\Android\AndroidStudio\jre\jre\bin\java.dll
0x00007ffb3ec30000 - 0x00007ffb3ec46000 	D:\Android\AndroidStudio\jre\jre\bin\zip.dll
0x00007ffb442e0000 - 0x00007ffb45808000 	C:\WINDOWS\system32\SHELL32.dll
0x00007ffb43760000 - 0x00007ffb43971000 	C:\WINDOWS\SYSTEM32\combase.dll
0x00007ffb43a90000 - 0x00007ffb43ae4000 	C:\WINDOWS\system32\SHLWAPI.dll
0x00007ffb41790000 - 0x00007ffb41842000 	C:\WINDOWS\SYSTEM32\SHCORE.dll
0x00007ffb43150000 - 0x00007ffb43165000 	C:\WINDOWS\SYSTEM32\profapi.dll
0x00007ffb3aa50000 - 0x00007ffb3abda000 	C:\WINDOWS\SYSTEM32\dbghelp.dll

VM Arguments:
jvm_args: -Djava.awt.headless=true -Xmx1024M -Dfile.encoding=windows-1252 -Duser.country=US -Duser.language=en -Duser.variant 
java_command: com.android.dx.command.Main --dex --force-jumbo --num-threads=4 --multi-dex --output D:\Mozilla Downloads\and-nd-firebase-1.00-starting-point\app\build\intermediates\transforms\dex\debug\folders\1000\10\com.twitter.sdk.android-twitter-2.2.0_ea29df467c752e2ba7918145a3aca8e6124338bf D:\Mozilla Downloads\and-nd-firebase-1.00-starting-point\app\build\intermediates\exploded-aar\com.twitter.sdk.android\twitter\2.2.0\jars\classes.jar
java_class_path (initial): D:\Android\sdk\build-tools\24.0.1\lib\dx.jar
Launcher Type: SUN_STANDARD

Environment Variables:
PATH=C:\ProgramData\Oracle\Java\javapath;C:\Program Files (x86)\Intel\iCLS Client\;C:\Program Files\Intel\iCLS Client\;C:\WINDOWS\system32;C:\WINDOWS;C:\WINDOWS\System32\Wbem;C:\WINDOWS\System32\WindowsPowerShell\v1.0\;C:\Program Files\Intel\Intel(R) Management Engine Components\DAL;C:\Program Files (x86)\Intel\Intel(R) Management Engine Components\DAL;C:\Program Files\Intel\Intel(R) Management Engine Components\IPT;C:\Program Files (x86)\Intel\Intel(R) Management Engine Components\IPT;C:\Program Files\Microsoft SQL Server\110\Tools\Binn\
USERNAME=Hamid-PC
OS=Windows_NT
PROCESSOR_IDENTIFIER=Intel64 Family 6 Model 61 Stepping 4, GenuineIntel



---------------  S Y S T E M  ---------------

OS: Windows 8.1 , 64 bit Build 9600 (6.3.9600.17415)

CPU:total 4 (2 cores per cpu, 2 threads per core) family 6 model 61 stepping 4, cmov, cx8, fxsr, mmx, sse, sse2, sse3, ssse3, sse4.1, sse4.2, popcnt, avx, avx2, aes, clmul, erms, 3dnowpref, lzcnt, ht, tsc, tscinvbit, bmi1, bmi2, adx

Memory: 4k page, physical 4107980k(306052k free), swap 5209432k(205336k free)

vm_info: OpenJDK 64-Bit Server VM (25.76-b03) for windows-amd64 JRE (1.8.0_76-release-b03), built on Jun 29 2016 19:09:20 by "ralucas" with MS VC++ 10.0 (VS2010)

time: Thu Dec 22 18:24:10 2016
elapsed time: 1 seconds (0d 0h 0m 1s)

