#
# There is insufficient memory for the Java Runtime Environment to continue.
# Native memory allocation (malloc) failed to allocate 32744 bytes for ChunkPool::allocate
# Possible reasons:
#   The system is out of physical RAM or swap space
#   In 32 bit mode, the process size limit was hit
# Possible solutions:
#   Reduce memory load on the system
#   Increase physical memory or swap space
#   Check if swap backing store is full
#   Use 64 bit Java on a 64 bit OS
#   Decrease Java heap size (-Xmx/-Xms)
#   Decrease number of Java threads
#   Decrease Java thread stack sizes (-Xss)
#   Set larger code cache with -XX:ReservedCodeCacheSize=
# This output file may be truncated or incomplete.
#
#  Out of Memory Error (allocation.cpp:273), pid=3056, tid=0x00000000000008b0
#
# JRE version: OpenJDK Runtime Environment (8.0_76-b03) (build 1.8.0_76-release-b03)
# Java VM: OpenJDK 64-Bit Server VM (25.76-b03 mixed mode windows-amd64 compressed oops)
# Failed to write core dump. Minidumps are not enabled by default on client versions of Windows
#

---------------  T H R E A D  ---------------

Current thread (0x0000000015d48800):  JavaThread "C1 CompilerThread2" daemon [_thread_in_native, id=2224, stack(0x0000000016140000,0x0000000016240000)]

Stack: [0x0000000016140000,0x0000000016240000]
[error occurred during error reporting (printing stack bounds), id 0xc0000005]

Native frames: (J=compiled Java code, j=interpreted, Vv=VM code, C=native code)


Current CompileTask:
C1:   2609  187   !   3      
[error occurred during error reporting (printing current compile task), id 0xe0000001]


---------------  P R O C E S S  ---------------

Java Threads: ( => current thread )
  0x0000000015eb7000 JavaThread "pool-2-thread-4" [_thread_new, id=2608, stack(0x0000000000000000,0x0000000000000000)]
  0x0000000015eb6000 JavaThread "pool-2-thread-3" [_thread_new, id=148, stack(0x0000000000000000,0x0000000000000000)]
  0x0000000015eb4800 JavaThread "pool-2-thread-2" [_thread_new, id=5524, stack(0x0000000000000000,0x0000000000000000)]
  0x0000000015eb2000 JavaThread "pool-3-thread-1" [_thread_new, id=1476, stack(0x0000000000000000,0x0000000000000000)]
  0x0000000015eb1000 JavaThread "pool-2-thread-1" [_thread_new, id=3168, stack(0x0000000000000000,0x0000000000000000)]
  0x0000000015d4a000 JavaThread "Service Thread" daemon [_thread_blocked, id=5648, stack(0x0000000016240000,0x0000000016340000)]
=>0x0000000015d48800 JavaThread "C1 CompilerThread2" daemon [_thread_in_native, id=2224, stack(0x0000000016140000,0x0000000016240000)]
  0x00000000144fe800 JavaThread "C2 CompilerThread1" daemon [_thread_blocked, id=5924, stack(0x0000000015c40000,0x0000000015d40000)]
  0x00000000144fa800 JavaThread "C2 CompilerThread0" daemon [_thread_blocked, id=4896, stack(0x0000000015b40000,0x0000000015c40000)]
  0x00000000144f9800 JavaThread "Attach Listener" daemon [_thread_blocked, id=5044, stack(0x0000000015a40000,0x0000000015b40000)]
  0x00000000144f8000 JavaThread "Signal Dispatcher" daemon [_thread_blocked, id=5944, stack(0x0000000015940000,0x0000000015a40000)]
  0x00000000144e8800 JavaThread "Finalizer" daemon [_thread_blocked, id=1324, stack(0x0000000015760000,0x0000000015860000)]
  0x0000000001def000 JavaThread "Reference Handler" daemon [_thread_blocked, id=5596, stack(0x0000000015660000,0x0000000015760000)]
  0x0000000001d00800 JavaThread "main" [_thread_in_vm, id=4448, stack(0x0000000001bd0000,0x0000000001cd0000)]

Other Threads:
  0x00000000144c5800 VMThread [stack: 0x0000000015560000,0x0000000015660000] [id=5984]
  0x0000000015d4b800 WatcherThread [stack: 0x0000000016340000,0x0000000016440000] [id=1584]

VM state:not at safepoint (normal execution)

VM Mutex/Monitor currently owned by a thread: None

Heap:
 PSYoungGen      total 18944K, used 3645K [0x00000000eab00000, 0x00000000ec000000, 0x0000000100000000)
  eden space 16384K, 22% used [0x00000000eab00000,0x00000000eae8f460,0x00000000ebb00000)
  from space 2560K, 0% used [0x00000000ebd80000,0x00000000ebd80000,0x00000000ec000000)
  to   space 2560K, 0% used [0x00000000ebb00000,0x00000000ebb00000,0x00000000ebd80000)
 ParOldGen       total 44032K, used 0K [0x00000000c0000000, 0x00000000c2b00000, 0x00000000eab00000)
  object space 44032K, 0% used [0x00000000c0000000,0x00000000c0000000,0x00000000c2b00000)
 Metaspace       used 3827K, capacity 5104K, committed 5376K, reserved 1056768K
  class space    used 418K, capacity 488K, committed 512K, reserved 1048576K

Card table byte_map: [0x00000000111f0000,0x0000000011400000] byte_map_base: 0x0000000010bf0000

Marking Bits: (ParMarkBitMap*) 0x0000000069db9d00
 Begin Bits: [0x0000000011960000, 0x0000000012960000)
 End Bits:   [0x0000000012960000, 0x0000000013960000)

Polling page: 0x0000000000460000

CodeCache: size=245760Kb used=1436Kb max_used=1445Kb free=244323Kb
 bounds [0x0000000001e30000, 0x00000000020a0000, 0x0000000010e30000]
 total_blobs=444 nmethods=187 adapters=171
 compilation: enabled

Compilation events (10 events):
Event: 2.598 Thread 0x0000000015d48800 nmethod 182 0x0000000001f93190 code [0x0000000001f93440, 0x0000000001f945b8]
Event: 2.598 Thread 0x0000000015d48800  186       1       com.android.dx.cf.direct.DirectClassFile::getBytes (5 bytes)
Event: 2.598 Thread 0x0000000015d48800 nmethod 186 0x0000000001f95050 code [0x0000000001f951a0, 0x0000000001f952b0]
Event: 2.598 Thread 0x0000000015d48800  183       3       com.android.dx.rop.cst.StdConstantPool::set (123 bytes)
Event: 2.598 Thread 0x00000000144fe800  189       4       com.android.dx.util.ByteArray::checkOffsets (66 bytes)
Event: 2.600 Thread 0x0000000015d48800 nmethod 183 0x0000000001f95310 code [0x0000000001f95540, 0x0000000001f96248]
Event: 2.600 Thread 0x0000000015d48800  184       3       com.android.dx.rop.cst.TypedConstant::<init> (5 bytes)
Event: 2.600 Thread 0x00000000144fe800 nmethod 189 0x0000000001f994d0 code [0x0000000001f99600, 0x0000000001f996b8]
Event: 2.600 Thread 0x0000000015d48800 nmethod 184 0x0000000001f99050 code [0x0000000001f991c0, 0x0000000001f993d0]
Event: 2.600 Thread 0x0000000015d48800  187   !   3       com.android.dx.cf.cst.ConstantPoolParser::parse0 (731 bytes)

GC Heap History (0 events):
No events

Deoptimization events (1 events):
Event: 2.300 Thread 0x0000000001d00800 Uncommon trap: reason=unstable_if action=reinterpret pc=0x0000000001f69e10 method=java.lang.String.indexOf(II)I @ 49

Internal exceptions (2 events):
Event: 0.376 Thread 0x0000000001d00800 Exception <a 'java/lang/NoSuchMethodError': Method sun.misc.Unsafe.defineClass(Ljava/lang/String;[BII)Ljava/lang/Class; name or signature does not match> (0x00000000eab07cc0) thrown at [C:\src\android\AOSP-openjdk\external\jetbrains\jdk\hotspot\src\share\véÎŽøØ?
Event: 0.376 Thread 0x0000000001d00800 Exception <a 'java/lang/NoSuchMethodError': Method sun.misc.Unsafe.prefetchRead(Ljava/lang/Object;J)V name or signature does not match> (0x00000000eab07fa8) thrown at [C:\src\android\AOSP-openjdk\external\jetbrains\jdk\hotspot\src\share\vm\prims\jni.cpp, l

Events (10 events):
Event: 2.594 loading class com/android/dx/command/dexer/Main$ClassDefItemConsumer
Event: 2.594 loading class com/android/dx/command/dexer/Main$ClassDefItemConsumer done
Event: 2.595 Thread 0x0000000015eb2000 Thread added: 0x0000000015eb2000
Event: 2.596 loading class com/android/dx/cf/attrib/AttConstantValue
Event: 2.596 loading class com/android/dx/cf/attrib/AttConstantValue done
Event: 2.597 Thread 0x0000000015eb4800 Thread added: 0x0000000015eb4800
Event: 2.601 loading class com/android/dx/cf/direct/DirectClassFile$DcfTypeList
Event: 2.601 loading class com/android/dx/cf/direct/DirectClassFile$DcfTypeList done
Event: 2.603 Thread 0x0000000015eb6000 Thread added: 0x0000000015eb6000
Event: 2.605 Thread 0x0000000015eb7000 Thread added: 0x0000000015eb7000


Dynamic libraries:
0x00007ff766640000 - 0x00007ff766671000 	D:\Android\AndroidStudio\jre\bin\java.exe
0x00007ffb46030000 - 0x00007ffb461dd000 	C:\WINDOWS\SYSTEM32\ntdll.dll
0x00007ffb44000000 - 0x00007ffb4413e000 	C:\WINDOWS\system32\KERNEL32.DLL
0x00007ffb43330000 - 0x00007ffb43445000 	C:\WINDOWS\system32\KERNELBASE.dll
0x00007ffb43980000 - 0x00007ffb43a2a000 	C:\WINDOWS\system32\ADVAPI32.dll
0x00007ffb43e10000 - 0x00007ffb43f87000 	C:\WINDOWS\system32\USER32.dll
0x00007ffb40df0000 - 0x00007ffb4106a000 	C:\WINDOWS\WinSxS\amd64_microsoft.windows.common-controls_6595b64144ccf1df_6.0.9600.17810_none_6240b9c7ecbd0bda\COMCTL32.dll
0x00007ffb436b0000 - 0x00007ffb4375a000 	C:\WINDOWS\system32\msvcrt.dll
0x00007ffb43a30000 - 0x00007ffb43a89000 	C:\WINDOWS\SYSTEM32\sechost.dll
0x00007ffb44140000 - 0x00007ffb44280000 	C:\WINDOWS\system32\RPCRT4.dll
0x00007ffb45830000 - 0x00007ffb4597f000 	C:\WINDOWS\system32\GDI32.dll
0x00007ffb43630000 - 0x00007ffb4365e000 	C:\WINDOWS\system32\SspiCli.dll
0x00007ffb43af0000 - 0x00007ffb43b26000 	C:\WINDOWS\system32\IMM32.DLL
0x00007ffb45980000 - 0x00007ffb45ad2000 	C:\WINDOWS\system32\MSCTF.dll
0x0000000069520000 - 0x00000000695f2000 	D:\Android\AndroidStudio\jre\jre\bin\msvcr100.dll
0x0000000069600000 - 0x0000000069e34000 	D:\Android\AndroidStudio\jre\jre\bin\server\jvm.dll
0x00007ffb3a960000 - 0x00007ffb3a969000 	C:\WINDOWS\SYSTEM32\WSOCK32.dll
0x00007ffb39250000 - 0x00007ffb39272000 	C:\WINDOWS\SYSTEM32\WINMM.dll
0x00007ffb3c820000 - 0x00007ffb3c82a000 	C:\WINDOWS\SYSTEM32\VERSION.dll
0x00007ffb43e00000 - 0x00007ffb43e07000 	C:\WINDOWS\system32\PSAPI.DLL
0x00007ffb44280000 - 0x00007ffb442da000 	C:\WINDOWS\system32\WS2_32.dll
0x00007ffb39150000 - 0x00007ffb3917a000 	C:\WINDOWS\SYSTEM32\WINMMBASE.dll
0x00007ffb45820000 - 0x00007ffb45829000 	C:\WINDOWS\system32\NSI.dll
0x00007ffb43660000 - 0x00007ffb436af000 	C:\WINDOWS\SYSTEM32\cfgmgr32.dll
0x00007ffb41f70000 - 0x00007ffb41f98000 	C:\WINDOWS\SYSTEM32\DEVOBJ.dll
0x00007ffb3f0a0000 - 0x00007ffb3f0af000 	D:\Android\AndroidStudio\jre\jre\bin\verify.dll
0x00007ffb3bae0000 - 0x00007ffb3bb09000 	D:\Android\AndroidStudio\jre\jre\bin\java.dll
0x00007ffb3ec30000 - 0x00007ffb3ec46000 	D:\Android\AndroidStudio\jre\jre\bin\zip.dll
0x00007ffb442e0000 - 0x00007ffb45808000 	C:\WINDOWS\system32\SHELL32.dll
0x00007ffb43760000 - 0x00007ffb43971000 	C:\WINDOWS\SYSTEM32\combase.dll
0x00007ffb43a90000 - 0x00007ffb43ae4000 	C:\WINDOWS\system32\SHLWAPI.dll
0x00007ffb41790000 - 0x00007ffb41842000 	C:\WINDOWS\SYSTEM32\SHCORE.dll
0x00007ffb43150000 - 0x00007ffb43165000 	C:\WINDOWS\SYSTEM32\profapi.dll

VM Arguments:
jvm_args: -Djava.awt.headless=true -Xmx1024M -Dfile.encoding=windows-1252 -Duser.country=US -Duser.language=en -Duser.variant 
java_command: com.android.dx.command.Main --dex --force-jumbo --num-threads=4 --multi-dex --output D:\Mozilla Downloads\and-nd-firebase-1.00-starting-point\app\build\intermediates\transforms\dex\debug\folders\1000\10\com.twitter.sdk.android-tweet-composer-2.2.0_2f63cba000dc6ab3aef56cd1c455cc3e8bf1837a D:\Mozilla Downloads\and-nd-firebase-1.00-starting-point\app\build\intermediates\exploded-aar\com.twitter.sdk.android\tweet-composer\2.2.0\jars\classes.jar
java_class_path (initial): D:\Android\sdk\build-tools\24.0.1\lib\dx.jar
Launcher Type: SUN_STANDARD

Environment Variables:
PATH=C:\ProgramData\Oracle\Java\javapath;C:\Program Files (x86)\Intel\iCLS Client\;C:\Program Files\Intel\iCLS Client\;C:\WINDOWS\system32;C:\WINDOWS;C:\WINDOWS\System32\Wbem;C:\WINDOWS\System32\WindowsPowerShell\v1.0\;C:\Program Files\Intel\Intel(R) Management Engine Components\DAL;C:\Program Files (x86)\Intel\Intel(R) Management Engine Components\DAL;C:\Program Files\Intel\Intel(R) Management Engine Components\IPT;C:\Program Files (x86)\Intel\Intel(R) Management Engine Components\IPT;C:\Program Files\Microsoft SQL Server\110\Tools\Binn\
USERNAME=Hamid-PC
OS=Windows_NT
PROCESSOR_IDENTIFIER=Intel64 Family 6 Model 61 Stepping 4, GenuineIntel



---------------  S Y S T E M  ---------------

OS: Windows 8.1 , 64 bit Build 9600 (6.3.9600.17415)

CPU:total 4 (2 cores per cpu, 2 threads per core) family 6 model 61 stepping 4, cmov, cx8, fxsr, mmx, sse, sse2, sse3, ssse3, sse4.1, sse4.2, popcnt, avx, avx2, aes, clmul, erms, 3dnowpref, lzcnt, ht, tsc, tscinvbit, bmi1, bmi2, adx

Memory: 4k page, physical 4107980k(249428k free), swap 5209432k(5116k free)

vm_info: OpenJDK 64-Bit Server VM (25.76-b03) for windows-amd64 JRE (1.8.0_76-release-b03), built on Jun 29 2016 19:09:20 by "ralucas" with MS VC++ 10.0 (VS2010)

time: Thu Dec 22 18:34:24 2016
elapsed time: 2 seconds (0d 0h 0m 2s)

