#
# There is insufficient memory for the Java Runtime Environment to continue.
# Native memory allocation (malloc) failed to allocate 32784 bytes for Chunk::new
# Possible reasons:
#   The system is out of physical RAM or swap space
#   In 32 bit mode, the process size limit was hit
# Possible solutions:
#   Reduce memory load on the system
#   Increase physical memory or swap space
#   Check if swap backing store is full
#   Use 64 bit Java on a 64 bit OS
#   Decrease Java heap size (-Xmx/-Xms)
#   Decrease number of Java threads
#   Decrease Java thread stack sizes (-Xss)
#   Set larger code cache with -XX:ReservedCodeCacheSize=
# This output file may be truncated or incomplete.
#
#  Out of Memory Error (allocation.cpp:390), pid=5932, tid=0x0000000000000644
#
# JRE version: OpenJDK Runtime Environment (8.0_76-b03) (build 1.8.0_76-release-b03)
# Java VM: OpenJDK 64-Bit Server VM (25.76-b03 mixed mode windows-amd64 compressed oops)
# Failed to write core dump. Minidumps are not enabled by default on client versions of Windows
#

---------------  T H R E A D  ---------------

Current thread (0x0000000014f7a800):  JavaThread "C1 CompilerThread2" daemon [_thread_in_native, id=1604, stack(0x0000000016770000,0x0000000016870000)]

Stack: [0x0000000016770000,0x0000000016870000]
[error occurred during error reporting (printing stack bounds), id 0xc0000005]

Native frames: (J=compiled Java code, j=interpreted, Vv=VM code, C=native code)


Current CompileTask:
C1:   2131  628   !   3       com.android.dx.cf.code.BytecodeArray::parseInstruction (2764 bytes)


---------------  P R O C E S S  ---------------

Java Threads: ( => current thread )
  0x0000000016b6c800 JavaThread "pool-2-thread-4" [_thread_in_vm, id=3012, stack(0x0000000017270000,0x0000000017370000)]
  0x0000000016b69800 JavaThread "pool-2-thread-3" [_thread_in_Java, id=824, stack(0x0000000017170000,0x0000000017270000)]
  0x0000000016b67800 JavaThread "pool-2-thread-2" [_thread_in_Java, id=2296, stack(0x0000000017070000,0x0000000017170000)]
  0x0000000016ac4000 JavaThread "pool-3-thread-1" [_thread_blocked, id=4428, stack(0x0000000016f70000,0x0000000017070000)]
  0x0000000016ac7800 JavaThread "pool-2-thread-1" [_thread_blocked, id=3892, stack(0x0000000016e70000,0x0000000016f70000)]
  0x000000001687a800 JavaThread "Service Thread" daemon [_thread_blocked, id=3836, stack(0x0000000016c70000,0x0000000016d70000)]
=>0x0000000014f7a800 JavaThread "C1 CompilerThread2" daemon [_thread_in_native, id=1604, stack(0x0000000016770000,0x0000000016870000)]
  0x0000000014f74800 JavaThread "C2 CompilerThread1" daemon [_thread_blocked, id=2156, stack(0x0000000016670000,0x0000000016770000)]
  0x0000000014f1a800 JavaThread "C2 CompilerThread0" daemon [_thread_in_native, id=4488, stack(0x0000000016570000,0x0000000016670000)]
  0x0000000014f19000 JavaThread "Attach Listener" daemon [_thread_blocked, id=3148, stack(0x0000000016470000,0x0000000016570000)]
  0x0000000014f18000 JavaThread "Signal Dispatcher" daemon [_thread_blocked, id=3280, stack(0x0000000016370000,0x0000000016470000)]
  0x0000000014f08000 JavaThread "Finalizer" daemon [_thread_blocked, id=5400, stack(0x0000000016190000,0x0000000016290000)]
  0x000000000275f000 JavaThread "Reference Handler" daemon [_thread_blocked, id=5540, stack(0x0000000016090000,0x0000000016190000)]
  0x0000000002670800 JavaThread "main" [_thread_in_Java, id=2212, stack(0x0000000000e40000,0x0000000000f40000)]

Other Threads:
  0x0000000014ee5800 VMThread [stack: 0x0000000015f90000,0x0000000016090000] [id=2380]
  0x000000001687c000 WatcherThread [stack: 0x0000000016d70000,0x0000000016e70000] [id=96]

VM state:not at safepoint (normal execution)

VM Mutex/Monitor currently owned by a thread: None

Heap:
 PSYoungGen      total 18944K, used 16384K [0x00000000eab00000, 0x00000000ec000000, 0x0000000100000000)
  eden space 16384K, 100% used [0x00000000eab00000,0x00000000ebb00000,0x00000000ebb00000)
  from space 2560K, 0% used [0x00000000ebd80000,0x00000000ebd80000,0x00000000ec000000)
  to   space 2560K, 0% used [0x00000000ebb00000,0x00000000ebb00000,0x00000000ebd80000)
 ParOldGen       total 44032K, used 0K [0x00000000c0000000, 0x00000000c2b00000, 0x00000000eab00000)
  object space 44032K, 0% used [0x00000000c0000000,0x00000000c0000000,0x00000000c2b00000)
 Metaspace       used 5473K, capacity 6512K, committed 6784K, reserved 1056768K
  class space    used 570K, capacity 616K, committed 640K, reserved 1048576K

Card table byte_map: [0x0000000011c10000,0x0000000011e20000] byte_map_base: 0x0000000011610000

Marking Bits: (ParMarkBitMap*) 0x0000000069db9d00
 Begin Bits: [0x0000000012380000, 0x0000000013380000)
 End Bits:   [0x0000000013380000, 0x0000000014380000)

Polling page: 0x0000000000cb0000

CodeCache: size=245760Kb used=2558Kb max_used=2569Kb free=243201Kb
 bounds [0x0000000002850000, 0x0000000002ae0000, 0x0000000011850000]
 total_blobs=895 nmethods=627 adapters=182
 compilation: enabled

Compilation events (10 events):
Event: 2.104 Thread 0x0000000014f74800  638       4       com.android.dx.util.Bits::set (19 bytes)
Event: 2.104 Thread 0x0000000014f1a800  611       4       java.util.ArrayList::ensureExplicitCapacity (26 bytes)
Event: 2.105 Thread 0x0000000014f74800 nmethod 638 0x0000000002ad2410 code [0x0000000002ad2540, 0x0000000002ad25d8]
Event: 2.110 Thread 0x0000000014f1a800 nmethod 611 0x0000000002ad0a10 code [0x0000000002ad0b60, 0x0000000002ad0db8]
Event: 2.120 Thread 0x0000000014f74800  646       4       java.util.ArrayList::add (29 bytes)
Event: 2.121 Thread 0x0000000014f1a800  647   !   4       com.android.dx.util.IntList::get (36 bytes)
Event: 2.123 Thread 0x0000000014f1a800 nmethod 647 0x0000000002ad0750 code [0x0000000002ad0880, 0x0000000002ad0938]
Event: 2.123 Thread 0x0000000014f1a800  648       4       java.util.BitSet::set (58 bytes)
Event: 2.126 Thread 0x0000000014f1a800 nmethod 648 0x0000000002ad0390 code [0x0000000002ad04e0, 0x0000000002ad05f8]
Event: 2.129 Thread 0x0000000014f74800 nmethod 646 0x0000000002acfcd0 code [0x0000000002acfe20, 0x0000000002ad0138]

GC Heap History (0 events):
No events

Deoptimization events (2 events):
Event: 0.949 Thread 0x0000000002670800 Uncommon trap: reason=unstable_if action=reinterpret pc=0x00000000029a3698 method=java.lang.String.indexOf(II)I @ 49
Event: 1.159 Thread 0x0000000002670800 Uncommon trap: reason=unstable_if action=reinterpret pc=0x0000000002a1d790 method=java.lang.String.<init>([CII)V @ 18

Internal exceptions (2 events):
Event: 0.121 Thread 0x0000000002670800 Exception <a 'java/lang/NoSuchMethodError': Method sun.misc.Unsafe.defineClass(Ljava/lang/String;[BII)Ljava/lang/Class; name or signature does not match> (0x00000000eab07cc0) thrown at [C:\src\android\AOSP-openjdk\external\jetbrains\jdk\hotspot\src\share\vÇðÅøé¾?
Event: 0.121 Thread 0x0000000002670800 Exception <a 'java/lang/NoSuchMethodError': Method sun.misc.Unsafe.prefetchRead(Ljava/lang/Object;J)V name or signature does not match> (0x00000000eab07fa8) thrown at [C:\src\android\AOSP-openjdk\external\jetbrains\jdk\hotspot\src\share\vm\prims\jni.cpp, l

Events (10 events):
Event: 2.052 loading class com/android/dx/dex/code/RopToDop
Event: 2.052 loading class com/android/dx/dex/code/RopToDop done
Event: 2.061 loading class com/android/dx/dex/code/StdCatchBuilder
Event: 2.061 loading class com/android/dx/dex/code/StdCatchBuilder done
Event: 2.062 loading class com/android/dx/dex/code/DalvCode
Event: 2.062 loading class com/android/dx/dex/code/DalvCode done
Event: 2.063 loading class java/io/PrintWriter
Event: 2.064 loading class java/io/PrintWriter done
Event: 2.066 loading class com/android/dx/dex/file/DebugInfoItem
Event: 2.066 loading class com/android/dx/dex/file/DebugInfoItem done


Dynamic libraries:
0x00007ff766640000 - 0x00007ff766671000 	D:\Android\AndroidStudio\jre\bin\java.exe
0x00007ffb46030000 - 0x00007ffb461dd000 	C:\WINDOWS\SYSTEM32\ntdll.dll
0x00007ffb44000000 - 0x00007ffb4413e000 	C:\WINDOWS\system32\KERNEL32.DLL
0x00007ffb43330000 - 0x00007ffb43445000 	C:\WINDOWS\system32\KERNELBASE.dll
0x00007ffb43980000 - 0x00007ffb43a2a000 	C:\WINDOWS\system32\ADVAPI32.dll
0x00007ffb43e10000 - 0x00007ffb43f87000 	C:\WINDOWS\system32\USER32.dll
0x00007ffb40df0000 - 0x00007ffb4106a000 	C:\WINDOWS\WinSxS\amd64_microsoft.windows.common-controls_6595b64144ccf1df_6.0.9600.17810_none_6240b9c7ecbd0bda\COMCTL32.dll
0x00007ffb436b0000 - 0x00007ffb4375a000 	C:\WINDOWS\system32\msvcrt.dll
0x00007ffb43a30000 - 0x00007ffb43a89000 	C:\WINDOWS\SYSTEM32\sechost.dll
0x00007ffb44140000 - 0x00007ffb44280000 	C:\WINDOWS\system32\RPCRT4.dll
0x00007ffb45830000 - 0x00007ffb4597f000 	C:\WINDOWS\system32\GDI32.dll
0x00007ffb43630000 - 0x00007ffb4365e000 	C:\WINDOWS\system32\SspiCli.dll
0x00007ffb43af0000 - 0x00007ffb43b26000 	C:\WINDOWS\system32\IMM32.DLL
0x00007ffb45980000 - 0x00007ffb45ad2000 	C:\WINDOWS\system32\MSCTF.dll
0x0000000069520000 - 0x00000000695f2000 	D:\Android\AndroidStudio\jre\jre\bin\msvcr100.dll
0x0000000069600000 - 0x0000000069e34000 	D:\Android\AndroidStudio\jre\jre\bin\server\jvm.dll
0x00007ffb3a960000 - 0x00007ffb3a969000 	C:\WINDOWS\SYSTEM32\WSOCK32.dll
0x00007ffb39250000 - 0x00007ffb39272000 	C:\WINDOWS\SYSTEM32\WINMM.dll
0x00007ffb3c820000 - 0x00007ffb3c82a000 	C:\WINDOWS\SYSTEM32\VERSION.dll
0x00007ffb43e00000 - 0x00007ffb43e07000 	C:\WINDOWS\system32\PSAPI.DLL
0x00007ffb44280000 - 0x00007ffb442da000 	C:\WINDOWS\system32\WS2_32.dll
0x00007ffb39150000 - 0x00007ffb3917a000 	C:\WINDOWS\SYSTEM32\WINMMBASE.dll
0x00007ffb45820000 - 0x00007ffb45829000 	C:\WINDOWS\system32\NSI.dll
0x00007ffb43660000 - 0x00007ffb436af000 	C:\WINDOWS\SYSTEM32\cfgmgr32.dll
0x00007ffb41f70000 - 0x00007ffb41f98000 	C:\WINDOWS\SYSTEM32\DEVOBJ.dll
0x00007ffb3f0a0000 - 0x00007ffb3f0af000 	D:\Android\AndroidStudio\jre\jre\bin\verify.dll
0x00007ffb3bae0000 - 0x00007ffb3bb09000 	D:\Android\AndroidStudio\jre\jre\bin\java.dll
0x00007ffb3ec30000 - 0x00007ffb3ec46000 	D:\Android\AndroidStudio\jre\jre\bin\zip.dll
0x00007ffb442e0000 - 0x00007ffb45808000 	C:\WINDOWS\system32\SHELL32.dll
0x00007ffb43760000 - 0x00007ffb43971000 	C:\WINDOWS\SYSTEM32\combase.dll
0x00007ffb43a90000 - 0x00007ffb43ae4000 	C:\WINDOWS\system32\SHLWAPI.dll
0x00007ffb41790000 - 0x00007ffb41842000 	C:\WINDOWS\SYSTEM32\SHCORE.dll
0x00007ffb43150000 - 0x00007ffb43165000 	C:\WINDOWS\SYSTEM32\profapi.dll

VM Arguments:
jvm_args: -Djava.awt.headless=true -Xmx1024M -Dfile.encoding=windows-1252 -Duser.country=US -Duser.language=en -Duser.variant 
java_command: com.android.dx.command.Main --dex --force-jumbo --num-threads=4 --multi-dex --output D:\Mozilla Downloads\and-nd-firebase-1.00-starting-point\app\build\intermediates\transforms\dex\debug\folders\1000\10\glide-3.6.1_20ac25cbabf8caae442cc176a730af9af95b8a25 D:\Android\.gradle\caches\modules-2\files-2.1\com.github.bumptech.glide\glide\3.6.1\86b122e640af09b0723e1fa44083c354ba6d9089\glide-3.6.1.jar
java_class_path (initial): D:\Android\sdk\build-tools\24.0.1\lib\dx.jar
Launcher Type: SUN_STANDARD

Environment Variables:
PATH=C:\ProgramData\Oracle\Java\javapath;C:\Program Files (x86)\Intel\iCLS Client\;C:\Program Files\Intel\iCLS Client\;C:\WINDOWS\system32;C:\WINDOWS;C:\WINDOWS\System32\Wbem;C:\WINDOWS\System32\WindowsPowerShell\v1.0\;C:\Program Files\Intel\Intel(R) Management Engine Components\DAL;C:\Program Files (x86)\Intel\Intel(R) Management Engine Components\DAL;C:\Program Files\Intel\Intel(R) Management Engine Components\IPT;C:\Program Files (x86)\Intel\Intel(R) Management Engine Components\IPT;C:\Program Files\Microsoft SQL Server\110\Tools\Binn\
USERNAME=Hamid-PC
OS=Windows_NT
PROCESSOR_IDENTIFIER=Intel64 Family 6 Model 61 Stepping 4, GenuineIntel



---------------  S Y S T E M  ---------------

OS: Windows 8.1 , 64 bit Build 9600 (6.3.9600.17415)

CPU:total 4 (2 cores per cpu, 2 threads per core) family 6 model 61 stepping 4, cmov, cx8, fxsr, mmx, sse, sse2, sse3, ssse3, sse4.1, sse4.2, popcnt, avx, avx2, aes, clmul, erms, 3dnowpref, lzcnt, ht, tsc, tscinvbit, bmi1, bmi2, adx

Memory: 4k page, physical 4107980k(244880k free), swap 5209432k(5116k free)

vm_info: OpenJDK 64-Bit Server VM (25.76-b03) for windows-amd64 JRE (1.8.0_76-release-b03), built on Jun 29 2016 19:09:20 by "ralucas" with MS VC++ 10.0 (VS2010)

time: Thu Dec 22 18:23:53 2016
elapsed time: 2 seconds (0d 0h 0m 2s)

