#
# There is insufficient memory for the Java Runtime Environment to continue.
# Native memory allocation (malloc) failed to allocate 32744 bytes for ChunkPool::allocate
# Possible reasons:
#   The system is out of physical RAM or swap space
#   In 32 bit mode, the process size limit was hit
# Possible solutions:
#   Reduce memory load on the system
#   Increase physical memory or swap space
#   Check if swap backing store is full
#   Use 64 bit Java on a 64 bit OS
#   Decrease Java heap size (-Xmx/-Xms)
#   Decrease number of Java threads
#   Decrease Java thread stack sizes (-Xss)
#   Set larger code cache with -XX:ReservedCodeCacheSize=
# This output file may be truncated or incomplete.
#
#  Out of Memory Error (allocation.cpp:273), pid=4876, tid=0x00000000000008a8
#
# JRE version: OpenJDK Runtime Environment (8.0_76-b03) (build 1.8.0_76-release-b03)
# Java VM: OpenJDK 64-Bit Server VM (25.76-b03 mixed mode windows-amd64 compressed oops)
# Failed to write core dump. Minidumps are not enabled by default on client versions of Windows
#

---------------  T H R E A D  ---------------

Current thread (0x00000000146e1800):  JavaThread "C1 CompilerThread2" daemon [_thread_in_native, id=2216, stack(0x0000000015e40000,0x0000000015f40000)]

Stack: [0x0000000015e40000,0x0000000015f40000]
[error occurred during error reporting (printing stack bounds), id 0xc0000005]

Native frames: (J=compiled Java code, j=interpreted, Vv=VM code, C=native code)


Current CompileTask:
C1:   4852  790   !   3       com.android.dx.cf.code.Ropper::processBlock (1101 bytes)


---------------  P R O C E S S  ---------------

Java Threads: ( => current thread )
  0x00000000162be800 JavaThread "pool-2-thread-4" [_thread_in_Java, id=1544, stack(0x0000000016b40000,0x0000000016c40000)]
  0x00000000161af000 JavaThread "pool-2-thread-3" [_thread_in_vm, id=852, stack(0x0000000016840000,0x0000000016940000)]
  0x00000000161b8800 JavaThread "pool-2-thread-2" [_thread_in_Java, id=5468, stack(0x0000000016740000,0x0000000016840000)]
  0x00000000161b5000 JavaThread "pool-3-thread-1" [_thread_blocked, id=1704, stack(0x0000000016640000,0x0000000016740000)]
  0x00000000161aa800 JavaThread "pool-2-thread-1" [_thread_in_Java, id=4540, stack(0x0000000016540000,0x0000000016640000)]
  0x0000000014739800 JavaThread "Service Thread" daemon [_thread_blocked, id=1568, stack(0x0000000015f40000,0x0000000016040000)]
=>0x00000000146e1800 JavaThread "C1 CompilerThread2" daemon [_thread_in_native, id=2216, stack(0x0000000015e40000,0x0000000015f40000)]
  0x00000000146de800 JavaThread "C2 CompilerThread1" daemon [_thread_in_native, id=4932, stack(0x0000000015d40000,0x0000000015e40000)]
  0x00000000146da800 JavaThread "C2 CompilerThread0" daemon [_thread_in_native, id=2416, stack(0x0000000015c40000,0x0000000015d40000)]
  0x00000000146d9800 JavaThread "Attach Listener" daemon [_thread_blocked, id=4488, stack(0x0000000015b40000,0x0000000015c40000)]
  0x00000000146d8800 JavaThread "Signal Dispatcher" daemon [_thread_blocked, id=1776, stack(0x0000000015a40000,0x0000000015b40000)]
  0x00000000146c8000 JavaThread "Finalizer" daemon [_thread_blocked, id=2556, stack(0x0000000015940000,0x0000000015a40000)]
  0x0000000001fff000 JavaThread "Reference Handler" daemon [_thread_blocked, id=4776, stack(0x0000000015840000,0x0000000015940000)]
  0x0000000001f10800 JavaThread "main" [_thread_blocked, id=2536, stack(0x0000000001e10000,0x0000000001f10000)]

Other Threads:
  0x00000000146a5800 VMThread [stack: 0x0000000015740000,0x0000000015840000] [id=1972]
  0x0000000016050800 WatcherThread [stack: 0x0000000016440000,0x0000000016540000] [id=3924]

VM state:not at safepoint (normal execution)

VM Mutex/Monitor currently owned by a thread: None

Heap:
 PSYoungGen      total 18944K, used 13819K [0x00000000eab00000, 0x00000000ec000000, 0x0000000100000000)
  eden space 16384K, 84% used [0x00000000eab00000,0x00000000eb87ef48,0x00000000ebb00000)
  from space 2560K, 0% used [0x00000000ebb00000,0x00000000ebb00000,0x00000000ebd80000)
  to   space 2560K, 0% used [0x00000000ebd80000,0x00000000ebd80000,0x00000000ec000000)
 ParOldGen       total 30208K, used 287K [0x00000000c0000000, 0x00000000c1d80000, 0x00000000eab00000)
  object space 30208K, 0% used [0x00000000c0000000,0x00000000c0047da8,0x00000000c1d80000)
 Metaspace       used 5547K, capacity 6704K, committed 6784K, reserved 1058816K
  class space    used 557K, capacity 616K, committed 640K, reserved 1048576K

Card table byte_map: [0x00000000113d0000,0x00000000115e0000] byte_map_base: 0x0000000010dd0000

Marking Bits: (ParMarkBitMap*) 0x0000000069db9d00
 Begin Bits: [0x0000000011b40000, 0x0000000012b40000)
 End Bits:   [0x0000000012b40000, 0x0000000013b40000)

Polling page: 0x0000000000470000

CodeCache: size=245760Kb used=3291Kb max_used=3302Kb free=242468Kb
 bounds [0x0000000002010000, 0x0000000002350000, 0x0000000011010000]
 total_blobs=1059 nmethods=797 adapters=176
 compilation: enabled

Compilation events (10 events):
Event: 4.623 Thread 0x00000000146e1800 nmethod 786 0x0000000002344c10 code [0x0000000002344de0, 0x00000000023454f8]
Event: 4.624 Thread 0x00000000146e1800  787       3       java.util.ArrayList::indexOf (67 bytes)
Event: 4.625 Thread 0x00000000146e1800 nmethod 787 0x0000000002345810 code [0x00000000023459a0, 0x0000000002345e68]
Event: 4.625 Thread 0x00000000146e1800  788       3       java.util.ArrayList::clear (39 bytes)
Event: 4.625 Thread 0x00000000146e1800 nmethod 788 0x0000000002348f10 code [0x0000000002349080, 0x00000000023493f0]
Event: 4.625 Thread 0x00000000146de800 nmethod 784 0x0000000002349550 code [0x00000000023496c0, 0x0000000002349938]
Event: 4.625 Thread 0x00000000146e1800  789       3       java.util.TreeMap::leftOf (13 bytes)
Event: 4.626 Thread 0x00000000146e1800 nmethod 789 0x0000000002348b90 code [0x0000000002348ce0, 0x0000000002348e70]
Event: 4.626 Thread 0x00000000146e1800  790   !   3       com.android.dx.cf.code.Ropper::processBlock (1101 bytes)
Event: 4.630 Thread 0x00000000146de800  798       4       java.util.BitSet::<init> (56 bytes)

GC Heap History (4 events):
Event: 1.379 GC heap before
{Heap before GC invocations=1 (full 0):
 PSYoungGen      total 18944K, used 983K [0x00000000eab00000, 0x00000000ec000000, 0x0000000100000000)
  eden space 16384K, 6% used [0x00000000eab00000,0x00000000eabf5ce8,0x00000000ebb00000)
  from space 2560K, 0% used [0x00000000ebd80000,0x00000000ebd80000,0x00000000ec000000)
  to   space 2560K, 0% used [0x00000000ebb00000,0x00000000ebb00000,0x00000000ebd80000)
 ParOldGen       total 44032K, used 0K [0x00000000c0000000, 0x00000000c2b00000, 0x00000000eab00000)
  object space 44032K, 0% used [0x00000000c0000000,0x00000000c0000000,0x00000000c2b00000)
 Metaspace       used 2657K, capacity 4482K, committed 4608K, reserved 1062912K
  class space    used 278K, capacity 386K, committed 512K, reserved 1048576K
Event: 1.384 GC heap after
Heap after GC invocations=1 (full 0):
 PSYoungGen      total 18944K, used 432K [0x00000000eab00000, 0x00000000ec000000, 0x0000000100000000)
  eden space 16384K, 0% used [0x00000000eab00000,0x00000000eab00000,0x00000000ebb00000)
  from space 2560K, 16% used [0x00000000ebb00000,0x00000000ebb6c010,0x00000000ebd80000)
  to   space 2560K, 0% used [0x00000000ebd80000,0x00000000ebd80000,0x00000000ec000000)
 ParOldGen       total 44032K, used 0K [0x00000000c0000000, 0x00000000c2b00000, 0x00000000eab00000)
  object space 44032K, 0% used [0x00000000c0000000,0x00000000c0000000,0x00000000c2b00000)
 Metaspace       used 2657K, capacity 4482K, committed 4608K, reserved 1062912K
  class space    used 278K, capacity 386K, committed 512K, reserved 1048576K
}
Event: 1.384 GC heap before
{Heap before GC invocations=2 (full 1):
 PSYoungGen      total 18944K, used 432K [0x00000000eab00000, 0x00000000ec000000, 0x0000000100000000)
  eden space 16384K, 0% used [0x00000000eab00000,0x00000000eab00000,0x00000000ebb00000)
  from space 2560K, 16% used [0x00000000ebb00000,0x00000000ebb6c010,0x00000000ebd80000)
  to   space 2560K, 0% used [0x00000000ebd80000,0x00000000ebd80000,0x00000000ec000000)
 ParOldGen       total 44032K, used 0K [0x00000000c0000000, 0x00000000c2b00000, 0x00000000eab00000)
  object space 44032K, 0% used [0x00000000c0000000,0x00000000c0000000,0x00000000c2b00000)
 Metaspace       used 2657K, capacity 4482K, committed 4608K, reserved 1062912K
  class space    used 278K, capacity 386K, committed 512K, reserved 1048576K
Event: 1.400 GC heap after
Heap after GC invocations=2 (full 1):
 PSYoungGen      total 18944K, used 0K [0x00000000eab00000, 0x00000000ec000000, 0x0000000100000000)
  eden space 16384K, 0% used [0x00000000eab00000,0x00000000eab00000,0x00000000ebb00000)
  from space 2560K, 0% used [0x00000000ebb00000,0x00000000ebb00000,0x00000000ebd80000)
  to   space 2560K, 0% used [0x00000000ebd80000,0x00000000ebd80000,0x00000000ec000000)
 ParOldGen       total 30208K, used 287K [0x00000000c0000000, 0x00000000c1d80000, 0x00000000eab00000)
  object space 30208K, 0% used [0x00000000c0000000,0x00000000c0047da8,0x00000000c1d80000)
 Metaspace       used 2657K, capacity 4482K, committed 4608K, reserved 1058816K
  class space    used 278K, capacity 386K, committed 512K, reserved 1048576K
}

Deoptimization events (1 events):
Event: 2.240 Thread 0x0000000001f10800 Uncommon trap: reason=unstable_if action=reinterpret pc=0x0000000002145794 method=java.lang.String.indexOf(II)I @ 49

Internal exceptions (2 events):
Event: 0.943 Thread 0x0000000001f10800 Exception <a 'java/lang/NoSuchMethodError': Method sun.misc.Unsafe.defineClass(Ljava/lang/String;[BII)Ljava/lang/Class; name or signature does not match> (0x00000000eab07cc0) thrown at [C:\src\android\AOSP-openjdk\external\jetbrains\jdk\hotspot\src\share\v6;‡ÏI/î?
Event: 0.943 Thread 0x0000000001f10800 Exception <a 'java/lang/NoSuchMethodError': Method sun.misc.Unsafe.prefetchRead(Ljava/lang/Object;J)V name or signature does not match> (0x00000000eab07fa8) thrown at [C:\src\android\AOSP-openjdk\external\jetbrains\jdk\hotspot\src\share\vm\prims\jni.cpp, l

Events (10 events):
Event: 3.762 loading class com/android/dx/ssa/back/FirstFitLocalCombiningAllocator$Multiset
Event: 3.762 loading class com/android/dx/ssa/back/FirstFitLocalCombiningAllocator$Multiset done
Event: 3.765 loading class java/util/DualPivotQuicksort
Event: 3.765 loading class java/util/DualPivotQuicksort done
Event: 4.090 loading class java/util/TreeMap$EntrySet
Event: 4.090 loading class java/util/TreeMap$EntrySet done
Event: 4.090 loading class java/util/TreeMap$EntryIterator
Event: 4.091 loading class java/util/TreeMap$EntryIterator done
Event: 4.169 loading class java/util/ArrayList$1
Event: 4.186 loading class java/util/ArrayList$1 done


Dynamic libraries:
0x00007ff766640000 - 0x00007ff766671000 	D:\Android\AndroidStudio\jre\bin\java.exe
0x00007ffb46030000 - 0x00007ffb461dd000 	C:\WINDOWS\SYSTEM32\ntdll.dll
0x00007ffb44000000 - 0x00007ffb4413e000 	C:\WINDOWS\system32\KERNEL32.DLL
0x00007ffb43330000 - 0x00007ffb43445000 	C:\WINDOWS\system32\KERNELBASE.dll
0x00007ffb43980000 - 0x00007ffb43a2a000 	C:\WINDOWS\system32\ADVAPI32.dll
0x00007ffb43e10000 - 0x00007ffb43f87000 	C:\WINDOWS\system32\USER32.dll
0x00007ffb40df0000 - 0x00007ffb4106a000 	C:\WINDOWS\WinSxS\amd64_microsoft.windows.common-controls_6595b64144ccf1df_6.0.9600.17810_none_6240b9c7ecbd0bda\COMCTL32.dll
0x00007ffb436b0000 - 0x00007ffb4375a000 	C:\WINDOWS\system32\msvcrt.dll
0x00007ffb43a30000 - 0x00007ffb43a89000 	C:\WINDOWS\SYSTEM32\sechost.dll
0x00007ffb44140000 - 0x00007ffb44280000 	C:\WINDOWS\system32\RPCRT4.dll
0x00007ffb45830000 - 0x00007ffb4597f000 	C:\WINDOWS\system32\GDI32.dll
0x00007ffb43630000 - 0x00007ffb4365e000 	C:\WINDOWS\system32\SspiCli.dll
0x00007ffb43af0000 - 0x00007ffb43b26000 	C:\WINDOWS\system32\IMM32.DLL
0x00007ffb45980000 - 0x00007ffb45ad2000 	C:\WINDOWS\system32\MSCTF.dll
0x0000000069520000 - 0x00000000695f2000 	D:\Android\AndroidStudio\jre\jre\bin\msvcr100.dll
0x0000000069600000 - 0x0000000069e34000 	D:\Android\AndroidStudio\jre\jre\bin\server\jvm.dll
0x00007ffb3a960000 - 0x00007ffb3a969000 	C:\WINDOWS\SYSTEM32\WSOCK32.dll
0x00007ffb39250000 - 0x00007ffb39272000 	C:\WINDOWS\SYSTEM32\WINMM.dll
0x00007ffb3c820000 - 0x00007ffb3c82a000 	C:\WINDOWS\SYSTEM32\VERSION.dll
0x00007ffb43e00000 - 0x00007ffb43e07000 	C:\WINDOWS\system32\PSAPI.DLL
0x00007ffb44280000 - 0x00007ffb442da000 	C:\WINDOWS\system32\WS2_32.dll
0x00007ffb39150000 - 0x00007ffb3917a000 	C:\WINDOWS\SYSTEM32\WINMMBASE.dll
0x00007ffb45820000 - 0x00007ffb45829000 	C:\WINDOWS\system32\NSI.dll
0x00007ffb43660000 - 0x00007ffb436af000 	C:\WINDOWS\SYSTEM32\cfgmgr32.dll
0x00007ffb41f70000 - 0x00007ffb41f98000 	C:\WINDOWS\SYSTEM32\DEVOBJ.dll
0x00007ffb3f0a0000 - 0x00007ffb3f0af000 	D:\Android\AndroidStudio\jre\jre\bin\verify.dll
0x00007ffb3bae0000 - 0x00007ffb3bb09000 	D:\Android\AndroidStudio\jre\jre\bin\java.dll
0x00007ffb3ec30000 - 0x00007ffb3ec46000 	D:\Android\AndroidStudio\jre\jre\bin\zip.dll
0x00007ffb442e0000 - 0x00007ffb45808000 	C:\WINDOWS\system32\SHELL32.dll
0x00007ffb43760000 - 0x00007ffb43971000 	C:\WINDOWS\SYSTEM32\combase.dll
0x00007ffb43a90000 - 0x00007ffb43ae4000 	C:\WINDOWS\system32\SHLWAPI.dll
0x00007ffb41790000 - 0x00007ffb41842000 	C:\WINDOWS\SYSTEM32\SHCORE.dll
0x00007ffb43150000 - 0x00007ffb43165000 	C:\WINDOWS\SYSTEM32\profapi.dll

VM Arguments:
jvm_args: -Djava.awt.headless=true -Xmx1024M -Dfile.encoding=windows-1252 -Duser.country=US -Duser.language=en -Duser.variant 
java_command: com.android.dx.command.Main --dex --force-jumbo --num-threads=4 --multi-dex --output D:\Mozilla Downloads\and-nd-firebase-1.00-starting-point\app\build\intermediates\transforms\dex\debug\folders\1000\10\internal_impl-25.0.1_6a3d907ed9e8f7e4e0a066a386a9a339cde0784f D:\Mozilla Downloads\and-nd-firebase-1.00-starting-point\app\build\intermediates\exploded-aar\com.android.support\support-core-utils\25.0.1\jars\libs\internal_impl-25.0.1.jar
java_class_path (initial): D:\Android\sdk\build-tools\24.0.1\lib\dx.jar
Launcher Type: SUN_STANDARD

Environment Variables:
PATH=C:\ProgramData\Oracle\Java\javapath;C:\Program Files (x86)\Intel\iCLS Client\;C:\Program Files\Intel\iCLS Client\;C:\WINDOWS\system32;C:\WINDOWS;C:\WINDOWS\System32\Wbem;C:\WINDOWS\System32\WindowsPowerShell\v1.0\;C:\Program Files\Intel\Intel(R) Management Engine Components\DAL;C:\Program Files (x86)\Intel\Intel(R) Management Engine Components\DAL;C:\Program Files\Intel\Intel(R) Management Engine Components\IPT;C:\Program Files (x86)\Intel\Intel(R) Management Engine Components\IPT;C:\Program Files\Microsoft SQL Server\110\Tools\Binn\
USERNAME=Hamid-PC
OS=Windows_NT
PROCESSOR_IDENTIFIER=Intel64 Family 6 Model 61 Stepping 4, GenuineIntel



---------------  S Y S T E M  ---------------

OS: Windows 8.1 , 64 bit Build 9600 (6.3.9600.17415)

CPU:total 4 (2 cores per cpu, 2 threads per core) family 6 model 61 stepping 4, cmov, cx8, fxsr, mmx, sse, sse2, sse3, ssse3, sse4.1, sse4.2, popcnt, avx, avx2, aes, clmul, erms, 3dnowpref, lzcnt, ht, tsc, tscinvbit, bmi1, bmi2, adx

Memory: 4k page, physical 4107980k(103860k free), swap 5209432k(5188k free)

vm_info: OpenJDK 64-Bit Server VM (25.76-b03) for windows-amd64 JRE (1.8.0_76-release-b03), built on Jun 29 2016 19:09:20 by "ralucas" with MS VC++ 10.0 (VS2010)

time: Thu Dec 22 18:21:27 2016
elapsed time: 4 seconds (0d 0h 0m 4s)

