#
# There is insufficient memory for the Java Runtime Environment to continue.
# Native memory allocation (malloc) failed to allocate 90640 bytes for Chunk::new
# Possible reasons:
#   The system is out of physical RAM or swap space
#   In 32 bit mode, the process size limit was hit
# Possible solutions:
#   Reduce memory load on the system
#   Increase physical memory or swap space
#   Check if swap backing store is full
#   Use 64 bit Java on a 64 bit OS
#   Decrease Java heap size (-Xmx/-Xms)
#   Decrease number of Java threads
#   Decrease Java thread stack sizes (-Xss)
#   Set larger code cache with -XX:ReservedCodeCacheSize=
# This output file may be truncated or incomplete.
#
#  Out of Memory Error (allocation.cpp:390), pid=3276, tid=0x0000000000000e94
#
# JRE version: OpenJDK Runtime Environment (8.0_76-b03) (build 1.8.0_76-release-b03)
# Java VM: OpenJDK 64-Bit Server VM (25.76-b03 mixed mode windows-amd64 compressed oops)
# Failed to write core dump. Minidumps are not enabled by default on client versions of Windows
#

---------------  T H R E A D  ---------------

Current thread (0x000000001490a800):  JavaThread "C2 CompilerThread0" daemon [_thread_in_native, id=3732, stack(0x0000000015f50000,0x0000000016050000)]

Stack: [0x0000000015f50000,0x0000000016050000]
[error occurred during error reporting (printing stack bounds), id 0xc0000005]

Native frames: (J=compiled Java code, j=interpreted, Vv=VM code, C=native code)


Current CompileTask:
C2:   8160 1687   !   4       com.android.dx.cf.code.RopperMachine::run (1550 bytes)


---------------  P R O C E S S  ---------------

Java Threads: ( => current thread )
  0x00000000164be000 JavaThread "pool-2-thread-4" [_thread_in_Java, id=5384, stack(0x0000000016c50000,0x0000000016d50000)]
  0x00000000164bd800 JavaThread "pool-2-thread-3" [_thread_in_Java, id=4768, stack(0x0000000016b50000,0x0000000016c50000)]
  0x00000000164bc800 JavaThread "pool-2-thread-2" [_thread_in_Java, id=2964, stack(0x0000000016a50000,0x0000000016b50000)]
  0x00000000164b9000 JavaThread "pool-3-thread-1" [_thread_blocked, id=2364, stack(0x0000000016950000,0x0000000016a50000)]
  0x00000000164b5800 JavaThread "pool-2-thread-1" [_thread_in_Java, id=2888, stack(0x0000000016850000,0x0000000016950000)]
  0x000000001625b800 JavaThread "Service Thread" daemon [_thread_blocked, id=5032, stack(0x0000000016650000,0x0000000016750000)]
  0x000000001496b000 JavaThread "C1 CompilerThread2" daemon [_thread_blocked, id=4224, stack(0x0000000016150000,0x0000000016250000)]
  0x0000000014964800 JavaThread "C2 CompilerThread1" daemon [_thread_in_native, id=1964, stack(0x0000000016050000,0x0000000016150000)]
=>0x000000001490a800 JavaThread "C2 CompilerThread0" daemon [_thread_in_native, id=3732, stack(0x0000000015f50000,0x0000000016050000)]
  0x0000000014909800 JavaThread "Attach Listener" daemon [_thread_blocked, id=5752, stack(0x0000000015e50000,0x0000000015f50000)]
  0x0000000014908800 JavaThread "Signal Dispatcher" daemon [_thread_blocked, id=5472, stack(0x0000000015d50000,0x0000000015e50000)]
  0x00000000148f8000 JavaThread "Finalizer" daemon [_thread_blocked, id=2728, stack(0x0000000015b70000,0x0000000015c70000)]
  0x000000000222f000 JavaThread "Reference Handler" daemon [_thread_blocked, id=3840, stack(0x0000000015a70000,0x0000000015b70000)]
  0x0000000002140800 JavaThread "main" [_thread_in_vm, id=1020, stack(0x0000000002040000,0x0000000002140000)]

Other Threads:
  0x00000000148d5800 VMThread [stack: 0x0000000015970000,0x0000000015a70000] [id=996]
  0x000000001625c800 WatcherThread [stack: 0x0000000016750000,0x0000000016850000] [id=4112]

VM state:not at safepoint (normal execution)

VM Mutex/Monitor currently owned by a thread: None

Heap:
 PSYoungGen      total 68096K, used 59352K [0x00000000eab00000, 0x00000000ef000000, 0x0000000100000000)
  eden space 65536K, 86% used [0x00000000eab00000,0x00000000ee27db30,0x00000000eeb00000)
  from space 2560K, 98% used [0x00000000eed80000,0x00000000eeff8650,0x00000000ef000000)
  to   space 2560K, 0% used [0x00000000eeb00000,0x00000000eeb00000,0x00000000eed80000)
 ParOldGen       total 44032K, used 15273K [0x00000000c0000000, 0x00000000c2b00000, 0x00000000eab00000)
  object space 44032K, 34% used [0x00000000c0000000,0x00000000c0eea550,0x00000000c2b00000)
 Metaspace       used 6266K, capacity 7088K, committed 7296K, reserved 1056768K
  class space    used 590K, capacity 616K, committed 640K, reserved 1048576K

Card table byte_map: [0x0000000011600000,0x0000000011810000] byte_map_base: 0x0000000011000000

Marking Bits: (ParMarkBitMap*) 0x0000000069db9d00
 Begin Bits: [0x0000000011d70000, 0x0000000012d70000)
 End Bits:   [0x0000000012d70000, 0x0000000013d70000)

Polling page: 0x0000000000870000

CodeCache: size=245760Kb used=7036Kb max_used=7036Kb free=238723Kb
 bounds [0x0000000002240000, 0x0000000002930000, 0x0000000011240000]
 total_blobs=1918 nmethods=1650 adapters=181
 compilation: enabled

Compilation events (10 events):
Event: 7.654 Thread 0x000000001490a800 nmethod 1639 0x0000000002916610 code [0x0000000002917ea0, 0x0000000002920d90]
Event: 7.655 Thread 0x000000001490a800 1687   !   4       com.android.dx.cf.code.RopperMachine::run (1550 bytes)
Event: 7.867 Thread 0x0000000014964800 nmethod 1680 0x0000000002910990 code [0x0000000002910be0, 0x0000000002913688]
Event: 7.867 Thread 0x0000000014964800 1665       4       com.android.dx.rop.code.RegisterSpecList::set (7 bytes)
Event: 7.870 Thread 0x0000000014964800 nmethod 1665 0x00000000028ece10 code [0x00000000028ecf60, 0x00000000028ed078]
Event: 7.870 Thread 0x0000000014964800 1526       4       com.android.dx.util.BitIntSet::merge (148 bytes)
Event: 7.887 Thread 0x0000000014964800 nmethod 1526 0x00000000028f2a10 code [0x00000000028f2b60, 0x00000000028f2e98]
Event: 8.092 Thread 0x0000000014964800 1697 %     4       com.android.dx.ssa.DeadCodeRemover::pruneDeadInstructions @ 26 (246 bytes)
Event: 8.097 Thread 0x000000001496b000 1701       3       com.android.dx.ssa.MoveParamCombiner$1::visitNonMoveInsn (213 bytes)
Event: 8.101 Thread 0x000000001496b000 nmethod 1701 0x000000000290dad0 code [0x000000000290ddc0, 0x000000000290fb08]

GC Heap History (8 events):
Event: 2.144 GC heap before
{Heap before GC invocations=1 (full 0):
 PSYoungGen      total 18944K, used 16384K [0x00000000eab00000, 0x00000000ec000000, 0x0000000100000000)
  eden space 16384K, 100% used [0x00000000eab00000,0x00000000ebb00000,0x00000000ebb00000)
  from space 2560K, 0% used [0x00000000ebd80000,0x00000000ebd80000,0x00000000ec000000)
  to   space 2560K, 0% used [0x00000000ebb00000,0x00000000ebb00000,0x00000000ebd80000)
 ParOldGen       total 44032K, used 0K [0x00000000c0000000, 0x00000000c2b00000, 0x00000000eab00000)
  object space 44032K, 0% used [0x00000000c0000000,0x00000000c0000000,0x00000000c2b00000)
 Metaspace       used 5723K, capacity 6704K, committed 6784K, reserved 1056768K
  class space    used 569K, capacity 616K, committed 640K, reserved 1048576K
Event: 2.179 GC heap after
Heap after GC invocations=1 (full 0):
 PSYoungGen      total 18944K, used 2554K [0x00000000eab00000, 0x00000000ed000000, 0x0000000100000000)
  eden space 16384K, 0% used [0x00000000eab00000,0x00000000eab00000,0x00000000ebb00000)
  from space 2560K, 99% used [0x00000000ebb00000,0x00000000ebd7eb28,0x00000000ebd80000)
  to   space 2560K, 0% used [0x00000000ecd80000,0x00000000ecd80000,0x00000000ed000000)
 ParOldGen       total 44032K, used 1931K [0x00000000c0000000, 0x00000000c2b00000, 0x00000000eab00000)
  object space 44032K, 4% used [0x00000000c0000000,0x00000000c01e2de0,0x00000000c2b00000)
 Metaspace       used 5723K, capacity 6704K, committed 6784K, reserved 1056768K
  class space    used 569K, capacity 616K, committed 640K, reserved 1048576K
}
Event: 3.829 GC heap before
{Heap before GC invocations=2 (full 0):
 PSYoungGen      total 18944K, used 18938K [0x00000000eab00000, 0x00000000ed000000, 0x0000000100000000)
  eden space 16384K, 100% used [0x00000000eab00000,0x00000000ebb00000,0x00000000ebb00000)
  from space 2560K, 99% used [0x00000000ebb00000,0x00000000ebd7eb28,0x00000000ebd80000)
  to   space 2560K, 0% used [0x00000000ecd80000,0x00000000ecd80000,0x00000000ed000000)
 ParOldGen       total 44032K, used 1931K [0x00000000c0000000, 0x00000000c2b00000, 0x00000000eab00000)
  object space 44032K, 4% used [0x00000000c0000000,0x00000000c01e2de0,0x00000000c2b00000)
 Metaspace       used 5989K, capacity 6960K, committed 7040K, reserved 1056768K
  class space    used 571K, capacity 616K, committed 640K, reserved 1048576K
Event: 3.938 GC heap after
Heap after GC invocations=2 (full 0):
 PSYoungGen      total 35328K, used 2538K [0x00000000eab00000, 0x00000000ed000000, 0x0000000100000000)
  eden space 32768K, 0% used [0x00000000eab00000,0x00000000eab00000,0x00000000ecb00000)
  from space 2560K, 99% used [0x00000000ecd80000,0x00000000ecffab18,0x00000000ed000000)
  to   space 2560K, 0% used [0x00000000ecb00000,0x00000000ecb00000,0x00000000ecd80000)
 ParOldGen       total 44032K, used 5021K [0x00000000c0000000, 0x00000000c2b00000, 0x00000000eab00000)
  object space 44032K, 11% used [0x00000000c0000000,0x00000000c04e75d0,0x00000000c2b00000)
 Metaspace       used 5989K, capacity 6960K, committed 7040K, reserved 1056768K
  class space    used 571K, capacity 616K, committed 640K, reserved 1048576K
}
Event: 5.143 GC heap before
{Heap before GC invocations=3 (full 0):
 PSYoungGen      total 35328K, used 35306K [0x00000000eab00000, 0x00000000ed000000, 0x0000000100000000)
  eden space 32768K, 100% used [0x00000000eab00000,0x00000000ecb00000,0x00000000ecb00000)
  from space 2560K, 99% used [0x00000000ecd80000,0x00000000ecffab18,0x00000000ed000000)
  to   space 2560K, 0% used [0x00000000ecb00000,0x00000000ecb00000,0x00000000ecd80000)
 ParOldGen       total 44032K, used 5021K [0x00000000c0000000, 0x00000000c2b00000, 0x00000000eab00000)
  object space 44032K, 11% used [0x00000000c0000000,0x00000000c04e75d0,0x00000000c2b00000)
 Metaspace       used 6113K, capacity 7088K, committed 7296K, reserved 1056768K
  class space    used 572K, capacity 616K, committed 640K, reserved 1048576K
Event: 5.188 GC heap after
Heap after GC invocations=3 (full 0):
 PSYoungGen      total 35328K, used 2553K [0x00000000eab00000, 0x00000000ef000000, 0x0000000100000000)
  eden space 32768K, 0% used [0x00000000eab00000,0x00000000eab00000,0x00000000ecb00000)
  from space 2560K, 99% used [0x00000000ecb00000,0x00000000ecd7e468,0x00000000ecd80000)
  to   space 2560K, 0% used [0x00000000eed80000,0x00000000eed80000,0x00000000ef000000)
 ParOldGen       total 44032K, used 9996K [0x00000000c0000000, 0x00000000c2b00000, 0x00000000eab00000)
  object space 44032K, 22% used [0x00000000c0000000,0x00000000c09c3130,0x00000000c2b00000)
 Metaspace       used 6113K, capacity 7088K, committed 7296K, reserved 1056768K
  class space    used 572K, capacity 616K, committed 640K, reserved 1048576K
}
Event: 6.145 GC heap before
{Heap before GC invocations=4 (full 0):
 PSYoungGen      total 35328K, used 35321K [0x00000000eab00000, 0x00000000ef000000, 0x0000000100000000)
  eden space 32768K, 100% used [0x00000000eab00000,0x00000000ecb00000,0x00000000ecb00000)
  from space 2560K, 99% used [0x00000000ecb00000,0x00000000ecd7e468,0x00000000ecd80000)
  to   space 2560K, 0% used [0x00000000eed80000,0x00000000eed80000,0x00000000ef000000)
 ParOldGen       total 44032K, used 9996K [0x00000000c0000000, 0x00000000c2b00000, 0x00000000eab00000)
  object space 44032K, 22% used [0x00000000c0000000,0x00000000c09c3130,0x00000000c2b00000)
 Metaspace       used 6229K, capacity 7088K, committed 7296K, reserved 1056768K
  class space    used 590K, capacity 616K, committed 640K, reserved 1048576K
Event: 6.233 GC heap after
Heap after GC invocations=4 (full 0):
 PSYoungGen      total 68096K, used 2529K [0x00000000eab00000, 0x00000000ef000000, 0x0000000100000000)
  eden space 65536K, 0% used [0x00000000eab00000,0x00000000eab00000,0x00000000eeb00000)
  from space 2560K, 98% used [0x00000000eed80000,0x00000000eeff8650,0x00000000ef000000)
  to   space 2560K, 0% used [0x00000000eeb00000,0x00000000eeb00000,0x00000000eed80000)
 ParOldGen       total 44032K, used 15273K [0x00000000c0000000, 0x00000000c2b00000, 0x00000000eab00000)
  object space 44032K, 34% used [0x00000000c0000000,0x00000000c0eea550,0x00000000c2b00000)
 Metaspace       used 6229K, capacity 7088K, committed 7296K, reserved 1056768K
  class space    used 590K, capacity 616K, committed 640K, reserved 1048576K
}

Deoptimization events (10 events):
Event: 4.874 Thread 0x00000000164be000 Uncommon trap: reason=bimorphic action=maybe_recompile pc=0x00000000024fbda8 method=java.util.HashMap.getNode(ILjava/lang/Object;)Ljava/util/HashMap$Node; @ 126
Event: 4.875 Thread 0x00000000164be000 Uncommon trap: reason=bimorphic action=maybe_recompile pc=0x000000000267f160 method=java.util.HashMap.putVal(ILjava/lang/Object;Ljava/lang/Object;ZZ)Ljava/lang/Object; @ 203
Event: 5.196 Thread 0x0000000002140800 Uncommon trap: reason=bimorphic action=maybe_recompile pc=0x0000000002848240 method=com.android.dx.ssa.SCCP.setLatticeValueTo(IILcom/android/dx/rop/cst/Constant;)Z @ 43
Event: 5.196 Thread 0x0000000002140800 Uncommon trap: reason=bimorphic action=maybe_recompile pc=0x0000000002848240 method=com.android.dx.ssa.SCCP.setLatticeValueTo(IILcom/android/dx/rop/cst/Constant;)Z @ 43
Event: 5.197 Thread 0x0000000002140800 Uncommon trap: reason=bimorphic action=maybe_recompile pc=0x0000000002848240 method=com.android.dx.ssa.SCCP.setLatticeValueTo(IILcom/android/dx/rop/cst/Constant;)Z @ 43
Event: 5.197 Thread 0x0000000002140800 Uncommon trap: reason=bimorphic action=maybe_recompile pc=0x0000000002848240 method=com.android.dx.ssa.SCCP.setLatticeValueTo(IILcom/android/dx/rop/cst/Constant;)Z @ 43
Event: 5.469 Thread 0x0000000002140800 Uncommon trap: reason=unstable_if action=reinterpret pc=0x000000000285eecc method=com.android.dx.ssa.MoveParamCombiner$1.visitNonMoveInsn(Lcom/android/dx/ssa/NormalSsaInsn;)V @ 27
Event: 5.830 Thread 0x0000000002140800 Uncommon trap: reason=unstable_if action=reinterpret pc=0x0000000002547f34 method=java.util.HashMap.putVal(ILjava/lang/Object;Ljava/lang/Object;ZZ)Ljava/lang/Object; @ 162
Event: 6.075 Thread 0x00000000164bd800 Uncommon trap: reason=unstable_if action=reinterpret pc=0x000000000267f11c method=java.util.HashMap.putVal(ILjava/lang/Object;Ljava/lang/Object;ZZ)Ljava/lang/Object; @ 109
Event: 6.683 Thread 0x00000000164be000 Uncommon trap: reason=unstable_if action=reinterpret pc=0x00000000028b7360 method=com.android.dx.ssa.SCCP.simulateStmt(Lcom/android/dx/ssa/SsaInsn;)V @ 59

Internal exceptions (6 events):
Event: 0.124 Thread 0x0000000002140800 Exception <a 'java/lang/NoSuchMethodError': Method sun.misc.Unsafe.defineClass(Ljava/lang/String;[BII)Ljava/lang/Class; name or signature does not match> (0x00000000eab07cc0) thrown at [C:\src\android\AOSP-openjdk\external\jetbrains\jdk\hotspot\src\share\vºYÇË¿?
Event: 0.124 Thread 0x0000000002140800 Exception <a 'java/lang/NoSuchMethodError': Method sun.misc.Unsafe.prefetchRead(Ljava/lang/Object;J)V name or signature does not match> (0x00000000eab07fa8) thrown at [C:\src\android\AOSP-openjdk\external\jetbrains\jdk\hotspot\src\share\vm\prims\jni.cpp, l 6¥H
Event: 1.975 Thread 0x00000000164b5800 Implicit null exception at 0x00000000024fe422 to 0x00000000024fe51a
Event: 5.859 Thread 0x0000000002140800 Exception <a 'java/lang/ArrayIndexOutOfBoundsException': 18> (0x00000000ebea0580) thrown at [C:\src\android\AOSP-openjdk\external\jetbrains\jdk\hotspot\src\share\vm\interpreter\interpreterRuntime.cpp, line 366]
Event: 5.860 Thread 0x0000000002140800 Exception <a 'java/lang/ArrayIndexOutOfBoundsException'> (0x00000000ebea2100) thrown at [C:\src\android\AOSP-openjdk\external\jetbrains\jdk\hotspot\src\share\vm\runtime\sharedRuntime.cpp, line 605]
Event: 5.872 Thread 0x0000000002140800 Exception <a 'java/lang/ArrayIndexOutOfBoundsException'> (0x00000000ebea33e8) thrown at [C:\src\android\AOSP-openjdk\external\jetbrains\jdk\hotspot\src\share\vm\runtime\sharedRuntime.cpp, line 605]

Events (10 events):
Event: 5.876 loading class sun/reflect/generics/reflectiveObjects/LazyReflectiveObjectGenerator done
Event: 5.876 loading class sun/reflect/generics/reflectiveObjects/TypeVariableImpl done
Event: 6.075 Thread 0x00000000164bd800 Uncommon trap: trap_request=0xffffff65 fr.pc=0x000000000267f11c
Event: 6.075 Thread 0x00000000164bd800 DEOPT PACKING pc=0x000000000267f11c sp=0x0000000016c4df70
Event: 6.075 Thread 0x00000000164bd800 DEOPT UNPACKING pc=0x000000000228556a sp=0x0000000016c4df00 mode 2
Event: 6.133 Executing VM operation: ParallelGCFailedAllocation
Event: 6.233 Executing VM operation: ParallelGCFailedAllocation done
Event: 6.683 Thread 0x00000000164be000 Uncommon trap: trap_request=0xffffff65 fr.pc=0x00000000028b7360
Event: 6.683 Thread 0x00000000164be000 DEOPT PACKING pc=0x00000000028b7360 sp=0x0000000016d4e570
Event: 6.683 Thread 0x00000000164be000 DEOPT UNPACKING pc=0x000000000228556a sp=0x0000000016d4e568 mode 2


Dynamic libraries:
0x00007ff766640000 - 0x00007ff766671000 	D:\Android\AndroidStudio\jre\bin\java.exe
0x00007ffb46030000 - 0x00007ffb461dd000 	C:\WINDOWS\SYSTEM32\ntdll.dll
0x00007ffb44000000 - 0x00007ffb4413e000 	C:\WINDOWS\system32\KERNEL32.DLL
0x00007ffb43330000 - 0x00007ffb43445000 	C:\WINDOWS\system32\KERNELBASE.dll
0x00007ffb43980000 - 0x00007ffb43a2a000 	C:\WINDOWS\system32\ADVAPI32.dll
0x00007ffb43e10000 - 0x00007ffb43f87000 	C:\WINDOWS\system32\USER32.dll
0x00007ffb40df0000 - 0x00007ffb4106a000 	C:\WINDOWS\WinSxS\amd64_microsoft.windows.common-controls_6595b64144ccf1df_6.0.9600.17810_none_6240b9c7ecbd0bda\COMCTL32.dll
0x00007ffb436b0000 - 0x00007ffb4375a000 	C:\WINDOWS\system32\msvcrt.dll
0x00007ffb43a30000 - 0x00007ffb43a89000 	C:\WINDOWS\SYSTEM32\sechost.dll
0x00007ffb44140000 - 0x00007ffb44280000 	C:\WINDOWS\system32\RPCRT4.dll
0x00007ffb45830000 - 0x00007ffb4597f000 	C:\WINDOWS\system32\GDI32.dll
0x00007ffb43630000 - 0x00007ffb4365e000 	C:\WINDOWS\system32\SspiCli.dll
0x00007ffb43af0000 - 0x00007ffb43b26000 	C:\WINDOWS\system32\IMM32.DLL
0x00007ffb45980000 - 0x00007ffb45ad2000 	C:\WINDOWS\system32\MSCTF.dll
0x0000000069520000 - 0x00000000695f2000 	D:\Android\AndroidStudio\jre\jre\bin\msvcr100.dll
0x0000000069600000 - 0x0000000069e34000 	D:\Android\AndroidStudio\jre\jre\bin\server\jvm.dll
0x00007ffb3a960000 - 0x00007ffb3a969000 	C:\WINDOWS\SYSTEM32\WSOCK32.dll
0x00007ffb39250000 - 0x00007ffb39272000 	C:\WINDOWS\SYSTEM32\WINMM.dll
0x00007ffb3c820000 - 0x00007ffb3c82a000 	C:\WINDOWS\SYSTEM32\VERSION.dll
0x00007ffb43e00000 - 0x00007ffb43e07000 	C:\WINDOWS\system32\PSAPI.DLL
0x00007ffb44280000 - 0x00007ffb442da000 	C:\WINDOWS\system32\WS2_32.dll
0x00007ffb39150000 - 0x00007ffb3917a000 	C:\WINDOWS\SYSTEM32\WINMMBASE.dll
0x00007ffb45820000 - 0x00007ffb45829000 	C:\WINDOWS\system32\NSI.dll
0x00007ffb43660000 - 0x00007ffb436af000 	C:\WINDOWS\SYSTEM32\cfgmgr32.dll
0x00007ffb41f70000 - 0x00007ffb41f98000 	C:\WINDOWS\SYSTEM32\DEVOBJ.dll
0x00007ffb3f0a0000 - 0x00007ffb3f0af000 	D:\Android\AndroidStudio\jre\jre\bin\verify.dll
0x00007ffb3bae0000 - 0x00007ffb3bb09000 	D:\Android\AndroidStudio\jre\jre\bin\java.dll
0x00007ffb3ec30000 - 0x00007ffb3ec46000 	D:\Android\AndroidStudio\jre\jre\bin\zip.dll
0x00007ffb442e0000 - 0x00007ffb45808000 	C:\WINDOWS\system32\SHELL32.dll
0x00007ffb43760000 - 0x00007ffb43971000 	C:\WINDOWS\SYSTEM32\combase.dll
0x00007ffb43a90000 - 0x00007ffb43ae4000 	C:\WINDOWS\system32\SHLWAPI.dll
0x00007ffb41790000 - 0x00007ffb41842000 	C:\WINDOWS\SYSTEM32\SHCORE.dll
0x00007ffb43150000 - 0x00007ffb43165000 	C:\WINDOWS\SYSTEM32\profapi.dll

VM Arguments:
jvm_args: -Djava.awt.headless=true -Xmx1024M -Dfile.encoding=windows-1252 -Duser.country=US -Duser.language=en -Duser.variant 
java_command: com.android.dx.command.Main --dex --force-jumbo --num-threads=4 --multi-dex --output D:\Mozilla Downloads\and-nd-firebase-1.00-starting-point\app\build\intermediates\transforms\dex\debug\folders\1000\10\com.google.firebase-firebase-analytics-impl-10.0.1_5678fa0767baedd047e4df271cd0fa1cb8a4694f D:\Mozilla Downloads\and-nd-firebase-1.00-starting-point\app\build\intermediates\exploded-aar\com.google.firebase\firebase-analytics-impl\10.0.1\jars\classes.jar
java_class_path (initial): D:\Android\sdk\build-tools\24.0.1\lib\dx.jar
Launcher Type: SUN_STANDARD

Environment Variables:
PATH=C:\ProgramData\Oracle\Java\javapath;C:\Program Files (x86)\Intel\iCLS Client\;C:\Program Files\Intel\iCLS Client\;C:\WINDOWS\system32;C:\WINDOWS;C:\WINDOWS\System32\Wbem;C:\WINDOWS\System32\WindowsPowerShell\v1.0\;C:\Program Files\Intel\Intel(R) Management Engine Components\DAL;C:\Program Files (x86)\Intel\Intel(R) Management Engine Components\DAL;C:\Program Files\Intel\Intel(R) Management Engine Components\IPT;C:\Program Files (x86)\Intel\Intel(R) Management Engine Components\IPT;C:\Program Files\Microsoft SQL Server\110\Tools\Binn\
USERNAME=Hamid-PC
OS=Windows_NT
PROCESSOR_IDENTIFIER=Intel64 Family 6 Model 61 Stepping 4, GenuineIntel



---------------  S Y S T E M  ---------------

OS: Windows 8.1 , 64 bit Build 9600 (6.3.9600.17415)

CPU:total 4 (2 cores per cpu, 2 threads per core) family 6 model 61 stepping 4, cmov, cx8, fxsr, mmx, sse, sse2, sse3, ssse3, sse4.1, sse4.2, popcnt, avx, avx2, aes, clmul, erms, 3dnowpref, lzcnt, ht, tsc, tscinvbit, bmi1, bmi2, adx

Memory: 4k page, physical 4107980k(170488k free), swap 5209432k(4936k free)

vm_info: OpenJDK 64-Bit Server VM (25.76-b03) for windows-amd64 JRE (1.8.0_76-release-b03), built on Jun 29 2016 19:09:20 by "ralucas" with MS VC++ 10.0 (VS2010)

time: Thu Dec 22 18:33:55 2016
elapsed time: 8 seconds (0d 0h 0m 8s)

