 0000000016227d00
0x0000000016adf6d0:   00000000ffffffff 00000000697ebde7
0x0000000016adf6e0:   0000000016adf7e0 0000000013d1d900
0x0000000016adf6f0:   000000001624e800 000000006969aa53
0x0000000016adf700:   0000000016adf740 000000001624e800
0x0000000016adf710:   0000000016adf7d0 000000001624e800
0x0000000016adf720:   0000000013d1d900 000000001624e800
0x0000000016adf730:   0000000001fd0e20 000000001624e800
0x0000000016adf740:   0000000013d1d900 000000001624e800
0x0000000016adf750:   0000000013d1d900 000000001624e800
0x0000000016adf760:   0000000000000001 0000000013d1d900
0x0000000016adf770:   000000001624e800 0000000015fe0a40
0x0000000016adf780:   000000001624e800 000000006969bf3d
0x0000000016adf790:   0000000016adfa98 00000001000066b0
0x0000000016adf7a0:   00000001000066b0 0000000000000003 

Instructions: (pc=0x00000000697eaeb7)
0x00000000697eae97:   48 89 6c 24 30 33 ed 66 90 e8 4b b8 07 00 ff c3
0x00000000697eaea7:   48 63 c8 48 8b c6 48 0f af cf 48 ff c7 48 2b c1
0x00000000697eaeb7:   89 28 48 63 c3 48 3b 05 cd d6 56 00 7e db 48 8b
0x00000000697eaec7:   6c 24 30 48 8b 5c 24 38 48 8b 74 24 40 48 83 c4 


Register to memory mapping:

RAX=0x0000000016adc6b0 is pointing into the stack for thread: 0x000000001624e800
RBX=0x0000000000000004 is an unknown value
RCX=0x0000000000003000 is an unknown value
RDX=0x0000000000000006 is an unknown value
RSP=0x0000000016adf6b0 is pointing into the stack for thread: 0x000000001624e800
RBP=0x0000000000000000 is an unknown value
RSI=0x0000000016adf6b0 is pointing into the stack for thread: 0x000000001624e800
RDI=0x0000000000000004 is an unknown value
R8 =0x0000000000000006 is an unknown value
R9 =0x0000000016227d00 is an unknown value
R10={method} {0x0000000013d1d908} 'run' '()V' in 'java/lang/Thread'
R11=0x00000000169ea148 is pointing into the stack for thread: 0x000000001624e800
R12=0x0000000016227d00 is an unknown value
R13=0x000000001624e800 is a thread
R14=0x0000000016adf778 is pointing into the stack for thread: 0x000000001624e800
R15={method} {0x0000000013d1d908} 'run' '()V' in 'java/lang/Thread'


Stack: [0x00000000169e0000,0x0000000016ae0000],  sp=0x0000000016adf6b0,  free space=1021k
Native frames: (J=compiled Java code, j=interpreted, Vv=VM code, C=native code)


---------------  P R O C E S S  ---------------

Java Threads: ( => current thread )
=>0x000000001624e800 JavaThread "pool-2-thread-4" [_thread_in_vm, id=1392, stack(0x00000000169e0000,0x0000000016ae0000)]
  0x000000001624d800 JavaThread "pool-2-thread-3" [_thread_in_vm, id=2324, stack(0x00000000168e0000,0x00000000169e0000)]
  0x0000000016246000 JavaThread "pool-2-thread-2" [_thread_blocked, id=2140, stack(0x00000000167e0000,0x00000000168e0000)]
  0x0000000016224800 JavaThread "pool-3-thread-1" [_thread_blocked, id=5752, stack(0x00000000166e0000,0x00000000167e0000)]
  0x000000001623f000 JavaThread "pool-2-thread-1" [_thread_blocked, id=3588, stack(0x00000000165e0000,0x00000000166e0000)]
  0x00000000146ee800 JavaThread "Service Thread" daemon [_thread_blocked, id=1724, stack(0x00000000163e0000,0x00000000164e0000)]
  0x00000000146e7000 JavaThread "C1 CompilerThread2" daemon [_thread_in_vm, id=5972, stack(0x0000000015ee0000,0x0000000015fe0000)]
  0x000000001468e800 JavaThread "C2 CompilerThread1" daemon [_thread_blocked, id=5324, stack(0x0000000015de0000,0x0000000015ee0000)]
  0x000000001468a800 JavaThread "C2 CompilerThread0" daemon [_thread_blocked, id=5660, stack(0x0000000015ce0000,0x0000000015de0000)]
  0x0000000014689800 JavaThread "Attach Listener" daemon [_thread_blocked, id=3424, stack(0x0000000015be0000,0x0000000015ce0000)]
  0x0000000014688000 JavaThread "Signal Dispatcher" daemon [_thread_blocked, id=748, stack(0x0000000015ae0000,0x0000000015be0000)]
  0x0000000014678800 JavaThread "Finalizer" daemon [_thread_blocked, id=5608, stack(0x0000000015900000,0x0000000015a00000)]
  0x0000000001faf000 JavaThread "Reference Handler" daemon [_thread_blocked, id=828, stack(0x0000000015800000,0x0000000015900000)]
  0x0000000001ec0800 JavaThread "main" [_thread_in_Java, id=1164, stack(0x0000000001dc0000,0x0000000001ec0000)]

Other Threads:
  0x0000000014655800 VMThread [stack: 0x0000000015700000,0x0000000015800000] [id=4976]
  0x0000000015fec000 WatcherThread [stack: 0x00000000164e0000,0x00000000165e0000] [id=5136]

VM state:not at safepoint (normal execution)

VM Mutex/Monitor currently owned by a thread: None

Heap:
 PSYoungGen      total 18944K, used 6633K [0x00000000eab00000, 0x00000000ec000000, 0x0000000100000000)
  eden space 16384K, 40% used [0x00000000eab00000,0x00000000eb17a788,0x00000000ebb00000)
  from space 2560K, 0% used [0x00000000ebd80000,0x00000000ebd80000,0x00000000ec000000)
  to   space 2560K, 0% used [0x00000000ebb00000,0x00000000ebb00000,0x00000000ebd80000)
 ParOldGen       total 44032K, used 0K [0x00000000c0000000, 0x00000000c2b00000, 0x00000000eab00000)
  object space 44032K, 0% used [0x00000000c0000000,0x00000000c0000000,0x00000000c2b00000)
 Metaspace       used 4280K, capacity 5456K, committed 5760K, reserved 1056768K
  class space    used 461K, capacity 520K, committed 640K, reserved 1048576K

Card table byte_map: [0x0000000011380000,0x0000000011590000] byte_map_base: 0x0000000010d80000

Marking Bits: (ParMarkBitMap*) 0x0000000069db9d00
 Begin Bits: [0x0000000011af0000, 0x0000000012af0000)
 End Bits:   [0x0000000012af0000, 0x0000000013af0000)

Polling page: 0x0000000000490000

CodeCache: size=245760Kb used=1810Kb max_used=1810Kb free=243949Kb
 bounds [0x0000000001fc0000, 0x0000000002230000, 0x0000000010fc0000]
 total_blobs=544 nmethods=285 adapters=173
 compilation: enabled

Compilation events (10 events):
Event: 2.786 Thread 0x00000000146e7000 nmethod 275 0x000000000217a090 code [0x000000000217a280, 0x000000000217ad48]
Event: 2.808 Thread 0x000000001468e800 nmethod 276% 0x0000000002180ed0 code [0x0000000002181040, 0x0000000002181538]
Event: 2.808 Thread 0x00000000146e7000  277  s    3       java.lang.StringBuffer::toString (36 bytes)
Event: 2.809 Thread 0x00000000146e7000 nmethod 277 0x0000000002179910 code [0x0000000002179aa0, 0x0000000002179f48]
Event: 2.841 Thread 0x00000000146e7000  279       3       sun.misc.URLClassPath::getResource (83 bytes)
Event: 2.842 Thread 0x00000000146e7000 nmethod 279 0x0000000002184ed0 code [0x0000000002185060, 0x0000000002185428]
Event: 2.901 Thread 0x00000000146e7000  280       3       java.lang.ClassLoader::loadClass (7 bytes)
Event: 2.901 Thread 0x00000000146e7000 nmethod 280 0x0000000002184a90 code [0x0000000002184c00, 0x0000000002184e28]
Event: 2.901 Thread 0x00000000146e7000  281       3       sun.misc.Launcher$AppClassLoader::loadClass (85 bytes)
Event: 2.903 Thread 0x00000000146e7000 nmethod 281 0x00000000021836d0 code [0x0000000002183900, 0x0000000002184608]

GC Heap History (0 events):
No events

Deoptimization events (1 events):
Event: 1.604 Thread 0x0000000001ec0800 Uncommon trap: reason=unstable_if action=reinterpret pc=0x0000000002104950 method=java.lang.String.indexOf(II)I @ 49

Internal exceptions (2 events):
Event: 0.256 Thread 0x0000000001ec0800 Exception <a 'java/lang/NoSuchMethodError': Method sun.misc.Unsafe.defineClass(Ljava/lang/String;[BII)Ljava/lang/Class; name or signature does not match> (0x00000000eab07cc0) thrown at [C:\src\android\AOSP-openjdk\external\jetbrains\jdk\hotspot\src\share\vãØge–?
Event: 0.256 Thread 0x0000000001ec0800 Exception <a 'java/lang/NoSuchMethodError': Method sun.misc.Unsafe.prefetchRead(Ljava/lang/Object;J)V name or signature does not match> (0x00000000eab07fa8) thrown at [C:\src\android\AOSP-openjdk\external\jetbrains\jdk\hotspot\src\share\vm\prims\jni.cpp, l

Events (10 events):
Event: 2.836 loading class com/android/dx/rop/code/BasicBlock$Visitor
Event: 2.836 loading class com/android/dx/rop/code/BasicBlock$Visitor done
Event: 2.838 loading class com/android/dx/rop/code/PlainCstInsn
Event: 2.838 loading class com/android/dx/rop/code/PlainCstInsn done
Event: 2.838 loading class com/android/dx/rop/code/CstInsn
Event: 2.838 loading class com/android/dx/rop/code/CstInsn done
Event: 2.839 loading class com/android/dx/rop/code/ThrowingCstInsn
Event: 2.839 loading class com/android/dx/rop/code/ThrowingCstInsn done
Event: 2.840 loading class com/android/dx/cf/code/BasicBlocker
Event: 2.840 loading class com/android/dx/cf/code/BasicBlocker done


Dynamic libraries:
0x00007ff766640000 - 0x00007ff766671000 	D:\Android\AndroidStudio\jre\bin\java.exe
0x00007ffb46030000 - 0x00007ffb461dd000 	C:\WINDOWS\SYSTEM32\ntdll.dll
0x00007ffb44000000 - 0x00007ffb4413e000 	C:\WINDOWS\system32\KERNEL32.DLL
0x00007ffb43330000 - 0x00007ffb43445000 	C:\WINDOWS\system32\KERNELBASE.dll
0x00007ffb43980000 - 0x00007ffb43a2a000 	C:\WINDOWS\system32\ADVAPI32.dll
0x00007ffb43e10000 - 0x00007ffb43f87000 	C:\WINDOWS\system32\USER32.dll
0x00007ffb40df0000 - 0x00007ffb4106a000 	C:\WINDOWS\WinSxS\amd64_microsoft.windows.common-controls_6595b64144ccf1df_6.0.9600.17810_none_6240b9c7ecbd0bda\COMCTL32.dll
0x00007ffb436b0000 - 0x00007ffb4375a000 	C:\WINDOWS\system32\msvcrt.dll
0x00007ffb43a30000 - 0x00007ffb43a89000 	C:\WINDOWS\SYSTEM32\sechost.dll
0x00007ffb44140000 - 0x00007ffb44280000 	C:\WINDOWS\system32\RPCRT4.dll
0x00007ffb45830000 - 0x00007ffb4597f000 	C:\WINDOWS\system32\GDI32.dll
0x00007ffb43630000 - 0x00007ffb4365e000 	C:\WINDOWS\system32\SspiCli.dll
0x00007ffb43af0000 - 0x00007ffb43b26000 	C:\WINDOWS\system32\IMM32.DLL
0x00007ffb45980000 - 0x00007ffb45ad2000 	C:\WINDOWS\system32\MSCTF.dll
0x0000000069520000 - 0x00000000695f2000 	D:\Android\AndroidStudio\jre\jre\bin\msvcr100.dll
0x0000000069600000 - 0x0000000069e34000 	D:\Android\AndroidStudio\jre\jre\bin\server\jvm.dll
0x00007ffb3a960000 - 0x00007ffb3a969000 	C:\WINDOWS\SYSTEM32\WSOCK32.dll
0x00007ffb39250000 - 0x00007ffb39272000 	C:\WINDOWS\SYSTEM32\WINMM.dll
0x00007ffb3c820000 - 0x00007ffb3c82a000 	C:\WINDOWS\SYSTEM32\VERSION.dll
0x00007ffb43e00000 - 0x00007ffb43e07000 	C:\WINDOWS\system32\PSAPI.DLL
0x00007ffb44280000 - 0x00007ffb442da000 	C:\WINDOWS\system32\WS2_32.dll
0x00007ffb39150000 - 0x00007ffb3917a000 	C:\WINDOWS\SYSTEM32\WINMMBASE.dll
0x00007ffb45820000 - 0x00007ffb45829000 	C:\WINDOWS\system32\NSI.dll
0x00007ffb43660000 - 0x00007ffb436af000 	C:\WINDOWS\SYSTEM32\cfgmgr32.dll
0x00007ffb41f70000 - 0x00007ffb41f98000 	C:\WINDOWS\SYSTEM32\DEVOBJ.dll
0x00007ffb3f0a0000 - 0x00007ffb3f0af000 	D:\Android\AndroidStudio\jre\jre\bin\verify.dll
0x00007ffb3bae0000 - 0x00007ffb3bb09000 	D:\Android\AndroidStudio\jre\jre\bin\java.dll
0x00007ffb3ec30000 - 0x00007ffb3ec46000 	D:\Android\AndroidStudio\jre\jre\bin\zip.dll
0x00007ffb442e0000 - 0x00007ffb45808000 	C:\WINDOWS\system32\SHELL32.dll
0x00007ffb43760000 - 0x00007ffb43971000 	C:\WINDOWS\SYSTEM32\combase.dll
0x00007ffb43a90000 - 0x00007ffb43ae4000 	C:\WINDOWS\system32\SHLWAPI.dll
0x00007ffb41790000 - 0x00007ffb41842000 	C:\WINDOWS\SYSTEM32\SHCORE.dll
0x00007ffb43150000 - 0x00007ffb43165000 	C:\WINDOWS\SYSTEM32\profapi.dll

VM Arguments:
jvm_args: -Djava.awt.headless=true -Xmx1024M -Dfile.encoding=windows-1252 -Duser.country=US -Duser.language=en -Duser.variant 
java_command: com.android.dx.command.Main --dex --force-jumbo --num-threads=4 --multi-dex --output D:\Mozilla Downloads\and-nd-firebase-1.00-starting-point\app\build\intermediates\transforms\dex\debug\folders\1000\10\io.fabric.sdk.android-fabric-1.3.14_819a4e62d888f85395248b5a5fc27fb0d2ed929a D:\Mozilla Downloads\and-nd-firebase-1.00-starting-point\app\build\intermediates\exploded-aar\io.fabric.sdk.android\fabric\1.3.14\jars\classes.jar
java_class_path (initial): D:\Android\sdk\build-tools\24.0.1\lib\dx.jar
Launcher Type: SUN_STANDARD

Environment Variables:
PATH=C:\ProgramData\Oracle\Java\javapath;C:\Program Files (x86)\Intel\iCLS Client\;C:\Program Files\Intel\iCLS Client\;C:\WINDOWS\system32;C:\WINDOWS;C:\WINDOWS\System32\Wbem;C:\WINDOWS\System32\WindowsPowerShell\v1.0\;C:\Program Files\Intel\Intel(R) Management Engine Components\DAL;C:\Program Files (x86)\Intel\Intel(R) Management Engine Components\DAL;C:\Program Files\Intel\Intel(R) Management Engine Components\IPT;C:\Program Files (x86)\Intel\Intel(R) Management Engine Components\IPT;C:\Program Files\Microsoft SQL Server\110\Tools\Binn\
USERNAME=Hamid-PC
OS=Windows_NT
PROCESSOR_IDENTIFIER=Intel64 Family 6 Model 61 Stepping 4, GenuineIntel



---------------  S Y S T E M  ---------------

OS: Windows 8.1 , 64 bit Build 9600 (6.3.9600.17415)

CPU:total 4 (2 cores per cpu, 2 threads per core) family 6 model 61 stepping 4, cmov, cx8, fxsr, mmx, sse, sse2, sse3, ssse3, sse4.1, sse4.2, popcnt, avx, avx2, aes, clmul, erms, 3dnowpref, lzcnt, ht, tsc, tscinvbit, bmi1, bmi2, adx

Memory: 4k page, physical 4107980k(174396k free), swap 5209432k(4904k free)

vm_info: OpenJDK 64-Bit Server VM (25.76-b03) for windows-amd64 JRE (1.8.0_76-release-b03), built on Jun 29 2016 19:09:20 by "ralucas" with MS VC++ 10.0 (VS2010)

time: Thu Dec 22 18:34:28 2016
elapsed time: 3 seconds (0d 0h 0m 3s)

