#
# There is insufficient memory for the Java Runtime Environment to continue.
# Native memory allocation (malloc) failed to allocate 226608 bytes for Chunk::new
# Possible reasons:
#   The system is out of physical RAM or swap space
#   In 32 bit mode, the process size limit was hit
# Possible solutions:
#   Reduce memory load on the system
#   Increase physical memory or swap space
#   Check if swap backing store is full
#   Use 64 bit Java on a 64 bit OS
#   Decrease Java heap size (-Xmx/-Xms)
#   Decrease number of Java threads
#   Decrease Java thread stack sizes (-Xss)
#   Set larger code cache with -XX:ReservedCodeCacheSize=
# This output file may be truncated or incomplete.
#
#  Out of Memory Error (allocation.cpp:390), pid=2584, tid=0x0000000000000efc
#
# JRE version: OpenJDK Runtime Environment (8.0_76-b03) (build 1.8.0_76-release-b03)
# Java VM: OpenJDK 64-Bit Server VM (25.76-b03 mixed mode windows-amd64 compressed oops)
# Failed to write core dump. Minidumps are not enabled by default on client versions of Windows
#

---------------  T H R E A D  ---------------

Current thread (0x0000000014904800):  JavaThread "C2 CompilerThread1" daemon [_thread_in_native, id=3836, stack(0x0000000015ff0000,0x00000000160f0000)]

Stack: [0x0000000015ff0000,0x00000000160f0000]
[error occurred during error reporting (printing stack bounds), id 0xc0000005]

Native frames: (J=compiled Java code, j=interpreted, Vv=VM code, C=native code)


Current CompileTask:
C2:  16476 1134   !   4       com.android.dx.cf.code.BytecodeArray::parseInstruction (2764 bytes)


---------------  P R O C E S S  ---------------

Java Threads: ( => current thread )
  0x00000000162a1800 JavaThread "pool-2-thread-4" [_thread_in_Java, id=1096, stack(0x0000000016bf0000,0x0000000016cf0000)]
  0x00000000162a0800 JavaThread "pool-2-thread-3" [_thread_in_vm, id=3568, stack(0x0000000016af0000,0x0000000016bf0000)]
  0x00000000162a0000 JavaThread "pool-2-thread-2" [_thread_in_Java, id=3924, stack(0x00000000169f0000,0x0000000016af0000)]
  0x000000001627f000 JavaThread "pool-3-thread-1" [_thread_blocked, id=172, stack(0x00000000168f0000,0x00000000169f0000)]
  0x0000000016443800 JavaThread "pool-2-thread-1" [_thread_in_Java, id=1392, stack(0x00000000167f0000,0x00000000168f0000)]
  0x000000001490e800 JavaThread "Service Thread" daemon [_thread_blocked, id=4956, stack(0x00000000165f0000,0x00000000166f0000)]
  0x0000000014909000 JavaThread "C1 CompilerThread2" daemon [_thread_blocked, id=3928, stack(0x00000000160f0000,0x00000000161f0000)]
=>0x0000000014904800 JavaThread "C2 CompilerThread1" daemon [_thread_in_native, id=3836, stack(0x0000000015ff0000,0x00000000160f0000)]
  0x00000000148aa800 JavaThread "C2 CompilerThread0" daemon [_thread_in_native, id=3484, stack(0x0000000015ef0000,0x0000000015ff0000)]
  0x00000000148a9000 JavaThread "Attach Listener" daemon [_thread_blocked, id=2312, stack(0x0000000015df0000,0x0000000015ef0000)]
  0x00000000148a8000 JavaThread "Signal Dispatcher" daemon [_thread_blocked, id=5000, stack(0x0000000015cf0000,0x0000000015df0000)]
  0x0000000014898000 JavaThread "Finalizer" daemon [_thread_blocked, id=4056, stack(0x0000000015b10000,0x0000000015c10000)]
  0x00000000021cf000 JavaThread "Reference Handler" daemon [_thread_blocked, id=896, stack(0x0000000015a10000,0x0000000015b10000)]
  0x00000000020e0800 JavaThread "main" [_thread_in_vm, id=1444, stack(0x0000000001fe0000,0x00000000020e0000)]

Other Threads:
  0x0000000014875800 VMThread [stack: 0x0000000015910000,0x0000000015a10000] [id=4340]
  0x00000000161f1800 WatcherThread [stack: 0x00000000166f0000,0x00000000167f0000] [id=6020]

VM state:not at safepoint (normal execution)

VM Mutex/Monitor currently owned by a thread: None

Heap:
 PSYoungGen      total 18944K, used 10800K [0x00000000eab00000, 0x00000000ec000000, 0x0000000100000000)
  eden space 16384K, 50% used [0x00000000eab00000,0x00000000eb30d570,0x00000000ebb00000)
  from space 2560K, 99% used [0x00000000ebb00000,0x00000000ebd7eb40,0x00000000ebd80000)
  to   space 2560K, 0% used [0x00000000ebd80000,0x00000000ebd80000,0x00000000ec000000)
 ParOldGen       total 44032K, used 1907K [0x00000000c0000000, 0x00000000c2b00000, 0x00000000eab00000)
  object space 44032K, 4% used [0x00000000c0000000,0x00000000c01dcca0,0x00000000c2b00000)
 Metaspace       used 5889K, capacity 6896K, committed 7040K, reserved 1056768K
  class space    used 570K, capacity 616K, committed 640K, reserved 1048576K

Card table byte_map: [0x00000000115a0000,0x00000000117b0000] byte_map_base: 0x0000000010fa0000

Marking Bits: (ParMarkBitMap*) 0x0000000050ed9d00
 Begin Bits: [0x0000000011d10000, 0x0000000012d10000)
 End Bits:   [0x0000000012d10000, 0x0000000013d10000)

Polling page: 0x0000000000680000

CodeCache: size=245760Kb used=4702Kb max_used=4702Kb free=241057Kb
 bounds [0x00000000021e0000, 0x0000000002680000, 0x00000000111e0000]
 total_blobs=1425 nmethods=1157 adapters=181
 compilation: enabled

Compilation events (10 events):
Event: 16.445 Thread 0x0000000014909000 nmethod 1158 0x000000000266dd10 code [0x000000000266df40, 0x000000000266ebf8]
Event: 16.445 Thread 0x0000000014909000 1159       3       com.android.dx.dex.code.RopTranslator::pickOrder (400 bytes)
Event: 16.449 Thread 0x00000000148aa800 nmethod 1157 0x00000000026636d0 code [0x0000000002663840, 0x0000000002663af8]
Event: 16.453 Thread 0x0000000014909000 nmethod 1159 0x0000000002672310 code [0x0000000002672640, 0x0000000002674758]
Event: 16.454 Thread 0x0000000014909000 1160       3       java.util.HashMap::afterNodeAccess (1 bytes)
Event: 16.455 Thread 0x0000000014909000 nmethod 1160 0x00000000026633d0 code [0x0000000002663520, 0x0000000002663670]
Event: 16.455 Thread 0x0000000014909000 1161       3       com.android.dx.ssa.Dominators::run (506 bytes)
Event: 16.457 Thread 0x00000000148aa800 1162       4       com.android.dx.ssa.DeadCodeRemover::hasSideEffect (11 bytes)
Event: 16.466 Thread 0x00000000148aa800 nmethod 1162 0x0000000002662e50 code [0x0000000002662fa0, 0x0000000002663138]
Event: 16.466 Thread 0x00000000148aa800 1163       4       com.android.dx.ssa.SsaMethod::deleteInsns (239 bytes)

GC Heap History (2 events):
Event: 14.941 GC heap before
{Heap before GC invocations=1 (full 0):
 PSYoungGen      total 18944K, used 16384K [0x00000000eab00000, 0x00000000ec000000, 0x0000000100000000)
  eden space 16384K, 100% used [0x00000000eab00000,0x00000000ebb00000,0x00000000ebb00000)
  from space 2560K, 0% used [0x00000000ebd80000,0x00000000ebd80000,0x00000000ec000000)
  to   space 2560K, 0% used [0x00000000ebb00000,0x00000000ebb00000,0x00000000ebd80000)
 ParOldGen       total 44032K, used 0K [0x00000000c0000000, 0x00000000c2b00000, 0x00000000eab00000)
  object space 44032K, 0% used [0x00000000c0000000,0x00000000c0000000,0x00000000c2b00000)
 Metaspace       used 5740K, capacity 6768K, committed 7040K, reserved 1056768K
  class space    used 568K, capacity 616K, committed 640K, reserved 1048576K
Event: 15.140 GC heap after
Heap after GC invocations=1 (full 0):
 PSYoungGen      total 18944K, used 2554K [0x00000000eab00000, 0x00000000ec000000, 0x0000000100000000)
  eden space 16384K, 0% used [0x00000000eab00000,0x00000000eab00000,0x00000000ebb00000)
  from space 2560K, 99% used [0x00000000ebb00000,0x00000000ebd7eb40,0x00000000ebd80000)
  to   space 2560K, 0% used [0x00000000ebd80000,0x00000000ebd80000,0x00000000ec000000)
 ParOldGen       total 44032K, used 1907K [0x00000000c0000000, 0x00000000c2b00000, 0x00000000eab00000)
  object space 44032K, 4% used [0x00000000c0000000,0x00000000c01dcca0,0x00000000c2b00000)
 Metaspace       used 5740K, capacity 6768K, committed 7040K, reserved 1056768K
  class space    used 568K, capacity 616K, committed 640K, reserved 1048576K
}

Deoptimization events (10 events):
Event: 13.641 Thread 0x00000000162a1800 Uncommon trap: reason=unstable_if action=reinterpret pc=0x0000000002423ca8 method=java.util.HashMap.getNode(ILjava/lang/Object;)Ljava/util/HashMap$Node; @ 62
Event: 14.045 Thread 0x00000000162a1800 Uncommon trap: reason=bimorphic action=maybe_recompile pc=0x0000000002489b64 method=java.util.HashMap.getNode(ILjava/lang/Object;)Ljava/util/HashMap$Node; @ 126
Event: 14.045 Thread 0x00000000162a1800 Uncommon trap: reason=bimorphic action=maybe_recompile pc=0x0000000002489b64 method=java.util.HashMap.getNode(ILjava/lang/Object;)Ljava/util/HashMap$Node; @ 126
Event: 14.046 Thread 0x00000000162a1800 Uncommon trap: reason=bimorphic action=maybe_recompile pc=0x0000000002489b64 method=java.util.HashMap.getNode(ILjava/lang/Object;)Ljava/util/HashMap$Node; @ 126
Event: 14.838 Thread 0x00000000020e0800 Uncommon trap: reason=class_check action=maybe_recompile pc=0x00000000024fd3f8 method=com.android.dx.ssa.NormalSsaInsn.accept(Lcom/android/dx/ssa/SsaInsn$Visitor;)V @ 9
Event: 14.838 Thread 0x00000000020e0800 Uncommon trap: reason=class_check action=maybe_recompile pc=0x00000000024fd3f8 method=com.android.dx.ssa.NormalSsaInsn.accept(Lcom/android/dx/ssa/SsaInsn$Visitor;)V @ 9
Event: 14.838 Thread 0x00000000020e0800 Uncommon trap: reason=class_check action=maybe_recompile pc=0x00000000024fd3f8 method=com.android.dx.ssa.NormalSsaInsn.accept(Lcom/android/dx/ssa/SsaInsn$Visitor;)V @ 9
Event: 15.164 Thread 0x00000000020e0800 Uncommon trap: reason=class_check action=maybe_recompile pc=0x00000000024fd3f8 method=com.android.dx.ssa.NormalSsaInsn.accept(Lcom/android/dx/ssa/SsaInsn$Visitor;)V @ 9
Event: 15.168 Thread 0x00000000020e0800 Uncommon trap: reason=class_check action=maybe_recompile pc=0x000000000248a9b0 method=com.android.dx.ssa.NormalSsaInsn.accept(Lcom/android/dx/ssa/SsaInsn$Visitor;)V @ 9
Event: 16.219 Thread 0x00000000162a1800 Uncommon trap: reason=unstable_if action=reinterpret pc=0x00000000024446b4 method=java.util.BitSet.ensureCapacity(I)V @ 6

Internal exceptions (2 events):
Event: 1.269 Thread 0x00000000020e0800 Exception <a 'java/lang/NoSuchMethodError': Method sun.misc.Unsafe.defineClass(Ljava/lang/String;[BII)Ljava/lang/Class; name or signature does not match> (0x00000000eab07cc0) thrown at [C:\src\android\AOSP-openjdk\external\jetbrains\jdk\hotspot\src\share\vÿ[£nÙOô?
Event: 1.269 Thread 0x00000000020e0800 Exception <a 'java/lang/NoSuchMethodError': Method sun.misc.Unsafe.prefetchRead(Ljava/lang/Object;J)V name or signature does not match> (0x00000000eab07fa8) thrown at [C:\src\android\AOSP-openjdk\external\jetbrains\jdk\hotspot\src\share\vm\prims\jni.cpp, l

Events (10 events):
Event: 16.114 loading class com/android/dx/dex/file/AnnotationSetRefItem done
Event: 16.219 Thread 0x00000000162a1800 Uncommon trap: trap_request=0xffffff65 fr.pc=0x00000000024446b4
Event: 16.219 Thread 0x00000000162a1800 DEOPT PACKING pc=0x00000000024446b4 sp=0x0000000016ceeca0
Event: 16.219 Thread 0x00000000162a1800 DEOPT UNPACKING pc=0x000000000222556a sp=0x0000000016ceeb88 mode 2
Event: 16.270 Thread 0x00000000162a0800 DEOPT PACKING pc=0x00000000025372fa sp=0x0000000016beedb0
Event: 16.270 Thread 0x00000000162a0800 DEOPT UNPACKING pc=0x00000000022275bf sp=0x0000000016beeb18 mode 0
Event: 16.274 Thread 0x00000000162a0800 DEOPT PACKING pc=0x00000000025372fa sp=0x0000000016beedb0
Event: 16.274 Thread 0x00000000162a0800 DEOPT UNPACKING pc=0x00000000022275bf sp=0x0000000016beeb18 mode 0
Event: 16.279 Thread 0x00000000162a0800 DEOPT PACKING pc=0x00000000025372fa sp=0x0000000016beedb0
Event: 16.279 Thread 0x00000000162a0800 DEOPT UNPACKING pc=0x00000000022275bf sp=0x0000000016beeb18 mode 0


Dynamic libraries:
0x00007ff647d40000 - 0x00007ff647d71000 	D:\Android\AndroidStudio\jre\bin\java.exe
0x00007ffea56e0000 - 0x00007ffea588d000 	C:\WINDOWS\SYSTEM32\ntdll.dll
0x00007ffea52d0000 - 0x00007ffea540e000 	C:\WINDOWS\system32\KERNEL32.DLL
0x00007ffea28d0000 - 0x00007ffea29e5000 	C:\WINDOWS\system32\KERNELBASE.dll
0x00007ffea3210000 - 0x00007ffea32ba000 	C:\WINDOWS\system32\ADVAPI32.dll
0x00007ffea3030000 - 0x00007ffea31a7000 	C:\WINDOWS\system32\USER32.dll
0x00007ffea05a0000 - 0x00007ffea081a000 	C:\WINDOWS\WinSxS\amd64_microsoft.windows.common-controls_6595b64144ccf1df_6.0.9600.17810_none_6240b9c7ecbd0bda\COMCTL32.dll
0x00007ffea5630000 - 0x00007ffea56da000 	C:\WINDOWS\system32\msvcrt.dll
0x00007ffea31b0000 - 0x00007ffea3209000 	C:\WINDOWS\SYSTEM32\sechost.dll
0x00007ffea2e20000 - 0x00007ffea2f60000 	C:\WINDOWS\system32\RPCRT4.dll
0x00007ffea4f60000 - 0x00007ffea50af000 	C:\WINDOWS\system32\GDI32.dll
0x00007ffea2ce0000 - 0x00007ffea2d0e000 	C:\WINDOWS\system32\SspiCli.dll
0x00007ffea3390000 - 0x00007ffea33c6000 	C:\WINDOWS\system32\IMM32.DLL
0x00007ffea33d0000 - 0x00007ffea3522000 	C:\WINDOWS\system32\MSCTF.dll
0x0000000050530000 - 0x0000000050602000 	D:\Android\AndroidStudio\jre\jre\bin\msvcr100.dll
0x0000000050720000 - 0x0000000050f54000 	D:\Android\AndroidStudio\jre\jre\bin\server\jvm.dll
0x00007ffe98c80000 - 0x00007ffe98c89000 	C:\WINDOWS\SYSTEM32\WSOCK32.dll
0x00007ffe92e90000 - 0x00007ffe92eb2000 	C:\WINDOWS\SYSTEM32\WINMM.dll
0x00007ffe9b960000 - 0x00007ffe9b96a000 	C:\WINDOWS\SYSTEM32\VERSION.dll
0x00007ffea3770000 - 0x00007ffea3777000 	C:\WINDOWS\system32\PSAPI.DLL
0x00007ffea3530000 - 0x00007ffea358a000 	C:\WINDOWS\system32\WS2_32.dll
0x00007ffe92df0000 - 0x00007ffe92e1a000 	C:\WINDOWS\SYSTEM32\WINMMBASE.dll
0x00007ffea3590000 - 0x00007ffea3599000 	C:\WINDOWS\system32\NSI.dll
0x00007ffea2d10000 - 0x00007ffea2d5f000 	C:\WINDOWS\SYSTEM32\cfgmgr32.dll
0x00007ffea1630000 - 0x00007ffea1658000 	C:\WINDOWS\SYSTEM32\DEVOBJ.dll
0x00007ffe9ec20000 - 0x00007ffe9ec2f000 	D:\Android\AndroidStudio\jre\jre\bin\verify.dll
0x00007ffe8d680000 - 0x00007ffe8d6a9000 	D:\Android\AndroidStudio\jre\jre\bin\java.dll
0x00007ffe94de0000 - 0x00007ffe94df6000 	D:\Android\AndroidStudio\jre\jre\bin\zip.dll
0x00007ffea3a30000 - 0x00007ffea4f58000 	C:\WINDOWS\system32\SHELL32.dll
0x00007ffea50b0000 - 0x00007ffea52c1000 	C:\WINDOWS\SYSTEM32\combase.dll
0x00007ffea2f60000 - 0x00007ffea2fb4000 	C:\WINDOWS\system32\SHLWAPI.dll
0x00007ffea0eb0000 - 0x00007ffea0f62000 	C:\WINDOWS\SYSTEM32\SHCORE.dll
0x00007ffea2800000 - 0x00007ffea2815000 	C:\WINDOWS\SYSTEM32\profapi.dll

VM Arguments:
jvm_args: -Djava.awt.headless=true -Xmx1024M -Dfile.encoding=windows-1252 -Duser.country=US -Duser.language=en -Duser.variant 
java_command: com.android.dx.command.Main --dex --force-jumbo --num-threads=4 --multi-dex --output D:\Mozilla Downloads\and-nd-firebase-1.00-starting-point\app\build\intermediates\transforms\dex\debug\folders\1000\10\com.google.firebase-firebase-analytics-impl-10.0.1_5678fa0767baedd047e4df271cd0fa1cb8a4694f D:\Mozilla Downloads\and-nd-firebase-1.00-starting-point\app\build\intermediates\exploded-aar\com.google.firebase\firebase-analytics-impl\10.0.1\jars\classes.jar
java_class_path (initial): D:\Android\sdk\build-tools\24.0.1\lib\dx.jar
Launcher Type: SUN_STANDARD

Environment Variables:
PATH=C:\ProgramData\Oracle\Java\javapath;C:\Program Files (x86)\Intel\iCLS Client\;C:\Program Files\Intel\iCLS Client\;C:\WINDOWS\system32;C:\WINDOWS;C:\WINDOWS\System32\Wbem;C:\WINDOWS\System32\WindowsPowerShell\v1.0\;C:\Program Files\Intel\Intel(R) Management Engine Components\DAL;C:\Program Files (x86)\Intel\Intel(R) Management Engine Components\DAL;C:\Program Files\Intel\Intel(R) Management Engine Components\IPT;C:\Program Files (x86)\Intel\Intel(R) Management Engine Components\IPT;C:\Program Files (x86)\Skype\Phone\
USERNAME=Hamid-PC
OS=Windows_NT
PROCESSOR_IDENTIFIER=Intel64 Family 6 Model 61 Stepping 4, GenuineIntel



---------------  S Y S T E M  ---------------

OS: Windows 8.1 , 64 bit Build 9600 (6.3.9600.17415)

CPU:total 4 (2 cores per cpu, 2 threads per core) family 6 model 61 stepping 4, cmov, cx8, fxsr, mmx, sse, sse2, sse3, ssse3, sse4.1, sse4.2, popcnt, avx, avx2, aes, clmul, erms, 3dnowpref, lzcnt, ht, tsc, tscinvbit, bmi1, bmi2, adx

Memory: 4k page, physical 4107980k(175344k free), swap 6650136k(5212k free)

vm_info: OpenJDK 64-Bit Server VM (25.76-b03) for windows-amd64 JRE (1.8.0_76-release-b03), built on Jun 29 2016 19:09:20 by "ralucas" with MS VC++ 10.0 (VS2010)

time: Thu Dec 15 23:35:40 2016
elapsed time: 16 seconds (0d 0h 0m 16s)

