#
# There is insufficient memory for the Java Runtime Environment to continue.
# Native memory allocation (malloc) failed to allocate 36816 bytes for Chunk::new
# Possible reasons:
#   The system is out of physical RAM or swap space
#   In 32 bit mode, the process size limit was hit
# Possible solutions:
#   Reduce memory load on the system
#   Increase physical memory or swap space
#   Check if swap backing store is full
#   Use 64 bit Java on a 64 bit OS
#   Decrease Java heap size (-Xmx/-Xms)
#   Decrease number of Java threads
#   Decrease Java thread stack sizes (-Xss)
#   Set larger code cache with -XX:ReservedCodeCacheSize=
# This output file may be truncated or incomplete.
#
#  Out of Memory Error (allocation.cpp:390), pid=11808, tid=0x0000000000002fa8
#
# JRE version: OpenJDK Runtime Environment (8.0_76-b03) (build 1.8.0_76-release-b03)
# Java VM: OpenJDK 64-Bit Server VM (25.76-b03 mixed mode windows-amd64 compressed oops)
# Failed to write core dump. Minidumps are not enabled by default on client versions of Windows
#

---------------  T H R E A D  ---------------

Current thread (0x00000000152c4800):  JavaThread "C2 CompilerThread1" daemon [_thread_in_native, id=12200, stack(0x00000000169b0000,0x0000000016ab0000)]

Stack: [0x00000000169b0000,0x0000000016ab0000]
[error occurred during error reporting (printing stack bounds), id 0xc0000005]

Native frames: (J=compiled Java code, j=interpreted, Vv=VM code, C=native code)


Current CompileTask:
C2:   9790 1369 %     4       com.android.dx.ssa.back.IdenticalBlockCombiner::process @ 161 (323 bytes)


---------------  P R O C E S S  ---------------

Java Threads: ( => current thread )
  0x0000000016e27800 JavaThread "pool-2-thread-4" [_thread_in_Java, id=11948, stack(0x00000000175b0000,0x00000000176b0000)]
  0x0000000016d02800 JavaThread "pool-3-thread-1" [_thread_blocked, id=10908, stack(0x00000000172b0000,0x00000000173b0000)]
  0x00000000152ce800 JavaThread "Service Thread" daemon [_thread_blocked, id=10932, stack(0x0000000016fb0000,0x00000000170b0000)]
  0x00000000152ca800 JavaThread "C1 CompilerThread2" daemon [_thread_blocked, id=11868, stack(0x0000000016ab0000,0x0000000016bb0000)]
=>0x00000000152c4800 JavaThread "C2 CompilerThread1" daemon [_thread_in_native, id=12200, stack(0x00000000169b0000,0x0000000016ab0000)]
  0x000000001526a800 JavaThread "C2 CompilerThread0" daemon [_thread_blocked, id=11688, stack(0x00000000168b0000,0x00000000169b0000)]
  0x0000000015269000 JavaThread "Attach Listener" daemon [_thread_blocked, id=10052, stack(0x00000000167b0000,0x00000000168b0000)]
  0x0000000015268000 JavaThread "Signal Dispatcher" daemon [_thread_blocked, id=10408, stack(0x00000000166b0000,0x00000000167b0000)]
  0x0000000015258000 JavaThread "Finalizer" daemon [_thread_blocked, id=11992, stack(0x00000000164d0000,0x00000000165d0000)]
  0x0000000002b8f000 JavaThread "Reference Handler" daemon [_thread_blocked, id=12280, stack(0x00000000163d0000,0x00000000164d0000)]
  0x0000000002aa0800 JavaThread "main" [_thread_blocked, id=11640, stack(0x00000000029a0000,0x0000000002aa0000)]

Other Threads:
  0x0000000015235800 VMThread [stack: 0x00000000162d0000,0x00000000163d0000] [id=10388]
  0x0000000016bbc000 WatcherThread [stack: 0x00000000170b0000,0x00000000171b0000] [id=10584]

VM state:not at safepoint (normal execution)

VM Mutex/Monitor currently owned by a thread: None

Heap:
 PSYoungGen      total 35328K, used 28409K [0x00000000eab00000, 0x00000000ed000000, 0x0000000100000000)
  eden space 32768K, 78% used [0x00000000eab00000,0x00000000ec444380,0x00000000ecb00000)
  from space 2560K, 99% used [0x00000000ecd80000,0x00000000ecffa168,0x00000000ed000000)
  to   space 2560K, 0% used [0x00000000ecb00000,0x00000000ecb00000,0x00000000ecd80000)
 ParOldGen       total 44032K, used 5979K [0x00000000c0000000, 0x00000000c2b00000, 0x00000000eab00000)
  object space 44032K, 13% used [0x00000000c0000000,0x00000000c05d6e60,0x00000000c2b00000)
 Metaspace       used 5811K, capacity 6960K, committed 7040K, reserved 1056768K
  class space    used 560K, capacity 616K, committed 640K, reserved 1048576K

Card table byte_map: [0x0000000011f60000,0x0000000012170000] byte_map_base: 0x0000000011960000

Marking Bits: (ParMarkBitMap*) 0x0000000069db9d00
 Begin Bits: [0x00000000126d0000, 0x00000000136d0000)
 End Bits:   [0x00000000136d0000, 0x00000000146d0000)

Polling page: 0x0000000001010000

CodeCache: size=245760Kb used=5936Kb max_used=5950Kb free=239823Kb
 bounds [0x0000000002ba0000, 0x0000000003180000, 0x0000000011ba0000]
 total_blobs=1619 nmethods=1358 adapters=175
 compilation: enabled

Compilation events (10 events):
Event: 9.261 Thread 0x00000000152ca800 1365       3       com.android.dx.rop.type.StdTypeList::equalContents (56 bytes)
Event: 9.262 Thread 0x00000000152ca800 nmethod 1365 0x000000000316bc90 code [0x000000000316be60, 0x000000000316c728]
Event: 9.264 Thread 0x00000000152ca800 1366       3       com.android.dx.rop.code.CstInsn::contentEquals (31 bytes)
Event: 9.264 Thread 0x00000000152ca800 nmethod 1366 0x0000000003167d50 code [0x0000000003167ee0, 0x0000000003168378]
Event: 9.266 Thread 0x00000000152c4800 1367       4       com.android.dx.rop.code.InsnList::contentEquals (54 bytes)
Event: 9.301 Thread 0x000000001526a800 nmethod 1359 0x000000000316f950 code [0x000000000316fba0, 0x0000000003171368]
Event: 9.302 Thread 0x000000001526a800 1368       4       com.android.dx.rop.code.Insn::contentEquals (84 bytes)
Event: 9.304 Thread 0x00000000152c4800 nmethod 1367 0x0000000003173590 code [0x0000000003173760, 0x0000000003174528]
Event: 9.335 Thread 0x000000001526a800 nmethod 1368 0x0000000003175790 code [0x0000000003175920, 0x0000000003176478]
Event: 9.748 Thread 0x00000000152c4800 1369 %     4       com.android.dx.ssa.back.IdenticalBlockCombiner::process @ 161 (323 bytes)

GC Heap History (4 events):
Event: 3.030 GC heap before
{Heap before GC invocations=1 (full 0):
 PSYoungGen      total 18944K, used 16384K [0x00000000eab00000, 0x00000000ec000000, 0x0000000100000000)
  eden space 16384K, 100% used [0x00000000eab00000,0x00000000ebb00000,0x00000000ebb00000)
  from space 2560K, 0% used [0x00000000ebd80000,0x00000000ebd80000,0x00000000ec000000)
  to   space 2560K, 0% used [0x00000000ebb00000,0x00000000ebb00000,0x00000000ebd80000)
 ParOldGen       total 44032K, used 0K [0x00000000c0000000, 0x00000000c2b00000, 0x00000000eab00000)
  object space 44032K, 0% used [0x00000000c0000000,0x00000000c0000000,0x00000000c2b00000)
 Metaspace       used 5547K, capacity 6768K, committed 7040K, reserved 1056768K
  class space    used 552K, capacity 616K, committed 640K, reserved 1048576K
Event: 3.225 GC heap after
Heap after GC invocations=1 (full 0):
 PSYoungGen      total 18944K, used 2557K [0x00000000eab00000, 0x00000000ed000000, 0x0000000100000000)
  eden space 16384K, 0% used [0x00000000eab00000,0x00000000eab00000,0x00000000ebb00000)
  from space 2560K, 99% used [0x00000000ebb00000,0x00000000ebd7f5c8,0x00000000ebd80000)
  to   space 2560K, 0% used [0x00000000ecd80000,0x00000000ecd80000,0x00000000ed000000)
 ParOldGen       total 44032K, used 1706K [0x00000000c0000000, 0x00000000c2b00000, 0x00000000eab00000)
  object space 44032K, 3% used [0x00000000c0000000,0x00000000c01aaae8,0x00000000c2b00000)
 Metaspace       used 5547K, capacity 6768K, committed 7040K, reserved 1056768K
  class space    used 552K, capacity 616K, committed 640K, reserved 1048576K
}
Event: 4.441 GC heap before
{Heap before GC invocations=2 (full 0):
 PSYoungGen      total 18944K, used 18941K [0x00000000eab00000, 0x00000000ed000000, 0x0000000100000000)
  eden space 16384K, 100% used [0x00000000eab00000,0x00000000ebb00000,0x00000000ebb00000)
  from space 2560K, 99% used [0x00000000ebb00000,0x00000000ebd7f5c8,0x00000000ebd80000)
  to   space 2560K, 0% used [0x00000000ecd80000,0x00000000ecd80000,0x00000000ed000000)
 ParOldGen       total 44032K, used 1706K [0x00000000c0000000, 0x00000000c2b00000, 0x00000000eab00000)
  object space 44032K, 3% used [0x00000000c0000000,0x00000000c01aaae8,0x00000000c2b00000)
 Metaspace       used 5699K, capacity 6896K, committed 7040K, reserved 1056768K
  class space    used 556K, capacity 616K, committed 640K, reserved 1048576K
Event: 4.773 GC heap after
Heap after GC invocations=2 (full 0):
 PSYoungGen      total 35328K, used 2536K [0x00000000eab00000, 0x00000000ed000000, 0x0000000100000000)
  eden space 32768K, 0% used [0x00000000eab00000,0x00000000eab00000,0x00000000ecb00000)
  from space 2560K, 99% used [0x00000000ecd80000,0x00000000ecffa168,0x00000000ed000000)
  to   space 2560K, 0% used [0x00000000ecb00000,0x00000000ecb00000,0x00000000ecd80000)
 ParOldGen       total 44032K, used 5979K [0x00000000c0000000, 0x00000000c2b00000, 0x00000000eab00000)
  object space 44032K, 13% used [0x00000000c0000000,0x00000000c05d6e60,0x00000000c2b00000)
 Metaspace       used 5699K, capacity 6896K, committed 7040K, reserved 1056768K
  class space    used 556K, capacity 616K, committed 640K, reserved 1048576K
}

Deoptimization events (10 events):
Event: 4.277 Thread 0x0000000016e27800 Uncommon trap: reason=class_check action=maybe_recompile pc=0x0000000002ff7898 method=com.android.dx.cf.code.BytecodeArray.parseInstruction(ILcom/android/dx/cf/code/BytecodeArray$Visitor;)I @ 1130
Event: 4.300 Thread 0x0000000016e27800 Uncommon trap: reason=class_check action=maybe_recompile pc=0x0000000002ff7898 method=com.android.dx.cf.code.BytecodeArray.parseInstruction(ILcom/android/dx/cf/code/BytecodeArray$Visitor;)I @ 1130
Event: 4.301 Thread 0x0000000016e27800 Uncommon trap: reason=class_check action=maybe_recompile pc=0x0000000002ff7898 method=com.android.dx.cf.code.BytecodeArray.parseInstruction(ILcom/android/dx/cf/code/BytecodeArray$Visitor;)I @ 1130
Event: 4.891 Thread 0x0000000016cf8000 Uncommon trap: reason=class_check action=maybe_recompile pc=0x0000000002ff7898 method=com.android.dx.cf.code.BytecodeArray.parseInstruction(ILcom/android/dx/cf/code/BytecodeArray$Visitor;)I @ 1130
Event: 8.732 Thread 0x0000000016e27800 Uncommon trap: reason=class_check action=maybe_recompile pc=0x0000000002f9c594 method=com.android.dx.ssa.NormalSsaInsn.accept(Lcom/android/dx/ssa/SsaInsn$Visitor;)V @ 9
Event: 8.733 Thread 0x0000000016e27800 Uncommon trap: reason=class_check action=maybe_recompile pc=0x0000000002f9c594 method=com.android.dx.ssa.NormalSsaInsn.accept(Lcom/android/dx/ssa/SsaInsn$Visitor;)V @ 9
Event: 8.740 Thread 0x0000000016e27800 Uncommon trap: reason=class_check action=maybe_recompile pc=0x0000000002f9c594 method=com.android.dx.ssa.NormalSsaInsn.accept(Lcom/android/dx/ssa/SsaInsn$Visitor;)V @ 9
Event: 8.740 Thread 0x0000000016e27800 Uncommon trap: reason=class_check action=maybe_recompile pc=0x0000000002f9c594 method=com.android.dx.ssa.NormalSsaInsn.accept(Lcom/android/dx/ssa/SsaInsn$Visitor;)V @ 9
Event: 8.742 Thread 0x0000000016e27800 Uncommon trap: reason=class_check action=maybe_recompile pc=0x0000000002f8fdfc method=com.android.dx.ssa.NormalSsaInsn.accept(Lcom/android/dx/ssa/SsaInsn$Visitor;)V @ 9
Event: 8.871 Thread 0x0000000016e27800 Uncommon trap: reason=predicate action=maybe_recompile pc=0x000000000310946c method=com.android.dx.ssa.PhiInsn.mapSourceRegisters(Lcom/android/dx/ssa/RegisterMapper;)V @ 17

Internal exceptions (2 events):
Event: 0.412 Thread 0x0000000002aa0800 Exception <a 'java/lang/NoSuchMethodError': Method sun.misc.Unsafe.defineClass(Ljava/lang/String;[BII)Ljava/lang/Class; name or signature does not match> (0x00000000eab07cc0) thrown at [C:\src\android\AOSP-openjdk\external\jetbrains\jdk\hotspot\src\share\všÿ‰f\Ú?
Event: 0.412 Thread 0x0000000002aa0800 Exception <a 'java/lang/NoSuchMethodError': Method sun.misc.Unsafe.prefetchRead(Ljava/lang/Object;J)V name or signature does not match> (0x00000000eab07fa8) thrown at [C:\src\android\AOSP-openjdk\external\jetbrains\jdk\hotspot\src\share\vm\prims\jni.cpp, l

Events (10 events):
Event: 8.861 Thread 0x0000000016e27800 DEOPT UNPACKING pc=0x0000000002be75bf sp=0x00000000176ae620 mode 0
Event: 8.864 Thread 0x0000000016e27800 DEOPT PACKING pc=0x00000000030f27b8 sp=0x00000000176ae880
Event: 8.864 Thread 0x0000000016e27800 DEOPT UNPACKING pc=0x0000000002be75bf sp=0x00000000176ae5b8 mode 0
Event: 8.865 Thread 0x0000000016e27800 DEOPT PACKING pc=0x00000000030f27b8 sp=0x00000000176aeaa0
Event: 8.865 Thread 0x0000000016e27800 DEOPT UNPACKING pc=0x0000000002be75bf sp=0x00000000176ae7c8 mode 0
Event: 8.866 Thread 0x0000000016e27800 DEOPT PACKING pc=0x00000000030f27b8 sp=0x00000000176aeaa0
Event: 8.866 Thread 0x0000000016e27800 DEOPT UNPACKING pc=0x0000000002be75bf sp=0x00000000176ae7c8 mode 0
Event: 8.871 Thread 0x0000000016e27800 Uncommon trap: trap_request=0xffffff86 fr.pc=0x000000000310946c
Event: 8.871 Thread 0x0000000016e27800 DEOPT PACKING pc=0x000000000310946c sp=0x00000000176aed50
Event: 8.871 Thread 0x0000000016e27800 DEOPT UNPACKING pc=0x0000000002be556a sp=0x00000000176aed18 mode 2


Dynamic libraries:
0x00007ff7b4b00000 - 0x00007ff7b4b31000 	D:\Android\AndroidStudio\jre\bin\java.exe
0x00007ffb46030000 - 0x00007ffb461dd000 	C:\WINDOWS\SYSTEM32\ntdll.dll
0x00007ffb44000000 - 0x00007ffb4413e000 	C:\WINDOWS\system32\KERNEL32.DLL
0x00007ffb43330000 - 0x00007ffb43445000 	C:\WINDOWS\system32\KERNELBASE.dll
0x00007ffb43980000 - 0x00007ffb43a2a000 	C:\WINDOWS\system32\ADVAPI32.dll
0x00007ffb43e10000 - 0x00007ffb43f87000 	C:\WINDOWS\system32\USER32.dll
0x00007ffb40df0000 - 0x00007ffb4106a000 	C:\WINDOWS\WinSxS\amd64_microsoft.windows.common-controls_6595b64144ccf1df_6.0.9600.17810_none_6240b9c7ecbd0bda\COMCTL32.dll
0x00007ffb436b0000 - 0x00007ffb4375a000 	C:\WINDOWS\system32\msvcrt.dll
0x00007ffb43a30000 - 0x00007ffb43a89000 	C:\WINDOWS\SYSTEM32\sechost.dll
0x00007ffb44140000 - 0x00007ffb44280000 	C:\WINDOWS\system32\RPCRT4.dll
0x00007ffb45830000 - 0x00007ffb4597f000 	C:\WINDOWS\system32\GDI32.dll
0x00007ffb43630000 - 0x00007ffb4365e000 	C:\WINDOWS\system32\SspiCli.dll
0x00007ffb43af0000 - 0x00007ffb43b26000 	C:\WINDOWS\system32\IMM32.DLL
0x00007ffb45980000 - 0x00007ffb45ad2000 	C:\WINDOWS\system32\MSCTF.dll
0x000000006a4b0000 - 0x000000006a582000 	D:\Android\AndroidStudio\jre\jre\bin\msvcr100.dll
0x0000000069600000 - 0x0000000069e34000 	D:\Android\AndroidStudio\jre\jre\bin\server\jvm.dll
0x00007ffb3a960000 - 0x00007ffb3a969000 	C:\WINDOWS\SYSTEM32\WSOCK32.dll
0x00007ffb39250000 - 0x00007ffb39272000 	C:\WINDOWS\SYSTEM32\WINMM.dll
0x00007ffb3c820000 - 0x00007ffb3c82a000 	C:\WINDOWS\SYSTEM32\VERSION.dll
0x00007ffb43e00000 - 0x00007ffb43e07000 	C:\WINDOWS\system32\PSAPI.DLL
0x00007ffb44280000 - 0x00007ffb442da000 	C:\WINDOWS\system32\WS2_32.dll
0x00007ffb39150000 - 0x00007ffb3917a000 	C:\WINDOWS\SYSTEM32\WINMMBASE.dll
0x00007ffb45820000 - 0x00007ffb45829000 	C:\WINDOWS\system32\NSI.dll
0x00007ffb43660000 - 0x00007ffb436af000 	C:\WINDOWS\SYSTEM32\cfgmgr32.dll
0x00007ffb41f70000 - 0x00007ffb41f98000 	C:\WINDOWS\SYSTEM32\DEVOBJ.dll
0x00007ffb40890000 - 0x00007ffb4089f000 	D:\Android\AndroidStudio\jre\jre\bin\verify.dll
0x00007ffb407a0000 - 0x00007ffb407c9000 	D:\Android\AndroidStudio\jre\jre\bin\java.dll
0x00007ffb40810000 - 0x00007ffb40826000 	D:\Android\AndroidStudio\jre\jre\bin\zip.dll
0x00007ffb442e0000 - 0x00007ffb45808000 	C:\WINDOWS\system32\SHELL32.dll
0x00007ffb43760000 - 0x00007ffb43971000 	C:\WINDOWS\SYSTEM32\combase.dll
0x00007ffb43a90000 - 0x00007ffb43ae4000 	C:\WINDOWS\system32\SHLWAPI.dll
0x00007ffb41790000 - 0x00007ffb41842000 	C:\WINDOWS\SYSTEM32\SHCORE.dll
0x00007ffb43150000 - 0x00007ffb43165000 	C:\WINDOWS\SYSTEM32\profapi.dll

VM Arguments:
jvm_args: -Djava.awt.headless=true -Xmx1024M -Dfile.encoding=windows-1252 -Duser.country=US -Duser.language=en -Duser.variant 
java_command: com.android.dx.command.Main --dex --force-jumbo --num-threads=4 --multi-dex --output D:\Mozilla Downloads\and-nd-firebase-1.00-starting-point\app\build\intermediates\transforms\dex\debug\folders\1000\5\slice_1 D:\Mozilla Downloads\and-nd-firebase-1.00-starting-point\app\build\intermediates\transforms\instantRunSlicer\debug\folders\1\5\slice_1
java_class_path (initial): D:\Android\sdk\build-tools\24.0.1\lib\dx.jar
Launcher Type: SUN_STANDARD

Environment Variables:
PATH=C:\ProgramData\Oracle\Java\javapath;C:\Program Files (x86)\Intel\iCLS Client\;C:\Program Files\Intel\iCLS Client\;C:\WINDOWS\system32;C:\WINDOWS;C:\WINDOWS\System32\Wbem;C:\WINDOWS\System32\WindowsPowerShell\v1.0\;C:\Program Files\Intel\Intel(R) Management Engine Components\DAL;C:\Program Files (x86)\Intel\Intel(R) Management Engine Components\DAL;C:\Program Files\Intel\Intel(R) Management Engine Components\IPT;C:\Program Files (x86)\Intel\Intel(R) Management Engine Components\IPT;D:\Git\cmd;C:\Users\Hamid-PC\AppData\Local\atom\bin
USERNAME=Hamid-PC
OS=Windows_NT
PROCESSOR_IDENTIFIER=Intel64 Family 6 Model 61 Stepping 4, GenuineIntel



---------------  S Y S T E M  ---------------

OS: Windows 8.1 , 64 bit Build 9600 (6.3.9600.17415)

CPU:total 4 (2 cores per cpu, 2 threads per core) family 6 model 61 stepping 4, cmov, cx8, fxsr, mmx, sse, sse2, sse3, ssse3, sse4.1, sse4.2, popcnt, avx, avx2, aes, clmul, erms, 3dnowpref, lzcnt, ht, tsc, tscinvbit, bmi1, bmi2, adx

Memory: 4k page, physical 4107980k(194264k free), swap 5209432k(5180k free)

vm_info: OpenJDK 64-Bit Server VM (25.76-b03) for windows-amd64 JRE (1.8.0_76-release-b03), built on Jun 29 2016 19:09:20 by "ralucas" with MS VC++ 10.0 (VS2010)

time: Sat Dec 24 21:57:37 2016
elapsed time: 9 seconds (0d 0h 0m 9s)

