#
# There is insufficient memory for the Java Runtime Environment to continue.
# Native memory allocation (malloc) failed to allocate 1071616 bytes for Chunk::new
# Possible reasons:
#   The system is out of physical RAM or swap space
#   In 32 bit mode, the process size limit was hit
# Possible solutions:
#   Reduce memory load on the system
#   Increase physical memory or swap space
#   Check if swap backing store is full
#   Use 64 bit Java on a 64 bit OS
#   Decrease Java heap size (-Xmx/-Xms)
#   Decrease number of Java threads
#   Decrease Java thread stack sizes (-Xss)
#   Set larger code cache with -XX:ReservedCodeCacheSize=
# This output file may be truncated or incomplete.
#
#  Out of Memory Error (allocation.cpp:390), pid=9620, tid=0x0000000000002604
#
# JRE version: OpenJDK Runtime Environment (8.0_76-b03) (build 1.8.0_76-release-b03)
# Java VM: OpenJDK 64-Bit Server VM (25.76-b03 mixed mode windows-amd64 compressed oops)
# Failed to write core dump. Minidumps are not enabled by default on client versions of Windows
#

---------------  T H R E A D  ---------------

Current thread (0x0000000014664800):  JavaThread "C2 CompilerThread1" daemon [_thread_in_native, id=9732, stack(0x0000000015d50000,0x0000000015e50000)]

Stack: [0x0000000015d50000,0x0000000015e50000]
[error occurred during error reporting (printing stack bounds), id 0xc0000005]

Native frames: (J=compiled Java code, j=interpreted, Vv=VM code, C=native code)


Current CompileTask:
C2:  15416 1650   !   4       com.android.dx.cf.code.RopperMachine::run (1550 bytes)


---------------  P R O C E S S  ---------------

Java Threads: ( => current thread )
  0x000000001623b800 JavaThread "pool-2-thread-4" [_thread_in_vm, id=11208, stack(0x0000000016950000,0x0000000016a50000)]
  0x0000000016236800 JavaThread "pool-2-thread-3" [_thread_in_Java, id=2072, stack(0x0000000016850000,0x0000000016950000)]
  0x0000000016235800 JavaThread "pool-2-thread-2" [_thread_blocked, id=10112, stack(0x0000000016750000,0x0000000016850000)]
  0x0000000016232000 JavaThread "pool-3-thread-1" [_thread_blocked, id=11524, stack(0x0000000016650000,0x0000000016750000)]
  0x0000000016230800 JavaThread "pool-2-thread-1" [_thread_blocked, id=10700, stack(0x0000000016550000,0x0000000016650000)]
  0x000000001466e800 JavaThread "Service Thread" daemon [_thread_blocked, id=11620, stack(0x0000000016350000,0x0000000016450000)]
  0x000000001466a800 JavaThread "C1 CompilerThread2" daemon [_thread_blocked, id=10212, stack(0x0000000015e50000,0x0000000015f50000)]
=>0x0000000014664800 JavaThread "C2 CompilerThread1" daemon [_thread_in_native, id=9732, stack(0x0000000015d50000,0x0000000015e50000)]
  0x000000001460a800 JavaThread "C2 CompilerThread0" daemon [_thread_in_native, id=10812, stack(0x0000000015c50000,0x0000000015d50000)]
  0x0000000014609000 JavaThread "Attach Listener" daemon [_thread_blocked, id=11760, stack(0x0000000015b50000,0x0000000015c50000)]
  0x0000000014608000 JavaThread "Signal Dispatcher" daemon [_thread_blocked, id=9336, stack(0x0000000015a50000,0x0000000015b50000)]
  0x00000000145f6800 JavaThread "Finalizer" daemon [_thread_blocked, id=2220, stack(0x0000000015870000,0x0000000015970000)]
  0x0000000001f30800 JavaThread "Reference Handler" daemon [_thread_blocked, id=9304, stack(0x0000000015770000,0x0000000015870000)]
  0x0000000001e40800 JavaThread "main" [_thread_blocked, id=11060, stack(0x0000000001c90000,0x0000000001d90000)]

Other Threads:
  0x00000000145d4800 VMThread [stack: 0x0000000015670000,0x0000000015770000] [id=9604]
  0x0000000015f5c000 WatcherThread [stack: 0x0000000016450000,0x0000000016550000] [id=10256]

VM state:not at safepoint (normal execution)

VM Mutex/Monitor currently owned by a thread: None

Heap:
 PSYoungGen      total 35328K, used 10632K [0x00000000eab00000, 0x00000000ed000000, 0x0000000100000000)
  eden space 32768K, 24% used [0x00000000eab00000,0x00000000eb2e8058,0x00000000ecb00000)
  from space 2560K, 99% used [0x00000000ecb00000,0x00000000ecd7a228,0x00000000ecd80000)
  to   space 2560K, 0% used [0x00000000ecd80000,0x00000000ecd80000,0x00000000ed000000)
 ParOldGen       total 44032K, used 9828K [0x00000000c0000000, 0x00000000c2b00000, 0x00000000eab00000)
  object space 44032K, 22% used [0x00000000c0000000,0x00000000c09991c0,0x00000000c2b00000)
 Metaspace       used 6194K, capacity 7024K, committed 7296K, reserved 1056768K
  class space    used 589K, capacity 616K, committed 640K, reserved 1048576K

Card table byte_map: [0x0000000011300000,0x0000000011510000] byte_map_base: 0x0000000010d00000

Marking Bits: (ParMarkBitMap*) 0x0000000069db9d00
 Begin Bits: [0x0000000011a70000, 0x0000000012a70000)
 End Bits:   [0x0000000012a70000, 0x0000000013a70000)

Polling page: 0x00000000006d0000

CodeCache: size=245760Kb used=7131Kb max_used=7131Kb free=238628Kb
 bounds [0x0000000001f40000, 0x0000000002650000, 0x0000000010f40000]
 total_blobs=1890 nmethods=1621 adapters=182
 compilation: enabled

Compilation events (10 events):
Event: 15.221 Thread 0x0000000014664800 nmethod 1645 0x0000000002618b90 code [0x0000000002618d00, 0x0000000002618fd8]
Event: 15.221 Thread 0x0000000014664800 1646       4       com.android.dx.cf.code.Ropper::addOrReplaceBlock (66 bytes)
Event: 15.248 Thread 0x0000000014664800 nmethod 1646 0x000000000262ca50 code [0x000000000262cbe0, 0x000000000262d628]
Event: 15.248 Thread 0x0000000014664800 1647   !   4       com.android.dx.cf.code.Simulator::simulate (74 bytes)
Event: 15.254 Thread 0x0000000014664800 nmethod 1647 0x0000000002618610 code [0x0000000002618780, 0x0000000002618938]
Event: 15.255 Thread 0x000000001466a800 1648       3       com.android.dx.rop.cst.Constant::compareTo (33 bytes)
Event: 15.255 Thread 0x000000001466a800 nmethod 1648 0x000000000261a190 code [0x000000000261a340, 0x000000000261aa78]
Event: 15.256 Thread 0x000000001466a800 1649       3       com.android.dx.rop.type.Type::asUninitialized (140 bytes)
Event: 15.258 Thread 0x000000001466a800 nmethod 1649 0x0000000002629e50 code [0x000000000262a1a0, 0x000000000262bdd8]
Event: 15.258 Thread 0x0000000014664800 1650   !   4       com.android.dx.cf.code.RopperMachine::run (1550 bytes)

GC Heap History (6 events):
Event: 4.667 GC heap before
{Heap before GC invocations=1 (full 0):
 PSYoungGen      total 18944K, used 16384K [0x00000000eab00000, 0x00000000ec000000, 0x0000000100000000)
  eden space 16384K, 100% used [0x00000000eab00000,0x00000000ebb00000,0x00000000ebb00000)
  from space 2560K, 0% used [0x00000000ebd80000,0x00000000ebd80000,0x00000000ec000000)
  to   space 2560K, 0% used [0x00000000ebb00000,0x00000000ebb00000,0x00000000ebd80000)
 ParOldGen       total 44032K, used 0K [0x00000000c0000000, 0x00000000c2b00000, 0x00000000eab00000)
  object space 44032K, 0% used [0x00000000c0000000,0x00000000c0000000,0x00000000c2b00000)
 Metaspace       used 5718K, capacity 6704K, committed 6784K, reserved 1056768K
  class space    used 570K, capacity 616K, committed 640K, reserved 1048576K
Event: 4.899 GC heap after
Heap after GC invocations=1 (full 0):
 PSYoungGen      total 18944K, used 2538K [0x00000000eab00000, 0x00000000ed000000, 0x0000000100000000)
  eden space 16384K, 0% used [0x00000000eab00000,0x00000000eab00000,0x00000000ebb00000)
  from space 2560K, 99% used [0x00000000ebb00000,0x00000000ebd7aac8,0x00000000ebd80000)
  to   space 2560K, 0% used [0x00000000ecd80000,0x00000000ecd80000,0x00000000ed000000)
 ParOldGen       total 44032K, used 1662K [0x00000000c0000000, 0x00000000c2b00000, 0x00000000eab00000)
  object space 44032K, 3% used [0x00000000c0000000,0x00000000c019fa80,0x00000000c2b00000)
 Metaspace       used 5718K, capacity 6704K, committed 6784K, reserved 1056768K
  class space    used 570K, capacity 616K, committed 640K, reserved 1048576K
}
Event: 8.723 GC heap before
{Heap before GC invocations=2 (full 0):
 PSYoungGen      total 18944K, used 18922K [0x00000000eab00000, 0x00000000ed000000, 0x0000000100000000)
  eden space 16384K, 100% used [0x00000000eab00000,0x00000000ebb00000,0x00000000ebb00000)
  from space 2560K, 99% used [0x00000000ebb00000,0x00000000ebd7aac8,0x00000000ebd80000)
  to   space 2560K, 0% used [0x00000000ecd80000,0x00000000ecd80000,0x00000000ed000000)
 ParOldGen       total 44032K, used 1662K [0x00000000c0000000, 0x00000000c2b00000, 0x00000000eab00000)
  object space 44032K, 3% used [0x00000000c0000000,0x00000000c019fa80,0x00000000c2b00000)
 Metaspace       used 5922K, capacity 6896K, committed 7040K, reserved 1056768K
  class space    used 570K, capacity 616K, committed 640K, reserved 1048576K
Event: 8.921 GC heap after
Heap after GC invocations=2 (full 0):
 PSYoungGen      total 35328K, used 2535K [0x00000000eab00000, 0x00000000ed000000, 0x0000000100000000)
  eden space 32768K, 0% used [0x00000000eab00000,0x00000000eab00000,0x00000000ecb00000)
  from space 2560K, 99% used [0x00000000ecd80000,0x00000000ecff9c98,0x00000000ed000000)
  to   space 2560K, 0% used [0x00000000ecb00000,0x00000000ecb00000,0x00000000ecd80000)
 ParOldGen       total 44032K, used 4677K [0x00000000c0000000, 0x00000000c2b00000, 0x00000000eab00000)
  object space 44032K, 10% used [0x00000000c0000000,0x00000000c04917d8,0x00000000c2b00000)
 Metaspace       used 5922K, capacity 6896K, committed 7040K, reserved 1056768K
  class space    used 570K, capacity 616K, committed 640K, reserved 1048576K
}
Event: 13.913 GC heap before
{Heap before GC invocations=3 (full 0):
 PSYoungGen      total 35328K, used 35303K [0x00000000eab00000, 0x00000000ed000000, 0x0000000100000000)
  eden space 32768K, 100% used [0x00000000eab00000,0x00000000ecb00000,0x00000000ecb00000)
  from space 2560K, 99% used [0x00000000ecd80000,0x00000000ecff9c98,0x00000000ed000000)
  to   space 2560K, 0% used [0x00000000ecb00000,0x00000000ecb00000,0x00000000ecd80000)
 ParOldGen       total 44032K, used 4677K [0x00000000c0000000, 0x00000000c2b00000, 0x00000000eab00000)
  object space 44032K, 10% used [0x00000000c0000000,0x00000000c04917d8,0x00000000c2b00000)
 Metaspace       used 6138K, capacity 7024K, committed 7296K, reserved 1056768K
  class space    used 589K, capacity 616K, committed 640K, reserved 1048576K
Event: 14.093 GC heap after
Heap after GC invocations=3 (full 0):
 PSYoungGen      total 35328K, used 2536K [0x00000000eab00000, 0x00000000ed000000, 0x0000000100000000)
  eden space 32768K, 0% used [0x00000000eab00000,0x00000000eab00000,0x00000000ecb00000)
  from space 2560K, 99% used [0x00000000ecb00000,0x00000000ecd7a228,0x00000000ecd80000)
  to   space 2560K, 0% used [0x00000000ecd80000,0x00000000ecd80000,0x00000000ed000000)
 ParOldGen       total 44032K, used 9828K [0x00000000c0000000, 0x00000000c2b00000, 0x00000000eab00000)
  object space 44032K, 22% used [0x00000000c0000000,0x00000000c09991c0,0x00000000c2b00000)
 Metaspace       used 6138K, capacity 7024K, committed 7296K, reserved 1056768K
  class space    used 589K, capacity 616K, committed 640K, reserved 1048576K
}

Deoptimization events (10 events):
Event: 13.680 Thread 0x000000001623b800 Uncommon trap: reason=bimorphic action=maybe_recompile pc=0x00000000025665c4 method=com.android.dx.cf.code.BytecodeArray.parseInstruction(ILcom/android/dx/cf/code/BytecodeArray$Visitor;)I @ 2281
Event: 13.695 Thread 0x000000001623b800 Uncommon trap: reason=unstable_if action=reinterpret pc=0x0000000002233484 method=java.util.HashMap.getNode(ILjava/lang/Object;)Ljava/util/HashMap$Node; @ 84
Event: 13.710 Thread 0x0000000016236800 Uncommon trap: reason=unstable_if action=reinterpret pc=0x000000000254a590 method=java.util.HashMap.putVal(ILjava/lang/Object;Ljava/lang/Object;ZZ)Ljava/lang/Object; @ 162
Event: 13.743 Thread 0x0000000016236800 Uncommon trap: reason=unstable_if action=reinterpret pc=0x000000000230f65c method=com.android.dx.rop.cst.Constant.compareTo(Lcom/android/dx/rop/cst/Constant;)I @ 12
Event: 14.160 Thread 0x0000000016230800 Uncommon trap: reason=bimorphic action=maybe_recompile pc=0x0000000002566f6c method=com.android.dx.cf.code.BytecodeArray.parseInstruction(ILcom/android/dx/cf/code/BytecodeArray$Visitor;)I @ 939
Event: 14.160 Thread 0x0000000016230800 Uncommon trap: reason=bimorphic action=maybe_recompile pc=0x0000000002566e6c method=com.android.dx.cf.code.BytecodeArray.parseInstruction(ILcom/android/dx/cf/code/BytecodeArray$Visitor;)I @ 907
Event: 14.160 Thread 0x0000000016230800 Uncommon trap: reason=bimorphic action=maybe_recompile pc=0x000000000256723c method=com.android.dx.cf.code.BytecodeArray.parseInstruction(ILcom/android/dx/cf/code/BytecodeArray$Visitor;)I @ 1130
Event: 14.160 Thread 0x0000000016230800 Uncommon trap: reason=bimorphic action=maybe_recompile pc=0x0000000002566eec method=com.android.dx.cf.code.BytecodeArray.parseInstruction(ILcom/android/dx/cf/code/BytecodeArray$Visitor;)I @ 923
Event: 14.160 Thread 0x0000000016230800 Uncommon trap: reason=bimorphic action=maybe_recompile pc=0x000000000256723c method=com.android.dx.cf.code.BytecodeArray.parseInstruction(ILcom/android/dx/cf/code/BytecodeArray$Visitor;)I @ 1130
Event: 15.171 Thread 0x0000000016236800 Uncommon trap: reason=unstable_if action=reinterpret pc=0x000000000261d6b8 method=java.util.HashMap.putVal(ILjava/lang/Object;Ljava/lang/Object;ZZ)Ljava/lang/Object; @ 109

Internal exceptions (6 events):
Event: 0.262 Thread 0x0000000001e40800 Exception <a 'java/lang/NoSuchMethodError': Method sun.misc.Unsafe.defineClass(Ljava/lang/String;[BII)Ljava/lang/Class; name or signature does not match> (0x00000000eab07cc0) thrown at [C:\src\android\AOSP-openjdk\external\jetbrains\jdk\hotspot\src\share\vﬂ”ÌM1À–?
Event: 0.262 Thread 0x0000000001e40800 Exception <a 'java/lang/NoSuchMethodError': Method sun.misc.Unsafe.prefetchRead(Ljava/lang/Object;J)V name or signature does not match> (0x00000000eab07fa8) thrown at [C:\src\android\AOSP-openjdk\external\jetbrains\jdk\hotspot\src\share\vm\prims\jni.cpp, l∑ÅMlÃ@
Event: 4.950 Thread 0x0000000001e40800 Implicit null exception at 0x00000000022ba894 to 0x00000000022bce3d
Event: 13.652 Thread 0x000000001623b800 Exception <a 'java/lang/ArrayIndexOutOfBoundsException': 18> (0x00000000ec440850) thrown at [C:\src\android\AOSP-openjdk\external\jetbrains\jdk\hotspot\src\share\vm\interpreter\interpreterRuntime.cpp, line 366]
Event: 13.653 Thread 0x000000001623b800 Exception <a 'java/lang/ArrayIndexOutOfBoundsException'> (0x00000000ec4423d0) thrown at [C:\src\android\AOSP-openjdk\external\jetbrains\jdk\hotspot\src\share\vm\runtime\sharedRuntime.cpp, line 605]
Event: 13.668 Thread 0x000000001623b800 Exception <a 'java/lang/ArrayIndexOutOfBoundsException'> (0x00000000ec4436b8) thrown at [C:\src\android\AOSP-openjdk\external\jetbrains\jdk\hotspot\src\share\vm\runtime\sharedRuntime.cpp, line 605]

Events (10 events):
Event: 14.160 Thread 0x0000000016230800 DEOPT PACKING pc=0x0000000002566eec sp=0x000000001664e620
Event: 14.160 Thread 0x0000000016230800 DEOPT UNPACKING pc=0x0000000001f8556a sp=0x000000001664e5d8 mode 2
Event: 14.160 Thread 0x0000000016230800 Uncommon trap: trap_request=0xffffffc6 fr.pc=0x000000000256723c
Event: 14.160 Thread 0x0000000016230800 DEOPT PACKING pc=0x000000000256723c sp=0x000000001664e620
Event: 14.160 Thread 0x0000000016230800 DEOPT UNPACKING pc=0x0000000001f8556a sp=0x000000001664e5d8 mode 2
Event: 15.171 Thread 0x0000000016236800 Uncommon trap: trap_request=0xffffff65 fr.pc=0x000000000261d6b8
Event: 15.171 Thread 0x0000000016236800 DEOPT PACKING pc=0x000000000261d6b8 sp=0x000000001694e300
Event: 15.171 Thread 0x0000000016236800 DEOPT UNPACKING pc=0x0000000001f8556a sp=0x000000001694e1a8 mode 2
Event: 15.190 Thread 0x0000000016236800 DEOPT PACKING pc=0x00000000023d1d35 sp=0x000000001694e620
Event: 15.190 Thread 0x0000000016236800 DEOPT UNPACKING pc=0x0000000001f875bf sp=0x000000001694e300 mode 0


Dynamic libraries:
0x00007ff7b4b00000 - 0x00007ff7b4b31000 	D:\Android\AndroidStudio\jre\bin\java.exe
0x00007ffb46030000 - 0x00007ffb461dd000 	C:\WINDOWS\SYSTEM32\ntdll.dll
0x00007ffb44000000 - 0x00007ffb4413e000 	C:\WINDOWS\system32\KERNEL32.DLL
0x00007ffb43330000 - 0x00007ffb43445000 	C:\WINDOWS\system32\KERNELBASE.dll
0x00007ffb43980000 - 0x00007ffb43a2a000 	C:\WINDOWS\system32\ADVAPI32.dll
0x00007ffb43e10000 - 0x00007ffb43f87000 	C:\WINDOWS\system32\USER32.dll
0x00007ffb40df0000 - 0x00007ffb4106a000 	C:\WINDOWS\WinSxS\amd64_microsoft.windows.common-controls_6595b64144ccf1df_6.0.9600.17810_none_6240b9c7ecbd0bda\COMCTL32.dll
0x00007ffb436b0000 - 0x00007ffb4375a000 	C:\WINDOWS\system32\msvcrt.dll
0x00007ffb43a30000 - 0x00007ffb43a89000 	C:\WINDOWS\SYSTEM32\sechost.dll
0x00007ffb44140000 - 0x00007ffb44280000 	C:\WINDOWS\system32\RPCRT4.dll
0x00007ffb45830000 - 0x00007ffb4597f000 	C:\WINDOWS\system32\GDI32.dll
0x00007ffb43630000 - 0x00007ffb4365e000 	C:\WINDOWS\system32\SspiCli.dll
0x00007ffb43af0000 - 0x00007ffb43b26000 	C:\WINDOWS\system32\IMM32.DLL
0x00007ffb45980000 - 0x00007ffb45ad2000 	C:\WINDOWS\system32\MSCTF.dll
0x000000006a4b0000 - 0x000000006a582000 	D:\Android\AndroidStudio\jre\jre\bin\msvcr100.dll
0x0000000069600000 - 0x0000000069e34000 	D:\Android\AndroidStudio\jre\jre\bin\server\jvm.dll
0x00007ffb3a960000 - 0x00007ffb3a969000 	C:\WINDOWS\SYSTEM32\WSOCK32.dll
0x00007ffb39250000 - 0x00007ffb39272000 	C:\WINDOWS\SYSTEM32\WINMM.dll
0x00007ffb3c820000 - 0x00007ffb3c82a000 	C:\WINDOWS\SYSTEM32\VERSION.dll
0x00007ffb43e00000 - 0x00007ffb43e07000 	C:\WINDOWS\system32\PSAPI.DLL
0x00007ffb44280000 - 0x00007ffb442da000 	C:\WINDOWS\system32\WS2_32.dll
0x00007ffb39150000 - 0x00007ffb3917a000 	C:\WINDOWS\SYSTEM32\WINMMBASE.dll
0x00007ffb45820000 - 0x00007ffb45829000 	C:\WINDOWS\system32\NSI.dll
0x00007ffb43660000 - 0x00007ffb436af000 	C:\WINDOWS\SYSTEM32\cfgmgr32.dll
0x00007ffb41f70000 - 0x00007ffb41f98000 	C:\WINDOWS\SYSTEM32\DEVOBJ.dll
0x00007ffb40890000 - 0x00007ffb4089f000 	D:\Android\AndroidStudio\jre\jre\bin\verify.dll
0x00007ffb407a0000 - 0x00007ffb407c9000 	D:\Android\AndroidStudio\jre\jre\bin\java.dll
0x00007ffb40810000 - 0x00007ffb40826000 	D:\Android\AndroidStudio\jre\jre\bin\zip.dll
0x00007ffb442e0000 - 0x00007ffb45808000 	C:\WINDOWS\system32\SHELL32.dll
0x00007ffb43760000 - 0x00007ffb43971000 	C:\WINDOWS\SYSTEM32\combase.dll
0x00007ffb43a90000 - 0x00007ffb43ae4000 	C:\WINDOWS\system32\SHLWAPI.dll
0x00007ffb41790000 - 0x00007ffb41842000 	C:\WINDOWS\SYSTEM32\SHCORE.dll
0x00007ffb43150000 - 0x00007ffb43165000 	C:\WINDOWS\SYSTEM32\profapi.dll

VM Arguments:
jvm_args: -Djava.awt.headless=true -Xmx1024M -Dfile.encoding=windows-1252 -Duser.country=US -Duser.language=en -Duser.variant 
java_command: com.android.dx.command.Main --dex --force-jumbo --num-threads=4 --multi-dex --output D:\Mozilla Downloads\and-nd-firebase-1.00-starting-point\app\build\intermediates\transforms\dex\debug\folders\1000\10\okhttp-3.2.0_f532ef64834980a79500624e1302c5cba18c3d01 D:\Android\.gradle\caches\modules-2\files-2.1\com.squareup.okhttp3\okhttp\3.2.0\f7873a2ebde246a45c2a8d6f3247108b4c88a879\okhttp-3.2.0.jar
java_class_path (initial): D:\Android\sdk\build-tools\24.0.1\lib\dx.jar
Launcher Type: SUN_STANDARD

Environment Variables:
PATH=C:\ProgramData\Oracle\Java\javapath;C:\Program Files (x86)\Intel\iCLS Client\;C:\Program Files\Intel\iCLS Client\;C:\WINDOWS\system32;C:\WINDOWS;C:\WINDOWS\System32\Wbem;C:\WINDOWS\System32\WindowsPowerShell\v1.0\;C:\Program Files\Intel\Intel(R) Management Engine Components\DAL;C:\Program Files (x86)\Intel\Intel(R) Management Engine Components\DAL;C:\Program Files\Intel\Intel(R) Management Engine Components\IPT;C:\Program Files (x86)\Intel\Intel(R) Management Engine Components\IPT;D:\Git\cmd;C:\Users\Hamid-PC\AppData\Local\atom\bin
USERNAME=Hamid-PC
OS=Windows_NT
PROCESSOR_IDENTIFIER=Intel64 Family 6 Model 61 Stepping 4, GenuineIntel



---------------  S Y S T E M  ---------------

OS: Windows 8.1 , 64 bit Build 9600 (6.3.9600.17415)

CPU:total 4 (2 cores per cpu, 2 threads per core) family 6 model 61 stepping 4, cmov, cx8, fxsr, mmx, sse, sse2, sse3, ssse3, sse4.1, sse4.2, popcnt, avx, avx2, aes, clmul, erms, 3dnowpref, lzcnt, ht, tsc, tscinvbit, bmi1, bmi2, adx

Memory: 4k page, physical 4107980k(165636k free), swap 5209432k(5808k free)

vm_info: OpenJDK 64-Bit Server VM (25.76-b03) for windows-amd64 JRE (1.8.0_76-release-b03), built on Jun 29 2016 19:09:20 by "ralucas" with MS VC++ 10.0 (VS2010)

time: Sat Dec 24 21:57:20 2016
elapsed time: 15 seconds (0d 0h 0m 15s)

