#
# There is insufficient memory for the Java Runtime Environment to continue.
# Native memory allocation (malloc) failed to allocate 1048576 bytes for AllocateHeap
# Possible reasons:
#   The system is out of physical RAM or swap space
#   In 32 bit mode, the process size limit was hit
# Possible solutions:
#   Reduce memory load on the system
#   Increase physical memory or swap space
#   Check if swap backing store is full
#   Use 64 bit Java on a 64 bit OS
#   Decrease Java heap size (-Xmx/-Xms)
#   Decrease number of Java threads
#   Decrease Java thread stack sizes (-Xss)
#   Set larger code cache with -XX:ReservedCodeCacheSize=
# This output file may be truncated or incomplete.
#
#  Out of Memory Error (memory/allocation.inline.hpp:61), pid=4032, tid=0x000000000000037c
#
# JRE version:  (8.0_76-b03) (build )
# Java VM: OpenJDK 64-Bit Server VM (25.76-b03 mixed mode windows-amd64 compressed oops)
# Failed to write core dump. Minidumps are not enabled by default on client versions of Windows
#

---------------  T H R E A D  ---------------

Current thread (0x00000000027e0800):  JavaThread "Unknown thread" [_thread_in_vm, id=892, stack(0x0000000000fb0000,0x00000000010b0000)]

Stack: [0x0000000000fb0000,0x00000000010b0000]
[error occurred during error reporting (printing stack bounds), id 0xc0000005]

Native frames: (J=compiled Java code, j=interpreted, Vv=VM code, C=native code)


---------------  P R O C E S S  ---------------

Java Threads: ( => current thread )

Other Threads:

=>0x00000000027e0800 (exited) JavaThread "Unknown thread" [_thread_in_vm, id=892, stack(0x0000000000fb0000,0x00000000010b0000)]

VM state:not at safepoint (normal execution)

VM Mutex/Monitor currently owned by a thread: None

Heap:
 PSYoungGen      total 18944K, used 327K [0x00000000eab00000, 0x00000000ec000000, 0x0000000100000000)
  eden space 16384K, 2% used [0x00000000eab00000,0x00000000eab51ec8,0x00000000ebb00000)
  from space 2560K, 0% used [0x00000000ebd80000,0x00000000ebd80000,0x00000000ec000000)
  to   space 2560K, 0% used [0x00000000ebb00000,0x00000000ebb00000,0x00000000ebd80000)
 ParOldGen       total 44032K, used 0K [0x00000000c0000000, 0x00000000c2b00000, 0x00000000eab00000)
  object space 44032K, 0% used [0x00000000c0000000,0x00000000c0000000,0x00000000c2b00000)
 Metaspace       used 771K, capacity 4480K, committed 4480K, reserved 1056768K
  class space    used 73K, capacity 384K, committed 384K, reserved 1048576K

Card table byte_map: [0x0000000011d30000,0x0000000011f40000] byte_map_base: 0x0000000011730000

Marking Bits: (ParMarkBitMap*) 0x0000000050ed9d00
 Begin Bits: [0x00000000124a0000, 0x00000000134a0000)
 End Bits:   [0x00000000134a0000, 0x00000000144a0000)

Polling page: 0x0000000000e60000

CodeCache: size=245760Kb used=328Kb max_used=328Kb free=245431Kb
 bounds [0x0000000002970000, 0x0000000002be0000, 0x0000000011970000]
 total_blobs=57 nmethods=0 adapters=38
 compilation: enabled

Compilation events (0 events):
No events

GC Heap History (0 events):
No events

Deoptimization events (0 events):
No events

Internal exceptions (0 events):
No events

Events (10 events):
Event: 0.106 loading class java/lang/Short
Event: 0.106 loading class java/lang/Short done
Event: 0.106 loading class java/lang/Integer
Event: 0.108 loading class java/lang/Integer done
Event: 0.108 loading class java/lang/Long
Event: 0.108 loading class java/lang/Long done
Event: 0.110 loading class java/lang/NullPointerException
Event: 0.111 loading class java/lang/NullPointerException done
Event: 0.111 loading class java/lang/ArithmeticException
Event: 0.111 loading class java/lang/ArithmeticException done


Dynamic libraries:
0x00007ff70d1a0000 - 0x00007ff70d1d1000 	D:\Android\AndroidStudio\jre\bin\java.exe
0x00007ffea56e0000 - 0x00007ffea588d000 	C:\WINDOWS\SYSTEM32\ntdll.dll
0x00007ffea52d0000 - 0x00007ffea540e000 	C:\WINDOWS\system32\KERNEL32.DLL
0x00007ffea28d0000 - 0x00007ffea29e5000 	C:\WINDOWS\system32\KERNELBASE.dll
0x00007ffea3210000 - 0x00007ffea32ba000 	C:\WINDOWS\system32\ADVAPI32.dll
0x00007ffea3030000 - 0x00007ffea31a7000 	C:\WINDOWS\system32\USER32.dll
0x00007ffea05a0000 - 0x00007ffea081a000 	C:\WINDOWS\WinSxS\amd64_microsoft.windows.common-controls_6595b64144ccf1df_6.0.9600.17810_none_6240b9c7ecbd0bda\COMCTL32.dll
0x00007ffea5630000 - 0x00007ffea56da000 	C:\WINDOWS\system32\msvcrt.dll
0x00007ffea31b0000 - 0x00007ffea3209000 	C:\WINDOWS\SYSTEM32\sechost.dll
0x00007ffea2e20000 - 0x00007ffea2f60000 	C:\WINDOWS\system32\RPCRT4.dll
0x00007ffea4f60000 - 0x00007ffea50af000 	C:\WINDOWS\system32\GDI32.dll
0x00007ffea2ce0000 - 0x00007ffea2d0e000 	C:\WINDOWS\system32\SspiCli.dll
0x00007ffea3390000 - 0x00007ffea33c6000 	C:\WINDOWS\system32\IMM32.DLL
0x00007ffea33d0000 - 0x00007ffea3522000 	C:\WINDOWS\system32\MSCTF.dll
0x0000000050560000 - 0x0000000050632000 	D:\Android\AndroidStudio\jre\jre\bin\msvcr100.dll
0x0000000050720000 - 0x0000000050f54000 	D:\Android\AndroidStudio\jre\jre\bin\server\jvm.dll
0x00007ffe98c80000 - 0x00007ffe98c89000 	C:\WINDOWS\SYSTEM32\WSOCK32.dll
0x00007ffe92e90000 - 0x00007ffe92eb2000 	C:\WINDOWS\SYSTEM32\WINMM.dll
0x00007ffe9b960000 - 0x00007ffe9b96a000 	C:\WINDOWS\SYSTEM32\VERSION.dll
0x00007ffea3770000 - 0x00007ffea3777000 	C:\WINDOWS\system32\PSAPI.DLL
0x00007ffea3530000 - 0x00007ffea358a000 	C:\WINDOWS\system32\WS2_32.dll
0x00007ffe92df0000 - 0x00007ffe92e1a000 	C:\WINDOWS\SYSTEM32\WINMMBASE.dll
0x00007ffea3590000 - 0x00007ffea3599000 	C:\WINDOWS\system32\NSI.dll
0x00007ffea2d10000 - 0x00007ffea2d5f000 	C:\WINDOWS\SYSTEM32\cfgmgr32.dll
0x00007ffea1630000 - 0x00007ffea1658000 	C:\WINDOWS\SYSTEM32\DEVOBJ.dll
0x00007ffe9ec20000 - 0x00007ffe9ec2f000 	D:\Android\AndroidStudio\jre\jre\bin\verify.dll
0x00007ffe8d680000 - 0x00007ffe8d6a9000 	D:\Android\AndroidStudio\jre\jre\bin\java.dll
0x00007ffe94de0000 - 0x00007ffe94df6000 	D:\Android\AndroidStudio\jre\jre\bin\zip.dll

VM Arguments:
jvm_args: -Djava.awt.headless=true -Xmx1024M -Dfile.encoding=windows-1252 -Duser.country=US -Duser.language=en -Duser.variant 
java_command: com.android.dx.command.Main --dex --force-jumbo --num-threads=4 --multi-dex --output D:\Mozilla Downloads\and-nd-firebase-1.00-starting-point\app\build\intermediates\transforms\dex\debug\folders\1000\10\com.android.support-support-core-utils-24.2.0_f10e1557771fe0477112bf17cf365250096d4727 D:\Mozilla Downloads\and-nd-firebase-1.00-starting-point\app\build\intermediates\exploded-aar\com.android.support\support-core-utils\24.2.0\jars\classes.jar
java_class_path (initial): D:\Android\sdk\build-tools\24.0.1\lib\dx.jar
Launcher Type: SUN_STANDARD

Environment Variables:
PATH=C:\ProgramData\Oracle\Java\javapath;C:\Program Files (x86)\Intel\iCLS Client\;C:\Program Files\Intel\iCLS Client\;C:\WINDOWS\system32;C:\WINDOWS;C:\WINDOWS\System32\Wbem;C:\WINDOWS\System32\WindowsPowerShell\v1.0\;C:\Program Files\Intel\Intel(R) Management Engine Components\DAL;C:\Program Files (x86)\Intel\Intel(R) Management Engine Components\DAL;C:\Program Files\Intel\Intel(R) Management Engine Components\IPT;C:\Program Files (x86)\Intel\Intel(R) Management Engine Components\IPT;C:\Program Files (x86)\Skype\Phone\
USERNAME=Hamid-PC
OS=Windows_NT
PROCESSOR_IDENTIFIER=Intel64 Family 6 Model 61 Stepping 4, GenuineIntel



---------------  S Y S T E M  ---------------

OS: Windows 8.1 , 64 bit Build 9600 (6.3.9600.17415)

CPU:total 4 (2 cores per cpu, 2 threads per core) family 6 model 61 stepping 4, cmov, cx8, fxsr, mmx, sse, sse2, sse3, ssse3, sse4.1, sse4.2, popcnt, avx, avx2, aes, clmul, erms, 3dnowpref, lzcnt, ht, tsc, tscinvbit, bmi1, bmi2, adx

Memory: 4k page, physical 4107980k(96560k free), swap 6650136k(5412k free)

vm_info: OpenJDK 64-Bit Server VM (25.76-b03) for windows-amd64 JRE (1.8.0_76-release-b03), built on Jun 29 2016 19:09:20 by "ralucas" with MS VC++ 10.0 (VS2010)

time: Thu Dec 15 16:09:10 2016
elapsed time: 0 seconds (0d 0h 0m 0s)

