#
# There is insufficient memory for the Java Runtime Environment to continue.
# Native memory allocation (malloc) failed to allocate 2337936 bytes for Chunk::new
# Possible reasons:
#   The system is out of physical RAM or swap space
#   In 32 bit mode, the process size limit was hit
# Possible solutions:
#   Reduce memory load on the system
#   Increase physical memory or swap space
#   Check if swap backing store is full
#   Use 64 bit Java on a 64 bit OS
#   Decrease Java heap size (-Xmx/-Xms)
#   Decrease number of Java threads
#   Decrease Java thread stack sizes (-Xss)
#   Set larger code cache with -XX:ReservedCodeCacheSize=
# This output file may be truncated or incomplete.
#
#  Out of Memory Error (allocation.cpp:390), pid=3068, tid=0x000000000000163c
#
# JRE version: OpenJDK Runtime Environment (8.0_76-b03) (build 1.8.0_76-release-b03)
# Java VM: OpenJDK 64-Bit Server VM (25.76-b03 mixed mode windows-amd64 compressed oops)
# Failed to write core dump. Minidumps are not enabled by default on client versions of Windows
#

---------------  T H R E A D  ---------------

Current thread (0x0000000014e4a800):  JavaThread "C2 CompilerThread0" daemon [_thread_in_native, id=5692, stack(0x0000000016490000,0x0000000016590000)]

Stack: [0x0000000016490000,0x0000000016590000]
[error occurred during error reporting (printing stack bounds), id 0xc0000005]

Native frames: (J=compiled Java code, j=interpreted, Vv=VM code, C=native code)


Current CompileTask:
C2:  18768 1716   !   4       com.android.dx.cf.cst.ConstantPoolParser::parse0 (731 bytes)


---------------  P R O C E S S  ---------------

Java Threads: ( => current thread )
  0x0000000016a02000 JavaThread "pool-2-thread-4" [_thread_in_vm, id=2540, stack(0x0000000017190000,0x0000000017290000)]
  0x0000000016a55800 JavaThread "pool-2-thread-3" [_thread_blocked, id=1140, stack(0x0000000017090000,0x0000000017190000)]
  0x00000000169fd800 JavaThread "pool-2-thread-2" [_thread_in_Java, id=4872, stack(0x0000000016f90000,0x0000000017090000)]
  0x00000000169fd000 JavaThread "pool-3-thread-1" [_thread_blocked, id=2340, stack(0x0000000016e90000,0x0000000016f90000)]
  0x0000000016a4f000 JavaThread "pool-2-thread-1" [_thread_blocked, id=3056, stack(0x0000000016d90000,0x0000000016e90000)]
  0x0000000014eae800 JavaThread "Service Thread" daemon [_thread_blocked, id=2420, stack(0x0000000016b90000,0x0000000016c90000)]
  0x0000000014eaa800 JavaThread "C1 CompilerThread2" daemon [_thread_blocked, id=4664, stack(0x0000000016690000,0x0000000016790000)]
  0x0000000014ea4000 JavaThread "C2 CompilerThread1" daemon [_thread_in_native, id=5968, stack(0x0000000016590000,0x0000000016690000)]
=>0x0000000014e4a800 JavaThread "C2 CompilerThread0" daemon [_thread_in_native, id=5692, stack(0x0000000016490000,0x0000000016590000)]
  0x0000000014e49000 JavaThread "Attach Listener" daemon [_thread_blocked, id=5892, stack(0x0000000016390000,0x0000000016490000)]
  0x0000000014e47800 JavaThread "Signal Dispatcher" daemon [_thread_blocked, id=148, stack(0x0000000016290000,0x0000000016390000)]
  0x0000000014e38000 JavaThread "Finalizer" daemon [_thread_blocked, id=4124, stack(0x00000000160b0000,0x00000000161b0000)]
  0x00000000026af000 JavaThread "Reference Handler" daemon [_thread_blocked, id=144, stack(0x0000000015fb0000,0x00000000160b0000)]
  0x00000000025c0800 JavaThread "main" [_thread_in_Java, id=5488, stack(0x0000000002420000,0x0000000002520000)]

Other Threads:
  0x0000000014e15800 VMThread [stack: 0x0000000015eb0000,0x0000000015fb0000] [id=1200]
  0x0000000016790800 WatcherThread [stack: 0x0000000016c90000,0x0000000016d90000] [id=5088]

VM state:not at safepoint (normal execution)

VM Mutex/Monitor currently owned by a thread: None

Heap:
 PSYoungGen      total 35328K, used 30991K [0x00000000eab00000, 0x00000000ef000000, 0x0000000100000000)
  eden space 32768K, 86% used [0x00000000eab00000,0x00000000ec6c7ea0,0x00000000ecb00000)
  from space 2560K, 99% used [0x00000000ecb00000,0x00000000ecd7c038,0x00000000ecd80000)
  to   space 2560K, 0% used [0x00000000eed80000,0x00000000eed80000,0x00000000ef000000)
 ParOldGen       total 44032K, used 8500K [0x00000000c0000000, 0x00000000c2b00000, 0x00000000eab00000)
  object space 44032K, 19% used [0x00000000c0000000,0x00000000c084d350,0x00000000c2b00000)
 Metaspace       used 6165K, capacity 7088K, committed 7296K, reserved 1056768K
  class space    used 573K, capacity 616K, committed 640K, reserved 1048576K

Card table byte_map: [0x0000000011b40000,0x0000000011d50000] byte_map_base: 0x0000000011540000

Marking Bits: (ParMarkBitMap*) 0x0000000050ed9d00
 Begin Bits: [0x00000000122b0000, 0x00000000132b0000)
 End Bits:   [0x00000000132b0000, 0x00000000142b0000)

Polling page: 0x0000000002520000

CodeCache: size=245760Kb used=7468Kb max_used=7471Kb free=238291Kb
 bounds [0x0000000002780000, 0x0000000002ee0000, 0x0000000011780000]
 total_blobs=1961 nmethods=1693 adapters=181
 compilation: enabled

Compilation events (10 events):
Event: 18.312 Thread 0x0000000014eaa800 1734       3       java.util.zip.ZipFile$ZipFileInflaterInputStream::<init> (29 bytes)
Event: 18.312 Thread 0x0000000014eaa800 nmethod 1734 0x0000000002eb5950 code [0x0000000002eb5ac0, 0x0000000002eb5ca8]
Event: 18.312 Thread 0x0000000014eaa800 1735       3       java.util.zip.InflaterInputStream::<init> (79 bytes)
Event: 18.314 Thread 0x0000000014eaa800 nmethod 1735 0x0000000002ecf750 code [0x0000000002ecf900, 0x0000000002ecffd8]
Event: 18.355 Thread 0x0000000014ea4000 nmethod 1741 0x0000000002ed2890 code [0x0000000002ed3220, 0x0000000002ed3968]
Event: 18.355 Thread 0x0000000014ea4000 1740       4       com.android.dx.rop.code.Rops::ropFor (771 bytes)
Event: 18.485 Thread 0x0000000014eaa800 1745       3       com.android.dx.rop.code.Insn$BaseVisitor::visitThrowingInsn (1 bytes)
Event: 18.486 Thread 0x0000000014eaa800 nmethod 1745 0x0000000002ecf410 code [0x0000000002ecf560, 0x0000000002ecf6b0]
Event: 18.486 Thread 0x0000000014eaa800 1746       3       com.android.dx.dex.code.RopTranslator$LocalVariableAwareTranslationVisitor::visitThrowingInsn (11 bytes)
Event: 18.488 Thread 0x0000000014eaa800 nmethod 1746 0x0000000002ed1790 code [0x0000000002ed1980, 0x0000000002ed2328]

GC Heap History (6 events):
Event: 5.876 GC heap before
{Heap before GC invocations=1 (full 0):
 PSYoungGen      total 18944K, used 16384K [0x00000000eab00000, 0x00000000ec000000, 0x0000000100000000)
  eden space 16384K, 100% used [0x00000000eab00000,0x00000000ebb00000,0x00000000ebb00000)
  from space 2560K, 0% used [0x00000000ebd80000,0x00000000ebd80000,0x00000000ec000000)
  to   space 2560K, 0% used [0x00000000ebb00000,0x00000000ebb00000,0x00000000ebd80000)
 ParOldGen       total 44032K, used 0K [0x00000000c0000000, 0x00000000c2b00000, 0x00000000eab00000)
  object space 44032K, 0% used [0x00000000c0000000,0x00000000c0000000,0x00000000c2b00000)
 Metaspace       used 5657K, capacity 6704K, committed 6784K, reserved 1056768K
  class space    used 571K, capacity 616K, committed 640K, reserved 1048576K
Event: 6.137 GC heap after
Heap after GC invocations=1 (full 0):
 PSYoungGen      total 18944K, used 2538K [0x00000000eab00000, 0x00000000ed000000, 0x0000000100000000)
  eden space 16384K, 0% used [0x00000000eab00000,0x00000000eab00000,0x00000000ebb00000)
  from space 2560K, 99% used [0x00000000ebb00000,0x00000000ebd7aac8,0x00000000ebd80000)
  to   space 2560K, 0% used [0x00000000ecd80000,0x00000000ecd80000,0x00000000ed000000)
 ParOldGen       total 44032K, used 1270K [0x00000000c0000000, 0x00000000c2b00000, 0x00000000eab00000)
  object space 44032K, 2% used [0x00000000c0000000,0x00000000c013db20,0x00000000c2b00000)
 Metaspace       used 5657K, capacity 6704K, committed 6784K, reserved 1056768K
  class space    used 571K, capacity 616K, committed 640K, reserved 1048576K
}
Event: 8.442 GC heap before
{Heap before GC invocations=2 (full 0):
 PSYoungGen      total 18944K, used 18922K [0x00000000eab00000, 0x00000000ed000000, 0x0000000100000000)
  eden space 16384K, 100% used [0x00000000eab00000,0x00000000ebb00000,0x00000000ebb00000)
  from space 2560K, 99% used [0x00000000ebb00000,0x00000000ebd7aac8,0x00000000ebd80000)
  to   space 2560K, 0% used [0x00000000ecd80000,0x00000000ecd80000,0x00000000ed000000)
 ParOldGen       total 44032K, used 1270K [0x00000000c0000000, 0x00000000c2b00000, 0x00000000eab00000)
  object space 44032K, 2% used [0x00000000c0000000,0x00000000c013db20,0x00000000c2b00000)
 Metaspace       used 5930K, capacity 6896K, committed 7040K, reserved 1056768K
  class space    used 572K, capacity 616K, committed 640K, reserved 1048576K
Event: 8.720 GC heap after
Heap after GC invocations=2 (full 0):
 PSYoungGen      total 35328K, used 2544K [0x00000000eab00000, 0x00000000ed000000, 0x0000000100000000)
  eden space 32768K, 0% used [0x00000000eab00000,0x00000000eab00000,0x00000000ecb00000)
  from space 2560K, 99% used [0x00000000ecd80000,0x00000000ecffc028,0x00000000ed000000)
  to   space 2560K, 0% used [0x00000000ecb00000,0x00000000ecb00000,0x00000000ecd80000)
 ParOldGen       total 44032K, used 3165K [0x00000000c0000000, 0x00000000c2b00000, 0x00000000eab00000)
  object space 44032K, 7% used [0x00000000c0000000,0x00000000c03177a0,0x00000000c2b00000)
 Metaspace       used 5930K, capacity 6896K, committed 7040K, reserved 1056768K
  class space    used 572K, capacity 616K, committed 640K, reserved 1048576K
}
Event: 13.186 GC heap before
{Heap before GC invocations=3 (full 0):
 PSYoungGen      total 35328K, used 35312K [0x00000000eab00000, 0x00000000ed000000, 0x0000000100000000)
  eden space 32768K, 100% used [0x00000000eab00000,0x00000000ecb00000,0x00000000ecb00000)
  from space 2560K, 99% used [0x00000000ecd80000,0x00000000ecffc028,0x00000000ed000000)
  to   space 2560K, 0% used [0x00000000ecb00000,0x00000000ecb00000,0x00000000ecd80000)
 ParOldGen       total 44032K, used 3654K [0x00000000c0000000, 0x00000000c2b00000, 0x00000000eab00000)
  object space 44032K, 8% used [0x00000000c0000000,0x00000000c0391a28,0x00000000c2b00000)
 Metaspace       used 6111K, capacity 7088K, committed 7296K, reserved 1056768K
  class space    used 572K, capacity 616K, committed 640K, reserved 1048576K
Event: 13.582 GC heap after
Heap after GC invocations=3 (full 0):
 PSYoungGen      total 35328K, used 2544K [0x00000000eab00000, 0x00000000ef000000, 0x0000000100000000)
  eden space 32768K, 0% used [0x00000000eab00000,0x00000000eab00000,0x00000000ecb00000)
  from space 2560K, 99% used [0x00000000ecb00000,0x00000000ecd7c038,0x00000000ecd80000)
  to   space 2560K, 0% used [0x00000000eed80000,0x00000000eed80000,0x00000000ef000000)
 ParOldGen       total 44032K, used 8500K [0x00000000c0000000, 0x00000000c2b00000, 0x00000000eab00000)
  object space 44032K, 19% used [0x00000000c0000000,0x00000000c084d350,0x00000000c2b00000)
 Metaspace       used 6111K, capacity 7088K, committed 7296K, reserved 1056768K
  class space    used 572K, capacity 616K, committed 640K, reserved 1048576K
}

Deoptimization events (10 events):
Event: 13.654 Thread 0x0000000016a4f000 Uncommon trap: reason=unstable_if action=reinterpret pc=0x0000000002d33330 method=com.android.dx.dex.code.RopToDop.dopFor(Lcom/android/dx/rop/code/Insn;)Lcom/android/dx/dex/code/Dop; @ 747
Event: 15.153 Thread 0x00000000169fd800 Uncommon trap: reason=bimorphic action=maybe_recompile pc=0x0000000002d000fc method=com.android.dx.ssa.LiteralOpUpgrader.tryReplacingWithConstant(Lcom/android/dx/ssa/NormalSsaInsn;)Z @ 52
Event: 15.278 Thread 0x00000000025c0800 Uncommon trap: reason=bimorphic action=maybe_recompile pc=0x0000000002e211b8 method=com.android.dx.rop.code.Rops.opMoveResultPseudo(Lcom/android/dx/rop/type/TypeBearer;)Lcom/android/dx/rop/code/Rop; @ 7
Event: 15.280 Thread 0x00000000025c0800 Uncommon trap: reason=bimorphic action=maybe_recompile pc=0x0000000002d000fc method=com.android.dx.ssa.LiteralOpUpgrader.tryReplacingWithConstant(Lcom/android/dx/ssa/NormalSsaInsn;)Z @ 52
Event: 15.281 Thread 0x00000000025c0800 Uncommon trap: reason=bimorphic action=maybe_recompile pc=0x0000000002e211b8 method=com.android.dx.rop.code.Rops.opMoveResultPseudo(Lcom/android/dx/rop/type/TypeBearer;)Lcom/android/dx/rop/code/Rop; @ 7
Event: 15.281 Thread 0x00000000025c0800 Uncommon trap: reason=bimorphic action=maybe_recompile pc=0x0000000002e211b8 method=com.android.dx.rop.code.Rops.opMoveResultPseudo(Lcom/android/dx/rop/type/TypeBearer;)Lcom/android/dx/rop/code/Rop; @ 7
Event: 15.283 Thread 0x00000000025c0800 Uncommon trap: reason=bimorphic action=maybe_recompile pc=0x0000000002d000fc method=com.android.dx.ssa.LiteralOpUpgrader.tryReplacingWithConstant(Lcom/android/dx/ssa/NormalSsaInsn;)Z @ 52
Event: 15.283 Thread 0x00000000025c0800 Uncommon trap: reason=bimorphic action=maybe_recompile pc=0x0000000002d000fc method=com.android.dx.ssa.LiteralOpUpgrader.tryReplacingWithConstant(Lcom/android/dx/ssa/NormalSsaInsn;)Z @ 52
Event: 15.286 Thread 0x00000000025c0800 Uncommon trap: reason=bimorphic action=maybe_recompile pc=0x0000000002e211b8 method=com.android.dx.rop.code.Rops.opMoveResultPseudo(Lcom/android/dx/rop/type/TypeBearer;)Lcom/android/dx/rop/code/Rop; @ 7
Event: 16.392 Thread 0x0000000016a02000 Uncommon trap: reason=bimorphic action=maybe_recompile pc=0x0000000002e6124c method=com.android.dx.cf.code.RopperMachine.run(Lcom/android/dx/cf/code/Frame;II)V @ 310

Internal exceptions (2 events):
Event: 1.930 Thread 0x00000000025c0800 Exception <a 'java/lang/NoSuchMethodError': Method sun.misc.Unsafe.defineClass(Ljava/lang/String;[BII)Ljava/lang/Class; name or signature does not match> (0x00000000eab07cc0) thrown at [C:\src\android\AOSP-openjdk\external\jetbrains\jdk\hotspot\src\share\vэVъчаю?
Event: 1.930 Thread 0x00000000025c0800 Exception <a 'java/lang/NoSuchMethodError': Method sun.misc.Unsafe.prefetchRead(Ljava/lang/Object;J)V name or signature does not match> (0x00000000eab07fa8) thrown at [C:\src\android\AOSP-openjdk\external\jetbrains\jdk\hotspot\src\share\vm\prims\jni.cpp, l

Events (10 events):
Event: 15.286 Thread 0x00000000025c0800 DEOPT UNPACKING pc=0x00000000027c556a sp=0x000000000251dae8 mode 2
Event: 16.191 loading class com/android/dx/rop/code/RegisterSpec$1
Event: 16.191 loading class com/android/dx/rop/code/RegisterSpec$1 done
Event: 16.335 Thread 0x0000000016a02000 DEOPT PACKING pc=0x0000000002beb0ec sp=0x000000001728e2e0
Event: 16.335 Thread 0x0000000016a02000 DEOPT UNPACKING pc=0x00000000027c75bf sp=0x000000001728dff0 mode 0
Event: 16.392 Thread 0x0000000016a02000 Uncommon trap: trap_request=0xffffffc6 fr.pc=0x0000000002e6124c
Event: 16.392 Thread 0x0000000016a02000 DEOPT PACKING pc=0x0000000002e6124c sp=0x000000001728e050
Event: 16.392 Thread 0x0000000016a02000 DEOPT UNPACKING pc=0x00000000027c556a sp=0x000000001728e020 mode 2
Event: 16.442 Thread 0x0000000016a55800 DEOPT PACKING pc=0x0000000002c10bd1 sp=0x000000001718ea40
Event: 16.442 Thread 0x0000000016a55800 DEOPT UNPACKING pc=0x00000000027c75bf sp=0x000000001718e870 mode 0


Dynamic libraries:
0x00007ff647d40000 - 0x00007ff647d71000 	D:\Android\AndroidStudio\jre\bin\java.exe
0x00007ffea56e0000 - 0x00007ffea588d000 	C:\WINDOWS\SYSTEM32\ntdll.dll
0x00007ffea52d0000 - 0x00007ffea540e000 	C:\WINDOWS\system32\KERNEL32.DLL
0x00007ffea28d0000 - 0x00007ffea29e5000 	C:\WINDOWS\system32\KERNELBASE.dll
0x00007ffea3210000 - 0x00007ffea32ba000 	C:\WINDOWS\system32\ADVAPI32.dll
0x00007ffea3030000 - 0x00007ffea31a7000 	C:\WINDOWS\system32\USER32.dll
0x00007ffea05a0000 - 0x00007ffea081a000 	C:\WINDOWS\WinSxS\amd64_microsoft.windows.common-controls_6595b64144ccf1df_6.0.9600.17810_none_6240b9c7ecbd0bda\COMCTL32.dll
0x00007ffea5630000 - 0x00007ffea56da000 	C:\WINDOWS\system32\msvcrt.dll
0x00007ffea31b0000 - 0x00007ffea3209000 	C:\WINDOWS\SYSTEM32\sechost.dll
0x00007ffea2e20000 - 0x00007ffea2f60000 	C:\WINDOWS\system32\RPCRT4.dll
0x00007ffea4f60000 - 0x00007ffea50af000 	C:\WINDOWS\system32\GDI32.dll
0x00007ffea2ce0000 - 0x00007ffea2d0e000 	C:\WINDOWS\system32\SspiCli.dll
0x00007ffea3390000 - 0x00007ffea33c6000 	C:\WINDOWS\system32\IMM32.DLL
0x00007ffea33d0000 - 0x00007ffea3522000 	C:\WINDOWS\system32\MSCTF.dll
0x0000000050530000 - 0x0000000050602000 	D:\Android\AndroidStudio\jre\jre\bin\msvcr100.dll
0x0000000050720000 - 0x0000000050f54000 	D:\Android\AndroidStudio\jre\jre\bin\server\jvm.dll
0x00007ffe98c80000 - 0x00007ffe98c89000 	C:\WINDOWS\SYSTEM32\WSOCK32.dll
0x00007ffe92e90000 - 0x00007ffe92eb2000 	C:\WINDOWS\SYSTEM32\WINMM.dll
0x00007ffe9b960000 - 0x00007ffe9b96a000 	C:\WINDOWS\SYSTEM32\VERSION.dll
0x00007ffea3770000 - 0x00007ffea3777000 	C:\WINDOWS\system32\PSAPI.DLL
0x00007ffea3530000 - 0x00007ffea358a000 	C:\WINDOWS\system32\WS2_32.dll
0x00007ffe92df0000 - 0x00007ffe92e1a000 	C:\WINDOWS\SYSTEM32\WINMMBASE.dll
0x00007ffea3590000 - 0x00007ffea3599000 	C:\WINDOWS\system32\NSI.dll
0x00007ffea2d10000 - 0x00007ffea2d5f000 	C:\WINDOWS\SYSTEM32\cfgmgr32.dll
0x00007ffea1630000 - 0x00007ffea1658000 	C:\WINDOWS\SYSTEM32\DEVOBJ.dll
0x00007ffe9ec20000 - 0x00007ffe9ec2f000 	D:\Android\AndroidStudio\jre\jre\bin\verify.dll
0x00007ffe8d680000 - 0x00007ffe8d6a9000 	D:\Android\AndroidStudio\jre\jre\bin\java.dll
0x00007ffe94de0000 - 0x00007ffe94df6000 	D:\Android\AndroidStudio\jre\jre\bin\zip.dll
0x00007ffea3a30000 - 0x00007ffea4f58000 	C:\WINDOWS\system32\SHELL32.dll
0x00007ffea50b0000 - 0x00007ffea52c1000 	C:\WINDOWS\SYSTEM32\combase.dll
0x00007ffea2f60000 - 0x00007ffea2fb4000 	C:\WINDOWS\system32\SHLWAPI.dll
0x00007ffea0eb0000 - 0x00007ffea0f62000 	C:\WINDOWS\SYSTEM32\SHCORE.dll
0x00007ffea2800000 - 0x00007ffea2815000 	C:\WINDOWS\SYSTEM32\profapi.dll

VM Arguments:
jvm_args: -Djava.awt.headless=true -Xmx1024M -Dfile.encoding=windows-1252 -Duser.country=US -Duser.language=en -Duser.variant 
java_command: com.android.dx.command.Main --dex --force-jumbo --num-threads=4 --multi-dex --output D:\Mozilla Downloads\and-nd-firebase-1.00-starting-point\app\build\intermediates\transforms\dex\debug\folders\1000\10\com.google.android.gms-play-services-basement-10.0.1_d794567ba2c46a365faa01d3c8576402352f417d D:\Mozilla Downloads\and-nd-firebase-1.00-starting-point\app\build\intermediates\exploded-aar\com.google.android.gms\play-services-basement\10.0.1\jars\classes.jar
java_class_path (initial): D:\Android\sdk\build-tools\24.0.1\lib\dx.jar
Launcher Type: SUN_STANDARD

Environment Variables:
PATH=C:\ProgramData\Oracle\Java\javapath;C:\Program Files (x86)\Intel\iCLS Client\;C:\Program Files\Intel\iCLS Client\;C:\WINDOWS\system32;C:\WINDOWS;C:\WINDOWS\System32\Wbem;C:\WINDOWS\System32\WindowsPowerShell\v1.0\;C:\Program Files\Intel\Intel(R) Management Engine Components\DAL;C:\Program Files (x86)\Intel\Intel(R) Management Engine Components\DAL;C:\Program Files\Intel\Intel(R) Management Engine Components\IPT;C:\Program Files (x86)\Intel\Intel(R) Management Engine Components\IPT;C:\Program Files (x86)\Skype\Phone\
USERNAME=Hamid-PC
OS=Windows_NT
PROCESSOR_IDENTIFIER=Intel64 Family 6 Model 61 Stepping 4, GenuineIntel



---------------  S Y S T E M  ---------------

OS: Windows 8.1 , 64 bit Build 9600 (6.3.9600.17415)

CPU:total 4 (2 cores per cpu, 2 threads per core) family 6 model 61 stepping 4, cmov, cx8, fxsr, mmx, sse, sse2, sse3, ssse3, sse4.1, sse4.2, popcnt, avx, avx2, aes, clmul, erms, 3dnowpref, lzcnt, ht, tsc, tscinvbit, bmi1, bmi2, adx

Memory: 4k page, physical 4107980k(155932k free), swap 6650136k(6512k free)

vm_info: OpenJDK 64-Bit Server VM (25.76-b03) for windows-amd64 JRE (1.8.0_76-release-b03), built on Jun 29 2016 19:09:20 by "ralucas" with MS VC++ 10.0 (VS2010)

time: Thu Dec 15 23:35:20 2016
elapsed time: 18 seconds (0d 0h 0m 18s)

