#
# There is insufficient memory for the Java Runtime Environment to continue.
# Native memory allocation (malloc) failed to allocate 320736 bytes for Chunk::new
# Possible reasons:
#   The system is out of physical RAM or swap space
#   In 32 bit mode, the process size limit was hit
# Possible solutions:
#   Reduce memory load on the system
#   Increase physical memory or swap space
#   Check if swap backing store is full
#   Use 64 bit Java on a 64 bit OS
#   Decrease Java heap size (-Xmx/-Xms)
#   Decrease number of Java threads
#   Decrease Java thread stack sizes (-Xss)
#   Set larger code cache with -XX:ReservedCodeCacheSize=
# This output file may be truncated or incomplete.
#
#  Out of Memory Error (allocation.cpp:390), pid=5312, tid=0x0000000000001458
#
# JRE version: OpenJDK Runtime Environment (8.0_76-b03) (build 1.8.0_76-release-b03)
# Java VM: OpenJDK 64-Bit Server VM (25.76-b03 mixed mode windows-amd64 compressed oops)
# Failed to write core dump. Minidumps are not enabled by default on client versions of Windows
#

---------------  T H R E A D  ---------------

Current thread (0x000000001544c000):  JavaThread "C2 CompilerThread0" daemon [_thread_in_native, id=5208, stack(0x0000000016a90000,0x0000000016b90000)]

Stack: [0x0000000016a90000,0x0000000016b90000]
[error occurred during error reporting (printing stack bounds), id 0xc0000005]

Native frames: (J=compiled Java code, j=interpreted, Vv=VM code, C=native code)


Current CompileTask:
C2:   3552 1271       4       com.android.dx.ssa.SsaMethod::computeReachability (131 bytes)


---------------  P R O C E S S  ---------------

Java Threads: ( => current thread )
  0x0000000016f96800 JavaThread "pool-2-thread-4" [_thread_in_Java, id=1964, stack(0x0000000017790000,0x0000000017890000)]
  0x0000000016f15000 JavaThread "pool-2-thread-3" [_thread_blocked, id=3356, stack(0x0000000017690000,0x0000000017790000)]
  0x0000000016f14000 JavaThread "pool-2-thread-2" [_thread_blocked, id=5288, stack(0x0000000017590000,0x0000000017690000)]
  0x0000000016fc1000 JavaThread "pool-3-thread-1" [_thread_blocked, id=4256, stack(0x0000000017490000,0x0000000017590000)]
  0x0000000016fc0800 JavaThread "pool-2-thread-1" [_thread_blocked, id=2068, stack(0x0000000017390000,0x0000000017490000)]
  0x0000000016d90800 JavaThread "Service Thread" daemon [_thread_blocked, id=2824, stack(0x0000000017190000,0x0000000017290000)]
  0x00000000154ab800 JavaThread "C1 CompilerThread2" daemon [_thread_blocked, id=5404, stack(0x0000000016c90000,0x0000000016d90000)]
  0x00000000154a5800 JavaThread "C2 CompilerThread1" daemon [_thread_in_native, id=5892, stack(0x0000000016b90000,0x0000000016c90000)]
=>0x000000001544c000 JavaThread "C2 CompilerThread0" daemon [_thread_in_native, id=5208, stack(0x0000000016a90000,0x0000000016b90000)]
  0x000000001544b000 JavaThread "Attach Listener" daemon [_thread_blocked, id=1108, stack(0x0000000016990000,0x0000000016a90000)]
  0x000000001544a000 JavaThread "Signal Dispatcher" daemon [_thread_blocked, id=4424, stack(0x0000000016890000,0x0000000016990000)]
  0x0000000015436800 JavaThread "Finalizer" daemon [_thread_blocked, id=3700, stack(0x00000000166b0000,0x00000000167b0000)]
  0x0000000002d70800 JavaThread "Reference Handler" daemon [_thread_blocked, id=3544, stack(0x00000000165b0000,0x00000000166b0000)]
  0x0000000002c80800 JavaThread "main" [_thread_blocked, id=5572, stack(0x0000000002ac0000,0x0000000002bc0000)]

Other Threads:
  0x0000000015414800 VMThread [stack: 0x00000000164b0000,0x00000000165b0000] [id=3164]
  0x0000000016d91000 WatcherThread [stack: 0x0000000017290000,0x0000000017390000] [id=6112]

VM state:not at safepoint (normal execution)

VM Mutex/Monitor currently owned by a thread: None

Heap:
 PSYoungGen      total 18944K, used 8874K [0x00000000eab00000, 0x00000000ec000000, 0x0000000100000000)
  eden space 16384K, 38% used [0x00000000eab00000,0x00000000eb12fde0,0x00000000ebb00000)
  from space 2560K, 99% used [0x00000000ebd80000,0x00000000ebffaaa0,0x00000000ec000000)
  to   space 2560K, 0% used [0x00000000ebb00000,0x00000000ebb00000,0x00000000ebd80000)
 ParOldGen       total 44032K, used 3315K [0x00000000c0000000, 0x00000000c2b00000, 0x00000000eab00000)
  object space 44032K, 7% used [0x00000000c0000000,0x00000000c033cd80,0x00000000c2b00000)
 Metaspace       used 5834K, capacity 6960K, committed 7040K, reserved 1056768K
  class space    used 562K, capacity 616K, committed 640K, reserved 1048576K

Card table byte_map: [0x0000000012140000,0x0000000012350000] byte_map_base: 0x0000000011b40000

Marking Bits: (ParMarkBitMap*) 0x0000000069db9d00
 Begin Bits: [0x00000000128b0000, 0x00000000138b0000)
 End Bits:   [0x00000000138b0000, 0x00000000148b0000)

Polling page: 0x00000000012c0000

CodeCache: size=245760Kb used=5162Kb max_used=5162Kb free=240597Kb
 bounds [0x0000000002d80000, 0x0000000003290000, 0x0000000011d80000]
 total_blobs=1552 nmethods=1289 adapters=176
 compilation: disabled (not enough contiguous free space left)

Compilation events (10 events):
Event: 3.505 Thread 0x00000000154ab800 nmethod 1292 0x00000000032885d0 code [0x0000000003288720, 0x00000000032888d0]
Event: 3.505 Thread 0x00000000154ab800 1293   !   3       java.lang.ref.Finalizer::remove (94 bytes)
Event: 3.506 Thread 0x00000000154ab800 nmethod 1293 0x0000000003288950 code [0x0000000003288ac0, 0x0000000003288f90]
Event: 3.506 Thread 0x00000000154ab800 1294       3       java.lang.System$2::invokeFinalize (5 bytes)
Event: 3.507 Thread 0x00000000154ab800 nmethod 1294 0x00000000032890d0 code [0x0000000003289240, 0x0000000003289468]
Event: 3.507 Thread 0x00000000154ab800 1295       3       java.lang.ref.Reference::clear (6 bytes)
Event: 3.507 Thread 0x00000000154ab800 nmethod 1295 0x0000000003289510 code [0x0000000003289660, 0x00000000032897d0]
Event: 3.507 Thread 0x00000000154ab800 1286       3       java.util.zip.ZipFile$ZipFileInflaterInputStream::finalize (5 bytes)
Event: 3.507 Thread 0x00000000154ab800 nmethod 1286 0x0000000003289850 code [0x00000000032899c0, 0x0000000003289b68]
Event: 3.507 Thread 0x00000000154ab800 1299       3       com.android.dx.ssa.SsaBasicBlock::addMoveToEnd (172 bytes)

GC Heap History (4 events):
Event: 2.315 GC heap before
{Heap before GC invocations=1 (full 0):
 PSYoungGen      total 18944K, used 16384K [0x00000000eab00000, 0x00000000ec000000, 0x0000000100000000)
  eden space 16384K, 100% used [0x00000000eab00000,0x00000000ebb00000,0x00000000ebb00000)
  from space 2560K, 0% used [0x00000000ebd80000,0x00000000ebd80000,0x00000000ec000000)
  to   space 2560K, 0% used [0x00000000ebb00000,0x00000000ebb00000,0x00000000ebd80000)
 ParOldGen       total 44032K, used 0K [0x00000000c0000000, 0x00000000c2b00000, 0x00000000eab00000)
  object space 44032K, 0% used [0x00000000c0000000,0x00000000c0000000,0x00000000c2b00000)
 Metaspace       used 5568K, capacity 6768K, committed 7040K, reserved 1056768K
  class space    used 558K, capacity 616K, committed 640K, reserved 1048576K
Event: 2.421 GC heap after
Heap after GC invocations=1 (full 0):
 PSYoungGen      total 18944K, used 2551K [0x00000000eab00000, 0x00000000ec000000, 0x0000000100000000)
  eden space 16384K, 0% used [0x00000000eab00000,0x00000000eab00000,0x00000000ebb00000)
  from space 2560K, 99% used [0x00000000ebb00000,0x00000000ebd7dc80,0x00000000ebd80000)
  to   space 2560K, 0% used [0x00000000ebd80000,0x00000000ebd80000,0x00000000ec000000)
 ParOldGen       total 44032K, used 1772K [0x00000000c0000000, 0x00000000c2b00000, 0x00000000eab00000)
  object space 44032K, 4% used [0x00000000c0000000,0x00000000c01bb2f8,0x00000000c2b00000)
 Metaspace       used 5568K, capacity 6768K, committed 7040K, reserved 1056768K
  class space    used 558K, capacity 616K, committed 640K, reserved 1048576K
}
Event: 3.409 GC heap before
{Heap before GC invocations=2 (full 0):
 PSYoungGen      total 18944K, used 18935K [0x00000000eab00000, 0x00000000ec000000, 0x0000000100000000)
  eden space 16384K, 100% used [0x00000000eab00000,0x00000000ebb00000,0x00000000ebb00000)
  from space 2560K, 99% used [0x00000000ebb00000,0x00000000ebd7dc80,0x00000000ebd80000)
  to   space 2560K, 0% used [0x00000000ebd80000,0x00000000ebd80000,0x00000000ec000000)
 ParOldGen       total 44032K, used 1772K [0x00000000c0000000, 0x00000000c2b00000, 0x00000000eab00000)
  object space 44032K, 4% used [0x00000000c0000000,0x00000000c01bb2f8,0x00000000c2b00000)
 Metaspace       used 5816K, capacity 6960K, committed 7040K, reserved 1056768K
  class space    used 561K, capacity 616K, committed 640K, reserved 1048576K
Event: 3.492 GC heap after
Heap after GC invocations=2 (full 0):
 PSYoungGen      total 18944K, used 2538K [0x00000000eab00000, 0x00000000ec000000, 0x0000000100000000)
  eden space 16384K, 0% used [0x00000000eab00000,0x00000000eab00000,0x00000000ebb00000)
  from space 2560K, 99% used [0x00000000ebd80000,0x00000000ebffaaa0,0x00000000ec000000)
  to   space 2560K, 0% used [0x00000000ebb00000,0x00000000ebb00000,0x00000000ebd80000)
 ParOldGen       total 44032K, used 3315K [0x00000000c0000000, 0x00000000c2b00000, 0x00000000eab00000)
  object space 44032K, 7% used [0x00000000c0000000,0x00000000c033cd80,0x00000000c2b00000)
 Metaspace       used 5816K, capacity 6960K, committed 7040K, reserved 1056768K
  class space    used 561K, capacity 616K, committed 640K, reserved 1048576K
}

Deoptimization events (10 events):
Event: 2.477 Thread 0x0000000016f96800 Uncommon trap: reason=class_check action=maybe_recompile pc=0x0000000003077e78 method=com.android.dx.rop.type.Type.equals(Ljava/lang/Object;)Z @ 8
Event: 2.477 Thread 0x0000000016f96800 Uncommon trap: reason=class_check action=maybe_recompile pc=0x0000000003077e78 method=com.android.dx.rop.type.Type.equals(Ljava/lang/Object;)Z @ 8
Event: 2.511 Thread 0x0000000016f96800 Uncommon trap: reason=unstable_if action=reinterpret pc=0x00000000030d239c method=com.android.dx.rop.cst.Constant.compareTo(Lcom/android/dx/rop/cst/Constant;)I @ 12
Event: 2.512 Thread 0x0000000016f96800 Uncommon trap: reason=bimorphic action=maybe_recompile pc=0x00000000030ed454 method=java.util.HashMap.getNode(ILjava/lang/Object;)Ljava/util/HashMap$Node; @ 126
Event: 2.512 Thread 0x0000000016f96800 Uncommon trap: reason=bimorphic action=maybe_recompile pc=0x00000000030ed454 method=java.util.HashMap.getNode(ILjava/lang/Object;)Ljava/util/HashMap$Node; @ 126
Event: 2.535 Thread 0x0000000016f14000 Uncommon trap: reason=class_check action=maybe_recompile pc=0x00000000030a0ddc method=com.android.dx.rop.type.Type.equals(Ljava/lang/Object;)Z @ 8
Event: 2.537 Thread 0x0000000016f14000 Uncommon trap: reason=class_check action=maybe_recompile pc=0x0000000003078c68 method=com.android.dx.rop.type.Type.equals(Ljava/lang/Object;)Z @ 8
Event: 2.559 Thread 0x0000000016f14000 Uncommon trap: reason=class_check action=maybe_recompile pc=0x0000000003077e78 method=com.android.dx.rop.type.Type.equals(Ljava/lang/Object;)Z @ 8
Event: 2.821 Thread 0x0000000002c80800 Uncommon trap: reason=unstable_if action=reinterpret pc=0x00000000030d59ec method=com.android.dx.rop.code.RegisterSpecSet.put(Lcom/android/dx/rop/code/RegisterSpec;)V @ 77
Event: 2.821 Thread 0x0000000002c80800 Uncommon trap: reason=unstable_if action=reinterpret pc=0x00000000030df028 method=com.android.dx.rop.code.RegisterSpecSet.put(Lcom/android/dx/rop/code/RegisterSpec;)V @ 77

Internal exceptions (3 events):
Event: 0.133 Thread 0x0000000002c80800 Exception <a 'java/lang/NoSuchMethodError': Method sun.misc.Unsafe.defineClass(Ljava/lang/String;[BII)Ljava/lang/Class; name or signature does not match> (0x00000000eab07cc0) thrown at [C:\src\android\AOSP-openjdk\external\jetbrains\jdk\hotspot\src\share\vš‚^4ýÀ?
Event: 0.133 Thread 0x0000000002c80800 Exception <a 'java/lang/NoSuchMethodError': Method sun.misc.Unsafe.prefetchRead(Ljava/lang/Object;J)V name or signature does not match> (0x00000000eab07fa8) thrown at [C:\src\android\AOSP-openjdk\external\jetbrains\jdk\hotspot\src\share\vm\prims\jni.cpp, l•N³®•@
Event: 2.198 Thread 0x0000000016f15000 Implicit null exception at 0x00000000030798a2 to 0x00000000030799a9

Events (10 events):
Event: 2.821 Thread 0x0000000002c80800 DEOPT UNPACKING pc=0x0000000002dc556a sp=0x0000000002bbe3d8 mode 2
Event: 2.821 Thread 0x0000000002c80800 Uncommon trap: trap_request=0xffffff65 fr.pc=0x00000000030df028
Event: 2.821 Thread 0x0000000002c80800 DEOPT PACKING pc=0x00000000030df028 sp=0x0000000002bbe440
Event: 2.821 Thread 0x0000000002c80800 DEOPT UNPACKING pc=0x0000000002dc556a sp=0x0000000002bbe360 mode 2
Event: 3.074 loading class com/android/dx/dex/file/FieldAnnotationStruct
Event: 3.074 loading class com/android/dx/dex/file/FieldAnnotationStruct done
Event: 3.304 Executing VM operation: ParallelGCFailedAllocation
Event: 3.492 Executing VM operation: ParallelGCFailedAllocation done
Event: 3.500 loading class com/android/dx/cf/attrib/AttExceptions
Event: 3.500 loading class com/android/dx/cf/attrib/AttExceptions done


Dynamic libraries:
0x00007ff766640000 - 0x00007ff766671000 	D:\Android\AndroidStudio\jre\bin\java.exe
0x00007ffb46030000 - 0x00007ffb461dd000 	C:\WINDOWS\SYSTEM32\ntdll.dll
0x00007ffb44000000 - 0x00007ffb4413e000 	C:\WINDOWS\system32\KERNEL32.DLL
0x00007ffb43330000 - 0x00007ffb43445000 	C:\WINDOWS\system32\KERNELBASE.dll
0x00007ffb43980000 - 0x00007ffb43a2a000 	C:\WINDOWS\system32\ADVAPI32.dll
0x00007ffb43e10000 - 0x00007ffb43f87000 	C:\WINDOWS\system32\USER32.dll
0x00007ffb40df0000 - 0x00007ffb4106a000 	C:\WINDOWS\WinSxS\amd64_microsoft.windows.common-controls_6595b64144ccf1df_6.0.9600.17810_none_6240b9c7ecbd0bda\COMCTL32.dll
0x00007ffb436b0000 - 0x00007ffb4375a000 	C:\WINDOWS\system32\msvcrt.dll
0x00007ffb43a30000 - 0x00007ffb43a89000 	C:\WINDOWS\SYSTEM32\sechost.dll
0x00007ffb44140000 - 0x00007ffb44280000 	C:\WINDOWS\system32\RPCRT4.dll
0x00007ffb45830000 - 0x00007ffb4597f000 	C:\WINDOWS\system32\GDI32.dll
0x00007ffb43630000 - 0x00007ffb4365e000 	C:\WINDOWS\system32\SspiCli.dll
0x00007ffb43af0000 - 0x00007ffb43b26000 	C:\WINDOWS\system32\IMM32.DLL
0x00007ffb45980000 - 0x00007ffb45ad2000 	C:\WINDOWS\system32\MSCTF.dll
0x0000000069520000 - 0x00000000695f2000 	D:\Android\AndroidStudio\jre\jre\bin\msvcr100.dll
0x0000000069600000 - 0x0000000069e34000 	D:\Android\AndroidStudio\jre\jre\bin\server\jvm.dll
0x00007ffb3a960000 - 0x00007ffb3a969000 	C:\WINDOWS\SYSTEM32\WSOCK32.dll
0x00007ffb39250000 - 0x00007ffb39272000 	C:\WINDOWS\SYSTEM32\WINMM.dll
0x00007ffb3c820000 - 0x00007ffb3c82a000 	C:\WINDOWS\SYSTEM32\VERSION.dll
0x00007ffb43e00000 - 0x00007ffb43e07000 	C:\WINDOWS\system32\PSAPI.DLL
0x00007ffb44280000 - 0x00007ffb442da000 	C:\WINDOWS\system32\WS2_32.dll
0x00007ffb39150000 - 0x00007ffb3917a000 	C:\WINDOWS\SYSTEM32\WINMMBASE.dll
0x00007ffb45820000 - 0x00007ffb45829000 	C:\WINDOWS\system32\NSI.dll
0x00007ffb43660000 - 0x00007ffb436af000 	C:\WINDOWS\SYSTEM32\cfgmgr32.dll
0x00007ffb41f70000 - 0x00007ffb41f98000 	C:\WINDOWS\SYSTEM32\DEVOBJ.dll
0x00007ffb3f0a0000 - 0x00007ffb3f0af000 	D:\Android\AndroidStudio\jre\jre\bin\verify.dll
0x00007ffb3bae0000 - 0x00007ffb3bb09000 	D:\Android\AndroidStudio\jre\jre\bin\java.dll
0x00007ffb3ec30000 - 0x00007ffb3ec46000 	D:\Android\AndroidStudio\jre\jre\bin\zip.dll
0x00007ffb442e0000 - 0x00007ffb45808000 	C:\WINDOWS\system32\SHELL32.dll
0x00007ffb43760000 - 0x00007ffb43971000 	C:\WINDOWS\SYSTEM32\combase.dll
0x00007ffb43a90000 - 0x00007ffb43ae4000 	C:\WINDOWS\system32\SHLWAPI.dll
0x00007ffb41790000 - 0x00007ffb41842000 	C:\WINDOWS\SYSTEM32\SHCORE.dll
0x00007ffb43150000 - 0x00007ffb43165000 	C:\WINDOWS\SYSTEM32\profapi.dll

VM Arguments:
jvm_args: -Djava.awt.headless=true -Xmx1024M -Dfile.encoding=windows-1252 -Duser.country=US -Duser.language=en -Duser.variant 
java_command: com.android.dx.command.Main --dex --force-jumbo --num-threads=4 --multi-dex --output D:\Mozilla Downloads\and-nd-firebase-1.00-starting-point\app\build\intermediates\transforms\dex\debug\folders\1000\10\com.android.support-transition-25.0.1_887257efa3d081f47435159adc8a10e9203d5d99 D:\Mozilla Downloads\and-nd-firebase-1.00-starting-point\app\build\intermediates\exploded-aar\com.android.support\transition\25.0.1\jars\classes.jar
java_class_path (initial): D:\Android\sdk\build-tools\24.0.1\lib\dx.jar
Launcher Type: SUN_STANDARD

Environment Variables:
PATH=C:\ProgramData\Oracle\Java\javapath;C:\Program Files (x86)\Intel\iCLS Client\;C:\Program Files\Intel\iCLS Client\;C:\WINDOWS\system32;C:\WINDOWS;C:\WINDOWS\System32\Wbem;C:\WINDOWS\System32\WindowsPowerShell\v1.0\;C:\Program Files\Intel\Intel(R) Management Engine Components\DAL;C:\Program Files (x86)\Intel\Intel(R) Management Engine Components\DAL;C:\Program Files\Intel\Intel(R) Management Engine Components\IPT;C:\Program Files (x86)\Intel\Intel(R) Management Engine Components\IPT;C:\Program Files\Microsoft SQL Server\110\Tools\Binn\
USERNAME=Hamid-PC
OS=Windows_NT
PROCESSOR_IDENTIFIER=Intel64 Family 6 Model 61 Stepping 4, GenuineIntel



---------------  S Y S T E M  ---------------

OS: Windows 8.1 , 64 bit Build 9600 (6.3.9600.17415)

CPU:total 4 (2 cores per cpu, 2 threads per core) family 6 model 61 stepping 4, cmov, cx8, fxsr, mmx, sse, sse2, sse3, ssse3, sse4.1, sse4.2, popcnt, avx, avx2, aes, clmul, erms, 3dnowpref, lzcnt, ht, tsc, tscinvbit, bmi1, bmi2, adx

Memory: 4k page, physical 4107980k(174584k free), swap 5209432k(5072k free)

vm_info: OpenJDK 64-Bit Server VM (25.76-b03) for windows-amd64 JRE (1.8.0_76-release-b03), built on Jun 29 2016 19:09:20 by "ralucas" with MS VC++ 10.0 (VS2010)

time: Thu Dec 22 18:34:27 2016
elapsed time: 3 seconds (0d 0h 0m 3s)

