#
# There is insufficient memory for the Java Runtime Environment to continue.
# Native memory allocation (malloc) failed to allocate 222576 bytes for Chunk::new
# Possible reasons:
#   The system is out of physical RAM or swap space
#   In 32 bit mode, the process size limit was hit
# Possible solutions:
#   Reduce memory load on the system
#   Increase physical memory or swap space
#   Check if swap backing store is full
#   Use 64 bit Java on a 64 bit OS
#   Decrease Java heap size (-Xmx/-Xms)
#   Decrease number of Java threads
#   Decrease Java thread stack sizes (-Xss)
#   Set larger code cache with -XX:ReservedCodeCacheSize=
# This output file may be truncated or incomplete.
#
#  Out of Memory Error (allocation.cpp:390), pid=4072, tid=0x0000000000001520
#
# JRE version: OpenJDK Runtime Environment (8.0_76-b03) (build 1.8.0_76-release-b03)
# Java VM: OpenJDK 64-Bit Server VM (25.76-b03 mixed mode windows-amd64 compressed oops)
# Failed to write core dump. Minidumps are not enabled by default on client versions of Windows
#

---------------  T H R E A D  ---------------

Current thread (0x00000000150e5800):  JavaThread "C2 CompilerThread1" daemon [_thread_in_native, id=5408, stack(0x00000000167d0000,0x00000000168d0000)]

Stack: [0x00000000167d0000,0x00000000168d0000]
[error occurred during error reporting (printing stack bounds), id 0xc0000005]

Native frames: (J=compiled Java code, j=interpreted, Vv=VM code, C=native code)


Current CompileTask:
C2:    871  144       4       java.util.regex.Pattern::compile (406 bytes)


---------------  P R O C E S S  ---------------

Java Threads: ( => current thread )
  0x00000000169d2000 JavaThread "Service Thread" daemon [_thread_blocked, id=1956, stack(0x0000000016dd0000,0x0000000016ed0000)]
  0x00000000150ec000 JavaThread "C1 CompilerThread2" daemon [_thread_blocked, id=5932, stack(0x00000000168d0000,0x00000000169d0000)]
=>0x00000000150e5800 JavaThread "C2 CompilerThread1" daemon [_thread_in_native, id=5408, stack(0x00000000167d0000,0x00000000168d0000)]
  0x000000001508b800 JavaThread "C2 CompilerThread0" daemon [_thread_blocked, id=3136, stack(0x00000000166d0000,0x00000000167d0000)]
  0x000000001508a800 JavaThread "Attach Listener" daemon [_thread_blocked, id=3372, stack(0x00000000165d0000,0x00000000166d0000)]
  0x0000000015089000 JavaThread "Signal Dispatcher" daemon [_thread_blocked, id=2656, stack(0x00000000164d0000,0x00000000165d0000)]
  0x0000000015078000 JavaThread "Finalizer" daemon [_thread_blocked, id=3428, stack(0x00000000162f0000,0x00000000163f0000)]
  0x00000000029af000 JavaThread "Reference Handler" daemon [_thread_blocked, id=5080, stack(0x00000000161f0000,0x00000000162f0000)]
  0x00000000028c0800 JavaThread "main" [_thread_in_vm, id=4536, stack(0x0000000002750000,0x0000000002850000)]

Other Threads:
  0x0000000015055800 VMThread [stack: 0x00000000160f0000,0x00000000161f0000] [id=3600]
  0x00000000169d2800 WatcherThread [stack: 0x0000000016ed0000,0x0000000016fd0000] [id=4868]

VM state:not at safepoint (normal execution)

VM Mutex/Monitor currently owned by a thread: None

Heap:
 PSYoungGen      total 18944K, used 6248K [0x00000000eab00000, 0x00000000ec000000, 0x0000000100000000)
  eden space 16384K, 38% used [0x00000000eab00000,0x00000000eb11a210,0x00000000ebb00000)
  from space 2560K, 0% used [0x00000000ebd80000,0x00000000ebd80000,0x00000000ec000000)
  to   space 2560K, 0% used [0x00000000ebb00000,0x00000000ebb00000,0x00000000ebd80000)
 ParOldGen       total 44032K, used 0K [0x00000000c0000000, 0x00000000c2b00000, 0x00000000eab00000)
  object space 44032K, 0% used [0x00000000c0000000,0x00000000c0000000,0x00000000c2b00000)
 Metaspace       used 3445K, capacity 4720K, committed 4864K, reserved 1056768K
  class space    used 359K, capacity 424K, committed 512K, reserved 1048576K

Card table byte_map: [0x0000000011d80000,0x0000000011f90000] byte_map_base: 0x0000000011780000

Marking Bits: (ParMarkBitMap*) 0x0000000069db9d00
 Begin Bits: [0x00000000124f0000, 0x00000000134f0000)
 End Bits:   [0x00000000134f0000, 0x00000000144f0000)

Polling page: 0x0000000000f00000

CodeCache: size=245760Kb used=1409Kb max_used=1416Kb free=244350Kb
 bounds [0x00000000029c0000, 0x0000000002c30000, 0x00000000119c0000]
 total_blobs=401 nmethods=153 adapters=162
 compilation: enabled

Compilation events (10 events):
Event: 0.861 Thread 0x00000000150ec000 nmethod 151 0x0000000002b197d0 code [0x0000000002b19980, 0x0000000002b19de8]
Event: 0.861 Thread 0x00000000150ec000  150       3       java.io.DataInputStream::readUnsignedShort (39 bytes)
Event: 0.862 Thread 0x00000000150ec000 nmethod 150 0x0000000002b1c650 code [0x0000000002b1c7e0, 0x0000000002b1cb88]
Event: 0.862 Thread 0x00000000150ec000  153  s    3       java.io.BufferedInputStream::read (113 bytes)
Event: 0.863 Thread 0x00000000150ec000 nmethod 153 0x0000000002b1b710 code [0x0000000002b1b900, 0x0000000002b1c258]
Event: 0.863 Thread 0x00000000150ec000  154       3       java.io.BufferedInputStream::read1 (108 bytes)
Event: 0.863 Thread 0x000000001508b800 nmethod 145 0x0000000002b193d0 code [0x0000000002b19520, 0x0000000002b196b8]
Event: 0.865 Thread 0x00000000150ec000 nmethod 154 0x0000000002b225d0 code [0x0000000002b227e0, 0x0000000002b23118]
Event: 0.865 Thread 0x00000000150ec000  152       3       java.io.DataInputStream::readUTF (5 bytes)
Event: 0.865 Thread 0x00000000150ec000 nmethod 152 0x0000000002b1b390 code [0x0000000002b1b500, 0x0000000002b1b688]

GC Heap History (0 events):
No events

Deoptimization events (0 events):
No events

Internal exceptions (2 events):
Event: 0.232 Thread 0x00000000028c0800 Exception <a 'java/lang/NoSuchMethodError': Method sun.misc.Unsafe.defineClass(Ljava/lang/String;[BII)Ljava/lang/Class; name or signature does not match> (0x00000000eab07cc0) thrown at [C:\src\android\AOSP-openjdk\external\jetbrains\jdk\hotspot\src\share\vä8Û”jªÕ?
Event: 0.232 Thread 0x00000000028c0800 Exception <a 'java/lang/NoSuchMethodError': Method sun.misc.Unsafe.prefetchRead(Ljava/lang/Object;J)V name or signature does not match> (0x00000000eab07fa8) thrown at [C:\src\android\AOSP-openjdk\external\jetbrains\jdk\hotspot\src\share\vm\prims\jni.cpp, l

Events (10 events):
Event: 0.849 loading class sun/util/calendar/ZoneInfo
Event: 0.849 loading class sun/util/calendar/ZoneInfo done
Event: 0.849 loading class sun/util/calendar/ZoneInfoFile
Event: 0.850 loading class sun/util/calendar/ZoneInfoFile done
Event: 0.850 loading class sun/util/calendar/ZoneInfoFile$1
Event: 0.850 loading class sun/util/calendar/ZoneInfoFile$1 done
Event: 0.851 loading class java/io/DataInputStream
Event: 0.851 loading class java/io/DataInput
Event: 0.851 loading class java/io/DataInput done
Event: 0.851 loading class java/io/DataInputStream done


Dynamic libraries:
0x00007ff766640000 - 0x00007ff766671000 	D:\Android\AndroidStudio\jre\bin\java.exe
0x00007ffb46030000 - 0x00007ffb461dd000 	C:\WINDOWS\SYSTEM32\ntdll.dll
0x00007ffb44000000 - 0x00007ffb4413e000 	C:\WINDOWS\system32\KERNEL32.DLL
0x00007ffb43330000 - 0x00007ffb43445000 	C:\WINDOWS\system32\KERNELBASE.dll
0x00007ffb43980000 - 0x00007ffb43a2a000 	C:\WINDOWS\system32\ADVAPI32.dll
0x00007ffb43e10000 - 0x00007ffb43f87000 	C:\WINDOWS\system32\USER32.dll
0x00007ffb40df0000 - 0x00007ffb4106a000 	C:\WINDOWS\WinSxS\amd64_microsoft.windows.common-controls_6595b64144ccf1df_6.0.9600.17810_none_6240b9c7ecbd0bda\COMCTL32.dll
0x00007ffb436b0000 - 0x00007ffb4375a000 	C:\WINDOWS\system32\msvcrt.dll
0x00007ffb43a30000 - 0x00007ffb43a89000 	C:\WINDOWS\SYSTEM32\sechost.dll
0x00007ffb44140000 - 0x00007ffb44280000 	C:\WINDOWS\system32\RPCRT4.dll
0x00007ffb45830000 - 0x00007ffb4597f000 	C:\WINDOWS\system32\GDI32.dll
0x00007ffb43630000 - 0x00007ffb4365e000 	C:\WINDOWS\system32\SspiCli.dll
0x00007ffb43af0000 - 0x00007ffb43b26000 	C:\WINDOWS\system32\IMM32.DLL
0x00007ffb45980000 - 0x00007ffb45ad2000 	C:\WINDOWS\system32\MSCTF.dll
0x0000000069520000 - 0x00000000695f2000 	D:\Android\AndroidStudio\jre\jre\bin\msvcr100.dll
0x0000000069600000 - 0x0000000069e34000 	D:\Android\AndroidStudio\jre\jre\bin\server\jvm.dll
0x00007ffb3a960000 - 0x00007ffb3a969000 	C:\WINDOWS\SYSTEM32\WSOCK32.dll
0x00007ffb39250000 - 0x00007ffb39272000 	C:\WINDOWS\SYSTEM32\WINMM.dll
0x00007ffb3c820000 - 0x00007ffb3c82a000 	C:\WINDOWS\SYSTEM32\VERSION.dll
0x00007ffb43e00000 - 0x00007ffb43e07000 	C:\WINDOWS\system32\PSAPI.DLL
0x00007ffb44280000 - 0x00007ffb442da000 	C:\WINDOWS\system32\WS2_32.dll
0x00007ffb39150000 - 0x00007ffb3917a000 	C:\WINDOWS\SYSTEM32\WINMMBASE.dll
0x00007ffb45820000 - 0x00007ffb45829000 	C:\WINDOWS\system32\NSI.dll
0x00007ffb43660000 - 0x00007ffb436af000 	C:\WINDOWS\SYSTEM32\cfgmgr32.dll
0x00007ffb41f70000 - 0x00007ffb41f98000 	C:\WINDOWS\SYSTEM32\DEVOBJ.dll
0x00007ffb3f0a0000 - 0x00007ffb3f0af000 	D:\Android\AndroidStudio\jre\jre\bin\verify.dll
0x00007ffb3bae0000 - 0x00007ffb3bb09000 	D:\Android\AndroidStudio\jre\jre\bin\java.dll
0x00007ffb3ec30000 - 0x00007ffb3ec46000 	D:\Android\AndroidStudio\jre\jre\bin\zip.dll
0x00007ffb442e0000 - 0x00007ffb45808000 	C:\WINDOWS\system32\SHELL32.dll
0x00007ffb43760000 - 0x00007ffb43971000 	C:\WINDOWS\SYSTEM32\combase.dll
0x00007ffb43a90000 - 0x00007ffb43ae4000 	C:\WINDOWS\system32\SHLWAPI.dll
0x00007ffb41790000 - 0x00007ffb41842000 	C:\WINDOWS\SYSTEM32\SHCORE.dll
0x00007ffb43150000 - 0x00007ffb43165000 	C:\WINDOWS\SYSTEM32\profapi.dll

VM Arguments:
jvm_args: -Djava.awt.headless=true -Xmx1024M -Dfile.encoding=windows-1252 -Duser.country=US -Duser.language=en -Duser.variant 
java_command: com.android.dx.command.Main --dex --force-jumbo --num-threads=4 --multi-dex --output D:\Mozilla Downloads\and-nd-firebase-1.00-starting-point\app\build\intermediates\transforms\dex\debug\folders\1000\10\glide-3.6.1_20ac25cbabf8caae442cc176a730af9af95b8a25 D:\Android\.gradle\caches\modules-2\files-2.1\com.github.bumptech.glide\glide\3.6.1\86b122e640af09b0723e1fa44083c354ba6d9089\glide-3.6.1.jar
java_class_path (initial): D:\Android\sdk\build-tools\24.0.1\lib\dx.jar
Launcher Type: SUN_STANDARD

Environment Variables:
PATH=C:\ProgramData\Oracle\Java\javapath;C:\Program Files (x86)\Intel\iCLS Client\;C:\Program Files\Intel\iCLS Client\;C:\WINDOWS\system32;C:\WINDOWS;C:\WINDOWS\System32\Wbem;C:\WINDOWS\System32\WindowsPowerShell\v1.0\;C:\Program Files\Intel\Intel(R) Management Engine Components\DAL;C:\Program Files (x86)\Intel\Intel(R) Management Engine Components\DAL;C:\Program Files\Intel\Intel(R) Management Engine Components\IPT;C:\Program Files (x86)\Intel\Intel(R) Management Engine Components\IPT;C:\Program Files\Microsoft SQL Server\110\Tools\Binn\
USERNAME=Hamid-PC
OS=Windows_NT
PROCESSOR_IDENTIFIER=Intel64 Family 6 Model 61 Stepping 4, GenuineIntel



---------------  S Y S T E M  ---------------

OS: Windows 8.1 , 64 bit Build 9600 (6.3.9600.17415)

CPU:total 4 (2 cores per cpu, 2 threads per core) family 6 model 61 stepping 4, cmov, cx8, fxsr, mmx, sse, sse2, sse3, ssse3, sse4.1, sse4.2, popcnt, avx, avx2, aes, clmul, erms, 3dnowpref, lzcnt, ht, tsc, tscinvbit, bmi1, bmi2, adx

Memory: 4k page, physical 4107980k(157728k free), swap 5209432k(5056k free)

vm_info: OpenJDK 64-Bit Server VM (25.76-b03) for windows-amd64 JRE (1.8.0_76-release-b03), built on Jun 29 2016 19:09:20 by "ralucas" with MS VC++ 10.0 (VS2010)

time: Thu Dec 22 18:21:35 2016
elapsed time: 0 seconds (0d 0h 0m 0s)

