#
# There is insufficient memory for the Java Runtime Environment to continue.
# Native memory allocation (malloc) failed to allocate 32744 bytes for ChunkPool::allocate
# Possible reasons:
#   The system is out of physical RAM or swap space
#   In 32 bit mode, the process size limit was hit
# Possible solutions:
#   Reduce memory load on the system
#   Increase physical memory or swap space
#   Check if swap backing store is full
#   Use 64 bit Java on a 64 bit OS
#   Decrease Java heap size (-Xmx/-Xms)
#   Decrease number of Java threads
#   Decrease Java thread stack sizes (-Xss)
#   Set larger code cache with -XX:ReservedCodeCacheSize=
# This output file may be truncated or incomplete.
#
#  Out of Memory Error (allocation.cpp:273), pid=4064, tid=0x00000000000013f8
#
# JRE version: OpenJDK Runtime Environment (8.0_76-b03) (build 1.8.0_76-release-b03)
# Java VM: OpenJDK 64-Bit Server VM (25.76-b03 mixed mode windows-amd64 compressed oops)
# Failed to write core dump. Minidumps are not enabled by default on client versions of Windows
#

---------------  T H R E A D  ---------------

Current thread (0x0000000014858000):  JavaThread "C1 CompilerThread2" daemon [_thread_in_native, id=5112, stack(0x0000000016050000,0x0000000016150000)]

Stack: [0x0000000016050000,0x0000000016150000]
[error occurred during error reporting (printing stack bounds), id 0xc0000005]

Native frames: (J=compiled Java code, j=interpreted, Vv=VM code, C=native code)


Current CompileTask:
C1:   7470  586   !   3       com.android.dx.cf.code.BytecodeArray::parseInstruction (2764 bytes)


---------------  P R O C E S S  ---------------

Java Threads: ( => current thread )
  0x00000000163a1800 JavaThread "pool-2-thread-4" [_thread_blocked, id=2016, stack(0x0000000016b50000,0x0000000016c50000)]
  0x0000000016399000 JavaThread "pool-2-thread-3" [_thread_blocked, id=4496, stack(0x0000000016a50000,0x0000000016b50000)]
  0x00000000163dc000 JavaThread "pool-2-thread-2" [_thread_blocked, id=5424, stack(0x0000000016950000,0x0000000016a50000)]
  0x00000000163d6800 JavaThread "pool-3-thread-1" [_thread_blocked, id=1788, stack(0x0000000016850000,0x0000000016950000)]
  0x00000000163d6000 JavaThread "pool-2-thread-1" [_thread_in_vm, id=5040, stack(0x0000000016750000,0x0000000016850000)]
  0x000000001485d000 JavaThread "Service Thread" daemon [_thread_blocked, id=4236, stack(0x0000000016550000,0x0000000016650000)]
=>0x0000000014858000 JavaThread "C1 CompilerThread2" daemon [_thread_in_native, id=5112, stack(0x0000000016050000,0x0000000016150000)]
  0x00000000147ff800 JavaThread "C2 CompilerThread1" daemon [_thread_blocked, id=4688, stack(0x0000000015f50000,0x0000000016050000)]
  0x00000000147fb800 JavaThread "C2 CompilerThread0" daemon [_thread_in_native, id=5032, stack(0x0000000015e50000,0x0000000015f50000)]
  0x00000000147fa000 JavaThread "Attach Listener" daemon [_thread_blocked, id=820, stack(0x0000000015d50000,0x0000000015e50000)]
  0x00000000147f9000 JavaThread "Signal Dispatcher" daemon [_thread_blocked, id=4860, stack(0x0000000015c50000,0x0000000015d50000)]
  0x00000000147e8800 JavaThread "Finalizer" daemon [_thread_blocked, id=4044, stack(0x0000000015a70000,0x0000000015b70000)]
  0x000000000211f000 JavaThread "Reference Handler" daemon [_thread_blocked, id=3980, stack(0x0000000015970000,0x0000000015a70000)]
  0x0000000002030800 JavaThread "main" [_thread_in_Java, id=2544, stack(0x0000000001f30000,0x0000000002030000)]

Other Threads:
  0x00000000147c5800 VMThread [stack: 0x0000000015870000,0x0000000015970000] [id=4196]
  0x000000001485e800 WatcherThread [stack: 0x0000000016650000,0x0000000016750000] [id=3440]

VM state:not at safepoint (normal execution)

VM Mutex/Monitor currently owned by a thread: None

Heap:
 PSYoungGen      total 18944K, used 13108K [0x00000000eab00000, 0x00000000ec000000, 0x0000000100000000)
  eden space 16384K, 80% used [0x00000000eab00000,0x00000000eb7cd2e0,0x00000000ebb00000)
  from space 2560K, 0% used [0x00000000ebd80000,0x00000000ebd80000,0x00000000ec000000)
  to   space 2560K, 0% used [0x00000000ebb00000,0x00000000ebb00000,0x00000000ebd80000)
 ParOldGen       total 44032K, used 0K [0x00000000c0000000, 0x00000000c2b00000, 0x00000000eab00000)
  object space 44032K, 0% used [0x00000000c0000000,0x00000000c0000000,0x00000000c2b00000)
 Metaspace       used 5498K, capacity 6512K, committed 6784K, reserved 1056768K
  class space    used 567K, capacity 616K, committed 640K, reserved 1048576K

Card table byte_map: [0x00000000114f0000,0x0000000011700000] byte_map_base: 0x0000000010ef0000

Marking Bits: (ParMarkBitMap*) 0x0000000069db9d00
 Begin Bits: [0x0000000011c60000, 0x0000000012c60000)
 End Bits:   [0x0000000012c60000, 0x0000000013c60000)

Polling page: 0x00000000006e0000

CodeCache: size=245760Kb used=2382Kb max_used=2394Kb free=243377Kb
 bounds [0x0000000002130000, 0x00000000023a0000, 0x0000000011130000]
 total_blobs=851 nmethods=583 adapters=182
 compilation: enabled

Compilation events (10 events):
Event: 7.304 Thread 0x0000000014858000  586   !   3       com.android.dx.cf.code.BytecodeArray::parseInstruction (2764 bytes)
Event: 7.312 Thread 0x00000000147ff800 nmethod 562 0x0000000002387310 code [0x0000000002387480, 0x00000000023878a8]
Event: 7.316 Thread 0x00000000147ff800  603       4       java.lang.Long::bitCount (61 bytes)
Event: 7.317 Thread 0x00000000147fb800  605   !   4       com.android.dx.util.FixedSizeList::set0 (22 bytes)
Event: 7.317 Thread 0x00000000147ff800 nmethod 603 0x00000000023728d0 code [0x0000000002372a00, 0x0000000002372ab8]
Event: 7.317 Thread 0x00000000147ff800  606       4       com.android.dx.util.Bits::clear (21 bytes)
Event: 7.319 Thread 0x00000000147ff800 nmethod 606 0x0000000002384410 code [0x0000000002384540, 0x00000000023845d8]
Event: 7.319 Thread 0x00000000147fb800 nmethod 605 0x0000000002385a90 code [0x0000000002385be0, 0x0000000002385cf8]
Event: 7.320 Thread 0x00000000147ff800  610       4       com.android.dx.util.IntList::growIfNeeded (46 bytes)
Event: 7.320 Thread 0x00000000147fb800  611       4       com.android.dx.util.IntList::add (65 bytes)

GC Heap History (0 events):
No events

Deoptimization events (1 events):
Event: 2.587 Thread 0x0000000002030800 Uncommon trap: reason=unstable_if action=reinterpret pc=0x000000000227c558 method=java.lang.String.indexOf(II)I @ 49

Internal exceptions (2 events):
Event: 0.127 Thread 0x0000000002030800 Exception <a 'java/lang/NoSuchMethodError': Method sun.misc.Unsafe.defineClass(Ljava/lang/String;[BII)Ljava/lang/Class; name or signature does not match> (0x00000000eab07cc0) thrown at [C:\src\android\AOSP-openjdk\external\jetbrains\jdk\hotspot\src\share\vécm³€AÀ?
Event: 0.127 Thread 0x0000000002030800 Exception <a 'java/lang/NoSuchMethodError': Method sun.misc.Unsafe.prefetchRead(Ljava/lang/Object;J)V name or signature does not match> (0x00000000eab07fa8) thrown at [C:\src\android\AOSP-openjdk\external\jetbrains\jdk\hotspot\src\share\vm\prims\jni.cpp, l

Events (10 events):
Event: 6.991 loading class com/android/dx/dex/code/StdCatchBuilder
Event: 6.991 loading class com/android/dx/dex/code/StdCatchBuilder done
Event: 6.994 loading class com/android/dx/dex/code/DalvCode
Event: 6.994 loading class com/android/dx/dex/code/DalvCode done
Event: 6.996 loading class java/io/PrintWriter
Event: 6.997 loading class java/io/PrintWriter done
Event: 6.997 loading class com/android/dx/dex/file/DebugInfoItem
Event: 6.997 loading class com/android/dx/dex/file/DebugInfoItem done
Event: 7.042 loading class com/android/dx/ssa/back/FirstFitLocalCombiningAllocator$Multiset
Event: 7.042 loading class com/android/dx/ssa/back/FirstFitLocalCombiningAllocator$Multiset done


Dynamic libraries:
0x00007ff631170000 - 0x00007ff6311a1000 	D:\Android\AndroidStudio\jre\bin\java.exe
0x00007ffb46030000 - 0x00007ffb461dd000 	C:\WINDOWS\SYSTEM32\ntdll.dll
0x00007ffb44000000 - 0x00007ffb4413e000 	C:\WINDOWS\system32\KERNEL32.DLL
0x00007ffb43330000 - 0x00007ffb43445000 	C:\WINDOWS\system32\KERNELBASE.dll
0x00007ffb43980000 - 0x00007ffb43a2a000 	C:\WINDOWS\system32\ADVAPI32.dll
0x00007ffb43e10000 - 0x00007ffb43f87000 	C:\WINDOWS\system32\USER32.dll
0x00007ffb40df0000 - 0x00007ffb4106a000 	C:\WINDOWS\WinSxS\amd64_microsoft.windows.common-controls_6595b64144ccf1df_6.0.9600.17810_none_6240b9c7ecbd0bda\COMCTL32.dll
0x00007ffb436b0000 - 0x00007ffb4375a000 	C:\WINDOWS\system32\msvcrt.dll
0x00007ffb43a30000 - 0x00007ffb43a89000 	C:\WINDOWS\SYSTEM32\sechost.dll
0x00007ffb44140000 - 0x00007ffb44280000 	C:\WINDOWS\system32\RPCRT4.dll
0x00007ffb45830000 - 0x00007ffb4597f000 	C:\WINDOWS\system32\GDI32.dll
0x00007ffb43630000 - 0x00007ffb4365e000 	C:\WINDOWS\system32\SspiCli.dll
0x00007ffb43af0000 - 0x00007ffb43b26000 	C:\WINDOWS\system32\IMM32.DLL
0x00007ffb45980000 - 0x00007ffb45ad2000 	C:\WINDOWS\system32\MSCTF.dll
0x000000006a4b0000 - 0x000000006a582000 	D:\Android\AndroidStudio\jre\jre\bin\msvcr100.dll
0x0000000069600000 - 0x0000000069e34000 	D:\Android\AndroidStudio\jre\jre\bin\server\jvm.dll
0x00007ffb3a960000 - 0x00007ffb3a969000 	C:\WINDOWS\SYSTEM32\WSOCK32.dll
0x00007ffb39250000 - 0x00007ffb39272000 	C:\WINDOWS\SYSTEM32\WINMM.dll
0x00007ffb3c820000 - 0x00007ffb3c82a000 	C:\WINDOWS\SYSTEM32\VERSION.dll
0x00007ffb43e00000 - 0x00007ffb43e07000 	C:\WINDOWS\system32\PSAPI.DLL
0x00007ffb44280000 - 0x00007ffb442da000 	C:\WINDOWS\system32\WS2_32.dll
0x00007ffb39150000 - 0x00007ffb3917a000 	C:\WINDOWS\SYSTEM32\WINMMBASE.dll
0x00007ffb45820000 - 0x00007ffb45829000 	C:\WINDOWS\system32\NSI.dll
0x00007ffb43660000 - 0x00007ffb436af000 	C:\WINDOWS\SYSTEM32\cfgmgr32.dll
0x00007ffb41f70000 - 0x00007ffb41f98000 	C:\WINDOWS\SYSTEM32\DEVOBJ.dll
0x00007ffb3dfa0000 - 0x00007ffb3dfaf000 	D:\Android\AndroidStudio\jre\jre\bin\verify.dll
0x00007ffb3bdb0000 - 0x00007ffb3bdd9000 	D:\Android\AndroidStudio\jre\jre\bin\java.dll
0x00007ffb3c710000 - 0x00007ffb3c726000 	D:\Android\AndroidStudio\jre\jre\bin\zip.dll
0x00007ffb442e0000 - 0x00007ffb45808000 	C:\WINDOWS\system32\SHELL32.dll
0x00007ffb43760000 - 0x00007ffb43971000 	C:\WINDOWS\SYSTEM32\combase.dll
0x00007ffb43a90000 - 0x00007ffb43ae4000 	C:\WINDOWS\system32\SHLWAPI.dll
0x00007ffb41790000 - 0x00007ffb41842000 	C:\WINDOWS\SYSTEM32\SHCORE.dll
0x00007ffb43150000 - 0x00007ffb43165000 	C:\WINDOWS\SYSTEM32\profapi.dll

VM Arguments:
jvm_args: -Djava.awt.headless=true -Xmx1024M -Dfile.encoding=windows-1252 -Duser.country=US -Duser.language=en -Duser.variant 
java_command: com.android.dx.command.Main --dex --force-jumbo --num-threads=4 --multi-dex --output D:\Mozilla Downloads\and-nd-firebase-1.00-starting-point\app\build\intermediates\transforms\dex\debug\folders\1000\10\io.fabric.sdk.android-fabric-1.3.14_819a4e62d888f85395248b5a5fc27fb0d2ed929a D:\Mozilla Downloads\and-nd-firebase-1.00-starting-point\app\build\intermediates\exploded-aar\io.fabric.sdk.android\fabric\1.3.14\jars\classes.jar
java_class_path (initial): D:\Android\sdk\build-tools\24.0.1\lib\dx.jar
Launcher Type: SUN_STANDARD

Environment Variables:
PATH=C:\ProgramData\Oracle\Java\javapath;C:\Program Files (x86)\Intel\iCLS Client\;C:\Program Files\Intel\iCLS Client\;C:\WINDOWS\system32;C:\WINDOWS;C:\WINDOWS\System32\Wbem;C:\WINDOWS\System32\WindowsPowerShell\v1.0\;C:\Program Files\Intel\Intel(R) Management Engine Components\DAL;C:\Program Files (x86)\Intel\Intel(R) Management Engine Components\DAL;C:\Program Files\Intel\Intel(R) Management Engine Components\IPT;C:\Program Files (x86)\Intel\Intel(R) Management Engine Components\IPT;C:\Users\Hamid-PC\AppData\Local\atom\bin
USERNAME=Hamid-PC
OS=Windows_NT
PROCESSOR_IDENTIFIER=Intel64 Family 6 Model 61 Stepping 4, GenuineIntel



---------------  S Y S T E M  ---------------

OS: Windows 8.1 , 64 bit Build 9600 (6.3.9600.17415)

CPU:total 4 (2 cores per cpu, 2 threads per core) family 6 model 61 stepping 4, cmov, cx8, fxsr, mmx, sse, sse2, sse3, ssse3, sse4.1, sse4.2, popcnt, avx, avx2, aes, clmul, erms, 3dnowpref, lzcnt, ht, tsc, tscinvbit, bmi1, bmi2, adx

Memory: 4k page, physical 4107980k(315444k free), swap 5209432k(5096k free)

vm_info: OpenJDK 64-Bit Server VM (25.76-b03) for windows-amd64 JRE (1.8.0_76-release-b03), built on Jun 29 2016 19:09:20 by "ralucas" with MS VC++ 10.0 (VS2010)

time: Sat Dec 24 01:39:25 2016
elapsed time: 7 seconds (0d 0h 0m 7s)

