#
# There is insufficient memory for the Java Runtime Environment to continue.
# Native memory allocation (malloc) failed to allocate 32744 bytes for ChunkPool::allocate
# Possible reasons:
#   The system is out of physical RAM or swap space
#   In 32 bit mode, the process size limit was hit
# Possible solutions:
#   Reduce memory load on the system
#   Increase physical memory or swap space
#   Check if swap backing store is full
#   Use 64 bit Java on a 64 bit OS
#   Decrease Java heap size (-Xmx/-Xms)
#   Decrease number of Java threads
#   Decrease Java thread stack sizes (-Xss)
#   Set larger code cache with -XX:ReservedCodeCacheSize=
# This output file may be truncated or incomplete.
#
#  Out of Memory Error (allocation.cpp:273), pid=11136, tid=0x00000000000028a8
#
# JRE version: OpenJDK Runtime Environment (8.0_76-b03) (build 1.8.0_76-release-b03)
# Java VM: OpenJDK 64-Bit Server VM (25.76-b03 mixed mode windows-amd64 compressed oops)
# Failed to write core dump. Minidumps are not enabled by default on client versions of Windows
#

---------------  T H R E A D  ---------------

Current thread (0x0000000014a4b800):  JavaThread "C2 CompilerThread0" daemon [_thread_in_native, id=10408, stack(0x0000000016080000,0x0000000016180000)]

Stack: [0x0000000016080000,0x0000000016180000]
[error occurred during error reporting (printing stack bounds), id 0xc0000005]

Native frames: (J=compiled Java code, j=interpreted, Vv=VM code, C=native code)


Current CompileTask:
C2:  15515 1610   !   4       com.android.dx.cf.code.BytecodeArray::parseInstruction (2764 bytes)


---------------  P R O C E S S  ---------------

Java Threads: ( => current thread )
  0x00000000164f4800 JavaThread "pool-2-thread-4" [_thread_in_Java, id=10516, stack(0x0000000016d80000,0x0000000016e80000)]
  0x00000000164f4000 JavaThread "pool-2-thread-3" [_thread_in_Java, id=11736, stack(0x0000000016c80000,0x0000000016d80000)]
  0x00000000164f3000 JavaThread "pool-2-thread-2" [_thread_in_Java, id=10584, stack(0x0000000016b80000,0x0000000016c80000)]
  0x00000000164eb000 JavaThread "pool-3-thread-1" [_thread_blocked, id=10932, stack(0x0000000016a80000,0x0000000016b80000)]
  0x00000000164ea000 JavaThread "pool-2-thread-1" [_thread_in_Java, id=11868, stack(0x0000000016980000,0x0000000016a80000)]
  0x0000000016294800 JavaThread "Service Thread" daemon [_thread_blocked, id=4212, stack(0x0000000016780000,0x0000000016880000)]
  0x0000000016288800 JavaThread "C1 CompilerThread2" daemon [_thread_blocked, id=11688, stack(0x0000000016680000,0x0000000016780000)]
  0x0000000014a4f800 JavaThread "C2 CompilerThread1" daemon [_thread_in_native, id=10052, stack(0x0000000016180000,0x0000000016280000)]
=>0x0000000014a4b800 JavaThread "C2 CompilerThread0" daemon [_thread_in_native, id=10408, stack(0x0000000016080000,0x0000000016180000)]
  0x0000000014a4a000 JavaThread "Attach Listener" daemon [_thread_blocked, id=10876, stack(0x0000000015f80000,0x0000000016080000)]
  0x0000000014a49000 JavaThread "Signal Dispatcher" daemon [_thread_blocked, id=10076, stack(0x0000000015e80000,0x0000000015f80000)]
  0x0000000002374800 JavaThread "Finalizer" daemon [_thread_blocked, id=11408, stack(0x0000000015ca0000,0x0000000015da0000)]
  0x000000000236f000 JavaThread "Reference Handler" daemon [_thread_blocked, id=11464, stack(0x0000000015ba0000,0x0000000015ca0000)]
  0x0000000002280800 JavaThread "main" [_thread_in_Java, id=11992, stack(0x0000000002180000,0x0000000002280000)]

Other Threads:
  0x0000000014a15800 VMThread [stack: 0x0000000015aa0000,0x0000000015ba0000] [id=10288]
  0x0000000016289000 WatcherThread [stack: 0x0000000016880000,0x0000000016980000] [id=12200]

VM state:not at safepoint (normal execution)

VM Mutex/Monitor currently owned by a thread: None

Heap:
 PSYoungGen      total 35328K, used 35282K [0x00000000eab00000, 0x00000000ed000000, 0x0000000100000000)
  eden space 32768K, 99% used [0x00000000eab00000,0x00000000ecaf4cd8,0x00000000ecb00000)
  from space 2560K, 99% used [0x00000000ecb00000,0x00000000ecd7fe80,0x00000000ecd80000)
  to   space 2560K, 0% used [0x00000000ecd80000,0x00000000ecd80000,0x00000000ed000000)
 ParOldGen       total 44032K, used 8739K [0x00000000c0000000, 0x00000000c2b00000, 0x00000000eab00000)
  object space 44032K, 19% used [0x00000000c0000000,0x00000000c0888ec0,0x00000000c2b00000)
 Metaspace       used 6262K, capacity 7088K, committed 7296K, reserved 1056768K
  class space    used 589K, capacity 616K, committed 640K, reserved 1048576K

Card table byte_map: [0x0000000011740000,0x0000000011950000] byte_map_base: 0x0000000011140000

Marking Bits: (ParMarkBitMap*) 0x0000000069db9d00
 Begin Bits: [0x0000000011eb0000, 0x0000000012eb0000)
 End Bits:   [0x0000000012eb0000, 0x0000000013eb0000)

Polling page: 0x00000000008a0000

CodeCache: size=245760Kb used=7226Kb max_used=7226Kb free=238533Kb
 bounds [0x0000000002380000, 0x0000000002aa0000, 0x0000000011380000]
 total_blobs=1961 nmethods=1693 adapters=181
 compilation: enabled

Compilation events (10 events):
Event: 15.216 Thread 0x0000000016288800 1705       2       com.android.dx.rop.code.RegisterSpec$ForComparison::set (16 bytes)
Event: 15.217 Thread 0x0000000016288800 nmethod 1705 0x0000000002a91090 code [0x0000000002a911e0, 0x0000000002a91350]
Event: 15.217 Thread 0x0000000016288800 1706       2       com.android.dx.rop.code.RegisterSpec$ForComparison::hashCode (16 bytes)
Event: 15.217 Thread 0x0000000016288800 nmethod 1706 0x0000000002a913d0 code [0x0000000002a91540, 0x0000000002a91738]
Event: 15.217 Thread 0x0000000016288800 1707       2       com.android.dx.rop.code.RegisterSpec::access$600 (7 bytes)
Event: 15.218 Thread 0x0000000016288800 nmethod 1707 0x0000000002a91850 code [0x0000000002a919c0, 0x0000000002a91b98]
Event: 15.218 Thread 0x0000000016288800 1708   !   3       com.android.dx.rop.code.RegisterSpec::intern (70 bytes)
Event: 15.219 Thread 0x0000000016288800 nmethod 1708 0x0000000002a91c90 code [0x0000000002a91ec0, 0x0000000002a92b88]
Event: 15.220 Thread 0x0000000016288800 1709       3       java.util.HashMap::getNode (148 bytes)
Event: 15.221 Thread 0x0000000016288800 nmethod 1709 0x0000000002a93310 code [0x0000000002a93500, 0x0000000002a94168]

GC Heap History (6 events):
Event: 4.938 GC heap before
{Heap before GC invocations=1 (full 0):
 PSYoungGen      total 18944K, used 16384K [0x00000000eab00000, 0x00000000ec000000, 0x0000000100000000)
  eden space 16384K, 100% used [0x00000000eab00000,0x00000000ebb00000,0x00000000ebb00000)
  from space 2560K, 0% used [0x00000000ebd80000,0x00000000ebd80000,0x00000000ec000000)
  to   space 2560K, 0% used [0x00000000ebb00000,0x00000000ebb00000,0x00000000ebd80000)
 ParOldGen       total 44032K, used 0K [0x00000000c0000000, 0x00000000c2b00000, 0x00000000eab00000)
  object space 44032K, 0% used [0x00000000c0000000,0x00000000c0000000,0x00000000c2b00000)
 Metaspace       used 5634K, capacity 6640K, committed 6784K, reserved 1056768K
  class space    used 568K, capacity 616K, committed 640K, reserved 1048576K
Event: 5.245 GC heap after
Heap after GC invocations=1 (full 0):
 PSYoungGen      total 18944K, used 2535K [0x00000000eab00000, 0x00000000ed000000, 0x0000000100000000)
  eden space 16384K, 0% used [0x00000000eab00000,0x00000000eab00000,0x00000000ebb00000)
  from space 2560K, 99% used [0x00000000ebb00000,0x00000000ebd79c68,0x00000000ebd80000)
  to   space 2560K, 0% used [0x00000000ecd80000,0x00000000ecd80000,0x00000000ed000000)
 ParOldGen       total 44032K, used 1422K [0x00000000c0000000, 0x00000000c2b00000, 0x00000000eab00000)
  object space 44032K, 3% used [0x00000000c0000000,0x00000000c0163b70,0x00000000c2b00000)
 Metaspace       used 5634K, capacity 6640K, committed 6784K, reserved 1056768K
  class space    used 568K, capacity 616K, committed 640K, reserved 1048576K
}
Event: 8.582 GC heap before
{Heap before GC invocations=2 (full 0):
 PSYoungGen      total 18944K, used 18919K [0x00000000eab00000, 0x00000000ed000000, 0x0000000100000000)
  eden space 16384K, 100% used [0x00000000eab00000,0x00000000ebb00000,0x00000000ebb00000)
  from space 2560K, 99% used [0x00000000ebb00000,0x00000000ebd79c68,0x00000000ebd80000)
  to   space 2560K, 0% used [0x00000000ecd80000,0x00000000ecd80000,0x00000000ed000000)
 ParOldGen       total 44032K, used 1422K [0x00000000c0000000, 0x00000000c2b00000, 0x00000000eab00000)
  object space 44032K, 3% used [0x00000000c0000000,0x00000000c0163b70,0x00000000c2b00000)
 Metaspace       used 5973K, capacity 6960K, committed 7040K, reserved 1056768K
  class space    used 569K, capacity 616K, committed 640K, reserved 1048576K
Event: 8.992 GC heap after
Heap after GC invocations=2 (full 0):
 PSYoungGen      total 35328K, used 2559K [0x00000000eab00000, 0x00000000ed000000, 0x0000000100000000)
  eden space 32768K, 0% used [0x00000000eab00000,0x00000000eab00000,0x00000000ecb00000)
  from space 2560K, 99% used [0x00000000ecd80000,0x00000000ecfffd48,0x00000000ed000000)
  to   space 2560K, 0% used [0x00000000ecb00000,0x00000000ecb00000,0x00000000ecd80000)
 ParOldGen       total 44032K, used 3648K [0x00000000c0000000, 0x00000000c2b00000, 0x00000000eab00000)
  object space 44032K, 8% used [0x00000000c0000000,0x00000000c03901c8,0x00000000c2b00000)
 Metaspace       used 5973K, capacity 6960K, committed 7040K, reserved 1056768K
  class space    used 569K, capacity 616K, committed 640K, reserved 1048576K
}
Event: 13.932 GC heap before
{Heap before GC invocations=3 (full 0):
 PSYoungGen      total 35328K, used 35327K [0x00000000eab00000, 0x00000000ed000000, 0x0000000100000000)
  eden space 32768K, 100% used [0x00000000eab00000,0x00000000ecb00000,0x00000000ecb00000)
  from space 2560K, 99% used [0x00000000ecd80000,0x00000000ecfffd48,0x00000000ed000000)
  to   space 2560K, 0% used [0x00000000ecb00000,0x00000000ecb00000,0x00000000ecd80000)
 ParOldGen       total 44032K, used 3648K [0x00000000c0000000, 0x00000000c2b00000, 0x00000000eab00000)
  object space 44032K, 8% used [0x00000000c0000000,0x00000000c03901c8,0x00000000c2b00000)
 Metaspace       used 6086K, capacity 7024K, committed 7296K, reserved 1056768K
  class space    used 570K, capacity 616K, committed 640K, reserved 1048576K
Event: 14.565 GC heap after
Heap after GC invocations=3 (full 0):
 PSYoungGen      total 35328K, used 2559K [0x00000000eab00000, 0x00000000ed000000, 0x0000000100000000)
  eden space 32768K, 0% used [0x00000000eab00000,0x00000000eab00000,0x00000000ecb00000)
  from space 2560K, 99% used [0x00000000ecb00000,0x00000000ecd7fe80,0x00000000ecd80000)
  to   space 2560K, 0% used [0x00000000ecd80000,0x00000000ecd80000,0x00000000ed000000)
 ParOldGen       total 44032K, used 8739K [0x00000000c0000000, 0x00000000c2b00000, 0x00000000eab00000)
  object space 44032K, 19% used [0x00000000c0000000,0x00000000c0888ec0,0x00000000c2b00000)
 Metaspace       used 6086K, capacity 7024K, committed 7296K, reserved 1056768K
  class space    used 570K, capacity 616K, committed 640K, reserved 1048576K
}

Deoptimization events (10 events):
Event: 12.527 Thread 0x00000000164f4800 Uncommon trap: reason=unstable_if action=reinterpret pc=0x00000000025d6050 method=java.util.HashMap.getNode(ILjava/lang/Object;)Ljava/util/HashMap$Node; @ 62
Event: 12.533 Thread 0x00000000164f4800 Uncommon trap: reason=bimorphic action=maybe_recompile pc=0x00000000028db170 method=com.android.dx.ssa.SCCP.simulatePhi(Lcom/android/dx/ssa/PhiInsn;)V @ 124
Event: 12.533 Thread 0x00000000164f4800 Uncommon trap: reason=bimorphic action=maybe_recompile pc=0x00000000028db170 method=com.android.dx.ssa.SCCP.simulatePhi(Lcom/android/dx/ssa/PhiInsn;)V @ 124
Event: 13.090 Thread 0x00000000164f4800 Uncommon trap: reason=bimorphic action=maybe_recompile pc=0x00000000028db170 method=com.android.dx.ssa.SCCP.simulatePhi(Lcom/android/dx/ssa/PhiInsn;)V @ 124
Event: 13.090 Thread 0x00000000164f4800 Uncommon trap: reason=bimorphic action=maybe_recompile pc=0x00000000028db170 method=com.android.dx.ssa.SCCP.simulatePhi(Lcom/android/dx/ssa/PhiInsn;)V @ 124
Event: 14.863 Thread 0x00000000164f3000 Uncommon trap: reason=bimorphic action=maybe_recompile pc=0x00000000028b46e0 method=com.android.dx.cf.code.BytecodeArray.parseInstruction(ILcom/android/dx/cf/code/BytecodeArray$Visitor;)I @ 1357
Event: 14.863 Thread 0x00000000164f3000 Uncommon trap: reason=bimorphic action=maybe_recompile pc=0x00000000028b46e0 method=com.android.dx.cf.code.BytecodeArray.parseInstruction(ILcom/android/dx/cf/code/BytecodeArray$Visitor;)I @ 1357
Event: 15.209 Thread 0x0000000002280800 Uncommon trap: reason=unstable_if action=reinterpret pc=0x00000000026abe58 method=java.util.HashMap.putVal(ILjava/lang/Object;Ljava/lang/Object;ZZ)Ljava/lang/Object; @ 162
Event: 15.214 Thread 0x0000000002280800 Uncommon trap: reason=unstable_if action=reinterpret pc=0x0000000002a236d8 method=java.util.HashMap.getNode(ILjava/lang/Object;)Ljava/util/HashMap$Node; @ 84
Event: 15.220 Thread 0x0000000002280800 Uncommon trap: reason=unstable_if action=reinterpret pc=0x00000000026c5c90 method=java.util.HashMap.getNode(ILjava/lang/Object;)Ljava/util/HashMap$Node; @ 84

Internal exceptions (6 events):
Event: 0.240 Thread 0x0000000002280800 Exception <a 'java/lang/NoSuchMethodError': Method sun.misc.Unsafe.defineClass(Ljava/lang/String;[BII)Ljava/lang/Class; name or signature does not match> (0x00000000eab07cc0) thrown at [C:\src\android\AOSP-openjdk\external\jetbrains\jdk\hotspot\src\share\voÔQÇl»Î?
Event: 0.240 Thread 0x0000000002280800 Exception <a 'java/lang/NoSuchMethodError': Method sun.misc.Unsafe.prefetchRead(Ljava/lang/Object;J)V name or signature does not match> (0x00000000eab07fa8) thrown at [C:\src\android\AOSP-openjdk\external\jetbrains\jdk\hotspot\src\share\vm\prims\jni.cpp, lÿÌL32Å@
Event: 6.693 Thread 0x00000000164f3000 Implicit null exception at 0x00000000026d8fe2 to 0x00000000026d90da
Event: 15.211 Thread 0x0000000002280800 Exception <a 'java/lang/ArrayIndexOutOfBoundsException': 18> (0x00000000ec9f5c28) thrown at [C:\src\android\AOSP-openjdk\external\jetbrains\jdk\hotspot\src\share\vm\interpreter\interpreterRuntime.cpp, line 366]
Event: 15.212 Thread 0x0000000002280800 Exception <a 'java/lang/ArrayIndexOutOfBoundsException'> (0x00000000ec9f77a8) thrown at [C:\src\android\AOSP-openjdk\external\jetbrains\jdk\hotspot\src\share\vm\runtime\sharedRuntime.cpp, line 605]
Event: 15.213 Thread 0x0000000002280800 Exception <a 'java/lang/ArrayIndexOutOfBoundsException'> (0x00000000ec9f8a90) thrown at [C:\src\android\AOSP-openjdk\external\jetbrains\jdk\hotspot\src\share\vm\runtime\sharedRuntime.cpp, line 605]

Events (10 events):
Event: 15.213 loading class sun/reflect/generics/reflectiveObjects/TypeVariableImpl
Event: 15.213 loading class sun/reflect/generics/reflectiveObjects/LazyReflectiveObjectGenerator
Event: 15.213 loading class sun/reflect/generics/reflectiveObjects/LazyReflectiveObjectGenerator done
Event: 15.213 loading class sun/reflect/generics/reflectiveObjects/TypeVariableImpl done
Event: 15.214 Thread 0x0000000002280800 Uncommon trap: trap_request=0xffffff65 fr.pc=0x0000000002a236d8
Event: 15.214 Thread 0x0000000002280800 DEOPT PACKING pc=0x0000000002a236d8 sp=0x000000000227e100
Event: 15.214 Thread 0x0000000002280800 DEOPT UNPACKING pc=0x00000000023c556a sp=0x000000000227e030 mode 2
Event: 15.220 Thread 0x0000000002280800 Uncommon trap: trap_request=0xffffff65 fr.pc=0x00000000026c5c90
Event: 15.220 Thread 0x0000000002280800 DEOPT PACKING pc=0x00000000026c5c90 sp=0x000000000227e0d0
Event: 15.220 Thread 0x0000000002280800 DEOPT UNPACKING pc=0x00000000023c556a sp=0x000000000227e058 mode 2


Dynamic libraries:
0x00007ff7b4b00000 - 0x00007ff7b4b31000 	D:\Android\AndroidStudio\jre\bin\java.exe
0x00007ffb46030000 - 0x00007ffb461dd000 	C:\WINDOWS\SYSTEM32\ntdll.dll
0x00007ffb44000000 - 0x00007ffb4413e000 	C:\WINDOWS\system32\KERNEL32.DLL
0x00007ffb43330000 - 0x00007ffb43445000 	C:\WINDOWS\system32\KERNELBASE.dll
0x00007ffb43980000 - 0x00007ffb43a2a000 	C:\WINDOWS\system32\ADVAPI32.dll
0x00007ffb43e10000 - 0x00007ffb43f87000 	C:\WINDOWS\system32\USER32.dll
0x00007ffb40df0000 - 0x00007ffb4106a000 	C:\WINDOWS\WinSxS\amd64_microsoft.windows.common-controls_6595b64144ccf1df_6.0.9600.17810_none_6240b9c7ecbd0bda\COMCTL32.dll
0x00007ffb436b0000 - 0x00007ffb4375a000 	C:\WINDOWS\system32\msvcrt.dll
0x00007ffb43a30000 - 0x00007ffb43a89000 	C:\WINDOWS\SYSTEM32\sechost.dll
0x00007ffb44140000 - 0x00007ffb44280000 	C:\WINDOWS\system32\RPCRT4.dll
0x00007ffb45830000 - 0x00007ffb4597f000 	C:\WINDOWS\system32\GDI32.dll
0x00007ffb43630000 - 0x00007ffb4365e000 	C:\WINDOWS\system32\SspiCli.dll
0x00007ffb43af0000 - 0x00007ffb43b26000 	C:\WINDOWS\system32\IMM32.DLL
0x00007ffb45980000 - 0x00007ffb45ad2000 	C:\WINDOWS\system32\MSCTF.dll
0x000000006a4b0000 - 0x000000006a582000 	D:\Android\AndroidStudio\jre\jre\bin\msvcr100.dll
0x0000000069600000 - 0x0000000069e34000 	D:\Android\AndroidStudio\jre\jre\bin\server\jvm.dll
0x00007ffb3a960000 - 0x00007ffb3a969000 	C:\WINDOWS\SYSTEM32\WSOCK32.dll
0x00007ffb39250000 - 0x00007ffb39272000 	C:\WINDOWS\SYSTEM32\WINMM.dll
0x00007ffb3c820000 - 0x00007ffb3c82a000 	C:\WINDOWS\SYSTEM32\VERSION.dll
0x00007ffb43e00000 - 0x00007ffb43e07000 	C:\WINDOWS\system32\PSAPI.DLL
0x00007ffb44280000 - 0x00007ffb442da000 	C:\WINDOWS\system32\WS2_32.dll
0x00007ffb39150000 - 0x00007ffb3917a000 	C:\WINDOWS\SYSTEM32\WINMMBASE.dll
0x00007ffb45820000 - 0x00007ffb45829000 	C:\WINDOWS\system32\NSI.dll
0x00007ffb43660000 - 0x00007ffb436af000 	C:\WINDOWS\SYSTEM32\cfgmgr32.dll
0x00007ffb41f70000 - 0x00007ffb41f98000 	C:\WINDOWS\SYSTEM32\DEVOBJ.dll
0x00007ffb40890000 - 0x00007ffb4089f000 	D:\Android\AndroidStudio\jre\jre\bin\verify.dll
0x00007ffb407a0000 - 0x00007ffb407c9000 	D:\Android\AndroidStudio\jre\jre\bin\java.dll
0x00007ffb40810000 - 0x00007ffb40826000 	D:\Android\AndroidStudio\jre\jre\bin\zip.dll
0x00007ffb442e0000 - 0x00007ffb45808000 	C:\WINDOWS\system32\SHELL32.dll
0x00007ffb43760000 - 0x00007ffb43971000 	C:\WINDOWS\SYSTEM32\combase.dll
0x00007ffb43a90000 - 0x00007ffb43ae4000 	C:\WINDOWS\system32\SHLWAPI.dll
0x00007ffb41790000 - 0x00007ffb41842000 	C:\WINDOWS\SYSTEM32\SHCORE.dll
0x00007ffb43150000 - 0x00007ffb43165000 	C:\WINDOWS\SYSTEM32\profapi.dll

VM Arguments:
jvm_args: -Djava.awt.headless=true -Xmx1024M -Dfile.encoding=windows-1252 -Duser.country=US -Duser.language=en -Duser.variant 
java_command: com.android.dx.command.Main --dex --force-jumbo --num-threads=4 --multi-dex --output D:\Mozilla Downloads\and-nd-firebase-1.00-starting-point\app\build\intermediates\transforms\dex\debug\folders\1000\10\com.google.firebase-firebase-database-10.0.1_f09b485cc4dfd28ba1ff93e103eecdfa9f6c7db7 D:\Mozilla Downloads\and-nd-firebase-1.00-starting-point\app\build\intermediates\exploded-aar\com.google.firebase\firebase-database\10.0.1\jars\classes.jar
java_class_path (initial): D:\Android\sdk\build-tools\24.0.1\lib\dx.jar
Launcher Type: SUN_STANDARD

Environment Variables:
PATH=C:\ProgramData\Oracle\Java\javapath;C:\Program Files (x86)\Intel\iCLS Client\;C:\Program Files\Intel\iCLS Client\;C:\WINDOWS\system32;C:\WINDOWS;C:\WINDOWS\System32\Wbem;C:\WINDOWS\System32\WindowsPowerShell\v1.0\;C:\Program Files\Intel\Intel(R) Management Engine Components\DAL;C:\Program Files (x86)\Intel\Intel(R) Management Engine Components\DAL;C:\Program Files\Intel\Intel(R) Management Engine Components\IPT;C:\Program Files (x86)\Intel\Intel(R) Management Engine Components\IPT;D:\Git\cmd;C:\Users\Hamid-PC\AppData\Local\atom\bin
USERNAME=Hamid-PC
OS=Windows_NT
PROCESSOR_IDENTIFIER=Intel64 Family 6 Model 61 Stepping 4, GenuineIntel



---------------  S Y S T E M  ---------------

OS: Windows 8.1 , 64 bit Build 9600 (6.3.9600.17415)

CPU:total 4 (2 cores per cpu, 2 threads per core) family 6 model 61 stepping 4, cmov, cx8, fxsr, mmx, sse, sse2, sse3, ssse3, sse4.1, sse4.2, popcnt, avx, avx2, aes, clmul, erms, 3dnowpref, lzcnt, ht, tsc, tscinvbit, bmi1, bmi2, adx

Memory: 4k page, physical 4107980k(164496k free), swap 5209432k(5124k free)

vm_info: OpenJDK 64-Bit Server VM (25.76-b03) for windows-amd64 JRE (1.8.0_76-release-b03), built on Jun 29 2016 19:09:20 by "ralucas" with MS VC++ 10.0 (VS2010)

time: Sat Dec 24 21:57:20 2016
elapsed time: 15 seconds (0d 0h 0m 15s)

