#
# There is insufficient memory for the Java Runtime Environment to continue.
# Native memory allocation (malloc) failed to allocate 424336 bytes for Chunk::new
# Possible reasons:
#   The system is out of physical RAM or swap space
#   In 32 bit mode, the process size limit was hit
# Possible solutions:
#   Reduce memory load on the system
#   Increase physical memory or swap space
#   Check if swap backing store is full
#   Use 64 bit Java on a 64 bit OS
#   Decrease Java heap size (-Xmx/-Xms)
#   Decrease number of Java threads
#   Decrease Java thread stack sizes (-Xss)
#   Set larger code cache with -XX:ReservedCodeCacheSize=
# This output file may be truncated or incomplete.
#
#  Out of Memory Error (allocation.cpp:390), pid=2424, tid=0x0000000000001410
#
# JRE version: OpenJDK Runtime Environment (8.0_76-b03) (build 1.8.0_76-release-b03)
# Java VM: OpenJDK 64-Bit Server VM (25.76-b03 mixed mode windows-amd64 compressed oops)
# Failed to write core dump. Minidumps are not enabled by default on client versions of Windows
#

---------------  T H R E A D  ---------------

Current thread (0x0000000014b2c000):  JavaThread "C2 CompilerThread0" daemon [_thread_in_native, id=5136, stack(0x0000000016170000,0x0000000016270000)]

Stack: [0x0000000016170000,0x0000000016270000]
[error occurred during error reporting (printing stack bounds), id 0xc0000005]

Native frames: (J=compiled Java code, j=interpreted, Vv=VM code, C=native code)


Current CompileTask:
C2:  50717 2680       4       com.android.dx.dex.code.DalvCode::finishProcessingIfNecessary (69 bytes)


---------------  P R O C E S S  ---------------

Java Threads: ( => current thread )
  0x00000000166c5800 JavaThread "pool-1-thread-1" [_thread_in_vm, id=300, stack(0x0000000016a70000,0x0000000016b70000)]
  0x000000001647b800 JavaThread "Service Thread" daemon [_thread_blocked, id=5368, stack(0x0000000016870000,0x0000000016970000)]
  0x0000000014b8b800 JavaThread "C1 CompilerThread2" daemon [_thread_blocked, id=4252, stack(0x0000000016370000,0x0000000016470000)]
  0x0000000014b85800 JavaThread "C2 CompilerThread1" daemon [_thread_in_native, id=3036, stack(0x0000000016270000,0x0000000016370000)]
=>0x0000000014b2c000 JavaThread "C2 CompilerThread0" daemon [_thread_in_native, id=5136, stack(0x0000000016170000,0x0000000016270000)]
  0x0000000014b2b000 JavaThread "Attach Listener" daemon [_thread_blocked, id=5932, stack(0x0000000016070000,0x0000000016170000)]
  0x0000000014b27800 JavaThread "Signal Dispatcher" daemon [_thread_blocked, id=2376, stack(0x0000000015f70000,0x0000000016070000)]
  0x0000000014b18000 JavaThread "Finalizer" daemon [_thread_blocked, id=2596, stack(0x0000000015d90000,0x0000000015e90000)]
  0x000000000244f000 JavaThread "Reference Handler" daemon [_thread_blocked, id=652, stack(0x0000000015c90000,0x0000000015d90000)]
  0x0000000002360800 JavaThread "main" [_thread_blocked, id=4872, stack(0x00000000021e0000,0x00000000022e0000)]

Other Threads:
  0x0000000014af5800 VMThread [stack: 0x0000000015b90000,0x0000000015c90000] [id=3000]
  0x0000000016470800 WatcherThread [stack: 0x0000000016970000,0x0000000016a70000] [id=3824]

VM state:not at safepoint (normal execution)

VM Mutex/Monitor currently owned by a thread: None

Heap:
 PSYoungGen      total 73216K, used 26071K [0x00000000eab00000, 0x00000000efd00000, 0x0000000100000000)
  eden space 64000K, 26% used [0x00000000eab00000,0x00000000ebb7d3a0,0x00000000ee980000)
  from space 9216K, 99% used [0x00000000ee980000,0x00000000ef2789b8,0x00000000ef280000)
  to   space 7680K, 0% used [0x00000000ef280000,0x00000000ef280000,0x00000000efa00000)
 ParOldGen       total 44032K, used 23824K [0x00000000c0000000, 0x00000000c2b00000, 0x00000000eab00000)
  object space 44032K, 54% used [0x00000000c0000000,0x00000000c17440a0,0x00000000c2b00000)
 Metaspace       used 6800K, capacity 7478K, committed 7552K, reserved 1056768K
  class space    used 613K, capacity 622K, committed 640K, reserved 1048576K

Card table byte_map: [0x0000000011820000,0x0000000011a30000] byte_map_base: 0x0000000011220000

Marking Bits: (ParMarkBitMap*) 0x0000000050ed9d00
 Begin Bits: [0x0000000011f90000, 0x0000000012f90000)
 End Bits:   [0x0000000012f90000, 0x0000000013f90000)

Polling page: 0x0000000000a40000

CodeCache: size=245760Kb used=10897Kb max_used=10897Kb free=234862Kb
 bounds [0x0000000002460000, 0x0000000002f20000, 0x0000000011460000]
 total_blobs=2739 nmethods=2469 adapters=183
 compilation: enabled

Compilation events (10 events):
Event: 50.467 Thread 0x0000000014b8b800 2676       3       com.android.dx.util.ByteArrayAnnotatedOutput::writeSleb128 (34 bytes)
Event: 50.468 Thread 0x0000000014b8b800 nmethod 2676 0x0000000002f07d50 code [0x0000000002f07ec0, 0x0000000002f080f8]
Event: 50.470 Thread 0x0000000014b85800 2678       4       java.util.Arrays::rangeCheck (74 bytes)
Event: 50.472 Thread 0x0000000014b85800 nmethod 2678 0x0000000002ee96d0 code [0x0000000002ee9800, 0x0000000002ee9898]
Event: 50.473 Thread 0x0000000014b8b800 2679       3       com.android.dx.dex.file.DebugInfoEncoder::emitAdvancePc (82 bytes)
Event: 50.477 Thread 0x0000000014b8b800 nmethod 2679 0x0000000002f0d5d0 code [0x0000000002f0d800, 0x0000000002f0e4a8]
Event: 50.478 Thread 0x0000000014b2c000 2680       4       com.android.dx.dex.code.DalvCode::finishProcessingIfNecessary (69 bytes)
Event: 50.501 Thread 0x0000000014b8b800 2681       3       com.android.dx.dex.file.DebugInfoEncoder::emitLocalEnd (83 bytes)
Event: 50.504 Thread 0x0000000014b8b800 nmethod 2681 0x0000000002f0ead0 code [0x0000000002f0ed20, 0x0000000002f0fc38]
Event: 50.510 Thread 0x0000000014b85800 2682       4       java.util.ArrayList::sort (48 bytes)

GC Heap History (10 events):
Event: 7.862 GC heap before
{Heap before GC invocations=3 (full 0):
 PSYoungGen      total 18944K, used 18931K [0x00000000eab00000, 0x00000000ed000000, 0x0000000100000000)
  eden space 16384K, 100% used [0x00000000eab00000,0x00000000ebb00000,0x00000000ebb00000)
  from space 2560K, 99% used [0x00000000ebd80000,0x00000000ebffcf68,0x00000000ec000000)
  to   space 2560K, 0% used [0x00000000ebb00000,0x00000000ebb00000,0x00000000ebd80000)
 ParOldGen       total 44032K, used 3757K [0x00000000c0000000, 0x00000000c2b00000, 0x00000000eab00000)
  object space 44032K, 8% used [0x00000000c0000000,0x00000000c03ab788,0x00000000c2b00000)
 Metaspace       used 6069K, capacity 7024K, committed 7296K, reserved 1056768K
  class space    used 572K, capacity 616K, committed 640K, reserved 1048576K
Event: 7.963 GC heap after
Heap after GC invocations=3 (full 0):
 PSYoungGen      total 18944K, used 2539K [0x00000000eab00000, 0x00000000ed000000, 0x0000000100000000)
  eden space 16384K, 0% used [0x00000000eab00000,0x00000000eab00000,0x00000000ebb00000)
  from space 2560K, 99% used [0x00000000ebb00000,0x00000000ebd7aea8,0x00000000ebd80000)
  to   space 2560K, 0% used [0x00000000ecd80000,0x00000000ecd80000,0x00000000ed000000)
 ParOldGen       total 44032K, used 6602K [0x00000000c0000000, 0x00000000c2b00000, 0x00000000eab00000)
  object space 44032K, 14% used [0x00000000c0000000,0x00000000c0672818,0x00000000c2b00000)
 Metaspace       used 6069K, capacity 7024K, committed 7296K, reserved 1056768K
  class space    used 572K, capacity 616K, committed 640K, reserved 1048576K
}
Event: 9.271 GC heap before
{Heap before GC invocations=4 (full 0):
 PSYoungGen      total 18944K, used 18923K [0x00000000eab00000, 0x00000000ed000000, 0x0000000100000000)
  eden space 16384K, 100% used [0x00000000eab00000,0x00000000ebb00000,0x00000000ebb00000)
  from space 2560K, 99% used [0x00000000ebb00000,0x00000000ebd7aea8,0x00000000ebd80000)
  to   space 2560K, 0% used [0x00000000ecd80000,0x00000000ecd80000,0x00000000ed000000)
 ParOldGen       total 44032K, used 6602K [0x00000000c0000000, 0x00000000c2b00000, 0x00000000eab00000)
  object space 44032K, 14% used [0x00000000c0000000,0x00000000c0672818,0x00000000c2b00000)
 Metaspace       used 6220K, capacity 7088K, committed 7296K, reserved 1056768K
  class space    used 591K, capacity 616K, committed 640K, reserved 1048576K
Event: 9.562 GC heap after
Heap after GC invocations=4 (full 0):
 PSYoungGen      total 35328K, used 2536K [0x00000000eab00000, 0x00000000ed000000, 0x0000000100000000)
  eden space 32768K, 0% used [0x00000000eab00000,0x00000000eab00000,0x00000000ecb00000)
  from space 2560K, 99% used [0x00000000ecd80000,0x00000000ecffa288,0x00000000ed000000)
  to   space 2560K, 0% used [0x00000000ecb00000,0x00000000ecb00000,0x00000000ecd80000)
 ParOldGen       total 44032K, used 9253K [0x00000000c0000000, 0x00000000c2b00000, 0x00000000eab00000)
  object space 44032K, 21% used [0x00000000c0000000,0x00000000c0909558,0x00000000c2b00000)
 Metaspace       used 6220K, capacity 7088K, committed 7296K, reserved 1056768K
  class space    used 591K, capacity 616K, committed 640K, reserved 1048576K
}
Event: 11.055 GC heap before
{Heap before GC invocations=5 (full 0):
 PSYoungGen      total 35328K, used 35304K [0x00000000eab00000, 0x00000000ed000000, 0x0000000100000000)
  eden space 32768K, 100% used [0x00000000eab00000,0x00000000ecb00000,0x00000000ecb00000)
  from space 2560K, 99% used [0x00000000ecd80000,0x00000000ecffa288,0x00000000ed000000)
  to   space 2560K, 0% used [0x00000000ecb00000,0x00000000ecb00000,0x00000000ecd80000)
 ParOldGen       total 44032K, used 9253K [0x00000000c0000000, 0x00000000c2b00000, 0x00000000eab00000)
  object space 44032K, 21% used [0x00000000c0000000,0x00000000c0909558,0x00000000c2b00000)
 Metaspace       used 6285K, capacity 7088K, committed 7296K, reserved 1056768K
  class space    used 591K, capacity 616K, committed 640K, reserved 1048576K
Event: 11.530 GC heap after
Heap after GC invocations=5 (full 0):
 PSYoungGen      total 35328K, used 2536K [0x00000000eab00000, 0x00000000efa00000, 0x0000000100000000)
  eden space 32768K, 0% used [0x00000000eab00000,0x00000000eab00000,0x00000000ecb00000)
  from space 2560K, 99% used [0x00000000ecb00000,0x00000000ecd7a1d0,0x00000000ecd80000)
  to   space 7680K, 0% used [0x00000000ef280000,0x00000000ef280000,0x00000000efa00000)
 ParOldGen       total 44032K, used 14628K [0x00000000c0000000, 0x00000000c2b00000, 0x00000000eab00000)
  object space 44032K, 33% used [0x00000000c0000000,0x00000000c0e49088,0x00000000c2b00000)
 Metaspace       used 6285K, capacity 7088K, committed 7296K, reserved 1056768K
  class space    used 591K, capacity 616K, committed 640K, reserved 1048576K
}
Event: 13.988 GC heap before
{Heap before GC invocations=6 (full 0):
 PSYoungGen      total 35328K, used 35304K [0x00000000eab00000, 0x00000000efa00000, 0x0000000100000000)
  eden space 32768K, 100% used [0x00000000eab00000,0x00000000ecb00000,0x00000000ecb00000)
  from space 2560K, 99% used [0x00000000ecb00000,0x00000000ecd7a1d0,0x00000000ecd80000)
  to   space 7680K, 0% used [0x00000000ef280000,0x00000000ef280000,0x00000000efa00000)
 ParOldGen       total 44032K, used 14628K [0x00000000c0000000, 0x00000000c2b00000, 0x00000000eab00000)
  object space 44032K, 33% used [0x00000000c0000000,0x00000000c0e49088,0x00000000c2b00000)
 Metaspace       used 6327K, capacity 7152K, committed 7296K, reserved 1056768K
  class space    used 591K, capacity 616K, committed 640K, reserved 1048576K
Event: 14.468 GC heap after
Heap after GC invocations=6 (full 0):
 PSYoungGen      total 71680K, used 7667K [0x00000000eab00000, 0x00000000efd00000, 0x0000000100000000)
  eden space 64000K, 0% used [0x00000000eab00000,0x00000000eab00000,0x00000000ee980000)
  from space 7680K, 99% used [0x00000000ef280000,0x00000000ef9fcc78,0x00000000efa00000)
  to   space 9216K, 0% used [0x00000000ee980000,0x00000000ee980000,0x00000000ef280000)
 ParOldGen       total 44032K, used 14972K [0x00000000c0000000, 0x00000000c2b00000, 0x00000000eab00000)
  object space 44032K, 34% used [0x00000000c0000000,0x00000000c0e9f3b8,0x00000000c2b00000)
 Metaspace       used 6327K, capacity 7152K, committed 7296K, reserved 1056768K
  class space    used 591K, capacity 616K, committed 640K, reserved 1048576K
}
Event: 25.982 GC heap before
{Heap before GC invocations=7 (full 0):
 PSYoungGen      total 71680K, used 71667K [0x00000000eab00000, 0x00000000efd00000, 0x0000000100000000)
  eden space 64000K, 100% used [0x00000000eab00000,0x00000000ee980000,0x00000000ee980000)
  from space 7680K, 99% used [0x00000000ef280000,0x00000000ef9fcc78,0x00000000efa00000)
  to   space 9216K, 0% used [0x00000000ee980000,0x00000000ee980000,0x00000000ef280000)
 ParOldGen       total 44032K, used 14972K [0x00000000c0000000, 0x00000000c2b00000, 0x00000000eab00000)
  object space 44032K, 34% used [0x00000000c0000000,0x00000000c0e9f3b8,0x00000000c2b00000)
 Metaspace       used 6405K, capacity 7152K, committed 7296K, reserved 1056768K
  class space    used 592K, capacity 616K, committed 640K, reserved 1048576K
Event: 27.772 GC heap after
Heap after GC invocations=7 (full 0):
 PSYoungGen      total 73216K, used 9186K [0x00000000eab00000, 0x00000000efd00000, 0x0000000100000000)
  eden space 64000K, 0% used [0x00000000eab00000,0x00000000eab00000,0x00000000ee980000)
  from space 9216K, 99% used [0x00000000ee980000,0x00000000ef2789b8,0x00000000ef280000)
  to   space 7680K, 0% used [0x00000000ef280000,0x00000000ef280000,0x00000000efa00000)
 ParOldGen       total 44032K, used 23824K [0x00000000c0000000, 0x00000000c2b00000, 0x00000000eab00000)
  object space 44032K, 54% used [0x00000000c0000000,0x00000000c17440a0,0x00000000c2b00000)
 Metaspace       used 6405K, capacity 7152K, committed 7296K, reserved 1056768K
  class space    used 592K, capacity 616K, committed 640K, reserved 1048576K
}

Deoptimization events (10 events):
Event: 34.080 Thread 0x00000000166c5800 Uncommon trap: reason=unstable_if action=reinterpret pc=0x0000000002daf5dc method=com.android.dx.dex.code.OutputFinisher.addConstants(Ljava/util/HashSet;Lcom/android/dx/rop/code/RegisterSpec;)V @ 32
Event: 39.356 Thread 0x00000000166c5800 Uncommon trap: reason=speculate_class_check action=maybe_recompile pc=0x00000000028721d4 method=com.android.dx.util.FixedSizeList.equals(Ljava/lang/Object;)Z @ 25
Event: 39.356 Thread 0x00000000166c5800 Uncommon trap: reason=speculate_class_check action=maybe_recompile pc=0x00000000028721d4 method=com.android.dx.util.FixedSizeList.equals(Ljava/lang/Object;)Z @ 25
Event: 39.356 Thread 0x00000000166c5800 Uncommon trap: reason=speculate_class_check action=maybe_recompile pc=0x00000000028721d4 method=com.android.dx.util.FixedSizeList.equals(Ljava/lang/Object;)Z @ 25
Event: 39.356 Thread 0x00000000166c5800 Uncommon trap: reason=speculate_class_check action=maybe_recompile pc=0x00000000028721d4 method=com.android.dx.util.FixedSizeList.equals(Ljava/lang/Object;)Z @ 25
Event: 41.405 Thread 0x00000000166c5800 Uncommon trap: reason=unstable_if action=reinterpret pc=0x0000000002cedeec method=java.util.TreeMap.put(Ljava/lang/Object;Ljava/lang/Object;)Ljava/lang/Object; @ 163
Event: 41.711 Thread 0x00000000166c5800 Uncommon trap: reason=unstable_if action=reinterpret pc=0x0000000002d26028 method=com.android.dx.rop.code.RegisterSpecSet.equals(Ljava/lang/Object;)Z @ 30
Event: 44.299 Thread 0x00000000166c5800 Uncommon trap: reason=unstable_if action=reinterpret pc=0x0000000002e3b8c8 method=com.android.dx.rop.code.RegisterSpec.matchesVariable(Lcom/android/dx/rop/code/RegisterSpec;)Z @ 59
Event: 49.099 Thread 0x00000000166c5800 Uncommon trap: reason=unstable_if action=reinterpret pc=0x0000000002e46d1c method=com.android.dx.dex.code.LocalList$MakeState.filterSpec(Lcom/android/dx/rop/code/RegisterSpec;)Lcom/android/dx/rop/code/RegisterSpec; @ 11
Event: 50.117 Thread 0x00000000166c5800 Uncommon trap: reason=unstable_if action=reinterpret pc=0x0000000002c24ee4 method=java.util.ArrayList.<init>(I)V @ 5

Internal exceptions (8 events):
Event: 1.425 Thread 0x0000000002360800 Exception <a 'java/lang/NoSuchMethodError': Method sun.misc.Unsafe.defineClass(Ljava/lang/String;[BII)Ljava/lang/Class; name or signature does not match> (0x00000000eab07cc0) thrown at [C:\src\android\AOSP-openjdk\external\jetbrains\jdk\hotspot\src\share\vtéöQõÌö?
Event: 1.425 Thread 0x0000000002360800 Exception <a 'java/lang/NoSuchMethodError': Method sun.misc.Unsafe.prefetchRead(Ljava/lang/Object;J)V name or signature does not match> (0x00000000eab07fa8) thrown at [C:\src\android\AOSP-openjdk\external\jetbrains\jdk\hotspot\src\share\vm\prims\jni.cpp, l
Event: 6.090 Thread 0x0000000002360800 Implicit null exception at 0x0000000002817955 to 0x000000000281aaa1
Event: 6.091 Thread 0x0000000002360800 Implicit null exception at 0x00000000027e9c2d to 0x00000000027ec305
Event: 7.573 Thread 0x000000001670b800 Implicit null exception at 0x0000000002822d22 to 0x0000000002822e1a
Event: 8.710 Thread 0x000000001670c800 Exception <a 'java/lang/ArrayIndexOutOfBoundsException': 18> (0x00000000eb668818) thrown at [C:\src\android\AOSP-openjdk\external\jetbrains\jdk\hotspot\src\share\vm\interpreter\interpreterRuntime.cpp, line 366]
Event: 8.880 Thread 0x000000001670c800 Exception <a 'java/lang/ArrayIndexOutOfBoundsException'> (0x00000000eb66a398) thrown at [C:\src\android\AOSP-openjdk\external\jetbrains\jdk\hotspot\src\share\vm\runtime\sharedRuntime.cpp, line 605]
Event: 8.977 Thread 0x000000001670c800 Exception <a 'java/lang/ArrayIndexOutOfBoundsException'> (0x00000000eb66b680) thrown at [C:\src\android\AOSP-openjdk\external\jetbrains\jdk\hotspot\src\share\vm\runtime\sharedRuntime.cpp, line 605]

Events (10 events):
Event: 49.114 Thread 0x00000000166c5800 DEOPT UNPACKING pc=0x00000000024a75bf sp=0x0000000016b6e9f0 mode 0
Event: 49.890 loading class com/android/dx/dex/file/DebugInfoEncoder
Event: 49.890 loading class com/android/dx/dex/file/DebugInfoEncoder done
Event: 50.111 loading class com/android/dx/dex/file/DebugInfoEncoder$1
Event: 50.111 loading class com/android/dx/dex/file/DebugInfoEncoder$1 done
Event: 50.113 loading class com/android/dx/dex/file/DebugInfoEncoder$2
Event: 50.113 loading class com/android/dx/dex/file/DebugInfoEncoder$2 done
Event: 50.117 Thread 0x00000000166c5800 Uncommon trap: trap_request=0xffffff65 fr.pc=0x0000000002c24ee4
Event: 50.117 Thread 0x00000000166c5800 DEOPT PACKING pc=0x0000000002c24ee4 sp=0x0000000016b6eb00
Event: 50.117 Thread 0x00000000166c5800 DEOPT UNPACKING pc=0x00000000024a556a sp=0x0000000016b6eaa8 mode 2


Dynamic libraries:
0x00007ff647d40000 - 0x00007ff647d71000 	D:\Android\AndroidStudio\jre\bin\java.exe
0x00007ffea56e0000 - 0x00007ffea588d000 	C:\WINDOWS\SYSTEM32\ntdll.dll
0x00007ffea52d0000 - 0x00007ffea540e000 	C:\WINDOWS\system32\KERNEL32.DLL
0x00007ffea28d0000 - 0x00007ffea29e5000 	C:\WINDOWS\system32\KERNELBASE.dll
0x00007ffea3210000 - 0x00007ffea32ba000 	C:\WINDOWS\system32\ADVAPI32.dll
0x00007ffea3030000 - 0x00007ffea31a7000 	C:\WINDOWS\system32\USER32.dll
0x00007ffea05a0000 - 0x00007ffea081a000 	C:\WINDOWS\WinSxS\amd64_microsoft.windows.common-controls_6595b64144ccf1df_6.0.9600.17810_none_6240b9c7ecbd0bda\COMCTL32.dll
0x00007ffea5630000 - 0x00007ffea56da000 	C:\WINDOWS\system32\msvcrt.dll
0x00007ffea31b0000 - 0x00007ffea3209000 	C:\WINDOWS\SYSTEM32\sechost.dll
0x00007ffea2e20000 - 0x00007ffea2f60000 	C:\WINDOWS\system32\RPCRT4.dll
0x00007ffea4f60000 - 0x00007ffea50af000 	C:\WINDOWS\system32\GDI32.dll
0x00007ffea2ce0000 - 0x00007ffea2d0e000 	C:\WINDOWS\system32\SspiCli.dll
0x00007ffea3390000 - 0x00007ffea33c6000 	C:\WINDOWS\system32\IMM32.DLL
0x00007ffea33d0000 - 0x00007ffea3522000 	C:\WINDOWS\system32\MSCTF.dll
0x0000000050530000 - 0x0000000050602000 	D:\Android\AndroidStudio\jre\jre\bin\msvcr100.dll
0x0000000050720000 - 0x0000000050f54000 	D:\Android\AndroidStudio\jre\jre\bin\server\jvm.dll
0x00007ffe98c80000 - 0x00007ffe98c89000 	C:\WINDOWS\SYSTEM32\WSOCK32.dll
0x00007ffe92e90000 - 0x00007ffe92eb2000 	C:\WINDOWS\SYSTEM32\WINMM.dll
0x00007ffe9b960000 - 0x00007ffe9b96a000 	C:\WINDOWS\SYSTEM32\VERSION.dll
0x00007ffea3770000 - 0x00007ffea3777000 	C:\WINDOWS\system32\PSAPI.DLL
0x00007ffea3530000 - 0x00007ffea358a000 	C:\WINDOWS\system32\WS2_32.dll
0x00007ffe92df0000 - 0x00007ffe92e1a000 	C:\WINDOWS\SYSTEM32\WINMMBASE.dll
0x00007ffea3590000 - 0x00007ffea3599000 	C:\WINDOWS\system32\NSI.dll
0x00007ffea2d10000 - 0x00007ffea2d5f000 	C:\WINDOWS\SYSTEM32\cfgmgr32.dll
0x00007ffea1630000 - 0x00007ffea1658000 	C:\WINDOWS\SYSTEM32\DEVOBJ.dll
0x00007ffe9ec20000 - 0x00007ffe9ec2f000 	D:\Android\AndroidStudio\jre\jre\bin\verify.dll
0x00007ffe8d680000 - 0x00007ffe8d6a9000 	D:\Android\AndroidStudio\jre\jre\bin\java.dll
0x00007ffe94de0000 - 0x00007ffe94df6000 	D:\Android\AndroidStudio\jre\jre\bin\zip.dll
0x00007ffea3a30000 - 0x00007ffea4f58000 	C:\WINDOWS\system32\SHELL32.dll
0x00007ffea50b0000 - 0x00007ffea52c1000 	C:\WINDOWS\SYSTEM32\combase.dll
0x00007ffea2f60000 - 0x00007ffea2fb4000 	C:\WINDOWS\system32\SHLWAPI.dll
0x00007ffea0eb0000 - 0x00007ffea0f62000 	C:\WINDOWS\SYSTEM32\SHCORE.dll
0x00007ffea2800000 - 0x00007ffea2815000 	C:\WINDOWS\SYSTEM32\profapi.dll

VM Arguments:
jvm_args: -Djava.awt.headless=true -Xmx1024M -Dfile.encoding=windows-1252 -Duser.country=US -Duser.language=en -Duser.variant 
java_command: com.android.dx.command.Main --dex --force-jumbo --num-threads=4 --multi-dex --output D:\Mozilla Downloads\and-nd-firebase-1.00-starting-point\app\build\intermediates\transforms\dex\debug\folders\1000\10\glide-3.6.1_77fffda2c92ee42ff3e6c42f1a316c6bbee80f7c C:\Users\Hamid-PC\.gradle\caches\modules-2\files-2.1\com.github.bumptech.glide\glide\3.6.1\86b122e640af09b0723e1fa44083c354ba6d9089\glide-3.6.1.jar
java_class_path (initial): D:\Android\sdk\build-tools\24.0.1\lib\dx.jar
Launcher Type: SUN_STANDARD

Environment Variables:
PATH=C:\ProgramData\Oracle\Java\javapath;C:\Program Files (x86)\Intel\iCLS Client\;C:\Program Files\Intel\iCLS Client\;C:\WINDOWS\system32;C:\WINDOWS;C:\WINDOWS\System32\Wbem;C:\WINDOWS\System32\WindowsPowerShell\v1.0\;C:\Program Files\Intel\Intel(R) Management Engine Components\DAL;C:\Program Files (x86)\Intel\Intel(R) Management Engine Components\DAL;C:\Program Files\Intel\Intel(R) Management Engine Components\IPT;C:\Program Files (x86)\Intel\Intel(R) Management Engine Components\IPT;C:\Program Files (x86)\Skype\Phone\
USERNAME=Hamid-PC
OS=Windows_NT
PROCESSOR_IDENTIFIER=Intel64 Family 6 Model 61 Stepping 4, GenuineIntel



---------------  S Y S T E M  ---------------

OS: Windows 8.1 , 64 bit Build 9600 (6.3.9600.17415)

CPU:total 4 (2 cores per cpu, 2 threads per core) family 6 model 61 stepping 4, cmov, cx8, fxsr, mmx, sse, sse2, sse3, ssse3, sse4.1, sse4.2, popcnt, avx, avx2, aes, clmul, erms, 3dnowpref, lzcnt, ht, tsc, tscinvbit, bmi1, bmi2, adx

Memory: 4k page, physical 4107980k(110556k free), swap 6650136k(5268k free)

vm_info: OpenJDK 64-Bit Server VM (25.76-b03) for windows-amd64 JRE (1.8.0_76-release-b03), built on Jun 29 2016 19:09:20 by "ralucas" with MS VC++ 10.0 (VS2010)

time: Thu Dec 15 23:36:46 2016
elapsed time: 50 seconds (0d 0h 0m 50s)

