#
# There is insufficient memory for the Java Runtime Environment to continue.
# Native memory allocation (malloc) failed to allocate 610816 bytes for Chunk::new
# Possible reasons:
#   The system is out of physical RAM or swap space
#   In 32 bit mode, the process size limit was hit
# Possible solutions:
#   Reduce memory load on the system
#   Increase physical memory or swap space
#   Check if swap backing store is full
#   Use 64 bit Java on a 64 bit OS
#   Decrease Java heap size (-Xmx/-Xms)
#   Decrease number of Java threads
#   Decrease Java thread stack sizes (-Xss)
#   Set larger code cache with -XX:ReservedCodeCacheSize=
# This output file may be truncated or incomplete.
#
#  Out of Memory Error (allocation.cpp:390), pid=2348, tid=0x000000000000176c
#
# JRE version: OpenJDK Runtime Environment (8.0_76-b03) (build 1.8.0_76-release-b03)
# Java VM: OpenJDK 64-Bit Server VM (25.76-b03 mixed mode windows-amd64 compressed oops)
# Failed to write core dump. Minidumps are not enabled by default on client versions of Windows
#

---------------  T H R E A D  ---------------

Current thread (0x00000000150ac800):  JavaThread "C2 CompilerThread1" daemon [_thread_in_native, id=5996, stack(0x00000000166d0000,0x00000000167d0000)]

Stack: [0x00000000166d0000,0x00000000167d0000]
[error occurred during error reporting (printing stack bounds), id 0xc0000005]

Native frames: (J=compiled Java code, j=interpreted, Vv=VM code, C=native code)


Current CompileTask:
C2:   3842 1215   !   4       com.android.dx.cf.code.BytecodeArray::parseInstruction (2764 bytes)


---------------  P R O C E S S  ---------------

Java Threads: ( => current thread )
  0x0000000016bbf000 JavaThread "pool-2-thread-4" [_thread_in_Java, id=5600, stack(0x00000000172d0000,0x00000000173d0000)]
  0x0000000016bbd800 JavaThread "pool-2-thread-3" [_thread_blocked, id=5172, stack(0x00000000171d0000,0x00000000172d0000)]
  0x0000000016bbc800 JavaThread "pool-2-thread-2" [_thread_in_Java, id=1812, stack(0x00000000170d0000,0x00000000171d0000)]
  0x0000000016bba000 JavaThread "pool-3-thread-1" [_thread_blocked, id=1788, stack(0x0000000016fd0000,0x00000000170d0000)]
  0x0000000016a99800 JavaThread "pool-2-thread-1" [_thread_blocked, id=4872, stack(0x0000000016ed0000,0x0000000016fd0000)]
  0x00000000168eb800 JavaThread "Service Thread" daemon [_thread_blocked, id=4612, stack(0x0000000016cd0000,0x0000000016dd0000)]
  0x00000000150c2800 JavaThread "C1 CompilerThread2" daemon [_thread_blocked, id=6068, stack(0x00000000167d0000,0x00000000168d0000)]
=>0x00000000150ac800 JavaThread "C2 CompilerThread1" daemon [_thread_in_native, id=5996, stack(0x00000000166d0000,0x00000000167d0000)]
  0x000000001506a800 JavaThread "C2 CompilerThread0" daemon [_thread_in_native, id=5164, stack(0x00000000165d0000,0x00000000166d0000)]
  0x0000000015069000 JavaThread "Attach Listener" daemon [_thread_blocked, id=5788, stack(0x00000000164d0000,0x00000000165d0000)]
  0x0000000015068000 JavaThread "Signal Dispatcher" daemon [_thread_blocked, id=3104, stack(0x00000000163d0000,0x00000000164d0000)]
  0x0000000015058000 JavaThread "Finalizer" daemon [_thread_blocked, id=3460, stack(0x00000000162d0000,0x00000000163d0000)]
  0x000000000298f000 JavaThread "Reference Handler" daemon [_thread_blocked, id=3324, stack(0x00000000161d0000,0x00000000162d0000)]
  0x00000000028a0800 JavaThread "main" [_thread_in_Java, id=3720, stack(0x00000000026a0000,0x00000000027a0000)]

Other Threads:
  0x0000000015035800 VMThread [stack: 0x00000000160d0000,0x00000000161d0000] [id=1648]
  0x00000000168ec800 WatcherThread [stack: 0x0000000016dd0000,0x0000000016ed0000] [id=4804]

VM state:not at safepoint (normal execution)

VM Mutex/Monitor currently owned by a thread: None

Heap:
 PSYoungGen      total 35328K, used 8051K [0x00000000eab00000, 0x00000000ed000000, 0x0000000100000000)
  eden space 32768K, 16% used [0x00000000eab00000,0x00000000eb062448,0x00000000ecb00000)
  from space 2560K, 99% used [0x00000000ecd80000,0x00000000ecffaab8,0x00000000ed000000)
  to   space 2560K, 0% used [0x00000000ecb00000,0x00000000ecb00000,0x00000000ecd80000)
 ParOldGen       total 44032K, used 4340K [0x00000000c0000000, 0x00000000c2b00000, 0x00000000eab00000)
  object space 44032K, 9% used [0x00000000c0000000,0x00000000c043d030,0x00000000c2b00000)
 Metaspace       used 5861K, capacity 6960K, committed 7040K, reserved 1056768K
  class space    used 562K, capacity 616K, committed 640K, reserved 1048576K

Card table byte_map: [0x0000000011d60000,0x0000000011f70000] byte_map_base: 0x0000000011760000

Marking Bits: (ParMarkBitMap*) 0x0000000069db9d00
 Begin Bits: [0x00000000124d0000, 0x00000000134d0000)
 End Bits:   [0x00000000134d0000, 0x00000000144d0000)

Polling page: 0x0000000000ec0000

CodeCache: size=245760Kb used=5377Kb max_used=5377Kb free=240382Kb
 bounds [0x00000000029a0000, 0x0000000002ef0000, 0x00000000119a0000]
 total_blobs=1545 nmethods=1283 adapters=176
 compilation: enabled

Compilation events (10 events):
Event: 3.781 Thread 0x00000000150c2800 1286       3       com.android.dx.cf.code.RopperMachine::updateReturnOp (115 bytes)
Event: 3.784 Thread 0x00000000150c2800 nmethod 1286 0x0000000002ee0310 code [0x0000000002ee05a0, 0x0000000002ee17d8]
Event: 3.797 Thread 0x00000000150c2800 1287       3       com.android.dx.rop.code.Rops::opGetField (97 bytes)
Event: 3.799 Thread 0x00000000150c2800 nmethod 1287 0x0000000002ee2010 code [0x0000000002ee2240, 0x0000000002ee2eb8]
Event: 3.799 Thread 0x00000000150c2800 1288       3       com.android.dx.rop.code.Rops::opConst (85 bytes)
Event: 3.802 Thread 0x00000000150c2800 nmethod 1288 0x0000000002ee3450 code [0x0000000002ee36a0, 0x0000000002ee43a8]
Event: 3.810 Thread 0x00000000150c2800 1289       3       com.android.dx.ssa.SsaRenamer$BlockRenamer::visitPhiInsn (6 bytes)
Event: 3.811 Thread 0x00000000150c2800 nmethod 1289 0x0000000002ed3dd0 code [0x0000000002ed3f40, 0x0000000002ed40e8]
Event: 3.816 Thread 0x00000000150c2800 1290       3       com.android.dx.ssa.MoveParamCombiner$1::visitPhiInsn (1 bytes)
Event: 3.816 Thread 0x00000000150c2800 nmethod 1290 0x0000000002ee4950 code [0x0000000002ee4aa0, 0x0000000002ee4bf0]

GC Heap History (4 events):
Event: 2.046 GC heap before
{Heap before GC invocations=1 (full 0):
 PSYoungGen      total 18944K, used 16384K [0x00000000eab00000, 0x00000000ec000000, 0x0000000100000000)
  eden space 16384K, 100% used [0x00000000eab00000,0x00000000ebb00000,0x00000000ebb00000)
  from space 2560K, 0% used [0x00000000ebd80000,0x00000000ebd80000,0x00000000ec000000)
  to   space 2560K, 0% used [0x00000000ebb00000,0x00000000ebb00000,0x00000000ebd80000)
 ParOldGen       total 44032K, used 0K [0x00000000c0000000, 0x00000000c2b00000, 0x00000000eab00000)
  object space 44032K, 0% used [0x00000000c0000000,0x00000000c0000000,0x00000000c2b00000)
 Metaspace       used 5650K, capacity 6768K, committed 7040K, reserved 1056768K
  class space    used 562K, capacity 616K, committed 640K, reserved 1048576K
Event: 2.184 GC heap after
Heap after GC invocations=1 (full 0):
 PSYoungGen      total 18944K, used 2535K [0x00000000eab00000, 0x00000000ed000000, 0x0000000100000000)
  eden space 16384K, 0% used [0x00000000eab00000,0x00000000eab00000,0x00000000ebb00000)
  from space 2560K, 99% used [0x00000000ebb00000,0x00000000ebd79c88,0x00000000ebd80000)
  to   space 2560K, 0% used [0x00000000ecd80000,0x00000000ecd80000,0x00000000ed000000)
 ParOldGen       total 44032K, used 1588K [0x00000000c0000000, 0x00000000c2b00000, 0x00000000eab00000)
  object space 44032K, 3% used [0x00000000c0000000,0x00000000c018d188,0x00000000c2b00000)
 Metaspace       used 5650K, capacity 6768K, committed 7040K, reserved 1056768K
  class space    used 562K, capacity 616K, committed 640K, reserved 1048576K
}
Event: 3.244 GC heap before
{Heap before GC invocations=2 (full 0):
 PSYoungGen      total 18944K, used 18919K [0x00000000eab00000, 0x00000000ed000000, 0x0000000100000000)
  eden space 16384K, 100% used [0x00000000eab00000,0x00000000ebb00000,0x00000000ebb00000)
  from space 2560K, 99% used [0x00000000ebb00000,0x00000000ebd79c88,0x00000000ebd80000)
  to   space 2560K, 0% used [0x00000000ecd80000,0x00000000ecd80000,0x00000000ed000000)
 ParOldGen       total 44032K, used 1588K [0x00000000c0000000, 0x00000000c2b00000, 0x00000000eab00000)
  object space 44032K, 3% used [0x00000000c0000000,0x00000000c018d188,0x00000000c2b00000)
 Metaspace       used 5821K, capacity 6960K, committed 7040K, reserved 1056768K
  class space    used 562K, capacity 616K, committed 640K, reserved 1048576K
Event: 3.511 GC heap after
Heap after GC invocations=2 (full 0):
 PSYoungGen      total 35328K, used 2538K [0x00000000eab00000, 0x00000000ed000000, 0x0000000100000000)
  eden space 32768K, 0% used [0x00000000eab00000,0x00000000eab00000,0x00000000ecb00000)
  from space 2560K, 99% used [0x00000000ecd80000,0x00000000ecffaab8,0x00000000ed000000)
  to   space 2560K, 0% used [0x00000000ecb00000,0x00000000ecb00000,0x00000000ecd80000)
 ParOldGen       total 44032K, used 4340K [0x00000000c0000000, 0x00000000c2b00000, 0x00000000eab00000)
  object space 44032K, 9% used [0x00000000c0000000,0x00000000c043d030,0x00000000c2b00000)
 Metaspace       used 5821K, capacity 6960K, committed 7040K, reserved 1056768K
  class space    used 562K, capacity 616K, committed 640K, reserved 1048576K
}

Deoptimization events (10 events):
Event: 1.437 Thread 0x0000000016bbc800 Uncommon trap: reason=unstable_if action=reinterpret pc=0x0000000002bb5908 method=java.util.HashMap.getNode(ILjava/lang/Object;)Ljava/util/HashMap$Node; @ 62
Event: 1.800 Thread 0x0000000016bbf000 Uncommon trap: reason=unstable_if action=reinterpret pc=0x0000000002cc9d4c method=java.util.HashMap.getNode(ILjava/lang/Object;)Ljava/util/HashMap$Node; @ 129
Event: 1.863 Thread 0x0000000016bbc800 Uncommon trap: reason=unstable_if action=reinterpret pc=0x0000000002bc5130 method=java.util.BitSet.nextSetBit(I)I @ 87
Event: 2.203 Thread 0x0000000016bbd800 Uncommon trap: reason=class_check action=maybe_recompile pc=0x0000000002cb5cf0 method=com.android.dx.ssa.NormalSsaInsn.accept(Lcom/android/dx/ssa/SsaInsn$Visitor;)V @ 9
Event: 2.204 Thread 0x0000000016bbd800 Uncommon trap: reason=class_check action=maybe_recompile pc=0x0000000002c11230 method=com.android.dx.ssa.NormalSsaInsn.accept(Lcom/android/dx/ssa/SsaInsn$Visitor;)V @ 9
Event: 2.204 Thread 0x0000000016bbd800 Uncommon trap: reason=class_check action=maybe_recompile pc=0x0000000002c11230 method=com.android.dx.ssa.NormalSsaInsn.accept(Lcom/android/dx/ssa/SsaInsn$Visitor;)V @ 9
Event: 2.204 Thread 0x0000000016bbd800 Uncommon trap: reason=class_check action=maybe_recompile pc=0x0000000002c11230 method=com.android.dx.ssa.NormalSsaInsn.accept(Lcom/android/dx/ssa/SsaInsn$Visitor;)V @ 9
Event: 2.483 Thread 0x0000000016bbd800 Uncommon trap: reason=class_check action=maybe_recompile pc=0x0000000002cb5cf0 method=com.android.dx.ssa.NormalSsaInsn.accept(Lcom/android/dx/ssa/SsaInsn$Visitor;)V @ 9
Event: 2.520 Thread 0x00000000028a0800 Uncommon trap: reason=unstable_if action=reinterpret pc=0x0000000002d15638 method=java.util.HashMap.getNode(ILjava/lang/Object;)Ljava/util/HashMap$Node; @ 129
Event: 2.521 Thread 0x00000000028a0800 Uncommon trap: reason=unstable_if action=reinterpret pc=0x0000000002be7e98 method=java.util.HashMap.getNode(ILjava/lang/Object;)Ljava/util/HashMap$Node; @ 129

Internal exceptions (2 events):
Event: 0.099 Thread 0x00000000028a0800 Exception <a 'java/lang/NoSuchMethodError': Method sun.misc.Unsafe.defineClass(Ljava/lang/String;[BII)Ljava/lang/Class; name or signature does not match> (0x00000000eab07cc0) thrown at [C:\src\android\AOSP-openjdk\external\jetbrains\jdk\hotspot\src\share\vÑy>KO¹?
Event: 0.099 Thread 0x00000000028a0800 Exception <a 'java/lang/NoSuchMethodError': Method sun.misc.Unsafe.prefetchRead(Ljava/lang/Object;J)V name or signature does not match> (0x00000000eab07fa8) thrown at [C:\src\android\AOSP-openjdk\external\jetbrains\jdk\hotspot\src\share\vm\prims\jni.cpp, l

Events (10 events):
Event: 2.483 Thread 0x0000000016bbd800 DEOPT PACKING pc=0x0000000002cb5cf0 sp=0x00000000172ceba0
Event: 2.483 Thread 0x0000000016bbd800 DEOPT UNPACKING pc=0x00000000029e556a sp=0x00000000172ceb70 mode 2
Event: 2.520 Thread 0x00000000028a0800 Uncommon trap: trap_request=0xffffff65 fr.pc=0x0000000002d15638
Event: 2.520 Thread 0x00000000028a0800 DEOPT PACKING pc=0x0000000002d15638 sp=0x000000000279e5f0
Event: 2.520 Thread 0x00000000028a0800 DEOPT UNPACKING pc=0x00000000029e556a sp=0x000000000279e4c0 mode 2
Event: 2.521 Thread 0x00000000028a0800 Uncommon trap: trap_request=0xffffff65 fr.pc=0x0000000002be7e98
Event: 2.521 Thread 0x00000000028a0800 DEOPT PACKING pc=0x0000000002be7e98 sp=0x000000000279e510
Event: 2.521 Thread 0x00000000028a0800 DEOPT UNPACKING pc=0x00000000029e556a sp=0x000000000279e430 mode 2
Event: 3.241 Executing VM operation: ParallelGCFailedAllocation
Event: 3.512 Executing VM operation: ParallelGCFailedAllocation done


Dynamic libraries:
0x00007ff766640000 - 0x00007ff766671000 	D:\Android\AndroidStudio\jre\bin\java.exe
0x00007ffb46030000 - 0x00007ffb461dd000 	C:\WINDOWS\SYSTEM32\ntdll.dll
0x00007ffb44000000 - 0x00007ffb4413e000 	C:\WINDOWS\system32\KERNEL32.DLL
0x00007ffb43330000 - 0x00007ffb43445000 	C:\WINDOWS\system32\KERNELBASE.dll
0x00007ffb43980000 - 0x00007ffb43a2a000 	C:\WINDOWS\system32\ADVAPI32.dll
0x00007ffb43e10000 - 0x00007ffb43f87000 	C:\WINDOWS\system32\USER32.dll
0x00007ffb40df0000 - 0x00007ffb4106a000 	C:\WINDOWS\WinSxS\amd64_microsoft.windows.common-controls_6595b64144ccf1df_6.0.9600.17810_none_6240b9c7ecbd0bda\COMCTL32.dll
0x00007ffb436b0000 - 0x00007ffb4375a000 	C:\WINDOWS\system32\msvcrt.dll
0x00007ffb43a30000 - 0x00007ffb43a89000 	C:\WINDOWS\SYSTEM32\sechost.dll
0x00007ffb44140000 - 0x00007ffb44280000 	C:\WINDOWS\system32\RPCRT4.dll
0x00007ffb45830000 - 0x00007ffb4597f000 	C:\WINDOWS\system32\GDI32.dll
0x00007ffb43630000 - 0x00007ffb4365e000 	C:\WINDOWS\system32\SspiCli.dll
0x00007ffb43af0000 - 0x00007ffb43b26000 	C:\WINDOWS\system32\IMM32.DLL
0x00007ffb45980000 - 0x00007ffb45ad2000 	C:\WINDOWS\system32\MSCTF.dll
0x0000000069520000 - 0x00000000695f2000 	D:\Android\AndroidStudio\jre\jre\bin\msvcr100.dll
0x0000000069600000 - 0x0000000069e34000 	D:\Android\AndroidStudio\jre\jre\bin\server\jvm.dll
0x00007ffb3a960000 - 0x00007ffb3a969000 	C:\WINDOWS\SYSTEM32\WSOCK32.dll
0x00007ffb39250000 - 0x00007ffb39272000 	C:\WINDOWS\SYSTEM32\WINMM.dll
0x00007ffb3c820000 - 0x00007ffb3c82a000 	C:\WINDOWS\SYSTEM32\VERSION.dll
0x00007ffb43e00000 - 0x00007ffb43e07000 	C:\WINDOWS\system32\PSAPI.DLL
0x00007ffb44280000 - 0x00007ffb442da000 	C:\WINDOWS\system32\WS2_32.dll
0x00007ffb39150000 - 0x00007ffb3917a000 	C:\WINDOWS\SYSTEM32\WINMMBASE.dll
0x00007ffb45820000 - 0x00007ffb45829000 	C:\WINDOWS\system32\NSI.dll
0x00007ffb43660000 - 0x00007ffb436af000 	C:\WINDOWS\SYSTEM32\cfgmgr32.dll
0x00007ffb41f70000 - 0x00007ffb41f98000 	C:\WINDOWS\SYSTEM32\DEVOBJ.dll
0x00007ffb3f0a0000 - 0x00007ffb3f0af000 	D:\Android\AndroidStudio\jre\jre\bin\verify.dll
0x00007ffb3bae0000 - 0x00007ffb3bb09000 	D:\Android\AndroidStudio\jre\jre\bin\java.dll
0x00007ffb3ec30000 - 0x00007ffb3ec46000 	D:\Android\AndroidStudio\jre\jre\bin\zip.dll
0x00007ffb442e0000 - 0x00007ffb45808000 	C:\WINDOWS\system32\SHELL32.dll
0x00007ffb43760000 - 0x00007ffb43971000 	C:\WINDOWS\SYSTEM32\combase.dll
0x00007ffb43a90000 - 0x00007ffb43ae4000 	C:\WINDOWS\system32\SHLWAPI.dll
0x00007ffb41790000 - 0x00007ffb41842000 	C:\WINDOWS\SYSTEM32\SHCORE.dll
0x00007ffb43150000 - 0x00007ffb43165000 	C:\WINDOWS\SYSTEM32\profapi.dll

VM Arguments:
jvm_args: -Djava.awt.headless=true -Xmx1024M -Dfile.encoding=windows-1252 -Duser.country=US -Duser.language=en -Duser.variant 
java_command: com.android.dx.command.Main --dex --force-jumbo --num-threads=4 --multi-dex --output D:\Mozilla Downloads\and-nd-firebase-1.00-starting-point\app\build\intermediates\transforms\dex\debug\folders\1000\10\com.firebaseui-firebase-ui-auth-1.0.1_3432ad357dc8de24b11ab0387db924550dd58de2 D:\Mozilla Downloads\and-nd-firebase-1.00-starting-point\app\build\intermediates\exploded-aar\com.firebaseui\firebase-ui-auth\1.0.1\jars\classes.jar
java_class_path (initial): D:\Android\sdk\build-tools\24.0.1\lib\dx.jar
Launcher Type: SUN_STANDARD

Environment Variables:
PATH=C:\ProgramData\Oracle\Java\javapath;C:\Program Files (x86)\Intel\iCLS Client\;C:\Program Files\Intel\iCLS Client\;C:\WINDOWS\system32;C:\WINDOWS;C:\WINDOWS\System32\Wbem;C:\WINDOWS\System32\WindowsPowerShell\v1.0\;C:\Program Files\Intel\Intel(R) Management Engine Components\DAL;C:\Program Files (x86)\Intel\Intel(R) Management Engine Components\DAL;C:\Program Files\Intel\Intel(R) Management Engine Components\IPT;C:\Program Files (x86)\Intel\Intel(R) Management Engine Components\IPT;C:\Program Files\Microsoft SQL Server\110\Tools\Binn\
USERNAME=Hamid-PC
OS=Windows_NT
PROCESSOR_IDENTIFIER=Intel64 Family 6 Model 61 Stepping 4, GenuineIntel



---------------  S Y S T E M  ---------------

OS: Windows 8.1 , 64 bit Build 9600 (6.3.9600.17415)

CPU:total 4 (2 cores per cpu, 2 threads per core) family 6 model 61 stepping 4, cmov, cx8, fxsr, mmx, sse, sse2, sse3, ssse3, sse4.1, sse4.2, popcnt, avx, avx2, aes, clmul, erms, 3dnowpref, lzcnt, ht, tsc, tscinvbit, bmi1, bmi2, adx

Memory: 4k page, physical 4107980k(174820k free), swap 5209432k(5352k free)

vm_info: OpenJDK 64-Bit Server VM (25.76-b03) for windows-amd64 JRE (1.8.0_76-release-b03), built on Jun 29 2016 19:09:20 by "ralucas" with MS VC++ 10.0 (VS2010)

time: Thu Dec 22 18:21:50 2016
elapsed time: 3 seconds (0d 0h 0m 3s)

