#
# There is insufficient memory for the Java Runtime Environment to continue.
# Native memory allocation (malloc) failed to allocate 170176 bytes for Chunk::new
# Possible reasons:
#   The system is out of physical RAM or swap space
#   In 32 bit mode, the process size limit was hit
# Possible solutions:
#   Reduce memory load on the system
#   Increase physical memory or swap space
#   Check if swap backing store is full
#   Use 64 bit Java on a 64 bit OS
#   Decrease Java heap size (-Xmx/-Xms)
#   Decrease number of Java threads
#   Decrease Java thread stack sizes (-Xss)
#   Set larger code cache with -XX:ReservedCodeCacheSize=
# This output file may be truncated or incomplete.
#
#  Out of Memory Error (allocation.cpp:390), pid=5940, tid=0x0000000000001744
#
# JRE version: OpenJDK Runtime Environment (8.0_76-b03) (build 1.8.0_76-release-b03)
# Java VM: OpenJDK 64-Bit Server VM (25.76-b03 mixed mode windows-amd64 compressed oops)
# Failed to write core dump. Minidumps are not enabled by default on client versions of Windows
#

---------------  T H R E A D  ---------------

Current thread (0x0000000014d1a800):  JavaThread "C2 CompilerThread0" daemon [_thread_in_native, id=5956, stack(0x0000000016350000,0x0000000016450000)]

Stack: [0x0000000016350000,0x0000000016450000]
[error occurred during error reporting (printing stack bounds), id 0xc0000005]

Native frames: (J=compiled Java code, j=interpreted, Vv=VM code, C=native code)


Current CompileTask:
C2:   3749  965       4       com.android.dx.ssa.back.LivenessAnalyzer::liveOutAtStatement (61 bytes)


---------------  P R O C E S S  ---------------

Java Threads: ( => current thread )
  0x00000000168fa800 JavaThread "pool-2-thread-4" [_thread_in_vm, id=5000, stack(0x0000000017050000,0x0000000017150000)]
  0x0000000016900000 JavaThread "pool-2-thread-3" [_thread_blocked, id=4732, stack(0x0000000016f50000,0x0000000017050000)]
  0x00000000168ba000 JavaThread "pool-2-thread-2" [_thread_in_Java, id=3164, stack(0x0000000016e50000,0x0000000016f50000)]
  0x000000001696b000 JavaThread "pool-3-thread-1" [_thread_blocked, id=5192, stack(0x0000000016d50000,0x0000000016e50000)]
  0x000000001696e000 JavaThread "pool-2-thread-1" [_thread_blocked, id=1584, stack(0x0000000016c50000,0x0000000016d50000)]
  0x0000000014d7e800 JavaThread "Service Thread" daemon [_thread_blocked, id=1468, stack(0x0000000016a50000,0x0000000016b50000)]
  0x0000000014d7a800 JavaThread "C1 CompilerThread2" daemon [_thread_in_native, id=5392, stack(0x0000000016550000,0x0000000016650000)]
  0x0000000014d1e800 JavaThread "C2 CompilerThread1" daemon [_thread_in_native, id=3360, stack(0x0000000016450000,0x0000000016550000)]
=>0x0000000014d1a800 JavaThread "C2 CompilerThread0" daemon [_thread_in_native, id=5956, stack(0x0000000016350000,0x0000000016450000)]
  0x0000000014d19800 JavaThread "Attach Listener" daemon [_thread_blocked, id=5764, stack(0x0000000016250000,0x0000000016350000)]
  0x0000000014d18800 JavaThread "Signal Dispatcher" daemon [_thread_blocked, id=4332, stack(0x0000000016150000,0x0000000016250000)]
  0x0000000014d08000 JavaThread "Finalizer" daemon [_thread_blocked, id=5084, stack(0x0000000015f70000,0x0000000016070000)]
  0x000000000263f000 JavaThread "Reference Handler" daemon [_thread_blocked, id=400, stack(0x0000000015e70000,0x0000000015f70000)]
  0x0000000002550800 JavaThread "main" [_thread_in_vm, id=2808, stack(0x0000000002450000,0x0000000002550000)]

Other Threads:
  0x0000000014ce5800 VMThread [stack: 0x0000000015d70000,0x0000000015e70000] [id=1472]
  0x0000000016653800 WatcherThread [stack: 0x0000000016b50000,0x0000000016c50000] [id=4516]

VM state:not at safepoint (normal execution)

VM Mutex/Monitor currently owned by a thread:  ([mutex/lock_event])
[0x00000000023fe610] MethodData_lock - owner thread: 0x0000000000000000

Heap:
 PSYoungGen      total 18944K, used 8554K [0x00000000eab00000, 0x00000000ed000000, 0x0000000100000000)
  eden space 16384K, 36% used [0x00000000eab00000,0x00000000eb0dbce0,0x00000000ebb00000)
  from space 2560K, 99% used [0x00000000ebb00000,0x00000000ebd7ee90,0x00000000ebd80000)
  to   space 2560K, 0% used [0x00000000ecd80000,0x00000000ecd80000,0x00000000ed000000)
 ParOldGen       total 44032K, used 1355K [0x00000000c0000000, 0x00000000c2b00000, 0x00000000eab00000)
  object space 44032K, 3% used [0x00000000c0000000,0x00000000c0152c28,0x00000000c2b00000)
 Metaspace       used 5745K, capacity 6768K, committed 7040K, reserved 1056768K
  class space    used 569K, capacity 616K, committed 640K, reserved 1048576K

Card table byte_map: [0x0000000011a10000,0x0000000011c20000] byte_map_base: 0x0000000011410000

Marking Bits: (ParMarkBitMap*) 0x0000000069db9d00
 Begin Bits: [0x0000000012180000, 0x0000000013180000)
 End Bits:   [0x0000000013180000, 0x0000000014180000)

Polling page: 0x0000000000ad0000

CodeCache: size=245760Kb used=3796Kb max_used=3796Kb free=241963Kb
 bounds [0x0000000002650000, 0x0000000002a10000, 0x0000000011650000]
 total_blobs=1239 nmethods=972 adapters=181
 compilation: enabled

Compilation events (10 events):
Event: 3.733 Thread 0x0000000014d1a800  965       4       com.android.dx.ssa.back.LivenessAnalyzer::liveOutAtStatement (61 bytes)
Event: 3.733 Thread 0x0000000014d7a800  971       3       com.android.dx.ssa.back.IdenticalBlockCombiner::process (323 bytes)
Event: 3.738 Thread 0x0000000014d7a800 nmethod 971 0x00000000029fe4d0 code [0x00000000029fe860, 0x0000000002a00d18]
Event: 3.738 Thread 0x0000000014d7a800  973       3       com.android.dx.rop.code.BasicBlockList::forEachInsn (39 bytes)
Event: 3.739 Thread 0x0000000014d7a800 nmethod 973 0x00000000029f05d0 code [0x00000000029f07c0, 0x00000000029f13a8]
Event: 3.739 Thread 0x0000000014d7a800  976       3       com.android.dx.dex.code.CstInsn::<init> (39 bytes)
Event: 3.740 Thread 0x0000000014d7a800 nmethod 976 0x00000000029eb090 code [0x00000000029eb220, 0x00000000029eb538]
Event: 3.740 Thread 0x0000000014d7a800  977       3       com.android.dx.dex.code.RopTranslator::getRegs (64 bytes)
Event: 3.743 Thread 0x0000000014d7a800 nmethod 977 0x0000000002a01f50 code [0x0000000002a02240, 0x0000000002a03f38]
Event: 3.743 Thread 0x0000000014d7a800  982   !   3       com.android.dx.rop.type.Prototype::intern (233 bytes)

GC Heap History (2 events):
Event: 2.834 GC heap before
{Heap before GC invocations=1 (full 0):
 PSYoungGen      total 18944K, used 16384K [0x00000000eab00000, 0x00000000ec000000, 0x0000000100000000)
  eden space 16384K, 100% used [0x00000000eab00000,0x00000000ebb00000,0x00000000ebb00000)
  from space 2560K, 0% used [0x00000000ebd80000,0x00000000ebd80000,0x00000000ec000000)
  to   space 2560K, 0% used [0x00000000ebb00000,0x00000000ebb00000,0x00000000ebd80000)
 ParOldGen       total 44032K, used 0K [0x00000000c0000000, 0x00000000c2b00000, 0x00000000eab00000)
  object space 44032K, 0% used [0x00000000c0000000,0x00000000c0000000,0x00000000c2b00000)
 Metaspace       used 5566K, capacity 6640K, committed 6784K, reserved 1056768K
  class space    used 566K, capacity 616K, committed 640K, reserved 1048576K
Event: 2.946 GC heap after
Heap after GC invocations=1 (full 0):
 PSYoungGen      total 18944K, used 2555K [0x00000000eab00000, 0x00000000ed000000, 0x0000000100000000)
  eden space 16384K, 0% used [0x00000000eab00000,0x00000000eab00000,0x00000000ebb00000)
  from space 2560K, 99% used [0x00000000ebb00000,0x00000000ebd7ee90,0x00000000ebd80000)
  to   space 2560K, 0% used [0x00000000ecd80000,0x00000000ecd80000,0x00000000ed000000)
 ParOldGen       total 44032K, used 1355K [0x00000000c0000000, 0x00000000c2b00000, 0x00000000eab00000)
  object space 44032K, 3% used [0x00000000c0000000,0x00000000c0152c28,0x00000000c2b00000)
 Metaspace       used 5566K, capacity 6640K, committed 6784K, reserved 1056768K
  class space    used 566K, capacity 616K, committed 640K, reserved 1048576K
}

Deoptimization events (10 events):
Event: 3.350 Thread 0x00000000168fa800 Uncommon trap: reason=class_check action=maybe_recompile pc=0x00000000028a09c0 method=com.android.dx.ssa.NormalSsaInsn.accept(Lcom/android/dx/ssa/SsaInsn$Visitor;)V @ 9
Event: 3.351 Thread 0x00000000168fa800 Uncommon trap: reason=class_check action=maybe_recompile pc=0x0000000002885e30 method=com.android.dx.ssa.NormalSsaInsn.accept(Lcom/android/dx/ssa/SsaInsn$Visitor;)V @ 9
Event: 3.351 Thread 0x00000000168fa800 Uncommon trap: reason=class_check action=maybe_recompile pc=0x0000000002885e30 method=com.android.dx.ssa.NormalSsaInsn.accept(Lcom/android/dx/ssa/SsaInsn$Visitor;)V @ 9
Event: 3.351 Thread 0x00000000168fa800 Uncommon trap: reason=class_check action=maybe_recompile pc=0x0000000002885e30 method=com.android.dx.ssa.NormalSsaInsn.accept(Lcom/android/dx/ssa/SsaInsn$Visitor;)V @ 9
Event: 3.361 Thread 0x00000000168ba000 Uncommon trap: reason=class_check action=maybe_recompile pc=0x000000000291a938 method=com.android.dx.rop.type.Type.equals(Ljava/lang/Object;)Z @ 8
Event: 3.361 Thread 0x00000000168ba000 Uncommon trap: reason=unstable_if action=reinterpret pc=0x00000000028e0f64 method=com.android.dx.rop.code.RegisterSpec.equals(ILcom/android/dx/rop/type/TypeBearer;Lcom/android/dx/rop/code/LocalItem;)Z @ 16
Event: 3.361 Thread 0x00000000168ba000 Uncommon trap: reason=class_check action=maybe_recompile pc=0x000000000291a938 method=com.android.dx.rop.type.Type.equals(Ljava/lang/Object;)Z @ 8
Event: 3.361 Thread 0x00000000168ba000 Uncommon trap: reason=unstable_if action=reinterpret pc=0x000000000291a82c method=com.android.dx.rop.code.RegisterSpec.equals(ILcom/android/dx/rop/type/TypeBearer;Lcom/android/dx/rop/code/LocalItem;)Z @ 16
Event: 3.362 Thread 0x00000000168ba000 Uncommon trap: reason=unstable_if action=reinterpret pc=0x0000000002891ef0 method=java.util.HashMap.getNode(ILjava/lang/Object;)Ljava/util/HashMap$Node; @ 62
Event: 3.371 Thread 0x00000000168ba000 Uncommon trap: reason=unstable_if action=reinterpret pc=0x0000000002867260 method=java.util.HashMap.getNode(ILjava/lang/Object;)Ljava/util/HashMap$Node; @ 129

Internal exceptions (2 events):
Event: 0.192 Thread 0x0000000002550800 Exception <a 'java/lang/NoSuchMethodError': Method sun.misc.Unsafe.defineClass(Ljava/lang/String;[BII)Ljava/lang/Class; name or signature does not match> (0x00000000eab07cc0) thrown at [C:\src\android\AOSP-openjdk\external\jetbrains\jdk\hotspot\src\share\vC”•¦’È?
Event: 0.192 Thread 0x0000000002550800 Exception <a 'java/lang/NoSuchMethodError': Method sun.misc.Unsafe.prefetchRead(Ljava/lang/Object;J)V name or signature does not match> (0x00000000eab07fa8) thrown at [C:\src\android\AOSP-openjdk\external\jetbrains\jdk\hotspot\src\share\vm\prims\jni.cpp, l

Events (10 events):
Event: 3.361 Thread 0x00000000168ba000 DEOPT UNPACKING pc=0x000000000269556a sp=0x0000000016f4e5d8 mode 2
Event: 3.361 Thread 0x00000000168ba000 Uncommon trap: trap_request=0xffffff65 fr.pc=0x000000000291a82c
Event: 3.362 Thread 0x00000000168ba000 DEOPT PACKING pc=0x000000000291a82c sp=0x0000000016f4e930
Event: 3.362 Thread 0x00000000168ba000 DEOPT UNPACKING pc=0x000000000269556a sp=0x0000000016f4e6b8 mode 2
Event: 3.362 Thread 0x00000000168ba000 Uncommon trap: trap_request=0xffffff65 fr.pc=0x0000000002891ef0
Event: 3.363 Thread 0x00000000168ba000 DEOPT PACKING pc=0x0000000002891ef0 sp=0x0000000016f4e840
Event: 3.363 Thread 0x00000000168ba000 DEOPT UNPACKING pc=0x000000000269556a sp=0x0000000016f4e770 mode 2
Event: 3.371 Thread 0x00000000168ba000 Uncommon trap: trap_request=0xffffff65 fr.pc=0x0000000002867260
Event: 3.371 Thread 0x00000000168ba000 DEOPT PACKING pc=0x0000000002867260 sp=0x0000000016f4e060
Event: 3.371 Thread 0x00000000168ba000 DEOPT UNPACKING pc=0x000000000269556a sp=0x0000000016f4dfe8 mode 2


Dynamic libraries:
0x00007ff766640000 - 0x00007ff766671000 	D:\Android\AndroidStudio\jre\bin\java.exe
0x00007ffb46030000 - 0x00007ffb461dd000 	C:\WINDOWS\SYSTEM32\ntdll.dll
0x00007ffb44000000 - 0x00007ffb4413e000 	C:\WINDOWS\system32\KERNEL32.DLL
0x00007ffb43330000 - 0x00007ffb43445000 	C:\WINDOWS\system32\KERNELBASE.dll
0x00007ffb43980000 - 0x00007ffb43a2a000 	C:\WINDOWS\system32\ADVAPI32.dll
0x00007ffb43e10000 - 0x00007ffb43f87000 	C:\WINDOWS\system32\USER32.dll
0x00007ffb40df0000 - 0x00007ffb4106a000 	C:\WINDOWS\WinSxS\amd64_microsoft.windows.common-controls_6595b64144ccf1df_6.0.9600.17810_none_6240b9c7ecbd0bda\COMCTL32.dll
0x00007ffb436b0000 - 0x00007ffb4375a000 	C:\WINDOWS\system32\msvcrt.dll
0x00007ffb43a30000 - 0x00007ffb43a89000 	C:\WINDOWS\SYSTEM32\sechost.dll
0x00007ffb44140000 - 0x00007ffb44280000 	C:\WINDOWS\system32\RPCRT4.dll
0x00007ffb45830000 - 0x00007ffb4597f000 	C:\WINDOWS\system32\GDI32.dll
0x00007ffb43630000 - 0x00007ffb4365e000 	C:\WINDOWS\system32\SspiCli.dll
0x00007ffb43af0000 - 0x00007ffb43b26000 	C:\WINDOWS\system32\IMM32.DLL
0x00007ffb45980000 - 0x00007ffb45ad2000 	C:\WINDOWS\system32\MSCTF.dll
0x0000000069520000 - 0x00000000695f2000 	D:\Android\AndroidStudio\jre\jre\bin\msvcr100.dll
0x0000000069600000 - 0x0000000069e34000 	D:\Android\AndroidStudio\jre\jre\bin\server\jvm.dll
0x00007ffb3a960000 - 0x00007ffb3a969000 	C:\WINDOWS\SYSTEM32\WSOCK32.dll
0x00007ffb39250000 - 0x00007ffb39272000 	C:\WINDOWS\SYSTEM32\WINMM.dll
0x00007ffb3c820000 - 0x00007ffb3c82a000 	C:\WINDOWS\SYSTEM32\VERSION.dll
0x00007ffb43e00000 - 0x00007ffb43e07000 	C:\WINDOWS\system32\PSAPI.DLL
0x00007ffb44280000 - 0x00007ffb442da000 	C:\WINDOWS\system32\WS2_32.dll
0x00007ffb39150000 - 0x00007ffb3917a000 	C:\WINDOWS\SYSTEM32\WINMMBASE.dll
0x00007ffb45820000 - 0x00007ffb45829000 	C:\WINDOWS\system32\NSI.dll
0x00007ffb43660000 - 0x00007ffb436af000 	C:\WINDOWS\SYSTEM32\cfgmgr32.dll
0x00007ffb41f70000 - 0x00007ffb41f98000 	C:\WINDOWS\SYSTEM32\DEVOBJ.dll
0x00007ffb3f0a0000 - 0x00007ffb3f0af000 	D:\Android\AndroidStudio\jre\jre\bin\verify.dll
0x00007ffb3bae0000 - 0x00007ffb3bb09000 	D:\Android\AndroidStudio\jre\jre\bin\java.dll
0x00007ffb3ec30000 - 0x00007ffb3ec46000 	D:\Android\AndroidStudio\jre\jre\bin\zip.dll
0x00007ffb442e0000 - 0x00007ffb45808000 	C:\WINDOWS\system32\SHELL32.dll
0x00007ffb43760000 - 0x00007ffb43971000 	C:\WINDOWS\SYSTEM32\combase.dll
0x00007ffb43a90000 - 0x00007ffb43ae4000 	C:\WINDOWS\system32\SHLWAPI.dll
0x00007ffb41790000 - 0x00007ffb41842000 	C:\WINDOWS\SYSTEM32\SHCORE.dll
0x00007ffb43150000 - 0x00007ffb43165000 	C:\WINDOWS\SYSTEM32\profapi.dll

VM Arguments:
jvm_args: -Djava.awt.headless=true -Xmx1024M -Dfile.encoding=windows-1252 -Duser.country=US -Duser.language=en -Duser.variant 
java_command: com.android.dx.command.Main --dex --force-jumbo --num-threads=4 --multi-dex --output D:\Mozilla Downloads\and-nd-firebase-1.00-starting-point\app\build\intermediates\transforms\dex\debug\folders\1000\10\com.google.firebase-firebase-auth-10.0.1_da0ea5ad9e81b1c32a7132f8670e600603c4cc43 D:\Mozilla Downloads\and-nd-firebase-1.00-starting-point\app\build\intermediates\exploded-aar\com.google.firebase\firebase-auth\10.0.1\jars\classes.jar
java_class_path (initial): D:\Android\sdk\build-tools\24.0.1\lib\dx.jar
Launcher Type: SUN_STANDARD

Environment Variables:
PATH=C:\ProgramData\Oracle\Java\javapath;C:\Program Files (x86)\Intel\iCLS Client\;C:\Program Files\Intel\iCLS Client\;C:\WINDOWS\system32;C:\WINDOWS;C:\WINDOWS\System32\Wbem;C:\WINDOWS\System32\WindowsPowerShell\v1.0\;C:\Program Files\Intel\Intel(R) Management Engine Components\DAL;C:\Program Files (x86)\Intel\Intel(R) Management Engine Components\DAL;C:\Program Files\Intel\Intel(R) Management Engine Components\IPT;C:\Program Files (x86)\Intel\Intel(R) Management Engine Components\IPT;C:\Program Files\Microsoft SQL Server\110\Tools\Binn\
USERNAME=Hamid-PC
OS=Windows_NT
PROCESSOR_IDENTIFIER=Intel64 Family 6 Model 61 Stepping 4, GenuineIntel



---------------  S Y S T E M  ---------------

OS: Windows 8.1 , 64 bit Build 9600 (6.3.9600.17415)

CPU:total 4 (2 cores per cpu, 2 threads per core) family 6 model 61 stepping 4, cmov, cx8, fxsr, mmx, sse, sse2, sse3, ssse3, sse4.1, sse4.2, popcnt, avx, avx2, aes, clmul, erms, 3dnowpref, lzcnt, ht, tsc, tscinvbit, bmi1, bmi2, adx

Memory: 4k page, physical 4107980k(229364k free), swap 5209432k(5044k free)

vm_info: OpenJDK 64-Bit Server VM (25.76-b03) for windows-amd64 JRE (1.8.0_76-release-b03), built on Jun 29 2016 19:09:20 by "ralucas" with MS VC++ 10.0 (VS2010)

time: Thu Dec 22 18:54:51 2016
elapsed time: 3 seconds (0d 0h 0m 3s)

