#
# There is insufficient memory for the Java Runtime Environment to continue.
# Native memory allocation (malloc) failed to allocate 989936 bytes for Chunk::new
# Possible reasons:
#   The system is out of physical RAM or swap space
#   In 32 bit mode, the process size limit was hit
# Possible solutions:
#   Reduce memory load on the system
#   Increase physical memory or swap space
#   Check if swap backing store is full
#   Use 64 bit Java on a 64 bit OS
#   Decrease Java heap size (-Xmx/-Xms)
#   Decrease number of Java threads
#   Decrease Java thread stack sizes (-Xss)
#   Set larger code cache with -XX:ReservedCodeCacheSize=
# This output file may be truncated or incomplete.
#
#  Out of Memory Error (allocation.cpp:390), pid=3812, tid=0x0000000000000a30
#
# JRE version: OpenJDK Runtime Environment (8.0_76-b03) (build 1.8.0_76-release-b03)
# Java VM: OpenJDK 64-Bit Server VM (25.76-b03 mixed mode windows-amd64 compressed oops)
# Failed to write core dump. Minidumps are not enabled by default on client versions of Windows
#

---------------  T H R E A D  ---------------

Current thread (0x0000000015466800):  JavaThread "C2 CompilerThread1" daemon [_thread_in_native, id=2608, stack(0x0000000016b50000,0x0000000016c50000)]

Stack: [0x0000000016b50000,0x0000000016c50000]
[error occurred during error reporting (printing stack bounds), id 0xc0000005]

Native frames: (J=compiled Java code, j=interpreted, Vv=VM code, C=native code)


Current CompileTask:
C2:  19282 1508       4       com.android.dx.rop.code.Rops::ropFor (771 bytes)


---------------  P R O C E S S  ---------------

Java Threads: ( => current thread )
  0x000000001708a000 JavaThread "pool-2-thread-4" [_thread_in_Java, id=1060, stack(0x0000000017750000,0x0000000017850000)]
  0x0000000017088000 JavaThread "pool-2-thread-3" [_thread_in_Java, id=5812, stack(0x0000000017650000,0x0000000017750000)]
  0x0000000017083000 JavaThread "pool-2-thread-2" [_thread_in_Java, id=5992, stack(0x0000000017550000,0x0000000017650000)]
  0x000000001706f800 JavaThread "pool-3-thread-1" [_thread_blocked, id=4732, stack(0x0000000017450000,0x0000000017550000)]
  0x000000001706f000 JavaThread "pool-2-thread-1" [_thread_in_Java, id=4400, stack(0x0000000017350000,0x0000000017450000)]
  0x000000001546e000 JavaThread "Service Thread" daemon [_thread_blocked, id=5312, stack(0x0000000017150000,0x0000000017250000)]
  0x0000000015469000 JavaThread "C1 CompilerThread2" daemon [_thread_blocked, id=4048, stack(0x0000000016c50000,0x0000000016d50000)]
=>0x0000000015466800 JavaThread "C2 CompilerThread1" daemon [_thread_in_native, id=2608, stack(0x0000000016b50000,0x0000000016c50000)]
  0x000000001540c800 JavaThread "C2 CompilerThread0" daemon [_thread_blocked, id=148, stack(0x0000000016a50000,0x0000000016b50000)]
  0x000000001540b000 JavaThread "Attach Listener" daemon [_thread_blocked, id=5524, stack(0x0000000016950000,0x0000000016a50000)]
  0x000000001540a000 JavaThread "Signal Dispatcher" daemon [_thread_blocked, id=1476, stack(0x0000000016850000,0x0000000016950000)]
  0x0000000002d0d000 JavaThread "Finalizer" daemon [_thread_blocked, id=3168, stack(0x0000000016670000,0x0000000016770000)]
  0x0000000002d01800 JavaThread "Reference Handler" daemon [_thread_blocked, id=2512, stack(0x0000000016570000,0x0000000016670000)]
  0x0000000002c10800 JavaThread "main" [_thread_in_Java, id=5924, stack(0x0000000002ae0000,0x0000000002be0000)]

Other Threads:
  0x00000000153d4800 VMThread [stack: 0x0000000016470000,0x0000000016570000] [id=4412]
  0x0000000016d50800 WatcherThread [stack: 0x0000000017250000,0x0000000017350000] [id=144]

VM state:synchronizing (normal execution)

VM Mutex/Monitor currently owned by a thread:  ([mutex/lock_event])
[0x0000000002d3bda0] Safepoint_lock - owner thread: 0x00000000153d4800
[0x0000000002d3be20] Threads_lock - owner thread: 0x00000000153d4800

Heap:
 PSYoungGen      total 35328K, used 30043K [0x00000000eab00000, 0x00000000ed000000, 0x0000000100000000)
  eden space 32768K, 83% used [0x00000000eab00000,0x00000000ec5dedf8,0x00000000ecb00000)
  from space 2560K, 98% used [0x00000000ecd80000,0x00000000ecff8048,0x00000000ed000000)
  to   space 2560K, 0% used [0x00000000ecb00000,0x00000000ecb00000,0x00000000ecd80000)
 ParOldGen       total 44032K, used 3633K [0x00000000c0000000, 0x00000000c2b00000, 0x00000000eab00000)
  object space 44032K, 8% used [0x00000000c0000000,0x00000000c038c450,0x00000000c2b00000)
 Metaspace       used 5959K, capacity 7024K, committed 7296K, reserved 1056768K
  class space    used 561K, capacity 616K, committed 640K, reserved 1048576K

Card table byte_map: [0x0000000012100000,0x0000000012310000] byte_map_base: 0x0000000011b00000

Marking Bits: (ParMarkBitMap*) 0x0000000069db9d00
 Begin Bits: [0x0000000012870000, 0x0000000013870000)
 End Bits:   [0x0000000013870000, 0x0000000014870000)

Polling page: 0x00000000012d0000

CodeCache: size=245760Kb used=6699Kb max_used=6710Kb free=239060Kb
 bounds [0x0000000002d40000, 0x00000000033e0000, 0x0000000011d40000]
 total_blobs=1786 nmethods=1524 adapters=176
 compilation: enabled

Compilation events (10 events):
Event: 18.422 Thread 0x0000000015469000 1539       3       com.android.dx.cf.code.Ropper::addSetupBlocks (535 bytes)
Event: 18.438 Thread 0x0000000015466800 nmethod 1514 0x0000000003370d50 code [0x0000000003370ee0, 0x0000000003371458]
Event: 18.438 Thread 0x0000000015466800 1536       4       com.android.dx.rop.code.RegisterSpecSet::size (49 bytes)
Event: 18.439 Thread 0x0000000015469000 nmethod 1539 0x00000000033c1910 code [0x00000000033c23c0, 0x00000000033ca808]
Event: 18.440 Thread 0x0000000015469000 1540       3       com.android.dx.cf.code.Frame::initializeWithParameters (49 bytes)
Event: 18.441 Thread 0x0000000015469000 nmethod 1540 0x00000000033bbc10 code [0x00000000033bbdc0, 0x00000000033bc4e8]
Event: 18.444 Thread 0x0000000015466800 nmethod 1536 0x00000000033ac310 code [0x00000000033ac440, 0x00000000033ac578]
Event: 18.444 Thread 0x0000000015466800 1538       4       com.android.dx.cf.code.BasicBlocker::addWorkIfNecessary (32 bytes)
Event: 18.448 Thread 0x0000000015466800 nmethod 1538 0x00000000033b9f50 code [0x00000000033ba0a0, 0x00000000033ba1d8]
Event: 18.448 Thread 0x0000000015466800 1508       4       com.android.dx.rop.code.Rops::ropFor (771 bytes)

GC Heap History (4 events):
Event: 6.988 GC heap before
{Heap before GC invocations=1 (full 0):
 PSYoungGen      total 18944K, used 16384K [0x00000000eab00000, 0x00000000ec000000, 0x0000000100000000)
  eden space 16384K, 100% used [0x00000000eab00000,0x00000000ebb00000,0x00000000ebb00000)
  from space 2560K, 0% used [0x00000000ebd80000,0x00000000ebd80000,0x00000000ec000000)
  to   space 2560K, 0% used [0x00000000ebb00000,0x00000000ebb00000,0x00000000ebd80000)
 ParOldGen       total 44032K, used 0K [0x00000000c0000000, 0x00000000c2b00000, 0x00000000eab00000)
  object space 44032K, 0% used [0x00000000c0000000,0x00000000c0000000,0x00000000c2b00000)
 Metaspace       used 5596K, capacity 6768K, committed 7040K, reserved 1056768K
  class space    used 556K, capacity 616K, committed 640K, reserved 1048576K
Event: 8.249 GC heap after
Heap after GC invocations=1 (full 0):
 PSYoungGen      total 18944K, used 2538K [0x00000000eab00000, 0x00000000ed000000, 0x0000000100000000)
  eden space 16384K, 0% used [0x00000000eab00000,0x00000000eab00000,0x00000000ebb00000)
  from space 2560K, 99% used [0x00000000ebb00000,0x00000000ebd7aaa8,0x00000000ebd80000)
  to   space 2560K, 0% used [0x00000000ecd80000,0x00000000ecd80000,0x00000000ed000000)
 ParOldGen       total 44032K, used 1450K [0x00000000c0000000, 0x00000000c2b00000, 0x00000000eab00000)
  object space 44032K, 3% used [0x00000000c0000000,0x00000000c016ab40,0x00000000c2b00000)
 Metaspace       used 5596K, capacity 6768K, committed 7040K, reserved 1056768K
  class space    used 556K, capacity 616K, committed 640K, reserved 1048576K
}
Event: 13.963 GC heap before
{Heap before GC invocations=2 (full 0):
 PSYoungGen      total 18944K, used 18922K [0x00000000eab00000, 0x00000000ed000000, 0x0000000100000000)
  eden space 16384K, 100% used [0x00000000eab00000,0x00000000ebb00000,0x00000000ebb00000)
  from space 2560K, 99% used [0x00000000ebb00000,0x00000000ebd7aaa8,0x00000000ebd80000)
  to   space 2560K, 0% used [0x00000000ecd80000,0x00000000ecd80000,0x00000000ed000000)
 ParOldGen       total 44032K, used 1450K [0x00000000c0000000, 0x00000000c2b00000, 0x00000000eab00000)
  object space 44032K, 3% used [0x00000000c0000000,0x00000000c016ab40,0x00000000c2b00000)
 Metaspace       used 5841K, capacity 6960K, committed 7040K, reserved 1056768K
  class space    used 559K, capacity 616K, committed 640K, reserved 1048576K
Event: 15.250 GC heap after
Heap after GC invocations=2 (full 0):
 PSYoungGen      total 35328K, used 2528K [0x00000000eab00000, 0x00000000ed000000, 0x0000000100000000)
  eden space 32768K, 0% used [0x00000000eab00000,0x00000000eab00000,0x00000000ecb00000)
  from space 2560K, 98% used [0x00000000ecd80000,0x00000000ecff8048,0x00000000ed000000)
  to   space 2560K, 0% used [0x00000000ecb00000,0x00000000ecb00000,0x00000000ecd80000)
 ParOldGen       total 44032K, used 3633K [0x00000000c0000000, 0x00000000c2b00000, 0x00000000eab00000)
  object space 44032K, 8% used [0x00000000c0000000,0x00000000c038c450,0x00000000c2b00000)
 Metaspace       used 5841K, capacity 6960K, committed 7040K, reserved 1056768K
  class space    used 559K, capacity 616K, committed 640K, reserved 1048576K
}

Deoptimization events (10 events):
Event: 13.274 Thread 0x0000000017088000 Uncommon trap: reason=unstable_if action=reinterpret pc=0x0000000003112b1c method=com.android.dx.rop.cst.Constant.compareTo(Lcom/android/dx/rop/cst/Constant;)I @ 12
Event: 15.329 Thread 0x000000001706f000 Uncommon trap: reason=unstable_if action=reinterpret pc=0x000000000326924c method=com.android.dx.rop.code.RegisterSpec.equals(ILcom/android/dx/rop/type/TypeBearer;Lcom/android/dx/rop/code/LocalItem;)Z @ 42
Event: 15.372 Thread 0x000000001708a000 Uncommon trap: reason=bimorphic action=maybe_recompile pc=0x00000000031d82cc method=java.util.HashMap.getNode(ILjava/lang/Object;)Ljava/util/HashMap$Node; @ 126
Event: 15.372 Thread 0x000000001708a000 Uncommon trap: reason=class_check action=maybe_recompile pc=0x0000000003262c10 method=java.util.HashMap.putVal(ILjava/lang/Object;Ljava/lang/Object;ZZ)Ljava/lang/Object; @ 203
Event: 15.375 Thread 0x000000001708a000 Uncommon trap: reason=unstable_if action=reinterpret pc=0x00000000030b722c method=com.android.dx.rop.code.RegisterSpecSet.put(Lcom/android/dx/rop/code/RegisterSpec;)V @ 77
Event: 15.375 Thread 0x000000001708a000 Uncommon trap: reason=unstable_if action=reinterpret pc=0x000000000311076c method=com.android.dx.rop.code.RegisterSpecSet.put(Lcom/android/dx/rop/code/RegisterSpec;)V @ 77
Event: 15.377 Thread 0x000000001708a000 Uncommon trap: reason=bimorphic action=maybe_recompile pc=0x00000000031d82cc method=java.util.HashMap.getNode(ILjava/lang/Object;)Ljava/util/HashMap$Node; @ 126
Event: 15.377 Thread 0x000000001708a000 Uncommon trap: reason=class_check action=maybe_recompile pc=0x0000000003262c10 method=java.util.HashMap.putVal(ILjava/lang/Object;Ljava/lang/Object;ZZ)Ljava/lang/Object; @ 203
Event: 15.377 Thread 0x000000001708a000 Uncommon trap: reason=bimorphic action=maybe_recompile pc=0x00000000031d82cc method=java.util.HashMap.getNode(ILjava/lang/Object;)Ljava/util/HashMap$Node; @ 126
Event: 15.377 Thread 0x000000001708a000 Uncommon trap: reason=class_check action=maybe_recompile pc=0x0000000003262c10 method=java.util.HashMap.putVal(ILjava/lang/Object;Ljava/lang/Object;ZZ)Ljava/lang/Object; @ 203

Internal exceptions (4 events):
Event: 0.275 Thread 0x0000000002c10800 Exception <a 'java/lang/NoSuchMethodError': Method sun.misc.Unsafe.defineClass(Ljava/lang/String;[BII)Ljava/lang/Class; name or signature does not match> (0x00000000eab07cc0) thrown at [C:\src\android\AOSP-openjdk\external\jetbrains\jdk\hotspot\src\share\v¢T¡n®¡Ñ?
Event: 0.275 Thread 0x0000000002c10800 Exception <a 'java/lang/NoSuchMethodError': Method sun.misc.Unsafe.prefetchRead(Ljava/lang/Object;J)V name or signature does not match> (0x00000000eab07fa8) thrown at [C:\src\android\AOSP-openjdk\external\jetbrains\jdk\hotspot\src\share\vm\prims\jni.cpp, l
ŽÈ­xb#@
Event: 9.692 Thread 0x0000000017088000 Implicit null exception at 0x0000000003041633 to 0x0000000003043ff1
Event: 9.694 Thread 0x0000000017088000 Implicit null exception at 0x000000000304bb6a to 0x000000000304e7c1

Events (10 events):
Event: 15.377 Thread 0x000000001708a000 DEOPT PACKING pc=0x0000000003262c10 sp=0x000000001784e7b0
Event: 15.377 Thread 0x000000001708a000 DEOPT UNPACKING pc=0x0000000002d8556a sp=0x000000001784e738 mode 2
Event: 16.111 loading class com/android/dx/dex/file/ParameterAnnotationStruct
Event: 16.111 loading class com/android/dx/dex/file/ParameterAnnotationStruct done
Event: 16.113 loading class com/android/dx/dex/file/UniformListItem
Event: 16.113 loading class com/android/dx/dex/file/UniformListItem done
Event: 16.114 loading class com/android/dx/dex/file/AnnotationSetRefItem
Event: 16.114 loading class com/android/dx/dex/file/AnnotationSetRefItem done
Event: 16.124 Thread 0x0000000002c10800 DEOPT PACKING pc=0x00000000030859ad sp=0x0000000002bde380
Event: 16.124 Thread 0x0000000002c10800 DEOPT UNPACKING pc=0x0000000002d875bf sp=0x0000000002bde118 mode 0


Dynamic libraries:
0x00007ff766640000 - 0x00007ff766671000 	D:\Android\AndroidStudio\jre\bin\java.exe
0x00007ffb46030000 - 0x00007ffb461dd000 	C:\WINDOWS\SYSTEM32\ntdll.dll
0x00007ffb44000000 - 0x00007ffb4413e000 	C:\WINDOWS\system32\KERNEL32.DLL
0x00007ffb43330000 - 0x00007ffb43445000 	C:\WINDOWS\system32\KERNELBASE.dll
0x00007ffb43980000 - 0x00007ffb43a2a000 	C:\WINDOWS\system32\ADVAPI32.dll
0x00007ffb43e10000 - 0x00007ffb43f87000 	C:\WINDOWS\system32\USER32.dll
0x00007ffb40df0000 - 0x00007ffb4106a000 	C:\WINDOWS\WinSxS\amd64_microsoft.windows.common-controls_6595b64144ccf1df_6.0.9600.17810_none_6240b9c7ecbd0bda\COMCTL32.dll
0x00007ffb436b0000 - 0x00007ffb4375a000 	C:\WINDOWS\system32\msvcrt.dll
0x00007ffb43a30000 - 0x00007ffb43a89000 	C:\WINDOWS\SYSTEM32\sechost.dll
0x00007ffb44140000 - 0x00007ffb44280000 	C:\WINDOWS\system32\RPCRT4.dll
0x00007ffb45830000 - 0x00007ffb4597f000 	C:\WINDOWS\system32\GDI32.dll
0x00007ffb43630000 - 0x00007ffb4365e000 	C:\WINDOWS\system32\SspiCli.dll
0x00007ffb43af0000 - 0x00007ffb43b26000 	C:\WINDOWS\system32\IMM32.DLL
0x00007ffb45980000 - 0x00007ffb45ad2000 	C:\WINDOWS\system32\MSCTF.dll
0x0000000069520000 - 0x00000000695f2000 	D:\Android\AndroidStudio\jre\jre\bin\msvcr100.dll
0x0000000069600000 - 0x0000000069e34000 	D:\Android\AndroidStudio\jre\jre\bin\server\jvm.dll
0x00007ffb3a960000 - 0x00007ffb3a969000 	C:\WINDOWS\SYSTEM32\WSOCK32.dll
0x00007ffb39250000 - 0x00007ffb39272000 	C:\WINDOWS\SYSTEM32\WINMM.dll
0x00007ffb3c820000 - 0x00007ffb3c82a000 	C:\WINDOWS\SYSTEM32\VERSION.dll
0x00007ffb43e00000 - 0x00007ffb43e07000 	C:\WINDOWS\system32\PSAPI.DLL
0x00007ffb44280000 - 0x00007ffb442da000 	C:\WINDOWS\system32\WS2_32.dll
0x00007ffb39150000 - 0x00007ffb3917a000 	C:\WINDOWS\SYSTEM32\WINMMBASE.dll
0x00007ffb45820000 - 0x00007ffb45829000 	C:\WINDOWS\system32\NSI.dll
0x00007ffb43660000 - 0x00007ffb436af000 	C:\WINDOWS\SYSTEM32\cfgmgr32.dll
0x00007ffb41f70000 - 0x00007ffb41f98000 	C:\WINDOWS\SYSTEM32\DEVOBJ.dll
0x00007ffb3f0a0000 - 0x00007ffb3f0af000 	D:\Android\AndroidStudio\jre\jre\bin\verify.dll
0x00007ffb3bae0000 - 0x00007ffb3bb09000 	D:\Android\AndroidStudio\jre\jre\bin\java.dll
0x00007ffb3ec30000 - 0x00007ffb3ec46000 	D:\Android\AndroidStudio\jre\jre\bin\zip.dll
0x00007ffb442e0000 - 0x00007ffb45808000 	C:\WINDOWS\system32\SHELL32.dll
0x00007ffb43760000 - 0x00007ffb43971000 	C:\WINDOWS\SYSTEM32\combase.dll
0x00007ffb43a90000 - 0x00007ffb43ae4000 	C:\WINDOWS\system32\SHLWAPI.dll
0x00007ffb41790000 - 0x00007ffb41842000 	C:\WINDOWS\SYSTEM32\SHCORE.dll
0x00007ffb43150000 - 0x00007ffb43165000 	C:\WINDOWS\SYSTEM32\profapi.dll

VM Arguments:
jvm_args: -Djava.awt.headless=true -Xmx1024M -Dfile.encoding=windows-1252 -Duser.country=US -Duser.language=en -Duser.variant 
java_command: com.android.dx.command.Main --dex --force-jumbo --num-threads=4 --multi-dex --output D:\Mozilla Downloads\and-nd-firebase-1.00-starting-point\app\build\intermediates\transforms\dex\debug\folders\1000\10\com.android.support-recyclerview-v7-25.0.1_f2329583ae1df4f6bec655a0f52233b19feda62f D:\Mozilla Downloads\and-nd-firebase-1.00-starting-point\app\build\intermediates\exploded-aar\com.android.support\recyclerview-v7\25.0.1\jars\classes.jar
java_class_path (initial): D:\Android\sdk\build-tools\24.0.1\lib\dx.jar
Launcher Type: SUN_STANDARD

Environment Variables:
PATH=C:\ProgramData\Oracle\Java\javapath;C:\Program Files (x86)\Intel\iCLS Client\;C:\Program Files\Intel\iCLS Client\;C:\WINDOWS\system32;C:\WINDOWS;C:\WINDOWS\System32\Wbem;C:\WINDOWS\System32\WindowsPowerShell\v1.0\;C:\Program Files\Intel\Intel(R) Management Engine Components\DAL;C:\Program Files (x86)\Intel\Intel(R) Management Engine Components\DAL;C:\Program Files\Intel\Intel(R) Management Engine Components\IPT;C:\Program Files (x86)\Intel\Intel(R) Management Engine Components\IPT;C:\Program Files\Microsoft SQL Server\110\Tools\Binn\
USERNAME=Hamid-PC
OS=Windows_NT
PROCESSOR_IDENTIFIER=Intel64 Family 6 Model 61 Stepping 4, GenuineIntel



---------------  S Y S T E M  ---------------

OS: Windows 8.1 , 64 bit Build 9600 (6.3.9600.17415)

CPU:total 4 (2 cores per cpu, 2 threads per core) family 6 model 61 stepping 4, cmov, cx8, fxsr, mmx, sse, sse2, sse3, ssse3, sse4.1, sse4.2, popcnt, avx, avx2, aes, clmul, erms, 3dnowpref, lzcnt, ht, tsc, tscinvbit, bmi1, bmi2, adx

Memory: 4k page, physical 4107980k(132448k free), swap 5209432k(6060k free)

vm_info: OpenJDK 64-Bit Server VM (25.76-b03) for windows-amd64 JRE (1.8.0_76-release-b03), built on Jun 29 2016 19:09:20 by "ralucas" with MS VC++ 10.0 (VS2010)

time: Thu Dec 22 18:34:15 2016
elapsed time: 19 seconds (0d 0h 0m 19s)

